[0.039s] Invoking command in '/home/dayo/Desktop/scrap_ws/build/scrap_pkg': AMENT_PREFIX_PATH=/home/dayo/Desktop/scrap_ws/install/usb_cam:${AMENT_PREFIX_PATH} CMAKE_PREFIX_PATH=/home/dayo/Desktop/scrap_ws/install/usb_cam:/opt/ros/iron LD_LIBRARY_PATH=/home/dayo/Desktop/scrap_ws/install/usb_cam/lib:${LD_LIBRARY_PATH} /usr/bin/cmake --build /home/dayo/Desktop/scrap_ws/build/scrap_pkg -- -j2 -l2
[0.091s] Invoked command in '/home/dayo/Desktop/scrap_ws/build/scrap_pkg' returned '0': AMENT_PREFIX_PATH=/home/dayo/Desktop/scrap_ws/install/usb_cam:${AMENT_PREFIX_PATH} CMAKE_PREFIX_PATH=/home/dayo/Desktop/scrap_ws/install/usb_cam:/opt/ros/iron LD_LIBRARY_PATH=/home/dayo/Desktop/scrap_ws/install/usb_cam/lib:${LD_LIBRARY_PATH} /usr/bin/cmake --build /home/dayo/Desktop/scrap_ws/build/scrap_pkg -- -j2 -l2
[0.124s] Invoking command in '/home/dayo/Desktop/scrap_ws/build/scrap_pkg': AMENT_PREFIX_PATH=/home/dayo/Desktop/scrap_ws/install/usb_cam:${AMENT_PREFIX_PATH} CMAKE_PREFIX_PATH=/home/dayo/Desktop/scrap_ws/install/usb_cam:/opt/ros/iron LD_LIBRARY_PATH=/home/dayo/Desktop/scrap_ws/install/usb_cam/lib:${LD_LIBRARY_PATH} /usr/bin/cmake --install /home/dayo/Desktop/scrap_ws/build/scrap_pkg
[0.137s] -- Install configuration: ""
[0.137s] -- Up-to-date: /home/dayo/Desktop/scrap_ws/install/scrap_pkg/share/scrap_pkg//launch
[0.138s] -- Up-to-date: /home/dayo/Desktop/scrap_ws/install/scrap_pkg/share/scrap_pkg//launch/rsp.launch.py
[0.138s] -- Installing: /home/dayo/Desktop/scrap_ws/install/scrap_pkg/share/scrap_pkg//launch/scrap.launch.py
[0.139s] -- Up-to-date: /home/dayo/Desktop/scrap_ws/install/scrap_pkg/share/scrap_pkg//description
[0.139s] -- Up-to-date: /home/dayo/Desktop/scrap_ws/install/scrap_pkg/share/scrap_pkg//description/face.xacro
[0.139s] -- Up-to-date: /home/dayo/Desktop/scrap_ws/install/scrap_pkg/share/scrap_pkg//description/inertial_macros.xacro
[0.139s] -- Up-to-date: /home/dayo/Desktop/scrap_ws/install/scrap_pkg/share/scrap_pkg//description/lidar.xacro
[0.139s] -- Up-to-date: /home/dayo/Desktop/scrap_ws/install/scrap_pkg/share/scrap_pkg//description/gazebo_control.xacro
[0.139s] -- Up-to-date: /home/dayo/Desktop/scrap_ws/install/scrap_pkg/share/scrap_pkg//description/camera.xacro
[0.139s] -- Up-to-date: /home/dayo/Desktop/scrap_ws/install/scrap_pkg/share/scrap_pkg//description/depth_camera.xacro
[0.139s] -- Up-to-date: /home/dayo/Desktop/scrap_ws/install/scrap_pkg/share/scrap_pkg//description/ros2_control.xacro
[0.139s] -- Up-to-date: /home/dayo/Desktop/scrap_ws/install/scrap_pkg/share/scrap_pkg//description/robot.urdf.xacro
[0.139s] -- Up-to-date: /home/dayo/Desktop/scrap_ws/install/scrap_pkg/share/scrap_pkg//description/robot_core.xacro
[0.140s] -- Up-to-date: /home/dayo/Desktop/scrap_ws/install/scrap_pkg/share/ament_index/resource_index/package_run_dependencies/scrap_pkg
[0.140s] -- Up-to-date: /home/dayo/Desktop/scrap_ws/install/scrap_pkg/share/ament_index/resource_index/parent_prefix_path/scrap_pkg
[0.141s] -- Up-to-date: /home/dayo/Desktop/scrap_ws/install/scrap_pkg/share/scrap_pkg/environment/ament_prefix_path.sh
[0.142s] -- Up-to-date: /home/dayo/Desktop/scrap_ws/install/scrap_pkg/share/scrap_pkg/environment/ament_prefix_path.dsv
[0.142s] -- Up-to-date: /home/dayo/Desktop/scrap_ws/install/scrap_pkg/share/scrap_pkg/environment/path.sh
[0.143s] -- Up-to-date: /home/dayo/Desktop/scrap_ws/install/scrap_pkg/share/scrap_pkg/environment/path.dsv
[0.144s] -- Up-to-date: /home/dayo/Desktop/scrap_ws/install/scrap_pkg/share/scrap_pkg/local_setup.bash
[0.144s] -- Up-to-date: /home/dayo/Desktop/scrap_ws/install/scrap_pkg/share/scrap_pkg/local_setup.sh
[0.145s] -- Up-to-date: /home/dayo/Desktop/scrap_ws/install/scrap_pkg/share/scrap_pkg/local_setup.zsh
[0.147s] -- Up-to-date: /home/dayo/Desktop/scrap_ws/install/scrap_pkg/share/scrap_pkg/local_setup.dsv
[0.147s] -- Installing: /home/dayo/Desktop/scrap_ws/install/scrap_pkg/share/scrap_pkg/package.dsv
[0.147s] -- Up-to-date: /home/dayo/Desktop/scrap_ws/install/scrap_pkg/share/ament_index/resource_index/packages/scrap_pkg
[0.147s] -- Up-to-date: /home/dayo/Desktop/scrap_ws/install/scrap_pkg/share/scrap_pkg/cmake/scrap_pkgConfig.cmake
[0.147s] -- Up-to-date: /home/dayo/Desktop/scrap_ws/install/scrap_pkg/share/scrap_pkg/cmake/scrap_pkgConfig-version.cmake
[0.147s] -- Up-to-date: /home/dayo/Desktop/scrap_ws/install/scrap_pkg/share/scrap_pkg/package.xml
[0.149s] Invoked command in '/home/dayo/Desktop/scrap_ws/build/scrap_pkg' returned '0': AMENT_PREFIX_PATH=/home/dayo/Desktop/scrap_ws/install/usb_cam:${AMENT_PREFIX_PATH} CMAKE_PREFIX_PATH=/home/dayo/Desktop/scrap_ws/install/usb_cam:/opt/ros/iron LD_LIBRARY_PATH=/home/dayo/Desktop/scrap_ws/install/usb_cam/lib:${LD_LIBRARY_PATH} /usr/bin/cmake --install /home/dayo/Desktop/scrap_ws/build/scrap_pkg
