[0.051s] Invoking command in '/home/dayo/Desktop/scrap_ws/build/velodyne_msgs': CMAKE_PREFIX_PATH=${CMAKE_PREFIX_PATH}:/opt/ros/iron /usr/bin/cmake --build /home/dayo/Desktop/scrap_ws/build/velodyne_msgs -- -j2 -l2
[0.127s] [  2%] Built target velodyne_msgs__rosidl_generator_type_description
[0.159s] [  4%] Built target velodyne_msgs__cpp
[0.181s] [  4%] Built target ament_cmake_python_copy_velodyne_msgs
[0.224s] [ 22%] Built target velodyne_msgs__rosidl_generator_c
[0.280s] [ 31%] Built target velodyne_msgs__rosidl_typesupport_cpp
[0.324s] [ 40%] Built target velodyne_msgs__rosidl_typesupport_fastrtps_c
[0.395s] [ 50%] Built target velodyne_msgs__rosidl_typesupport_fastrtps_cpp
[0.495s] [ 59%] Built target velodyne_msgs__rosidl_typesupport_introspection_c
[0.551s] [ 68%] Built target velodyne_msgs__rosidl_typesupport_c
[0.584s] running egg_info
[0.586s] writing velodyne_msgs.egg-info/PKG-INFO
[0.586s] writing dependency_links to velodyne_msgs.egg-info/dependency_links.txt
[0.587s] writing top-level names to velodyne_msgs.egg-info/top_level.txt
[0.587s] reading manifest file 'velodyne_msgs.egg-info/SOURCES.txt'
[0.600s] writing manifest file 'velodyne_msgs.egg-info/SOURCES.txt'
[0.601s] [ 77%] Built target velodyne_msgs__rosidl_typesupport_introspection_cpp
[0.629s] [ 77%] Built target velodyne_msgs
[0.642s] [ 77%] Built target ament_cmake_python_build_velodyne_msgs_egg
[0.659s] [ 79%] Built target velodyne_msgs__py
[0.703s] [ 86%] Built target velodyne_msgs__rosidl_generator_py
[0.756s] [ 90%] Built target velodyne_msgs__rosidl_typesupport_fastrtps_c__pyext
[0.766s] [ 95%] Built target velodyne_msgs__rosidl_typesupport_introspection_c__pyext
[0.790s] [100%] Built target velodyne_msgs__rosidl_typesupport_c__pyext
[0.844s] Invoked command in '/home/dayo/Desktop/scrap_ws/build/velodyne_msgs' returned '0': CMAKE_PREFIX_PATH=${CMAKE_PREFIX_PATH}:/opt/ros/iron /usr/bin/cmake --build /home/dayo/Desktop/scrap_ws/build/velodyne_msgs -- -j2 -l2
[1.023s] Invoking command in '/home/dayo/Desktop/scrap_ws/build/velodyne_msgs': CMAKE_PREFIX_PATH=${CMAKE_PREFIX_PATH}:/opt/ros/iron /usr/bin/cmake --install /home/dayo/Desktop/scrap_ws/build/velodyne_msgs
[1.049s] -- Install configuration: ""
[1.049s] -- Up-to-date: /home/dayo/Desktop/scrap_ws/install/velodyne_msgs/share/ament_index/resource_index/rosidl_interfaces/velodyne_msgs
[1.049s] -- Up-to-date: /home/dayo/Desktop/scrap_ws/install/velodyne_msgs/share/velodyne_msgs/msg/VelodynePacket.json
[1.049s] -- Up-to-date: /home/dayo/Desktop/scrap_ws/install/velodyne_msgs/share/velodyne_msgs/msg/VelodyneScan.json
[1.050s] -- Up-to-date: /home/dayo/Desktop/scrap_ws/install/velodyne_msgs/include/velodyne_msgs/velodyne_msgs
[1.050s] -- Up-to-date: /home/dayo/Desktop/scrap_ws/install/velodyne_msgs/include/velodyne_msgs/velodyne_msgs/msg
[1.050s] -- Up-to-date: /home/dayo/Desktop/scrap_ws/install/velodyne_msgs/include/velodyne_msgs/velodyne_msgs/msg/velodyne_scan.h
[1.052s] -- Up-to-date: /home/dayo/Desktop/scrap_ws/install/velodyne_msgs/include/velodyne_msgs/velodyne_msgs/msg/detail
[1.053s] -- Up-to-date: /home/dayo/Desktop/scrap_ws/install/velodyne_msgs/include/velodyne_msgs/velodyne_msgs/msg/detail/velodyne_scan__description.c
[1.053s] -- Installing: /home/dayo/Desktop/scrap_ws/install/velodyne_msgs/include/velodyne_msgs/velodyne_msgs/msg/detail/velodyne_scan__type_support.c
[1.053s] -- Up-to-date: /home/dayo/Desktop/scrap_ws/install/velodyne_msgs/include/velodyne_msgs/velodyne_msgs/msg/detail/velodyne_scan__functions.c
[1.053s] -- Up-to-date: /home/dayo/Desktop/scrap_ws/install/velodyne_msgs/include/velodyne_msgs/velodyne_msgs/msg/detail/velodyne_scan__type_support.h
[1.053s] -- Up-to-date: /home/dayo/Desktop/scrap_ws/install/velodyne_msgs/include/velodyne_msgs/velodyne_msgs/msg/detail/velodyne_packet__struct.h
[1.053s] -- Up-to-date: /home/dayo/Desktop/scrap_ws/install/velodyne_msgs/include/velodyne_msgs/velodyne_msgs/msg/detail/velodyne_scan__functions.h
[1.053s] -- Installing: /home/dayo/Desktop/scrap_ws/install/velodyne_msgs/include/velodyne_msgs/velodyne_msgs/msg/detail/velodyne_packet__type_support.c
[1.053s] -- Up-to-date: /home/dayo/Desktop/scrap_ws/install/velodyne_msgs/include/velodyne_msgs/velodyne_msgs/msg/detail/velodyne_packet__functions.c
[1.053s] -- Up-to-date: /home/dayo/Desktop/scrap_ws/install/velodyne_msgs/include/velodyne_msgs/velodyne_msgs/msg/detail/velodyne_scan__struct.h
[1.053s] -- Up-to-date: /home/dayo/Desktop/scrap_ws/install/velodyne_msgs/include/velodyne_msgs/velodyne_msgs/msg/detail/velodyne_packet__type_support.h
[1.053s] -- Up-to-date: /home/dayo/Desktop/scrap_ws/install/velodyne_msgs/include/velodyne_msgs/velodyne_msgs/msg/detail/velodyne_packet__description.c
[1.053s] -- Up-to-date: /home/dayo/Desktop/scrap_ws/install/velodyne_msgs/include/velodyne_msgs/velodyne_msgs/msg/detail/velodyne_packet__functions.h
[1.054s] -- Up-to-date: /home/dayo/Desktop/scrap_ws/install/velodyne_msgs/include/velodyne_msgs/velodyne_msgs/msg/velodyne_packet.h
[1.054s] -- Up-to-date: /home/dayo/Desktop/scrap_ws/install/velodyne_msgs/include/velodyne_msgs/velodyne_msgs/msg/rosidl_generator_c__visibility_control.h
[1.054s] -- Up-to-date: /home/dayo/Desktop/scrap_ws/install/velodyne_msgs/share/velodyne_msgs/environment/library_path.sh
[1.054s] -- Up-to-date: /home/dayo/Desktop/scrap_ws/install/velodyne_msgs/share/velodyne_msgs/environment/library_path.dsv
[1.054s] -- Up-to-date: /home/dayo/Desktop/scrap_ws/install/velodyne_msgs/lib/libvelodyne_msgs__rosidl_generator_c.so
[1.054s] -- Up-to-date: /home/dayo/Desktop/scrap_ws/install/velodyne_msgs/include/velodyne_msgs/velodyne_msgs
[1.054s] -- Up-to-date: /home/dayo/Desktop/scrap_ws/install/velodyne_msgs/include/velodyne_msgs/velodyne_msgs/msg
[1.054s] -- Up-to-date: /home/dayo/Desktop/scrap_ws/install/velodyne_msgs/include/velodyne_msgs/velodyne_msgs/msg/rosidl_typesupport_fastrtps_c__visibility_control.h
[1.054s] -- Up-to-date: /home/dayo/Desktop/scrap_ws/install/velodyne_msgs/include/velodyne_msgs/velodyne_msgs/msg/detail
[1.055s] -- Up-to-date: /home/dayo/Desktop/scrap_ws/install/velodyne_msgs/include/velodyne_msgs/velodyne_msgs/msg/detail/velodyne_packet__rosidl_typesupport_fastrtps_c.h
[1.055s] -- Up-to-date: /home/dayo/Desktop/scrap_ws/install/velodyne_msgs/include/velodyne_msgs/velodyne_msgs/msg/detail/velodyne_scan__rosidl_typesupport_fastrtps_c.h
[1.055s] -- Up-to-date: /home/dayo/Desktop/scrap_ws/install/velodyne_msgs/lib/libvelodyne_msgs__rosidl_typesupport_fastrtps_c.so
[1.055s] -- Up-to-date: /home/dayo/Desktop/scrap_ws/install/velodyne_msgs/include/velodyne_msgs/velodyne_msgs
[1.055s] -- Up-to-date: /home/dayo/Desktop/scrap_ws/install/velodyne_msgs/include/velodyne_msgs/velodyne_msgs/msg
[1.055s] -- Up-to-date: /home/dayo/Desktop/scrap_ws/install/velodyne_msgs/include/velodyne_msgs/velodyne_msgs/msg/velodyne_scan.hpp
[1.055s] -- Up-to-date: /home/dayo/Desktop/scrap_ws/install/velodyne_msgs/include/velodyne_msgs/velodyne_msgs/msg/velodyne_packet.hpp
[1.056s] -- Up-to-date: /home/dayo/Desktop/scrap_ws/install/velodyne_msgs/include/velodyne_msgs/velodyne_msgs/msg/detail
[1.056s] -- Up-to-date: /home/dayo/Desktop/scrap_ws/install/velodyne_msgs/include/velodyne_msgs/velodyne_msgs/msg/detail/velodyne_scan__builder.hpp
[1.056s] -- Up-to-date: /home/dayo/Desktop/scrap_ws/install/velodyne_msgs/include/velodyne_msgs/velodyne_msgs/msg/detail/velodyne_packet__traits.hpp
[1.056s] -- Up-to-date: /home/dayo/Desktop/scrap_ws/install/velodyne_msgs/include/velodyne_msgs/velodyne_msgs/msg/detail/velodyne_scan__traits.hpp
[1.056s] -- Up-to-date: /home/dayo/Desktop/scrap_ws/install/velodyne_msgs/include/velodyne_msgs/velodyne_msgs/msg/detail/velodyne_scan__struct.hpp
[1.056s] -- Up-to-date: /home/dayo/Desktop/scrap_ws/install/velodyne_msgs/include/velodyne_msgs/velodyne_msgs/msg/detail/velodyne_packet__builder.hpp
[1.056s] -- Up-to-date: /home/dayo/Desktop/scrap_ws/install/velodyne_msgs/include/velodyne_msgs/velodyne_msgs/msg/detail/velodyne_packet__struct.hpp
[1.056s] -- Up-to-date: /home/dayo/Desktop/scrap_ws/install/velodyne_msgs/include/velodyne_msgs/velodyne_msgs
[1.056s] -- Up-to-date: /home/dayo/Desktop/scrap_ws/install/velodyne_msgs/include/velodyne_msgs/velodyne_msgs/msg
[1.068s] -- Up-to-date: /home/dayo/Desktop/scrap_ws/install/velodyne_msgs/include/velodyne_msgs/velodyne_msgs/msg/detail
[1.068s] -- Up-to-date: /home/dayo/Desktop/scrap_ws/install/velodyne_msgs/include/velodyne_msgs/velodyne_msgs/msg/detail/velodyne_scan__rosidl_typesupport_fastrtps_cpp.hpp
[1.068s] -- Up-to-date: /home/dayo/Desktop/scrap_ws/install/velodyne_msgs/include/velodyne_msgs/velodyne_msgs/msg/detail/dds_fastrtps
[1.068s] -- Up-to-date: /home/dayo/Desktop/scrap_ws/install/velodyne_msgs/include/velodyne_msgs/velodyne_msgs/msg/detail/velodyne_packet__rosidl_typesupport_fastrtps_cpp.hpp
[1.068s] -- Up-to-date: /home/dayo/Desktop/scrap_ws/install/velodyne_msgs/include/velodyne_msgs/velodyne_msgs/msg/rosidl_typesupport_fastrtps_cpp__visibility_control.h
[1.068s] -- Up-to-date: /home/dayo/Desktop/scrap_ws/install/velodyne_msgs/lib/libvelodyne_msgs__rosidl_typesupport_fastrtps_cpp.so
[1.068s] -- Up-to-date: /home/dayo/Desktop/scrap_ws/install/velodyne_msgs/include/velodyne_msgs/velodyne_msgs
[1.068s] -- Up-to-date: /home/dayo/Desktop/scrap_ws/install/velodyne_msgs/include/velodyne_msgs/velodyne_msgs/msg
[1.068s] -- Up-to-date: /home/dayo/Desktop/scrap_ws/install/velodyne_msgs/include/velodyne_msgs/velodyne_msgs/msg/rosidl_typesupport_introspection_c__visibility_control.h
[1.068s] -- Up-to-date: /home/dayo/Desktop/scrap_ws/install/velodyne_msgs/include/velodyne_msgs/velodyne_msgs/msg/detail
[1.068s] -- Up-to-date: /home/dayo/Desktop/scrap_ws/install/velodyne_msgs/include/velodyne_msgs/velodyne_msgs/msg/detail/velodyne_packet__rosidl_typesupport_introspection_c.h
[1.069s] -- Installing: /home/dayo/Desktop/scrap_ws/install/velodyne_msgs/include/velodyne_msgs/velodyne_msgs/msg/detail/velodyne_scan__type_support.c
[1.069s] -- Installing: /home/dayo/Desktop/scrap_ws/install/velodyne_msgs/include/velodyne_msgs/velodyne_msgs/msg/detail/velodyne_packet__type_support.c
[1.069s] -- Up-to-date: /home/dayo/Desktop/scrap_ws/install/velodyne_msgs/include/velodyne_msgs/velodyne_msgs/msg/detail/velodyne_scan__rosidl_typesupport_introspection_c.h
[1.069s] -- Up-to-date: /home/dayo/Desktop/scrap_ws/install/velodyne_msgs/lib/libvelodyne_msgs__rosidl_typesupport_introspection_c.so
[1.069s] -- Up-to-date: /home/dayo/Desktop/scrap_ws/install/velodyne_msgs/lib/libvelodyne_msgs__rosidl_typesupport_c.so
[1.069s] -- Up-to-date: /home/dayo/Desktop/scrap_ws/install/velodyne_msgs/include/velodyne_msgs/velodyne_msgs
[1.069s] -- Up-to-date: /home/dayo/Desktop/scrap_ws/install/velodyne_msgs/include/velodyne_msgs/velodyne_msgs/msg
[1.069s] -- Up-to-date: /home/dayo/Desktop/scrap_ws/install/velodyne_msgs/include/velodyne_msgs/velodyne_msgs/msg/detail
[1.069s] -- Up-to-date: /home/dayo/Desktop/scrap_ws/install/velodyne_msgs/include/velodyne_msgs/velodyne_msgs/msg/detail/velodyne_scan__type_support.cpp
[1.069s] -- Up-to-date: /home/dayo/Desktop/scrap_ws/install/velodyne_msgs/include/velodyne_msgs/velodyne_msgs/msg/detail/velodyne_packet__rosidl_typesupport_introspection_cpp.hpp
[1.069s] -- Up-to-date: /home/dayo/Desktop/scrap_ws/install/velodyne_msgs/include/velodyne_msgs/velodyne_msgs/msg/detail/velodyne_packet__type_support.cpp
[1.069s] -- Up-to-date: /home/dayo/Desktop/scrap_ws/install/velodyne_msgs/include/velodyne_msgs/velodyne_msgs/msg/detail/velodyne_scan__rosidl_typesupport_introspection_cpp.hpp
[1.069s] -- Up-to-date: /home/dayo/Desktop/scrap_ws/install/velodyne_msgs/lib/libvelodyne_msgs__rosidl_typesupport_introspection_cpp.so
[1.069s] -- Up-to-date: /home/dayo/Desktop/scrap_ws/install/velodyne_msgs/lib/libvelodyne_msgs__rosidl_typesupport_cpp.so
[1.069s] -- Up-to-date: /home/dayo/Desktop/scrap_ws/install/velodyne_msgs/share/velodyne_msgs/environment/pythonpath.sh
[1.069s] -- Up-to-date: /home/dayo/Desktop/scrap_ws/install/velodyne_msgs/share/velodyne_msgs/environment/pythonpath.dsv
[1.069s] -- Up-to-date: /home/dayo/Desktop/scrap_ws/install/velodyne_msgs/lib/python3.10/site-packages/velodyne_msgs-2.4.0-py3.10.egg-info
[1.069s] -- Installing: /home/dayo/Desktop/scrap_ws/install/velodyne_msgs/lib/python3.10/site-packages/velodyne_msgs-2.4.0-py3.10.egg-info/top_level.txt
[1.069s] -- Installing: /home/dayo/Desktop/scrap_ws/install/velodyne_msgs/lib/python3.10/site-packages/velodyne_msgs-2.4.0-py3.10.egg-info/PKG-INFO
[1.070s] -- Installing: /home/dayo/Desktop/scrap_ws/install/velodyne_msgs/lib/python3.10/site-packages/velodyne_msgs-2.4.0-py3.10.egg-info/dependency_links.txt
[1.070s] -- Installing: /home/dayo/Desktop/scrap_ws/install/velodyne_msgs/lib/python3.10/site-packages/velodyne_msgs-2.4.0-py3.10.egg-info/SOURCES.txt
[1.070s] -- Up-to-date: /home/dayo/Desktop/scrap_ws/install/velodyne_msgs/lib/python3.10/site-packages/velodyne_msgs
[1.070s] -- Up-to-date: /home/dayo/Desktop/scrap_ws/install/velodyne_msgs/lib/python3.10/site-packages/velodyne_msgs/velodyne_msgs_s__rosidl_typesupport_introspection_c.cpython-310-x86_64-linux-gnu.so
[1.070s] -- Up-to-date: /home/dayo/Desktop/scrap_ws/install/velodyne_msgs/lib/python3.10/site-packages/velodyne_msgs/msg
[1.070s] -- Up-to-date: /home/dayo/Desktop/scrap_ws/install/velodyne_msgs/lib/python3.10/site-packages/velodyne_msgs/msg/_velodyne_packet_s.c
[1.070s] -- Up-to-date: /home/dayo/Desktop/scrap_ws/install/velodyne_msgs/lib/python3.10/site-packages/velodyne_msgs/msg/__init__.py
[1.070s] -- Up-to-date: /home/dayo/Desktop/scrap_ws/install/velodyne_msgs/lib/python3.10/site-packages/velodyne_msgs/msg/_velodyne_packet.py
[1.070s] -- Up-to-date: /home/dayo/Desktop/scrap_ws/install/velodyne_msgs/lib/python3.10/site-packages/velodyne_msgs/msg/_velodyne_scan_s.c
[1.070s] -- Up-to-date: /home/dayo/Desktop/scrap_ws/install/velodyne_msgs/lib/python3.10/site-packages/velodyne_msgs/msg/_velodyne_scan.py
[1.070s] -- Up-to-date: /home/dayo/Desktop/scrap_ws/install/velodyne_msgs/lib/python3.10/site-packages/velodyne_msgs/velodyne_msgs_s__rosidl_typesupport_fastrtps_c.cpython-310-x86_64-linux-gnu.so
[1.070s] -- Up-to-date: /home/dayo/Desktop/scrap_ws/install/velodyne_msgs/lib/python3.10/site-packages/velodyne_msgs/libvelodyne_msgs__rosidl_generator_py.so
[1.070s] -- Up-to-date: /home/dayo/Desktop/scrap_ws/install/velodyne_msgs/lib/python3.10/site-packages/velodyne_msgs/_velodyne_msgs_s.ep.rosidl_typesupport_introspection_c.c
[1.070s] -- Up-to-date: /home/dayo/Desktop/scrap_ws/install/velodyne_msgs/lib/python3.10/site-packages/velodyne_msgs/__init__.py
[1.070s] -- Up-to-date: /home/dayo/Desktop/scrap_ws/install/velodyne_msgs/lib/python3.10/site-packages/velodyne_msgs/_velodyne_msgs_s.ep.rosidl_typesupport_c.c
[1.070s] -- Up-to-date: /home/dayo/Desktop/scrap_ws/install/velodyne_msgs/lib/python3.10/site-packages/velodyne_msgs/_velodyne_msgs_s.ep.rosidl_typesupport_fastrtps_c.c
[1.071s] -- Up-to-date: /home/dayo/Desktop/scrap_ws/install/velodyne_msgs/lib/python3.10/site-packages/velodyne_msgs/velodyne_msgs_s__rosidl_typesupport_c.cpython-310-x86_64-linux-gnu.so
[1.090s] Listing '/home/dayo/Desktop/scrap_ws/install/velodyne_msgs/lib/python3.10/site-packages/velodyne_msgs'...
[1.090s] Listing '/home/dayo/Desktop/scrap_ws/install/velodyne_msgs/lib/python3.10/site-packages/velodyne_msgs/msg'...
[1.090s] -- Up-to-date: /home/dayo/Desktop/scrap_ws/install/velodyne_msgs/lib/python3.10/site-packages/velodyne_msgs/velodyne_msgs_s__rosidl_typesupport_fastrtps_c.cpython-310-x86_64-linux-gnu.so
[1.091s] -- Up-to-date: /home/dayo/Desktop/scrap_ws/install/velodyne_msgs/lib/python3.10/site-packages/velodyne_msgs/velodyne_msgs_s__rosidl_typesupport_introspection_c.cpython-310-x86_64-linux-gnu.so
[1.091s] -- Up-to-date: /home/dayo/Desktop/scrap_ws/install/velodyne_msgs/lib/python3.10/site-packages/velodyne_msgs/velodyne_msgs_s__rosidl_typesupport_c.cpython-310-x86_64-linux-gnu.so
[1.091s] -- Up-to-date: /home/dayo/Desktop/scrap_ws/install/velodyne_msgs/lib/libvelodyne_msgs__rosidl_generator_py.so
[1.091s] -- Up-to-date: /home/dayo/Desktop/scrap_ws/install/velodyne_msgs/share/velodyne_msgs/msg/VelodynePacket.idl
[1.091s] -- Up-to-date: /home/dayo/Desktop/scrap_ws/install/velodyne_msgs/share/velodyne_msgs/msg/VelodyneScan.idl
[1.093s] -- Up-to-date: /home/dayo/Desktop/scrap_ws/install/velodyne_msgs/share/velodyne_msgs/msg/VelodynePacket.msg
[1.094s] -- Up-to-date: /home/dayo/Desktop/scrap_ws/install/velodyne_msgs/share/velodyne_msgs/msg/VelodyneScan.msg
[1.094s] -- Up-to-date: /home/dayo/Desktop/scrap_ws/install/velodyne_msgs/share/ament_index/resource_index/package_run_dependencies/velodyne_msgs
[1.094s] -- Up-to-date: /home/dayo/Desktop/scrap_ws/install/velodyne_msgs/share/ament_index/resource_index/parent_prefix_path/velodyne_msgs
[1.094s] -- Up-to-date: /home/dayo/Desktop/scrap_ws/install/velodyne_msgs/share/velodyne_msgs/environment/ament_prefix_path.sh
[1.094s] -- Up-to-date: /home/dayo/Desktop/scrap_ws/install/velodyne_msgs/share/velodyne_msgs/environment/ament_prefix_path.dsv
[1.094s] -- Up-to-date: /home/dayo/Desktop/scrap_ws/install/velodyne_msgs/share/velodyne_msgs/environment/path.sh
[1.095s] -- Up-to-date: /home/dayo/Desktop/scrap_ws/install/velodyne_msgs/share/velodyne_msgs/environment/path.dsv
[1.096s] -- Up-to-date: /home/dayo/Desktop/scrap_ws/install/velodyne_msgs/share/velodyne_msgs/local_setup.bash
[1.096s] -- Up-to-date: /home/dayo/Desktop/scrap_ws/install/velodyne_msgs/share/velodyne_msgs/local_setup.sh
[1.096s] -- Up-to-date: /home/dayo/Desktop/scrap_ws/install/velodyne_msgs/share/velodyne_msgs/local_setup.zsh
[1.097s] -- Up-to-date: /home/dayo/Desktop/scrap_ws/install/velodyne_msgs/share/velodyne_msgs/local_setup.dsv
[1.097s] -- Installing: /home/dayo/Desktop/scrap_ws/install/velodyne_msgs/share/velodyne_msgs/package.dsv
[1.097s] -- Up-to-date: /home/dayo/Desktop/scrap_ws/install/velodyne_msgs/share/ament_index/resource_index/packages/velodyne_msgs
[1.097s] -- Up-to-date: /home/dayo/Desktop/scrap_ws/install/velodyne_msgs/share/velodyne_msgs/cmake/export_velodyne_msgs__rosidl_generator_cExport.cmake
[1.097s] -- Up-to-date: /home/dayo/Desktop/scrap_ws/install/velodyne_msgs/share/velodyne_msgs/cmake/export_velodyne_msgs__rosidl_generator_cExport-noconfig.cmake
[1.097s] -- Up-to-date: /home/dayo/Desktop/scrap_ws/install/velodyne_msgs/share/velodyne_msgs/cmake/export_velodyne_msgs__rosidl_typesupport_fastrtps_cExport.cmake
[1.099s] -- Up-to-date: /home/dayo/Desktop/scrap_ws/install/velodyne_msgs/share/velodyne_msgs/cmake/export_velodyne_msgs__rosidl_typesupport_fastrtps_cExport-noconfig.cmake
[1.099s] -- Up-to-date: /home/dayo/Desktop/scrap_ws/install/velodyne_msgs/share/velodyne_msgs/cmake/export_velodyne_msgs__rosidl_generator_cppExport.cmake
[1.099s] -- Up-to-date: /home/dayo/Desktop/scrap_ws/install/velodyne_msgs/share/velodyne_msgs/cmake/export_velodyne_msgs__rosidl_typesupport_fastrtps_cppExport.cmake
[1.099s] -- Up-to-date: /home/dayo/Desktop/scrap_ws/install/velodyne_msgs/share/velodyne_msgs/cmake/export_velodyne_msgs__rosidl_typesupport_fastrtps_cppExport-noconfig.cmake
[1.099s] -- Up-to-date: /home/dayo/Desktop/scrap_ws/install/velodyne_msgs/share/velodyne_msgs/cmake/velodyne_msgs__rosidl_typesupport_introspection_cExport.cmake
[1.099s] -- Up-to-date: /home/dayo/Desktop/scrap_ws/install/velodyne_msgs/share/velodyne_msgs/cmake/velodyne_msgs__rosidl_typesupport_introspection_cExport-noconfig.cmake
[1.099s] -- Up-to-date: /home/dayo/Desktop/scrap_ws/install/velodyne_msgs/share/velodyne_msgs/cmake/velodyne_msgs__rosidl_typesupport_cExport.cmake
[1.099s] -- Up-to-date: /home/dayo/Desktop/scrap_ws/install/velodyne_msgs/share/velodyne_msgs/cmake/velodyne_msgs__rosidl_typesupport_cExport-noconfig.cmake
[1.099s] -- Up-to-date: /home/dayo/Desktop/scrap_ws/install/velodyne_msgs/share/velodyne_msgs/cmake/velodyne_msgs__rosidl_typesupport_introspection_cppExport.cmake
[1.099s] -- Up-to-date: /home/dayo/Desktop/scrap_ws/install/velodyne_msgs/share/velodyne_msgs/cmake/velodyne_msgs__rosidl_typesupport_introspection_cppExport-noconfig.cmake
[1.099s] -- Up-to-date: /home/dayo/Desktop/scrap_ws/install/velodyne_msgs/share/velodyne_msgs/cmake/velodyne_msgs__rosidl_typesupport_cppExport.cmake
[1.099s] -- Up-to-date: /home/dayo/Desktop/scrap_ws/install/velodyne_msgs/share/velodyne_msgs/cmake/velodyne_msgs__rosidl_typesupport_cppExport-noconfig.cmake
[1.099s] -- Up-to-date: /home/dayo/Desktop/scrap_ws/install/velodyne_msgs/share/velodyne_msgs/cmake/export_velodyne_msgs__rosidl_generator_pyExport.cmake
[1.099s] -- Up-to-date: /home/dayo/Desktop/scrap_ws/install/velodyne_msgs/share/velodyne_msgs/cmake/export_velodyne_msgs__rosidl_generator_pyExport-noconfig.cmake
[1.099s] -- Up-to-date: /home/dayo/Desktop/scrap_ws/install/velodyne_msgs/share/velodyne_msgs/cmake/rosidl_cmake-extras.cmake
[1.099s] -- Up-to-date: /home/dayo/Desktop/scrap_ws/install/velodyne_msgs/share/velodyne_msgs/cmake/ament_cmake_export_dependencies-extras.cmake
[1.099s] -- Up-to-date: /home/dayo/Desktop/scrap_ws/install/velodyne_msgs/share/velodyne_msgs/cmake/ament_cmake_export_include_directories-extras.cmake
[1.099s] -- Up-to-date: /home/dayo/Desktop/scrap_ws/install/velodyne_msgs/share/velodyne_msgs/cmake/ament_cmake_export_libraries-extras.cmake
[1.099s] -- Up-to-date: /home/dayo/Desktop/scrap_ws/install/velodyne_msgs/share/velodyne_msgs/cmake/ament_cmake_export_targets-extras.cmake
[1.100s] -- Up-to-date: /home/dayo/Desktop/scrap_ws/install/velodyne_msgs/share/velodyne_msgs/cmake/rosidl_cmake_export_typesupport_targets-extras.cmake
[1.100s] -- Up-to-date: /home/dayo/Desktop/scrap_ws/install/velodyne_msgs/share/velodyne_msgs/cmake/rosidl_cmake_export_typesupport_libraries-extras.cmake
[1.100s] -- Up-to-date: /home/dayo/Desktop/scrap_ws/install/velodyne_msgs/share/velodyne_msgs/cmake/velodyne_msgsConfig.cmake
[1.100s] -- Up-to-date: /home/dayo/Desktop/scrap_ws/install/velodyne_msgs/share/velodyne_msgs/cmake/velodyne_msgsConfig-version.cmake
[1.100s] -- Up-to-date: /home/dayo/Desktop/scrap_ws/install/velodyne_msgs/share/velodyne_msgs/package.xml
[1.109s] Invoked command in '/home/dayo/Desktop/scrap_ws/build/velodyne_msgs' returned '0': CMAKE_PREFIX_PATH=${CMAKE_PREFIX_PATH}:/opt/ros/iron /usr/bin/cmake --install /home/dayo/Desktop/scrap_ws/build/velodyne_msgs
