[0.012s] Invoking command in '/home/dayo/Desktop/scrap_ws/build/velodyne_pointcloud': AMENT_PREFIX_PATH=/home/dayo/Desktop/scrap_ws/install/velodyne_msgs:${AMENT_PREFIX_PATH} CMAKE_PREFIX_PATH=/home/dayo/Desktop/scrap_ws/install/velodyne_msgs:/opt/ros/iron LD_LIBRARY_PATH=/home/dayo/Desktop/scrap_ws/install/velodyne_msgs/lib:${LD_LIBRARY_PATH} PYTHONPATH=/home/dayo/Desktop/scrap_ws/install/velodyne_msgs/lib/python3.10/site-packages:${PYTHONPATH} /usr/bin/cmake --build /home/dayo/Desktop/scrap_ws/build/velodyne_pointcloud -- -j2 -l2
[0.070s] [35m[1mConsolidate compiler generated dependencies of target velodyne_cloud_types[0m
[0.117s] [ 16%] Built target velodyne_cloud_types
[0.119s] [35m[1mConsolidate compiler generated dependencies of target velodyne_rawdata[0m
[0.163s] [ 33%] Built target velodyne_rawdata
[0.176s] [35m[1mConsolidate compiler generated dependencies of target gtest_main[0m
[0.180s] [35m[1mConsolidate compiler generated dependencies of target gtest[0m
[0.202s] [ 44%] Built target gtest
[0.217s] [ 55%] Built target gtest_main
[0.235s] [35m[1mConsolidate compiler generated dependencies of target test_row_step[0m
[0.239s] [35m[1mConsolidate compiler generated dependencies of target transform[0m
[0.286s] [ 66%] Built target test_row_step
[0.291s] [ 77%] Built target transform
[0.326s] [35m[1mConsolidate compiler generated dependencies of target test_calibration[0m
[0.328s] [35m[1mConsolidate compiler generated dependencies of target velodyne_transform_node[0m
[0.354s] [ 88%] Built target test_calibration
[0.374s] [100%] Built target velodyne_transform_node
[0.388s] Invoked command in '/home/dayo/Desktop/scrap_ws/build/velodyne_pointcloud' returned '0': AMENT_PREFIX_PATH=/home/dayo/Desktop/scrap_ws/install/velodyne_msgs:${AMENT_PREFIX_PATH} CMAKE_PREFIX_PATH=/home/dayo/Desktop/scrap_ws/install/velodyne_msgs:/opt/ros/iron LD_LIBRARY_PATH=/home/dayo/Desktop/scrap_ws/install/velodyne_msgs/lib:${LD_LIBRARY_PATH} PYTHONPATH=/home/dayo/Desktop/scrap_ws/install/velodyne_msgs/lib/python3.10/site-packages:${PYTHONPATH} /usr/bin/cmake --build /home/dayo/Desktop/scrap_ws/build/velodyne_pointcloud -- -j2 -l2
[0.424s] Invoking command in '/home/dayo/Desktop/scrap_ws/build/velodyne_pointcloud': AMENT_PREFIX_PATH=/home/dayo/Desktop/scrap_ws/install/velodyne_msgs:${AMENT_PREFIX_PATH} CMAKE_PREFIX_PATH=/home/dayo/Desktop/scrap_ws/install/velodyne_msgs:/opt/ros/iron LD_LIBRARY_PATH=/home/dayo/Desktop/scrap_ws/install/velodyne_msgs/lib:${LD_LIBRARY_PATH} PYTHONPATH=/home/dayo/Desktop/scrap_ws/install/velodyne_msgs/lib/python3.10/site-packages:${PYTHONPATH} /usr/bin/cmake --install /home/dayo/Desktop/scrap_ws/build/velodyne_pointcloud
[0.433s] -- Install configuration: ""
[0.434s] -- Up-to-date: /home/dayo/Desktop/scrap_ws/install/velodyne_pointcloud/lib/libtransform.so
[0.435s] -- Up-to-date: /home/dayo/Desktop/scrap_ws/install/velodyne_pointcloud/lib/velodyne_pointcloud/velodyne_transform_node
[0.435s] -- Up-to-date: /home/dayo/Desktop/scrap_ws/install/velodyne_pointcloud/include/velodyne_pointcloud
[0.436s] -- Up-to-date: /home/dayo/Desktop/scrap_ws/install/velodyne_pointcloud/include/velodyne_pointcloud/pointcloudXYZIRT.hpp
[0.436s] -- Up-to-date: /home/dayo/Desktop/scrap_ws/install/velodyne_pointcloud/include/velodyne_pointcloud/rawdata.hpp
[0.437s] -- Up-to-date: /home/dayo/Desktop/scrap_ws/install/velodyne_pointcloud/include/velodyne_pointcloud/organized_cloudXYZIRT.hpp
[0.437s] -- Up-to-date: /home/dayo/Desktop/scrap_ws/install/velodyne_pointcloud/include/velodyne_pointcloud/transform.hpp
[0.437s] -- Up-to-date: /home/dayo/Desktop/scrap_ws/install/velodyne_pointcloud/include/velodyne_pointcloud/calibration.hpp
[0.438s] -- Up-to-date: /home/dayo/Desktop/scrap_ws/install/velodyne_pointcloud/include/velodyne_pointcloud/datacontainerbase.hpp
[0.439s] -- Up-to-date: /home/dayo/Desktop/scrap_ws/install/velodyne_pointcloud/share/velodyne_pointcloud/config
[0.439s] -- Up-to-date: /home/dayo/Desktop/scrap_ws/install/velodyne_pointcloud/share/velodyne_pointcloud/config/VLP32C-velodyne_transform_node-params.yaml
[0.439s] -- Up-to-date: /home/dayo/Desktop/scrap_ws/install/velodyne_pointcloud/share/velodyne_pointcloud/config/VLP16-velodyne_transform_node-params.yaml
[0.440s] -- Up-to-date: /home/dayo/Desktop/scrap_ws/install/velodyne_pointcloud/share/velodyne_pointcloud/config/VLS128-velodyne_transform_node-params.yaml
[0.441s] -- Up-to-date: /home/dayo/Desktop/scrap_ws/install/velodyne_pointcloud/share/velodyne_pointcloud/launch
[0.441s] -- Up-to-date: /home/dayo/Desktop/scrap_ws/install/velodyne_pointcloud/share/velodyne_pointcloud/launch/velodyne_transform_node-VLP16-composed-launch.py
[0.442s] -- Up-to-date: /home/dayo/Desktop/scrap_ws/install/velodyne_pointcloud/share/velodyne_pointcloud/launch/velodyne_transform_node-VLP32C-composed-launch.py
[0.442s] -- Up-to-date: /home/dayo/Desktop/scrap_ws/install/velodyne_pointcloud/share/velodyne_pointcloud/launch/velodyne_transform_node-VLP32C-launch.py
[0.442s] -- Up-to-date: /home/dayo/Desktop/scrap_ws/install/velodyne_pointcloud/share/velodyne_pointcloud/launch/velodyne_transform_node-VLS128-composed-launch.py
[0.444s] -- Up-to-date: /home/dayo/Desktop/scrap_ws/install/velodyne_pointcloud/share/velodyne_pointcloud/launch/velodyne_transform_node-VLP16-launch.py
[0.444s] -- Up-to-date: /home/dayo/Desktop/scrap_ws/install/velodyne_pointcloud/share/velodyne_pointcloud/launch/velodyne_transform_node-VLS128-launch.py
[0.445s] -- Up-to-date: /home/dayo/Desktop/scrap_ws/install/velodyne_pointcloud/share/velodyne_pointcloud/params
[0.445s] -- Up-to-date: /home/dayo/Desktop/scrap_ws/install/velodyne_pointcloud/share/velodyne_pointcloud/params/64e_utexas.yaml
[0.446s] -- Up-to-date: /home/dayo/Desktop/scrap_ws/install/velodyne_pointcloud/share/velodyne_pointcloud/params/32db.yaml
[0.446s] -- Up-to-date: /home/dayo/Desktop/scrap_ws/install/velodyne_pointcloud/share/velodyne_pointcloud/params/issue_84_float_intensities.yaml
[0.447s] -- Up-to-date: /home/dayo/Desktop/scrap_ws/install/velodyne_pointcloud/share/velodyne_pointcloud/params/VeloView-VLP-32C.yaml
[0.447s] -- Up-to-date: /home/dayo/Desktop/scrap_ws/install/velodyne_pointcloud/share/velodyne_pointcloud/params/VLS128.yaml
[0.448s] -- Up-to-date: /home/dayo/Desktop/scrap_ws/install/velodyne_pointcloud/share/velodyne_pointcloud/params/VLP16_hires_db.yaml
[0.448s] -- Up-to-date: /home/dayo/Desktop/scrap_ws/install/velodyne_pointcloud/share/velodyne_pointcloud/params/64e_s3-xiesc.yaml
[0.449s] -- Up-to-date: /home/dayo/Desktop/scrap_ws/install/velodyne_pointcloud/share/velodyne_pointcloud/params/VLP16db.yaml
[0.449s] -- Up-to-date: /home/dayo/Desktop/scrap_ws/install/velodyne_pointcloud/share/velodyne_pointcloud/params/rviz_points.vcg
[0.449s] -- Up-to-date: /home/dayo/Desktop/scrap_ws/install/velodyne_pointcloud/share/velodyne_pointcloud/params/64e_s2.1-sztaki.yaml
[0.449s] -- Up-to-date: /home/dayo/Desktop/scrap_ws/install/velodyne_pointcloud/share/ament_index/resource_index/package_run_dependencies/velodyne_pointcloud
[0.457s] -- Up-to-date: /home/dayo/Desktop/scrap_ws/install/velodyne_pointcloud/share/ament_index/resource_index/parent_prefix_path/velodyne_pointcloud
[0.458s] -- Up-to-date: /home/dayo/Desktop/scrap_ws/install/velodyne_pointcloud/share/velodyne_pointcloud/environment/ament_prefix_path.sh
[0.458s] -- Up-to-date: /home/dayo/Desktop/scrap_ws/install/velodyne_pointcloud/share/velodyne_pointcloud/environment/ament_prefix_path.dsv
[0.458s] -- Up-to-date: /home/dayo/Desktop/scrap_ws/install/velodyne_pointcloud/share/velodyne_pointcloud/environment/path.sh
[0.458s] -- Up-to-date: /home/dayo/Desktop/scrap_ws/install/velodyne_pointcloud/share/velodyne_pointcloud/environment/path.dsv
[0.458s] -- Up-to-date: /home/dayo/Desktop/scrap_ws/install/velodyne_pointcloud/share/velodyne_pointcloud/local_setup.bash
[0.458s] -- Up-to-date: /home/dayo/Desktop/scrap_ws/install/velodyne_pointcloud/share/velodyne_pointcloud/local_setup.sh
[0.458s] -- Up-to-date: /home/dayo/Desktop/scrap_ws/install/velodyne_pointcloud/share/velodyne_pointcloud/local_setup.zsh
[0.458s] -- Up-to-date: /home/dayo/Desktop/scrap_ws/install/velodyne_pointcloud/share/velodyne_pointcloud/local_setup.dsv
[0.458s] -- Installing: /home/dayo/Desktop/scrap_ws/install/velodyne_pointcloud/share/velodyne_pointcloud/package.dsv
[0.459s] -- Up-to-date: /home/dayo/Desktop/scrap_ws/install/velodyne_pointcloud/share/ament_index/resource_index/packages/velodyne_pointcloud
[0.459s] -- Up-to-date: /home/dayo/Desktop/scrap_ws/install/velodyne_pointcloud/share/ament_index/resource_index/rclcpp_components/velodyne_pointcloud
[0.459s] -- Up-to-date: /home/dayo/Desktop/scrap_ws/install/velodyne_pointcloud/share/velodyne_pointcloud/cmake/velodyne_pointcloudConfig.cmake
[0.460s] -- Up-to-date: /home/dayo/Desktop/scrap_ws/install/velodyne_pointcloud/share/velodyne_pointcloud/cmake/velodyne_pointcloudConfig-version.cmake
[0.460s] -- Up-to-date: /home/dayo/Desktop/scrap_ws/install/velodyne_pointcloud/share/velodyne_pointcloud/package.xml
[0.460s] -- Up-to-date: /home/dayo/Desktop/scrap_ws/install/velodyne_pointcloud/lib/libvelodyne_cloud_types.so
[0.460s] -- Up-to-date: /home/dayo/Desktop/scrap_ws/install/velodyne_pointcloud/lib/libvelodyne_rawdata.so
[0.481s] Invoked command in '/home/dayo/Desktop/scrap_ws/build/velodyne_pointcloud' returned '0': AMENT_PREFIX_PATH=/home/dayo/Desktop/scrap_ws/install/velodyne_msgs:${AMENT_PREFIX_PATH} CMAKE_PREFIX_PATH=/home/dayo/Desktop/scrap_ws/install/velodyne_msgs:/opt/ros/iron LD_LIBRARY_PATH=/home/dayo/Desktop/scrap_ws/install/velodyne_msgs/lib:${LD_LIBRARY_PATH} PYTHONPATH=/home/dayo/Desktop/scrap_ws/install/velodyne_msgs/lib/python3.10/site-packages:${PYTHONPATH} /usr/bin/cmake --install /home/dayo/Desktop/scrap_ws/build/velodyne_pointcloud
