[5.626s] Invoking command in '/home/pi/Desktop/scrap_ws/build/scrap_pkg': PYTHONPATH=/home/pi/Desktop/scrap_ws/build/scrap_pkg/prefix_override:/home/pi/Desktop/scrap_ws/install/scrap_pkg/lib/python3.10/site-packages:${PYTHONPATH} /usr/bin/python3 setup.py develop --editable --build-directory /home/pi/Desktop/scrap_ws/build/scrap_pkg/build --no-deps install_data
[7.271s] running develop
[7.274s] /usr/lib/python3/dist-packages/setuptools/command/easy_install.py:158: EasyInstallDeprecationWarning: easy_install command is deprecated. Use build and pip and other standards-based tools.
[7.274s]   warnings.warn(
[7.281s] /usr/lib/python3/dist-packages/setuptools/command/install.py:34: SetuptoolsDeprecationWarning: setup.py install is deprecated. Use build and pip and other standards-based tools.
[7.281s]   warnings.warn(
[8.630s] running egg_info
[8.632s] writing scrap_pkg.egg-info/PKG-INFO
[8.633s] writing dependency_links to scrap_pkg.egg-info/dependency_links.txt
[8.636s] writing entry points to scrap_pkg.egg-info/entry_points.txt
[8.637s] writing requirements to scrap_pkg.egg-info/requires.txt
[8.638s] writing top-level names to scrap_pkg.egg-info/top_level.txt
[8.644s] reading manifest file 'scrap_pkg.egg-info/SOURCES.txt'
[8.650s] writing manifest file 'scrap_pkg.egg-info/SOURCES.txt'
[8.656s] running build_ext
[8.658s] Creating /home/pi/Desktop/scrap_ws/install/scrap_pkg/lib/python3.10/site-packages/scrap-pkg.egg-link (link to .)
[8.667s] Installing motor_node script to /home/pi/Desktop/scrap_ws/install/scrap_pkg/lib/scrap_pkg
[8.668s] 
[8.670s] Installed /home/pi/Desktop/scrap_ws/build/scrap_pkg
[8.671s] running install_data
[8.674s] copying description/ros2_control.xacro -> /home/pi/Desktop/scrap_ws/install/scrap_pkg/share/scrap_pkg/description
[8.942s] Invoked command in '/home/pi/Desktop/scrap_ws/build/scrap_pkg' returned '0': PYTHONPATH=/home/pi/Desktop/scrap_ws/build/scrap_pkg/prefix_override:/home/pi/Desktop/scrap_ws/install/scrap_pkg/lib/python3.10/site-packages:${PYTHONPATH} /usr/bin/python3 setup.py develop --editable --build-directory /home/pi/Desktop/scrap_ws/build/scrap_pkg/build --no-deps install_data
