[0.039s] Invoking command in '/home/dayo/Desktop/scrap_ws/build/scrap_pkg': CMAKE_PREFIX_PATH=/home/dayo/Desktop/scrap_ws/install/usb_cam:/home/dayo/Desktop/scrap_ws/install/velodyne:/home/dayo/Desktop/scrap_ws/install/velodyne_pointcloud:/home/dayo/Desktop/scrap_ws/install/velodyne_driver:/home/dayo/Desktop/scrap_ws/install/velodyne_msgs:/home/dayo/Desktop/scrap_ws/install/velodyne_laserscan:/home/dayo/Desktop/scrap_ws/install/scrap_pkg:/opt/ros/iron LD_LIBRARY_PATH=/home/dayo/Desktop/scrap_ws/install/usb_cam/lib:/home/dayo/Desktop/scrap_ws/install/velodyne_pointcloud/lib:/home/dayo/Desktop/scrap_ws/install/velodyne_driver/lib:/home/dayo/Desktop/scrap_ws/install/velodyne_msgs/lib:/home/dayo/Desktop/scrap_ws/install/velodyne_laserscan/lib:/usr/lib/x86_64-linux-gnu/gazebo-11/plugins:/opt/ros/iron/opt/rviz_ogre_vendor/lib:/opt/ros/iron/lib/x86_64-linux-gnu:/opt/ros/iron/lib /usr/bin/cmake --build /home/dayo/Desktop/scrap_ws/build/scrap_pkg -- -j2 -l2
[0.086s] Invoked command in '/home/dayo/Desktop/scrap_ws/build/scrap_pkg' returned '0': CMAKE_PREFIX_PATH=/home/dayo/Desktop/scrap_ws/install/usb_cam:/home/dayo/Desktop/scrap_ws/install/velodyne:/home/dayo/Desktop/scrap_ws/install/velodyne_pointcloud:/home/dayo/Desktop/scrap_ws/install/velodyne_driver:/home/dayo/Desktop/scrap_ws/install/velodyne_msgs:/home/dayo/Desktop/scrap_ws/install/velodyne_laserscan:/home/dayo/Desktop/scrap_ws/install/scrap_pkg:/opt/ros/iron LD_LIBRARY_PATH=/home/dayo/Desktop/scrap_ws/install/usb_cam/lib:/home/dayo/Desktop/scrap_ws/install/velodyne_pointcloud/lib:/home/dayo/Desktop/scrap_ws/install/velodyne_driver/lib:/home/dayo/Desktop/scrap_ws/install/velodyne_msgs/lib:/home/dayo/Desktop/scrap_ws/install/velodyne_laserscan/lib:/usr/lib/x86_64-linux-gnu/gazebo-11/plugins:/opt/ros/iron/opt/rviz_ogre_vendor/lib:/opt/ros/iron/lib/x86_64-linux-gnu:/opt/ros/iron/lib /usr/bin/cmake --build /home/dayo/Desktop/scrap_ws/build/scrap_pkg -- -j2 -l2
[0.156s] Invoking command in '/home/dayo/Desktop/scrap_ws/build/scrap_pkg': CMAKE_PREFIX_PATH=/home/dayo/Desktop/scrap_ws/install/usb_cam:/home/dayo/Desktop/scrap_ws/install/velodyne:/home/dayo/Desktop/scrap_ws/install/velodyne_pointcloud:/home/dayo/Desktop/scrap_ws/install/velodyne_driver:/home/dayo/Desktop/scrap_ws/install/velodyne_msgs:/home/dayo/Desktop/scrap_ws/install/velodyne_laserscan:/home/dayo/Desktop/scrap_ws/install/scrap_pkg:/opt/ros/iron LD_LIBRARY_PATH=/home/dayo/Desktop/scrap_ws/install/usb_cam/lib:/home/dayo/Desktop/scrap_ws/install/velodyne_pointcloud/lib:/home/dayo/Desktop/scrap_ws/install/velodyne_driver/lib:/home/dayo/Desktop/scrap_ws/install/velodyne_msgs/lib:/home/dayo/Desktop/scrap_ws/install/velodyne_laserscan/lib:/usr/lib/x86_64-linux-gnu/gazebo-11/plugins:/opt/ros/iron/opt/rviz_ogre_vendor/lib:/opt/ros/iron/lib/x86_64-linux-gnu:/opt/ros/iron/lib /usr/bin/cmake --install /home/dayo/Desktop/scrap_ws/build/scrap_pkg
[0.176s] -- Install configuration: ""
[0.177s] -- Up-to-date: /home/dayo/Desktop/scrap_ws/install/scrap_pkg/share/scrap_pkg//launch
[0.177s] -- Installing: /home/dayo/Desktop/scrap_ws/install/scrap_pkg/share/scrap_pkg//launch/rsp.launch.py
[0.181s] -- Up-to-date: /home/dayo/Desktop/scrap_ws/install/scrap_pkg/share/scrap_pkg//launch/scrap.launch.py
[0.181s] -- Up-to-date: /home/dayo/Desktop/scrap_ws/install/scrap_pkg/share/scrap_pkg//description
[0.182s] -- Up-to-date: /home/dayo/Desktop/scrap_ws/install/scrap_pkg/share/scrap_pkg//description/face.xacro
[0.182s] -- Up-to-date: /home/dayo/Desktop/scrap_ws/install/scrap_pkg/share/scrap_pkg//description/inertial_macros.xacro
[0.182s] -- Up-to-date: /home/dayo/Desktop/scrap_ws/install/scrap_pkg/share/scrap_pkg//description/lidar.xacro
[0.182s] -- Up-to-date: /home/dayo/Desktop/scrap_ws/install/scrap_pkg/share/scrap_pkg//description/gazebo_control.xacro
[0.184s] -- Up-to-date: /home/dayo/Desktop/scrap_ws/install/scrap_pkg/share/scrap_pkg//description/camera.xacro
[0.185s] -- Up-to-date: /home/dayo/Desktop/scrap_ws/install/scrap_pkg/share/scrap_pkg//description/depth_camera.xacro
[0.185s] -- Up-to-date: /home/dayo/Desktop/scrap_ws/install/scrap_pkg/share/scrap_pkg//description/ros2_control.xacro
[0.185s] -- Up-to-date: /home/dayo/Desktop/scrap_ws/install/scrap_pkg/share/scrap_pkg//description/robot.urdf.xacro
[0.185s] -- Up-to-date: /home/dayo/Desktop/scrap_ws/install/scrap_pkg/share/scrap_pkg//description/robot_core.xacro
[0.185s] -- Up-to-date: /home/dayo/Desktop/scrap_ws/install/scrap_pkg/share/scrap_pkg//config
[0.186s] -- Up-to-date: /home/dayo/Desktop/scrap_ws/install/scrap_pkg/share/scrap_pkg//config/view_bot.rviz
[0.188s] -- Up-to-date: /home/dayo/Desktop/scrap_ws/install/scrap_pkg/share/ament_index/resource_index/package_run_dependencies/scrap_pkg
[0.188s] -- Up-to-date: /home/dayo/Desktop/scrap_ws/install/scrap_pkg/share/ament_index/resource_index/parent_prefix_path/scrap_pkg
[0.188s] -- Up-to-date: /home/dayo/Desktop/scrap_ws/install/scrap_pkg/share/scrap_pkg/environment/ament_prefix_path.sh
[0.188s] -- Up-to-date: /home/dayo/Desktop/scrap_ws/install/scrap_pkg/share/scrap_pkg/environment/ament_prefix_path.dsv
[0.188s] -- Up-to-date: /home/dayo/Desktop/scrap_ws/install/scrap_pkg/share/scrap_pkg/environment/path.sh
[0.188s] -- Up-to-date: /home/dayo/Desktop/scrap_ws/install/scrap_pkg/share/scrap_pkg/environment/path.dsv
[0.188s] -- Up-to-date: /home/dayo/Desktop/scrap_ws/install/scrap_pkg/share/scrap_pkg/local_setup.bash
[0.189s] -- Up-to-date: /home/dayo/Desktop/scrap_ws/install/scrap_pkg/share/scrap_pkg/local_setup.sh
[0.189s] -- Up-to-date: /home/dayo/Desktop/scrap_ws/install/scrap_pkg/share/scrap_pkg/local_setup.zsh
[0.189s] -- Up-to-date: /home/dayo/Desktop/scrap_ws/install/scrap_pkg/share/scrap_pkg/local_setup.dsv
[0.189s] -- Installing: /home/dayo/Desktop/scrap_ws/install/scrap_pkg/share/scrap_pkg/package.dsv
[0.193s] -- Up-to-date: /home/dayo/Desktop/scrap_ws/install/scrap_pkg/share/ament_index/resource_index/packages/scrap_pkg
[0.193s] -- Up-to-date: /home/dayo/Desktop/scrap_ws/install/scrap_pkg/share/scrap_pkg/cmake/scrap_pkgConfig.cmake
[0.193s] -- Up-to-date: /home/dayo/Desktop/scrap_ws/install/scrap_pkg/share/scrap_pkg/cmake/scrap_pkgConfig-version.cmake
[0.193s] -- Up-to-date: /home/dayo/Desktop/scrap_ws/install/scrap_pkg/share/scrap_pkg/package.xml
[0.206s] Invoked command in '/home/dayo/Desktop/scrap_ws/build/scrap_pkg' returned '0': CMAKE_PREFIX_PATH=/home/dayo/Desktop/scrap_ws/install/usb_cam:/home/dayo/Desktop/scrap_ws/install/velodyne:/home/dayo/Desktop/scrap_ws/install/velodyne_pointcloud:/home/dayo/Desktop/scrap_ws/install/velodyne_driver:/home/dayo/Desktop/scrap_ws/install/velodyne_msgs:/home/dayo/Desktop/scrap_ws/install/velodyne_laserscan:/home/dayo/Desktop/scrap_ws/install/scrap_pkg:/opt/ros/iron LD_LIBRARY_PATH=/home/dayo/Desktop/scrap_ws/install/usb_cam/lib:/home/dayo/Desktop/scrap_ws/install/velodyne_pointcloud/lib:/home/dayo/Desktop/scrap_ws/install/velodyne_driver/lib:/home/dayo/Desktop/scrap_ws/install/velodyne_msgs/lib:/home/dayo/Desktop/scrap_ws/install/velodyne_laserscan/lib:/usr/lib/x86_64-linux-gnu/gazebo-11/plugins:/opt/ros/iron/opt/rviz_ogre_vendor/lib:/opt/ros/iron/lib/x86_64-linux-gnu:/opt/ros/iron/lib /usr/bin/cmake --install /home/dayo/Desktop/scrap_ws/build/scrap_pkg
