[0.021s] Invoking command in '/home/dayo/Desktop/scrap_ws/build/velodyne_msgs': /usr/bin/cmake /home/dayo/Desktop/scrap_ws/src/velodyne/velodyne_msgs -DCATKIN_INSTALL_INTO_PREFIX_ROOT=0 -DCATKIN_SYMLINK_INSTALL=ON -DCMAKE_INSTALL_PREFIX=/home/dayo/Desktop/scrap_ws/install/velodyne_msgs
[0.247s] [0mCMake Deprecation Warning at CMakeLists.txt:1 (cmake_minimum_required):
[0.247s]   Compatibility with CMake < 2.8.12 will be removed from a future version of
[0.247s]   CMake.
[0.247s] 
[0.247s]   Update the VERSION argument <min> value or use a ...<max> suffix to tell
[0.247s]   CMake that the project does not need compatibility with older versions.
[0.247s] 
[0.247s] [0m
[0.745s] -- The C compiler identification is GNU 11.4.0
[1.092s] -- The CXX compiler identification is GNU 11.4.0
[1.105s] -- Detecting C compiler ABI info
[1.193s] -- Detecting C compiler ABI info - done
[1.201s] -- Check for working C compiler: /usr/bin/cc - skipped
[1.201s] -- Detecting C compile features
[1.209s] -- Detecting C compile features - done
[1.216s] -- Detecting CXX compiler ABI info
[1.300s] -- Detecting CXX compiler ABI info - done
[1.301s] -- Check for working CXX compiler: /usr/bin/c++ - skipped
[1.301s] -- Detecting CXX compile features
[1.301s] -- Detecting CXX compile features - done
[1.360s] [31mCMake Error at CMakeLists.txt:4 (find_package):
[1.360s]   By not providing "Findcatkin.cmake" in CMAKE_MODULE_PATH this project has
[1.360s]   asked CMake to find a package configuration file provided by "catkin", but
[1.361s]   CMake did not find one.
[1.361s] 
[1.361s]   Could not find a package configuration file provided by "catkin" with any
[1.361s]   of the following names:
[1.361s] 
[1.361s]     catkinConfig.cmake
[1.361s]     catkin-config.cmake
[1.361s] 
[1.361s]   Add the installation prefix of "catkin" to CMAKE_PREFIX_PATH or set
[1.361s]   "catkin_DIR" to a directory containing one of the above files.  If "catkin"
[1.361s]   provides a separate development package or SDK, be sure it has been
[1.361s]   installed.
[1.361s] 
[1.361s] [0m
[1.361s] -- Configuring incomplete, errors occurred!
[1.361s] See also "/home/dayo/Desktop/scrap_ws/build/velodyne_msgs/CMakeFiles/CMakeOutput.log".
[1.364s] Invoked command in '/home/dayo/Desktop/scrap_ws/build/velodyne_msgs' returned '1': /usr/bin/cmake /home/dayo/Desktop/scrap_ws/src/velodyne/velodyne_msgs -DCATKIN_INSTALL_INTO_PREFIX_ROOT=0 -DCATKIN_SYMLINK_INSTALL=ON -DCMAKE_INSTALL_PREFIX=/home/dayo/Desktop/scrap_ws/install/velodyne_msgs
