[3.140s] Invoking command in '/home/pi/Desktop/scrap_ws/build/velodyne_msgs': CMAKE_PREFIX_PATH=${CMAKE_PREFIX_PATH}:/home/pi/Desktop/scrap_ws/install/scrap_pkg:/opt/ros/humble /usr/bin/cmake --build /home/pi/Desktop/scrap_ws/build/velodyne_msgs -- -j4 -l4
[4.620s] [  2%] Built target velodyne_msgs__cpp
[4.922s] [  2%] Built target ament_cmake_python_symlink_velodyne_msgs
[5.257s] [35m[1mConsolidate compiler generated dependencies of target velodyne_msgs__rosidl_typesupport_fastrtps_cpp[0m
[5.378s] [ 12%] Built target velodyne_msgs__rosidl_typesupport_fastrtps_cpp
[5.818s] [35m[1mConsolidate compiler generated dependencies of target velodyne_msgs__rosidl_typesupport_introspection_cpp[0m
[5.957s] [ 23%] Built target velodyne_msgs__rosidl_typesupport_introspection_cpp
[7.586s] running egg_info
[7.589s] writing velodyne_msgs.egg-info/PKG-INFO
[7.633s] writing dependency_links to velodyne_msgs.egg-info/dependency_links.txt
[7.634s] writing top-level names to velodyne_msgs.egg-info/top_level.txt
[7.647s] reading manifest file 'velodyne_msgs.egg-info/SOURCES.txt'
[7.695s] writing manifest file 'velodyne_msgs.egg-info/SOURCES.txt'
[7.911s] [ 23%] Built target ament_cmake_python_build_velodyne_msgs_egg
[8.143s] [35m[1mConsolidate compiler generated dependencies of target velodyne_msgs__rosidl_typesupport_cpp[0m
[8.264s] [ 33%] Built target velodyne_msgs__rosidl_typesupport_cpp
[8.490s] [35m[1mConsolidate compiler generated dependencies of target velodyne_msgs__rosidl_generator_c[0m
[8.655s] [ 43%] Built target velodyne_msgs__rosidl_generator_c
[8.871s] [35m[1mConsolidate compiler generated dependencies of target velodyne_msgs__rosidl_typesupport_fastrtps_c[0m
[8.999s] [ 53%] Built target velodyne_msgs__rosidl_typesupport_fastrtps_c
[9.147s] [35m[1mConsolidate compiler generated dependencies of target velodyne_msgs__rosidl_typesupport_c[0m
[9.241s] [ 64%] Built target velodyne_msgs__rosidl_typesupport_c
[9.658s] [35m[1mConsolidate compiler generated dependencies of target velodyne_msgs__rosidl_typesupport_introspection_c[0m
[9.732s] [ 74%] Built target velodyne_msgs__rosidl_typesupport_introspection_c
[9.893s] [ 74%] Built target velodyne_msgs
[10.078s] [ 76%] Built target velodyne_msgs__py
[10.285s] [35m[1mConsolidate compiler generated dependencies of target velodyne_msgs__rosidl_generator_py[0m
[10.370s] [ 84%] Built target velodyne_msgs__rosidl_generator_py
[10.496s] [35m[1mConsolidate compiler generated dependencies of target velodyne_msgs__rosidl_typesupport_fastrtps_c__pyext[0m
[10.597s] [ 89%] Built target velodyne_msgs__rosidl_typesupport_fastrtps_c__pyext
[10.761s] [35m[1mConsolidate compiler generated dependencies of target velodyne_msgs__rosidl_typesupport_c__pyext[0m
[10.851s] [ 94%] Built target velodyne_msgs__rosidl_typesupport_c__pyext
[10.961s] [35m[1mConsolidate compiler generated dependencies of target velodyne_msgs__rosidl_typesupport_introspection_c__pyext[0m
[11.077s] [100%] Built target velodyne_msgs__rosidl_typesupport_introspection_c__pyext
[11.494s] Invoked command in '/home/pi/Desktop/scrap_ws/build/velodyne_msgs' returned '0': CMAKE_PREFIX_PATH=${CMAKE_PREFIX_PATH}:/home/pi/Desktop/scrap_ws/install/scrap_pkg:/opt/ros/humble /usr/bin/cmake --build /home/pi/Desktop/scrap_ws/build/velodyne_msgs -- -j4 -l4
[12.048s] Invoking command in '/home/pi/Desktop/scrap_ws/build/velodyne_msgs': CMAKE_PREFIX_PATH=${CMAKE_PREFIX_PATH}:/home/pi/Desktop/scrap_ws/install/scrap_pkg:/opt/ros/humble /usr/bin/cmake --install /home/pi/Desktop/scrap_ws/build/velodyne_msgs
[12.113s] -- Install configuration: ""
[12.171s] -- Execute custom install script
[12.180s] -- Up-to-date symlink: /home/pi/Desktop/scrap_ws/install/velodyne_msgs/share/ament_index/resource_index/rosidl_interfaces/velodyne_msgs
[12.201s] -- Up-to-date symlink: /home/pi/Desktop/scrap_ws/install/velodyne_msgs/include/velodyne_msgs/velodyne_msgs/msg/detail/velodyne_packet__functions.h
[12.218s] -- Up-to-date symlink: /home/pi/Desktop/scrap_ws/install/velodyne_msgs/include/velodyne_msgs/velodyne_msgs/msg/detail/velodyne_packet__struct.h
[12.239s] -- Up-to-date symlink: /home/pi/Desktop/scrap_ws/install/velodyne_msgs/include/velodyne_msgs/velodyne_msgs/msg/detail/velodyne_packet__type_support.h
[12.260s] -- Up-to-date symlink: /home/pi/Desktop/scrap_ws/install/velodyne_msgs/include/velodyne_msgs/velodyne_msgs/msg/detail/velodyne_scan__functions.h
[12.280s] -- Up-to-date symlink: /home/pi/Desktop/scrap_ws/install/velodyne_msgs/include/velodyne_msgs/velodyne_msgs/msg/detail/velodyne_scan__struct.h
[12.298s] -- Up-to-date symlink: /home/pi/Desktop/scrap_ws/install/velodyne_msgs/include/velodyne_msgs/velodyne_msgs/msg/detail/velodyne_scan__type_support.h
[12.316s] -- Up-to-date symlink: /home/pi/Desktop/scrap_ws/install/velodyne_msgs/include/velodyne_msgs/velodyne_msgs/msg/rosidl_generator_c__visibility_control.h
[12.325s] -- Up-to-date symlink: /home/pi/Desktop/scrap_ws/install/velodyne_msgs/include/velodyne_msgs/velodyne_msgs/msg/velodyne_packet.h
[12.346s] -- Up-to-date symlink: /home/pi/Desktop/scrap_ws/install/velodyne_msgs/include/velodyne_msgs/velodyne_msgs/msg/velodyne_scan.h
[12.364s] -- Up-to-date symlink: /home/pi/Desktop/scrap_ws/install/velodyne_msgs/share/velodyne_msgs/environment/library_path.sh
[12.383s] -- Up-to-date symlink: /home/pi/Desktop/scrap_ws/install/velodyne_msgs/share/velodyne_msgs/environment/library_path.dsv
[12.441s] -- Up-to-date symlink: /home/pi/Desktop/scrap_ws/install/velodyne_msgs/include/velodyne_msgs/velodyne_msgs/msg/detail/velodyne_packet__rosidl_typesupport_fastrtps_c.h
[12.460s] -- Up-to-date symlink: /home/pi/Desktop/scrap_ws/install/velodyne_msgs/include/velodyne_msgs/velodyne_msgs/msg/detail/velodyne_scan__rosidl_typesupport_fastrtps_c.h
[12.483s] -- Up-to-date symlink: /home/pi/Desktop/scrap_ws/install/velodyne_msgs/include/velodyne_msgs/velodyne_msgs/msg/rosidl_typesupport_fastrtps_c__visibility_control.h
[12.486s] -- Up-to-date symlink: /home/pi/Desktop/scrap_ws/install/velodyne_msgs/include/velodyne_msgs/velodyne_msgs/msg/detail/velodyne_packet__builder.hpp
[12.487s] -- Up-to-date symlink: /home/pi/Desktop/scrap_ws/install/velodyne_msgs/include/velodyne_msgs/velodyne_msgs/msg/detail/velodyne_packet__struct.hpp
[12.488s] -- Up-to-date symlink: /home/pi/Desktop/scrap_ws/install/velodyne_msgs/include/velodyne_msgs/velodyne_msgs/msg/detail/velodyne_packet__traits.hpp
[12.489s] -- Up-to-date symlink: /home/pi/Desktop/scrap_ws/install/velodyne_msgs/include/velodyne_msgs/velodyne_msgs/msg/detail/velodyne_scan__builder.hpp
[12.491s] -- Up-to-date symlink: /home/pi/Desktop/scrap_ws/install/velodyne_msgs/include/velodyne_msgs/velodyne_msgs/msg/detail/velodyne_scan__struct.hpp
[12.492s] -- Up-to-date symlink: /home/pi/Desktop/scrap_ws/install/velodyne_msgs/include/velodyne_msgs/velodyne_msgs/msg/detail/velodyne_scan__traits.hpp
[12.493s] -- Up-to-date symlink: /home/pi/Desktop/scrap_ws/install/velodyne_msgs/include/velodyne_msgs/velodyne_msgs/msg/velodyne_packet.hpp
[12.494s] -- Up-to-date symlink: /home/pi/Desktop/scrap_ws/install/velodyne_msgs/include/velodyne_msgs/velodyne_msgs/msg/velodyne_scan.hpp
[12.544s] -- Up-to-date symlink: /home/pi/Desktop/scrap_ws/install/velodyne_msgs/include/velodyne_msgs/velodyne_msgs/msg/detail/velodyne_packet__rosidl_typesupport_fastrtps_cpp.hpp
[12.563s] -- Up-to-date symlink: /home/pi/Desktop/scrap_ws/install/velodyne_msgs/include/velodyne_msgs/velodyne_msgs/msg/detail/velodyne_scan__rosidl_typesupport_fastrtps_cpp.hpp
[12.582s] -- Up-to-date symlink: /home/pi/Desktop/scrap_ws/install/velodyne_msgs/include/velodyne_msgs/velodyne_msgs/msg/rosidl_typesupport_fastrtps_cpp__visibility_control.h
[12.642s] -- Up-to-date symlink: /home/pi/Desktop/scrap_ws/install/velodyne_msgs/include/velodyne_msgs/velodyne_msgs/msg/detail/velodyne_packet__rosidl_typesupport_introspection_c.h
[12.661s] -- Up-to-date symlink: /home/pi/Desktop/scrap_ws/install/velodyne_msgs/include/velodyne_msgs/velodyne_msgs/msg/detail/velodyne_scan__rosidl_typesupport_introspection_c.h
[12.678s] -- Up-to-date symlink: /home/pi/Desktop/scrap_ws/install/velodyne_msgs/include/velodyne_msgs/velodyne_msgs/msg/rosidl_typesupport_introspection_c__visibility_control.h
[12.697s] -- Up-to-date symlink: /home/pi/Desktop/scrap_ws/install/velodyne_msgs/include/velodyne_msgs/velodyne_msgs/msg/detail/velodyne_packet__rosidl_typesupport_introspection_cpp.hpp
[12.706s] -- Up-to-date symlink: /home/pi/Desktop/scrap_ws/install/velodyne_msgs/include/velodyne_msgs/velodyne_msgs/msg/detail/velodyne_scan__rosidl_typesupport_introspection_cpp.hpp
[12.724s] -- Up-to-date symlink: /home/pi/Desktop/scrap_ws/install/velodyne_msgs/share/velodyne_msgs/environment/pythonpath.sh
[12.744s] -- Up-to-date symlink: /home/pi/Desktop/scrap_ws/install/velodyne_msgs/share/velodyne_msgs/environment/pythonpath.dsv
[12.746s] -- Up-to-date symlink: /home/pi/Desktop/scrap_ws/install/velodyne_msgs/local/lib/python3.10/dist-packages/velodyne_msgs-2.4.0-py3.10.egg-info/PKG-INFO
[12.764s] -- Up-to-date symlink: /home/pi/Desktop/scrap_ws/install/velodyne_msgs/local/lib/python3.10/dist-packages/velodyne_msgs-2.4.0-py3.10.egg-info/SOURCES.txt
[12.783s] -- Up-to-date symlink: /home/pi/Desktop/scrap_ws/install/velodyne_msgs/local/lib/python3.10/dist-packages/velodyne_msgs-2.4.0-py3.10.egg-info/dependency_links.txt
[12.799s] -- Up-to-date symlink: /home/pi/Desktop/scrap_ws/install/velodyne_msgs/local/lib/python3.10/dist-packages/velodyne_msgs-2.4.0-py3.10.egg-info/top_level.txt
[12.822s] -- Up-to-date symlink: /home/pi/Desktop/scrap_ws/install/velodyne_msgs/local/lib/python3.10/dist-packages/velodyne_msgs/__init__.py
[12.934s] -- Up-to-date symlink: /home/pi/Desktop/scrap_ws/install/velodyne_msgs/local/lib/python3.10/dist-packages/velodyne_msgs/_velodyne_msgs_s.ep.rosidl_typesupport_c.c
[12.952s] -- Up-to-date symlink: /home/pi/Desktop/scrap_ws/install/velodyne_msgs/local/lib/python3.10/dist-packages/velodyne_msgs/_velodyne_msgs_s.ep.rosidl_typesupport_fastrtps_c.c
[12.974s] -- Up-to-date symlink: /home/pi/Desktop/scrap_ws/install/velodyne_msgs/local/lib/python3.10/dist-packages/velodyne_msgs/_velodyne_msgs_s.ep.rosidl_typesupport_introspection_c.c
[12.983s] -- Up-to-date symlink: /home/pi/Desktop/scrap_ws/install/velodyne_msgs/local/lib/python3.10/dist-packages/velodyne_msgs/libvelodyne_msgs__rosidl_generator_py.so
[13.003s] -- Up-to-date symlink: /home/pi/Desktop/scrap_ws/install/velodyne_msgs/local/lib/python3.10/dist-packages/velodyne_msgs/msg/__init__.py
[13.025s] -- Up-to-date symlink: /home/pi/Desktop/scrap_ws/install/velodyne_msgs/local/lib/python3.10/dist-packages/velodyne_msgs/msg/_velodyne_packet.py
[13.045s] -- Up-to-date symlink: /home/pi/Desktop/scrap_ws/install/velodyne_msgs/local/lib/python3.10/dist-packages/velodyne_msgs/msg/_velodyne_packet_s.c
[13.064s] -- Up-to-date symlink: /home/pi/Desktop/scrap_ws/install/velodyne_msgs/local/lib/python3.10/dist-packages/velodyne_msgs/msg/_velodyne_scan.py
[13.086s] -- Up-to-date symlink: /home/pi/Desktop/scrap_ws/install/velodyne_msgs/local/lib/python3.10/dist-packages/velodyne_msgs/msg/_velodyne_scan_s.c
[13.089s] -- Up-to-date symlink: /home/pi/Desktop/scrap_ws/install/velodyne_msgs/local/lib/python3.10/dist-packages/velodyne_msgs/velodyne_msgs_s__rosidl_typesupport_c.cpython-310-aarch64-linux-gnu.so
[13.092s] -- Up-to-date symlink: /home/pi/Desktop/scrap_ws/install/velodyne_msgs/local/lib/python3.10/dist-packages/velodyne_msgs/velodyne_msgs_s__rosidl_typesupport_fastrtps_c.cpython-310-aarch64-linux-gnu.so
[13.094s] -- Up-to-date symlink: /home/pi/Desktop/scrap_ws/install/velodyne_msgs/local/lib/python3.10/dist-packages/velodyne_msgs/velodyne_msgs_s__rosidl_typesupport_introspection_c.cpython-310-aarch64-linux-gnu.so
[13.114s] -- Up-to-date symlink: /home/pi/Desktop/scrap_ws/install/velodyne_msgs/local/lib/python3.10/dist-packages/velodyne_msgs/velodyne_msgs_s__rosidl_typesupport_fastrtps_c.cpython-310-aarch64-linux-gnu.so
[13.136s] -- Up-to-date symlink: /home/pi/Desktop/scrap_ws/install/velodyne_msgs/local/lib/python3.10/dist-packages/velodyne_msgs/velodyne_msgs_s__rosidl_typesupport_introspection_c.cpython-310-aarch64-linux-gnu.so
[13.152s] -- Up-to-date symlink: /home/pi/Desktop/scrap_ws/install/velodyne_msgs/local/lib/python3.10/dist-packages/velodyne_msgs/velodyne_msgs_s__rosidl_typesupport_c.cpython-310-aarch64-linux-gnu.so
[13.183s] -- Up-to-date symlink: /home/pi/Desktop/scrap_ws/install/velodyne_msgs/share/velodyne_msgs/msg/VelodynePacket.idl
[13.201s] -- Up-to-date symlink: /home/pi/Desktop/scrap_ws/install/velodyne_msgs/share/velodyne_msgs/msg/VelodyneScan.idl
[13.227s] -- Up-to-date symlink: /home/pi/Desktop/scrap_ws/install/velodyne_msgs/share/velodyne_msgs/msg/VelodynePacket.msg
[13.249s] -- Up-to-date symlink: /home/pi/Desktop/scrap_ws/install/velodyne_msgs/share/velodyne_msgs/msg/VelodyneScan.msg
[13.253s] -- Up-to-date symlink: /home/pi/Desktop/scrap_ws/install/velodyne_msgs/share/ament_index/resource_index/package_run_dependencies/velodyne_msgs
[13.273s] -- Up-to-date symlink: /home/pi/Desktop/scrap_ws/install/velodyne_msgs/share/ament_index/resource_index/parent_prefix_path/velodyne_msgs
[13.296s] -- Up-to-date symlink: /home/pi/Desktop/scrap_ws/install/velodyne_msgs/share/velodyne_msgs/environment/ament_prefix_path.sh
[13.314s] -- Up-to-date symlink: /home/pi/Desktop/scrap_ws/install/velodyne_msgs/share/velodyne_msgs/environment/ament_prefix_path.dsv
[13.323s] -- Up-to-date symlink: /home/pi/Desktop/scrap_ws/install/velodyne_msgs/share/velodyne_msgs/environment/path.sh
[13.345s] -- Up-to-date symlink: /home/pi/Desktop/scrap_ws/install/velodyne_msgs/share/velodyne_msgs/environment/path.dsv
[13.365s] -- Up-to-date symlink: /home/pi/Desktop/scrap_ws/install/velodyne_msgs/share/velodyne_msgs/local_setup.bash
[13.383s] -- Up-to-date symlink: /home/pi/Desktop/scrap_ws/install/velodyne_msgs/share/velodyne_msgs/local_setup.sh
[13.408s] -- Up-to-date symlink: /home/pi/Desktop/scrap_ws/install/velodyne_msgs/share/velodyne_msgs/local_setup.zsh
[13.426s] -- Up-to-date symlink: /home/pi/Desktop/scrap_ws/install/velodyne_msgs/share/velodyne_msgs/local_setup.dsv
[13.426s] -- Symlinking: /home/pi/Desktop/scrap_ws/install/velodyne_msgs/share/velodyne_msgs/package.dsv
[13.486s] -- Up-to-date symlink: /home/pi/Desktop/scrap_ws/install/velodyne_msgs/share/ament_index/resource_index/packages/velodyne_msgs
[13.506s] -- Up-to-date symlink: /home/pi/Desktop/scrap_ws/install/velodyne_msgs/share/velodyne_msgs/cmake/rosidl_cmake-extras.cmake
[13.523s] -- Up-to-date symlink: /home/pi/Desktop/scrap_ws/install/velodyne_msgs/share/velodyne_msgs/cmake/ament_cmake_export_dependencies-extras.cmake
[13.544s] -- Up-to-date symlink: /home/pi/Desktop/scrap_ws/install/velodyne_msgs/share/velodyne_msgs/cmake/ament_cmake_export_include_directories-extras.cmake
[13.562s] -- Up-to-date symlink: /home/pi/Desktop/scrap_ws/install/velodyne_msgs/share/velodyne_msgs/cmake/ament_cmake_export_libraries-extras.cmake
[13.589s] -- Up-to-date symlink: /home/pi/Desktop/scrap_ws/install/velodyne_msgs/share/velodyne_msgs/cmake/ament_cmake_export_targets-extras.cmake
[13.608s] -- Up-to-date symlink: /home/pi/Desktop/scrap_ws/install/velodyne_msgs/share/velodyne_msgs/cmake/rosidl_cmake_export_typesupport_targets-extras.cmake
[13.615s] -- Up-to-date symlink: /home/pi/Desktop/scrap_ws/install/velodyne_msgs/share/velodyne_msgs/cmake/rosidl_cmake_export_typesupport_libraries-extras.cmake
[13.634s] -- Up-to-date symlink: /home/pi/Desktop/scrap_ws/install/velodyne_msgs/share/velodyne_msgs/cmake/velodyne_msgsConfig.cmake
[13.653s] -- Up-to-date symlink: /home/pi/Desktop/scrap_ws/install/velodyne_msgs/share/velodyne_msgs/cmake/velodyne_msgsConfig-version.cmake
[13.671s] -- Up-to-date symlink: /home/pi/Desktop/scrap_ws/install/velodyne_msgs/share/velodyne_msgs/package.xml
[13.673s] -- Up-to-date: /home/pi/Desktop/scrap_ws/install/velodyne_msgs/lib/libvelodyne_msgs__rosidl_generator_c.so
[13.675s] -- Up-to-date: /home/pi/Desktop/scrap_ws/install/velodyne_msgs/lib/libvelodyne_msgs__rosidl_typesupport_fastrtps_c.so
[13.678s] -- Up-to-date: /home/pi/Desktop/scrap_ws/install/velodyne_msgs/lib/libvelodyne_msgs__rosidl_typesupport_fastrtps_cpp.so
[13.681s] -- Up-to-date: /home/pi/Desktop/scrap_ws/install/velodyne_msgs/lib/libvelodyne_msgs__rosidl_typesupport_introspection_c.so
[13.683s] -- Up-to-date: /home/pi/Desktop/scrap_ws/install/velodyne_msgs/lib/libvelodyne_msgs__rosidl_typesupport_c.so
[13.685s] -- Up-to-date: /home/pi/Desktop/scrap_ws/install/velodyne_msgs/lib/libvelodyne_msgs__rosidl_typesupport_introspection_cpp.so
[13.688s] -- Up-to-date: /home/pi/Desktop/scrap_ws/install/velodyne_msgs/lib/libvelodyne_msgs__rosidl_typesupport_cpp.so
[14.096s] Listing '/home/pi/Desktop/scrap_ws/install/velodyne_msgs/local/lib/python3.10/dist-packages/velodyne_msgs'...
[14.097s] Listing '/home/pi/Desktop/scrap_ws/install/velodyne_msgs/local/lib/python3.10/dist-packages/velodyne_msgs/msg'...
[14.122s] -- Up-to-date: /home/pi/Desktop/scrap_ws/install/velodyne_msgs/lib/libvelodyne_msgs__rosidl_generator_py.so
[14.138s] -- Up-to-date: /home/pi/Desktop/scrap_ws/install/velodyne_msgs/share/velodyne_msgs/cmake/export_velodyne_msgs__rosidl_generator_cExport.cmake
[14.139s] -- Up-to-date: /home/pi/Desktop/scrap_ws/install/velodyne_msgs/share/velodyne_msgs/cmake/export_velodyne_msgs__rosidl_generator_cExport-noconfig.cmake
[14.162s] -- Up-to-date: /home/pi/Desktop/scrap_ws/install/velodyne_msgs/share/velodyne_msgs/cmake/export_velodyne_msgs__rosidl_typesupport_fastrtps_cExport.cmake
[14.163s] -- Up-to-date: /home/pi/Desktop/scrap_ws/install/velodyne_msgs/share/velodyne_msgs/cmake/export_velodyne_msgs__rosidl_typesupport_fastrtps_cExport-noconfig.cmake
[14.185s] -- Up-to-date: /home/pi/Desktop/scrap_ws/install/velodyne_msgs/share/velodyne_msgs/cmake/export_velodyne_msgs__rosidl_generator_cppExport.cmake
[14.191s] -- Up-to-date: /home/pi/Desktop/scrap_ws/install/velodyne_msgs/share/velodyne_msgs/cmake/export_velodyne_msgs__rosidl_typesupport_fastrtps_cppExport.cmake
[14.192s] -- Up-to-date: /home/pi/Desktop/scrap_ws/install/velodyne_msgs/share/velodyne_msgs/cmake/export_velodyne_msgs__rosidl_typesupport_fastrtps_cppExport-noconfig.cmake
[14.210s] -- Up-to-date: /home/pi/Desktop/scrap_ws/install/velodyne_msgs/share/velodyne_msgs/cmake/velodyne_msgs__rosidl_typesupport_introspection_cExport.cmake
[14.211s] -- Up-to-date: /home/pi/Desktop/scrap_ws/install/velodyne_msgs/share/velodyne_msgs/cmake/velodyne_msgs__rosidl_typesupport_introspection_cExport-noconfig.cmake
[14.229s] -- Up-to-date: /home/pi/Desktop/scrap_ws/install/velodyne_msgs/share/velodyne_msgs/cmake/velodyne_msgs__rosidl_typesupport_cExport.cmake
[14.230s] -- Up-to-date: /home/pi/Desktop/scrap_ws/install/velodyne_msgs/share/velodyne_msgs/cmake/velodyne_msgs__rosidl_typesupport_cExport-noconfig.cmake
[14.250s] -- Up-to-date: /home/pi/Desktop/scrap_ws/install/velodyne_msgs/share/velodyne_msgs/cmake/velodyne_msgs__rosidl_typesupport_introspection_cppExport.cmake
[14.250s] -- Up-to-date: /home/pi/Desktop/scrap_ws/install/velodyne_msgs/share/velodyne_msgs/cmake/velodyne_msgs__rosidl_typesupport_introspection_cppExport-noconfig.cmake
[14.269s] -- Up-to-date: /home/pi/Desktop/scrap_ws/install/velodyne_msgs/share/velodyne_msgs/cmake/velodyne_msgs__rosidl_typesupport_cppExport.cmake
[14.269s] -- Up-to-date: /home/pi/Desktop/scrap_ws/install/velodyne_msgs/share/velodyne_msgs/cmake/velodyne_msgs__rosidl_typesupport_cppExport-noconfig.cmake
[14.287s] -- Up-to-date: /home/pi/Desktop/scrap_ws/install/velodyne_msgs/share/velodyne_msgs/cmake/export_velodyne_msgs__rosidl_generator_pyExport.cmake
[14.288s] -- Up-to-date: /home/pi/Desktop/scrap_ws/install/velodyne_msgs/share/velodyne_msgs/cmake/export_velodyne_msgs__rosidl_generator_pyExport-noconfig.cmake
[14.370s] Invoked command in '/home/pi/Desktop/scrap_ws/build/velodyne_msgs' returned '0': CMAKE_PREFIX_PATH=${CMAKE_PREFIX_PATH}:/home/pi/Desktop/scrap_ws/install/scrap_pkg:/opt/ros/humble /usr/bin/cmake --install /home/pi/Desktop/scrap_ws/build/velodyne_msgs
