[0.035s] Invoking command in '/home/dayo/Desktop/scrap_ws/build/velodyne_laserscan': /usr/bin/cmake /home/dayo/Desktop/scrap_ws/src/velodyne/velodyne_laserscan -DCATKIN_INSTALL_INTO_PREFIX_ROOT=0 -DCATKIN_SYMLINK_INSTALL=ON -DCMAKE_INSTALL_PREFIX=/home/dayo/Desktop/scrap_ws/install/velodyne_laserscan
[0.231s] [0mCMake Deprecation Warning at CMakeLists.txt:1 (cmake_minimum_required):
[0.231s]   Compatibility with CMake < 2.8.12 will be removed from a future version of
[0.231s]   CMake.
[0.231s] 
[0.231s]   Update the VERSION argument <min> value or use a ...<max> suffix to tell
[0.231s]   CMake that the project does not need compatibility with older versions.
[0.231s] 
[0.231s] [0m
[0.729s] -- The C compiler identification is GNU 11.4.0
[1.076s] -- The CXX compiler identification is GNU 11.4.0
[1.090s] -- Detecting C compiler ABI info
[1.177s] -- Detecting C compiler ABI info - done
[1.184s] -- Check for working C compiler: /usr/bin/cc - skipped
[1.185s] -- Detecting C compile features
[1.194s] -- Detecting C compile features - done
[1.201s] -- Detecting CXX compiler ABI info
[1.275s] -- Detecting CXX compiler ABI info - done
[1.286s] -- Check for working CXX compiler: /usr/bin/c++ - skipped
[1.286s] -- Detecting CXX compile features
[1.287s] -- Detecting CXX compile features - done
[1.346s] [31mCMake Error at CMakeLists.txt:13 (find_package):
[1.346s]   By not providing "Findcatkin.cmake" in CMAKE_MODULE_PATH this project has
[1.346s]   asked CMake to find a package configuration file provided by "catkin", but
[1.346s]   CMake did not find one.
[1.347s] 
[1.347s]   Could not find a package configuration file provided by "catkin" with any
[1.347s]   of the following names:
[1.347s] 
[1.347s]     catkinConfig.cmake
[1.347s]     catkin-config.cmake
[1.347s] 
[1.347s]   Add the installation prefix of "catkin" to CMAKE_PREFIX_PATH or set
[1.347s]   "catkin_DIR" to a directory containing one of the above files.  If "catkin"
[1.347s]   provides a separate development package or SDK, be sure it has been
[1.347s]   installed.
[1.347s] 
[1.347s] [0m
[1.347s] -- Configuring incomplete, errors occurred!
[1.347s] See also "/home/dayo/Desktop/scrap_ws/build/velodyne_laserscan/CMakeFiles/CMakeOutput.log".
[1.352s] Invoked command in '/home/dayo/Desktop/scrap_ws/build/velodyne_laserscan' returned '1': /usr/bin/cmake /home/dayo/Desktop/scrap_ws/src/velodyne/velodyne_laserscan -DCATKIN_INSTALL_INTO_PREFIX_ROOT=0 -DCATKIN_SYMLINK_INSTALL=ON -DCMAKE_INSTALL_PREFIX=/home/dayo/Desktop/scrap_ws/install/velodyne_laserscan
