[2.223s] Invoking command in '/home/pi/Desktop/scrap_ws/build/velodyne_laserscan': CMAKE_PREFIX_PATH=${CMAKE_PREFIX_PATH}:/home/pi/Desktop/scrap_ws/install/scrap_pkg:/opt/ros/humble /usr/bin/cmake --build /home/pi/Desktop/scrap_ws/build/velodyne_laserscan -- -j4 -l4
[3.543s] [35m[1mConsolidate compiler generated dependencies of target velodyne_laserscan[0m
[3.797s] [ 50%] Built target velodyne_laserscan
[4.106s] [35m[1mConsolidate compiler generated dependencies of target velodyne_laserscan_node[0m
[4.241s] [100%] Built target velodyne_laserscan_node
[5.111s] Invoked command in '/home/pi/Desktop/scrap_ws/build/velodyne_laserscan' returned '0': CMAKE_PREFIX_PATH=${CMAKE_PREFIX_PATH}:/home/pi/Desktop/scrap_ws/install/scrap_pkg:/opt/ros/humble /usr/bin/cmake --build /home/pi/Desktop/scrap_ws/build/velodyne_laserscan -- -j4 -l4
[5.340s] Invoking command in '/home/pi/Desktop/scrap_ws/build/velodyne_laserscan': CMAKE_PREFIX_PATH=${CMAKE_PREFIX_PATH}:/home/pi/Desktop/scrap_ws/install/scrap_pkg:/opt/ros/humble /usr/bin/cmake --install /home/pi/Desktop/scrap_ws/build/velodyne_laserscan
[5.457s] -- Install configuration: ""
[5.515s] -- Execute custom install script
[5.652s] -- Up-to-date symlink: /home/pi/Desktop/scrap_ws/install/velodyne_laserscan/lib/libvelodyne_laserscan.so
[5.765s] -- Up-to-date symlink: /home/pi/Desktop/scrap_ws/install/velodyne_laserscan/lib/velodyne_laserscan/velodyne_laserscan_node
[5.823s] -- Up-to-date symlink: /home/pi/Desktop/scrap_ws/install/velodyne_laserscan/include/velodyne_laserscan/velodyne_laserscan.hpp
[5.880s] -- Up-to-date symlink: /home/pi/Desktop/scrap_ws/install/velodyne_laserscan/share/velodyne_laserscan/config/default-velodyne_laserscan_node-params.yaml
[5.936s] -- Up-to-date symlink: /home/pi/Desktop/scrap_ws/install/velodyne_laserscan/share/velodyne_laserscan/launch/velodyne_laserscan_node-composed-launch.py
[5.996s] -- Up-to-date symlink: /home/pi/Desktop/scrap_ws/install/velodyne_laserscan/share/velodyne_laserscan/launch/velodyne_laserscan_node-launch.py
[5.998s] -- Up-to-date symlink: /home/pi/Desktop/scrap_ws/install/velodyne_laserscan/share/ament_index/resource_index/package_run_dependencies/velodyne_laserscan
[6.049s] -- Up-to-date symlink: /home/pi/Desktop/scrap_ws/install/velodyne_laserscan/share/ament_index/resource_index/parent_prefix_path/velodyne_laserscan
[6.104s] -- Up-to-date symlink: /home/pi/Desktop/scrap_ws/install/velodyne_laserscan/share/velodyne_laserscan/environment/ament_prefix_path.sh
[6.162s] -- Up-to-date symlink: /home/pi/Desktop/scrap_ws/install/velodyne_laserscan/share/velodyne_laserscan/environment/ament_prefix_path.dsv
[6.225s] -- Up-to-date symlink: /home/pi/Desktop/scrap_ws/install/velodyne_laserscan/share/velodyne_laserscan/environment/path.sh
[6.275s] -- Up-to-date symlink: /home/pi/Desktop/scrap_ws/install/velodyne_laserscan/share/velodyne_laserscan/environment/path.dsv
[6.329s] -- Up-to-date symlink: /home/pi/Desktop/scrap_ws/install/velodyne_laserscan/share/velodyne_laserscan/local_setup.bash
[6.384s] -- Up-to-date symlink: /home/pi/Desktop/scrap_ws/install/velodyne_laserscan/share/velodyne_laserscan/local_setup.sh
[6.448s] -- Up-to-date symlink: /home/pi/Desktop/scrap_ws/install/velodyne_laserscan/share/velodyne_laserscan/local_setup.zsh
[6.506s] -- Up-to-date symlink: /home/pi/Desktop/scrap_ws/install/velodyne_laserscan/share/velodyne_laserscan/local_setup.dsv
[6.507s] -- Symlinking: /home/pi/Desktop/scrap_ws/install/velodyne_laserscan/share/velodyne_laserscan/package.dsv
[6.586s] -- Up-to-date symlink: /home/pi/Desktop/scrap_ws/install/velodyne_laserscan/share/ament_index/resource_index/packages/velodyne_laserscan
[6.611s] -- Up-to-date symlink: /home/pi/Desktop/scrap_ws/install/velodyne_laserscan/share/ament_index/resource_index/rclcpp_components/velodyne_laserscan
[6.625s] -- Up-to-date symlink: /home/pi/Desktop/scrap_ws/install/velodyne_laserscan/share/velodyne_laserscan/cmake/velodyne_laserscanConfig.cmake
[6.651s] -- Up-to-date symlink: /home/pi/Desktop/scrap_ws/install/velodyne_laserscan/share/velodyne_laserscan/cmake/velodyne_laserscanConfig-version.cmake
[6.672s] -- Up-to-date symlink: /home/pi/Desktop/scrap_ws/install/velodyne_laserscan/share/velodyne_laserscan/package.xml
[6.696s] Invoked command in '/home/pi/Desktop/scrap_ws/build/velodyne_laserscan' returned '0': CMAKE_PREFIX_PATH=${CMAKE_PREFIX_PATH}:/home/pi/Desktop/scrap_ws/install/scrap_pkg:/opt/ros/humble /usr/bin/cmake --install /home/pi/Desktop/scrap_ws/build/velodyne_laserscan
