[0.010s] Invoking command in '/home/dayo/Desktop/scrap_ws/build/velodyne_laserscan': /usr/bin/cmake /home/dayo/Desktop/scrap_ws/src/velodyne/velodyne_laserscan -DCATKIN_INSTALL_INTO_PREFIX_ROOT=0 -DCMAKE_INSTALL_PREFIX=/home/dayo/Desktop/scrap_ws/install/velodyne_laserscan
[0.032s] [0mCMake Deprecation Warning at CMakeLists.txt:1 (cmake_minimum_required):
[0.032s]   Compatibility with CMake < 2.8.12 will be removed from a future version of
[0.032s]   CMake.
[0.032s] 
[0.032s]   Update the VERSION argument <min> value or use a ...<max> suffix to tell
[0.032s]   CMake that the project does not need compatibility with older versions.
[0.033s] 
[0.033s] [0m
[0.034s] [31mCMake Error at CMakeLists.txt:13 (find_package):
[0.034s]   By not providing "Findcatkin.cmake" in CMAKE_MODULE_PATH this project has
[0.034s]   asked CMake to find a package configuration file provided by "catkin", but
[0.034s]   CMake did not find one.
[0.034s] 
[0.035s]   Could not find a package configuration file provided by "catkin" with any
[0.035s]   of the following names:
[0.035s] 
[0.035s]     catkinConfig.cmake
[0.035s]     catkin-config.cmake
[0.035s] 
[0.035s]   Add the installation prefix of "catkin" to CMAKE_PREFIX_PATH or set
[0.035s]   "catkin_DIR" to a directory containing one of the above files.  If "catkin"
[0.035s]   provides a separate development package or SDK, be sure it has been
[0.035s]   installed.
[0.035s] 
[0.036s] [0m
[0.036s] -- Configuring incomplete, errors occurred!
[0.036s] See also "/home/dayo/Desktop/scrap_ws/build/velodyne_laserscan/CMakeFiles/CMakeOutput.log".
[0.038s] Invoked command in '/home/dayo/Desktop/scrap_ws/build/velodyne_laserscan' returned '1': /usr/bin/cmake /home/dayo/Desktop/scrap_ws/src/velodyne/velodyne_laserscan -DCATKIN_INSTALL_INTO_PREFIX_ROOT=0 -DCMAKE_INSTALL_PREFIX=/home/dayo/Desktop/scrap_ws/install/velodyne_laserscan
