[0.027s] Invoking command in '/home/dayo/Desktop/scrap_ws/build/usb_cam': CMAKE_PREFIX_PATH=${CMAKE_PREFIX_PATH}:/opt/ros/iron /usr/bin/cmake --build /home/dayo/Desktop/scrap_ws/build/usb_cam -- -j2 -l2
[0.148s] [ 14%] Built target usb_cam
[0.151s] [ 28%] Built target usb_cam_node_exe
[0.196s] [ 42%] Built target gtest
[0.230s] [ 57%] Built target gtest_main
[0.274s] [ 71%] Built target usb_cam_node
[0.285s] [ 85%] Built target test_usb_cam_utils
[0.318s] [100%] Built target test_pixel_formats
[0.347s] Invoked command in '/home/dayo/Desktop/scrap_ws/build/usb_cam' returned '0': CMAKE_PREFIX_PATH=${CMAKE_PREFIX_PATH}:/opt/ros/iron /usr/bin/cmake --build /home/dayo/Desktop/scrap_ws/build/usb_cam -- -j2 -l2
[0.503s] Invoking command in '/home/dayo/Desktop/scrap_ws/build/usb_cam': CMAKE_PREFIX_PATH=${CMAKE_PREFIX_PATH}:/opt/ros/iron /usr/bin/cmake --install /home/dayo/Desktop/scrap_ws/build/usb_cam
[0.513s] -- Install configuration: ""
[0.513s] -- Up-to-date: /home/dayo/Desktop/scrap_ws/install/usb_cam/share/usb_cam/environment/library_path.sh
[0.513s] -- Up-to-date: /home/dayo/Desktop/scrap_ws/install/usb_cam/share/usb_cam/environment/library_path.dsv
[0.514s] -- Up-to-date: /home/dayo/Desktop/scrap_ws/install/usb_cam/lib/usb_cam/usb_cam_node_exe
[0.515s] -- Up-to-date: /home/dayo/Desktop/scrap_ws/install/usb_cam/lib/usb_cam/show_image.py
[0.515s] -- Up-to-date: /home/dayo/Desktop/scrap_ws/install/usb_cam/lib/libusb_cam.so
[0.516s] -- Up-to-date: /home/dayo/Desktop/scrap_ws/install/usb_cam/lib/libusb_cam_node.so
[0.516s] -- Up-to-date: /home/dayo/Desktop/scrap_ws/install/usb_cam/include
[0.517s] -- Up-to-date: /home/dayo/Desktop/scrap_ws/install/usb_cam/include/usb_cam
[0.517s] -- Up-to-date: /home/dayo/Desktop/scrap_ws/install/usb_cam/include/usb_cam/usb_cam.hpp
[0.517s] -- Up-to-date: /home/dayo/Desktop/scrap_ws/install/usb_cam/include/usb_cam/formats
[0.517s] -- Up-to-date: /home/dayo/Desktop/scrap_ws/install/usb_cam/include/usb_cam/formats/pixel_format_base.hpp
[0.518s] -- Up-to-date: /home/dayo/Desktop/scrap_ws/install/usb_cam/include/usb_cam/formats/mjpeg.hpp
[0.518s] -- Up-to-date: /home/dayo/Desktop/scrap_ws/install/usb_cam/include/usb_cam/formats/m420.hpp
[0.518s] -- Up-to-date: /home/dayo/Desktop/scrap_ws/install/usb_cam/include/usb_cam/formats/utils.hpp
[0.518s] -- Up-to-date: /home/dayo/Desktop/scrap_ws/install/usb_cam/include/usb_cam/formats/yuyv.hpp
[0.518s] -- Up-to-date: /home/dayo/Desktop/scrap_ws/install/usb_cam/include/usb_cam/formats/uyvy.hpp
[0.519s] -- Up-to-date: /home/dayo/Desktop/scrap_ws/install/usb_cam/include/usb_cam/formats/mono.hpp
[0.519s] -- Up-to-date: /home/dayo/Desktop/scrap_ws/install/usb_cam/include/usb_cam/formats/rgb.hpp
[0.519s] -- Up-to-date: /home/dayo/Desktop/scrap_ws/install/usb_cam/include/usb_cam/usb_cam_node.hpp
[0.519s] -- Up-to-date: /home/dayo/Desktop/scrap_ws/install/usb_cam/include/usb_cam/utils.hpp
[0.519s] -- Up-to-date: /home/dayo/Desktop/scrap_ws/install/usb_cam/include/usb_cam/conversions.hpp
[0.520s] -- Up-to-date: /home/dayo/Desktop/scrap_ws/install/usb_cam/include/usb_cam/constants.hpp
[0.520s] -- Up-to-date: /home/dayo/Desktop/scrap_ws/install/usb_cam/lib/libusb_cam_node.so
[0.521s] -- Up-to-date: /home/dayo/Desktop/scrap_ws/install/usb_cam/share/usb_cam/launch
[0.521s] -- Up-to-date: /home/dayo/Desktop/scrap_ws/install/usb_cam/share/usb_cam/launch/camera.launch.py
[0.521s] -- Up-to-date: /home/dayo/Desktop/scrap_ws/install/usb_cam/share/usb_cam/launch/__init__.py
[0.522s] -- Up-to-date: /home/dayo/Desktop/scrap_ws/install/usb_cam/share/usb_cam/launch/camera_config.py
[0.522s] -- Up-to-date: /home/dayo/Desktop/scrap_ws/install/usb_cam/share/usb_cam/config
[0.522s] -- Up-to-date: /home/dayo/Desktop/scrap_ws/install/usb_cam/share/usb_cam/config/params_2.yaml
[0.523s] -- Up-to-date: /home/dayo/Desktop/scrap_ws/install/usb_cam/share/usb_cam/config/camera_info.yaml
[0.523s] -- Up-to-date: /home/dayo/Desktop/scrap_ws/install/usb_cam/share/usb_cam/config/params_1.yaml
[0.523s] -- Up-to-date: /home/dayo/Desktop/scrap_ws/install/usb_cam/share/ament_index/resource_index/package_run_dependencies/usb_cam
[0.523s] -- Up-to-date: /home/dayo/Desktop/scrap_ws/install/usb_cam/share/ament_index/resource_index/parent_prefix_path/usb_cam
[0.524s] -- Up-to-date: /home/dayo/Desktop/scrap_ws/install/usb_cam/share/usb_cam/environment/ament_prefix_path.sh
[0.525s] -- Up-to-date: /home/dayo/Desktop/scrap_ws/install/usb_cam/share/usb_cam/environment/ament_prefix_path.dsv
[0.525s] -- Up-to-date: /home/dayo/Desktop/scrap_ws/install/usb_cam/share/usb_cam/environment/path.sh
[0.525s] -- Up-to-date: /home/dayo/Desktop/scrap_ws/install/usb_cam/share/usb_cam/environment/path.dsv
[0.526s] -- Up-to-date: /home/dayo/Desktop/scrap_ws/install/usb_cam/share/usb_cam/local_setup.bash
[0.526s] -- Up-to-date: /home/dayo/Desktop/scrap_ws/install/usb_cam/share/usb_cam/local_setup.sh
[0.526s] -- Up-to-date: /home/dayo/Desktop/scrap_ws/install/usb_cam/share/usb_cam/local_setup.zsh
[0.526s] -- Up-to-date: /home/dayo/Desktop/scrap_ws/install/usb_cam/share/usb_cam/local_setup.dsv
[0.527s] -- Installing: /home/dayo/Desktop/scrap_ws/install/usb_cam/share/usb_cam/package.dsv
[0.527s] -- Up-to-date: /home/dayo/Desktop/scrap_ws/install/usb_cam/share/ament_index/resource_index/packages/usb_cam
[0.528s] -- Up-to-date: /home/dayo/Desktop/scrap_ws/install/usb_cam/share/ament_index/resource_index/rclcpp_components/usb_cam
[0.528s] -- Up-to-date: /home/dayo/Desktop/scrap_ws/install/usb_cam/share/usb_cam/cmake/ament_cmake_export_libraries-extras.cmake
[0.528s] -- Up-to-date: /home/dayo/Desktop/scrap_ws/install/usb_cam/share/usb_cam/cmake/ament_cmake_export_dependencies-extras.cmake
[0.528s] -- Up-to-date: /home/dayo/Desktop/scrap_ws/install/usb_cam/share/usb_cam/cmake/ament_cmake_export_include_directories-extras.cmake
[0.528s] -- Up-to-date: /home/dayo/Desktop/scrap_ws/install/usb_cam/share/usb_cam/cmake/usb_camConfig.cmake
[0.528s] -- Up-to-date: /home/dayo/Desktop/scrap_ws/install/usb_cam/share/usb_cam/cmake/usb_camConfig-version.cmake
[0.528s] -- Up-to-date: /home/dayo/Desktop/scrap_ws/install/usb_cam/share/usb_cam/package.xml
[0.535s] Invoked command in '/home/dayo/Desktop/scrap_ws/build/usb_cam' returned '0': CMAKE_PREFIX_PATH=${CMAKE_PREFIX_PATH}:/opt/ros/iron /usr/bin/cmake --install /home/dayo/Desktop/scrap_ws/build/usb_cam
