[2.868s] DEBUG:colcon:Command line arguments: ['/usr/bin/colcon', 'build']
[2.868s] DEBUG:colcon:Parsed command line arguments: Namespace(log_base=None, log_level=None, verb_name='build', build_base='build', install_base='install', merge_install=False, symlink_install=False, test_result_base=None, continue_on_error=False, executor='parallel', parallel_workers=2, event_handlers=None, ignore_user_meta=False, metas=['./colcon.meta'], base_paths=['.'], packages_ignore=None, packages_ignore_regex=None, paths=None, packages_up_to=None, packages_up_to_regex=None, packages_above=None, packages_above_and_dependencies=None, packages_above_depth=None, packages_select_by_dep=None, packages_skip_by_dep=None, packages_skip_up_to=None, packages_select_build_failed=False, packages_skip_build_finished=False, packages_select_test_failures=False, packages_skip_test_passed=False, packages_select=None, packages_skip=None, packages_select_regex=None, packages_skip_regex=None, packages_start=None, packages_end=None, allow_overriding=[], cmake_args=None, cmake_target=None, cmake_target_skip_unavailable=False, cmake_clean_cache=False, cmake_clean_first=False, cmake_force_configure=False, ament_cmake_args=None, catkin_cmake_args=None, catkin_skip_building_tests=False, verb_parser=<colcon_defaults.argument_parser.defaults.DefaultArgumentsDecorator object at 0x7fd0aa867400>, verb_extension=<colcon_core.verb.build.BuildVerb object at 0x7fd0aa9fbe50>, main=<bound method BuildVerb.main of <colcon_core.verb.build.BuildVerb object at 0x7fd0aa9fbe50>>)
[2.930s] Level 1:colcon.colcon_core.package_discovery:discover_packages(colcon_meta) check parameters
[2.930s] Level 1:colcon.colcon_core.package_discovery:discover_packages(recursive) check parameters
[2.930s] Level 1:colcon.colcon_core.package_discovery:discover_packages(ignore) check parameters
[2.930s] Level 1:colcon.colcon_core.package_discovery:discover_packages(path) check parameters
[2.930s] Level 1:colcon.colcon_core.package_discovery:discover_packages(colcon_meta) discover
[2.930s] Level 1:colcon.colcon_core.package_discovery:discover_packages(recursive) discover
[2.930s] INFO:colcon.colcon_core.package_discovery:Crawling recursively for packages in '/home/dayo/Desktop/scrap_ws'
[2.931s] Level 1:colcon.colcon_core.package_identification:_identify(.) by extensions ['ignore', 'ignore_ament_install']
[2.931s] Level 1:colcon.colcon_core.package_identification:_identify(.) by extension 'ignore'
[2.931s] Level 1:colcon.colcon_core.package_identification:_identify(.) by extension 'ignore_ament_install'
[2.931s] Level 1:colcon.colcon_core.package_identification:_identify(.) by extensions ['colcon_pkg']
[2.931s] Level 1:colcon.colcon_core.package_identification:_identify(.) by extension 'colcon_pkg'
[2.931s] Level 1:colcon.colcon_core.package_identification:_identify(.) by extensions ['colcon_meta']
[2.931s] Level 1:colcon.colcon_core.package_identification:_identify(.) by extension 'colcon_meta'
[2.931s] Level 1:colcon.colcon_core.package_identification:_identify(.) by extensions ['ros']
[2.931s] Level 1:colcon.colcon_core.package_identification:_identify(.) by extension 'ros'
[2.960s] Level 1:colcon.colcon_core.package_identification:_identify(.) by extensions ['cmake', 'python']
[2.961s] Level 1:colcon.colcon_core.package_identification:_identify(.) by extension 'cmake'
[2.961s] Level 1:colcon.colcon_core.package_identification:_identify(.) by extension 'python'
[2.961s] Level 1:colcon.colcon_core.package_identification:_identify(.) by extensions ['python_setup_py']
[2.961s] Level 1:colcon.colcon_core.package_identification:_identify(.) by extension 'python_setup_py'
[2.961s] Level 1:colcon.colcon_core.package_identification:_identify(build) by extensions ['ignore', 'ignore_ament_install']
[2.961s] Level 1:colcon.colcon_core.package_identification:_identify(build) by extension 'ignore'
[2.961s] Level 1:colcon.colcon_core.package_identification:_identify(build) ignored
[2.961s] Level 1:colcon.colcon_core.package_identification:_identify(install) by extensions ['ignore', 'ignore_ament_install']
[2.961s] Level 1:colcon.colcon_core.package_identification:_identify(install) by extension 'ignore'
[2.961s] Level 1:colcon.colcon_core.package_identification:_identify(install) ignored
[2.961s] Level 1:colcon.colcon_core.package_identification:_identify(log) by extensions ['ignore', 'ignore_ament_install']
[2.961s] Level 1:colcon.colcon_core.package_identification:_identify(log) by extension 'ignore'
[2.961s] Level 1:colcon.colcon_core.package_identification:_identify(log) ignored
[2.962s] Level 1:colcon.colcon_core.package_identification:_identify(src) by extensions ['ignore', 'ignore_ament_install']
[2.962s] Level 1:colcon.colcon_core.package_identification:_identify(src) by extension 'ignore'
[2.962s] Level 1:colcon.colcon_core.package_identification:_identify(src) by extension 'ignore_ament_install'
[2.962s] Level 1:colcon.colcon_core.package_identification:_identify(src) by extensions ['colcon_pkg']
[2.962s] Level 1:colcon.colcon_core.package_identification:_identify(src) by extension 'colcon_pkg'
[2.962s] Level 1:colcon.colcon_core.package_identification:_identify(src) by extensions ['colcon_meta']
[2.962s] Level 1:colcon.colcon_core.package_identification:_identify(src) by extension 'colcon_meta'
[2.962s] Level 1:colcon.colcon_core.package_identification:_identify(src) by extensions ['ros']
[2.962s] Level 1:colcon.colcon_core.package_identification:_identify(src) by extension 'ros'
[2.962s] Level 1:colcon.colcon_core.package_identification:_identify(src) by extensions ['cmake', 'python']
[2.962s] Level 1:colcon.colcon_core.package_identification:_identify(src) by extension 'cmake'
[2.962s] Level 1:colcon.colcon_core.package_identification:_identify(src) by extension 'python'
[2.962s] Level 1:colcon.colcon_core.package_identification:_identify(src) by extensions ['python_setup_py']
[2.962s] Level 1:colcon.colcon_core.package_identification:_identify(src) by extension 'python_setup_py'
[2.962s] Level 1:colcon.colcon_core.package_identification:_identify(src/scrap_pkg) by extensions ['ignore', 'ignore_ament_install']
[2.962s] Level 1:colcon.colcon_core.package_identification:_identify(src/scrap_pkg) by extension 'ignore'
[2.962s] Level 1:colcon.colcon_core.package_identification:_identify(src/scrap_pkg) by extension 'ignore_ament_install'
[2.962s] Level 1:colcon.colcon_core.package_identification:_identify(src/scrap_pkg) by extensions ['colcon_pkg']
[2.962s] Level 1:colcon.colcon_core.package_identification:_identify(src/scrap_pkg) by extension 'colcon_pkg'
[2.962s] Level 1:colcon.colcon_core.package_identification:_identify(src/scrap_pkg) by extensions ['colcon_meta']
[2.962s] Level 1:colcon.colcon_core.package_identification:_identify(src/scrap_pkg) by extension 'colcon_meta'
[2.962s] Level 1:colcon.colcon_core.package_identification:_identify(src/scrap_pkg) by extensions ['ros']
[2.963s] Level 1:colcon.colcon_core.package_identification:_identify(src/scrap_pkg) by extension 'ros'
[3.052s] DEBUG:colcon.colcon_core.package_identification:Package 'src/scrap_pkg' with type 'ros.ament_cmake' and name 'scrap_pkg'
[3.052s] Level 1:colcon.colcon_core.package_identification:_identify(src/usb_cam) by extensions ['ignore', 'ignore_ament_install']
[3.052s] Level 1:colcon.colcon_core.package_identification:_identify(src/usb_cam) by extension 'ignore'
[3.052s] Level 1:colcon.colcon_core.package_identification:_identify(src/usb_cam) by extension 'ignore_ament_install'
[3.052s] Level 1:colcon.colcon_core.package_identification:_identify(src/usb_cam) by extensions ['colcon_pkg']
[3.052s] Level 1:colcon.colcon_core.package_identification:_identify(src/usb_cam) by extension 'colcon_pkg'
[3.052s] Level 1:colcon.colcon_core.package_identification:_identify(src/usb_cam) by extensions ['colcon_meta']
[3.052s] Level 1:colcon.colcon_core.package_identification:_identify(src/usb_cam) by extension 'colcon_meta'
[3.052s] Level 1:colcon.colcon_core.package_identification:_identify(src/usb_cam) by extensions ['ros']
[3.052s] Level 1:colcon.colcon_core.package_identification:_identify(src/usb_cam) by extension 'ros'
[3.060s] DEBUG:colcon.colcon_core.package_identification:Package 'src/usb_cam' with type 'ros.ament_cmake' and name 'usb_cam'
[3.061s] Level 1:colcon.colcon_core.package_identification:_identify(src/velodyne) by extensions ['ignore', 'ignore_ament_install']
[3.061s] Level 1:colcon.colcon_core.package_identification:_identify(src/velodyne) by extension 'ignore'
[3.061s] Level 1:colcon.colcon_core.package_identification:_identify(src/velodyne) by extension 'ignore_ament_install'
[3.061s] Level 1:colcon.colcon_core.package_identification:_identify(src/velodyne) by extensions ['colcon_pkg']
[3.061s] Level 1:colcon.colcon_core.package_identification:_identify(src/velodyne) by extension 'colcon_pkg'
[3.061s] Level 1:colcon.colcon_core.package_identification:_identify(src/velodyne) by extensions ['colcon_meta']
[3.061s] Level 1:colcon.colcon_core.package_identification:_identify(src/velodyne) by extension 'colcon_meta'
[3.061s] Level 1:colcon.colcon_core.package_identification:_identify(src/velodyne) by extensions ['ros']
[3.061s] Level 1:colcon.colcon_core.package_identification:_identify(src/velodyne) by extension 'ros'
[3.061s] Level 1:colcon.colcon_core.package_identification:_identify(src/velodyne) by extensions ['cmake', 'python']
[3.061s] Level 1:colcon.colcon_core.package_identification:_identify(src/velodyne) by extension 'cmake'
[3.061s] Level 1:colcon.colcon_core.package_identification:_identify(src/velodyne) by extension 'python'
[3.061s] Level 1:colcon.colcon_core.package_identification:_identify(src/velodyne) by extensions ['python_setup_py']
[3.061s] Level 1:colcon.colcon_core.package_identification:_identify(src/velodyne) by extension 'python_setup_py'
[3.062s] Level 1:colcon.colcon_core.package_identification:_identify(src/velodyne/velodyne) by extensions ['ignore', 'ignore_ament_install']
[3.062s] Level 1:colcon.colcon_core.package_identification:_identify(src/velodyne/velodyne) by extension 'ignore'
[3.062s] Level 1:colcon.colcon_core.package_identification:_identify(src/velodyne/velodyne) by extension 'ignore_ament_install'
[3.062s] Level 1:colcon.colcon_core.package_identification:_identify(src/velodyne/velodyne) by extensions ['colcon_pkg']
[3.062s] Level 1:colcon.colcon_core.package_identification:_identify(src/velodyne/velodyne) by extension 'colcon_pkg'
[3.062s] Level 1:colcon.colcon_core.package_identification:_identify(src/velodyne/velodyne) by extensions ['colcon_meta']
[3.062s] Level 1:colcon.colcon_core.package_identification:_identify(src/velodyne/velodyne) by extension 'colcon_meta'
[3.062s] Level 1:colcon.colcon_core.package_identification:_identify(src/velodyne/velodyne) by extensions ['ros']
[3.062s] Level 1:colcon.colcon_core.package_identification:_identify(src/velodyne/velodyne) by extension 'ros'
[3.071s] DEBUG:colcon.colcon_core.package_identification:Package 'src/velodyne/velodyne' with type 'ros.ament_cmake' and name 'velodyne'
[3.071s] Level 1:colcon.colcon_core.package_identification:_identify(src/velodyne/velodyne_driver) by extensions ['ignore', 'ignore_ament_install']
[3.071s] Level 1:colcon.colcon_core.package_identification:_identify(src/velodyne/velodyne_driver) by extension 'ignore'
[3.071s] Level 1:colcon.colcon_core.package_identification:_identify(src/velodyne/velodyne_driver) by extension 'ignore_ament_install'
[3.071s] Level 1:colcon.colcon_core.package_identification:_identify(src/velodyne/velodyne_driver) by extensions ['colcon_pkg']
[3.071s] Level 1:colcon.colcon_core.package_identification:_identify(src/velodyne/velodyne_driver) by extension 'colcon_pkg'
[3.071s] Level 1:colcon.colcon_core.package_identification:_identify(src/velodyne/velodyne_driver) by extensions ['colcon_meta']
[3.071s] Level 1:colcon.colcon_core.package_identification:_identify(src/velodyne/velodyne_driver) by extension 'colcon_meta'
[3.072s] Level 1:colcon.colcon_core.package_identification:_identify(src/velodyne/velodyne_driver) by extensions ['ros']
[3.072s] Level 1:colcon.colcon_core.package_identification:_identify(src/velodyne/velodyne_driver) by extension 'ros'
[3.075s] DEBUG:colcon.colcon_core.package_identification:Package 'src/velodyne/velodyne_driver' with type 'ros.ament_cmake' and name 'velodyne_driver'
[3.075s] Level 1:colcon.colcon_core.package_identification:_identify(src/velodyne/velodyne_laserscan) by extensions ['ignore', 'ignore_ament_install']
[3.075s] Level 1:colcon.colcon_core.package_identification:_identify(src/velodyne/velodyne_laserscan) by extension 'ignore'
[3.075s] Level 1:colcon.colcon_core.package_identification:_identify(src/velodyne/velodyne_laserscan) by extension 'ignore_ament_install'
[3.075s] Level 1:colcon.colcon_core.package_identification:_identify(src/velodyne/velodyne_laserscan) by extensions ['colcon_pkg']
[3.075s] Level 1:colcon.colcon_core.package_identification:_identify(src/velodyne/velodyne_laserscan) by extension 'colcon_pkg'
[3.075s] Level 1:colcon.colcon_core.package_identification:_identify(src/velodyne/velodyne_laserscan) by extensions ['colcon_meta']
[3.075s] Level 1:colcon.colcon_core.package_identification:_identify(src/velodyne/velodyne_laserscan) by extension 'colcon_meta'
[3.075s] Level 1:colcon.colcon_core.package_identification:_identify(src/velodyne/velodyne_laserscan) by extensions ['ros']
[3.075s] Level 1:colcon.colcon_core.package_identification:_identify(src/velodyne/velodyne_laserscan) by extension 'ros'
[3.076s] DEBUG:colcon.colcon_core.package_identification:Package 'src/velodyne/velodyne_laserscan' with type 'ros.ament_cmake' and name 'velodyne_laserscan'
[3.076s] Level 1:colcon.colcon_core.package_identification:_identify(src/velodyne/velodyne_msgs) by extensions ['ignore', 'ignore_ament_install']
[3.077s] Level 1:colcon.colcon_core.package_identification:_identify(src/velodyne/velodyne_msgs) by extension 'ignore'
[3.077s] Level 1:colcon.colcon_core.package_identification:_identify(src/velodyne/velodyne_msgs) by extension 'ignore_ament_install'
[3.077s] Level 1:colcon.colcon_core.package_identification:_identify(src/velodyne/velodyne_msgs) by extensions ['colcon_pkg']
[3.077s] Level 1:colcon.colcon_core.package_identification:_identify(src/velodyne/velodyne_msgs) by extension 'colcon_pkg'
[3.077s] Level 1:colcon.colcon_core.package_identification:_identify(src/velodyne/velodyne_msgs) by extensions ['colcon_meta']
[3.077s] Level 1:colcon.colcon_core.package_identification:_identify(src/velodyne/velodyne_msgs) by extension 'colcon_meta'
[3.077s] Level 1:colcon.colcon_core.package_identification:_identify(src/velodyne/velodyne_msgs) by extensions ['ros']
[3.077s] Level 1:colcon.colcon_core.package_identification:_identify(src/velodyne/velodyne_msgs) by extension 'ros'
[3.078s] DEBUG:colcon.colcon_core.package_identification:Package 'src/velodyne/velodyne_msgs' with type 'ros.ament_cmake' and name 'velodyne_msgs'
[3.078s] Level 1:colcon.colcon_core.package_identification:_identify(src/velodyne/velodyne_pointcloud) by extensions ['ignore', 'ignore_ament_install']
[3.078s] Level 1:colcon.colcon_core.package_identification:_identify(src/velodyne/velodyne_pointcloud) by extension 'ignore'
[3.079s] Level 1:colcon.colcon_core.package_identification:_identify(src/velodyne/velodyne_pointcloud) by extension 'ignore_ament_install'
[3.079s] Level 1:colcon.colcon_core.package_identification:_identify(src/velodyne/velodyne_pointcloud) by extensions ['colcon_pkg']
[3.079s] Level 1:colcon.colcon_core.package_identification:_identify(src/velodyne/velodyne_pointcloud) by extension 'colcon_pkg'
[3.079s] Level 1:colcon.colcon_core.package_identification:_identify(src/velodyne/velodyne_pointcloud) by extensions ['colcon_meta']
[3.079s] Level 1:colcon.colcon_core.package_identification:_identify(src/velodyne/velodyne_pointcloud) by extension 'colcon_meta'
[3.079s] Level 1:colcon.colcon_core.package_identification:_identify(src/velodyne/velodyne_pointcloud) by extensions ['ros']
[3.079s] Level 1:colcon.colcon_core.package_identification:_identify(src/velodyne/velodyne_pointcloud) by extension 'ros'
[3.080s] DEBUG:colcon.colcon_core.package_identification:Package 'src/velodyne/velodyne_pointcloud' with type 'ros.ament_cmake' and name 'velodyne_pointcloud'
[3.081s] Level 1:colcon.colcon_core.package_discovery:discover_packages(recursive) using defaults
[3.081s] Level 1:colcon.colcon_core.package_discovery:discover_packages(ignore) discover
[3.081s] Level 1:colcon.colcon_core.package_discovery:discover_packages(ignore) using defaults
[3.081s] Level 1:colcon.colcon_core.package_discovery:discover_packages(path) discover
[3.081s] Level 1:colcon.colcon_core.package_discovery:discover_packages(path) using defaults
[3.174s] Level 1:colcon.colcon_core.package_discovery:discover_packages(prefix_path) check parameters
[3.174s] Level 1:colcon.colcon_core.package_discovery:discover_packages(prefix_path) discover
[3.178s] DEBUG:colcon.colcon_installed_package_information.package_discovery:Found 7 installed packages in /home/dayo/Desktop/scrap_ws/install
[3.180s] DEBUG:colcon.colcon_installed_package_information.package_discovery:Found 294 installed packages in /opt/ros/iron
[3.181s] Level 1:colcon.colcon_core.package_discovery:discover_packages(prefix_path) using defaults
[3.224s] Level 5:colcon.colcon_core.verb:set package 'usb_cam' build argument 'cmake_args' from command line to 'None'
[3.224s] Level 5:colcon.colcon_core.verb:set package 'usb_cam' build argument 'cmake_target' from command line to 'None'
[3.224s] Level 5:colcon.colcon_core.verb:set package 'usb_cam' build argument 'cmake_target_skip_unavailable' from command line to 'False'
[3.224s] Level 5:colcon.colcon_core.verb:set package 'usb_cam' build argument 'cmake_clean_cache' from command line to 'False'
[3.224s] Level 5:colcon.colcon_core.verb:set package 'usb_cam' build argument 'cmake_clean_first' from command line to 'False'
[3.224s] Level 5:colcon.colcon_core.verb:set package 'usb_cam' build argument 'cmake_force_configure' from command line to 'False'
[3.224s] Level 5:colcon.colcon_core.verb:set package 'usb_cam' build argument 'ament_cmake_args' from command line to 'None'
[3.224s] Level 5:colcon.colcon_core.verb:set package 'usb_cam' build argument 'catkin_cmake_args' from command line to 'None'
[3.224s] Level 5:colcon.colcon_core.verb:set package 'usb_cam' build argument 'catkin_skip_building_tests' from command line to 'False'
[3.224s] DEBUG:colcon.colcon_core.verb:Building package 'usb_cam' with the following arguments: {'ament_cmake_args': None, 'build_base': '/home/dayo/Desktop/scrap_ws/build/usb_cam', 'catkin_cmake_args': None, 'catkin_skip_building_tests': False, 'cmake_args': None, 'cmake_clean_cache': False, 'cmake_clean_first': False, 'cmake_force_configure': False, 'cmake_target': None, 'cmake_target_skip_unavailable': False, 'install_base': '/home/dayo/Desktop/scrap_ws/install/usb_cam', 'merge_install': False, 'path': '/home/dayo/Desktop/scrap_ws/src/usb_cam', 'symlink_install': False, 'test_result_base': None}
[3.225s] Level 5:colcon.colcon_core.verb:set package 'velodyne_laserscan' build argument 'cmake_args' from command line to 'None'
[3.225s] Level 5:colcon.colcon_core.verb:set package 'velodyne_laserscan' build argument 'cmake_target' from command line to 'None'
[3.225s] Level 5:colcon.colcon_core.verb:set package 'velodyne_laserscan' build argument 'cmake_target_skip_unavailable' from command line to 'False'
[3.225s] Level 5:colcon.colcon_core.verb:set package 'velodyne_laserscan' build argument 'cmake_clean_cache' from command line to 'False'
[3.225s] Level 5:colcon.colcon_core.verb:set package 'velodyne_laserscan' build argument 'cmake_clean_first' from command line to 'False'
[3.225s] Level 5:colcon.colcon_core.verb:set package 'velodyne_laserscan' build argument 'cmake_force_configure' from command line to 'False'
[3.225s] Level 5:colcon.colcon_core.verb:set package 'velodyne_laserscan' build argument 'ament_cmake_args' from command line to 'None'
[3.225s] Level 5:colcon.colcon_core.verb:set package 'velodyne_laserscan' build argument 'catkin_cmake_args' from command line to 'None'
[3.225s] Level 5:colcon.colcon_core.verb:set package 'velodyne_laserscan' build argument 'catkin_skip_building_tests' from command line to 'False'
[3.225s] DEBUG:colcon.colcon_core.verb:Building package 'velodyne_laserscan' with the following arguments: {'ament_cmake_args': None, 'build_base': '/home/dayo/Desktop/scrap_ws/build/velodyne_laserscan', 'catkin_cmake_args': None, 'catkin_skip_building_tests': False, 'cmake_args': None, 'cmake_clean_cache': False, 'cmake_clean_first': False, 'cmake_force_configure': False, 'cmake_target': None, 'cmake_target_skip_unavailable': False, 'install_base': '/home/dayo/Desktop/scrap_ws/install/velodyne_laserscan', 'merge_install': False, 'path': '/home/dayo/Desktop/scrap_ws/src/velodyne/velodyne_laserscan', 'symlink_install': False, 'test_result_base': None}
[3.226s] Level 5:colcon.colcon_core.verb:set package 'velodyne_msgs' build argument 'cmake_args' from command line to 'None'
[3.226s] Level 5:colcon.colcon_core.verb:set package 'velodyne_msgs' build argument 'cmake_target' from command line to 'None'
[3.226s] Level 5:colcon.colcon_core.verb:set package 'velodyne_msgs' build argument 'cmake_target_skip_unavailable' from command line to 'False'
[3.226s] Level 5:colcon.colcon_core.verb:set package 'velodyne_msgs' build argument 'cmake_clean_cache' from command line to 'False'
[3.226s] Level 5:colcon.colcon_core.verb:set package 'velodyne_msgs' build argument 'cmake_clean_first' from command line to 'False'
[3.226s] Level 5:colcon.colcon_core.verb:set package 'velodyne_msgs' build argument 'cmake_force_configure' from command line to 'False'
[3.226s] Level 5:colcon.colcon_core.verb:set package 'velodyne_msgs' build argument 'ament_cmake_args' from command line to 'None'
[3.226s] Level 5:colcon.colcon_core.verb:set package 'velodyne_msgs' build argument 'catkin_cmake_args' from command line to 'None'
[3.226s] Level 5:colcon.colcon_core.verb:set package 'velodyne_msgs' build argument 'catkin_skip_building_tests' from command line to 'False'
[3.226s] DEBUG:colcon.colcon_core.verb:Building package 'velodyne_msgs' with the following arguments: {'ament_cmake_args': None, 'build_base': '/home/dayo/Desktop/scrap_ws/build/velodyne_msgs', 'catkin_cmake_args': None, 'catkin_skip_building_tests': False, 'cmake_args': None, 'cmake_clean_cache': False, 'cmake_clean_first': False, 'cmake_force_configure': False, 'cmake_target': None, 'cmake_target_skip_unavailable': False, 'install_base': '/home/dayo/Desktop/scrap_ws/install/velodyne_msgs', 'merge_install': False, 'path': '/home/dayo/Desktop/scrap_ws/src/velodyne/velodyne_msgs', 'symlink_install': False, 'test_result_base': None}
[3.227s] Level 5:colcon.colcon_core.verb:set package 'scrap_pkg' build argument 'cmake_args' from command line to 'None'
[3.227s] Level 5:colcon.colcon_core.verb:set package 'scrap_pkg' build argument 'cmake_target' from command line to 'None'
[3.227s] Level 5:colcon.colcon_core.verb:set package 'scrap_pkg' build argument 'cmake_target_skip_unavailable' from command line to 'False'
[3.227s] Level 5:colcon.colcon_core.verb:set package 'scrap_pkg' build argument 'cmake_clean_cache' from command line to 'False'
[3.227s] Level 5:colcon.colcon_core.verb:set package 'scrap_pkg' build argument 'cmake_clean_first' from command line to 'False'
[3.227s] Level 5:colcon.colcon_core.verb:set package 'scrap_pkg' build argument 'cmake_force_configure' from command line to 'False'
[3.227s] Level 5:colcon.colcon_core.verb:set package 'scrap_pkg' build argument 'ament_cmake_args' from command line to 'None'
[3.227s] Level 5:colcon.colcon_core.verb:set package 'scrap_pkg' build argument 'catkin_cmake_args' from command line to 'None'
[3.227s] Level 5:colcon.colcon_core.verb:set package 'scrap_pkg' build argument 'catkin_skip_building_tests' from command line to 'False'
[3.227s] DEBUG:colcon.colcon_core.verb:Building package 'scrap_pkg' with the following arguments: {'ament_cmake_args': None, 'build_base': '/home/dayo/Desktop/scrap_ws/build/scrap_pkg', 'catkin_cmake_args': None, 'catkin_skip_building_tests': False, 'cmake_args': None, 'cmake_clean_cache': False, 'cmake_clean_first': False, 'cmake_force_configure': False, 'cmake_target': None, 'cmake_target_skip_unavailable': False, 'install_base': '/home/dayo/Desktop/scrap_ws/install/scrap_pkg', 'merge_install': False, 'path': '/home/dayo/Desktop/scrap_ws/src/scrap_pkg', 'symlink_install': False, 'test_result_base': None}
[3.228s] Level 5:colcon.colcon_core.verb:set package 'velodyne_driver' build argument 'cmake_args' from command line to 'None'
[3.228s] Level 5:colcon.colcon_core.verb:set package 'velodyne_driver' build argument 'cmake_target' from command line to 'None'
[3.228s] Level 5:colcon.colcon_core.verb:set package 'velodyne_driver' build argument 'cmake_target_skip_unavailable' from command line to 'False'
[3.228s] Level 5:colcon.colcon_core.verb:set package 'velodyne_driver' build argument 'cmake_clean_cache' from command line to 'False'
[3.228s] Level 5:colcon.colcon_core.verb:set package 'velodyne_driver' build argument 'cmake_clean_first' from command line to 'False'
[3.228s] Level 5:colcon.colcon_core.verb:set package 'velodyne_driver' build argument 'cmake_force_configure' from command line to 'False'
[3.228s] Level 5:colcon.colcon_core.verb:set package 'velodyne_driver' build argument 'ament_cmake_args' from command line to 'None'
[3.228s] Level 5:colcon.colcon_core.verb:set package 'velodyne_driver' build argument 'catkin_cmake_args' from command line to 'None'
[3.228s] Level 5:colcon.colcon_core.verb:set package 'velodyne_driver' build argument 'catkin_skip_building_tests' from command line to 'False'
[3.228s] DEBUG:colcon.colcon_core.verb:Building package 'velodyne_driver' with the following arguments: {'ament_cmake_args': None, 'build_base': '/home/dayo/Desktop/scrap_ws/build/velodyne_driver', 'catkin_cmake_args': None, 'catkin_skip_building_tests': False, 'cmake_args': None, 'cmake_clean_cache': False, 'cmake_clean_first': False, 'cmake_force_configure': False, 'cmake_target': None, 'cmake_target_skip_unavailable': False, 'install_base': '/home/dayo/Desktop/scrap_ws/install/velodyne_driver', 'merge_install': False, 'path': '/home/dayo/Desktop/scrap_ws/src/velodyne/velodyne_driver', 'symlink_install': False, 'test_result_base': None}
[3.229s] Level 5:colcon.colcon_core.verb:set package 'velodyne_pointcloud' build argument 'cmake_args' from command line to 'None'
[3.229s] Level 5:colcon.colcon_core.verb:set package 'velodyne_pointcloud' build argument 'cmake_target' from command line to 'None'
[3.229s] Level 5:colcon.colcon_core.verb:set package 'velodyne_pointcloud' build argument 'cmake_target_skip_unavailable' from command line to 'False'
[3.229s] Level 5:colcon.colcon_core.verb:set package 'velodyne_pointcloud' build argument 'cmake_clean_cache' from command line to 'False'
[3.229s] Level 5:colcon.colcon_core.verb:set package 'velodyne_pointcloud' build argument 'cmake_clean_first' from command line to 'False'
[3.229s] Level 5:colcon.colcon_core.verb:set package 'velodyne_pointcloud' build argument 'cmake_force_configure' from command line to 'False'
[3.229s] Level 5:colcon.colcon_core.verb:set package 'velodyne_pointcloud' build argument 'ament_cmake_args' from command line to 'None'
[3.229s] Level 5:colcon.colcon_core.verb:set package 'velodyne_pointcloud' build argument 'catkin_cmake_args' from command line to 'None'
[3.229s] Level 5:colcon.colcon_core.verb:set package 'velodyne_pointcloud' build argument 'catkin_skip_building_tests' from command line to 'False'
[3.229s] DEBUG:colcon.colcon_core.verb:Building package 'velodyne_pointcloud' with the following arguments: {'ament_cmake_args': None, 'build_base': '/home/dayo/Desktop/scrap_ws/build/velodyne_pointcloud', 'catkin_cmake_args': None, 'catkin_skip_building_tests': False, 'cmake_args': None, 'cmake_clean_cache': False, 'cmake_clean_first': False, 'cmake_force_configure': False, 'cmake_target': None, 'cmake_target_skip_unavailable': False, 'install_base': '/home/dayo/Desktop/scrap_ws/install/velodyne_pointcloud', 'merge_install': False, 'path': '/home/dayo/Desktop/scrap_ws/src/velodyne/velodyne_pointcloud', 'symlink_install': False, 'test_result_base': None}
[3.230s] Level 5:colcon.colcon_core.verb:set package 'velodyne' build argument 'cmake_args' from command line to 'None'
[3.230s] Level 5:colcon.colcon_core.verb:set package 'velodyne' build argument 'cmake_target' from command line to 'None'
[3.230s] Level 5:colcon.colcon_core.verb:set package 'velodyne' build argument 'cmake_target_skip_unavailable' from command line to 'False'
[3.230s] Level 5:colcon.colcon_core.verb:set package 'velodyne' build argument 'cmake_clean_cache' from command line to 'False'
[3.230s] Level 5:colcon.colcon_core.verb:set package 'velodyne' build argument 'cmake_clean_first' from command line to 'False'
[3.230s] Level 5:colcon.colcon_core.verb:set package 'velodyne' build argument 'cmake_force_configure' from command line to 'False'
[3.230s] Level 5:colcon.colcon_core.verb:set package 'velodyne' build argument 'ament_cmake_args' from command line to 'None'
[3.230s] Level 5:colcon.colcon_core.verb:set package 'velodyne' build argument 'catkin_cmake_args' from command line to 'None'
[3.230s] Level 5:colcon.colcon_core.verb:set package 'velodyne' build argument 'catkin_skip_building_tests' from command line to 'False'
[3.230s] DEBUG:colcon.colcon_core.verb:Building package 'velodyne' with the following arguments: {'ament_cmake_args': None, 'build_base': '/home/dayo/Desktop/scrap_ws/build/velodyne', 'catkin_cmake_args': None, 'catkin_skip_building_tests': False, 'cmake_args': None, 'cmake_clean_cache': False, 'cmake_clean_first': False, 'cmake_force_configure': False, 'cmake_target': None, 'cmake_target_skip_unavailable': False, 'install_base': '/home/dayo/Desktop/scrap_ws/install/velodyne', 'merge_install': False, 'path': '/home/dayo/Desktop/scrap_ws/src/velodyne/velodyne', 'symlink_install': False, 'test_result_base': None}
[3.231s] INFO:colcon.colcon_core.executor:Executing jobs using 'parallel' executor
[3.233s] DEBUG:colcon.colcon_parallel_executor.executor.parallel:run_until_complete
[3.234s] INFO:colcon.colcon_ros.task.ament_cmake.build:Building ROS package in '/home/dayo/Desktop/scrap_ws/src/velodyne/velodyne_msgs' with build type 'ament_cmake'
[3.234s] INFO:colcon.colcon_cmake.task.cmake.build:Building CMake package in '/home/dayo/Desktop/scrap_ws/src/velodyne/velodyne_msgs'
[3.247s] INFO:colcon.colcon_core.plugin_system:Skipping extension 'colcon_core.shell.bat': Not used on non-Windows systems
[3.247s] INFO:colcon.colcon_core.shell:Skip shell extension 'powershell' for command environment: Not usable outside of PowerShell
[3.247s] DEBUG:colcon.colcon_core.shell:Skip shell extension 'dsv' for command environment
[3.251s] INFO:colcon.colcon_ros.task.ament_cmake.build:Building ROS package in '/home/dayo/Desktop/scrap_ws/src/usb_cam' with build type 'ament_cmake'
[3.252s] INFO:colcon.colcon_cmake.task.cmake.build:Building CMake package in '/home/dayo/Desktop/scrap_ws/src/usb_cam'
[3.253s] INFO:colcon.colcon_core.shell:Skip shell extension 'powershell' for command environment: Not usable outside of PowerShell
[3.253s] DEBUG:colcon.colcon_core.shell:Skip shell extension 'dsv' for command environment
[3.288s] DEBUG:colcon.colcon_core.event_handler.log_command:Invoking command in '/home/dayo/Desktop/scrap_ws/build/velodyne_msgs': CMAKE_PREFIX_PATH=${CMAKE_PREFIX_PATH}:/opt/ros/iron /usr/bin/cmake --build /home/dayo/Desktop/scrap_ws/build/velodyne_msgs -- -j2 -l2
[3.325s] DEBUG:colcon.colcon_core.event_handler.log_command:Invoking command in '/home/dayo/Desktop/scrap_ws/build/usb_cam': CMAKE_PREFIX_PATH=${CMAKE_PREFIX_PATH}:/opt/ros/iron /usr/bin/cmake --build /home/dayo/Desktop/scrap_ws/build/usb_cam -- -j2 -l2
[4.164s] DEBUG:colcon.colcon_core.event_handler.log_command:Invoked command in '/home/dayo/Desktop/scrap_ws/build/usb_cam' returned '0': CMAKE_PREFIX_PATH=${CMAKE_PREFIX_PATH}:/opt/ros/iron /usr/bin/cmake --build /home/dayo/Desktop/scrap_ws/build/usb_cam -- -j2 -l2
[4.260s] DEBUG:colcon.colcon_core.event_handler.log_command:Invoking command in '/home/dayo/Desktop/scrap_ws/build/usb_cam': CMAKE_PREFIX_PATH=${CMAKE_PREFIX_PATH}:/opt/ros/iron /usr/bin/cmake --install /home/dayo/Desktop/scrap_ws/build/usb_cam
[4.286s] Level 1:colcon.colcon_core.environment:create_environment_scripts_only(usb_cam)
[4.287s] DEBUG:colcon.colcon_core.event_handler.log_command:Invoked command in '/home/dayo/Desktop/scrap_ws/build/usb_cam' returned '0': CMAKE_PREFIX_PATH=${CMAKE_PREFIX_PATH}:/opt/ros/iron /usr/bin/cmake --install /home/dayo/Desktop/scrap_ws/build/usb_cam
[4.294s] Level 1:colcon.colcon_core.environment:checking '/home/dayo/Desktop/scrap_ws/install/usb_cam' for CMake module files
[4.295s] Level 1:colcon.colcon_core.environment:checking '/home/dayo/Desktop/scrap_ws/install/usb_cam' for CMake config files
[4.295s] Level 1:colcon.colcon_core.shell:create_environment_hook('usb_cam', 'cmake_prefix_path')
[4.296s] INFO:colcon.colcon_core.shell:Creating environment hook '/home/dayo/Desktop/scrap_ws/install/usb_cam/share/usb_cam/hook/cmake_prefix_path.ps1'
[4.311s] INFO:colcon.colcon_core.shell:Creating environment descriptor '/home/dayo/Desktop/scrap_ws/install/usb_cam/share/usb_cam/hook/cmake_prefix_path.dsv'
[4.312s] INFO:colcon.colcon_core.shell:Creating environment hook '/home/dayo/Desktop/scrap_ws/install/usb_cam/share/usb_cam/hook/cmake_prefix_path.sh'
[4.313s] Level 1:colcon.colcon_core.environment:checking '/home/dayo/Desktop/scrap_ws/install/usb_cam/lib'
[4.313s] Level 1:colcon.colcon_core.shell:create_environment_hook('usb_cam', 'ld_library_path_lib')
[4.315s] INFO:colcon.colcon_core.shell:Creating environment hook '/home/dayo/Desktop/scrap_ws/install/usb_cam/share/usb_cam/hook/ld_library_path_lib.ps1'
[4.315s] INFO:colcon.colcon_core.shell:Creating environment descriptor '/home/dayo/Desktop/scrap_ws/install/usb_cam/share/usb_cam/hook/ld_library_path_lib.dsv'
[4.316s] INFO:colcon.colcon_core.shell:Creating environment hook '/home/dayo/Desktop/scrap_ws/install/usb_cam/share/usb_cam/hook/ld_library_path_lib.sh'
[4.316s] Level 1:colcon.colcon_core.environment:checking '/home/dayo/Desktop/scrap_ws/install/usb_cam/bin'
[4.316s] Level 1:colcon.colcon_core.environment:checking '/home/dayo/Desktop/scrap_ws/install/usb_cam/lib/pkgconfig/usb_cam.pc'
[4.317s] Level 1:colcon.colcon_core.environment:checking '/home/dayo/Desktop/scrap_ws/install/usb_cam/lib/python3.10/site-packages'
[4.317s] Level 1:colcon.colcon_core.environment:checking '/home/dayo/Desktop/scrap_ws/install/usb_cam/bin'
[4.318s] INFO:colcon.colcon_core.shell:Creating package script '/home/dayo/Desktop/scrap_ws/install/usb_cam/share/usb_cam/package.ps1'
[4.344s] INFO:colcon.colcon_core.shell:Creating package descriptor '/home/dayo/Desktop/scrap_ws/install/usb_cam/share/usb_cam/package.dsv'
[4.345s] INFO:colcon.colcon_core.shell:Creating package script '/home/dayo/Desktop/scrap_ws/install/usb_cam/share/usb_cam/package.sh'
[4.346s] INFO:colcon.colcon_core.shell:Creating package script '/home/dayo/Desktop/scrap_ws/install/usb_cam/share/usb_cam/package.bash'
[4.347s] INFO:colcon.colcon_core.shell:Creating package script '/home/dayo/Desktop/scrap_ws/install/usb_cam/share/usb_cam/package.zsh'
[4.350s] Level 1:colcon.colcon_core.environment:create_file_with_runtime_dependencies(/home/dayo/Desktop/scrap_ws/install/usb_cam/share/colcon-core/packages/usb_cam)
[4.438s] Level 1:colcon.colcon_core.environment:create_environment_scripts_only(usb_cam)
[4.440s] Level 1:colcon.colcon_core.environment:checking '/home/dayo/Desktop/scrap_ws/install/usb_cam' for CMake module files
[4.440s] Level 1:colcon.colcon_core.environment:checking '/home/dayo/Desktop/scrap_ws/install/usb_cam' for CMake config files
[4.441s] Level 1:colcon.colcon_core.shell:create_environment_hook('usb_cam', 'cmake_prefix_path')
[4.442s] INFO:colcon.colcon_core.shell:Creating environment hook '/home/dayo/Desktop/scrap_ws/install/usb_cam/share/usb_cam/hook/cmake_prefix_path.ps1'
[4.443s] INFO:colcon.colcon_core.shell:Creating environment descriptor '/home/dayo/Desktop/scrap_ws/install/usb_cam/share/usb_cam/hook/cmake_prefix_path.dsv'
[4.443s] INFO:colcon.colcon_core.shell:Creating environment hook '/home/dayo/Desktop/scrap_ws/install/usb_cam/share/usb_cam/hook/cmake_prefix_path.sh'
[4.444s] Level 1:colcon.colcon_core.environment:checking '/home/dayo/Desktop/scrap_ws/install/usb_cam/lib'
[4.444s] Level 1:colcon.colcon_core.shell:create_environment_hook('usb_cam', 'ld_library_path_lib')
[4.445s] INFO:colcon.colcon_core.shell:Creating environment hook '/home/dayo/Desktop/scrap_ws/install/usb_cam/share/usb_cam/hook/ld_library_path_lib.ps1'
[4.446s] INFO:colcon.colcon_core.shell:Creating environment descriptor '/home/dayo/Desktop/scrap_ws/install/usb_cam/share/usb_cam/hook/ld_library_path_lib.dsv'
[4.446s] INFO:colcon.colcon_core.shell:Creating environment hook '/home/dayo/Desktop/scrap_ws/install/usb_cam/share/usb_cam/hook/ld_library_path_lib.sh'
[4.447s] Level 1:colcon.colcon_core.environment:checking '/home/dayo/Desktop/scrap_ws/install/usb_cam/bin'
[4.447s] Level 1:colcon.colcon_core.environment:checking '/home/dayo/Desktop/scrap_ws/install/usb_cam/lib/pkgconfig/usb_cam.pc'
[4.447s] Level 1:colcon.colcon_core.environment:checking '/home/dayo/Desktop/scrap_ws/install/usb_cam/lib/python3.10/site-packages'
[4.450s] Level 1:colcon.colcon_core.environment:checking '/home/dayo/Desktop/scrap_ws/install/usb_cam/bin'
[4.451s] INFO:colcon.colcon_core.shell:Creating package script '/home/dayo/Desktop/scrap_ws/install/usb_cam/share/usb_cam/package.ps1'
[4.451s] INFO:colcon.colcon_core.shell:Creating package descriptor '/home/dayo/Desktop/scrap_ws/install/usb_cam/share/usb_cam/package.dsv'
[4.452s] INFO:colcon.colcon_core.shell:Creating package script '/home/dayo/Desktop/scrap_ws/install/usb_cam/share/usb_cam/package.sh'
[4.452s] INFO:colcon.colcon_core.shell:Creating package script '/home/dayo/Desktop/scrap_ws/install/usb_cam/share/usb_cam/package.bash'
[4.453s] INFO:colcon.colcon_core.shell:Creating package script '/home/dayo/Desktop/scrap_ws/install/usb_cam/share/usb_cam/package.zsh'
[4.453s] Level 1:colcon.colcon_core.environment:create_file_with_runtime_dependencies(/home/dayo/Desktop/scrap_ws/install/usb_cam/share/colcon-core/packages/usb_cam)
[4.454s] INFO:colcon.colcon_ros.task.ament_cmake.build:Building ROS package in '/home/dayo/Desktop/scrap_ws/src/velodyne/velodyne_laserscan' with build type 'ament_cmake'
[4.454s] INFO:colcon.colcon_cmake.task.cmake.build:Building CMake package in '/home/dayo/Desktop/scrap_ws/src/velodyne/velodyne_laserscan'
[4.455s] INFO:colcon.colcon_core.shell:Skip shell extension 'powershell' for command environment: Not usable outside of PowerShell
[4.455s] DEBUG:colcon.colcon_core.shell:Skip shell extension 'dsv' for command environment
[4.469s] DEBUG:colcon.colcon_core.event_handler.log_command:Invoking command in '/home/dayo/Desktop/scrap_ws/build/velodyne_laserscan': CMAKE_PREFIX_PATH=${CMAKE_PREFIX_PATH}:/opt/ros/iron /usr/bin/cmake --build /home/dayo/Desktop/scrap_ws/build/velodyne_laserscan -- -j2 -l2
[4.500s] DEBUG:colcon.colcon_core.event_handler.log_command:Invoked command in '/home/dayo/Desktop/scrap_ws/build/velodyne_msgs' returned '0': CMAKE_PREFIX_PATH=${CMAKE_PREFIX_PATH}:/opt/ros/iron /usr/bin/cmake --build /home/dayo/Desktop/scrap_ws/build/velodyne_msgs -- -j2 -l2
[4.602s] DEBUG:colcon.colcon_core.event_handler.log_command:Invoking command in '/home/dayo/Desktop/scrap_ws/build/velodyne_msgs': CMAKE_PREFIX_PATH=${CMAKE_PREFIX_PATH}:/opt/ros/iron /usr/bin/cmake --install /home/dayo/Desktop/scrap_ws/build/velodyne_msgs
[4.680s] DEBUG:colcon.colcon_core.event_handler.log_command:Invoked command in '/home/dayo/Desktop/scrap_ws/build/velodyne_laserscan' returned '0': CMAKE_PREFIX_PATH=${CMAKE_PREFIX_PATH}:/opt/ros/iron /usr/bin/cmake --build /home/dayo/Desktop/scrap_ws/build/velodyne_laserscan -- -j2 -l2
[4.723s] DEBUG:colcon.colcon_core.event_handler.log_command:Invoking command in '/home/dayo/Desktop/scrap_ws/build/velodyne_laserscan': CMAKE_PREFIX_PATH=${CMAKE_PREFIX_PATH}:/opt/ros/iron /usr/bin/cmake --install /home/dayo/Desktop/scrap_ws/build/velodyne_laserscan
[4.753s] Level 1:colcon.colcon_core.environment:create_environment_scripts_only(velodyne_msgs)
[4.754s] Level 1:colcon.colcon_core.environment:checking '/home/dayo/Desktop/scrap_ws/install/velodyne_msgs' for CMake module files
[4.755s] Level 1:colcon.colcon_core.environment:checking '/home/dayo/Desktop/scrap_ws/install/velodyne_msgs' for CMake config files
[4.755s] Level 1:colcon.colcon_core.shell:create_environment_hook('velodyne_msgs', 'cmake_prefix_path')
[4.756s] INFO:colcon.colcon_core.shell:Creating environment hook '/home/dayo/Desktop/scrap_ws/install/velodyne_msgs/share/velodyne_msgs/hook/cmake_prefix_path.ps1'
[4.758s] DEBUG:colcon.colcon_core.event_handler.log_command:Invoked command in '/home/dayo/Desktop/scrap_ws/build/velodyne_msgs' returned '0': CMAKE_PREFIX_PATH=${CMAKE_PREFIX_PATH}:/opt/ros/iron /usr/bin/cmake --install /home/dayo/Desktop/scrap_ws/build/velodyne_msgs
[4.758s] INFO:colcon.colcon_core.shell:Creating environment descriptor '/home/dayo/Desktop/scrap_ws/install/velodyne_msgs/share/velodyne_msgs/hook/cmake_prefix_path.dsv'
[4.759s] INFO:colcon.colcon_core.shell:Creating environment hook '/home/dayo/Desktop/scrap_ws/install/velodyne_msgs/share/velodyne_msgs/hook/cmake_prefix_path.sh'
[4.760s] Level 1:colcon.colcon_core.environment:checking '/home/dayo/Desktop/scrap_ws/install/velodyne_msgs/lib'
[4.760s] Level 1:colcon.colcon_core.shell:create_environment_hook('velodyne_msgs', 'ld_library_path_lib')
[4.761s] INFO:colcon.colcon_core.shell:Creating environment hook '/home/dayo/Desktop/scrap_ws/install/velodyne_msgs/share/velodyne_msgs/hook/ld_library_path_lib.ps1'
[4.764s] INFO:colcon.colcon_core.shell:Creating environment descriptor '/home/dayo/Desktop/scrap_ws/install/velodyne_msgs/share/velodyne_msgs/hook/ld_library_path_lib.dsv'
[4.769s] INFO:colcon.colcon_core.shell:Creating environment hook '/home/dayo/Desktop/scrap_ws/install/velodyne_msgs/share/velodyne_msgs/hook/ld_library_path_lib.sh'
[4.769s] Level 1:colcon.colcon_core.environment:checking '/home/dayo/Desktop/scrap_ws/install/velodyne_msgs/bin'
[4.769s] Level 1:colcon.colcon_core.environment:checking '/home/dayo/Desktop/scrap_ws/install/velodyne_msgs/lib/pkgconfig/velodyne_msgs.pc'
[4.770s] Level 1:colcon.colcon_core.environment:checking '/home/dayo/Desktop/scrap_ws/install/velodyne_msgs/lib/python3.10/site-packages'
[4.770s] Level 1:colcon.colcon_core.shell:create_environment_hook('velodyne_msgs', 'pythonpath')
[4.771s] INFO:colcon.colcon_core.shell:Creating environment hook '/home/dayo/Desktop/scrap_ws/install/velodyne_msgs/share/velodyne_msgs/hook/pythonpath.ps1'
[4.773s] INFO:colcon.colcon_core.shell:Creating environment descriptor '/home/dayo/Desktop/scrap_ws/install/velodyne_msgs/share/velodyne_msgs/hook/pythonpath.dsv'
[4.778s] INFO:colcon.colcon_core.shell:Creating environment hook '/home/dayo/Desktop/scrap_ws/install/velodyne_msgs/share/velodyne_msgs/hook/pythonpath.sh'
[4.779s] Level 1:colcon.colcon_core.environment:checking '/home/dayo/Desktop/scrap_ws/install/velodyne_msgs/bin'
[4.780s] INFO:colcon.colcon_core.shell:Creating package script '/home/dayo/Desktop/scrap_ws/install/velodyne_msgs/share/velodyne_msgs/package.ps1'
[4.781s] INFO:colcon.colcon_core.shell:Creating package descriptor '/home/dayo/Desktop/scrap_ws/install/velodyne_msgs/share/velodyne_msgs/package.dsv'
[4.782s] INFO:colcon.colcon_core.shell:Creating package script '/home/dayo/Desktop/scrap_ws/install/velodyne_msgs/share/velodyne_msgs/package.sh'
[4.782s] INFO:colcon.colcon_core.shell:Creating package script '/home/dayo/Desktop/scrap_ws/install/velodyne_msgs/share/velodyne_msgs/package.bash'
[4.783s] INFO:colcon.colcon_core.shell:Creating package script '/home/dayo/Desktop/scrap_ws/install/velodyne_msgs/share/velodyne_msgs/package.zsh'
[4.783s] Level 1:colcon.colcon_core.environment:create_file_with_runtime_dependencies(/home/dayo/Desktop/scrap_ws/install/velodyne_msgs/share/colcon-core/packages/velodyne_msgs)
[4.785s] Level 1:colcon.colcon_core.environment:create_environment_scripts_only(velodyne_laserscan)
[4.787s] Level 1:colcon.colcon_core.environment:checking '/home/dayo/Desktop/scrap_ws/install/velodyne_laserscan' for CMake module files
[4.787s] Level 1:colcon.colcon_core.environment:checking '/home/dayo/Desktop/scrap_ws/install/velodyne_laserscan' for CMake config files
[4.787s] Level 1:colcon.colcon_core.shell:create_environment_hook('velodyne_laserscan', 'cmake_prefix_path')
[4.788s] INFO:colcon.colcon_core.shell:Creating environment hook '/home/dayo/Desktop/scrap_ws/install/velodyne_laserscan/share/velodyne_laserscan/hook/cmake_prefix_path.ps1'
[4.789s] DEBUG:colcon.colcon_core.event_handler.log_command:Invoked command in '/home/dayo/Desktop/scrap_ws/build/velodyne_laserscan' returned '0': CMAKE_PREFIX_PATH=${CMAKE_PREFIX_PATH}:/opt/ros/iron /usr/bin/cmake --install /home/dayo/Desktop/scrap_ws/build/velodyne_laserscan
[4.789s] INFO:colcon.colcon_core.shell:Creating environment descriptor '/home/dayo/Desktop/scrap_ws/install/velodyne_laserscan/share/velodyne_laserscan/hook/cmake_prefix_path.dsv'
[4.790s] INFO:colcon.colcon_core.shell:Creating environment hook '/home/dayo/Desktop/scrap_ws/install/velodyne_laserscan/share/velodyne_laserscan/hook/cmake_prefix_path.sh'
[4.790s] Level 1:colcon.colcon_core.environment:checking '/home/dayo/Desktop/scrap_ws/install/velodyne_laserscan/lib'
[4.790s] Level 1:colcon.colcon_core.shell:create_environment_hook('velodyne_laserscan', 'ld_library_path_lib')
[4.791s] INFO:colcon.colcon_core.shell:Creating environment hook '/home/dayo/Desktop/scrap_ws/install/velodyne_laserscan/share/velodyne_laserscan/hook/ld_library_path_lib.ps1'
[4.792s] INFO:colcon.colcon_core.shell:Creating environment descriptor '/home/dayo/Desktop/scrap_ws/install/velodyne_laserscan/share/velodyne_laserscan/hook/ld_library_path_lib.dsv'
[4.792s] INFO:colcon.colcon_core.shell:Creating environment hook '/home/dayo/Desktop/scrap_ws/install/velodyne_laserscan/share/velodyne_laserscan/hook/ld_library_path_lib.sh'
[4.793s] Level 1:colcon.colcon_core.environment:checking '/home/dayo/Desktop/scrap_ws/install/velodyne_laserscan/bin'
[4.793s] Level 1:colcon.colcon_core.environment:checking '/home/dayo/Desktop/scrap_ws/install/velodyne_laserscan/lib/pkgconfig/velodyne_laserscan.pc'
[4.793s] Level 1:colcon.colcon_core.environment:checking '/home/dayo/Desktop/scrap_ws/install/velodyne_laserscan/lib/python3.10/site-packages'
[4.793s] Level 1:colcon.colcon_core.environment:checking '/home/dayo/Desktop/scrap_ws/install/velodyne_laserscan/bin'
[4.794s] INFO:colcon.colcon_core.shell:Creating package script '/home/dayo/Desktop/scrap_ws/install/velodyne_laserscan/share/velodyne_laserscan/package.ps1'
[4.795s] INFO:colcon.colcon_core.shell:Creating package descriptor '/home/dayo/Desktop/scrap_ws/install/velodyne_laserscan/share/velodyne_laserscan/package.dsv'
[4.796s] INFO:colcon.colcon_core.shell:Creating package script '/home/dayo/Desktop/scrap_ws/install/velodyne_laserscan/share/velodyne_laserscan/package.sh'
[4.800s] INFO:colcon.colcon_core.shell:Creating package script '/home/dayo/Desktop/scrap_ws/install/velodyne_laserscan/share/velodyne_laserscan/package.bash'
[4.801s] INFO:colcon.colcon_core.shell:Creating package script '/home/dayo/Desktop/scrap_ws/install/velodyne_laserscan/share/velodyne_laserscan/package.zsh'
[4.802s] Level 1:colcon.colcon_core.environment:create_file_with_runtime_dependencies(/home/dayo/Desktop/scrap_ws/install/velodyne_laserscan/share/colcon-core/packages/velodyne_laserscan)
[4.836s] Level 1:colcon.colcon_core.environment:create_environment_scripts_only(velodyne_laserscan)
[4.837s] Level 1:colcon.colcon_core.environment:checking '/home/dayo/Desktop/scrap_ws/install/velodyne_laserscan' for CMake module files
[4.838s] Level 1:colcon.colcon_core.environment:checking '/home/dayo/Desktop/scrap_ws/install/velodyne_laserscan' for CMake config files
[4.838s] Level 1:colcon.colcon_core.shell:create_environment_hook('velodyne_laserscan', 'cmake_prefix_path')
[4.839s] INFO:colcon.colcon_core.shell:Creating environment hook '/home/dayo/Desktop/scrap_ws/install/velodyne_laserscan/share/velodyne_laserscan/hook/cmake_prefix_path.ps1'
[4.840s] INFO:colcon.colcon_core.shell:Creating environment descriptor '/home/dayo/Desktop/scrap_ws/install/velodyne_laserscan/share/velodyne_laserscan/hook/cmake_prefix_path.dsv'
[4.841s] INFO:colcon.colcon_core.shell:Creating environment hook '/home/dayo/Desktop/scrap_ws/install/velodyne_laserscan/share/velodyne_laserscan/hook/cmake_prefix_path.sh'
[4.841s] Level 1:colcon.colcon_core.environment:checking '/home/dayo/Desktop/scrap_ws/install/velodyne_laserscan/lib'
[4.842s] Level 1:colcon.colcon_core.shell:create_environment_hook('velodyne_laserscan', 'ld_library_path_lib')
[4.843s] INFO:colcon.colcon_core.shell:Creating environment hook '/home/dayo/Desktop/scrap_ws/install/velodyne_laserscan/share/velodyne_laserscan/hook/ld_library_path_lib.ps1'
[4.845s] INFO:colcon.colcon_core.shell:Creating environment descriptor '/home/dayo/Desktop/scrap_ws/install/velodyne_laserscan/share/velodyne_laserscan/hook/ld_library_path_lib.dsv'
[4.845s] INFO:colcon.colcon_core.shell:Creating environment hook '/home/dayo/Desktop/scrap_ws/install/velodyne_laserscan/share/velodyne_laserscan/hook/ld_library_path_lib.sh'
[4.846s] Level 1:colcon.colcon_core.environment:checking '/home/dayo/Desktop/scrap_ws/install/velodyne_laserscan/bin'
[4.846s] Level 1:colcon.colcon_core.environment:checking '/home/dayo/Desktop/scrap_ws/install/velodyne_laserscan/lib/pkgconfig/velodyne_laserscan.pc'
[4.846s] Level 1:colcon.colcon_core.environment:checking '/home/dayo/Desktop/scrap_ws/install/velodyne_laserscan/lib/python3.10/site-packages'
[4.847s] Level 1:colcon.colcon_core.environment:checking '/home/dayo/Desktop/scrap_ws/install/velodyne_laserscan/bin'
[4.848s] INFO:colcon.colcon_core.shell:Creating package script '/home/dayo/Desktop/scrap_ws/install/velodyne_laserscan/share/velodyne_laserscan/package.ps1'
[4.848s] INFO:colcon.colcon_core.shell:Creating package descriptor '/home/dayo/Desktop/scrap_ws/install/velodyne_laserscan/share/velodyne_laserscan/package.dsv'
[4.849s] INFO:colcon.colcon_core.shell:Creating package script '/home/dayo/Desktop/scrap_ws/install/velodyne_laserscan/share/velodyne_laserscan/package.sh'
[4.850s] INFO:colcon.colcon_core.shell:Creating package script '/home/dayo/Desktop/scrap_ws/install/velodyne_laserscan/share/velodyne_laserscan/package.bash'
[4.851s] INFO:colcon.colcon_core.shell:Creating package script '/home/dayo/Desktop/scrap_ws/install/velodyne_laserscan/share/velodyne_laserscan/package.zsh'
[4.852s] Level 1:colcon.colcon_core.environment:create_file_with_runtime_dependencies(/home/dayo/Desktop/scrap_ws/install/velodyne_laserscan/share/colcon-core/packages/velodyne_laserscan)
[4.854s] INFO:colcon.colcon_ros.task.ament_cmake.build:Building ROS package in '/home/dayo/Desktop/scrap_ws/src/scrap_pkg' with build type 'ament_cmake'
[4.854s] INFO:colcon.colcon_cmake.task.cmake.build:Building CMake package in '/home/dayo/Desktop/scrap_ws/src/scrap_pkg'
[4.856s] INFO:colcon.colcon_core.shell:Skip shell extension 'powershell' for command environment: Not usable outside of PowerShell
[4.856s] DEBUG:colcon.colcon_core.shell:Skip shell extension 'dsv' for command environment
[4.892s] DEBUG:colcon.colcon_core.event_handler.log_command:Invoking command in '/home/dayo/Desktop/scrap_ws/build/scrap_pkg': CMAKE_PREFIX_PATH=/home/dayo/Desktop/scrap_ws/install/usb_cam:/home/dayo/Desktop/scrap_ws/install/velodyne:/home/dayo/Desktop/scrap_ws/install/velodyne_pointcloud:/home/dayo/Desktop/scrap_ws/install/velodyne_driver:/home/dayo/Desktop/scrap_ws/install/velodyne_msgs:/home/dayo/Desktop/scrap_ws/install/velodyne_laserscan:/home/dayo/Desktop/scrap_ws/install/scrap_pkg:/opt/ros/iron LD_LIBRARY_PATH=/home/dayo/Desktop/scrap_ws/install/usb_cam/lib:/home/dayo/Desktop/scrap_ws/install/velodyne_pointcloud/lib:/home/dayo/Desktop/scrap_ws/install/velodyne_driver/lib:/home/dayo/Desktop/scrap_ws/install/velodyne_msgs/lib:/home/dayo/Desktop/scrap_ws/install/velodyne_laserscan/lib:/opt/ros/iron/opt/rviz_ogre_vendor/lib:/opt/ros/iron/lib/x86_64-linux-gnu:/opt/ros/iron/lib /usr/bin/cmake --build /home/dayo/Desktop/scrap_ws/build/scrap_pkg -- -j2 -l2
[4.962s] DEBUG:colcon.colcon_core.event_handler.log_command:Invoked command in '/home/dayo/Desktop/scrap_ws/build/scrap_pkg' returned '0': CMAKE_PREFIX_PATH=/home/dayo/Desktop/scrap_ws/install/usb_cam:/home/dayo/Desktop/scrap_ws/install/velodyne:/home/dayo/Desktop/scrap_ws/install/velodyne_pointcloud:/home/dayo/Desktop/scrap_ws/install/velodyne_driver:/home/dayo/Desktop/scrap_ws/install/velodyne_msgs:/home/dayo/Desktop/scrap_ws/install/velodyne_laserscan:/home/dayo/Desktop/scrap_ws/install/scrap_pkg:/opt/ros/iron LD_LIBRARY_PATH=/home/dayo/Desktop/scrap_ws/install/usb_cam/lib:/home/dayo/Desktop/scrap_ws/install/velodyne_pointcloud/lib:/home/dayo/Desktop/scrap_ws/install/velodyne_driver/lib:/home/dayo/Desktop/scrap_ws/install/velodyne_msgs/lib:/home/dayo/Desktop/scrap_ws/install/velodyne_laserscan/lib:/opt/ros/iron/opt/rviz_ogre_vendor/lib:/opt/ros/iron/lib/x86_64-linux-gnu:/opt/ros/iron/lib /usr/bin/cmake --build /home/dayo/Desktop/scrap_ws/build/scrap_pkg -- -j2 -l2
[4.986s] DEBUG:colcon.colcon_core.event_handler.log_command:Invoking command in '/home/dayo/Desktop/scrap_ws/build/scrap_pkg': CMAKE_PREFIX_PATH=/home/dayo/Desktop/scrap_ws/install/usb_cam:/home/dayo/Desktop/scrap_ws/install/velodyne:/home/dayo/Desktop/scrap_ws/install/velodyne_pointcloud:/home/dayo/Desktop/scrap_ws/install/velodyne_driver:/home/dayo/Desktop/scrap_ws/install/velodyne_msgs:/home/dayo/Desktop/scrap_ws/install/velodyne_laserscan:/home/dayo/Desktop/scrap_ws/install/scrap_pkg:/opt/ros/iron LD_LIBRARY_PATH=/home/dayo/Desktop/scrap_ws/install/usb_cam/lib:/home/dayo/Desktop/scrap_ws/install/velodyne_pointcloud/lib:/home/dayo/Desktop/scrap_ws/install/velodyne_driver/lib:/home/dayo/Desktop/scrap_ws/install/velodyne_msgs/lib:/home/dayo/Desktop/scrap_ws/install/velodyne_laserscan/lib:/opt/ros/iron/opt/rviz_ogre_vendor/lib:/opt/ros/iron/lib/x86_64-linux-gnu:/opt/ros/iron/lib /usr/bin/cmake --install /home/dayo/Desktop/scrap_ws/build/scrap_pkg
[4.988s] Level 1:colcon.colcon_core.environment:create_environment_scripts_only(velodyne_msgs)
[4.990s] Level 1:colcon.colcon_core.environment:checking '/home/dayo/Desktop/scrap_ws/install/velodyne_msgs' for CMake module files
[4.991s] Level 1:colcon.colcon_core.environment:checking '/home/dayo/Desktop/scrap_ws/install/velodyne_msgs' for CMake config files
[4.991s] Level 1:colcon.colcon_core.shell:create_environment_hook('velodyne_msgs', 'cmake_prefix_path')
[4.992s] INFO:colcon.colcon_core.shell:Creating environment hook '/home/dayo/Desktop/scrap_ws/install/velodyne_msgs/share/velodyne_msgs/hook/cmake_prefix_path.ps1'
[4.993s] INFO:colcon.colcon_core.shell:Creating environment descriptor '/home/dayo/Desktop/scrap_ws/install/velodyne_msgs/share/velodyne_msgs/hook/cmake_prefix_path.dsv'
[4.993s] INFO:colcon.colcon_core.shell:Creating environment hook '/home/dayo/Desktop/scrap_ws/install/velodyne_msgs/share/velodyne_msgs/hook/cmake_prefix_path.sh'
[4.997s] Level 1:colcon.colcon_core.environment:checking '/home/dayo/Desktop/scrap_ws/install/velodyne_msgs/lib'
[4.997s] Level 1:colcon.colcon_core.shell:create_environment_hook('velodyne_msgs', 'ld_library_path_lib')
[4.998s] INFO:colcon.colcon_core.shell:Creating environment hook '/home/dayo/Desktop/scrap_ws/install/velodyne_msgs/share/velodyne_msgs/hook/ld_library_path_lib.ps1'
[4.999s] INFO:colcon.colcon_core.shell:Creating environment descriptor '/home/dayo/Desktop/scrap_ws/install/velodyne_msgs/share/velodyne_msgs/hook/ld_library_path_lib.dsv'
[5.000s] INFO:colcon.colcon_core.shell:Creating environment hook '/home/dayo/Desktop/scrap_ws/install/velodyne_msgs/share/velodyne_msgs/hook/ld_library_path_lib.sh'
[5.000s] Level 1:colcon.colcon_core.environment:checking '/home/dayo/Desktop/scrap_ws/install/velodyne_msgs/bin'
[5.000s] Level 1:colcon.colcon_core.environment:checking '/home/dayo/Desktop/scrap_ws/install/velodyne_msgs/lib/pkgconfig/velodyne_msgs.pc'
[5.001s] Level 1:colcon.colcon_core.environment:checking '/home/dayo/Desktop/scrap_ws/install/velodyne_msgs/lib/python3.10/site-packages'
[5.001s] Level 1:colcon.colcon_core.shell:create_environment_hook('velodyne_msgs', 'pythonpath')
[5.003s] INFO:colcon.colcon_core.shell:Creating environment hook '/home/dayo/Desktop/scrap_ws/install/velodyne_msgs/share/velodyne_msgs/hook/pythonpath.ps1'
[5.009s] INFO:colcon.colcon_core.shell:Creating environment descriptor '/home/dayo/Desktop/scrap_ws/install/velodyne_msgs/share/velodyne_msgs/hook/pythonpath.dsv'
[5.009s] INFO:colcon.colcon_core.shell:Creating environment hook '/home/dayo/Desktop/scrap_ws/install/velodyne_msgs/share/velodyne_msgs/hook/pythonpath.sh'
[5.010s] Level 1:colcon.colcon_core.environment:checking '/home/dayo/Desktop/scrap_ws/install/velodyne_msgs/bin'
[5.011s] INFO:colcon.colcon_core.shell:Creating package script '/home/dayo/Desktop/scrap_ws/install/velodyne_msgs/share/velodyne_msgs/package.ps1'
[5.012s] INFO:colcon.colcon_core.shell:Creating package descriptor '/home/dayo/Desktop/scrap_ws/install/velodyne_msgs/share/velodyne_msgs/package.dsv'
[5.012s] INFO:colcon.colcon_core.shell:Creating package script '/home/dayo/Desktop/scrap_ws/install/velodyne_msgs/share/velodyne_msgs/package.sh'
[5.013s] INFO:colcon.colcon_core.shell:Creating package script '/home/dayo/Desktop/scrap_ws/install/velodyne_msgs/share/velodyne_msgs/package.bash'
[5.013s] INFO:colcon.colcon_core.shell:Creating package script '/home/dayo/Desktop/scrap_ws/install/velodyne_msgs/share/velodyne_msgs/package.zsh'
[5.014s] Level 1:colcon.colcon_core.environment:create_file_with_runtime_dependencies(/home/dayo/Desktop/scrap_ws/install/velodyne_msgs/share/colcon-core/packages/velodyne_msgs)
[5.015s] INFO:colcon.colcon_ros.task.ament_cmake.build:Building ROS package in '/home/dayo/Desktop/scrap_ws/src/velodyne/velodyne_driver' with build type 'ament_cmake'
[5.015s] INFO:colcon.colcon_cmake.task.cmake.build:Building CMake package in '/home/dayo/Desktop/scrap_ws/src/velodyne/velodyne_driver'
[5.016s] INFO:colcon.colcon_core.shell:Skip shell extension 'powershell' for command environment: Not usable outside of PowerShell
[5.016s] DEBUG:colcon.colcon_core.shell:Skip shell extension 'dsv' for command environment
[5.023s] Level 1:colcon.colcon_core.environment:create_environment_scripts_only(scrap_pkg)
[5.024s] Level 1:colcon.colcon_core.environment:checking '/home/dayo/Desktop/scrap_ws/install/scrap_pkg' for CMake module files
[5.025s] DEBUG:colcon.colcon_core.event_handler.log_command:Invoked command in '/home/dayo/Desktop/scrap_ws/build/scrap_pkg' returned '0': CMAKE_PREFIX_PATH=/home/dayo/Desktop/scrap_ws/install/usb_cam:/home/dayo/Desktop/scrap_ws/install/velodyne:/home/dayo/Desktop/scrap_ws/install/velodyne_pointcloud:/home/dayo/Desktop/scrap_ws/install/velodyne_driver:/home/dayo/Desktop/scrap_ws/install/velodyne_msgs:/home/dayo/Desktop/scrap_ws/install/velodyne_laserscan:/home/dayo/Desktop/scrap_ws/install/scrap_pkg:/opt/ros/iron LD_LIBRARY_PATH=/home/dayo/Desktop/scrap_ws/install/usb_cam/lib:/home/dayo/Desktop/scrap_ws/install/velodyne_pointcloud/lib:/home/dayo/Desktop/scrap_ws/install/velodyne_driver/lib:/home/dayo/Desktop/scrap_ws/install/velodyne_msgs/lib:/home/dayo/Desktop/scrap_ws/install/velodyne_laserscan/lib:/opt/ros/iron/opt/rviz_ogre_vendor/lib:/opt/ros/iron/lib/x86_64-linux-gnu:/opt/ros/iron/lib /usr/bin/cmake --install /home/dayo/Desktop/scrap_ws/build/scrap_pkg
[5.025s] Level 1:colcon.colcon_core.environment:checking '/home/dayo/Desktop/scrap_ws/install/scrap_pkg' for CMake config files
[5.025s] Level 1:colcon.colcon_core.shell:create_environment_hook('scrap_pkg', 'cmake_prefix_path')
[5.026s] INFO:colcon.colcon_core.shell:Creating environment hook '/home/dayo/Desktop/scrap_ws/install/scrap_pkg/share/scrap_pkg/hook/cmake_prefix_path.ps1'
[5.029s] INFO:colcon.colcon_core.shell:Creating environment descriptor '/home/dayo/Desktop/scrap_ws/install/scrap_pkg/share/scrap_pkg/hook/cmake_prefix_path.dsv'
[5.029s] INFO:colcon.colcon_core.shell:Creating environment hook '/home/dayo/Desktop/scrap_ws/install/scrap_pkg/share/scrap_pkg/hook/cmake_prefix_path.sh'
[5.030s] Level 1:colcon.colcon_core.environment:checking '/home/dayo/Desktop/scrap_ws/install/scrap_pkg/bin'
[5.030s] Level 1:colcon.colcon_core.environment:checking '/home/dayo/Desktop/scrap_ws/install/scrap_pkg/lib/pkgconfig/scrap_pkg.pc'
[5.030s] Level 1:colcon.colcon_core.environment:checking '/home/dayo/Desktop/scrap_ws/install/scrap_pkg/lib/python3.10/site-packages'
[5.030s] Level 1:colcon.colcon_core.environment:checking '/home/dayo/Desktop/scrap_ws/install/scrap_pkg/bin'
[5.032s] INFO:colcon.colcon_core.shell:Creating package script '/home/dayo/Desktop/scrap_ws/install/scrap_pkg/share/scrap_pkg/package.ps1'
[5.033s] INFO:colcon.colcon_core.shell:Creating package descriptor '/home/dayo/Desktop/scrap_ws/install/scrap_pkg/share/scrap_pkg/package.dsv'
[5.033s] INFO:colcon.colcon_core.shell:Creating package script '/home/dayo/Desktop/scrap_ws/install/scrap_pkg/share/scrap_pkg/package.sh'
[5.037s] INFO:colcon.colcon_core.shell:Creating package script '/home/dayo/Desktop/scrap_ws/install/scrap_pkg/share/scrap_pkg/package.bash'
[5.037s] INFO:colcon.colcon_core.shell:Creating package script '/home/dayo/Desktop/scrap_ws/install/scrap_pkg/share/scrap_pkg/package.zsh'
[5.037s] Level 1:colcon.colcon_core.environment:create_file_with_runtime_dependencies(/home/dayo/Desktop/scrap_ws/install/scrap_pkg/share/colcon-core/packages/scrap_pkg)
[5.081s] DEBUG:colcon.colcon_core.event_handler.log_command:Invoking command in '/home/dayo/Desktop/scrap_ws/build/velodyne_driver': CMAKE_PREFIX_PATH=/home/dayo/Desktop/scrap_ws/install/velodyne_msgs:/home/dayo/Desktop/scrap_ws/install/velodyne:/home/dayo/Desktop/scrap_ws/install/velodyne_pointcloud:/home/dayo/Desktop/scrap_ws/install/velodyne_driver:/home/dayo/Desktop/scrap_ws/install/velodyne_laserscan:/home/dayo/Desktop/scrap_ws/install/scrap_pkg:/home/dayo/Desktop/scrap_ws/install/usb_cam:/opt/ros/iron LD_LIBRARY_PATH=/home/dayo/Desktop/scrap_ws/install/velodyne_msgs/lib:/home/dayo/Desktop/scrap_ws/install/velodyne_pointcloud/lib:/home/dayo/Desktop/scrap_ws/install/velodyne_driver/lib:/home/dayo/Desktop/scrap_ws/install/velodyne_laserscan/lib:/home/dayo/Desktop/scrap_ws/install/usb_cam/lib:/opt/ros/iron/opt/rviz_ogre_vendor/lib:/opt/ros/iron/lib/x86_64-linux-gnu:/opt/ros/iron/lib /usr/bin/cmake --build /home/dayo/Desktop/scrap_ws/build/velodyne_driver -- -j2 -l2
[5.083s] Level 1:colcon.colcon_core.environment:create_environment_scripts_only(scrap_pkg)
[5.085s] Level 1:colcon.colcon_core.environment:checking '/home/dayo/Desktop/scrap_ws/install/scrap_pkg' for CMake module files
[5.086s] Level 1:colcon.colcon_core.environment:checking '/home/dayo/Desktop/scrap_ws/install/scrap_pkg' for CMake config files
[5.086s] Level 1:colcon.colcon_core.shell:create_environment_hook('scrap_pkg', 'cmake_prefix_path')
[5.087s] INFO:colcon.colcon_core.shell:Creating environment hook '/home/dayo/Desktop/scrap_ws/install/scrap_pkg/share/scrap_pkg/hook/cmake_prefix_path.ps1'
[5.088s] INFO:colcon.colcon_core.shell:Creating environment descriptor '/home/dayo/Desktop/scrap_ws/install/scrap_pkg/share/scrap_pkg/hook/cmake_prefix_path.dsv'
[5.089s] INFO:colcon.colcon_core.shell:Creating environment hook '/home/dayo/Desktop/scrap_ws/install/scrap_pkg/share/scrap_pkg/hook/cmake_prefix_path.sh'
[5.090s] Level 1:colcon.colcon_core.environment:checking '/home/dayo/Desktop/scrap_ws/install/scrap_pkg/bin'
[5.090s] Level 1:colcon.colcon_core.environment:checking '/home/dayo/Desktop/scrap_ws/install/scrap_pkg/lib/pkgconfig/scrap_pkg.pc'
[5.090s] Level 1:colcon.colcon_core.environment:checking '/home/dayo/Desktop/scrap_ws/install/scrap_pkg/lib/python3.10/site-packages'
[5.090s] Level 1:colcon.colcon_core.environment:checking '/home/dayo/Desktop/scrap_ws/install/scrap_pkg/bin'
[5.091s] INFO:colcon.colcon_core.shell:Creating package script '/home/dayo/Desktop/scrap_ws/install/scrap_pkg/share/scrap_pkg/package.ps1'
[5.092s] INFO:colcon.colcon_core.shell:Creating package descriptor '/home/dayo/Desktop/scrap_ws/install/scrap_pkg/share/scrap_pkg/package.dsv'
[5.093s] INFO:colcon.colcon_core.shell:Creating package script '/home/dayo/Desktop/scrap_ws/install/scrap_pkg/share/scrap_pkg/package.sh'
[5.094s] INFO:colcon.colcon_core.shell:Creating package script '/home/dayo/Desktop/scrap_ws/install/scrap_pkg/share/scrap_pkg/package.bash'
[5.094s] INFO:colcon.colcon_core.shell:Creating package script '/home/dayo/Desktop/scrap_ws/install/scrap_pkg/share/scrap_pkg/package.zsh'
[5.095s] Level 1:colcon.colcon_core.environment:create_file_with_runtime_dependencies(/home/dayo/Desktop/scrap_ws/install/scrap_pkg/share/colcon-core/packages/scrap_pkg)
[5.096s] INFO:colcon.colcon_ros.task.ament_cmake.build:Building ROS package in '/home/dayo/Desktop/scrap_ws/src/velodyne/velodyne_pointcloud' with build type 'ament_cmake'
[5.096s] INFO:colcon.colcon_cmake.task.cmake.build:Building CMake package in '/home/dayo/Desktop/scrap_ws/src/velodyne/velodyne_pointcloud'
[5.097s] INFO:colcon.colcon_core.shell:Skip shell extension 'powershell' for command environment: Not usable outside of PowerShell
[5.097s] DEBUG:colcon.colcon_core.shell:Skip shell extension 'dsv' for command environment
[5.127s] DEBUG:colcon.colcon_core.event_handler.log_command:Invoking command in '/home/dayo/Desktop/scrap_ws/build/velodyne_pointcloud': CMAKE_PREFIX_PATH=/home/dayo/Desktop/scrap_ws/install/velodyne_msgs:/home/dayo/Desktop/scrap_ws/install/velodyne:/home/dayo/Desktop/scrap_ws/install/velodyne_pointcloud:/home/dayo/Desktop/scrap_ws/install/velodyne_driver:/home/dayo/Desktop/scrap_ws/install/velodyne_laserscan:/home/dayo/Desktop/scrap_ws/install/scrap_pkg:/home/dayo/Desktop/scrap_ws/install/usb_cam:/opt/ros/iron LD_LIBRARY_PATH=/home/dayo/Desktop/scrap_ws/install/velodyne_msgs/lib:/home/dayo/Desktop/scrap_ws/install/velodyne_pointcloud/lib:/home/dayo/Desktop/scrap_ws/install/velodyne_driver/lib:/home/dayo/Desktop/scrap_ws/install/velodyne_laserscan/lib:/home/dayo/Desktop/scrap_ws/install/usb_cam/lib:/opt/ros/iron/opt/rviz_ogre_vendor/lib:/opt/ros/iron/lib/x86_64-linux-gnu:/opt/ros/iron/lib /usr/bin/cmake --build /home/dayo/Desktop/scrap_ws/build/velodyne_pointcloud -- -j2 -l2
[5.397s] DEBUG:colcon.colcon_core.event_handler.log_command:Invoked command in '/home/dayo/Desktop/scrap_ws/build/velodyne_driver' returned '0': CMAKE_PREFIX_PATH=/home/dayo/Desktop/scrap_ws/install/velodyne_msgs:/home/dayo/Desktop/scrap_ws/install/velodyne:/home/dayo/Desktop/scrap_ws/install/velodyne_pointcloud:/home/dayo/Desktop/scrap_ws/install/velodyne_driver:/home/dayo/Desktop/scrap_ws/install/velodyne_laserscan:/home/dayo/Desktop/scrap_ws/install/scrap_pkg:/home/dayo/Desktop/scrap_ws/install/usb_cam:/opt/ros/iron LD_LIBRARY_PATH=/home/dayo/Desktop/scrap_ws/install/velodyne_msgs/lib:/home/dayo/Desktop/scrap_ws/install/velodyne_pointcloud/lib:/home/dayo/Desktop/scrap_ws/install/velodyne_driver/lib:/home/dayo/Desktop/scrap_ws/install/velodyne_laserscan/lib:/home/dayo/Desktop/scrap_ws/install/usb_cam/lib:/opt/ros/iron/opt/rviz_ogre_vendor/lib:/opt/ros/iron/lib/x86_64-linux-gnu:/opt/ros/iron/lib /usr/bin/cmake --build /home/dayo/Desktop/scrap_ws/build/velodyne_driver -- -j2 -l2
[5.470s] DEBUG:colcon.colcon_core.event_handler.log_command:Invoking command in '/home/dayo/Desktop/scrap_ws/build/velodyne_driver': CMAKE_PREFIX_PATH=/home/dayo/Desktop/scrap_ws/install/velodyne_msgs:/home/dayo/Desktop/scrap_ws/install/velodyne:/home/dayo/Desktop/scrap_ws/install/velodyne_pointcloud:/home/dayo/Desktop/scrap_ws/install/velodyne_driver:/home/dayo/Desktop/scrap_ws/install/velodyne_laserscan:/home/dayo/Desktop/scrap_ws/install/scrap_pkg:/home/dayo/Desktop/scrap_ws/install/usb_cam:/opt/ros/iron LD_LIBRARY_PATH=/home/dayo/Desktop/scrap_ws/install/velodyne_msgs/lib:/home/dayo/Desktop/scrap_ws/install/velodyne_pointcloud/lib:/home/dayo/Desktop/scrap_ws/install/velodyne_driver/lib:/home/dayo/Desktop/scrap_ws/install/velodyne_laserscan/lib:/home/dayo/Desktop/scrap_ws/install/usb_cam/lib:/opt/ros/iron/opt/rviz_ogre_vendor/lib:/opt/ros/iron/lib/x86_64-linux-gnu:/opt/ros/iron/lib /usr/bin/cmake --install /home/dayo/Desktop/scrap_ws/build/velodyne_driver
[5.508s] Level 1:colcon.colcon_core.environment:create_environment_scripts_only(velodyne_driver)
[5.511s] Level 1:colcon.colcon_core.environment:checking '/home/dayo/Desktop/scrap_ws/install/velodyne_driver' for CMake module files
[5.511s] DEBUG:colcon.colcon_core.event_handler.log_command:Invoked command in '/home/dayo/Desktop/scrap_ws/build/velodyne_driver' returned '0': CMAKE_PREFIX_PATH=/home/dayo/Desktop/scrap_ws/install/velodyne_msgs:/home/dayo/Desktop/scrap_ws/install/velodyne:/home/dayo/Desktop/scrap_ws/install/velodyne_pointcloud:/home/dayo/Desktop/scrap_ws/install/velodyne_driver:/home/dayo/Desktop/scrap_ws/install/velodyne_laserscan:/home/dayo/Desktop/scrap_ws/install/scrap_pkg:/home/dayo/Desktop/scrap_ws/install/usb_cam:/opt/ros/iron LD_LIBRARY_PATH=/home/dayo/Desktop/scrap_ws/install/velodyne_msgs/lib:/home/dayo/Desktop/scrap_ws/install/velodyne_pointcloud/lib:/home/dayo/Desktop/scrap_ws/install/velodyne_driver/lib:/home/dayo/Desktop/scrap_ws/install/velodyne_laserscan/lib:/home/dayo/Desktop/scrap_ws/install/usb_cam/lib:/opt/ros/iron/opt/rviz_ogre_vendor/lib:/opt/ros/iron/lib/x86_64-linux-gnu:/opt/ros/iron/lib /usr/bin/cmake --install /home/dayo/Desktop/scrap_ws/build/velodyne_driver
[5.512s] Level 1:colcon.colcon_core.environment:checking '/home/dayo/Desktop/scrap_ws/install/velodyne_driver' for CMake config files
[5.513s] Level 1:colcon.colcon_core.shell:create_environment_hook('velodyne_driver', 'cmake_prefix_path')
[5.514s] INFO:colcon.colcon_core.shell:Creating environment hook '/home/dayo/Desktop/scrap_ws/install/velodyne_driver/share/velodyne_driver/hook/cmake_prefix_path.ps1'
[5.514s] INFO:colcon.colcon_core.shell:Creating environment descriptor '/home/dayo/Desktop/scrap_ws/install/velodyne_driver/share/velodyne_driver/hook/cmake_prefix_path.dsv'
[5.515s] INFO:colcon.colcon_core.shell:Creating environment hook '/home/dayo/Desktop/scrap_ws/install/velodyne_driver/share/velodyne_driver/hook/cmake_prefix_path.sh'
[5.515s] Level 1:colcon.colcon_core.environment:checking '/home/dayo/Desktop/scrap_ws/install/velodyne_driver/lib'
[5.516s] Level 1:colcon.colcon_core.shell:create_environment_hook('velodyne_driver', 'ld_library_path_lib')
[5.517s] INFO:colcon.colcon_core.shell:Creating environment hook '/home/dayo/Desktop/scrap_ws/install/velodyne_driver/share/velodyne_driver/hook/ld_library_path_lib.ps1'
[5.518s] INFO:colcon.colcon_core.shell:Creating environment descriptor '/home/dayo/Desktop/scrap_ws/install/velodyne_driver/share/velodyne_driver/hook/ld_library_path_lib.dsv'
[5.519s] INFO:colcon.colcon_core.shell:Creating environment hook '/home/dayo/Desktop/scrap_ws/install/velodyne_driver/share/velodyne_driver/hook/ld_library_path_lib.sh'
[5.520s] Level 1:colcon.colcon_core.environment:checking '/home/dayo/Desktop/scrap_ws/install/velodyne_driver/bin'
[5.520s] Level 1:colcon.colcon_core.environment:checking '/home/dayo/Desktop/scrap_ws/install/velodyne_driver/lib/pkgconfig/velodyne_driver.pc'
[5.521s] Level 1:colcon.colcon_core.environment:checking '/home/dayo/Desktop/scrap_ws/install/velodyne_driver/lib/python3.10/site-packages'
[5.521s] Level 1:colcon.colcon_core.environment:checking '/home/dayo/Desktop/scrap_ws/install/velodyne_driver/bin'
[5.528s] INFO:colcon.colcon_core.shell:Creating package script '/home/dayo/Desktop/scrap_ws/install/velodyne_driver/share/velodyne_driver/package.ps1'
[5.538s] INFO:colcon.colcon_core.shell:Creating package descriptor '/home/dayo/Desktop/scrap_ws/install/velodyne_driver/share/velodyne_driver/package.dsv'
[5.538s] INFO:colcon.colcon_core.shell:Creating package script '/home/dayo/Desktop/scrap_ws/install/velodyne_driver/share/velodyne_driver/package.sh'
[5.541s] INFO:colcon.colcon_core.shell:Creating package script '/home/dayo/Desktop/scrap_ws/install/velodyne_driver/share/velodyne_driver/package.bash'
[5.542s] INFO:colcon.colcon_core.shell:Creating package script '/home/dayo/Desktop/scrap_ws/install/velodyne_driver/share/velodyne_driver/package.zsh'
[5.542s] Level 1:colcon.colcon_core.environment:create_file_with_runtime_dependencies(/home/dayo/Desktop/scrap_ws/install/velodyne_driver/share/colcon-core/packages/velodyne_driver)
[5.544s] DEBUG:colcon.colcon_core.event_handler.log_command:Invoked command in '/home/dayo/Desktop/scrap_ws/build/velodyne_pointcloud' returned '0': CMAKE_PREFIX_PATH=/home/dayo/Desktop/scrap_ws/install/velodyne_msgs:/home/dayo/Desktop/scrap_ws/install/velodyne:/home/dayo/Desktop/scrap_ws/install/velodyne_pointcloud:/home/dayo/Desktop/scrap_ws/install/velodyne_driver:/home/dayo/Desktop/scrap_ws/install/velodyne_laserscan:/home/dayo/Desktop/scrap_ws/install/scrap_pkg:/home/dayo/Desktop/scrap_ws/install/usb_cam:/opt/ros/iron LD_LIBRARY_PATH=/home/dayo/Desktop/scrap_ws/install/velodyne_msgs/lib:/home/dayo/Desktop/scrap_ws/install/velodyne_pointcloud/lib:/home/dayo/Desktop/scrap_ws/install/velodyne_driver/lib:/home/dayo/Desktop/scrap_ws/install/velodyne_laserscan/lib:/home/dayo/Desktop/scrap_ws/install/usb_cam/lib:/opt/ros/iron/opt/rviz_ogre_vendor/lib:/opt/ros/iron/lib/x86_64-linux-gnu:/opt/ros/iron/lib /usr/bin/cmake --build /home/dayo/Desktop/scrap_ws/build/velodyne_pointcloud -- -j2 -l2
[5.590s] Level 1:colcon.colcon_core.environment:create_environment_scripts_only(velodyne_driver)
[5.591s] Level 1:colcon.colcon_core.environment:checking '/home/dayo/Desktop/scrap_ws/install/velodyne_driver' for CMake module files
[5.592s] Level 1:colcon.colcon_core.environment:checking '/home/dayo/Desktop/scrap_ws/install/velodyne_driver' for CMake config files
[5.592s] Level 1:colcon.colcon_core.shell:create_environment_hook('velodyne_driver', 'cmake_prefix_path')
[5.594s] INFO:colcon.colcon_core.shell:Creating environment hook '/home/dayo/Desktop/scrap_ws/install/velodyne_driver/share/velodyne_driver/hook/cmake_prefix_path.ps1'
[5.595s] INFO:colcon.colcon_core.shell:Creating environment descriptor '/home/dayo/Desktop/scrap_ws/install/velodyne_driver/share/velodyne_driver/hook/cmake_prefix_path.dsv'
[5.595s] INFO:colcon.colcon_core.shell:Creating environment hook '/home/dayo/Desktop/scrap_ws/install/velodyne_driver/share/velodyne_driver/hook/cmake_prefix_path.sh'
[5.596s] Level 1:colcon.colcon_core.environment:checking '/home/dayo/Desktop/scrap_ws/install/velodyne_driver/lib'
[5.596s] Level 1:colcon.colcon_core.shell:create_environment_hook('velodyne_driver', 'ld_library_path_lib')
[5.597s] INFO:colcon.colcon_core.shell:Creating environment hook '/home/dayo/Desktop/scrap_ws/install/velodyne_driver/share/velodyne_driver/hook/ld_library_path_lib.ps1'
[5.597s] INFO:colcon.colcon_core.shell:Creating environment descriptor '/home/dayo/Desktop/scrap_ws/install/velodyne_driver/share/velodyne_driver/hook/ld_library_path_lib.dsv'
[5.598s] INFO:colcon.colcon_core.shell:Creating environment hook '/home/dayo/Desktop/scrap_ws/install/velodyne_driver/share/velodyne_driver/hook/ld_library_path_lib.sh'
[5.598s] Level 1:colcon.colcon_core.environment:checking '/home/dayo/Desktop/scrap_ws/install/velodyne_driver/bin'
[5.598s] Level 1:colcon.colcon_core.environment:checking '/home/dayo/Desktop/scrap_ws/install/velodyne_driver/lib/pkgconfig/velodyne_driver.pc'
[5.598s] Level 1:colcon.colcon_core.environment:checking '/home/dayo/Desktop/scrap_ws/install/velodyne_driver/lib/python3.10/site-packages'
[5.598s] Level 1:colcon.colcon_core.environment:checking '/home/dayo/Desktop/scrap_ws/install/velodyne_driver/bin'
[5.600s] INFO:colcon.colcon_core.shell:Creating package script '/home/dayo/Desktop/scrap_ws/install/velodyne_driver/share/velodyne_driver/package.ps1'
[5.600s] INFO:colcon.colcon_core.shell:Creating package descriptor '/home/dayo/Desktop/scrap_ws/install/velodyne_driver/share/velodyne_driver/package.dsv'
[5.601s] INFO:colcon.colcon_core.shell:Creating package script '/home/dayo/Desktop/scrap_ws/install/velodyne_driver/share/velodyne_driver/package.sh'
[5.602s] INFO:colcon.colcon_core.shell:Creating package script '/home/dayo/Desktop/scrap_ws/install/velodyne_driver/share/velodyne_driver/package.bash'
[5.605s] INFO:colcon.colcon_core.shell:Creating package script '/home/dayo/Desktop/scrap_ws/install/velodyne_driver/share/velodyne_driver/package.zsh'
[5.606s] Level 1:colcon.colcon_core.environment:create_file_with_runtime_dependencies(/home/dayo/Desktop/scrap_ws/install/velodyne_driver/share/colcon-core/packages/velodyne_driver)
[5.626s] DEBUG:colcon.colcon_core.event_handler.log_command:Invoking command in '/home/dayo/Desktop/scrap_ws/build/velodyne_pointcloud': CMAKE_PREFIX_PATH=/home/dayo/Desktop/scrap_ws/install/velodyne_msgs:/home/dayo/Desktop/scrap_ws/install/velodyne:/home/dayo/Desktop/scrap_ws/install/velodyne_pointcloud:/home/dayo/Desktop/scrap_ws/install/velodyne_driver:/home/dayo/Desktop/scrap_ws/install/velodyne_laserscan:/home/dayo/Desktop/scrap_ws/install/scrap_pkg:/home/dayo/Desktop/scrap_ws/install/usb_cam:/opt/ros/iron LD_LIBRARY_PATH=/home/dayo/Desktop/scrap_ws/install/velodyne_msgs/lib:/home/dayo/Desktop/scrap_ws/install/velodyne_pointcloud/lib:/home/dayo/Desktop/scrap_ws/install/velodyne_driver/lib:/home/dayo/Desktop/scrap_ws/install/velodyne_laserscan/lib:/home/dayo/Desktop/scrap_ws/install/usb_cam/lib:/opt/ros/iron/opt/rviz_ogre_vendor/lib:/opt/ros/iron/lib/x86_64-linux-gnu:/opt/ros/iron/lib /usr/bin/cmake --install /home/dayo/Desktop/scrap_ws/build/velodyne_pointcloud
[5.641s] Level 1:colcon.colcon_core.environment:create_environment_scripts_only(velodyne_pointcloud)
[5.643s] Level 1:colcon.colcon_core.environment:checking '/home/dayo/Desktop/scrap_ws/install/velodyne_pointcloud' for CMake module files
[5.644s] DEBUG:colcon.colcon_core.event_handler.log_command:Invoked command in '/home/dayo/Desktop/scrap_ws/build/velodyne_pointcloud' returned '0': CMAKE_PREFIX_PATH=/home/dayo/Desktop/scrap_ws/install/velodyne_msgs:/home/dayo/Desktop/scrap_ws/install/velodyne:/home/dayo/Desktop/scrap_ws/install/velodyne_pointcloud:/home/dayo/Desktop/scrap_ws/install/velodyne_driver:/home/dayo/Desktop/scrap_ws/install/velodyne_laserscan:/home/dayo/Desktop/scrap_ws/install/scrap_pkg:/home/dayo/Desktop/scrap_ws/install/usb_cam:/opt/ros/iron LD_LIBRARY_PATH=/home/dayo/Desktop/scrap_ws/install/velodyne_msgs/lib:/home/dayo/Desktop/scrap_ws/install/velodyne_pointcloud/lib:/home/dayo/Desktop/scrap_ws/install/velodyne_driver/lib:/home/dayo/Desktop/scrap_ws/install/velodyne_laserscan/lib:/home/dayo/Desktop/scrap_ws/install/usb_cam/lib:/opt/ros/iron/opt/rviz_ogre_vendor/lib:/opt/ros/iron/lib/x86_64-linux-gnu:/opt/ros/iron/lib /usr/bin/cmake --install /home/dayo/Desktop/scrap_ws/build/velodyne_pointcloud
[5.644s] Level 1:colcon.colcon_core.environment:checking '/home/dayo/Desktop/scrap_ws/install/velodyne_pointcloud' for CMake config files
[5.645s] Level 1:colcon.colcon_core.shell:create_environment_hook('velodyne_pointcloud', 'cmake_prefix_path')
[5.646s] INFO:colcon.colcon_core.shell:Creating environment hook '/home/dayo/Desktop/scrap_ws/install/velodyne_pointcloud/share/velodyne_pointcloud/hook/cmake_prefix_path.ps1'
[5.646s] INFO:colcon.colcon_core.shell:Creating environment descriptor '/home/dayo/Desktop/scrap_ws/install/velodyne_pointcloud/share/velodyne_pointcloud/hook/cmake_prefix_path.dsv'
[5.646s] INFO:colcon.colcon_core.shell:Creating environment hook '/home/dayo/Desktop/scrap_ws/install/velodyne_pointcloud/share/velodyne_pointcloud/hook/cmake_prefix_path.sh'
[5.647s] Level 1:colcon.colcon_core.environment:checking '/home/dayo/Desktop/scrap_ws/install/velodyne_pointcloud/lib'
[5.647s] Level 1:colcon.colcon_core.shell:create_environment_hook('velodyne_pointcloud', 'ld_library_path_lib')
[5.648s] INFO:colcon.colcon_core.shell:Creating environment hook '/home/dayo/Desktop/scrap_ws/install/velodyne_pointcloud/share/velodyne_pointcloud/hook/ld_library_path_lib.ps1'
[5.648s] INFO:colcon.colcon_core.shell:Creating environment descriptor '/home/dayo/Desktop/scrap_ws/install/velodyne_pointcloud/share/velodyne_pointcloud/hook/ld_library_path_lib.dsv'
[5.649s] INFO:colcon.colcon_core.shell:Creating environment hook '/home/dayo/Desktop/scrap_ws/install/velodyne_pointcloud/share/velodyne_pointcloud/hook/ld_library_path_lib.sh'
[5.656s] Level 1:colcon.colcon_core.environment:checking '/home/dayo/Desktop/scrap_ws/install/velodyne_pointcloud/bin'
[5.656s] Level 1:colcon.colcon_core.environment:checking '/home/dayo/Desktop/scrap_ws/install/velodyne_pointcloud/lib/pkgconfig/velodyne_pointcloud.pc'
[5.656s] Level 1:colcon.colcon_core.environment:checking '/home/dayo/Desktop/scrap_ws/install/velodyne_pointcloud/lib/python3.10/site-packages'
[5.656s] Level 1:colcon.colcon_core.environment:checking '/home/dayo/Desktop/scrap_ws/install/velodyne_pointcloud/bin'
[5.658s] INFO:colcon.colcon_core.shell:Creating package script '/home/dayo/Desktop/scrap_ws/install/velodyne_pointcloud/share/velodyne_pointcloud/package.ps1'
[5.659s] INFO:colcon.colcon_core.shell:Creating package descriptor '/home/dayo/Desktop/scrap_ws/install/velodyne_pointcloud/share/velodyne_pointcloud/package.dsv'
[5.659s] INFO:colcon.colcon_core.shell:Creating package script '/home/dayo/Desktop/scrap_ws/install/velodyne_pointcloud/share/velodyne_pointcloud/package.sh'
[5.662s] INFO:colcon.colcon_core.shell:Creating package script '/home/dayo/Desktop/scrap_ws/install/velodyne_pointcloud/share/velodyne_pointcloud/package.bash'
[5.662s] INFO:colcon.colcon_core.shell:Creating package script '/home/dayo/Desktop/scrap_ws/install/velodyne_pointcloud/share/velodyne_pointcloud/package.zsh'
[5.662s] Level 1:colcon.colcon_core.environment:create_file_with_runtime_dependencies(/home/dayo/Desktop/scrap_ws/install/velodyne_pointcloud/share/colcon-core/packages/velodyne_pointcloud)
[5.708s] Level 1:colcon.colcon_core.environment:create_environment_scripts_only(velodyne_pointcloud)
[5.710s] Level 1:colcon.colcon_core.environment:checking '/home/dayo/Desktop/scrap_ws/install/velodyne_pointcloud' for CMake module files
[5.711s] Level 1:colcon.colcon_core.environment:checking '/home/dayo/Desktop/scrap_ws/install/velodyne_pointcloud' for CMake config files
[5.711s] Level 1:colcon.colcon_core.shell:create_environment_hook('velodyne_pointcloud', 'cmake_prefix_path')
[5.713s] INFO:colcon.colcon_core.shell:Creating environment hook '/home/dayo/Desktop/scrap_ws/install/velodyne_pointcloud/share/velodyne_pointcloud/hook/cmake_prefix_path.ps1'
[5.714s] INFO:colcon.colcon_core.shell:Creating environment descriptor '/home/dayo/Desktop/scrap_ws/install/velodyne_pointcloud/share/velodyne_pointcloud/hook/cmake_prefix_path.dsv'
[5.715s] INFO:colcon.colcon_core.shell:Creating environment hook '/home/dayo/Desktop/scrap_ws/install/velodyne_pointcloud/share/velodyne_pointcloud/hook/cmake_prefix_path.sh'
[5.715s] Level 1:colcon.colcon_core.environment:checking '/home/dayo/Desktop/scrap_ws/install/velodyne_pointcloud/lib'
[5.715s] Level 1:colcon.colcon_core.shell:create_environment_hook('velodyne_pointcloud', 'ld_library_path_lib')
[5.716s] INFO:colcon.colcon_core.shell:Creating environment hook '/home/dayo/Desktop/scrap_ws/install/velodyne_pointcloud/share/velodyne_pointcloud/hook/ld_library_path_lib.ps1'
[5.717s] INFO:colcon.colcon_core.shell:Creating environment descriptor '/home/dayo/Desktop/scrap_ws/install/velodyne_pointcloud/share/velodyne_pointcloud/hook/ld_library_path_lib.dsv'
[5.717s] INFO:colcon.colcon_core.shell:Creating environment hook '/home/dayo/Desktop/scrap_ws/install/velodyne_pointcloud/share/velodyne_pointcloud/hook/ld_library_path_lib.sh'
[5.718s] Level 1:colcon.colcon_core.environment:checking '/home/dayo/Desktop/scrap_ws/install/velodyne_pointcloud/bin'
[5.718s] Level 1:colcon.colcon_core.environment:checking '/home/dayo/Desktop/scrap_ws/install/velodyne_pointcloud/lib/pkgconfig/velodyne_pointcloud.pc'
[5.718s] Level 1:colcon.colcon_core.environment:checking '/home/dayo/Desktop/scrap_ws/install/velodyne_pointcloud/lib/python3.10/site-packages'
[5.719s] Level 1:colcon.colcon_core.environment:checking '/home/dayo/Desktop/scrap_ws/install/velodyne_pointcloud/bin'
[5.720s] INFO:colcon.colcon_core.shell:Creating package script '/home/dayo/Desktop/scrap_ws/install/velodyne_pointcloud/share/velodyne_pointcloud/package.ps1'
[5.721s] INFO:colcon.colcon_core.shell:Creating package descriptor '/home/dayo/Desktop/scrap_ws/install/velodyne_pointcloud/share/velodyne_pointcloud/package.dsv'
[5.721s] INFO:colcon.colcon_core.shell:Creating package script '/home/dayo/Desktop/scrap_ws/install/velodyne_pointcloud/share/velodyne_pointcloud/package.sh'
[5.722s] INFO:colcon.colcon_core.shell:Creating package script '/home/dayo/Desktop/scrap_ws/install/velodyne_pointcloud/share/velodyne_pointcloud/package.bash'
[5.722s] INFO:colcon.colcon_core.shell:Creating package script '/home/dayo/Desktop/scrap_ws/install/velodyne_pointcloud/share/velodyne_pointcloud/package.zsh'
[5.722s] Level 1:colcon.colcon_core.environment:create_file_with_runtime_dependencies(/home/dayo/Desktop/scrap_ws/install/velodyne_pointcloud/share/colcon-core/packages/velodyne_pointcloud)
[5.723s] INFO:colcon.colcon_ros.task.ament_cmake.build:Building ROS package in '/home/dayo/Desktop/scrap_ws/src/velodyne/velodyne' with build type 'ament_cmake'
[5.723s] INFO:colcon.colcon_cmake.task.cmake.build:Building CMake package in '/home/dayo/Desktop/scrap_ws/src/velodyne/velodyne'
[5.725s] INFO:colcon.colcon_core.shell:Skip shell extension 'powershell' for command environment: Not usable outside of PowerShell
[5.725s] DEBUG:colcon.colcon_core.shell:Skip shell extension 'dsv' for command environment
[5.740s] DEBUG:colcon.colcon_core.event_handler.log_command:Invoking command in '/home/dayo/Desktop/scrap_ws/build/velodyne': CMAKE_PREFIX_PATH=/home/dayo/Desktop/scrap_ws/install/velodyne_pointcloud:/home/dayo/Desktop/scrap_ws/install/velodyne_driver:/home/dayo/Desktop/scrap_ws/install/velodyne_msgs:/home/dayo/Desktop/scrap_ws/install/velodyne_laserscan:/home/dayo/Desktop/scrap_ws/install/velodyne:/home/dayo/Desktop/scrap_ws/install/scrap_pkg:/home/dayo/Desktop/scrap_ws/install/usb_cam:/opt/ros/iron /usr/bin/cmake --build /home/dayo/Desktop/scrap_ws/build/velodyne -- -j2 -l2
[5.786s] DEBUG:colcon.colcon_core.event_handler.log_command:Invoked command in '/home/dayo/Desktop/scrap_ws/build/velodyne' returned '0': CMAKE_PREFIX_PATH=/home/dayo/Desktop/scrap_ws/install/velodyne_pointcloud:/home/dayo/Desktop/scrap_ws/install/velodyne_driver:/home/dayo/Desktop/scrap_ws/install/velodyne_msgs:/home/dayo/Desktop/scrap_ws/install/velodyne_laserscan:/home/dayo/Desktop/scrap_ws/install/velodyne:/home/dayo/Desktop/scrap_ws/install/scrap_pkg:/home/dayo/Desktop/scrap_ws/install/usb_cam:/opt/ros/iron /usr/bin/cmake --build /home/dayo/Desktop/scrap_ws/build/velodyne -- -j2 -l2
[5.826s] DEBUG:colcon.colcon_core.event_handler.log_command:Invoking command in '/home/dayo/Desktop/scrap_ws/build/velodyne': CMAKE_PREFIX_PATH=/home/dayo/Desktop/scrap_ws/install/velodyne_pointcloud:/home/dayo/Desktop/scrap_ws/install/velodyne_driver:/home/dayo/Desktop/scrap_ws/install/velodyne_msgs:/home/dayo/Desktop/scrap_ws/install/velodyne_laserscan:/home/dayo/Desktop/scrap_ws/install/velodyne:/home/dayo/Desktop/scrap_ws/install/scrap_pkg:/home/dayo/Desktop/scrap_ws/install/usb_cam:/opt/ros/iron /usr/bin/cmake --install /home/dayo/Desktop/scrap_ws/build/velodyne
[5.839s] Level 1:colcon.colcon_core.environment:create_environment_scripts_only(velodyne)
[5.841s] Level 1:colcon.colcon_core.environment:checking '/home/dayo/Desktop/scrap_ws/install/velodyne' for CMake module files
[5.842s] Level 1:colcon.colcon_core.environment:checking '/home/dayo/Desktop/scrap_ws/install/velodyne' for CMake config files
[5.842s] Level 1:colcon.colcon_core.shell:create_environment_hook('velodyne', 'cmake_prefix_path')
[5.843s] INFO:colcon.colcon_core.shell:Creating environment hook '/home/dayo/Desktop/scrap_ws/install/velodyne/share/velodyne/hook/cmake_prefix_path.ps1'
[5.843s] INFO:colcon.colcon_core.shell:Creating environment descriptor '/home/dayo/Desktop/scrap_ws/install/velodyne/share/velodyne/hook/cmake_prefix_path.dsv'
[5.843s] INFO:colcon.colcon_core.shell:Creating environment hook '/home/dayo/Desktop/scrap_ws/install/velodyne/share/velodyne/hook/cmake_prefix_path.sh'
[5.844s] Level 1:colcon.colcon_core.environment:checking '/home/dayo/Desktop/scrap_ws/install/velodyne/bin'
[5.844s] Level 1:colcon.colcon_core.environment:checking '/home/dayo/Desktop/scrap_ws/install/velodyne/lib/pkgconfig/velodyne.pc'
[5.844s] Level 1:colcon.colcon_core.environment:checking '/home/dayo/Desktop/scrap_ws/install/velodyne/lib/python3.10/site-packages'
[5.844s] Level 1:colcon.colcon_core.environment:checking '/home/dayo/Desktop/scrap_ws/install/velodyne/bin'
[5.845s] INFO:colcon.colcon_core.shell:Creating package script '/home/dayo/Desktop/scrap_ws/install/velodyne/share/velodyne/package.ps1'
[5.846s] INFO:colcon.colcon_core.shell:Creating package descriptor '/home/dayo/Desktop/scrap_ws/install/velodyne/share/velodyne/package.dsv'
[5.846s] INFO:colcon.colcon_core.shell:Creating package script '/home/dayo/Desktop/scrap_ws/install/velodyne/share/velodyne/package.sh'
[5.847s] INFO:colcon.colcon_core.shell:Creating package script '/home/dayo/Desktop/scrap_ws/install/velodyne/share/velodyne/package.bash'
[5.847s] INFO:colcon.colcon_core.shell:Creating package script '/home/dayo/Desktop/scrap_ws/install/velodyne/share/velodyne/package.zsh'
[5.847s] Level 1:colcon.colcon_core.environment:create_file_with_runtime_dependencies(/home/dayo/Desktop/scrap_ws/install/velodyne/share/colcon-core/packages/velodyne)
[5.848s] DEBUG:colcon.colcon_core.event_handler.log_command:Invoked command in '/home/dayo/Desktop/scrap_ws/build/velodyne' returned '0': CMAKE_PREFIX_PATH=/home/dayo/Desktop/scrap_ws/install/velodyne_pointcloud:/home/dayo/Desktop/scrap_ws/install/velodyne_driver:/home/dayo/Desktop/scrap_ws/install/velodyne_msgs:/home/dayo/Desktop/scrap_ws/install/velodyne_laserscan:/home/dayo/Desktop/scrap_ws/install/velodyne:/home/dayo/Desktop/scrap_ws/install/scrap_pkg:/home/dayo/Desktop/scrap_ws/install/usb_cam:/opt/ros/iron /usr/bin/cmake --install /home/dayo/Desktop/scrap_ws/build/velodyne
[5.875s] Level 1:colcon.colcon_core.environment:create_environment_scripts_only(velodyne)
[5.881s] Level 1:colcon.colcon_core.environment:checking '/home/dayo/Desktop/scrap_ws/install/velodyne' for CMake module files
[5.882s] Level 1:colcon.colcon_core.environment:checking '/home/dayo/Desktop/scrap_ws/install/velodyne' for CMake config files
[5.882s] Level 1:colcon.colcon_core.shell:create_environment_hook('velodyne', 'cmake_prefix_path')
[5.883s] INFO:colcon.colcon_core.shell:Creating environment hook '/home/dayo/Desktop/scrap_ws/install/velodyne/share/velodyne/hook/cmake_prefix_path.ps1'
[5.887s] INFO:colcon.colcon_core.shell:Creating environment descriptor '/home/dayo/Desktop/scrap_ws/install/velodyne/share/velodyne/hook/cmake_prefix_path.dsv'
[5.887s] INFO:colcon.colcon_core.shell:Creating environment hook '/home/dayo/Desktop/scrap_ws/install/velodyne/share/velodyne/hook/cmake_prefix_path.sh'
[5.888s] Level 1:colcon.colcon_core.environment:checking '/home/dayo/Desktop/scrap_ws/install/velodyne/bin'
[5.888s] Level 1:colcon.colcon_core.environment:checking '/home/dayo/Desktop/scrap_ws/install/velodyne/lib/pkgconfig/velodyne.pc'
[5.888s] Level 1:colcon.colcon_core.environment:checking '/home/dayo/Desktop/scrap_ws/install/velodyne/lib/python3.10/site-packages'
[5.888s] Level 1:colcon.colcon_core.environment:checking '/home/dayo/Desktop/scrap_ws/install/velodyne/bin'
[5.890s] INFO:colcon.colcon_core.shell:Creating package script '/home/dayo/Desktop/scrap_ws/install/velodyne/share/velodyne/package.ps1'
[5.891s] INFO:colcon.colcon_core.shell:Creating package descriptor '/home/dayo/Desktop/scrap_ws/install/velodyne/share/velodyne/package.dsv'
[5.891s] INFO:colcon.colcon_core.shell:Creating package script '/home/dayo/Desktop/scrap_ws/install/velodyne/share/velodyne/package.sh'
[5.892s] INFO:colcon.colcon_core.shell:Creating package script '/home/dayo/Desktop/scrap_ws/install/velodyne/share/velodyne/package.bash'
[5.892s] INFO:colcon.colcon_core.shell:Creating package script '/home/dayo/Desktop/scrap_ws/install/velodyne/share/velodyne/package.zsh'
[5.893s] Level 1:colcon.colcon_core.environment:create_file_with_runtime_dependencies(/home/dayo/Desktop/scrap_ws/install/velodyne/share/colcon-core/packages/velodyne)
[5.893s] DEBUG:colcon.colcon_parallel_executor.executor.parallel:closing loop
[5.899s] DEBUG:colcon.colcon_parallel_executor.executor.parallel:loop closed
[5.899s] DEBUG:colcon.colcon_parallel_executor.executor.parallel:run_until_complete finished with '0'
[5.899s] DEBUG:colcon.colcon_core.event_reactor:joining thread
[5.944s] INFO:colcon.colcon_core.plugin_system:Skipping extension 'colcon_notification.desktop_notification.terminal_notifier': Not used on non-Darwin systems
[5.944s] INFO:colcon.colcon_core.plugin_system:Skipping extension 'colcon_notification.desktop_notification.win32': Not used on non-Windows systems
[5.944s] INFO:colcon.colcon_notification.desktop_notification:Sending desktop notification using 'notify2'
[6.012s] DEBUG:colcon.colcon_core.event_reactor:joined thread
[6.014s] INFO:colcon.colcon_core.shell:Creating prefix script '/home/dayo/Desktop/scrap_ws/install/local_setup.ps1'
[6.015s] INFO:colcon.colcon_core.shell:Creating prefix util module '/home/dayo/Desktop/scrap_ws/install/_local_setup_util_ps1.py'
[6.018s] INFO:colcon.colcon_core.shell:Creating prefix chain script '/home/dayo/Desktop/scrap_ws/install/setup.ps1'
[6.020s] INFO:colcon.colcon_core.shell:Creating prefix script '/home/dayo/Desktop/scrap_ws/install/local_setup.sh'
[6.022s] INFO:colcon.colcon_core.shell:Creating prefix util module '/home/dayo/Desktop/scrap_ws/install/_local_setup_util_sh.py'
[6.023s] INFO:colcon.colcon_core.shell:Creating prefix chain script '/home/dayo/Desktop/scrap_ws/install/setup.sh'
[6.025s] INFO:colcon.colcon_core.shell:Creating prefix script '/home/dayo/Desktop/scrap_ws/install/local_setup.bash'
[6.026s] INFO:colcon.colcon_core.shell:Creating prefix chain script '/home/dayo/Desktop/scrap_ws/install/setup.bash'
[6.036s] INFO:colcon.colcon_core.shell:Creating prefix script '/home/dayo/Desktop/scrap_ws/install/local_setup.zsh'
[6.037s] INFO:colcon.colcon_core.shell:Creating prefix chain script '/home/dayo/Desktop/scrap_ws/install/setup.zsh'
