[0.311s] DEBUG:colcon:Command line arguments: ['/usr/bin/colcon', 'build']
[0.311s] DEBUG:colcon:Parsed command line arguments: Namespace(log_base=None, log_level=None, verb_name='build', build_base='build', install_base='install', merge_install=False, symlink_install=False, test_result_base=None, continue_on_error=False, executor='parallel', parallel_workers=2, event_handlers=None, ignore_user_meta=False, metas=['./colcon.meta'], base_paths=['.'], packages_ignore=None, packages_ignore_regex=None, paths=None, packages_up_to=None, packages_up_to_regex=None, packages_above=None, packages_above_and_dependencies=None, packages_above_depth=None, packages_select_by_dep=None, packages_skip_by_dep=None, packages_skip_up_to=None, packages_select_build_failed=False, packages_skip_build_finished=False, packages_select_test_failures=False, packages_skip_test_passed=False, packages_select=None, packages_skip=None, packages_select_regex=None, packages_skip_regex=None, packages_start=None, packages_end=None, allow_overriding=[], cmake_args=None, cmake_target=None, cmake_target_skip_unavailable=False, cmake_clean_cache=False, cmake_clean_first=False, cmake_force_configure=False, ament_cmake_args=None, catkin_cmake_args=None, catkin_skip_building_tests=False, verb_parser=<colcon_defaults.argument_parser.defaults.DefaultArgumentsDecorator object at 0x7f81c50e1720>, verb_extension=<colcon_core.verb.build.BuildVerb object at 0x7f81c58bc970>, main=<bound method BuildVerb.main of <colcon_core.verb.build.BuildVerb object at 0x7f81c58bc970>>)
[0.336s] Level 1:colcon.colcon_core.package_discovery:discover_packages(colcon_meta) check parameters
[0.336s] Level 1:colcon.colcon_core.package_discovery:discover_packages(recursive) check parameters
[0.337s] Level 1:colcon.colcon_core.package_discovery:discover_packages(ignore) check parameters
[0.337s] Level 1:colcon.colcon_core.package_discovery:discover_packages(path) check parameters
[0.337s] Level 1:colcon.colcon_core.package_discovery:discover_packages(colcon_meta) discover
[0.337s] Level 1:colcon.colcon_core.package_discovery:discover_packages(recursive) discover
[0.337s] INFO:colcon.colcon_core.package_discovery:Crawling recursively for packages in '/home/dayo/Desktop/scrap_ws'
[0.337s] Level 1:colcon.colcon_core.package_identification:_identify(.) by extensions ['ignore', 'ignore_ament_install']
[0.337s] Level 1:colcon.colcon_core.package_identification:_identify(.) by extension 'ignore'
[0.337s] Level 1:colcon.colcon_core.package_identification:_identify(.) by extension 'ignore_ament_install'
[0.337s] Level 1:colcon.colcon_core.package_identification:_identify(.) by extensions ['colcon_pkg']
[0.337s] Level 1:colcon.colcon_core.package_identification:_identify(.) by extension 'colcon_pkg'
[0.337s] Level 1:colcon.colcon_core.package_identification:_identify(.) by extensions ['colcon_meta']
[0.337s] Level 1:colcon.colcon_core.package_identification:_identify(.) by extension 'colcon_meta'
[0.337s] Level 1:colcon.colcon_core.package_identification:_identify(.) by extensions ['ros']
[0.337s] Level 1:colcon.colcon_core.package_identification:_identify(.) by extension 'ros'
[0.346s] Level 1:colcon.colcon_core.package_identification:_identify(.) by extensions ['cmake', 'python']
[0.346s] Level 1:colcon.colcon_core.package_identification:_identify(.) by extension 'cmake'
[0.346s] Level 1:colcon.colcon_core.package_identification:_identify(.) by extension 'python'
[0.346s] Level 1:colcon.colcon_core.package_identification:_identify(.) by extensions ['python_setup_py']
[0.346s] Level 1:colcon.colcon_core.package_identification:_identify(.) by extension 'python_setup_py'
[0.347s] Level 1:colcon.colcon_core.package_identification:_identify(build) by extensions ['ignore', 'ignore_ament_install']
[0.347s] Level 1:colcon.colcon_core.package_identification:_identify(build) by extension 'ignore'
[0.347s] Level 1:colcon.colcon_core.package_identification:_identify(build) ignored
[0.347s] Level 1:colcon.colcon_core.package_identification:_identify(install) by extensions ['ignore', 'ignore_ament_install']
[0.347s] Level 1:colcon.colcon_core.package_identification:_identify(install) by extension 'ignore'
[0.347s] Level 1:colcon.colcon_core.package_identification:_identify(install) ignored
[0.347s] Level 1:colcon.colcon_core.package_identification:_identify(log) by extensions ['ignore', 'ignore_ament_install']
[0.347s] Level 1:colcon.colcon_core.package_identification:_identify(log) by extension 'ignore'
[0.347s] Level 1:colcon.colcon_core.package_identification:_identify(log) ignored
[0.347s] Level 1:colcon.colcon_core.package_identification:_identify(src) by extensions ['ignore', 'ignore_ament_install']
[0.347s] Level 1:colcon.colcon_core.package_identification:_identify(src) by extension 'ignore'
[0.347s] Level 1:colcon.colcon_core.package_identification:_identify(src) by extension 'ignore_ament_install'
[0.347s] Level 1:colcon.colcon_core.package_identification:_identify(src) by extensions ['colcon_pkg']
[0.347s] Level 1:colcon.colcon_core.package_identification:_identify(src) by extension 'colcon_pkg'
[0.347s] Level 1:colcon.colcon_core.package_identification:_identify(src) by extensions ['colcon_meta']
[0.347s] Level 1:colcon.colcon_core.package_identification:_identify(src) by extension 'colcon_meta'
[0.348s] Level 1:colcon.colcon_core.package_identification:_identify(src) by extensions ['ros']
[0.348s] Level 1:colcon.colcon_core.package_identification:_identify(src) by extension 'ros'
[0.348s] Level 1:colcon.colcon_core.package_identification:_identify(src) by extensions ['cmake', 'python']
[0.348s] Level 1:colcon.colcon_core.package_identification:_identify(src) by extension 'cmake'
[0.348s] Level 1:colcon.colcon_core.package_identification:_identify(src) by extension 'python'
[0.348s] Level 1:colcon.colcon_core.package_identification:_identify(src) by extensions ['python_setup_py']
[0.348s] Level 1:colcon.colcon_core.package_identification:_identify(src) by extension 'python_setup_py'
[0.348s] Level 1:colcon.colcon_core.package_identification:_identify(src/scrap_pkg) by extensions ['ignore', 'ignore_ament_install']
[0.348s] Level 1:colcon.colcon_core.package_identification:_identify(src/scrap_pkg) by extension 'ignore'
[0.348s] Level 1:colcon.colcon_core.package_identification:_identify(src/scrap_pkg) by extension 'ignore_ament_install'
[0.348s] Level 1:colcon.colcon_core.package_identification:_identify(src/scrap_pkg) by extensions ['colcon_pkg']
[0.348s] Level 1:colcon.colcon_core.package_identification:_identify(src/scrap_pkg) by extension 'colcon_pkg'
[0.348s] Level 1:colcon.colcon_core.package_identification:_identify(src/scrap_pkg) by extensions ['colcon_meta']
[0.348s] Level 1:colcon.colcon_core.package_identification:_identify(src/scrap_pkg) by extension 'colcon_meta'
[0.348s] Level 1:colcon.colcon_core.package_identification:_identify(src/scrap_pkg) by extensions ['ros']
[0.348s] Level 1:colcon.colcon_core.package_identification:_identify(src/scrap_pkg) by extension 'ros'
[0.350s] DEBUG:colcon.colcon_core.package_identification:Package 'src/scrap_pkg' with type 'ros.ament_cmake' and name 'scrap_pkg'
[0.350s] Level 1:colcon.colcon_core.package_identification:_identify(src/usb_cam) by extensions ['ignore', 'ignore_ament_install']
[0.350s] Level 1:colcon.colcon_core.package_identification:_identify(src/usb_cam) by extension 'ignore'
[0.350s] Level 1:colcon.colcon_core.package_identification:_identify(src/usb_cam) by extension 'ignore_ament_install'
[0.350s] Level 1:colcon.colcon_core.package_identification:_identify(src/usb_cam) by extensions ['colcon_pkg']
[0.350s] Level 1:colcon.colcon_core.package_identification:_identify(src/usb_cam) by extension 'colcon_pkg'
[0.350s] Level 1:colcon.colcon_core.package_identification:_identify(src/usb_cam) by extensions ['colcon_meta']
[0.350s] Level 1:colcon.colcon_core.package_identification:_identify(src/usb_cam) by extension 'colcon_meta'
[0.350s] Level 1:colcon.colcon_core.package_identification:_identify(src/usb_cam) by extensions ['ros']
[0.350s] Level 1:colcon.colcon_core.package_identification:_identify(src/usb_cam) by extension 'ros'
[0.351s] DEBUG:colcon.colcon_core.package_identification:Package 'src/usb_cam' with type 'ros.ament_cmake' and name 'usb_cam'
[0.352s] Level 1:colcon.colcon_core.package_identification:_identify(src/velodyne) by extensions ['ignore', 'ignore_ament_install']
[0.352s] Level 1:colcon.colcon_core.package_identification:_identify(src/velodyne) by extension 'ignore'
[0.352s] Level 1:colcon.colcon_core.package_identification:_identify(src/velodyne) by extension 'ignore_ament_install'
[0.352s] Level 1:colcon.colcon_core.package_identification:_identify(src/velodyne) by extensions ['colcon_pkg']
[0.352s] Level 1:colcon.colcon_core.package_identification:_identify(src/velodyne) by extension 'colcon_pkg'
[0.352s] Level 1:colcon.colcon_core.package_identification:_identify(src/velodyne) by extensions ['colcon_meta']
[0.352s] Level 1:colcon.colcon_core.package_identification:_identify(src/velodyne) by extension 'colcon_meta'
[0.352s] Level 1:colcon.colcon_core.package_identification:_identify(src/velodyne) by extensions ['ros']
[0.352s] Level 1:colcon.colcon_core.package_identification:_identify(src/velodyne) by extension 'ros'
[0.352s] Level 1:colcon.colcon_core.package_identification:_identify(src/velodyne) by extensions ['cmake', 'python']
[0.352s] Level 1:colcon.colcon_core.package_identification:_identify(src/velodyne) by extension 'cmake'
[0.352s] Level 1:colcon.colcon_core.package_identification:_identify(src/velodyne) by extension 'python'
[0.352s] Level 1:colcon.colcon_core.package_identification:_identify(src/velodyne) by extensions ['python_setup_py']
[0.352s] Level 1:colcon.colcon_core.package_identification:_identify(src/velodyne) by extension 'python_setup_py'
[0.352s] Level 1:colcon.colcon_core.package_identification:_identify(src/velodyne/velodyne) by extensions ['ignore', 'ignore_ament_install']
[0.352s] Level 1:colcon.colcon_core.package_identification:_identify(src/velodyne/velodyne) by extension 'ignore'
[0.352s] Level 1:colcon.colcon_core.package_identification:_identify(src/velodyne/velodyne) by extension 'ignore_ament_install'
[0.352s] Level 1:colcon.colcon_core.package_identification:_identify(src/velodyne/velodyne) by extensions ['colcon_pkg']
[0.353s] Level 1:colcon.colcon_core.package_identification:_identify(src/velodyne/velodyne) by extension 'colcon_pkg'
[0.353s] Level 1:colcon.colcon_core.package_identification:_identify(src/velodyne/velodyne) by extensions ['colcon_meta']
[0.353s] Level 1:colcon.colcon_core.package_identification:_identify(src/velodyne/velodyne) by extension 'colcon_meta'
[0.353s] Level 1:colcon.colcon_core.package_identification:_identify(src/velodyne/velodyne) by extensions ['ros']
[0.353s] Level 1:colcon.colcon_core.package_identification:_identify(src/velodyne/velodyne) by extension 'ros'
[0.371s] DEBUG:colcon.colcon_core.package_identification:Package 'src/velodyne/velodyne' with type 'ros.ament_cmake' and name 'velodyne'
[0.371s] Level 1:colcon.colcon_core.package_identification:_identify(src/velodyne/velodyne_driver) by extensions ['ignore', 'ignore_ament_install']
[0.371s] Level 1:colcon.colcon_core.package_identification:_identify(src/velodyne/velodyne_driver) by extension 'ignore'
[0.371s] Level 1:colcon.colcon_core.package_identification:_identify(src/velodyne/velodyne_driver) by extension 'ignore_ament_install'
[0.371s] Level 1:colcon.colcon_core.package_identification:_identify(src/velodyne/velodyne_driver) by extensions ['colcon_pkg']
[0.371s] Level 1:colcon.colcon_core.package_identification:_identify(src/velodyne/velodyne_driver) by extension 'colcon_pkg'
[0.371s] Level 1:colcon.colcon_core.package_identification:_identify(src/velodyne/velodyne_driver) by extensions ['colcon_meta']
[0.371s] Level 1:colcon.colcon_core.package_identification:_identify(src/velodyne/velodyne_driver) by extension 'colcon_meta'
[0.371s] Level 1:colcon.colcon_core.package_identification:_identify(src/velodyne/velodyne_driver) by extensions ['ros']
[0.371s] Level 1:colcon.colcon_core.package_identification:_identify(src/velodyne/velodyne_driver) by extension 'ros'
[0.372s] DEBUG:colcon.colcon_core.package_identification:Package 'src/velodyne/velodyne_driver' with type 'ros.ament_cmake' and name 'velodyne_driver'
[0.372s] Level 1:colcon.colcon_core.package_identification:_identify(src/velodyne/velodyne_laserscan) by extensions ['ignore', 'ignore_ament_install']
[0.372s] Level 1:colcon.colcon_core.package_identification:_identify(src/velodyne/velodyne_laserscan) by extension 'ignore'
[0.372s] Level 1:colcon.colcon_core.package_identification:_identify(src/velodyne/velodyne_laserscan) by extension 'ignore_ament_install'
[0.373s] Level 1:colcon.colcon_core.package_identification:_identify(src/velodyne/velodyne_laserscan) by extensions ['colcon_pkg']
[0.373s] Level 1:colcon.colcon_core.package_identification:_identify(src/velodyne/velodyne_laserscan) by extension 'colcon_pkg'
[0.373s] Level 1:colcon.colcon_core.package_identification:_identify(src/velodyne/velodyne_laserscan) by extensions ['colcon_meta']
[0.373s] Level 1:colcon.colcon_core.package_identification:_identify(src/velodyne/velodyne_laserscan) by extension 'colcon_meta'
[0.373s] Level 1:colcon.colcon_core.package_identification:_identify(src/velodyne/velodyne_laserscan) by extensions ['ros']
[0.373s] Level 1:colcon.colcon_core.package_identification:_identify(src/velodyne/velodyne_laserscan) by extension 'ros'
[0.373s] DEBUG:colcon.colcon_core.package_identification:Package 'src/velodyne/velodyne_laserscan' with type 'ros.ament_cmake' and name 'velodyne_laserscan'
[0.373s] Level 1:colcon.colcon_core.package_identification:_identify(src/velodyne/velodyne_msgs) by extensions ['ignore', 'ignore_ament_install']
[0.373s] Level 1:colcon.colcon_core.package_identification:_identify(src/velodyne/velodyne_msgs) by extension 'ignore'
[0.373s] Level 1:colcon.colcon_core.package_identification:_identify(src/velodyne/velodyne_msgs) by extension 'ignore_ament_install'
[0.373s] Level 1:colcon.colcon_core.package_identification:_identify(src/velodyne/velodyne_msgs) by extensions ['colcon_pkg']
[0.374s] Level 1:colcon.colcon_core.package_identification:_identify(src/velodyne/velodyne_msgs) by extension 'colcon_pkg'
[0.374s] Level 1:colcon.colcon_core.package_identification:_identify(src/velodyne/velodyne_msgs) by extensions ['colcon_meta']
[0.374s] Level 1:colcon.colcon_core.package_identification:_identify(src/velodyne/velodyne_msgs) by extension 'colcon_meta'
[0.374s] Level 1:colcon.colcon_core.package_identification:_identify(src/velodyne/velodyne_msgs) by extensions ['ros']
[0.374s] Level 1:colcon.colcon_core.package_identification:_identify(src/velodyne/velodyne_msgs) by extension 'ros'
[0.374s] DEBUG:colcon.colcon_core.package_identification:Package 'src/velodyne/velodyne_msgs' with type 'ros.ament_cmake' and name 'velodyne_msgs'
[0.374s] Level 1:colcon.colcon_core.package_identification:_identify(src/velodyne/velodyne_pointcloud) by extensions ['ignore', 'ignore_ament_install']
[0.374s] Level 1:colcon.colcon_core.package_identification:_identify(src/velodyne/velodyne_pointcloud) by extension 'ignore'
[0.374s] Level 1:colcon.colcon_core.package_identification:_identify(src/velodyne/velodyne_pointcloud) by extension 'ignore_ament_install'
[0.374s] Level 1:colcon.colcon_core.package_identification:_identify(src/velodyne/velodyne_pointcloud) by extensions ['colcon_pkg']
[0.375s] Level 1:colcon.colcon_core.package_identification:_identify(src/velodyne/velodyne_pointcloud) by extension 'colcon_pkg'
[0.375s] Level 1:colcon.colcon_core.package_identification:_identify(src/velodyne/velodyne_pointcloud) by extensions ['colcon_meta']
[0.375s] Level 1:colcon.colcon_core.package_identification:_identify(src/velodyne/velodyne_pointcloud) by extension 'colcon_meta'
[0.375s] Level 1:colcon.colcon_core.package_identification:_identify(src/velodyne/velodyne_pointcloud) by extensions ['ros']
[0.375s] Level 1:colcon.colcon_core.package_identification:_identify(src/velodyne/velodyne_pointcloud) by extension 'ros'
[0.376s] DEBUG:colcon.colcon_core.package_identification:Package 'src/velodyne/velodyne_pointcloud' with type 'ros.ament_cmake' and name 'velodyne_pointcloud'
[0.376s] Level 1:colcon.colcon_core.package_discovery:discover_packages(recursive) using defaults
[0.376s] Level 1:colcon.colcon_core.package_discovery:discover_packages(ignore) discover
[0.376s] Level 1:colcon.colcon_core.package_discovery:discover_packages(ignore) using defaults
[0.376s] Level 1:colcon.colcon_core.package_discovery:discover_packages(path) discover
[0.376s] Level 1:colcon.colcon_core.package_discovery:discover_packages(path) using defaults
[0.395s] Level 1:colcon.colcon_core.package_discovery:discover_packages(prefix_path) check parameters
[0.395s] Level 1:colcon.colcon_core.package_discovery:discover_packages(prefix_path) discover
[0.397s] DEBUG:colcon.colcon_installed_package_information.package_discovery:Found 7 installed packages in /home/dayo/Desktop/scrap_ws/install
[0.414s] DEBUG:colcon.colcon_installed_package_information.package_discovery:Found 350 installed packages in /opt/ros/iron
[0.416s] Level 1:colcon.colcon_core.package_discovery:discover_packages(prefix_path) using defaults
[0.459s] Level 5:colcon.colcon_core.verb:set package 'usb_cam' build argument 'cmake_args' from command line to 'None'
[0.459s] Level 5:colcon.colcon_core.verb:set package 'usb_cam' build argument 'cmake_target' from command line to 'None'
[0.459s] Level 5:colcon.colcon_core.verb:set package 'usb_cam' build argument 'cmake_target_skip_unavailable' from command line to 'False'
[0.459s] Level 5:colcon.colcon_core.verb:set package 'usb_cam' build argument 'cmake_clean_cache' from command line to 'False'
[0.459s] Level 5:colcon.colcon_core.verb:set package 'usb_cam' build argument 'cmake_clean_first' from command line to 'False'
[0.459s] Level 5:colcon.colcon_core.verb:set package 'usb_cam' build argument 'cmake_force_configure' from command line to 'False'
[0.459s] Level 5:colcon.colcon_core.verb:set package 'usb_cam' build argument 'ament_cmake_args' from command line to 'None'
[0.459s] Level 5:colcon.colcon_core.verb:set package 'usb_cam' build argument 'catkin_cmake_args' from command line to 'None'
[0.459s] Level 5:colcon.colcon_core.verb:set package 'usb_cam' build argument 'catkin_skip_building_tests' from command line to 'False'
[0.459s] DEBUG:colcon.colcon_core.verb:Building package 'usb_cam' with the following arguments: {'ament_cmake_args': None, 'build_base': '/home/dayo/Desktop/scrap_ws/build/usb_cam', 'catkin_cmake_args': None, 'catkin_skip_building_tests': False, 'cmake_args': None, 'cmake_clean_cache': False, 'cmake_clean_first': False, 'cmake_force_configure': False, 'cmake_target': None, 'cmake_target_skip_unavailable': False, 'install_base': '/home/dayo/Desktop/scrap_ws/install/usb_cam', 'merge_install': False, 'path': '/home/dayo/Desktop/scrap_ws/src/usb_cam', 'symlink_install': False, 'test_result_base': None}
[0.460s] Level 5:colcon.colcon_core.verb:set package 'velodyne_laserscan' build argument 'cmake_args' from command line to 'None'
[0.460s] Level 5:colcon.colcon_core.verb:set package 'velodyne_laserscan' build argument 'cmake_target' from command line to 'None'
[0.460s] Level 5:colcon.colcon_core.verb:set package 'velodyne_laserscan' build argument 'cmake_target_skip_unavailable' from command line to 'False'
[0.460s] Level 5:colcon.colcon_core.verb:set package 'velodyne_laserscan' build argument 'cmake_clean_cache' from command line to 'False'
[0.460s] Level 5:colcon.colcon_core.verb:set package 'velodyne_laserscan' build argument 'cmake_clean_first' from command line to 'False'
[0.460s] Level 5:colcon.colcon_core.verb:set package 'velodyne_laserscan' build argument 'cmake_force_configure' from command line to 'False'
[0.460s] Level 5:colcon.colcon_core.verb:set package 'velodyne_laserscan' build argument 'ament_cmake_args' from command line to 'None'
[0.460s] Level 5:colcon.colcon_core.verb:set package 'velodyne_laserscan' build argument 'catkin_cmake_args' from command line to 'None'
[0.460s] Level 5:colcon.colcon_core.verb:set package 'velodyne_laserscan' build argument 'catkin_skip_building_tests' from command line to 'False'
[0.461s] DEBUG:colcon.colcon_core.verb:Building package 'velodyne_laserscan' with the following arguments: {'ament_cmake_args': None, 'build_base': '/home/dayo/Desktop/scrap_ws/build/velodyne_laserscan', 'catkin_cmake_args': None, 'catkin_skip_building_tests': False, 'cmake_args': None, 'cmake_clean_cache': False, 'cmake_clean_first': False, 'cmake_force_configure': False, 'cmake_target': None, 'cmake_target_skip_unavailable': False, 'install_base': '/home/dayo/Desktop/scrap_ws/install/velodyne_laserscan', 'merge_install': False, 'path': '/home/dayo/Desktop/scrap_ws/src/velodyne/velodyne_laserscan', 'symlink_install': False, 'test_result_base': None}
[0.461s] Level 5:colcon.colcon_core.verb:set package 'velodyne_msgs' build argument 'cmake_args' from command line to 'None'
[0.461s] Level 5:colcon.colcon_core.verb:set package 'velodyne_msgs' build argument 'cmake_target' from command line to 'None'
[0.461s] Level 5:colcon.colcon_core.verb:set package 'velodyne_msgs' build argument 'cmake_target_skip_unavailable' from command line to 'False'
[0.461s] Level 5:colcon.colcon_core.verb:set package 'velodyne_msgs' build argument 'cmake_clean_cache' from command line to 'False'
[0.461s] Level 5:colcon.colcon_core.verb:set package 'velodyne_msgs' build argument 'cmake_clean_first' from command line to 'False'
[0.461s] Level 5:colcon.colcon_core.verb:set package 'velodyne_msgs' build argument 'cmake_force_configure' from command line to 'False'
[0.461s] Level 5:colcon.colcon_core.verb:set package 'velodyne_msgs' build argument 'ament_cmake_args' from command line to 'None'
[0.461s] Level 5:colcon.colcon_core.verb:set package 'velodyne_msgs' build argument 'catkin_cmake_args' from command line to 'None'
[0.461s] Level 5:colcon.colcon_core.verb:set package 'velodyne_msgs' build argument 'catkin_skip_building_tests' from command line to 'False'
[0.461s] DEBUG:colcon.colcon_core.verb:Building package 'velodyne_msgs' with the following arguments: {'ament_cmake_args': None, 'build_base': '/home/dayo/Desktop/scrap_ws/build/velodyne_msgs', 'catkin_cmake_args': None, 'catkin_skip_building_tests': False, 'cmake_args': None, 'cmake_clean_cache': False, 'cmake_clean_first': False, 'cmake_force_configure': False, 'cmake_target': None, 'cmake_target_skip_unavailable': False, 'install_base': '/home/dayo/Desktop/scrap_ws/install/velodyne_msgs', 'merge_install': False, 'path': '/home/dayo/Desktop/scrap_ws/src/velodyne/velodyne_msgs', 'symlink_install': False, 'test_result_base': None}
[0.462s] Level 5:colcon.colcon_core.verb:set package 'scrap_pkg' build argument 'cmake_args' from command line to 'None'
[0.462s] Level 5:colcon.colcon_core.verb:set package 'scrap_pkg' build argument 'cmake_target' from command line to 'None'
[0.462s] Level 5:colcon.colcon_core.verb:set package 'scrap_pkg' build argument 'cmake_target_skip_unavailable' from command line to 'False'
[0.462s] Level 5:colcon.colcon_core.verb:set package 'scrap_pkg' build argument 'cmake_clean_cache' from command line to 'False'
[0.462s] Level 5:colcon.colcon_core.verb:set package 'scrap_pkg' build argument 'cmake_clean_first' from command line to 'False'
[0.462s] Level 5:colcon.colcon_core.verb:set package 'scrap_pkg' build argument 'cmake_force_configure' from command line to 'False'
[0.462s] Level 5:colcon.colcon_core.verb:set package 'scrap_pkg' build argument 'ament_cmake_args' from command line to 'None'
[0.462s] Level 5:colcon.colcon_core.verb:set package 'scrap_pkg' build argument 'catkin_cmake_args' from command line to 'None'
[0.462s] Level 5:colcon.colcon_core.verb:set package 'scrap_pkg' build argument 'catkin_skip_building_tests' from command line to 'False'
[0.462s] DEBUG:colcon.colcon_core.verb:Building package 'scrap_pkg' with the following arguments: {'ament_cmake_args': None, 'build_base': '/home/dayo/Desktop/scrap_ws/build/scrap_pkg', 'catkin_cmake_args': None, 'catkin_skip_building_tests': False, 'cmake_args': None, 'cmake_clean_cache': False, 'cmake_clean_first': False, 'cmake_force_configure': False, 'cmake_target': None, 'cmake_target_skip_unavailable': False, 'install_base': '/home/dayo/Desktop/scrap_ws/install/scrap_pkg', 'merge_install': False, 'path': '/home/dayo/Desktop/scrap_ws/src/scrap_pkg', 'symlink_install': False, 'test_result_base': None}
[0.463s] Level 5:colcon.colcon_core.verb:set package 'velodyne_driver' build argument 'cmake_args' from command line to 'None'
[0.463s] Level 5:colcon.colcon_core.verb:set package 'velodyne_driver' build argument 'cmake_target' from command line to 'None'
[0.463s] Level 5:colcon.colcon_core.verb:set package 'velodyne_driver' build argument 'cmake_target_skip_unavailable' from command line to 'False'
[0.463s] Level 5:colcon.colcon_core.verb:set package 'velodyne_driver' build argument 'cmake_clean_cache' from command line to 'False'
[0.463s] Level 5:colcon.colcon_core.verb:set package 'velodyne_driver' build argument 'cmake_clean_first' from command line to 'False'
[0.463s] Level 5:colcon.colcon_core.verb:set package 'velodyne_driver' build argument 'cmake_force_configure' from command line to 'False'
[0.463s] Level 5:colcon.colcon_core.verb:set package 'velodyne_driver' build argument 'ament_cmake_args' from command line to 'None'
[0.463s] Level 5:colcon.colcon_core.verb:set package 'velodyne_driver' build argument 'catkin_cmake_args' from command line to 'None'
[0.463s] Level 5:colcon.colcon_core.verb:set package 'velodyne_driver' build argument 'catkin_skip_building_tests' from command line to 'False'
[0.463s] DEBUG:colcon.colcon_core.verb:Building package 'velodyne_driver' with the following arguments: {'ament_cmake_args': None, 'build_base': '/home/dayo/Desktop/scrap_ws/build/velodyne_driver', 'catkin_cmake_args': None, 'catkin_skip_building_tests': False, 'cmake_args': None, 'cmake_clean_cache': False, 'cmake_clean_first': False, 'cmake_force_configure': False, 'cmake_target': None, 'cmake_target_skip_unavailable': False, 'install_base': '/home/dayo/Desktop/scrap_ws/install/velodyne_driver', 'merge_install': False, 'path': '/home/dayo/Desktop/scrap_ws/src/velodyne/velodyne_driver', 'symlink_install': False, 'test_result_base': None}
[0.464s] Level 5:colcon.colcon_core.verb:set package 'velodyne_pointcloud' build argument 'cmake_args' from command line to 'None'
[0.464s] Level 5:colcon.colcon_core.verb:set package 'velodyne_pointcloud' build argument 'cmake_target' from command line to 'None'
[0.464s] Level 5:colcon.colcon_core.verb:set package 'velodyne_pointcloud' build argument 'cmake_target_skip_unavailable' from command line to 'False'
[0.464s] Level 5:colcon.colcon_core.verb:set package 'velodyne_pointcloud' build argument 'cmake_clean_cache' from command line to 'False'
[0.464s] Level 5:colcon.colcon_core.verb:set package 'velodyne_pointcloud' build argument 'cmake_clean_first' from command line to 'False'
[0.464s] Level 5:colcon.colcon_core.verb:set package 'velodyne_pointcloud' build argument 'cmake_force_configure' from command line to 'False'
[0.464s] Level 5:colcon.colcon_core.verb:set package 'velodyne_pointcloud' build argument 'ament_cmake_args' from command line to 'None'
[0.464s] Level 5:colcon.colcon_core.verb:set package 'velodyne_pointcloud' build argument 'catkin_cmake_args' from command line to 'None'
[0.464s] Level 5:colcon.colcon_core.verb:set package 'velodyne_pointcloud' build argument 'catkin_skip_building_tests' from command line to 'False'
[0.464s] DEBUG:colcon.colcon_core.verb:Building package 'velodyne_pointcloud' with the following arguments: {'ament_cmake_args': None, 'build_base': '/home/dayo/Desktop/scrap_ws/build/velodyne_pointcloud', 'catkin_cmake_args': None, 'catkin_skip_building_tests': False, 'cmake_args': None, 'cmake_clean_cache': False, 'cmake_clean_first': False, 'cmake_force_configure': False, 'cmake_target': None, 'cmake_target_skip_unavailable': False, 'install_base': '/home/dayo/Desktop/scrap_ws/install/velodyne_pointcloud', 'merge_install': False, 'path': '/home/dayo/Desktop/scrap_ws/src/velodyne/velodyne_pointcloud', 'symlink_install': False, 'test_result_base': None}
[0.465s] Level 5:colcon.colcon_core.verb:set package 'velodyne' build argument 'cmake_args' from command line to 'None'
[0.465s] Level 5:colcon.colcon_core.verb:set package 'velodyne' build argument 'cmake_target' from command line to 'None'
[0.465s] Level 5:colcon.colcon_core.verb:set package 'velodyne' build argument 'cmake_target_skip_unavailable' from command line to 'False'
[0.465s] Level 5:colcon.colcon_core.verb:set package 'velodyne' build argument 'cmake_clean_cache' from command line to 'False'
[0.465s] Level 5:colcon.colcon_core.verb:set package 'velodyne' build argument 'cmake_clean_first' from command line to 'False'
[0.465s] Level 5:colcon.colcon_core.verb:set package 'velodyne' build argument 'cmake_force_configure' from command line to 'False'
[0.465s] Level 5:colcon.colcon_core.verb:set package 'velodyne' build argument 'ament_cmake_args' from command line to 'None'
[0.465s] Level 5:colcon.colcon_core.verb:set package 'velodyne' build argument 'catkin_cmake_args' from command line to 'None'
[0.465s] Level 5:colcon.colcon_core.verb:set package 'velodyne' build argument 'catkin_skip_building_tests' from command line to 'False'
[0.465s] DEBUG:colcon.colcon_core.verb:Building package 'velodyne' with the following arguments: {'ament_cmake_args': None, 'build_base': '/home/dayo/Desktop/scrap_ws/build/velodyne', 'catkin_cmake_args': None, 'catkin_skip_building_tests': False, 'cmake_args': None, 'cmake_clean_cache': False, 'cmake_clean_first': False, 'cmake_force_configure': False, 'cmake_target': None, 'cmake_target_skip_unavailable': False, 'install_base': '/home/dayo/Desktop/scrap_ws/install/velodyne', 'merge_install': False, 'path': '/home/dayo/Desktop/scrap_ws/src/velodyne/velodyne', 'symlink_install': False, 'test_result_base': None}
[0.466s] INFO:colcon.colcon_core.executor:Executing jobs using 'parallel' executor
[0.468s] DEBUG:colcon.colcon_parallel_executor.executor.parallel:run_until_complete
[0.469s] INFO:colcon.colcon_ros.task.ament_cmake.build:Building ROS package in '/home/dayo/Desktop/scrap_ws/src/velodyne/velodyne_msgs' with build type 'ament_cmake'
[0.469s] INFO:colcon.colcon_cmake.task.cmake.build:Building CMake package in '/home/dayo/Desktop/scrap_ws/src/velodyne/velodyne_msgs'
[0.472s] INFO:colcon.colcon_core.plugin_system:Skipping extension 'colcon_core.shell.bat': Not used on non-Windows systems
[0.472s] INFO:colcon.colcon_core.shell:Skip shell extension 'powershell' for command environment: Not usable outside of PowerShell
[0.472s] DEBUG:colcon.colcon_core.shell:Skip shell extension 'dsv' for command environment
[0.478s] INFO:colcon.colcon_ros.task.ament_cmake.build:Building ROS package in '/home/dayo/Desktop/scrap_ws/src/usb_cam' with build type 'ament_cmake'
[0.478s] INFO:colcon.colcon_cmake.task.cmake.build:Building CMake package in '/home/dayo/Desktop/scrap_ws/src/usb_cam'
[0.479s] INFO:colcon.colcon_core.shell:Skip shell extension 'powershell' for command environment: Not usable outside of PowerShell
[0.479s] DEBUG:colcon.colcon_core.shell:Skip shell extension 'dsv' for command environment
[0.499s] DEBUG:colcon.colcon_core.event_handler.log_command:Invoking command in '/home/dayo/Desktop/scrap_ws/build/usb_cam': CMAKE_PREFIX_PATH=${CMAKE_PREFIX_PATH}:/opt/ros/iron /usr/bin/cmake --build /home/dayo/Desktop/scrap_ws/build/usb_cam -- -j2 -l2
[0.503s] DEBUG:colcon.colcon_core.event_handler.log_command:Invoking command in '/home/dayo/Desktop/scrap_ws/build/velodyne_msgs': CMAKE_PREFIX_PATH=${CMAKE_PREFIX_PATH}:/opt/ros/iron /usr/bin/cmake --build /home/dayo/Desktop/scrap_ws/build/velodyne_msgs -- -j2 -l2
[1.231s] DEBUG:colcon.colcon_core.event_handler.log_command:Invoked command in '/home/dayo/Desktop/scrap_ws/build/usb_cam' returned '0': CMAKE_PREFIX_PATH=${CMAKE_PREFIX_PATH}:/opt/ros/iron /usr/bin/cmake --build /home/dayo/Desktop/scrap_ws/build/usb_cam -- -j2 -l2
[1.296s] DEBUG:colcon.colcon_core.event_handler.log_command:Invoked command in '/home/dayo/Desktop/scrap_ws/build/velodyne_msgs' returned '0': CMAKE_PREFIX_PATH=${CMAKE_PREFIX_PATH}:/opt/ros/iron /usr/bin/cmake --build /home/dayo/Desktop/scrap_ws/build/velodyne_msgs -- -j2 -l2
[1.311s] DEBUG:colcon.colcon_core.event_handler.log_command:Invoking command in '/home/dayo/Desktop/scrap_ws/build/usb_cam': CMAKE_PREFIX_PATH=${CMAKE_PREFIX_PATH}:/opt/ros/iron /usr/bin/cmake --install /home/dayo/Desktop/scrap_ws/build/usb_cam
[1.354s] Level 1:colcon.colcon_core.environment:create_environment_scripts_only(usb_cam)
[1.359s] Level 1:colcon.colcon_core.environment:checking '/home/dayo/Desktop/scrap_ws/install/usb_cam' for CMake module files
[1.360s] DEBUG:colcon.colcon_core.event_handler.log_command:Invoked command in '/home/dayo/Desktop/scrap_ws/build/usb_cam' returned '0': CMAKE_PREFIX_PATH=${CMAKE_PREFIX_PATH}:/opt/ros/iron /usr/bin/cmake --install /home/dayo/Desktop/scrap_ws/build/usb_cam
[1.360s] Level 1:colcon.colcon_core.environment:checking '/home/dayo/Desktop/scrap_ws/install/usb_cam' for CMake config files
[1.360s] Level 1:colcon.colcon_core.shell:create_environment_hook('usb_cam', 'cmake_prefix_path')
[1.362s] INFO:colcon.colcon_core.shell:Creating environment hook '/home/dayo/Desktop/scrap_ws/install/usb_cam/share/usb_cam/hook/cmake_prefix_path.ps1'
[1.362s] INFO:colcon.colcon_core.shell:Creating environment descriptor '/home/dayo/Desktop/scrap_ws/install/usb_cam/share/usb_cam/hook/cmake_prefix_path.dsv'
[1.363s] INFO:colcon.colcon_core.shell:Creating environment hook '/home/dayo/Desktop/scrap_ws/install/usb_cam/share/usb_cam/hook/cmake_prefix_path.sh'
[1.365s] Level 1:colcon.colcon_core.environment:checking '/home/dayo/Desktop/scrap_ws/install/usb_cam/lib'
[1.365s] Level 1:colcon.colcon_core.shell:create_environment_hook('usb_cam', 'ld_library_path_lib')
[1.366s] INFO:colcon.colcon_core.shell:Creating environment hook '/home/dayo/Desktop/scrap_ws/install/usb_cam/share/usb_cam/hook/ld_library_path_lib.ps1'
[1.366s] INFO:colcon.colcon_core.shell:Creating environment descriptor '/home/dayo/Desktop/scrap_ws/install/usb_cam/share/usb_cam/hook/ld_library_path_lib.dsv'
[1.367s] INFO:colcon.colcon_core.shell:Creating environment hook '/home/dayo/Desktop/scrap_ws/install/usb_cam/share/usb_cam/hook/ld_library_path_lib.sh'
[1.367s] Level 1:colcon.colcon_core.environment:checking '/home/dayo/Desktop/scrap_ws/install/usb_cam/bin'
[1.367s] Level 1:colcon.colcon_core.environment:checking '/home/dayo/Desktop/scrap_ws/install/usb_cam/lib/pkgconfig/usb_cam.pc'
[1.367s] Level 1:colcon.colcon_core.environment:checking '/home/dayo/Desktop/scrap_ws/install/usb_cam/lib/python3.10/site-packages'
[1.367s] Level 1:colcon.colcon_core.environment:checking '/home/dayo/Desktop/scrap_ws/install/usb_cam/bin'
[1.368s] INFO:colcon.colcon_core.shell:Creating package script '/home/dayo/Desktop/scrap_ws/install/usb_cam/share/usb_cam/package.ps1'
[1.369s] INFO:colcon.colcon_core.shell:Creating package descriptor '/home/dayo/Desktop/scrap_ws/install/usb_cam/share/usb_cam/package.dsv'
[1.370s] INFO:colcon.colcon_core.shell:Creating package script '/home/dayo/Desktop/scrap_ws/install/usb_cam/share/usb_cam/package.sh'
[1.370s] INFO:colcon.colcon_core.shell:Creating package script '/home/dayo/Desktop/scrap_ws/install/usb_cam/share/usb_cam/package.bash'
[1.371s] INFO:colcon.colcon_core.shell:Creating package script '/home/dayo/Desktop/scrap_ws/install/usb_cam/share/usb_cam/package.zsh'
[1.371s] Level 1:colcon.colcon_core.environment:create_file_with_runtime_dependencies(/home/dayo/Desktop/scrap_ws/install/usb_cam/share/colcon-core/packages/usb_cam)
[1.431s] Level 1:colcon.colcon_core.environment:create_environment_scripts_only(usb_cam)
[1.432s] Level 1:colcon.colcon_core.environment:checking '/home/dayo/Desktop/scrap_ws/install/usb_cam' for CMake module files
[1.433s] DEBUG:colcon.colcon_core.event_handler.log_command:Invoking command in '/home/dayo/Desktop/scrap_ws/build/velodyne_msgs': CMAKE_PREFIX_PATH=${CMAKE_PREFIX_PATH}:/opt/ros/iron /usr/bin/cmake --install /home/dayo/Desktop/scrap_ws/build/velodyne_msgs
[1.433s] Level 1:colcon.colcon_core.environment:checking '/home/dayo/Desktop/scrap_ws/install/usb_cam' for CMake config files
[1.433s] Level 1:colcon.colcon_core.shell:create_environment_hook('usb_cam', 'cmake_prefix_path')
[1.434s] INFO:colcon.colcon_core.shell:Creating environment hook '/home/dayo/Desktop/scrap_ws/install/usb_cam/share/usb_cam/hook/cmake_prefix_path.ps1'
[1.435s] INFO:colcon.colcon_core.shell:Creating environment descriptor '/home/dayo/Desktop/scrap_ws/install/usb_cam/share/usb_cam/hook/cmake_prefix_path.dsv'
[1.435s] INFO:colcon.colcon_core.shell:Creating environment hook '/home/dayo/Desktop/scrap_ws/install/usb_cam/share/usb_cam/hook/cmake_prefix_path.sh'
[1.435s] Level 1:colcon.colcon_core.environment:checking '/home/dayo/Desktop/scrap_ws/install/usb_cam/lib'
[1.436s] Level 1:colcon.colcon_core.shell:create_environment_hook('usb_cam', 'ld_library_path_lib')
[1.437s] INFO:colcon.colcon_core.shell:Creating environment hook '/home/dayo/Desktop/scrap_ws/install/usb_cam/share/usb_cam/hook/ld_library_path_lib.ps1'
[1.438s] INFO:colcon.colcon_core.shell:Creating environment descriptor '/home/dayo/Desktop/scrap_ws/install/usb_cam/share/usb_cam/hook/ld_library_path_lib.dsv'
[1.443s] INFO:colcon.colcon_core.shell:Creating environment hook '/home/dayo/Desktop/scrap_ws/install/usb_cam/share/usb_cam/hook/ld_library_path_lib.sh'
[1.461s] Level 1:colcon.colcon_core.environment:checking '/home/dayo/Desktop/scrap_ws/install/usb_cam/bin'
[1.461s] Level 1:colcon.colcon_core.environment:checking '/home/dayo/Desktop/scrap_ws/install/usb_cam/lib/pkgconfig/usb_cam.pc'
[1.461s] Level 1:colcon.colcon_core.environment:checking '/home/dayo/Desktop/scrap_ws/install/usb_cam/lib/python3.10/site-packages'
[1.461s] Level 1:colcon.colcon_core.environment:checking '/home/dayo/Desktop/scrap_ws/install/usb_cam/bin'
[1.462s] INFO:colcon.colcon_core.shell:Creating package script '/home/dayo/Desktop/scrap_ws/install/usb_cam/share/usb_cam/package.ps1'
[1.463s] INFO:colcon.colcon_core.shell:Creating package descriptor '/home/dayo/Desktop/scrap_ws/install/usb_cam/share/usb_cam/package.dsv'
[1.464s] INFO:colcon.colcon_core.shell:Creating package script '/home/dayo/Desktop/scrap_ws/install/usb_cam/share/usb_cam/package.sh'
[1.464s] INFO:colcon.colcon_core.shell:Creating package script '/home/dayo/Desktop/scrap_ws/install/usb_cam/share/usb_cam/package.bash'
[1.464s] INFO:colcon.colcon_core.shell:Creating package script '/home/dayo/Desktop/scrap_ws/install/usb_cam/share/usb_cam/package.zsh'
[1.465s] Level 1:colcon.colcon_core.environment:create_file_with_runtime_dependencies(/home/dayo/Desktop/scrap_ws/install/usb_cam/share/colcon-core/packages/usb_cam)
[1.465s] INFO:colcon.colcon_ros.task.ament_cmake.build:Building ROS package in '/home/dayo/Desktop/scrap_ws/src/velodyne/velodyne_laserscan' with build type 'ament_cmake'
[1.465s] INFO:colcon.colcon_cmake.task.cmake.build:Building CMake package in '/home/dayo/Desktop/scrap_ws/src/velodyne/velodyne_laserscan'
[1.466s] INFO:colcon.colcon_core.shell:Skip shell extension 'powershell' for command environment: Not usable outside of PowerShell
[1.466s] DEBUG:colcon.colcon_core.shell:Skip shell extension 'dsv' for command environment
[1.488s] DEBUG:colcon.colcon_core.event_handler.log_command:Invoking command in '/home/dayo/Desktop/scrap_ws/build/velodyne_laserscan': CMAKE_PREFIX_PATH=${CMAKE_PREFIX_PATH}:/opt/ros/iron /usr/bin/cmake --build /home/dayo/Desktop/scrap_ws/build/velodyne_laserscan -- -j2 -l2
[1.506s] Level 1:colcon.colcon_core.environment:create_environment_scripts_only(velodyne_msgs)
[1.511s] Level 1:colcon.colcon_core.environment:checking '/home/dayo/Desktop/scrap_ws/install/velodyne_msgs' for CMake module files
[1.511s] Level 1:colcon.colcon_core.environment:checking '/home/dayo/Desktop/scrap_ws/install/velodyne_msgs' for CMake config files
[1.512s] Level 1:colcon.colcon_core.shell:create_environment_hook('velodyne_msgs', 'cmake_prefix_path')
[1.515s] INFO:colcon.colcon_core.shell:Creating environment hook '/home/dayo/Desktop/scrap_ws/install/velodyne_msgs/share/velodyne_msgs/hook/cmake_prefix_path.ps1'
[1.515s] DEBUG:colcon.colcon_core.event_handler.log_command:Invoked command in '/home/dayo/Desktop/scrap_ws/build/velodyne_msgs' returned '0': CMAKE_PREFIX_PATH=${CMAKE_PREFIX_PATH}:/opt/ros/iron /usr/bin/cmake --install /home/dayo/Desktop/scrap_ws/build/velodyne_msgs
[1.515s] INFO:colcon.colcon_core.shell:Creating environment descriptor '/home/dayo/Desktop/scrap_ws/install/velodyne_msgs/share/velodyne_msgs/hook/cmake_prefix_path.dsv'
[1.516s] INFO:colcon.colcon_core.shell:Creating environment hook '/home/dayo/Desktop/scrap_ws/install/velodyne_msgs/share/velodyne_msgs/hook/cmake_prefix_path.sh'
[1.516s] Level 1:colcon.colcon_core.environment:checking '/home/dayo/Desktop/scrap_ws/install/velodyne_msgs/lib'
[1.516s] Level 1:colcon.colcon_core.shell:create_environment_hook('velodyne_msgs', 'ld_library_path_lib')
[1.517s] INFO:colcon.colcon_core.shell:Creating environment hook '/home/dayo/Desktop/scrap_ws/install/velodyne_msgs/share/velodyne_msgs/hook/ld_library_path_lib.ps1'
[1.518s] INFO:colcon.colcon_core.shell:Creating environment descriptor '/home/dayo/Desktop/scrap_ws/install/velodyne_msgs/share/velodyne_msgs/hook/ld_library_path_lib.dsv'
[1.518s] INFO:colcon.colcon_core.shell:Creating environment hook '/home/dayo/Desktop/scrap_ws/install/velodyne_msgs/share/velodyne_msgs/hook/ld_library_path_lib.sh'
[1.518s] Level 1:colcon.colcon_core.environment:checking '/home/dayo/Desktop/scrap_ws/install/velodyne_msgs/bin'
[1.518s] Level 1:colcon.colcon_core.environment:checking '/home/dayo/Desktop/scrap_ws/install/velodyne_msgs/lib/pkgconfig/velodyne_msgs.pc'
[1.519s] Level 1:colcon.colcon_core.environment:checking '/home/dayo/Desktop/scrap_ws/install/velodyne_msgs/lib/python3.10/site-packages'
[1.519s] Level 1:colcon.colcon_core.shell:create_environment_hook('velodyne_msgs', 'pythonpath')
[1.520s] INFO:colcon.colcon_core.shell:Creating environment hook '/home/dayo/Desktop/scrap_ws/install/velodyne_msgs/share/velodyne_msgs/hook/pythonpath.ps1'
[1.520s] INFO:colcon.colcon_core.shell:Creating environment descriptor '/home/dayo/Desktop/scrap_ws/install/velodyne_msgs/share/velodyne_msgs/hook/pythonpath.dsv'
[1.520s] INFO:colcon.colcon_core.shell:Creating environment hook '/home/dayo/Desktop/scrap_ws/install/velodyne_msgs/share/velodyne_msgs/hook/pythonpath.sh'
[1.521s] Level 1:colcon.colcon_core.environment:checking '/home/dayo/Desktop/scrap_ws/install/velodyne_msgs/bin'
[1.522s] INFO:colcon.colcon_core.shell:Creating package script '/home/dayo/Desktop/scrap_ws/install/velodyne_msgs/share/velodyne_msgs/package.ps1'
[1.523s] INFO:colcon.colcon_core.shell:Creating package descriptor '/home/dayo/Desktop/scrap_ws/install/velodyne_msgs/share/velodyne_msgs/package.dsv'
[1.523s] INFO:colcon.colcon_core.shell:Creating package script '/home/dayo/Desktop/scrap_ws/install/velodyne_msgs/share/velodyne_msgs/package.sh'
[1.524s] INFO:colcon.colcon_core.shell:Creating package script '/home/dayo/Desktop/scrap_ws/install/velodyne_msgs/share/velodyne_msgs/package.bash'
[1.524s] INFO:colcon.colcon_core.shell:Creating package script '/home/dayo/Desktop/scrap_ws/install/velodyne_msgs/share/velodyne_msgs/package.zsh'
[1.524s] Level 1:colcon.colcon_core.environment:create_file_with_runtime_dependencies(/home/dayo/Desktop/scrap_ws/install/velodyne_msgs/share/colcon-core/packages/velodyne_msgs)
[1.620s] DEBUG:colcon.colcon_core.event_handler.log_command:Invoked command in '/home/dayo/Desktop/scrap_ws/build/velodyne_laserscan' returned '0': CMAKE_PREFIX_PATH=${CMAKE_PREFIX_PATH}:/opt/ros/iron /usr/bin/cmake --build /home/dayo/Desktop/scrap_ws/build/velodyne_laserscan -- -j2 -l2
[1.647s] DEBUG:colcon.colcon_core.event_handler.log_command:Invoking command in '/home/dayo/Desktop/scrap_ws/build/velodyne_laserscan': CMAKE_PREFIX_PATH=${CMAKE_PREFIX_PATH}:/opt/ros/iron /usr/bin/cmake --install /home/dayo/Desktop/scrap_ws/build/velodyne_laserscan
[1.674s] Level 1:colcon.colcon_core.environment:create_environment_scripts_only(velodyne_msgs)
[1.676s] Level 1:colcon.colcon_core.environment:checking '/home/dayo/Desktop/scrap_ws/install/velodyne_msgs' for CMake module files
[1.676s] Level 1:colcon.colcon_core.environment:checking '/home/dayo/Desktop/scrap_ws/install/velodyne_msgs' for CMake config files
[1.677s] Level 1:colcon.colcon_core.shell:create_environment_hook('velodyne_msgs', 'cmake_prefix_path')
[1.678s] INFO:colcon.colcon_core.shell:Creating environment hook '/home/dayo/Desktop/scrap_ws/install/velodyne_msgs/share/velodyne_msgs/hook/cmake_prefix_path.ps1'
[1.678s] INFO:colcon.colcon_core.shell:Creating environment descriptor '/home/dayo/Desktop/scrap_ws/install/velodyne_msgs/share/velodyne_msgs/hook/cmake_prefix_path.dsv'
[1.679s] INFO:colcon.colcon_core.shell:Creating environment hook '/home/dayo/Desktop/scrap_ws/install/velodyne_msgs/share/velodyne_msgs/hook/cmake_prefix_path.sh'
[1.679s] Level 1:colcon.colcon_core.environment:checking '/home/dayo/Desktop/scrap_ws/install/velodyne_msgs/lib'
[1.679s] Level 1:colcon.colcon_core.shell:create_environment_hook('velodyne_msgs', 'ld_library_path_lib')
[1.680s] INFO:colcon.colcon_core.shell:Creating environment hook '/home/dayo/Desktop/scrap_ws/install/velodyne_msgs/share/velodyne_msgs/hook/ld_library_path_lib.ps1'
[1.681s] INFO:colcon.colcon_core.shell:Creating environment descriptor '/home/dayo/Desktop/scrap_ws/install/velodyne_msgs/share/velodyne_msgs/hook/ld_library_path_lib.dsv'
[1.681s] INFO:colcon.colcon_core.shell:Creating environment hook '/home/dayo/Desktop/scrap_ws/install/velodyne_msgs/share/velodyne_msgs/hook/ld_library_path_lib.sh'
[1.682s] Level 1:colcon.colcon_core.environment:checking '/home/dayo/Desktop/scrap_ws/install/velodyne_msgs/bin'
[1.683s] Level 1:colcon.colcon_core.environment:checking '/home/dayo/Desktop/scrap_ws/install/velodyne_msgs/lib/pkgconfig/velodyne_msgs.pc'
[1.683s] Level 1:colcon.colcon_core.environment:checking '/home/dayo/Desktop/scrap_ws/install/velodyne_msgs/lib/python3.10/site-packages'
[1.683s] Level 1:colcon.colcon_core.shell:create_environment_hook('velodyne_msgs', 'pythonpath')
[1.684s] INFO:colcon.colcon_core.shell:Creating environment hook '/home/dayo/Desktop/scrap_ws/install/velodyne_msgs/share/velodyne_msgs/hook/pythonpath.ps1'
[1.684s] INFO:colcon.colcon_core.shell:Creating environment descriptor '/home/dayo/Desktop/scrap_ws/install/velodyne_msgs/share/velodyne_msgs/hook/pythonpath.dsv'
[1.684s] INFO:colcon.colcon_core.shell:Creating environment hook '/home/dayo/Desktop/scrap_ws/install/velodyne_msgs/share/velodyne_msgs/hook/pythonpath.sh'
[1.685s] Level 1:colcon.colcon_core.environment:checking '/home/dayo/Desktop/scrap_ws/install/velodyne_msgs/bin'
[1.686s] INFO:colcon.colcon_core.shell:Creating package script '/home/dayo/Desktop/scrap_ws/install/velodyne_msgs/share/velodyne_msgs/package.ps1'
[1.687s] INFO:colcon.colcon_core.shell:Creating package descriptor '/home/dayo/Desktop/scrap_ws/install/velodyne_msgs/share/velodyne_msgs/package.dsv'
[1.687s] INFO:colcon.colcon_core.shell:Creating package script '/home/dayo/Desktop/scrap_ws/install/velodyne_msgs/share/velodyne_msgs/package.sh'
[1.688s] INFO:colcon.colcon_core.shell:Creating package script '/home/dayo/Desktop/scrap_ws/install/velodyne_msgs/share/velodyne_msgs/package.bash'
[1.688s] INFO:colcon.colcon_core.shell:Creating package script '/home/dayo/Desktop/scrap_ws/install/velodyne_msgs/share/velodyne_msgs/package.zsh'
[1.688s] Level 1:colcon.colcon_core.environment:create_file_with_runtime_dependencies(/home/dayo/Desktop/scrap_ws/install/velodyne_msgs/share/colcon-core/packages/velodyne_msgs)
[1.690s] INFO:colcon.colcon_ros.task.ament_cmake.build:Building ROS package in '/home/dayo/Desktop/scrap_ws/src/velodyne/velodyne_driver' with build type 'ament_cmake'
[1.690s] INFO:colcon.colcon_cmake.task.cmake.build:Building CMake package in '/home/dayo/Desktop/scrap_ws/src/velodyne/velodyne_driver'
[1.691s] INFO:colcon.colcon_core.shell:Skip shell extension 'powershell' for command environment: Not usable outside of PowerShell
[1.691s] DEBUG:colcon.colcon_core.shell:Skip shell extension 'dsv' for command environment
[1.696s] Level 1:colcon.colcon_core.environment:create_environment_scripts_only(velodyne_laserscan)
[1.696s] DEBUG:colcon.colcon_core.event_handler.log_command:Invoked command in '/home/dayo/Desktop/scrap_ws/build/velodyne_laserscan' returned '0': CMAKE_PREFIX_PATH=${CMAKE_PREFIX_PATH}:/opt/ros/iron /usr/bin/cmake --install /home/dayo/Desktop/scrap_ws/build/velodyne_laserscan
[1.697s] Level 1:colcon.colcon_core.environment:checking '/home/dayo/Desktop/scrap_ws/install/velodyne_laserscan' for CMake module files
[1.698s] Level 1:colcon.colcon_core.environment:checking '/home/dayo/Desktop/scrap_ws/install/velodyne_laserscan' for CMake config files
[1.698s] Level 1:colcon.colcon_core.shell:create_environment_hook('velodyne_laserscan', 'cmake_prefix_path')
[1.699s] INFO:colcon.colcon_core.shell:Creating environment hook '/home/dayo/Desktop/scrap_ws/install/velodyne_laserscan/share/velodyne_laserscan/hook/cmake_prefix_path.ps1'
[1.700s] INFO:colcon.colcon_core.shell:Creating environment descriptor '/home/dayo/Desktop/scrap_ws/install/velodyne_laserscan/share/velodyne_laserscan/hook/cmake_prefix_path.dsv'
[1.700s] INFO:colcon.colcon_core.shell:Creating environment hook '/home/dayo/Desktop/scrap_ws/install/velodyne_laserscan/share/velodyne_laserscan/hook/cmake_prefix_path.sh'
[1.701s] Level 1:colcon.colcon_core.environment:checking '/home/dayo/Desktop/scrap_ws/install/velodyne_laserscan/lib'
[1.701s] Level 1:colcon.colcon_core.shell:create_environment_hook('velodyne_laserscan', 'ld_library_path_lib')
[1.702s] INFO:colcon.colcon_core.shell:Creating environment hook '/home/dayo/Desktop/scrap_ws/install/velodyne_laserscan/share/velodyne_laserscan/hook/ld_library_path_lib.ps1'
[1.702s] INFO:colcon.colcon_core.shell:Creating environment descriptor '/home/dayo/Desktop/scrap_ws/install/velodyne_laserscan/share/velodyne_laserscan/hook/ld_library_path_lib.dsv'
[1.703s] INFO:colcon.colcon_core.shell:Creating environment hook '/home/dayo/Desktop/scrap_ws/install/velodyne_laserscan/share/velodyne_laserscan/hook/ld_library_path_lib.sh'
[1.703s] Level 1:colcon.colcon_core.environment:checking '/home/dayo/Desktop/scrap_ws/install/velodyne_laserscan/bin'
[1.703s] Level 1:colcon.colcon_core.environment:checking '/home/dayo/Desktop/scrap_ws/install/velodyne_laserscan/lib/pkgconfig/velodyne_laserscan.pc'
[1.703s] Level 1:colcon.colcon_core.environment:checking '/home/dayo/Desktop/scrap_ws/install/velodyne_laserscan/lib/python3.10/site-packages'
[1.704s] Level 1:colcon.colcon_core.environment:checking '/home/dayo/Desktop/scrap_ws/install/velodyne_laserscan/bin'
[1.705s] INFO:colcon.colcon_core.shell:Creating package script '/home/dayo/Desktop/scrap_ws/install/velodyne_laserscan/share/velodyne_laserscan/package.ps1'
[1.705s] INFO:colcon.colcon_core.shell:Creating package descriptor '/home/dayo/Desktop/scrap_ws/install/velodyne_laserscan/share/velodyne_laserscan/package.dsv'
[1.706s] INFO:colcon.colcon_core.shell:Creating package script '/home/dayo/Desktop/scrap_ws/install/velodyne_laserscan/share/velodyne_laserscan/package.sh'
[1.706s] INFO:colcon.colcon_core.shell:Creating package script '/home/dayo/Desktop/scrap_ws/install/velodyne_laserscan/share/velodyne_laserscan/package.bash'
[1.707s] INFO:colcon.colcon_core.shell:Creating package script '/home/dayo/Desktop/scrap_ws/install/velodyne_laserscan/share/velodyne_laserscan/package.zsh'
[1.707s] Level 1:colcon.colcon_core.environment:create_file_with_runtime_dependencies(/home/dayo/Desktop/scrap_ws/install/velodyne_laserscan/share/colcon-core/packages/velodyne_laserscan)
[1.726s] DEBUG:colcon.colcon_core.event_handler.log_command:Invoking command in '/home/dayo/Desktop/scrap_ws/build/velodyne_driver': CMAKE_PREFIX_PATH=/home/dayo/Desktop/scrap_ws/install/velodyne_msgs:/home/dayo/Desktop/scrap_ws/install/velodyne:/home/dayo/Desktop/scrap_ws/install/velodyne_pointcloud:/home/dayo/Desktop/scrap_ws/install/velodyne_driver:/home/dayo/Desktop/scrap_ws/install/velodyne_laserscan:/home/dayo/Desktop/scrap_ws/install/scrap_pkg:/home/dayo/Desktop/scrap_ws/install/usb_cam:/opt/ros/iron LD_LIBRARY_PATH=/home/dayo/Desktop/scrap_ws/install/velodyne_msgs/lib:/home/dayo/Desktop/scrap_ws/install/velodyne_pointcloud/lib:/home/dayo/Desktop/scrap_ws/install/velodyne_driver/lib:/home/dayo/Desktop/scrap_ws/install/velodyne_laserscan/lib:/home/dayo/Desktop/scrap_ws/install/usb_cam/lib:/usr/lib/x86_64-linux-gnu/gazebo-11/plugins:/opt/ros/iron/opt/rviz_ogre_vendor/lib:/opt/ros/iron/lib/x86_64-linux-gnu:/opt/ros/iron/lib /usr/bin/cmake --build /home/dayo/Desktop/scrap_ws/build/velodyne_driver -- -j2 -l2
[1.761s] Level 1:colcon.colcon_core.environment:create_environment_scripts_only(velodyne_laserscan)
[1.762s] Level 1:colcon.colcon_core.environment:checking '/home/dayo/Desktop/scrap_ws/install/velodyne_laserscan' for CMake module files
[1.765s] Level 1:colcon.colcon_core.environment:checking '/home/dayo/Desktop/scrap_ws/install/velodyne_laserscan' for CMake config files
[1.769s] Level 1:colcon.colcon_core.shell:create_environment_hook('velodyne_laserscan', 'cmake_prefix_path')
[1.771s] INFO:colcon.colcon_core.shell:Creating environment hook '/home/dayo/Desktop/scrap_ws/install/velodyne_laserscan/share/velodyne_laserscan/hook/cmake_prefix_path.ps1'
[1.772s] INFO:colcon.colcon_core.shell:Creating environment descriptor '/home/dayo/Desktop/scrap_ws/install/velodyne_laserscan/share/velodyne_laserscan/hook/cmake_prefix_path.dsv'
[1.772s] INFO:colcon.colcon_core.shell:Creating environment hook '/home/dayo/Desktop/scrap_ws/install/velodyne_laserscan/share/velodyne_laserscan/hook/cmake_prefix_path.sh'
[1.772s] Level 1:colcon.colcon_core.environment:checking '/home/dayo/Desktop/scrap_ws/install/velodyne_laserscan/lib'
[1.772s] Level 1:colcon.colcon_core.shell:create_environment_hook('velodyne_laserscan', 'ld_library_path_lib')
[1.773s] INFO:colcon.colcon_core.shell:Creating environment hook '/home/dayo/Desktop/scrap_ws/install/velodyne_laserscan/share/velodyne_laserscan/hook/ld_library_path_lib.ps1'
[1.774s] INFO:colcon.colcon_core.shell:Creating environment descriptor '/home/dayo/Desktop/scrap_ws/install/velodyne_laserscan/share/velodyne_laserscan/hook/ld_library_path_lib.dsv'
[1.774s] INFO:colcon.colcon_core.shell:Creating environment hook '/home/dayo/Desktop/scrap_ws/install/velodyne_laserscan/share/velodyne_laserscan/hook/ld_library_path_lib.sh'
[1.774s] Level 1:colcon.colcon_core.environment:checking '/home/dayo/Desktop/scrap_ws/install/velodyne_laserscan/bin'
[1.775s] Level 1:colcon.colcon_core.environment:checking '/home/dayo/Desktop/scrap_ws/install/velodyne_laserscan/lib/pkgconfig/velodyne_laserscan.pc'
[1.775s] Level 1:colcon.colcon_core.environment:checking '/home/dayo/Desktop/scrap_ws/install/velodyne_laserscan/lib/python3.10/site-packages'
[1.775s] Level 1:colcon.colcon_core.environment:checking '/home/dayo/Desktop/scrap_ws/install/velodyne_laserscan/bin'
[1.776s] INFO:colcon.colcon_core.shell:Creating package script '/home/dayo/Desktop/scrap_ws/install/velodyne_laserscan/share/velodyne_laserscan/package.ps1'
[1.776s] INFO:colcon.colcon_core.shell:Creating package descriptor '/home/dayo/Desktop/scrap_ws/install/velodyne_laserscan/share/velodyne_laserscan/package.dsv'
[1.777s] INFO:colcon.colcon_core.shell:Creating package script '/home/dayo/Desktop/scrap_ws/install/velodyne_laserscan/share/velodyne_laserscan/package.sh'
[1.777s] INFO:colcon.colcon_core.shell:Creating package script '/home/dayo/Desktop/scrap_ws/install/velodyne_laserscan/share/velodyne_laserscan/package.bash'
[1.778s] INFO:colcon.colcon_core.shell:Creating package script '/home/dayo/Desktop/scrap_ws/install/velodyne_laserscan/share/velodyne_laserscan/package.zsh'
[1.778s] Level 1:colcon.colcon_core.environment:create_file_with_runtime_dependencies(/home/dayo/Desktop/scrap_ws/install/velodyne_laserscan/share/colcon-core/packages/velodyne_laserscan)
[1.779s] INFO:colcon.colcon_ros.task.ament_cmake.build:Building ROS package in '/home/dayo/Desktop/scrap_ws/src/velodyne/velodyne_pointcloud' with build type 'ament_cmake'
[1.780s] INFO:colcon.colcon_cmake.task.cmake.build:Building CMake package in '/home/dayo/Desktop/scrap_ws/src/velodyne/velodyne_pointcloud'
[1.781s] INFO:colcon.colcon_core.shell:Skip shell extension 'powershell' for command environment: Not usable outside of PowerShell
[1.781s] DEBUG:colcon.colcon_core.shell:Skip shell extension 'dsv' for command environment
[1.816s] DEBUG:colcon.colcon_core.event_handler.log_command:Invoking command in '/home/dayo/Desktop/scrap_ws/build/velodyne_pointcloud': CMAKE_PREFIX_PATH=/home/dayo/Desktop/scrap_ws/install/velodyne_msgs:/home/dayo/Desktop/scrap_ws/install/velodyne:/home/dayo/Desktop/scrap_ws/install/velodyne_pointcloud:/home/dayo/Desktop/scrap_ws/install/velodyne_driver:/home/dayo/Desktop/scrap_ws/install/velodyne_laserscan:/home/dayo/Desktop/scrap_ws/install/scrap_pkg:/home/dayo/Desktop/scrap_ws/install/usb_cam:/opt/ros/iron LD_LIBRARY_PATH=/home/dayo/Desktop/scrap_ws/install/velodyne_msgs/lib:/home/dayo/Desktop/scrap_ws/install/velodyne_pointcloud/lib:/home/dayo/Desktop/scrap_ws/install/velodyne_driver/lib:/home/dayo/Desktop/scrap_ws/install/velodyne_laserscan/lib:/home/dayo/Desktop/scrap_ws/install/usb_cam/lib:/usr/lib/x86_64-linux-gnu/gazebo-11/plugins:/opt/ros/iron/opt/rviz_ogre_vendor/lib:/opt/ros/iron/lib/x86_64-linux-gnu:/opt/ros/iron/lib /usr/bin/cmake --build /home/dayo/Desktop/scrap_ws/build/velodyne_pointcloud -- -j2 -l2
[1.988s] DEBUG:colcon.colcon_core.event_handler.log_command:Invoked command in '/home/dayo/Desktop/scrap_ws/build/velodyne_driver' returned '0': CMAKE_PREFIX_PATH=/home/dayo/Desktop/scrap_ws/install/velodyne_msgs:/home/dayo/Desktop/scrap_ws/install/velodyne:/home/dayo/Desktop/scrap_ws/install/velodyne_pointcloud:/home/dayo/Desktop/scrap_ws/install/velodyne_driver:/home/dayo/Desktop/scrap_ws/install/velodyne_laserscan:/home/dayo/Desktop/scrap_ws/install/scrap_pkg:/home/dayo/Desktop/scrap_ws/install/usb_cam:/opt/ros/iron LD_LIBRARY_PATH=/home/dayo/Desktop/scrap_ws/install/velodyne_msgs/lib:/home/dayo/Desktop/scrap_ws/install/velodyne_pointcloud/lib:/home/dayo/Desktop/scrap_ws/install/velodyne_driver/lib:/home/dayo/Desktop/scrap_ws/install/velodyne_laserscan/lib:/home/dayo/Desktop/scrap_ws/install/usb_cam/lib:/usr/lib/x86_64-linux-gnu/gazebo-11/plugins:/opt/ros/iron/opt/rviz_ogre_vendor/lib:/opt/ros/iron/lib/x86_64-linux-gnu:/opt/ros/iron/lib /usr/bin/cmake --build /home/dayo/Desktop/scrap_ws/build/velodyne_driver -- -j2 -l2
[2.148s] DEBUG:colcon.colcon_core.event_handler.log_command:Invoking command in '/home/dayo/Desktop/scrap_ws/build/velodyne_driver': CMAKE_PREFIX_PATH=/home/dayo/Desktop/scrap_ws/install/velodyne_msgs:/home/dayo/Desktop/scrap_ws/install/velodyne:/home/dayo/Desktop/scrap_ws/install/velodyne_pointcloud:/home/dayo/Desktop/scrap_ws/install/velodyne_driver:/home/dayo/Desktop/scrap_ws/install/velodyne_laserscan:/home/dayo/Desktop/scrap_ws/install/scrap_pkg:/home/dayo/Desktop/scrap_ws/install/usb_cam:/opt/ros/iron LD_LIBRARY_PATH=/home/dayo/Desktop/scrap_ws/install/velodyne_msgs/lib:/home/dayo/Desktop/scrap_ws/install/velodyne_pointcloud/lib:/home/dayo/Desktop/scrap_ws/install/velodyne_driver/lib:/home/dayo/Desktop/scrap_ws/install/velodyne_laserscan/lib:/home/dayo/Desktop/scrap_ws/install/usb_cam/lib:/usr/lib/x86_64-linux-gnu/gazebo-11/plugins:/opt/ros/iron/opt/rviz_ogre_vendor/lib:/opt/ros/iron/lib/x86_64-linux-gnu:/opt/ros/iron/lib /usr/bin/cmake --install /home/dayo/Desktop/scrap_ws/build/velodyne_driver
[2.178s] Level 1:colcon.colcon_core.environment:create_environment_scripts_only(velodyne_driver)
[2.180s] Level 1:colcon.colcon_core.environment:checking '/home/dayo/Desktop/scrap_ws/install/velodyne_driver' for CMake module files
[2.180s] Level 1:colcon.colcon_core.environment:checking '/home/dayo/Desktop/scrap_ws/install/velodyne_driver' for CMake config files
[2.180s] Level 1:colcon.colcon_core.shell:create_environment_hook('velodyne_driver', 'cmake_prefix_path')
[2.181s] INFO:colcon.colcon_core.shell:Creating environment hook '/home/dayo/Desktop/scrap_ws/install/velodyne_driver/share/velodyne_driver/hook/cmake_prefix_path.ps1'
[2.182s] DEBUG:colcon.colcon_core.event_handler.log_command:Invoked command in '/home/dayo/Desktop/scrap_ws/build/velodyne_driver' returned '0': CMAKE_PREFIX_PATH=/home/dayo/Desktop/scrap_ws/install/velodyne_msgs:/home/dayo/Desktop/scrap_ws/install/velodyne:/home/dayo/Desktop/scrap_ws/install/velodyne_pointcloud:/home/dayo/Desktop/scrap_ws/install/velodyne_driver:/home/dayo/Desktop/scrap_ws/install/velodyne_laserscan:/home/dayo/Desktop/scrap_ws/install/scrap_pkg:/home/dayo/Desktop/scrap_ws/install/usb_cam:/opt/ros/iron LD_LIBRARY_PATH=/home/dayo/Desktop/scrap_ws/install/velodyne_msgs/lib:/home/dayo/Desktop/scrap_ws/install/velodyne_pointcloud/lib:/home/dayo/Desktop/scrap_ws/install/velodyne_driver/lib:/home/dayo/Desktop/scrap_ws/install/velodyne_laserscan/lib:/home/dayo/Desktop/scrap_ws/install/usb_cam/lib:/usr/lib/x86_64-linux-gnu/gazebo-11/plugins:/opt/ros/iron/opt/rviz_ogre_vendor/lib:/opt/ros/iron/lib/x86_64-linux-gnu:/opt/ros/iron/lib /usr/bin/cmake --install /home/dayo/Desktop/scrap_ws/build/velodyne_driver
[2.182s] INFO:colcon.colcon_core.shell:Creating environment descriptor '/home/dayo/Desktop/scrap_ws/install/velodyne_driver/share/velodyne_driver/hook/cmake_prefix_path.dsv'
[2.183s] INFO:colcon.colcon_core.shell:Creating environment hook '/home/dayo/Desktop/scrap_ws/install/velodyne_driver/share/velodyne_driver/hook/cmake_prefix_path.sh'
[2.184s] Level 1:colcon.colcon_core.environment:checking '/home/dayo/Desktop/scrap_ws/install/velodyne_driver/lib'
[2.184s] Level 1:colcon.colcon_core.shell:create_environment_hook('velodyne_driver', 'ld_library_path_lib')
[2.186s] INFO:colcon.colcon_core.shell:Creating environment hook '/home/dayo/Desktop/scrap_ws/install/velodyne_driver/share/velodyne_driver/hook/ld_library_path_lib.ps1'
[2.187s] INFO:colcon.colcon_core.shell:Creating environment descriptor '/home/dayo/Desktop/scrap_ws/install/velodyne_driver/share/velodyne_driver/hook/ld_library_path_lib.dsv'
[2.187s] INFO:colcon.colcon_core.shell:Creating environment hook '/home/dayo/Desktop/scrap_ws/install/velodyne_driver/share/velodyne_driver/hook/ld_library_path_lib.sh'
[2.188s] Level 1:colcon.colcon_core.environment:checking '/home/dayo/Desktop/scrap_ws/install/velodyne_driver/bin'
[2.188s] Level 1:colcon.colcon_core.environment:checking '/home/dayo/Desktop/scrap_ws/install/velodyne_driver/lib/pkgconfig/velodyne_driver.pc'
[2.188s] Level 1:colcon.colcon_core.environment:checking '/home/dayo/Desktop/scrap_ws/install/velodyne_driver/lib/python3.10/site-packages'
[2.188s] Level 1:colcon.colcon_core.environment:checking '/home/dayo/Desktop/scrap_ws/install/velodyne_driver/bin'
[2.189s] INFO:colcon.colcon_core.shell:Creating package script '/home/dayo/Desktop/scrap_ws/install/velodyne_driver/share/velodyne_driver/package.ps1'
[2.190s] INFO:colcon.colcon_core.shell:Creating package descriptor '/home/dayo/Desktop/scrap_ws/install/velodyne_driver/share/velodyne_driver/package.dsv'
[2.190s] INFO:colcon.colcon_core.shell:Creating package script '/home/dayo/Desktop/scrap_ws/install/velodyne_driver/share/velodyne_driver/package.sh'
[2.190s] INFO:colcon.colcon_core.shell:Creating package script '/home/dayo/Desktop/scrap_ws/install/velodyne_driver/share/velodyne_driver/package.bash'
[2.191s] INFO:colcon.colcon_core.shell:Creating package script '/home/dayo/Desktop/scrap_ws/install/velodyne_driver/share/velodyne_driver/package.zsh'
[2.191s] Level 1:colcon.colcon_core.environment:create_file_with_runtime_dependencies(/home/dayo/Desktop/scrap_ws/install/velodyne_driver/share/colcon-core/packages/velodyne_driver)
[2.193s] DEBUG:colcon.colcon_core.event_handler.log_command:Invoked command in '/home/dayo/Desktop/scrap_ws/build/velodyne_pointcloud' returned '0': CMAKE_PREFIX_PATH=/home/dayo/Desktop/scrap_ws/install/velodyne_msgs:/home/dayo/Desktop/scrap_ws/install/velodyne:/home/dayo/Desktop/scrap_ws/install/velodyne_pointcloud:/home/dayo/Desktop/scrap_ws/install/velodyne_driver:/home/dayo/Desktop/scrap_ws/install/velodyne_laserscan:/home/dayo/Desktop/scrap_ws/install/scrap_pkg:/home/dayo/Desktop/scrap_ws/install/usb_cam:/opt/ros/iron LD_LIBRARY_PATH=/home/dayo/Desktop/scrap_ws/install/velodyne_msgs/lib:/home/dayo/Desktop/scrap_ws/install/velodyne_pointcloud/lib:/home/dayo/Desktop/scrap_ws/install/velodyne_driver/lib:/home/dayo/Desktop/scrap_ws/install/velodyne_laserscan/lib:/home/dayo/Desktop/scrap_ws/install/usb_cam/lib:/usr/lib/x86_64-linux-gnu/gazebo-11/plugins:/opt/ros/iron/opt/rviz_ogre_vendor/lib:/opt/ros/iron/lib/x86_64-linux-gnu:/opt/ros/iron/lib /usr/bin/cmake --build /home/dayo/Desktop/scrap_ws/build/velodyne_pointcloud -- -j2 -l2
[2.231s] Level 1:colcon.colcon_core.environment:create_environment_scripts_only(velodyne_driver)
[2.233s] Level 1:colcon.colcon_core.environment:checking '/home/dayo/Desktop/scrap_ws/install/velodyne_driver' for CMake module files
[2.233s] Level 1:colcon.colcon_core.environment:checking '/home/dayo/Desktop/scrap_ws/install/velodyne_driver' for CMake config files
[2.233s] Level 1:colcon.colcon_core.shell:create_environment_hook('velodyne_driver', 'cmake_prefix_path')
[2.234s] INFO:colcon.colcon_core.shell:Creating environment hook '/home/dayo/Desktop/scrap_ws/install/velodyne_driver/share/velodyne_driver/hook/cmake_prefix_path.ps1'
[2.236s] INFO:colcon.colcon_core.shell:Creating environment descriptor '/home/dayo/Desktop/scrap_ws/install/velodyne_driver/share/velodyne_driver/hook/cmake_prefix_path.dsv'
[2.237s] INFO:colcon.colcon_core.shell:Creating environment hook '/home/dayo/Desktop/scrap_ws/install/velodyne_driver/share/velodyne_driver/hook/cmake_prefix_path.sh'
[2.237s] Level 1:colcon.colcon_core.environment:checking '/home/dayo/Desktop/scrap_ws/install/velodyne_driver/lib'
[2.237s] Level 1:colcon.colcon_core.shell:create_environment_hook('velodyne_driver', 'ld_library_path_lib')
[2.238s] INFO:colcon.colcon_core.shell:Creating environment hook '/home/dayo/Desktop/scrap_ws/install/velodyne_driver/share/velodyne_driver/hook/ld_library_path_lib.ps1'
[2.239s] INFO:colcon.colcon_core.shell:Creating environment descriptor '/home/dayo/Desktop/scrap_ws/install/velodyne_driver/share/velodyne_driver/hook/ld_library_path_lib.dsv'
[2.239s] INFO:colcon.colcon_core.shell:Creating environment hook '/home/dayo/Desktop/scrap_ws/install/velodyne_driver/share/velodyne_driver/hook/ld_library_path_lib.sh'
[2.239s] Level 1:colcon.colcon_core.environment:checking '/home/dayo/Desktop/scrap_ws/install/velodyne_driver/bin'
[2.240s] Level 1:colcon.colcon_core.environment:checking '/home/dayo/Desktop/scrap_ws/install/velodyne_driver/lib/pkgconfig/velodyne_driver.pc'
[2.240s] Level 1:colcon.colcon_core.environment:checking '/home/dayo/Desktop/scrap_ws/install/velodyne_driver/lib/python3.10/site-packages'
[2.240s] Level 1:colcon.colcon_core.environment:checking '/home/dayo/Desktop/scrap_ws/install/velodyne_driver/bin'
[2.242s] INFO:colcon.colcon_core.shell:Creating package script '/home/dayo/Desktop/scrap_ws/install/velodyne_driver/share/velodyne_driver/package.ps1'
[2.244s] INFO:colcon.colcon_core.shell:Creating package descriptor '/home/dayo/Desktop/scrap_ws/install/velodyne_driver/share/velodyne_driver/package.dsv'
[2.245s] INFO:colcon.colcon_core.shell:Creating package script '/home/dayo/Desktop/scrap_ws/install/velodyne_driver/share/velodyne_driver/package.sh'
[2.245s] INFO:colcon.colcon_core.shell:Creating package script '/home/dayo/Desktop/scrap_ws/install/velodyne_driver/share/velodyne_driver/package.bash'
[2.246s] INFO:colcon.colcon_core.shell:Creating package script '/home/dayo/Desktop/scrap_ws/install/velodyne_driver/share/velodyne_driver/package.zsh'
[2.249s] Level 1:colcon.colcon_core.environment:create_file_with_runtime_dependencies(/home/dayo/Desktop/scrap_ws/install/velodyne_driver/share/colcon-core/packages/velodyne_driver)
[2.250s] INFO:colcon.colcon_ros.task.ament_cmake.build:Building ROS package in '/home/dayo/Desktop/scrap_ws/src/scrap_pkg' with build type 'ament_cmake'
[2.251s] INFO:colcon.colcon_cmake.task.cmake.build:Building CMake package in '/home/dayo/Desktop/scrap_ws/src/scrap_pkg'
[2.252s] INFO:colcon.colcon_core.shell:Skip shell extension 'powershell' for command environment: Not usable outside of PowerShell
[2.253s] DEBUG:colcon.colcon_core.shell:Skip shell extension 'dsv' for command environment
[2.277s] DEBUG:colcon.colcon_core.event_handler.log_command:Invoking command in '/home/dayo/Desktop/scrap_ws/build/scrap_pkg': CMAKE_PREFIX_PATH=/home/dayo/Desktop/scrap_ws/install/usb_cam:/home/dayo/Desktop/scrap_ws/install/velodyne:/home/dayo/Desktop/scrap_ws/install/velodyne_pointcloud:/home/dayo/Desktop/scrap_ws/install/velodyne_driver:/home/dayo/Desktop/scrap_ws/install/velodyne_msgs:/home/dayo/Desktop/scrap_ws/install/velodyne_laserscan:/home/dayo/Desktop/scrap_ws/install/scrap_pkg:/opt/ros/iron LD_LIBRARY_PATH=/home/dayo/Desktop/scrap_ws/install/usb_cam/lib:/home/dayo/Desktop/scrap_ws/install/velodyne_pointcloud/lib:/home/dayo/Desktop/scrap_ws/install/velodyne_driver/lib:/home/dayo/Desktop/scrap_ws/install/velodyne_msgs/lib:/home/dayo/Desktop/scrap_ws/install/velodyne_laserscan/lib:/usr/lib/x86_64-linux-gnu/gazebo-11/plugins:/opt/ros/iron/opt/rviz_ogre_vendor/lib:/opt/ros/iron/lib/x86_64-linux-gnu:/opt/ros/iron/lib /usr/bin/cmake --build /home/dayo/Desktop/scrap_ws/build/scrap_pkg -- -j2 -l2
[2.283s] DEBUG:colcon.colcon_core.event_handler.log_command:Invoking command in '/home/dayo/Desktop/scrap_ws/build/velodyne_pointcloud': CMAKE_PREFIX_PATH=/home/dayo/Desktop/scrap_ws/install/velodyne_msgs:/home/dayo/Desktop/scrap_ws/install/velodyne:/home/dayo/Desktop/scrap_ws/install/velodyne_pointcloud:/home/dayo/Desktop/scrap_ws/install/velodyne_driver:/home/dayo/Desktop/scrap_ws/install/velodyne_laserscan:/home/dayo/Desktop/scrap_ws/install/scrap_pkg:/home/dayo/Desktop/scrap_ws/install/usb_cam:/opt/ros/iron LD_LIBRARY_PATH=/home/dayo/Desktop/scrap_ws/install/velodyne_msgs/lib:/home/dayo/Desktop/scrap_ws/install/velodyne_pointcloud/lib:/home/dayo/Desktop/scrap_ws/install/velodyne_driver/lib:/home/dayo/Desktop/scrap_ws/install/velodyne_laserscan/lib:/home/dayo/Desktop/scrap_ws/install/usb_cam/lib:/usr/lib/x86_64-linux-gnu/gazebo-11/plugins:/opt/ros/iron/opt/rviz_ogre_vendor/lib:/opt/ros/iron/lib/x86_64-linux-gnu:/opt/ros/iron/lib /usr/bin/cmake --install /home/dayo/Desktop/scrap_ws/build/velodyne_pointcloud
[2.315s] Level 1:colcon.colcon_core.environment:create_environment_scripts_only(velodyne_pointcloud)
[2.318s] Level 1:colcon.colcon_core.environment:checking '/home/dayo/Desktop/scrap_ws/install/velodyne_pointcloud' for CMake module files
[2.320s] DEBUG:colcon.colcon_core.event_handler.log_command:Invoked command in '/home/dayo/Desktop/scrap_ws/build/velodyne_pointcloud' returned '0': CMAKE_PREFIX_PATH=/home/dayo/Desktop/scrap_ws/install/velodyne_msgs:/home/dayo/Desktop/scrap_ws/install/velodyne:/home/dayo/Desktop/scrap_ws/install/velodyne_pointcloud:/home/dayo/Desktop/scrap_ws/install/velodyne_driver:/home/dayo/Desktop/scrap_ws/install/velodyne_laserscan:/home/dayo/Desktop/scrap_ws/install/scrap_pkg:/home/dayo/Desktop/scrap_ws/install/usb_cam:/opt/ros/iron LD_LIBRARY_PATH=/home/dayo/Desktop/scrap_ws/install/velodyne_msgs/lib:/home/dayo/Desktop/scrap_ws/install/velodyne_pointcloud/lib:/home/dayo/Desktop/scrap_ws/install/velodyne_driver/lib:/home/dayo/Desktop/scrap_ws/install/velodyne_laserscan/lib:/home/dayo/Desktop/scrap_ws/install/usb_cam/lib:/usr/lib/x86_64-linux-gnu/gazebo-11/plugins:/opt/ros/iron/opt/rviz_ogre_vendor/lib:/opt/ros/iron/lib/x86_64-linux-gnu:/opt/ros/iron/lib /usr/bin/cmake --install /home/dayo/Desktop/scrap_ws/build/velodyne_pointcloud
[2.321s] Level 1:colcon.colcon_core.environment:checking '/home/dayo/Desktop/scrap_ws/install/velodyne_pointcloud' for CMake config files
[2.322s] Level 1:colcon.colcon_core.shell:create_environment_hook('velodyne_pointcloud', 'cmake_prefix_path')
[2.323s] INFO:colcon.colcon_core.shell:Creating environment hook '/home/dayo/Desktop/scrap_ws/install/velodyne_pointcloud/share/velodyne_pointcloud/hook/cmake_prefix_path.ps1'
[2.327s] INFO:colcon.colcon_core.shell:Creating environment descriptor '/home/dayo/Desktop/scrap_ws/install/velodyne_pointcloud/share/velodyne_pointcloud/hook/cmake_prefix_path.dsv'
[2.328s] INFO:colcon.colcon_core.shell:Creating environment hook '/home/dayo/Desktop/scrap_ws/install/velodyne_pointcloud/share/velodyne_pointcloud/hook/cmake_prefix_path.sh'
[2.328s] Level 1:colcon.colcon_core.environment:checking '/home/dayo/Desktop/scrap_ws/install/velodyne_pointcloud/lib'
[2.328s] Level 1:colcon.colcon_core.shell:create_environment_hook('velodyne_pointcloud', 'ld_library_path_lib')
[2.329s] INFO:colcon.colcon_core.shell:Creating environment hook '/home/dayo/Desktop/scrap_ws/install/velodyne_pointcloud/share/velodyne_pointcloud/hook/ld_library_path_lib.ps1'
[2.336s] INFO:colcon.colcon_core.shell:Creating environment descriptor '/home/dayo/Desktop/scrap_ws/install/velodyne_pointcloud/share/velodyne_pointcloud/hook/ld_library_path_lib.dsv'
[2.336s] INFO:colcon.colcon_core.shell:Creating environment hook '/home/dayo/Desktop/scrap_ws/install/velodyne_pointcloud/share/velodyne_pointcloud/hook/ld_library_path_lib.sh'
[2.337s] Level 1:colcon.colcon_core.environment:checking '/home/dayo/Desktop/scrap_ws/install/velodyne_pointcloud/bin'
[2.337s] Level 1:colcon.colcon_core.environment:checking '/home/dayo/Desktop/scrap_ws/install/velodyne_pointcloud/lib/pkgconfig/velodyne_pointcloud.pc'
[2.337s] Level 1:colcon.colcon_core.environment:checking '/home/dayo/Desktop/scrap_ws/install/velodyne_pointcloud/lib/python3.10/site-packages'
[2.337s] Level 1:colcon.colcon_core.environment:checking '/home/dayo/Desktop/scrap_ws/install/velodyne_pointcloud/bin'
[2.338s] INFO:colcon.colcon_core.shell:Creating package script '/home/dayo/Desktop/scrap_ws/install/velodyne_pointcloud/share/velodyne_pointcloud/package.ps1'
[2.339s] INFO:colcon.colcon_core.shell:Creating package descriptor '/home/dayo/Desktop/scrap_ws/install/velodyne_pointcloud/share/velodyne_pointcloud/package.dsv'
[2.339s] INFO:colcon.colcon_core.shell:Creating package script '/home/dayo/Desktop/scrap_ws/install/velodyne_pointcloud/share/velodyne_pointcloud/package.sh'
[2.340s] INFO:colcon.colcon_core.shell:Creating package script '/home/dayo/Desktop/scrap_ws/install/velodyne_pointcloud/share/velodyne_pointcloud/package.bash'
[2.340s] INFO:colcon.colcon_core.shell:Creating package script '/home/dayo/Desktop/scrap_ws/install/velodyne_pointcloud/share/velodyne_pointcloud/package.zsh'
[2.340s] Level 1:colcon.colcon_core.environment:create_file_with_runtime_dependencies(/home/dayo/Desktop/scrap_ws/install/velodyne_pointcloud/share/colcon-core/packages/velodyne_pointcloud)
[2.367s] DEBUG:colcon.colcon_core.event_handler.log_command:Invoked command in '/home/dayo/Desktop/scrap_ws/build/scrap_pkg' returned '0': CMAKE_PREFIX_PATH=/home/dayo/Desktop/scrap_ws/install/usb_cam:/home/dayo/Desktop/scrap_ws/install/velodyne:/home/dayo/Desktop/scrap_ws/install/velodyne_pointcloud:/home/dayo/Desktop/scrap_ws/install/velodyne_driver:/home/dayo/Desktop/scrap_ws/install/velodyne_msgs:/home/dayo/Desktop/scrap_ws/install/velodyne_laserscan:/home/dayo/Desktop/scrap_ws/install/scrap_pkg:/opt/ros/iron LD_LIBRARY_PATH=/home/dayo/Desktop/scrap_ws/install/usb_cam/lib:/home/dayo/Desktop/scrap_ws/install/velodyne_pointcloud/lib:/home/dayo/Desktop/scrap_ws/install/velodyne_driver/lib:/home/dayo/Desktop/scrap_ws/install/velodyne_msgs/lib:/home/dayo/Desktop/scrap_ws/install/velodyne_laserscan/lib:/usr/lib/x86_64-linux-gnu/gazebo-11/plugins:/opt/ros/iron/opt/rviz_ogre_vendor/lib:/opt/ros/iron/lib/x86_64-linux-gnu:/opt/ros/iron/lib /usr/bin/cmake --build /home/dayo/Desktop/scrap_ws/build/scrap_pkg -- -j2 -l2
[2.394s] DEBUG:colcon.colcon_core.event_handler.log_command:Invoking command in '/home/dayo/Desktop/scrap_ws/build/scrap_pkg': CMAKE_PREFIX_PATH=/home/dayo/Desktop/scrap_ws/install/usb_cam:/home/dayo/Desktop/scrap_ws/install/velodyne:/home/dayo/Desktop/scrap_ws/install/velodyne_pointcloud:/home/dayo/Desktop/scrap_ws/install/velodyne_driver:/home/dayo/Desktop/scrap_ws/install/velodyne_msgs:/home/dayo/Desktop/scrap_ws/install/velodyne_laserscan:/home/dayo/Desktop/scrap_ws/install/scrap_pkg:/opt/ros/iron LD_LIBRARY_PATH=/home/dayo/Desktop/scrap_ws/install/usb_cam/lib:/home/dayo/Desktop/scrap_ws/install/velodyne_pointcloud/lib:/home/dayo/Desktop/scrap_ws/install/velodyne_driver/lib:/home/dayo/Desktop/scrap_ws/install/velodyne_msgs/lib:/home/dayo/Desktop/scrap_ws/install/velodyne_laserscan/lib:/usr/lib/x86_64-linux-gnu/gazebo-11/plugins:/opt/ros/iron/opt/rviz_ogre_vendor/lib:/opt/ros/iron/lib/x86_64-linux-gnu:/opt/ros/iron/lib /usr/bin/cmake --install /home/dayo/Desktop/scrap_ws/build/scrap_pkg
[2.416s] Level 1:colcon.colcon_core.environment:create_environment_scripts_only(scrap_pkg)
[2.417s] Level 1:colcon.colcon_core.environment:checking '/home/dayo/Desktop/scrap_ws/install/scrap_pkg' for CMake module files
[2.418s] Level 1:colcon.colcon_core.environment:checking '/home/dayo/Desktop/scrap_ws/install/scrap_pkg' for CMake config files
[2.418s] Level 1:colcon.colcon_core.shell:create_environment_hook('scrap_pkg', 'cmake_prefix_path')
[2.419s] INFO:colcon.colcon_core.shell:Creating environment hook '/home/dayo/Desktop/scrap_ws/install/scrap_pkg/share/scrap_pkg/hook/cmake_prefix_path.ps1'
[2.420s] DEBUG:colcon.colcon_core.event_handler.log_command:Invoked command in '/home/dayo/Desktop/scrap_ws/build/scrap_pkg' returned '0': CMAKE_PREFIX_PATH=/home/dayo/Desktop/scrap_ws/install/usb_cam:/home/dayo/Desktop/scrap_ws/install/velodyne:/home/dayo/Desktop/scrap_ws/install/velodyne_pointcloud:/home/dayo/Desktop/scrap_ws/install/velodyne_driver:/home/dayo/Desktop/scrap_ws/install/velodyne_msgs:/home/dayo/Desktop/scrap_ws/install/velodyne_laserscan:/home/dayo/Desktop/scrap_ws/install/scrap_pkg:/opt/ros/iron LD_LIBRARY_PATH=/home/dayo/Desktop/scrap_ws/install/usb_cam/lib:/home/dayo/Desktop/scrap_ws/install/velodyne_pointcloud/lib:/home/dayo/Desktop/scrap_ws/install/velodyne_driver/lib:/home/dayo/Desktop/scrap_ws/install/velodyne_msgs/lib:/home/dayo/Desktop/scrap_ws/install/velodyne_laserscan/lib:/usr/lib/x86_64-linux-gnu/gazebo-11/plugins:/opt/ros/iron/opt/rviz_ogre_vendor/lib:/opt/ros/iron/lib/x86_64-linux-gnu:/opt/ros/iron/lib /usr/bin/cmake --install /home/dayo/Desktop/scrap_ws/build/scrap_pkg
[2.420s] INFO:colcon.colcon_core.shell:Creating environment descriptor '/home/dayo/Desktop/scrap_ws/install/scrap_pkg/share/scrap_pkg/hook/cmake_prefix_path.dsv'
[2.421s] INFO:colcon.colcon_core.shell:Creating environment hook '/home/dayo/Desktop/scrap_ws/install/scrap_pkg/share/scrap_pkg/hook/cmake_prefix_path.sh'
[2.421s] Level 1:colcon.colcon_core.environment:checking '/home/dayo/Desktop/scrap_ws/install/scrap_pkg/bin'
[2.421s] Level 1:colcon.colcon_core.environment:checking '/home/dayo/Desktop/scrap_ws/install/scrap_pkg/lib/pkgconfig/scrap_pkg.pc'
[2.421s] Level 1:colcon.colcon_core.environment:checking '/home/dayo/Desktop/scrap_ws/install/scrap_pkg/lib/python3.10/site-packages'
[2.422s] Level 1:colcon.colcon_core.environment:checking '/home/dayo/Desktop/scrap_ws/install/scrap_pkg/bin'
[2.425s] INFO:colcon.colcon_core.shell:Creating package script '/home/dayo/Desktop/scrap_ws/install/scrap_pkg/share/scrap_pkg/package.ps1'
[2.425s] INFO:colcon.colcon_core.shell:Creating package descriptor '/home/dayo/Desktop/scrap_ws/install/scrap_pkg/share/scrap_pkg/package.dsv'
[2.426s] INFO:colcon.colcon_core.shell:Creating package script '/home/dayo/Desktop/scrap_ws/install/scrap_pkg/share/scrap_pkg/package.sh'
[2.426s] INFO:colcon.colcon_core.shell:Creating package script '/home/dayo/Desktop/scrap_ws/install/scrap_pkg/share/scrap_pkg/package.bash'
[2.426s] INFO:colcon.colcon_core.shell:Creating package script '/home/dayo/Desktop/scrap_ws/install/scrap_pkg/share/scrap_pkg/package.zsh'
[2.427s] Level 1:colcon.colcon_core.environment:create_file_with_runtime_dependencies(/home/dayo/Desktop/scrap_ws/install/scrap_pkg/share/colcon-core/packages/scrap_pkg)
[2.470s] Level 1:colcon.colcon_core.environment:create_environment_scripts_only(scrap_pkg)
[2.472s] Level 1:colcon.colcon_core.environment:checking '/home/dayo/Desktop/scrap_ws/install/scrap_pkg' for CMake module files
[2.472s] Level 1:colcon.colcon_core.environment:checking '/home/dayo/Desktop/scrap_ws/install/scrap_pkg' for CMake config files
[2.472s] Level 1:colcon.colcon_core.shell:create_environment_hook('scrap_pkg', 'cmake_prefix_path')
[2.473s] INFO:colcon.colcon_core.shell:Creating environment hook '/home/dayo/Desktop/scrap_ws/install/scrap_pkg/share/scrap_pkg/hook/cmake_prefix_path.ps1'
[2.474s] INFO:colcon.colcon_core.shell:Creating environment descriptor '/home/dayo/Desktop/scrap_ws/install/scrap_pkg/share/scrap_pkg/hook/cmake_prefix_path.dsv'
[2.474s] INFO:colcon.colcon_core.shell:Creating environment hook '/home/dayo/Desktop/scrap_ws/install/scrap_pkg/share/scrap_pkg/hook/cmake_prefix_path.sh'
[2.474s] Level 1:colcon.colcon_core.environment:checking '/home/dayo/Desktop/scrap_ws/install/scrap_pkg/bin'
[2.475s] Level 1:colcon.colcon_core.environment:checking '/home/dayo/Desktop/scrap_ws/install/scrap_pkg/lib/pkgconfig/scrap_pkg.pc'
[2.475s] Level 1:colcon.colcon_core.environment:checking '/home/dayo/Desktop/scrap_ws/install/scrap_pkg/lib/python3.10/site-packages'
[2.475s] Level 1:colcon.colcon_core.environment:checking '/home/dayo/Desktop/scrap_ws/install/scrap_pkg/bin'
[2.476s] INFO:colcon.colcon_core.shell:Creating package script '/home/dayo/Desktop/scrap_ws/install/scrap_pkg/share/scrap_pkg/package.ps1'
[2.476s] INFO:colcon.colcon_core.shell:Creating package descriptor '/home/dayo/Desktop/scrap_ws/install/scrap_pkg/share/scrap_pkg/package.dsv'
[2.477s] INFO:colcon.colcon_core.shell:Creating package script '/home/dayo/Desktop/scrap_ws/install/scrap_pkg/share/scrap_pkg/package.sh'
[2.477s] INFO:colcon.colcon_core.shell:Creating package script '/home/dayo/Desktop/scrap_ws/install/scrap_pkg/share/scrap_pkg/package.bash'
[2.480s] INFO:colcon.colcon_core.shell:Creating package script '/home/dayo/Desktop/scrap_ws/install/scrap_pkg/share/scrap_pkg/package.zsh'
[2.481s] Level 1:colcon.colcon_core.environment:create_file_with_runtime_dependencies(/home/dayo/Desktop/scrap_ws/install/scrap_pkg/share/colcon-core/packages/scrap_pkg)
[2.483s] Level 1:colcon.colcon_core.environment:create_environment_scripts_only(velodyne_pointcloud)
[2.484s] Level 1:colcon.colcon_core.environment:checking '/home/dayo/Desktop/scrap_ws/install/velodyne_pointcloud' for CMake module files
[2.485s] Level 1:colcon.colcon_core.environment:checking '/home/dayo/Desktop/scrap_ws/install/velodyne_pointcloud' for CMake config files
[2.485s] Level 1:colcon.colcon_core.shell:create_environment_hook('velodyne_pointcloud', 'cmake_prefix_path')
[2.486s] INFO:colcon.colcon_core.shell:Creating environment hook '/home/dayo/Desktop/scrap_ws/install/velodyne_pointcloud/share/velodyne_pointcloud/hook/cmake_prefix_path.ps1'
[2.488s] INFO:colcon.colcon_core.shell:Creating environment descriptor '/home/dayo/Desktop/scrap_ws/install/velodyne_pointcloud/share/velodyne_pointcloud/hook/cmake_prefix_path.dsv'
[2.488s] INFO:colcon.colcon_core.shell:Creating environment hook '/home/dayo/Desktop/scrap_ws/install/velodyne_pointcloud/share/velodyne_pointcloud/hook/cmake_prefix_path.sh'
[2.489s] Level 1:colcon.colcon_core.environment:checking '/home/dayo/Desktop/scrap_ws/install/velodyne_pointcloud/lib'
[2.489s] Level 1:colcon.colcon_core.shell:create_environment_hook('velodyne_pointcloud', 'ld_library_path_lib')
[2.490s] INFO:colcon.colcon_core.shell:Creating environment hook '/home/dayo/Desktop/scrap_ws/install/velodyne_pointcloud/share/velodyne_pointcloud/hook/ld_library_path_lib.ps1'
[2.494s] INFO:colcon.colcon_core.shell:Creating environment descriptor '/home/dayo/Desktop/scrap_ws/install/velodyne_pointcloud/share/velodyne_pointcloud/hook/ld_library_path_lib.dsv'
[2.495s] INFO:colcon.colcon_core.shell:Creating environment hook '/home/dayo/Desktop/scrap_ws/install/velodyne_pointcloud/share/velodyne_pointcloud/hook/ld_library_path_lib.sh'
[2.495s] Level 1:colcon.colcon_core.environment:checking '/home/dayo/Desktop/scrap_ws/install/velodyne_pointcloud/bin'
[2.495s] Level 1:colcon.colcon_core.environment:checking '/home/dayo/Desktop/scrap_ws/install/velodyne_pointcloud/lib/pkgconfig/velodyne_pointcloud.pc'
[2.495s] Level 1:colcon.colcon_core.environment:checking '/home/dayo/Desktop/scrap_ws/install/velodyne_pointcloud/lib/python3.10/site-packages'
[2.495s] Level 1:colcon.colcon_core.environment:checking '/home/dayo/Desktop/scrap_ws/install/velodyne_pointcloud/bin'
[2.497s] INFO:colcon.colcon_core.shell:Creating package script '/home/dayo/Desktop/scrap_ws/install/velodyne_pointcloud/share/velodyne_pointcloud/package.ps1'
[2.497s] INFO:colcon.colcon_core.shell:Creating package descriptor '/home/dayo/Desktop/scrap_ws/install/velodyne_pointcloud/share/velodyne_pointcloud/package.dsv'
[2.498s] INFO:colcon.colcon_core.shell:Creating package script '/home/dayo/Desktop/scrap_ws/install/velodyne_pointcloud/share/velodyne_pointcloud/package.sh'
[2.498s] INFO:colcon.colcon_core.shell:Creating package script '/home/dayo/Desktop/scrap_ws/install/velodyne_pointcloud/share/velodyne_pointcloud/package.bash'
[2.498s] INFO:colcon.colcon_core.shell:Creating package script '/home/dayo/Desktop/scrap_ws/install/velodyne_pointcloud/share/velodyne_pointcloud/package.zsh'
[2.502s] Level 1:colcon.colcon_core.environment:create_file_with_runtime_dependencies(/home/dayo/Desktop/scrap_ws/install/velodyne_pointcloud/share/colcon-core/packages/velodyne_pointcloud)
[2.503s] INFO:colcon.colcon_ros.task.ament_cmake.build:Building ROS package in '/home/dayo/Desktop/scrap_ws/src/velodyne/velodyne' with build type 'ament_cmake'
[2.504s] INFO:colcon.colcon_cmake.task.cmake.build:Building CMake package in '/home/dayo/Desktop/scrap_ws/src/velodyne/velodyne'
[2.505s] INFO:colcon.colcon_core.shell:Skip shell extension 'powershell' for command environment: Not usable outside of PowerShell
[2.505s] DEBUG:colcon.colcon_core.shell:Skip shell extension 'dsv' for command environment
[2.532s] DEBUG:colcon.colcon_core.event_handler.log_command:Invoking command in '/home/dayo/Desktop/scrap_ws/build/velodyne': CMAKE_PREFIX_PATH=/home/dayo/Desktop/scrap_ws/install/velodyne_pointcloud:/home/dayo/Desktop/scrap_ws/install/velodyne_driver:/home/dayo/Desktop/scrap_ws/install/velodyne_msgs:/home/dayo/Desktop/scrap_ws/install/velodyne_laserscan:/home/dayo/Desktop/scrap_ws/install/velodyne:/home/dayo/Desktop/scrap_ws/install/scrap_pkg:/home/dayo/Desktop/scrap_ws/install/usb_cam:/opt/ros/iron /usr/bin/cmake --build /home/dayo/Desktop/scrap_ws/build/velodyne -- -j2 -l2
[2.598s] DEBUG:colcon.colcon_core.event_handler.log_command:Invoked command in '/home/dayo/Desktop/scrap_ws/build/velodyne' returned '0': CMAKE_PREFIX_PATH=/home/dayo/Desktop/scrap_ws/install/velodyne_pointcloud:/home/dayo/Desktop/scrap_ws/install/velodyne_driver:/home/dayo/Desktop/scrap_ws/install/velodyne_msgs:/home/dayo/Desktop/scrap_ws/install/velodyne_laserscan:/home/dayo/Desktop/scrap_ws/install/velodyne:/home/dayo/Desktop/scrap_ws/install/scrap_pkg:/home/dayo/Desktop/scrap_ws/install/usb_cam:/opt/ros/iron /usr/bin/cmake --build /home/dayo/Desktop/scrap_ws/build/velodyne -- -j2 -l2
[2.621s] DEBUG:colcon.colcon_core.event_handler.log_command:Invoking command in '/home/dayo/Desktop/scrap_ws/build/velodyne': CMAKE_PREFIX_PATH=/home/dayo/Desktop/scrap_ws/install/velodyne_pointcloud:/home/dayo/Desktop/scrap_ws/install/velodyne_driver:/home/dayo/Desktop/scrap_ws/install/velodyne_msgs:/home/dayo/Desktop/scrap_ws/install/velodyne_laserscan:/home/dayo/Desktop/scrap_ws/install/velodyne:/home/dayo/Desktop/scrap_ws/install/scrap_pkg:/home/dayo/Desktop/scrap_ws/install/usb_cam:/opt/ros/iron /usr/bin/cmake --install /home/dayo/Desktop/scrap_ws/build/velodyne
[2.635s] Level 1:colcon.colcon_core.environment:create_environment_scripts_only(velodyne)
[2.637s] Level 1:colcon.colcon_core.environment:checking '/home/dayo/Desktop/scrap_ws/install/velodyne' for CMake module files
[2.638s] DEBUG:colcon.colcon_core.event_handler.log_command:Invoked command in '/home/dayo/Desktop/scrap_ws/build/velodyne' returned '0': CMAKE_PREFIX_PATH=/home/dayo/Desktop/scrap_ws/install/velodyne_pointcloud:/home/dayo/Desktop/scrap_ws/install/velodyne_driver:/home/dayo/Desktop/scrap_ws/install/velodyne_msgs:/home/dayo/Desktop/scrap_ws/install/velodyne_laserscan:/home/dayo/Desktop/scrap_ws/install/velodyne:/home/dayo/Desktop/scrap_ws/install/scrap_pkg:/home/dayo/Desktop/scrap_ws/install/usb_cam:/opt/ros/iron /usr/bin/cmake --install /home/dayo/Desktop/scrap_ws/build/velodyne
[2.638s] Level 1:colcon.colcon_core.environment:checking '/home/dayo/Desktop/scrap_ws/install/velodyne' for CMake config files
[2.638s] Level 1:colcon.colcon_core.shell:create_environment_hook('velodyne', 'cmake_prefix_path')
[2.639s] INFO:colcon.colcon_core.shell:Creating environment hook '/home/dayo/Desktop/scrap_ws/install/velodyne/share/velodyne/hook/cmake_prefix_path.ps1'
[2.641s] INFO:colcon.colcon_core.shell:Creating environment descriptor '/home/dayo/Desktop/scrap_ws/install/velodyne/share/velodyne/hook/cmake_prefix_path.dsv'
[2.641s] INFO:colcon.colcon_core.shell:Creating environment hook '/home/dayo/Desktop/scrap_ws/install/velodyne/share/velodyne/hook/cmake_prefix_path.sh'
[2.642s] Level 1:colcon.colcon_core.environment:checking '/home/dayo/Desktop/scrap_ws/install/velodyne/bin'
[2.642s] Level 1:colcon.colcon_core.environment:checking '/home/dayo/Desktop/scrap_ws/install/velodyne/lib/pkgconfig/velodyne.pc'
[2.642s] Level 1:colcon.colcon_core.environment:checking '/home/dayo/Desktop/scrap_ws/install/velodyne/lib/python3.10/site-packages'
[2.642s] Level 1:colcon.colcon_core.environment:checking '/home/dayo/Desktop/scrap_ws/install/velodyne/bin'
[2.643s] INFO:colcon.colcon_core.shell:Creating package script '/home/dayo/Desktop/scrap_ws/install/velodyne/share/velodyne/package.ps1'
[2.645s] INFO:colcon.colcon_core.shell:Creating package descriptor '/home/dayo/Desktop/scrap_ws/install/velodyne/share/velodyne/package.dsv'
[2.649s] INFO:colcon.colcon_core.shell:Creating package script '/home/dayo/Desktop/scrap_ws/install/velodyne/share/velodyne/package.sh'
[2.650s] INFO:colcon.colcon_core.shell:Creating package script '/home/dayo/Desktop/scrap_ws/install/velodyne/share/velodyne/package.bash'
[2.650s] INFO:colcon.colcon_core.shell:Creating package script '/home/dayo/Desktop/scrap_ws/install/velodyne/share/velodyne/package.zsh'
[2.650s] Level 1:colcon.colcon_core.environment:create_file_with_runtime_dependencies(/home/dayo/Desktop/scrap_ws/install/velodyne/share/colcon-core/packages/velodyne)
[2.682s] Level 1:colcon.colcon_core.environment:create_environment_scripts_only(velodyne)
[2.684s] Level 1:colcon.colcon_core.environment:checking '/home/dayo/Desktop/scrap_ws/install/velodyne' for CMake module files
[2.684s] Level 1:colcon.colcon_core.environment:checking '/home/dayo/Desktop/scrap_ws/install/velodyne' for CMake config files
[2.685s] Level 1:colcon.colcon_core.shell:create_environment_hook('velodyne', 'cmake_prefix_path')
[2.686s] INFO:colcon.colcon_core.shell:Creating environment hook '/home/dayo/Desktop/scrap_ws/install/velodyne/share/velodyne/hook/cmake_prefix_path.ps1'
[2.687s] INFO:colcon.colcon_core.shell:Creating environment descriptor '/home/dayo/Desktop/scrap_ws/install/velodyne/share/velodyne/hook/cmake_prefix_path.dsv'
[2.687s] INFO:colcon.colcon_core.shell:Creating environment hook '/home/dayo/Desktop/scrap_ws/install/velodyne/share/velodyne/hook/cmake_prefix_path.sh'
[2.688s] Level 1:colcon.colcon_core.environment:checking '/home/dayo/Desktop/scrap_ws/install/velodyne/bin'
[2.688s] Level 1:colcon.colcon_core.environment:checking '/home/dayo/Desktop/scrap_ws/install/velodyne/lib/pkgconfig/velodyne.pc'
[2.688s] Level 1:colcon.colcon_core.environment:checking '/home/dayo/Desktop/scrap_ws/install/velodyne/lib/python3.10/site-packages'
[2.688s] Level 1:colcon.colcon_core.environment:checking '/home/dayo/Desktop/scrap_ws/install/velodyne/bin'
[2.690s] INFO:colcon.colcon_core.shell:Creating package script '/home/dayo/Desktop/scrap_ws/install/velodyne/share/velodyne/package.ps1'
[2.691s] INFO:colcon.colcon_core.shell:Creating package descriptor '/home/dayo/Desktop/scrap_ws/install/velodyne/share/velodyne/package.dsv'
[2.692s] INFO:colcon.colcon_core.shell:Creating package script '/home/dayo/Desktop/scrap_ws/install/velodyne/share/velodyne/package.sh'
[2.692s] INFO:colcon.colcon_core.shell:Creating package script '/home/dayo/Desktop/scrap_ws/install/velodyne/share/velodyne/package.bash'
[2.692s] INFO:colcon.colcon_core.shell:Creating package script '/home/dayo/Desktop/scrap_ws/install/velodyne/share/velodyne/package.zsh'
[2.693s] Level 1:colcon.colcon_core.environment:create_file_with_runtime_dependencies(/home/dayo/Desktop/scrap_ws/install/velodyne/share/colcon-core/packages/velodyne)
[2.710s] DEBUG:colcon.colcon_parallel_executor.executor.parallel:closing loop
[2.710s] DEBUG:colcon.colcon_parallel_executor.executor.parallel:loop closed
[2.710s] DEBUG:colcon.colcon_parallel_executor.executor.parallel:run_until_complete finished with '0'
[2.710s] DEBUG:colcon.colcon_core.event_reactor:joining thread
[2.739s] INFO:colcon.colcon_core.plugin_system:Skipping extension 'colcon_notification.desktop_notification.terminal_notifier': Not used on non-Darwin systems
[2.739s] INFO:colcon.colcon_core.plugin_system:Skipping extension 'colcon_notification.desktop_notification.win32': Not used on non-Windows systems
[2.739s] INFO:colcon.colcon_notification.desktop_notification:Sending desktop notification using 'notify2'
[2.763s] DEBUG:colcon.colcon_core.event_reactor:joined thread
[2.765s] INFO:colcon.colcon_core.shell:Creating prefix script '/home/dayo/Desktop/scrap_ws/install/local_setup.ps1'
[2.766s] INFO:colcon.colcon_core.shell:Creating prefix util module '/home/dayo/Desktop/scrap_ws/install/_local_setup_util_ps1.py'
[2.767s] INFO:colcon.colcon_core.shell:Creating prefix chain script '/home/dayo/Desktop/scrap_ws/install/setup.ps1'
[2.769s] INFO:colcon.colcon_core.shell:Creating prefix script '/home/dayo/Desktop/scrap_ws/install/local_setup.sh'
[2.770s] INFO:colcon.colcon_core.shell:Creating prefix util module '/home/dayo/Desktop/scrap_ws/install/_local_setup_util_sh.py'
[2.770s] INFO:colcon.colcon_core.shell:Creating prefix chain script '/home/dayo/Desktop/scrap_ws/install/setup.sh'
[2.772s] INFO:colcon.colcon_core.shell:Creating prefix script '/home/dayo/Desktop/scrap_ws/install/local_setup.bash'
[2.773s] INFO:colcon.colcon_core.shell:Creating prefix chain script '/home/dayo/Desktop/scrap_ws/install/setup.bash'
[2.774s] INFO:colcon.colcon_core.shell:Creating prefix script '/home/dayo/Desktop/scrap_ws/install/local_setup.zsh'
[2.775s] INFO:colcon.colcon_core.shell:Creating prefix chain script '/home/dayo/Desktop/scrap_ws/install/setup.zsh'
