[16.551s] DEBUG:colcon:Command line arguments: ['/usr/bin/colcon', 'build', '--symlink-install']
[16.552s] DEBUG:colcon:Parsed command line arguments: Namespace(log_base=None, log_level=None, verb_name='build', build_base='build', install_base='install', merge_install=False, symlink_install=True, test_result_base=None, continue_on_error=False, executor='parallel', parallel_workers=4, event_handlers=None, ignore_user_meta=False, metas=['./colcon.meta'], base_paths=['.'], packages_ignore=None, packages_ignore_regex=None, paths=None, packages_up_to=None, packages_up_to_regex=None, packages_above=None, packages_above_and_dependencies=None, packages_above_depth=None, packages_select_by_dep=None, packages_skip_by_dep=None, packages_skip_up_to=None, packages_select_build_failed=False, packages_skip_build_finished=False, packages_select_test_failures=False, packages_skip_test_passed=False, packages_select=None, packages_skip=None, packages_select_regex=None, packages_skip_regex=None, packages_start=None, packages_end=None, allow_overriding=[], cmake_args=None, cmake_target=None, cmake_target_skip_unavailable=False, cmake_clean_cache=False, cmake_clean_first=False, cmake_force_configure=False, ament_cmake_args=None, catkin_cmake_args=None, catkin_skip_building_tests=False, verb_parser=<colcon_defaults.argument_parser.defaults.DefaultArgumentsDecorator object at 0xffff9497f490>, verb_extension=<colcon_core.verb.build.BuildVerb object at 0xffff9497c670>, main=<bound method BuildVerb.main of <colcon_core.verb.build.BuildVerb object at 0xffff9497c670>>)
[17.135s] Level 1:colcon.colcon_core.package_discovery:discover_packages(colcon_meta) check parameters
[17.136s] Level 1:colcon.colcon_core.package_discovery:discover_packages(recursive) check parameters
[17.136s] Level 1:colcon.colcon_core.package_discovery:discover_packages(ignore) check parameters
[17.136s] Level 1:colcon.colcon_core.package_discovery:discover_packages(path) check parameters
[17.136s] Level 1:colcon.colcon_core.package_discovery:discover_packages(colcon_meta) discover
[17.137s] Level 1:colcon.colcon_core.package_discovery:discover_packages(recursive) discover
[17.137s] INFO:colcon.colcon_core.package_discovery:Crawling recursively for packages in '/home/pi/Desktop/scrap_ws'
[17.138s] Level 1:colcon.colcon_core.package_identification:_identify(.) by extensions ['ignore', 'ignore_ament_install']
[17.138s] Level 1:colcon.colcon_core.package_identification:_identify(.) by extension 'ignore'
[17.139s] Level 1:colcon.colcon_core.package_identification:_identify(.) by extension 'ignore_ament_install'
[17.139s] Level 1:colcon.colcon_core.package_identification:_identify(.) by extensions ['colcon_pkg']
[17.139s] Level 1:colcon.colcon_core.package_identification:_identify(.) by extension 'colcon_pkg'
[17.140s] Level 1:colcon.colcon_core.package_identification:_identify(.) by extensions ['colcon_meta']
[17.140s] Level 1:colcon.colcon_core.package_identification:_identify(.) by extension 'colcon_meta'
[17.140s] Level 1:colcon.colcon_core.package_identification:_identify(.) by extensions ['ros']
[17.141s] Level 1:colcon.colcon_core.package_identification:_identify(.) by extension 'ros'
[17.245s] Level 1:colcon.colcon_core.package_identification:_identify(.) by extensions ['cmake', 'python']
[17.246s] Level 1:colcon.colcon_core.package_identification:_identify(.) by extension 'cmake'
[17.246s] Level 1:colcon.colcon_core.package_identification:_identify(.) by extension 'python'
[17.246s] Level 1:colcon.colcon_core.package_identification:_identify(.) by extensions ['python_setup_py']
[17.247s] Level 1:colcon.colcon_core.package_identification:_identify(.) by extension 'python_setup_py'
[17.247s] Level 1:colcon.colcon_core.package_identification:_identify(build) by extensions ['ignore', 'ignore_ament_install']
[17.248s] Level 1:colcon.colcon_core.package_identification:_identify(build) by extension 'ignore'
[17.248s] Level 1:colcon.colcon_core.package_identification:_identify(build) ignored
[17.249s] Level 1:colcon.colcon_core.package_identification:_identify(install) by extensions ['ignore', 'ignore_ament_install']
[17.250s] Level 1:colcon.colcon_core.package_identification:_identify(install) by extension 'ignore'
[17.250s] Level 1:colcon.colcon_core.package_identification:_identify(install) ignored
[17.251s] Level 1:colcon.colcon_core.package_identification:_identify(log) by extensions ['ignore', 'ignore_ament_install']
[17.251s] Level 1:colcon.colcon_core.package_identification:_identify(log) by extension 'ignore'
[17.251s] Level 1:colcon.colcon_core.package_identification:_identify(log) ignored
[17.254s] Level 1:colcon.colcon_core.package_identification:_identify(src) by extensions ['ignore', 'ignore_ament_install']
[17.254s] Level 1:colcon.colcon_core.package_identification:_identify(src) by extension 'ignore'
[17.255s] Level 1:colcon.colcon_core.package_identification:_identify(src) by extension 'ignore_ament_install'
[17.255s] Level 1:colcon.colcon_core.package_identification:_identify(src) by extensions ['colcon_pkg']
[17.255s] Level 1:colcon.colcon_core.package_identification:_identify(src) by extension 'colcon_pkg'
[17.256s] Level 1:colcon.colcon_core.package_identification:_identify(src) by extensions ['colcon_meta']
[17.256s] Level 1:colcon.colcon_core.package_identification:_identify(src) by extension 'colcon_meta'
[17.256s] Level 1:colcon.colcon_core.package_identification:_identify(src) by extensions ['ros']
[17.256s] Level 1:colcon.colcon_core.package_identification:_identify(src) by extension 'ros'
[17.257s] Level 1:colcon.colcon_core.package_identification:_identify(src) by extensions ['cmake', 'python']
[17.257s] Level 1:colcon.colcon_core.package_identification:_identify(src) by extension 'cmake'
[17.257s] Level 1:colcon.colcon_core.package_identification:_identify(src) by extension 'python'
[17.258s] Level 1:colcon.colcon_core.package_identification:_identify(src) by extensions ['python_setup_py']
[17.258s] Level 1:colcon.colcon_core.package_identification:_identify(src) by extension 'python_setup_py'
[17.261s] Level 1:colcon.colcon_core.package_identification:_identify(src/diff_drive_HWInterface) by extensions ['ignore', 'ignore_ament_install']
[17.261s] Level 1:colcon.colcon_core.package_identification:_identify(src/diff_drive_HWInterface) by extension 'ignore'
[17.262s] Level 1:colcon.colcon_core.package_identification:_identify(src/diff_drive_HWInterface) by extension 'ignore_ament_install'
[17.262s] Level 1:colcon.colcon_core.package_identification:_identify(src/diff_drive_HWInterface) by extensions ['colcon_pkg']
[17.262s] Level 1:colcon.colcon_core.package_identification:_identify(src/diff_drive_HWInterface) by extension 'colcon_pkg'
[17.263s] Level 1:colcon.colcon_core.package_identification:_identify(src/diff_drive_HWInterface) by extensions ['colcon_meta']
[17.263s] Level 1:colcon.colcon_core.package_identification:_identify(src/diff_drive_HWInterface) by extension 'colcon_meta'
[17.263s] Level 1:colcon.colcon_core.package_identification:_identify(src/diff_drive_HWInterface) by extensions ['ros']
[17.263s] Level 1:colcon.colcon_core.package_identification:_identify(src/diff_drive_HWInterface) by extension 'ros'
[17.285s] DEBUG:colcon.colcon_core.package_identification:Package 'src/diff_drive_HWInterface' with type 'ros.ament_cmake' and name 'diffdrive_arduino'
[17.288s] Level 1:colcon.colcon_core.package_identification:_identify(src/scrap_pkg) by extensions ['ignore', 'ignore_ament_install']
[17.289s] Level 1:colcon.colcon_core.package_identification:_identify(src/scrap_pkg) by extension 'ignore'
[17.289s] Level 1:colcon.colcon_core.package_identification:_identify(src/scrap_pkg) by extension 'ignore_ament_install'
[17.290s] Level 1:colcon.colcon_core.package_identification:_identify(src/scrap_pkg) by extensions ['colcon_pkg']
[17.290s] Level 1:colcon.colcon_core.package_identification:_identify(src/scrap_pkg) by extension 'colcon_pkg'
[17.290s] Level 1:colcon.colcon_core.package_identification:_identify(src/scrap_pkg) by extensions ['colcon_meta']
[17.290s] Level 1:colcon.colcon_core.package_identification:_identify(src/scrap_pkg) by extension 'colcon_meta'
[17.291s] Level 1:colcon.colcon_core.package_identification:_identify(src/scrap_pkg) by extensions ['ros']
[17.291s] Level 1:colcon.colcon_core.package_identification:_identify(src/scrap_pkg) by extension 'ros'
[17.295s] DEBUG:colcon.colcon_core.package_identification:Package 'src/scrap_pkg' with type 'ros.ament_python' and name 'scrap_pkg'
[17.298s] Level 1:colcon.colcon_core.package_identification:_identify(src/usb_cam) by extensions ['ignore', 'ignore_ament_install']
[17.298s] Level 1:colcon.colcon_core.package_identification:_identify(src/usb_cam) by extension 'ignore'
[17.299s] Level 1:colcon.colcon_core.package_identification:_identify(src/usb_cam) by extension 'ignore_ament_install'
[17.299s] Level 1:colcon.colcon_core.package_identification:_identify(src/usb_cam) by extensions ['colcon_pkg']
[17.299s] Level 1:colcon.colcon_core.package_identification:_identify(src/usb_cam) by extension 'colcon_pkg'
[17.300s] Level 1:colcon.colcon_core.package_identification:_identify(src/usb_cam) by extensions ['colcon_meta']
[17.300s] Level 1:colcon.colcon_core.package_identification:_identify(src/usb_cam) by extension 'colcon_meta'
[17.300s] Level 1:colcon.colcon_core.package_identification:_identify(src/usb_cam) by extensions ['ros']
[17.300s] Level 1:colcon.colcon_core.package_identification:_identify(src/usb_cam) by extension 'ros'
[17.301s] Level 1:colcon.colcon_core.package_identification:_identify(src/usb_cam) by extensions ['cmake', 'python']
[17.301s] Level 1:colcon.colcon_core.package_identification:_identify(src/usb_cam) by extension 'cmake'
[17.302s] Level 1:colcon.colcon_core.package_identification:_identify(src/usb_cam) by extension 'python'
[17.302s] Level 1:colcon.colcon_core.package_identification:_identify(src/usb_cam) by extensions ['python_setup_py']
[17.302s] Level 1:colcon.colcon_core.package_identification:_identify(src/usb_cam) by extension 'python_setup_py'
[17.304s] Level 1:colcon.colcon_core.package_identification:_identify(src/velodyne) by extensions ['ignore', 'ignore_ament_install']
[17.305s] Level 1:colcon.colcon_core.package_identification:_identify(src/velodyne) by extension 'ignore'
[17.305s] Level 1:colcon.colcon_core.package_identification:_identify(src/velodyne) by extension 'ignore_ament_install'
[17.306s] Level 1:colcon.colcon_core.package_identification:_identify(src/velodyne) by extensions ['colcon_pkg']
[17.306s] Level 1:colcon.colcon_core.package_identification:_identify(src/velodyne) by extension 'colcon_pkg'
[17.306s] Level 1:colcon.colcon_core.package_identification:_identify(src/velodyne) by extensions ['colcon_meta']
[17.307s] Level 1:colcon.colcon_core.package_identification:_identify(src/velodyne) by extension 'colcon_meta'
[17.307s] Level 1:colcon.colcon_core.package_identification:_identify(src/velodyne) by extensions ['ros']
[17.307s] Level 1:colcon.colcon_core.package_identification:_identify(src/velodyne) by extension 'ros'
[17.308s] Level 1:colcon.colcon_core.package_identification:_identify(src/velodyne) by extensions ['cmake', 'python']
[17.308s] Level 1:colcon.colcon_core.package_identification:_identify(src/velodyne) by extension 'cmake'
[17.308s] Level 1:colcon.colcon_core.package_identification:_identify(src/velodyne) by extension 'python'
[17.308s] Level 1:colcon.colcon_core.package_identification:_identify(src/velodyne) by extensions ['python_setup_py']
[17.309s] Level 1:colcon.colcon_core.package_identification:_identify(src/velodyne) by extension 'python_setup_py'
[17.311s] Level 1:colcon.colcon_core.package_identification:_identify(src/velodyne/velodyne) by extensions ['ignore', 'ignore_ament_install']
[17.311s] Level 1:colcon.colcon_core.package_identification:_identify(src/velodyne/velodyne) by extension 'ignore'
[17.312s] Level 1:colcon.colcon_core.package_identification:_identify(src/velodyne/velodyne) by extension 'ignore_ament_install'
[17.312s] Level 1:colcon.colcon_core.package_identification:_identify(src/velodyne/velodyne) by extensions ['colcon_pkg']
[17.312s] Level 1:colcon.colcon_core.package_identification:_identify(src/velodyne/velodyne) by extension 'colcon_pkg'
[17.313s] Level 1:colcon.colcon_core.package_identification:_identify(src/velodyne/velodyne) by extensions ['colcon_meta']
[17.313s] Level 1:colcon.colcon_core.package_identification:_identify(src/velodyne/velodyne) by extension 'colcon_meta'
[17.313s] Level 1:colcon.colcon_core.package_identification:_identify(src/velodyne/velodyne) by extensions ['ros']
[17.313s] Level 1:colcon.colcon_core.package_identification:_identify(src/velodyne/velodyne) by extension 'ros'
[17.318s] DEBUG:colcon.colcon_core.package_identification:Package 'src/velodyne/velodyne' with type 'ros.ament_cmake' and name 'velodyne'
[17.321s] Level 1:colcon.colcon_core.package_identification:_identify(src/velodyne/velodyne_driver) by extensions ['ignore', 'ignore_ament_install']
[17.321s] Level 1:colcon.colcon_core.package_identification:_identify(src/velodyne/velodyne_driver) by extension 'ignore'
[17.322s] Level 1:colcon.colcon_core.package_identification:_identify(src/velodyne/velodyne_driver) by extension 'ignore_ament_install'
[17.322s] Level 1:colcon.colcon_core.package_identification:_identify(src/velodyne/velodyne_driver) by extensions ['colcon_pkg']
[17.323s] Level 1:colcon.colcon_core.package_identification:_identify(src/velodyne/velodyne_driver) by extension 'colcon_pkg'
[17.323s] Level 1:colcon.colcon_core.package_identification:_identify(src/velodyne/velodyne_driver) by extensions ['colcon_meta']
[17.323s] Level 1:colcon.colcon_core.package_identification:_identify(src/velodyne/velodyne_driver) by extension 'colcon_meta'
[17.323s] Level 1:colcon.colcon_core.package_identification:_identify(src/velodyne/velodyne_driver) by extensions ['ros']
[17.324s] Level 1:colcon.colcon_core.package_identification:_identify(src/velodyne/velodyne_driver) by extension 'ros'
[17.331s] DEBUG:colcon.colcon_core.package_identification:Package 'src/velodyne/velodyne_driver' with type 'ros.ament_cmake' and name 'velodyne_driver'
[17.334s] Level 1:colcon.colcon_core.package_identification:_identify(src/velodyne/velodyne_laserscan) by extensions ['ignore', 'ignore_ament_install']
[17.335s] Level 1:colcon.colcon_core.package_identification:_identify(src/velodyne/velodyne_laserscan) by extension 'ignore'
[17.335s] Level 1:colcon.colcon_core.package_identification:_identify(src/velodyne/velodyne_laserscan) by extension 'ignore_ament_install'
[17.336s] Level 1:colcon.colcon_core.package_identification:_identify(src/velodyne/velodyne_laserscan) by extensions ['colcon_pkg']
[17.336s] Level 1:colcon.colcon_core.package_identification:_identify(src/velodyne/velodyne_laserscan) by extension 'colcon_pkg'
[17.336s] Level 1:colcon.colcon_core.package_identification:_identify(src/velodyne/velodyne_laserscan) by extensions ['colcon_meta']
[17.336s] Level 1:colcon.colcon_core.package_identification:_identify(src/velodyne/velodyne_laserscan) by extension 'colcon_meta'
[17.337s] Level 1:colcon.colcon_core.package_identification:_identify(src/velodyne/velodyne_laserscan) by extensions ['ros']
[17.337s] Level 1:colcon.colcon_core.package_identification:_identify(src/velodyne/velodyne_laserscan) by extension 'ros'
[17.342s] DEBUG:colcon.colcon_core.package_identification:Package 'src/velodyne/velodyne_laserscan' with type 'ros.ament_cmake' and name 'velodyne_laserscan'
[17.345s] Level 1:colcon.colcon_core.package_identification:_identify(src/velodyne/velodyne_msgs) by extensions ['ignore', 'ignore_ament_install']
[17.346s] Level 1:colcon.colcon_core.package_identification:_identify(src/velodyne/velodyne_msgs) by extension 'ignore'
[17.346s] Level 1:colcon.colcon_core.package_identification:_identify(src/velodyne/velodyne_msgs) by extension 'ignore_ament_install'
[17.347s] Level 1:colcon.colcon_core.package_identification:_identify(src/velodyne/velodyne_msgs) by extensions ['colcon_pkg']
[17.347s] Level 1:colcon.colcon_core.package_identification:_identify(src/velodyne/velodyne_msgs) by extension 'colcon_pkg'
[17.347s] Level 1:colcon.colcon_core.package_identification:_identify(src/velodyne/velodyne_msgs) by extensions ['colcon_meta']
[17.347s] Level 1:colcon.colcon_core.package_identification:_identify(src/velodyne/velodyne_msgs) by extension 'colcon_meta'
[17.348s] Level 1:colcon.colcon_core.package_identification:_identify(src/velodyne/velodyne_msgs) by extensions ['ros']
[17.348s] Level 1:colcon.colcon_core.package_identification:_identify(src/velodyne/velodyne_msgs) by extension 'ros'
[17.353s] DEBUG:colcon.colcon_core.package_identification:Package 'src/velodyne/velodyne_msgs' with type 'ros.ament_cmake' and name 'velodyne_msgs'
[17.356s] Level 1:colcon.colcon_core.package_identification:_identify(src/velodyne/velodyne_pointcloud) by extensions ['ignore', 'ignore_ament_install']
[17.357s] Level 1:colcon.colcon_core.package_identification:_identify(src/velodyne/velodyne_pointcloud) by extension 'ignore'
[17.357s] Level 1:colcon.colcon_core.package_identification:_identify(src/velodyne/velodyne_pointcloud) by extension 'ignore_ament_install'
[17.357s] Level 1:colcon.colcon_core.package_identification:_identify(src/velodyne/velodyne_pointcloud) by extensions ['colcon_pkg']
[17.358s] Level 1:colcon.colcon_core.package_identification:_identify(src/velodyne/velodyne_pointcloud) by extension 'colcon_pkg'
[17.358s] Level 1:colcon.colcon_core.package_identification:_identify(src/velodyne/velodyne_pointcloud) by extensions ['colcon_meta']
[17.358s] Level 1:colcon.colcon_core.package_identification:_identify(src/velodyne/velodyne_pointcloud) by extension 'colcon_meta'
[17.359s] Level 1:colcon.colcon_core.package_identification:_identify(src/velodyne/velodyne_pointcloud) by extensions ['ros']
[17.359s] Level 1:colcon.colcon_core.package_identification:_identify(src/velodyne/velodyne_pointcloud) by extension 'ros'
[17.368s] DEBUG:colcon.colcon_core.package_identification:Package 'src/velodyne/velodyne_pointcloud' with type 'ros.ament_cmake' and name 'velodyne_pointcloud'
[17.368s] Level 1:colcon.colcon_core.package_discovery:discover_packages(recursive) using defaults
[17.368s] Level 1:colcon.colcon_core.package_discovery:discover_packages(ignore) discover
[17.369s] Level 1:colcon.colcon_core.package_discovery:discover_packages(ignore) using defaults
[17.369s] Level 1:colcon.colcon_core.package_discovery:discover_packages(path) discover
[17.369s] Level 1:colcon.colcon_core.package_discovery:discover_packages(path) using defaults
[18.227s] Level 1:colcon.colcon_core.package_discovery:discover_packages(prefix_path) check parameters
[18.227s] Level 1:colcon.colcon_core.package_discovery:discover_packages(prefix_path) discover
[18.480s] DEBUG:colcon.colcon_installed_package_information.package_discovery:Found 369 installed packages in /opt/ros/humble
[18.490s] Level 1:colcon.colcon_core.package_discovery:discover_packages(prefix_path) using defaults
[19.271s] Level 5:colcon.colcon_core.verb:set package 'diffdrive_arduino' build argument 'cmake_args' from command line to 'None'
[19.271s] Level 5:colcon.colcon_core.verb:set package 'diffdrive_arduino' build argument 'cmake_target' from command line to 'None'
[19.271s] Level 5:colcon.colcon_core.verb:set package 'diffdrive_arduino' build argument 'cmake_target_skip_unavailable' from command line to 'False'
[19.271s] Level 5:colcon.colcon_core.verb:set package 'diffdrive_arduino' build argument 'cmake_clean_cache' from command line to 'False'
[19.271s] Level 5:colcon.colcon_core.verb:set package 'diffdrive_arduino' build argument 'cmake_clean_first' from command line to 'False'
[19.272s] Level 5:colcon.colcon_core.verb:set package 'diffdrive_arduino' build argument 'cmake_force_configure' from command line to 'False'
[19.272s] Level 5:colcon.colcon_core.verb:set package 'diffdrive_arduino' build argument 'ament_cmake_args' from command line to 'None'
[19.272s] Level 5:colcon.colcon_core.verb:set package 'diffdrive_arduino' build argument 'catkin_cmake_args' from command line to 'None'
[19.272s] Level 5:colcon.colcon_core.verb:set package 'diffdrive_arduino' build argument 'catkin_skip_building_tests' from command line to 'False'
[19.272s] DEBUG:colcon.colcon_core.verb:Building package 'diffdrive_arduino' with the following arguments: {'ament_cmake_args': None, 'build_base': '/home/pi/Desktop/scrap_ws/build/diffdrive_arduino', 'catkin_cmake_args': None, 'catkin_skip_building_tests': False, 'cmake_args': None, 'cmake_clean_cache': False, 'cmake_clean_first': False, 'cmake_force_configure': False, 'cmake_target': None, 'cmake_target_skip_unavailable': False, 'install_base': '/home/pi/Desktop/scrap_ws/install/diffdrive_arduino', 'merge_install': False, 'path': '/home/pi/Desktop/scrap_ws/src/diff_drive_HWInterface', 'symlink_install': True, 'test_result_base': None}
[19.367s] Level 5:colcon.colcon_core.verb:set package 'scrap_pkg' build argument 'cmake_args' from command line to 'None'
[19.368s] Level 5:colcon.colcon_core.verb:set package 'scrap_pkg' build argument 'cmake_target' from command line to 'None'
[19.368s] Level 5:colcon.colcon_core.verb:set package 'scrap_pkg' build argument 'cmake_target_skip_unavailable' from command line to 'False'
[19.368s] Level 5:colcon.colcon_core.verb:set package 'scrap_pkg' build argument 'cmake_clean_cache' from command line to 'False'
[19.368s] Level 5:colcon.colcon_core.verb:set package 'scrap_pkg' build argument 'cmake_clean_first' from command line to 'False'
[19.368s] Level 5:colcon.colcon_core.verb:set package 'scrap_pkg' build argument 'cmake_force_configure' from command line to 'False'
[19.368s] Level 5:colcon.colcon_core.verb:set package 'scrap_pkg' build argument 'ament_cmake_args' from command line to 'None'
[19.368s] Level 5:colcon.colcon_core.verb:set package 'scrap_pkg' build argument 'catkin_cmake_args' from command line to 'None'
[19.369s] Level 5:colcon.colcon_core.verb:set package 'scrap_pkg' build argument 'catkin_skip_building_tests' from command line to 'False'
[19.369s] DEBUG:colcon.colcon_core.verb:Building package 'scrap_pkg' with the following arguments: {'ament_cmake_args': None, 'build_base': '/home/pi/Desktop/scrap_ws/build/scrap_pkg', 'catkin_cmake_args': None, 'catkin_skip_building_tests': False, 'cmake_args': None, 'cmake_clean_cache': False, 'cmake_clean_first': False, 'cmake_force_configure': False, 'cmake_target': None, 'cmake_target_skip_unavailable': False, 'install_base': '/home/pi/Desktop/scrap_ws/install/scrap_pkg', 'merge_install': False, 'path': '/home/pi/Desktop/scrap_ws/src/scrap_pkg', 'symlink_install': True, 'test_result_base': None}
[19.492s] Level 5:colcon.colcon_core.verb:set package 'velodyne_laserscan' build argument 'cmake_args' from command line to 'None'
[19.493s] Level 5:colcon.colcon_core.verb:set package 'velodyne_laserscan' build argument 'cmake_target' from command line to 'None'
[19.493s] Level 5:colcon.colcon_core.verb:set package 'velodyne_laserscan' build argument 'cmake_target_skip_unavailable' from command line to 'False'
[19.493s] Level 5:colcon.colcon_core.verb:set package 'velodyne_laserscan' build argument 'cmake_clean_cache' from command line to 'False'
[19.493s] Level 5:colcon.colcon_core.verb:set package 'velodyne_laserscan' build argument 'cmake_clean_first' from command line to 'False'
[19.494s] Level 5:colcon.colcon_core.verb:set package 'velodyne_laserscan' build argument 'cmake_force_configure' from command line to 'False'
[19.494s] Level 5:colcon.colcon_core.verb:set package 'velodyne_laserscan' build argument 'ament_cmake_args' from command line to 'None'
[19.494s] Level 5:colcon.colcon_core.verb:set package 'velodyne_laserscan' build argument 'catkin_cmake_args' from command line to 'None'
[19.494s] Level 5:colcon.colcon_core.verb:set package 'velodyne_laserscan' build argument 'catkin_skip_building_tests' from command line to 'False'
[19.494s] DEBUG:colcon.colcon_core.verb:Building package 'velodyne_laserscan' with the following arguments: {'ament_cmake_args': None, 'build_base': '/home/pi/Desktop/scrap_ws/build/velodyne_laserscan', 'catkin_cmake_args': None, 'catkin_skip_building_tests': False, 'cmake_args': None, 'cmake_clean_cache': False, 'cmake_clean_first': False, 'cmake_force_configure': False, 'cmake_target': None, 'cmake_target_skip_unavailable': False, 'install_base': '/home/pi/Desktop/scrap_ws/install/velodyne_laserscan', 'merge_install': False, 'path': '/home/pi/Desktop/scrap_ws/src/velodyne/velodyne_laserscan', 'symlink_install': True, 'test_result_base': None}
[19.635s] Level 5:colcon.colcon_core.verb:set package 'velodyne_msgs' build argument 'cmake_args' from command line to 'None'
[19.636s] Level 5:colcon.colcon_core.verb:set package 'velodyne_msgs' build argument 'cmake_target' from command line to 'None'
[19.636s] Level 5:colcon.colcon_core.verb:set package 'velodyne_msgs' build argument 'cmake_target_skip_unavailable' from command line to 'False'
[19.636s] Level 5:colcon.colcon_core.verb:set package 'velodyne_msgs' build argument 'cmake_clean_cache' from command line to 'False'
[19.636s] Level 5:colcon.colcon_core.verb:set package 'velodyne_msgs' build argument 'cmake_clean_first' from command line to 'False'
[19.637s] Level 5:colcon.colcon_core.verb:set package 'velodyne_msgs' build argument 'cmake_force_configure' from command line to 'False'
[19.637s] Level 5:colcon.colcon_core.verb:set package 'velodyne_msgs' build argument 'ament_cmake_args' from command line to 'None'
[19.637s] Level 5:colcon.colcon_core.verb:set package 'velodyne_msgs' build argument 'catkin_cmake_args' from command line to 'None'
[19.637s] Level 5:colcon.colcon_core.verb:set package 'velodyne_msgs' build argument 'catkin_skip_building_tests' from command line to 'False'
[19.638s] DEBUG:colcon.colcon_core.verb:Building package 'velodyne_msgs' with the following arguments: {'ament_cmake_args': None, 'build_base': '/home/pi/Desktop/scrap_ws/build/velodyne_msgs', 'catkin_cmake_args': None, 'catkin_skip_building_tests': False, 'cmake_args': None, 'cmake_clean_cache': False, 'cmake_clean_first': False, 'cmake_force_configure': False, 'cmake_target': None, 'cmake_target_skip_unavailable': False, 'install_base': '/home/pi/Desktop/scrap_ws/install/velodyne_msgs', 'merge_install': False, 'path': '/home/pi/Desktop/scrap_ws/src/velodyne/velodyne_msgs', 'symlink_install': True, 'test_result_base': None}
[19.779s] Level 5:colcon.colcon_core.verb:set package 'velodyne_driver' build argument 'cmake_args' from command line to 'None'
[19.779s] Level 5:colcon.colcon_core.verb:set package 'velodyne_driver' build argument 'cmake_target' from command line to 'None'
[19.779s] Level 5:colcon.colcon_core.verb:set package 'velodyne_driver' build argument 'cmake_target_skip_unavailable' from command line to 'False'
[19.779s] Level 5:colcon.colcon_core.verb:set package 'velodyne_driver' build argument 'cmake_clean_cache' from command line to 'False'
[19.780s] Level 5:colcon.colcon_core.verb:set package 'velodyne_driver' build argument 'cmake_clean_first' from command line to 'False'
[19.780s] Level 5:colcon.colcon_core.verb:set package 'velodyne_driver' build argument 'cmake_force_configure' from command line to 'False'
[19.780s] Level 5:colcon.colcon_core.verb:set package 'velodyne_driver' build argument 'ament_cmake_args' from command line to 'None'
[19.780s] Level 5:colcon.colcon_core.verb:set package 'velodyne_driver' build argument 'catkin_cmake_args' from command line to 'None'
[19.781s] Level 5:colcon.colcon_core.verb:set package 'velodyne_driver' build argument 'catkin_skip_building_tests' from command line to 'False'
[19.781s] DEBUG:colcon.colcon_core.verb:Building package 'velodyne_driver' with the following arguments: {'ament_cmake_args': None, 'build_base': '/home/pi/Desktop/scrap_ws/build/velodyne_driver', 'catkin_cmake_args': None, 'catkin_skip_building_tests': False, 'cmake_args': None, 'cmake_clean_cache': False, 'cmake_clean_first': False, 'cmake_force_configure': False, 'cmake_target': None, 'cmake_target_skip_unavailable': False, 'install_base': '/home/pi/Desktop/scrap_ws/install/velodyne_driver', 'merge_install': False, 'path': '/home/pi/Desktop/scrap_ws/src/velodyne/velodyne_driver', 'symlink_install': True, 'test_result_base': None}
[19.929s] Level 5:colcon.colcon_core.verb:set package 'velodyne_pointcloud' build argument 'cmake_args' from command line to 'None'
[19.929s] Level 5:colcon.colcon_core.verb:set package 'velodyne_pointcloud' build argument 'cmake_target' from command line to 'None'
[19.929s] Level 5:colcon.colcon_core.verb:set package 'velodyne_pointcloud' build argument 'cmake_target_skip_unavailable' from command line to 'False'
[19.930s] Level 5:colcon.colcon_core.verb:set package 'velodyne_pointcloud' build argument 'cmake_clean_cache' from command line to 'False'
[19.930s] Level 5:colcon.colcon_core.verb:set package 'velodyne_pointcloud' build argument 'cmake_clean_first' from command line to 'False'
[19.930s] Level 5:colcon.colcon_core.verb:set package 'velodyne_pointcloud' build argument 'cmake_force_configure' from command line to 'False'
[19.930s] Level 5:colcon.colcon_core.verb:set package 'velodyne_pointcloud' build argument 'ament_cmake_args' from command line to 'None'
[19.931s] Level 5:colcon.colcon_core.verb:set package 'velodyne_pointcloud' build argument 'catkin_cmake_args' from command line to 'None'
[19.931s] Level 5:colcon.colcon_core.verb:set package 'velodyne_pointcloud' build argument 'catkin_skip_building_tests' from command line to 'False'
[19.931s] DEBUG:colcon.colcon_core.verb:Building package 'velodyne_pointcloud' with the following arguments: {'ament_cmake_args': None, 'build_base': '/home/pi/Desktop/scrap_ws/build/velodyne_pointcloud', 'catkin_cmake_args': None, 'catkin_skip_building_tests': False, 'cmake_args': None, 'cmake_clean_cache': False, 'cmake_clean_first': False, 'cmake_force_configure': False, 'cmake_target': None, 'cmake_target_skip_unavailable': False, 'install_base': '/home/pi/Desktop/scrap_ws/install/velodyne_pointcloud', 'merge_install': False, 'path': '/home/pi/Desktop/scrap_ws/src/velodyne/velodyne_pointcloud', 'symlink_install': True, 'test_result_base': None}
[20.076s] Level 5:colcon.colcon_core.verb:set package 'velodyne' build argument 'cmake_args' from command line to 'None'
[20.077s] Level 5:colcon.colcon_core.verb:set package 'velodyne' build argument 'cmake_target' from command line to 'None'
[20.077s] Level 5:colcon.colcon_core.verb:set package 'velodyne' build argument 'cmake_target_skip_unavailable' from command line to 'False'
[20.077s] Level 5:colcon.colcon_core.verb:set package 'velodyne' build argument 'cmake_clean_cache' from command line to 'False'
[20.078s] Level 5:colcon.colcon_core.verb:set package 'velodyne' build argument 'cmake_clean_first' from command line to 'False'
[20.078s] Level 5:colcon.colcon_core.verb:set package 'velodyne' build argument 'cmake_force_configure' from command line to 'False'
[20.078s] Level 5:colcon.colcon_core.verb:set package 'velodyne' build argument 'ament_cmake_args' from command line to 'None'
[20.078s] Level 5:colcon.colcon_core.verb:set package 'velodyne' build argument 'catkin_cmake_args' from command line to 'None'
[20.078s] Level 5:colcon.colcon_core.verb:set package 'velodyne' build argument 'catkin_skip_building_tests' from command line to 'False'
[20.079s] DEBUG:colcon.colcon_core.verb:Building package 'velodyne' with the following arguments: {'ament_cmake_args': None, 'build_base': '/home/pi/Desktop/scrap_ws/build/velodyne', 'catkin_cmake_args': None, 'catkin_skip_building_tests': False, 'cmake_args': None, 'cmake_clean_cache': False, 'cmake_clean_first': False, 'cmake_force_configure': False, 'cmake_target': None, 'cmake_target_skip_unavailable': False, 'install_base': '/home/pi/Desktop/scrap_ws/install/velodyne', 'merge_install': False, 'path': '/home/pi/Desktop/scrap_ws/src/velodyne/velodyne', 'symlink_install': True, 'test_result_base': None}
[20.188s] INFO:colcon.colcon_core.executor:Executing jobs using 'parallel' executor
[20.288s] DEBUG:colcon.colcon_parallel_executor.executor.parallel:run_until_complete
[20.289s] INFO:colcon.colcon_ros.task.ament_cmake.build:Building ROS package in '/home/pi/Desktop/scrap_ws/src/velodyne/velodyne_msgs' with build type 'ament_cmake'
[20.290s] INFO:colcon.colcon_cmake.task.cmake.build:Building CMake package in '/home/pi/Desktop/scrap_ws/src/velodyne/velodyne_msgs'
[20.451s] INFO:colcon.colcon_core.plugin_system:Skipping extension 'colcon_core.shell.bat': Not used on non-Windows systems
[20.452s] INFO:colcon.colcon_core.shell:Skip shell extension 'powershell' for command environment: Not usable outside of PowerShell
[20.453s] DEBUG:colcon.colcon_core.shell:Skip shell extension 'dsv' for command environment
[20.787s] INFO:colcon.colcon_ros.task.ament_cmake.build:Building ROS package in '/home/pi/Desktop/scrap_ws/src/velodyne/velodyne_laserscan' with build type 'ament_cmake'
[20.790s] INFO:colcon.colcon_cmake.task.cmake.build:Building CMake package in '/home/pi/Desktop/scrap_ws/src/velodyne/velodyne_laserscan'
[21.040s] INFO:colcon.colcon_core.shell:Skip shell extension 'powershell' for command environment: Not usable outside of PowerShell
[21.040s] DEBUG:colcon.colcon_core.shell:Skip shell extension 'dsv' for command environment
[21.434s] INFO:colcon.colcon_ros.task.ament_cmake.build:Building ROS package in '/home/pi/Desktop/scrap_ws/src/diff_drive_HWInterface' with build type 'ament_cmake'
[21.435s] INFO:colcon.colcon_cmake.task.cmake.build:Building CMake package in '/home/pi/Desktop/scrap_ws/src/diff_drive_HWInterface'
[21.535s] INFO:colcon.colcon_core.shell:Skip shell extension 'powershell' for command environment: Not usable outside of PowerShell
[21.535s] DEBUG:colcon.colcon_core.shell:Skip shell extension 'dsv' for command environment
[21.748s] INFO:colcon.colcon_ros.task.ament_python.build:Building ROS package in '/home/pi/Desktop/scrap_ws/src/scrap_pkg' with build type 'ament_python'
[21.749s] Level 1:colcon.colcon_core.shell:create_environment_hook('scrap_pkg', 'ament_prefix_path')
[21.850s] INFO:colcon.colcon_core.shell:Creating environment hook '/home/pi/Desktop/scrap_ws/install/scrap_pkg/share/scrap_pkg/hook/ament_prefix_path.ps1'
[21.857s] INFO:colcon.colcon_core.shell:Creating environment descriptor '/home/pi/Desktop/scrap_ws/install/scrap_pkg/share/scrap_pkg/hook/ament_prefix_path.dsv'
[21.879s] INFO:colcon.colcon_core.shell:Creating environment hook '/home/pi/Desktop/scrap_ws/install/scrap_pkg/share/scrap_pkg/hook/ament_prefix_path.sh'
[21.979s] INFO:colcon.colcon_core.shell:Skip shell extension 'powershell' for command environment: Not usable outside of PowerShell
[21.980s] DEBUG:colcon.colcon_core.shell:Skip shell extension 'dsv' for command environment
[22.205s] DEBUG:colcon.colcon_core.event_handler.log_command:Invoking command in '/home/pi/Desktop/scrap_ws/build/velodyne_msgs': CMAKE_PREFIX_PATH=/opt/ros/humble /usr/bin/cmake /home/pi/Desktop/scrap_ws/src/velodyne/velodyne_msgs -DAMENT_CMAKE_SYMLINK_INSTALL=1 -DCMAKE_INSTALL_PREFIX=/home/pi/Desktop/scrap_ws/install/velodyne_msgs
[22.249s] DEBUG:colcon.colcon_core.event_handler.log_command:Invoking command in '/home/pi/Desktop/scrap_ws/build/velodyne_laserscan': CMAKE_PREFIX_PATH=/opt/ros/humble /usr/bin/cmake /home/pi/Desktop/scrap_ws/src/velodyne/velodyne_laserscan -DAMENT_CMAKE_SYMLINK_INSTALL=1 -DCMAKE_INSTALL_PREFIX=/home/pi/Desktop/scrap_ws/install/velodyne_laserscan
[22.256s] DEBUG:colcon.colcon_core.event_handler.log_command:Invoking command in '/home/pi/Desktop/scrap_ws/build/diffdrive_arduino': CMAKE_PREFIX_PATH=/opt/ros/humble /usr/bin/cmake /home/pi/Desktop/scrap_ws/src/diff_drive_HWInterface -DAMENT_CMAKE_SYMLINK_INSTALL=1 -DCMAKE_INSTALL_PREFIX=/home/pi/Desktop/scrap_ws/install/diffdrive_arduino
[24.293s] INFO:colcon.colcon_core.task.python.build:Building Python package in '/home/pi/Desktop/scrap_ws/src/scrap_pkg'
[24.401s] INFO:colcon.colcon_core.shell:Skip shell extension 'powershell' for command environment: Not usable outside of PowerShell
[24.402s] DEBUG:colcon.colcon_core.shell:Skip shell extension 'dsv' for command environment
[31.450s] DEBUG:colcon.colcon_core.event_handler.log_command:Invoking command in '/home/pi/Desktop/scrap_ws/build/scrap_pkg': PYTHONPATH=/home/pi/Desktop/scrap_ws/build/scrap_pkg/prefix_override:/home/pi/Desktop/scrap_ws/install/scrap_pkg/lib/python3.10/site-packages:${PYTHONPATH} /usr/bin/python3 setup.py develop --editable --build-directory /home/pi/Desktop/scrap_ws/build/scrap_pkg/build --no-deps install_data
[37.242s] Level 1:colcon.colcon_core.shell:create_environment_hook('scrap_pkg', 'pythonpath_develop')
[37.244s] DEBUG:colcon.colcon_core.event_handler.log_command:Invoked command in '/home/pi/Desktop/scrap_ws/build/scrap_pkg' returned '0': PYTHONPATH=/home/pi/Desktop/scrap_ws/build/scrap_pkg/prefix_override:/home/pi/Desktop/scrap_ws/install/scrap_pkg/lib/python3.10/site-packages:${PYTHONPATH} /usr/bin/python3 setup.py develop --editable --build-directory /home/pi/Desktop/scrap_ws/build/scrap_pkg/build --no-deps install_data
[37.393s] INFO:colcon.colcon_core.shell:Creating environment hook '/home/pi/Desktop/scrap_ws/build/scrap_pkg/share/scrap_pkg/hook/pythonpath_develop.ps1'
[37.395s] INFO:colcon.colcon_core.shell:Creating environment descriptor '/home/pi/Desktop/scrap_ws/build/scrap_pkg/share/scrap_pkg/hook/pythonpath_develop.dsv'
[37.397s] INFO:colcon.colcon_core.shell:Creating environment hook '/home/pi/Desktop/scrap_ws/build/scrap_pkg/share/scrap_pkg/hook/pythonpath_develop.sh'
[37.640s] Level 1:colcon.colcon_core.environment:checking '/home/pi/Desktop/scrap_ws/install/scrap_pkg' for CMake module files
[37.644s] Level 1:colcon.colcon_core.environment:checking '/home/pi/Desktop/scrap_ws/install/scrap_pkg' for CMake config files
[37.660s] Level 1:colcon.colcon_core.environment:checking '/home/pi/Desktop/scrap_ws/install/scrap_pkg/lib'
[37.662s] Level 1:colcon.colcon_core.environment:checking '/home/pi/Desktop/scrap_ws/install/scrap_pkg/bin'
[37.663s] Level 1:colcon.colcon_core.environment:checking '/home/pi/Desktop/scrap_ws/install/scrap_pkg/lib/pkgconfig/scrap_pkg.pc'
[37.665s] Level 1:colcon.colcon_core.environment:checking '/home/pi/Desktop/scrap_ws/install/scrap_pkg/lib/python3.10/site-packages'
[37.666s] Level 1:colcon.colcon_core.shell:create_environment_hook('scrap_pkg', 'pythonpath')
[37.779s] INFO:colcon.colcon_core.shell:Creating environment hook '/home/pi/Desktop/scrap_ws/install/scrap_pkg/share/scrap_pkg/hook/pythonpath.ps1'
[37.781s] INFO:colcon.colcon_core.shell:Creating environment descriptor '/home/pi/Desktop/scrap_ws/install/scrap_pkg/share/scrap_pkg/hook/pythonpath.dsv'
[37.783s] INFO:colcon.colcon_core.shell:Creating environment hook '/home/pi/Desktop/scrap_ws/install/scrap_pkg/share/scrap_pkg/hook/pythonpath.sh'
[37.785s] Level 1:colcon.colcon_core.environment:checking '/home/pi/Desktop/scrap_ws/install/scrap_pkg/bin'
[37.785s] Level 1:colcon.colcon_core.environment:create_environment_scripts_only(scrap_pkg)
[37.872s] INFO:colcon.colcon_core.shell:Creating package script '/home/pi/Desktop/scrap_ws/install/scrap_pkg/share/scrap_pkg/package.ps1'
[37.894s] INFO:colcon.colcon_core.shell:Creating package descriptor '/home/pi/Desktop/scrap_ws/install/scrap_pkg/share/scrap_pkg/package.dsv'
[37.927s] INFO:colcon.colcon_core.shell:Creating package script '/home/pi/Desktop/scrap_ws/install/scrap_pkg/share/scrap_pkg/package.sh'
[37.979s] INFO:colcon.colcon_core.shell:Creating package script '/home/pi/Desktop/scrap_ws/install/scrap_pkg/share/scrap_pkg/package.bash'
[38.044s] INFO:colcon.colcon_core.shell:Creating package script '/home/pi/Desktop/scrap_ws/install/scrap_pkg/share/scrap_pkg/package.zsh'
[38.083s] Level 1:colcon.colcon_core.environment:create_file_with_runtime_dependencies(/home/pi/Desktop/scrap_ws/install/scrap_pkg/share/colcon-core/packages/scrap_pkg)
[51.344s] DEBUG:colcon.colcon_core.event_handler.log_command:Invoked command in '/home/pi/Desktop/scrap_ws/build/velodyne_msgs' returned '0': CMAKE_PREFIX_PATH=/opt/ros/humble /usr/bin/cmake /home/pi/Desktop/scrap_ws/src/velodyne/velodyne_msgs -DAMENT_CMAKE_SYMLINK_INSTALL=1 -DCMAKE_INSTALL_PREFIX=/home/pi/Desktop/scrap_ws/install/velodyne_msgs
[51.355s] DEBUG:colcon.colcon_core.event_handler.log_command:Invoking command in '/home/pi/Desktop/scrap_ws/build/velodyne_msgs': CMAKE_PREFIX_PATH=/opt/ros/humble /usr/bin/cmake --build /home/pi/Desktop/scrap_ws/build/velodyne_msgs -- -j4 -l4
[54.052s] DEBUG:colcon.colcon_core.event_handler.log_command:Invoked command in '/home/pi/Desktop/scrap_ws/build/velodyne_laserscan' returned '0': CMAKE_PREFIX_PATH=/opt/ros/humble /usr/bin/cmake /home/pi/Desktop/scrap_ws/src/velodyne/velodyne_laserscan -DAMENT_CMAKE_SYMLINK_INSTALL=1 -DCMAKE_INSTALL_PREFIX=/home/pi/Desktop/scrap_ws/install/velodyne_laserscan
[54.072s] DEBUG:colcon.colcon_core.event_handler.log_command:Invoking command in '/home/pi/Desktop/scrap_ws/build/velodyne_laserscan': CMAKE_PREFIX_PATH=/opt/ros/humble /usr/bin/cmake --build /home/pi/Desktop/scrap_ws/build/velodyne_laserscan -- -j4 -l4
[56.072s] DEBUG:colcon.colcon_core.event_handler.log_command:Invoked command in '/home/pi/Desktop/scrap_ws/build/diffdrive_arduino' returned '0': CMAKE_PREFIX_PATH=/opt/ros/humble /usr/bin/cmake /home/pi/Desktop/scrap_ws/src/diff_drive_HWInterface -DAMENT_CMAKE_SYMLINK_INSTALL=1 -DCMAKE_INSTALL_PREFIX=/home/pi/Desktop/scrap_ws/install/diffdrive_arduino
[56.082s] DEBUG:colcon.colcon_core.event_handler.log_command:Invoking command in '/home/pi/Desktop/scrap_ws/build/diffdrive_arduino': CMAKE_PREFIX_PATH=/opt/ros/humble /usr/bin/cmake --build /home/pi/Desktop/scrap_ws/build/diffdrive_arduino -- -j4 -l4
[80.259s] DEBUG:colcon.colcon_core.event_handler.log_command:Invoked command in '/home/pi/Desktop/scrap_ws/build/diffdrive_arduino' returned '0': CMAKE_PREFIX_PATH=/opt/ros/humble /usr/bin/cmake --build /home/pi/Desktop/scrap_ws/build/diffdrive_arduino -- -j4 -l4
[80.459s] DEBUG:colcon.colcon_core.event_handler.log_command:Invoking command in '/home/pi/Desktop/scrap_ws/build/diffdrive_arduino': CMAKE_PREFIX_PATH=/opt/ros/humble /usr/bin/cmake --install /home/pi/Desktop/scrap_ws/build/diffdrive_arduino
[81.978s] Level 1:colcon.colcon_core.environment:create_environment_scripts_only(diffdrive_arduino)
[81.979s] DEBUG:colcon.colcon_core.event_handler.log_command:Invoked command in '/home/pi/Desktop/scrap_ws/build/diffdrive_arduino' returned '0': CMAKE_PREFIX_PATH=/opt/ros/humble /usr/bin/cmake --install /home/pi/Desktop/scrap_ws/build/diffdrive_arduino
[82.118s] Level 1:colcon.colcon_core.environment:checking '/home/pi/Desktop/scrap_ws/install/diffdrive_arduino' for CMake module files
[82.122s] Level 1:colcon.colcon_core.environment:checking '/home/pi/Desktop/scrap_ws/install/diffdrive_arduino' for CMake config files
[82.127s] Level 1:colcon.colcon_core.shell:create_environment_hook('diffdrive_arduino', 'cmake_prefix_path')
[82.265s] INFO:colcon.colcon_core.shell:Creating environment hook '/home/pi/Desktop/scrap_ws/install/diffdrive_arduino/share/diffdrive_arduino/hook/cmake_prefix_path.ps1'
[82.267s] INFO:colcon.colcon_core.shell:Creating environment descriptor '/home/pi/Desktop/scrap_ws/install/diffdrive_arduino/share/diffdrive_arduino/hook/cmake_prefix_path.dsv'
[82.270s] INFO:colcon.colcon_core.shell:Creating environment hook '/home/pi/Desktop/scrap_ws/install/diffdrive_arduino/share/diffdrive_arduino/hook/cmake_prefix_path.sh'
[82.274s] Level 1:colcon.colcon_core.environment:checking '/home/pi/Desktop/scrap_ws/install/diffdrive_arduino/lib'
[82.275s] Level 1:colcon.colcon_core.shell:create_environment_hook('diffdrive_arduino', 'ld_library_path_lib')
[82.410s] INFO:colcon.colcon_core.shell:Creating environment hook '/home/pi/Desktop/scrap_ws/install/diffdrive_arduino/share/diffdrive_arduino/hook/ld_library_path_lib.ps1'
[82.412s] INFO:colcon.colcon_core.shell:Creating environment descriptor '/home/pi/Desktop/scrap_ws/install/diffdrive_arduino/share/diffdrive_arduino/hook/ld_library_path_lib.dsv'
[82.414s] INFO:colcon.colcon_core.shell:Creating environment hook '/home/pi/Desktop/scrap_ws/install/diffdrive_arduino/share/diffdrive_arduino/hook/ld_library_path_lib.sh'
[82.416s] Level 1:colcon.colcon_core.environment:checking '/home/pi/Desktop/scrap_ws/install/diffdrive_arduino/bin'
[82.417s] Level 1:colcon.colcon_core.environment:checking '/home/pi/Desktop/scrap_ws/install/diffdrive_arduino/lib/pkgconfig/diffdrive_arduino.pc'
[82.419s] Level 1:colcon.colcon_core.environment:checking '/home/pi/Desktop/scrap_ws/install/diffdrive_arduino/lib/python3.10/site-packages'
[82.420s] Level 1:colcon.colcon_core.environment:checking '/home/pi/Desktop/scrap_ws/install/diffdrive_arduino/bin'
[82.555s] INFO:colcon.colcon_core.shell:Creating package script '/home/pi/Desktop/scrap_ws/install/diffdrive_arduino/share/diffdrive_arduino/package.ps1'
[82.558s] INFO:colcon.colcon_core.shell:Creating package descriptor '/home/pi/Desktop/scrap_ws/install/diffdrive_arduino/share/diffdrive_arduino/package.dsv'
[82.561s] INFO:colcon.colcon_core.shell:Creating package script '/home/pi/Desktop/scrap_ws/install/diffdrive_arduino/share/diffdrive_arduino/package.sh'
[82.563s] INFO:colcon.colcon_core.shell:Creating package script '/home/pi/Desktop/scrap_ws/install/diffdrive_arduino/share/diffdrive_arduino/package.bash'
[82.566s] INFO:colcon.colcon_core.shell:Creating package script '/home/pi/Desktop/scrap_ws/install/diffdrive_arduino/share/diffdrive_arduino/package.zsh'
[82.568s] Level 1:colcon.colcon_core.environment:create_file_with_runtime_dependencies(/home/pi/Desktop/scrap_ws/install/diffdrive_arduino/share/colcon-core/packages/diffdrive_arduino)
[82.843s] Level 1:colcon.colcon_core.environment:create_environment_scripts_only(diffdrive_arduino)
[82.974s] Level 1:colcon.colcon_core.environment:checking '/home/pi/Desktop/scrap_ws/install/diffdrive_arduino' for CMake module files
[82.978s] Level 1:colcon.colcon_core.environment:checking '/home/pi/Desktop/scrap_ws/install/diffdrive_arduino' for CMake config files
[82.983s] Level 1:colcon.colcon_core.shell:create_environment_hook('diffdrive_arduino', 'cmake_prefix_path')
[83.116s] INFO:colcon.colcon_core.shell:Creating environment hook '/home/pi/Desktop/scrap_ws/install/diffdrive_arduino/share/diffdrive_arduino/hook/cmake_prefix_path.ps1'
[83.119s] INFO:colcon.colcon_core.shell:Creating environment descriptor '/home/pi/Desktop/scrap_ws/install/diffdrive_arduino/share/diffdrive_arduino/hook/cmake_prefix_path.dsv'
[83.121s] INFO:colcon.colcon_core.shell:Creating environment hook '/home/pi/Desktop/scrap_ws/install/diffdrive_arduino/share/diffdrive_arduino/hook/cmake_prefix_path.sh'
[83.125s] Level 1:colcon.colcon_core.environment:checking '/home/pi/Desktop/scrap_ws/install/diffdrive_arduino/lib'
[83.125s] Level 1:colcon.colcon_core.shell:create_environment_hook('diffdrive_arduino', 'ld_library_path_lib')
[83.272s] INFO:colcon.colcon_core.shell:Creating environment hook '/home/pi/Desktop/scrap_ws/install/diffdrive_arduino/share/diffdrive_arduino/hook/ld_library_path_lib.ps1'
[83.276s] INFO:colcon.colcon_core.shell:Creating environment descriptor '/home/pi/Desktop/scrap_ws/install/diffdrive_arduino/share/diffdrive_arduino/hook/ld_library_path_lib.dsv'
[83.281s] INFO:colcon.colcon_core.shell:Creating environment hook '/home/pi/Desktop/scrap_ws/install/diffdrive_arduino/share/diffdrive_arduino/hook/ld_library_path_lib.sh'
[83.286s] Level 1:colcon.colcon_core.environment:checking '/home/pi/Desktop/scrap_ws/install/diffdrive_arduino/bin'
[83.286s] Level 1:colcon.colcon_core.environment:checking '/home/pi/Desktop/scrap_ws/install/diffdrive_arduino/lib/pkgconfig/diffdrive_arduino.pc'
[83.289s] Level 1:colcon.colcon_core.environment:checking '/home/pi/Desktop/scrap_ws/install/diffdrive_arduino/lib/python3.10/site-packages'
[83.291s] Level 1:colcon.colcon_core.environment:checking '/home/pi/Desktop/scrap_ws/install/diffdrive_arduino/bin'
[83.453s] INFO:colcon.colcon_core.shell:Creating package script '/home/pi/Desktop/scrap_ws/install/diffdrive_arduino/share/diffdrive_arduino/package.ps1'
[83.456s] INFO:colcon.colcon_core.shell:Creating package descriptor '/home/pi/Desktop/scrap_ws/install/diffdrive_arduino/share/diffdrive_arduino/package.dsv'
[83.459s] INFO:colcon.colcon_core.shell:Creating package script '/home/pi/Desktop/scrap_ws/install/diffdrive_arduino/share/diffdrive_arduino/package.sh'
[83.485s] INFO:colcon.colcon_core.shell:Creating package script '/home/pi/Desktop/scrap_ws/install/diffdrive_arduino/share/diffdrive_arduino/package.bash'
[83.487s] INFO:colcon.colcon_core.shell:Creating package script '/home/pi/Desktop/scrap_ws/install/diffdrive_arduino/share/diffdrive_arduino/package.zsh'
[83.490s] Level 1:colcon.colcon_core.environment:create_file_with_runtime_dependencies(/home/pi/Desktop/scrap_ws/install/diffdrive_arduino/share/colcon-core/packages/diffdrive_arduino)
[99.923s] DEBUG:colcon.colcon_core.event_handler.log_command:Invoked command in '/home/pi/Desktop/scrap_ws/build/velodyne_msgs' returned '0': CMAKE_PREFIX_PATH=/opt/ros/humble /usr/bin/cmake --build /home/pi/Desktop/scrap_ws/build/velodyne_msgs -- -j4 -l4
[100.384s] DEBUG:colcon.colcon_core.event_handler.log_command:Invoking command in '/home/pi/Desktop/scrap_ws/build/velodyne_msgs': CMAKE_PREFIX_PATH=/opt/ros/humble /usr/bin/cmake --install /home/pi/Desktop/scrap_ws/build/velodyne_msgs
[103.448s] Level 1:colcon.colcon_core.environment:create_environment_scripts_only(velodyne_msgs)
[103.450s] DEBUG:colcon.colcon_core.event_handler.log_command:Invoked command in '/home/pi/Desktop/scrap_ws/build/velodyne_msgs' returned '0': CMAKE_PREFIX_PATH=/opt/ros/humble /usr/bin/cmake --install /home/pi/Desktop/scrap_ws/build/velodyne_msgs
[103.538s] Level 1:colcon.colcon_core.environment:checking '/home/pi/Desktop/scrap_ws/install/velodyne_msgs' for CMake module files
[103.543s] Level 1:colcon.colcon_core.environment:checking '/home/pi/Desktop/scrap_ws/install/velodyne_msgs' for CMake config files
[103.550s] Level 1:colcon.colcon_core.shell:create_environment_hook('velodyne_msgs', 'cmake_prefix_path')
[103.640s] INFO:colcon.colcon_core.shell:Creating environment hook '/home/pi/Desktop/scrap_ws/install/velodyne_msgs/share/velodyne_msgs/hook/cmake_prefix_path.ps1'
[103.642s] INFO:colcon.colcon_core.shell:Creating environment descriptor '/home/pi/Desktop/scrap_ws/install/velodyne_msgs/share/velodyne_msgs/hook/cmake_prefix_path.dsv'
[103.644s] INFO:colcon.colcon_core.shell:Creating environment hook '/home/pi/Desktop/scrap_ws/install/velodyne_msgs/share/velodyne_msgs/hook/cmake_prefix_path.sh'
[103.647s] Level 1:colcon.colcon_core.environment:checking '/home/pi/Desktop/scrap_ws/install/velodyne_msgs/lib'
[103.647s] Level 1:colcon.colcon_core.shell:create_environment_hook('velodyne_msgs', 'ld_library_path_lib')
[103.737s] INFO:colcon.colcon_core.shell:Creating environment hook '/home/pi/Desktop/scrap_ws/install/velodyne_msgs/share/velodyne_msgs/hook/ld_library_path_lib.ps1'
[103.739s] INFO:colcon.colcon_core.shell:Creating environment descriptor '/home/pi/Desktop/scrap_ws/install/velodyne_msgs/share/velodyne_msgs/hook/ld_library_path_lib.dsv'
[103.741s] INFO:colcon.colcon_core.shell:Creating environment hook '/home/pi/Desktop/scrap_ws/install/velodyne_msgs/share/velodyne_msgs/hook/ld_library_path_lib.sh'
[103.742s] Level 1:colcon.colcon_core.environment:checking '/home/pi/Desktop/scrap_ws/install/velodyne_msgs/bin'
[103.743s] Level 1:colcon.colcon_core.environment:checking '/home/pi/Desktop/scrap_ws/install/velodyne_msgs/lib/pkgconfig/velodyne_msgs.pc'
[103.744s] Level 1:colcon.colcon_core.environment:checking '/home/pi/Desktop/scrap_ws/install/velodyne_msgs/lib/python3.10/site-packages'
[103.745s] Level 1:colcon.colcon_core.environment:checking '/home/pi/Desktop/scrap_ws/install/velodyne_msgs/bin'
[103.834s] INFO:colcon.colcon_core.shell:Creating package script '/home/pi/Desktop/scrap_ws/install/velodyne_msgs/share/velodyne_msgs/package.ps1'
[103.837s] INFO:colcon.colcon_core.shell:Creating package descriptor '/home/pi/Desktop/scrap_ws/install/velodyne_msgs/share/velodyne_msgs/package.dsv'
[103.839s] INFO:colcon.colcon_core.shell:Creating package script '/home/pi/Desktop/scrap_ws/install/velodyne_msgs/share/velodyne_msgs/package.sh'
[103.841s] INFO:colcon.colcon_core.shell:Creating package script '/home/pi/Desktop/scrap_ws/install/velodyne_msgs/share/velodyne_msgs/package.bash'
[103.843s] INFO:colcon.colcon_core.shell:Creating package script '/home/pi/Desktop/scrap_ws/install/velodyne_msgs/share/velodyne_msgs/package.zsh'
[103.845s] Level 1:colcon.colcon_core.environment:create_file_with_runtime_dependencies(/home/pi/Desktop/scrap_ws/install/velodyne_msgs/share/colcon-core/packages/velodyne_msgs)
[104.434s] Level 1:colcon.colcon_core.environment:create_environment_scripts_only(velodyne_msgs)
[104.596s] Level 1:colcon.colcon_core.environment:checking '/home/pi/Desktop/scrap_ws/install/velodyne_msgs' for CMake module files
[104.632s] Level 1:colcon.colcon_core.environment:checking '/home/pi/Desktop/scrap_ws/install/velodyne_msgs' for CMake config files
[104.644s] Level 1:colcon.colcon_core.shell:create_environment_hook('velodyne_msgs', 'cmake_prefix_path')
[104.765s] INFO:colcon.colcon_core.shell:Creating environment hook '/home/pi/Desktop/scrap_ws/install/velodyne_msgs/share/velodyne_msgs/hook/cmake_prefix_path.ps1'
[104.767s] INFO:colcon.colcon_core.shell:Creating environment descriptor '/home/pi/Desktop/scrap_ws/install/velodyne_msgs/share/velodyne_msgs/hook/cmake_prefix_path.dsv'
[104.769s] INFO:colcon.colcon_core.shell:Creating environment hook '/home/pi/Desktop/scrap_ws/install/velodyne_msgs/share/velodyne_msgs/hook/cmake_prefix_path.sh'
[104.772s] Level 1:colcon.colcon_core.environment:checking '/home/pi/Desktop/scrap_ws/install/velodyne_msgs/lib'
[104.773s] Level 1:colcon.colcon_core.shell:create_environment_hook('velodyne_msgs', 'ld_library_path_lib')
[104.884s] INFO:colcon.colcon_core.shell:Creating environment hook '/home/pi/Desktop/scrap_ws/install/velodyne_msgs/share/velodyne_msgs/hook/ld_library_path_lib.ps1'
[104.886s] INFO:colcon.colcon_core.shell:Creating environment descriptor '/home/pi/Desktop/scrap_ws/install/velodyne_msgs/share/velodyne_msgs/hook/ld_library_path_lib.dsv'
[104.888s] INFO:colcon.colcon_core.shell:Creating environment hook '/home/pi/Desktop/scrap_ws/install/velodyne_msgs/share/velodyne_msgs/hook/ld_library_path_lib.sh'
[104.891s] Level 1:colcon.colcon_core.environment:checking '/home/pi/Desktop/scrap_ws/install/velodyne_msgs/bin'
[104.892s] Level 1:colcon.colcon_core.environment:checking '/home/pi/Desktop/scrap_ws/install/velodyne_msgs/lib/pkgconfig/velodyne_msgs.pc'
[104.893s] Level 1:colcon.colcon_core.environment:checking '/home/pi/Desktop/scrap_ws/install/velodyne_msgs/lib/python3.10/site-packages'
[104.895s] Level 1:colcon.colcon_core.environment:checking '/home/pi/Desktop/scrap_ws/install/velodyne_msgs/bin'
[104.991s] INFO:colcon.colcon_core.shell:Creating package script '/home/pi/Desktop/scrap_ws/install/velodyne_msgs/share/velodyne_msgs/package.ps1'
[104.994s] INFO:colcon.colcon_core.shell:Creating package descriptor '/home/pi/Desktop/scrap_ws/install/velodyne_msgs/share/velodyne_msgs/package.dsv'
[104.998s] INFO:colcon.colcon_core.shell:Creating package script '/home/pi/Desktop/scrap_ws/install/velodyne_msgs/share/velodyne_msgs/package.sh'
[105.001s] INFO:colcon.colcon_core.shell:Creating package script '/home/pi/Desktop/scrap_ws/install/velodyne_msgs/share/velodyne_msgs/package.bash'
[105.004s] INFO:colcon.colcon_core.shell:Creating package script '/home/pi/Desktop/scrap_ws/install/velodyne_msgs/share/velodyne_msgs/package.zsh'
[105.006s] Level 1:colcon.colcon_core.environment:create_file_with_runtime_dependencies(/home/pi/Desktop/scrap_ws/install/velodyne_msgs/share/colcon-core/packages/velodyne_msgs)
[105.008s] INFO:colcon.colcon_ros.task.ament_cmake.build:Building ROS package in '/home/pi/Desktop/scrap_ws/src/velodyne/velodyne_driver' with build type 'ament_cmake'
[105.009s] INFO:colcon.colcon_cmake.task.cmake.build:Building CMake package in '/home/pi/Desktop/scrap_ws/src/velodyne/velodyne_driver'
[105.124s] INFO:colcon.colcon_core.shell:Skip shell extension 'powershell' for command environment: Not usable outside of PowerShell
[105.125s] DEBUG:colcon.colcon_core.shell:Skip shell extension 'dsv' for command environment
[105.465s] INFO:colcon.colcon_ros.task.ament_cmake.build:Building ROS package in '/home/pi/Desktop/scrap_ws/src/velodyne/velodyne_pointcloud' with build type 'ament_cmake'
[105.466s] INFO:colcon.colcon_cmake.task.cmake.build:Building CMake package in '/home/pi/Desktop/scrap_ws/src/velodyne/velodyne_pointcloud'
[105.616s] INFO:colcon.colcon_core.shell:Skip shell extension 'powershell' for command environment: Not usable outside of PowerShell
[105.616s] DEBUG:colcon.colcon_core.shell:Skip shell extension 'dsv' for command environment
[106.086s] DEBUG:colcon.colcon_core.event_handler.log_command:Invoking command in '/home/pi/Desktop/scrap_ws/build/velodyne_driver': AMENT_PREFIX_PATH=/home/pi/Desktop/scrap_ws/install/velodyne_msgs:${AMENT_PREFIX_PATH} CMAKE_PREFIX_PATH=/home/pi/Desktop/scrap_ws/install/velodyne_msgs:/opt/ros/humble LD_LIBRARY_PATH=/home/pi/Desktop/scrap_ws/install/velodyne_msgs/lib:${LD_LIBRARY_PATH} PYTHONPATH=/home/pi/Desktop/scrap_ws/install/velodyne_msgs/local/lib/python3.10/dist-packages:${PYTHONPATH} /usr/bin/cmake /home/pi/Desktop/scrap_ws/src/velodyne/velodyne_driver -DAMENT_CMAKE_SYMLINK_INSTALL=1 -DCMAKE_INSTALL_PREFIX=/home/pi/Desktop/scrap_ws/install/velodyne_driver
[106.119s] DEBUG:colcon.colcon_core.event_handler.log_command:Invoking command in '/home/pi/Desktop/scrap_ws/build/velodyne_pointcloud': AMENT_PREFIX_PATH=/home/pi/Desktop/scrap_ws/install/velodyne_msgs:${AMENT_PREFIX_PATH} CMAKE_PREFIX_PATH=/home/pi/Desktop/scrap_ws/install/velodyne_msgs:/opt/ros/humble LD_LIBRARY_PATH=/home/pi/Desktop/scrap_ws/install/velodyne_msgs/lib:${LD_LIBRARY_PATH} PYTHONPATH=/home/pi/Desktop/scrap_ws/install/velodyne_msgs/local/lib/python3.10/dist-packages:${PYTHONPATH} /usr/bin/cmake /home/pi/Desktop/scrap_ws/src/velodyne/velodyne_pointcloud -DAMENT_CMAKE_SYMLINK_INSTALL=1 -DCMAKE_INSTALL_PREFIX=/home/pi/Desktop/scrap_ws/install/velodyne_pointcloud
[120.395s] DEBUG:colcon.colcon_core.event_handler.log_command:Invoked command in '/home/pi/Desktop/scrap_ws/build/velodyne_driver' returned '0': AMENT_PREFIX_PATH=/home/pi/Desktop/scrap_ws/install/velodyne_msgs:${AMENT_PREFIX_PATH} CMAKE_PREFIX_PATH=/home/pi/Desktop/scrap_ws/install/velodyne_msgs:/opt/ros/humble LD_LIBRARY_PATH=/home/pi/Desktop/scrap_ws/install/velodyne_msgs/lib:${LD_LIBRARY_PATH} PYTHONPATH=/home/pi/Desktop/scrap_ws/install/velodyne_msgs/local/lib/python3.10/dist-packages:${PYTHONPATH} /usr/bin/cmake /home/pi/Desktop/scrap_ws/src/velodyne/velodyne_driver -DAMENT_CMAKE_SYMLINK_INSTALL=1 -DCMAKE_INSTALL_PREFIX=/home/pi/Desktop/scrap_ws/install/velodyne_driver
[120.406s] DEBUG:colcon.colcon_core.event_handler.log_command:Invoking command in '/home/pi/Desktop/scrap_ws/build/velodyne_driver': AMENT_PREFIX_PATH=/home/pi/Desktop/scrap_ws/install/velodyne_msgs:${AMENT_PREFIX_PATH} CMAKE_PREFIX_PATH=/home/pi/Desktop/scrap_ws/install/velodyne_msgs:/opt/ros/humble LD_LIBRARY_PATH=/home/pi/Desktop/scrap_ws/install/velodyne_msgs/lib:${LD_LIBRARY_PATH} PYTHONPATH=/home/pi/Desktop/scrap_ws/install/velodyne_msgs/local/lib/python3.10/dist-packages:${PYTHONPATH} /usr/bin/cmake --build /home/pi/Desktop/scrap_ws/build/velodyne_driver -- -j4 -l4
[122.506s] DEBUG:colcon.colcon_core.event_handler.log_command:Invoked command in '/home/pi/Desktop/scrap_ws/build/velodyne_pointcloud' returned '0': AMENT_PREFIX_PATH=/home/pi/Desktop/scrap_ws/install/velodyne_msgs:${AMENT_PREFIX_PATH} CMAKE_PREFIX_PATH=/home/pi/Desktop/scrap_ws/install/velodyne_msgs:/opt/ros/humble LD_LIBRARY_PATH=/home/pi/Desktop/scrap_ws/install/velodyne_msgs/lib:${LD_LIBRARY_PATH} PYTHONPATH=/home/pi/Desktop/scrap_ws/install/velodyne_msgs/local/lib/python3.10/dist-packages:${PYTHONPATH} /usr/bin/cmake /home/pi/Desktop/scrap_ws/src/velodyne/velodyne_pointcloud -DAMENT_CMAKE_SYMLINK_INSTALL=1 -DCMAKE_INSTALL_PREFIX=/home/pi/Desktop/scrap_ws/install/velodyne_pointcloud
[122.516s] DEBUG:colcon.colcon_core.event_handler.log_command:Invoking command in '/home/pi/Desktop/scrap_ws/build/velodyne_pointcloud': AMENT_PREFIX_PATH=/home/pi/Desktop/scrap_ws/install/velodyne_msgs:${AMENT_PREFIX_PATH} CMAKE_PREFIX_PATH=/home/pi/Desktop/scrap_ws/install/velodyne_msgs:/opt/ros/humble LD_LIBRARY_PATH=/home/pi/Desktop/scrap_ws/install/velodyne_msgs/lib:${LD_LIBRARY_PATH} PYTHONPATH=/home/pi/Desktop/scrap_ws/install/velodyne_msgs/local/lib/python3.10/dist-packages:${PYTHONPATH} /usr/bin/cmake --build /home/pi/Desktop/scrap_ws/build/velodyne_pointcloud -- -j4 -l4
[125.751s] DEBUG:colcon.colcon_core.event_handler.log_command:Invoked command in '/home/pi/Desktop/scrap_ws/build/velodyne_laserscan' returned '0': CMAKE_PREFIX_PATH=/opt/ros/humble /usr/bin/cmake --build /home/pi/Desktop/scrap_ws/build/velodyne_laserscan -- -j4 -l4
[125.997s] DEBUG:colcon.colcon_core.event_handler.log_command:Invoking command in '/home/pi/Desktop/scrap_ws/build/velodyne_laserscan': CMAKE_PREFIX_PATH=/opt/ros/humble /usr/bin/cmake --install /home/pi/Desktop/scrap_ws/build/velodyne_laserscan
[127.268s] Level 1:colcon.colcon_core.environment:create_environment_scripts_only(velodyne_laserscan)
[127.279s] DEBUG:colcon.colcon_core.event_handler.log_command:Invoked command in '/home/pi/Desktop/scrap_ws/build/velodyne_laserscan' returned '0': CMAKE_PREFIX_PATH=/opt/ros/humble /usr/bin/cmake --install /home/pi/Desktop/scrap_ws/build/velodyne_laserscan
[127.495s] Level 1:colcon.colcon_core.environment:checking '/home/pi/Desktop/scrap_ws/install/velodyne_laserscan' for CMake module files
[127.501s] Level 1:colcon.colcon_core.environment:checking '/home/pi/Desktop/scrap_ws/install/velodyne_laserscan' for CMake config files
[127.507s] Level 1:colcon.colcon_core.shell:create_environment_hook('velodyne_laserscan', 'cmake_prefix_path')
[127.756s] INFO:colcon.colcon_core.shell:Creating environment hook '/home/pi/Desktop/scrap_ws/install/velodyne_laserscan/share/velodyne_laserscan/hook/cmake_prefix_path.ps1'
[127.760s] INFO:colcon.colcon_core.shell:Creating environment descriptor '/home/pi/Desktop/scrap_ws/install/velodyne_laserscan/share/velodyne_laserscan/hook/cmake_prefix_path.dsv'
[127.765s] INFO:colcon.colcon_core.shell:Creating environment hook '/home/pi/Desktop/scrap_ws/install/velodyne_laserscan/share/velodyne_laserscan/hook/cmake_prefix_path.sh'
[127.777s] Level 1:colcon.colcon_core.environment:checking '/home/pi/Desktop/scrap_ws/install/velodyne_laserscan/lib'
[127.778s] Level 1:colcon.colcon_core.shell:create_environment_hook('velodyne_laserscan', 'ld_library_path_lib')
[128.077s] INFO:colcon.colcon_core.shell:Creating environment hook '/home/pi/Desktop/scrap_ws/install/velodyne_laserscan/share/velodyne_laserscan/hook/ld_library_path_lib.ps1'
[128.080s] INFO:colcon.colcon_core.shell:Creating environment descriptor '/home/pi/Desktop/scrap_ws/install/velodyne_laserscan/share/velodyne_laserscan/hook/ld_library_path_lib.dsv'
[128.083s] INFO:colcon.colcon_core.shell:Creating environment hook '/home/pi/Desktop/scrap_ws/install/velodyne_laserscan/share/velodyne_laserscan/hook/ld_library_path_lib.sh'
[128.086s] Level 1:colcon.colcon_core.environment:checking '/home/pi/Desktop/scrap_ws/install/velodyne_laserscan/bin'
[128.087s] Level 1:colcon.colcon_core.environment:checking '/home/pi/Desktop/scrap_ws/install/velodyne_laserscan/lib/pkgconfig/velodyne_laserscan.pc'
[128.088s] Level 1:colcon.colcon_core.environment:checking '/home/pi/Desktop/scrap_ws/install/velodyne_laserscan/lib/python3.10/site-packages'
[128.091s] Level 1:colcon.colcon_core.environment:checking '/home/pi/Desktop/scrap_ws/install/velodyne_laserscan/bin'
[128.301s] INFO:colcon.colcon_core.shell:Creating package script '/home/pi/Desktop/scrap_ws/install/velodyne_laserscan/share/velodyne_laserscan/package.ps1'
[128.316s] INFO:colcon.colcon_core.shell:Creating package descriptor '/home/pi/Desktop/scrap_ws/install/velodyne_laserscan/share/velodyne_laserscan/package.dsv'
[128.325s] INFO:colcon.colcon_core.shell:Creating package script '/home/pi/Desktop/scrap_ws/install/velodyne_laserscan/share/velodyne_laserscan/package.sh'
[128.329s] INFO:colcon.colcon_core.shell:Creating package script '/home/pi/Desktop/scrap_ws/install/velodyne_laserscan/share/velodyne_laserscan/package.bash'
[128.332s] INFO:colcon.colcon_core.shell:Creating package script '/home/pi/Desktop/scrap_ws/install/velodyne_laserscan/share/velodyne_laserscan/package.zsh'
[128.335s] Level 1:colcon.colcon_core.environment:create_file_with_runtime_dependencies(/home/pi/Desktop/scrap_ws/install/velodyne_laserscan/share/colcon-core/packages/velodyne_laserscan)
[128.772s] Level 1:colcon.colcon_core.environment:create_environment_scripts_only(velodyne_laserscan)
[129.025s] Level 1:colcon.colcon_core.environment:checking '/home/pi/Desktop/scrap_ws/install/velodyne_laserscan' for CMake module files
[129.039s] Level 1:colcon.colcon_core.environment:checking '/home/pi/Desktop/scrap_ws/install/velodyne_laserscan' for CMake config files
[129.051s] Level 1:colcon.colcon_core.shell:create_environment_hook('velodyne_laserscan', 'cmake_prefix_path')
[129.467s] INFO:colcon.colcon_core.shell:Creating environment hook '/home/pi/Desktop/scrap_ws/install/velodyne_laserscan/share/velodyne_laserscan/hook/cmake_prefix_path.ps1'
[129.470s] INFO:colcon.colcon_core.shell:Creating environment descriptor '/home/pi/Desktop/scrap_ws/install/velodyne_laserscan/share/velodyne_laserscan/hook/cmake_prefix_path.dsv'
[129.474s] INFO:colcon.colcon_core.shell:Creating environment hook '/home/pi/Desktop/scrap_ws/install/velodyne_laserscan/share/velodyne_laserscan/hook/cmake_prefix_path.sh'
[129.479s] Level 1:colcon.colcon_core.environment:checking '/home/pi/Desktop/scrap_ws/install/velodyne_laserscan/lib'
[129.480s] Level 1:colcon.colcon_core.shell:create_environment_hook('velodyne_laserscan', 'ld_library_path_lib')
[129.675s] INFO:colcon.colcon_core.shell:Creating environment hook '/home/pi/Desktop/scrap_ws/install/velodyne_laserscan/share/velodyne_laserscan/hook/ld_library_path_lib.ps1'
[129.678s] INFO:colcon.colcon_core.shell:Creating environment descriptor '/home/pi/Desktop/scrap_ws/install/velodyne_laserscan/share/velodyne_laserscan/hook/ld_library_path_lib.dsv'
[129.682s] INFO:colcon.colcon_core.shell:Creating environment hook '/home/pi/Desktop/scrap_ws/install/velodyne_laserscan/share/velodyne_laserscan/hook/ld_library_path_lib.sh'
[129.699s] Level 1:colcon.colcon_core.environment:checking '/home/pi/Desktop/scrap_ws/install/velodyne_laserscan/bin'
[129.750s] Level 1:colcon.colcon_core.environment:checking '/home/pi/Desktop/scrap_ws/install/velodyne_laserscan/lib/pkgconfig/velodyne_laserscan.pc'
[129.751s] Level 1:colcon.colcon_core.environment:checking '/home/pi/Desktop/scrap_ws/install/velodyne_laserscan/lib/python3.10/site-packages'
[129.753s] Level 1:colcon.colcon_core.environment:checking '/home/pi/Desktop/scrap_ws/install/velodyne_laserscan/bin'
[129.986s] INFO:colcon.colcon_core.shell:Creating package script '/home/pi/Desktop/scrap_ws/install/velodyne_laserscan/share/velodyne_laserscan/package.ps1'
[130.006s] INFO:colcon.colcon_core.shell:Creating package descriptor '/home/pi/Desktop/scrap_ws/install/velodyne_laserscan/share/velodyne_laserscan/package.dsv'
[130.010s] INFO:colcon.colcon_core.shell:Creating package script '/home/pi/Desktop/scrap_ws/install/velodyne_laserscan/share/velodyne_laserscan/package.sh'
[130.014s] INFO:colcon.colcon_core.shell:Creating package script '/home/pi/Desktop/scrap_ws/install/velodyne_laserscan/share/velodyne_laserscan/package.bash'
[130.017s] INFO:colcon.colcon_core.shell:Creating package script '/home/pi/Desktop/scrap_ws/install/velodyne_laserscan/share/velodyne_laserscan/package.zsh'
[130.020s] Level 1:colcon.colcon_core.environment:create_file_with_runtime_dependencies(/home/pi/Desktop/scrap_ws/install/velodyne_laserscan/share/colcon-core/packages/velodyne_laserscan)
[208.709s] DEBUG:colcon.colcon_core.event_handler.log_command:Invoked command in '/home/pi/Desktop/scrap_ws/build/velodyne_driver' returned '0': AMENT_PREFIX_PATH=/home/pi/Desktop/scrap_ws/install/velodyne_msgs:${AMENT_PREFIX_PATH} CMAKE_PREFIX_PATH=/home/pi/Desktop/scrap_ws/install/velodyne_msgs:/opt/ros/humble LD_LIBRARY_PATH=/home/pi/Desktop/scrap_ws/install/velodyne_msgs/lib:${LD_LIBRARY_PATH} PYTHONPATH=/home/pi/Desktop/scrap_ws/install/velodyne_msgs/local/lib/python3.10/dist-packages:${PYTHONPATH} /usr/bin/cmake --build /home/pi/Desktop/scrap_ws/build/velodyne_driver -- -j4 -l4
[208.913s] DEBUG:colcon.colcon_core.event_handler.log_command:Invoking command in '/home/pi/Desktop/scrap_ws/build/velodyne_driver': AMENT_PREFIX_PATH=/home/pi/Desktop/scrap_ws/install/velodyne_msgs:${AMENT_PREFIX_PATH} CMAKE_PREFIX_PATH=/home/pi/Desktop/scrap_ws/install/velodyne_msgs:/opt/ros/humble LD_LIBRARY_PATH=/home/pi/Desktop/scrap_ws/install/velodyne_msgs/lib:${LD_LIBRARY_PATH} PYTHONPATH=/home/pi/Desktop/scrap_ws/install/velodyne_msgs/local/lib/python3.10/dist-packages:${PYTHONPATH} /usr/bin/cmake --install /home/pi/Desktop/scrap_ws/build/velodyne_driver
[210.394s] Level 1:colcon.colcon_core.environment:create_environment_scripts_only(velodyne_driver)
[210.396s] DEBUG:colcon.colcon_core.event_handler.log_command:Invoked command in '/home/pi/Desktop/scrap_ws/build/velodyne_driver' returned '0': AMENT_PREFIX_PATH=/home/pi/Desktop/scrap_ws/install/velodyne_msgs:${AMENT_PREFIX_PATH} CMAKE_PREFIX_PATH=/home/pi/Desktop/scrap_ws/install/velodyne_msgs:/opt/ros/humble LD_LIBRARY_PATH=/home/pi/Desktop/scrap_ws/install/velodyne_msgs/lib:${LD_LIBRARY_PATH} PYTHONPATH=/home/pi/Desktop/scrap_ws/install/velodyne_msgs/local/lib/python3.10/dist-packages:${PYTHONPATH} /usr/bin/cmake --install /home/pi/Desktop/scrap_ws/build/velodyne_driver
[210.559s] Level 1:colcon.colcon_core.environment:checking '/home/pi/Desktop/scrap_ws/install/velodyne_driver' for CMake module files
[210.563s] Level 1:colcon.colcon_core.environment:checking '/home/pi/Desktop/scrap_ws/install/velodyne_driver' for CMake config files
[210.568s] Level 1:colcon.colcon_core.shell:create_environment_hook('velodyne_driver', 'cmake_prefix_path')
[210.727s] INFO:colcon.colcon_core.shell:Creating environment hook '/home/pi/Desktop/scrap_ws/install/velodyne_driver/share/velodyne_driver/hook/cmake_prefix_path.ps1'
[210.730s] INFO:colcon.colcon_core.shell:Creating environment descriptor '/home/pi/Desktop/scrap_ws/install/velodyne_driver/share/velodyne_driver/hook/cmake_prefix_path.dsv'
[210.731s] INFO:colcon.colcon_core.shell:Creating environment hook '/home/pi/Desktop/scrap_ws/install/velodyne_driver/share/velodyne_driver/hook/cmake_prefix_path.sh'
[210.735s] Level 1:colcon.colcon_core.environment:checking '/home/pi/Desktop/scrap_ws/install/velodyne_driver/lib'
[210.735s] Level 1:colcon.colcon_core.shell:create_environment_hook('velodyne_driver', 'ld_library_path_lib')
[210.863s] INFO:colcon.colcon_core.shell:Creating environment hook '/home/pi/Desktop/scrap_ws/install/velodyne_driver/share/velodyne_driver/hook/ld_library_path_lib.ps1'
[210.866s] INFO:colcon.colcon_core.shell:Creating environment descriptor '/home/pi/Desktop/scrap_ws/install/velodyne_driver/share/velodyne_driver/hook/ld_library_path_lib.dsv'
[210.868s] INFO:colcon.colcon_core.shell:Creating environment hook '/home/pi/Desktop/scrap_ws/install/velodyne_driver/share/velodyne_driver/hook/ld_library_path_lib.sh'
[210.870s] Level 1:colcon.colcon_core.environment:checking '/home/pi/Desktop/scrap_ws/install/velodyne_driver/bin'
[210.871s] Level 1:colcon.colcon_core.environment:checking '/home/pi/Desktop/scrap_ws/install/velodyne_driver/lib/pkgconfig/velodyne_driver.pc'
[210.872s] Level 1:colcon.colcon_core.environment:checking '/home/pi/Desktop/scrap_ws/install/velodyne_driver/lib/python3.10/site-packages'
[210.873s] Level 1:colcon.colcon_core.environment:checking '/home/pi/Desktop/scrap_ws/install/velodyne_driver/bin'
[210.999s] INFO:colcon.colcon_core.shell:Creating package script '/home/pi/Desktop/scrap_ws/install/velodyne_driver/share/velodyne_driver/package.ps1'
[211.002s] INFO:colcon.colcon_core.shell:Creating package descriptor '/home/pi/Desktop/scrap_ws/install/velodyne_driver/share/velodyne_driver/package.dsv'
[211.005s] INFO:colcon.colcon_core.shell:Creating package script '/home/pi/Desktop/scrap_ws/install/velodyne_driver/share/velodyne_driver/package.sh'
[211.008s] INFO:colcon.colcon_core.shell:Creating package script '/home/pi/Desktop/scrap_ws/install/velodyne_driver/share/velodyne_driver/package.bash'
[211.010s] INFO:colcon.colcon_core.shell:Creating package script '/home/pi/Desktop/scrap_ws/install/velodyne_driver/share/velodyne_driver/package.zsh'
[211.012s] Level 1:colcon.colcon_core.environment:create_file_with_runtime_dependencies(/home/pi/Desktop/scrap_ws/install/velodyne_driver/share/colcon-core/packages/velodyne_driver)
[211.343s] Level 1:colcon.colcon_core.environment:create_environment_scripts_only(velodyne_driver)
[211.467s] Level 1:colcon.colcon_core.environment:checking '/home/pi/Desktop/scrap_ws/install/velodyne_driver' for CMake module files
[211.471s] Level 1:colcon.colcon_core.environment:checking '/home/pi/Desktop/scrap_ws/install/velodyne_driver' for CMake config files
[211.476s] Level 1:colcon.colcon_core.shell:create_environment_hook('velodyne_driver', 'cmake_prefix_path')
[211.610s] INFO:colcon.colcon_core.shell:Creating environment hook '/home/pi/Desktop/scrap_ws/install/velodyne_driver/share/velodyne_driver/hook/cmake_prefix_path.ps1'
[211.613s] INFO:colcon.colcon_core.shell:Creating environment descriptor '/home/pi/Desktop/scrap_ws/install/velodyne_driver/share/velodyne_driver/hook/cmake_prefix_path.dsv'
[211.615s] INFO:colcon.colcon_core.shell:Creating environment hook '/home/pi/Desktop/scrap_ws/install/velodyne_driver/share/velodyne_driver/hook/cmake_prefix_path.sh'
[211.618s] Level 1:colcon.colcon_core.environment:checking '/home/pi/Desktop/scrap_ws/install/velodyne_driver/lib'
[211.619s] Level 1:colcon.colcon_core.shell:create_environment_hook('velodyne_driver', 'ld_library_path_lib')
[211.742s] INFO:colcon.colcon_core.shell:Creating environment hook '/home/pi/Desktop/scrap_ws/install/velodyne_driver/share/velodyne_driver/hook/ld_library_path_lib.ps1'
[211.745s] INFO:colcon.colcon_core.shell:Creating environment descriptor '/home/pi/Desktop/scrap_ws/install/velodyne_driver/share/velodyne_driver/hook/ld_library_path_lib.dsv'
[211.747s] INFO:colcon.colcon_core.shell:Creating environment hook '/home/pi/Desktop/scrap_ws/install/velodyne_driver/share/velodyne_driver/hook/ld_library_path_lib.sh'
[211.751s] Level 1:colcon.colcon_core.environment:checking '/home/pi/Desktop/scrap_ws/install/velodyne_driver/bin'
[211.752s] Level 1:colcon.colcon_core.environment:checking '/home/pi/Desktop/scrap_ws/install/velodyne_driver/lib/pkgconfig/velodyne_driver.pc'
[211.753s] Level 1:colcon.colcon_core.environment:checking '/home/pi/Desktop/scrap_ws/install/velodyne_driver/lib/python3.10/site-packages'
[211.755s] Level 1:colcon.colcon_core.environment:checking '/home/pi/Desktop/scrap_ws/install/velodyne_driver/bin'
[211.911s] INFO:colcon.colcon_core.shell:Creating package script '/home/pi/Desktop/scrap_ws/install/velodyne_driver/share/velodyne_driver/package.ps1'
[211.914s] INFO:colcon.colcon_core.shell:Creating package descriptor '/home/pi/Desktop/scrap_ws/install/velodyne_driver/share/velodyne_driver/package.dsv'
[211.917s] INFO:colcon.colcon_core.shell:Creating package script '/home/pi/Desktop/scrap_ws/install/velodyne_driver/share/velodyne_driver/package.sh'
[211.920s] INFO:colcon.colcon_core.shell:Creating package script '/home/pi/Desktop/scrap_ws/install/velodyne_driver/share/velodyne_driver/package.bash'
[211.923s] INFO:colcon.colcon_core.shell:Creating package script '/home/pi/Desktop/scrap_ws/install/velodyne_driver/share/velodyne_driver/package.zsh'
[211.925s] Level 1:colcon.colcon_core.environment:create_file_with_runtime_dependencies(/home/pi/Desktop/scrap_ws/install/velodyne_driver/share/colcon-core/packages/velodyne_driver)
[293.028s] DEBUG:colcon.colcon_core.event_handler.log_command:Invoked command in '/home/pi/Desktop/scrap_ws/build/velodyne_pointcloud' returned '0': AMENT_PREFIX_PATH=/home/pi/Desktop/scrap_ws/install/velodyne_msgs:${AMENT_PREFIX_PATH} CMAKE_PREFIX_PATH=/home/pi/Desktop/scrap_ws/install/velodyne_msgs:/opt/ros/humble LD_LIBRARY_PATH=/home/pi/Desktop/scrap_ws/install/velodyne_msgs/lib:${LD_LIBRARY_PATH} PYTHONPATH=/home/pi/Desktop/scrap_ws/install/velodyne_msgs/local/lib/python3.10/dist-packages:${PYTHONPATH} /usr/bin/cmake --build /home/pi/Desktop/scrap_ws/build/velodyne_pointcloud -- -j4 -l4
[293.206s] DEBUG:colcon.colcon_core.event_handler.log_command:Invoking command in '/home/pi/Desktop/scrap_ws/build/velodyne_pointcloud': AMENT_PREFIX_PATH=/home/pi/Desktop/scrap_ws/install/velodyne_msgs:${AMENT_PREFIX_PATH} CMAKE_PREFIX_PATH=/home/pi/Desktop/scrap_ws/install/velodyne_msgs:/opt/ros/humble LD_LIBRARY_PATH=/home/pi/Desktop/scrap_ws/install/velodyne_msgs/lib:${LD_LIBRARY_PATH} PYTHONPATH=/home/pi/Desktop/scrap_ws/install/velodyne_msgs/local/lib/python3.10/dist-packages:${PYTHONPATH} /usr/bin/cmake --install /home/pi/Desktop/scrap_ws/build/velodyne_pointcloud
[294.887s] Level 1:colcon.colcon_core.environment:create_environment_scripts_only(velodyne_pointcloud)
[294.889s] DEBUG:colcon.colcon_core.event_handler.log_command:Invoked command in '/home/pi/Desktop/scrap_ws/build/velodyne_pointcloud' returned '0': AMENT_PREFIX_PATH=/home/pi/Desktop/scrap_ws/install/velodyne_msgs:${AMENT_PREFIX_PATH} CMAKE_PREFIX_PATH=/home/pi/Desktop/scrap_ws/install/velodyne_msgs:/opt/ros/humble LD_LIBRARY_PATH=/home/pi/Desktop/scrap_ws/install/velodyne_msgs/lib:${LD_LIBRARY_PATH} PYTHONPATH=/home/pi/Desktop/scrap_ws/install/velodyne_msgs/local/lib/python3.10/dist-packages:${PYTHONPATH} /usr/bin/cmake --install /home/pi/Desktop/scrap_ws/build/velodyne_pointcloud
[294.971s] Level 1:colcon.colcon_core.environment:checking '/home/pi/Desktop/scrap_ws/install/velodyne_pointcloud' for CMake module files
[294.975s] Level 1:colcon.colcon_core.environment:checking '/home/pi/Desktop/scrap_ws/install/velodyne_pointcloud' for CMake config files
[294.980s] Level 1:colcon.colcon_core.shell:create_environment_hook('velodyne_pointcloud', 'cmake_prefix_path')
[295.058s] INFO:colcon.colcon_core.shell:Creating environment hook '/home/pi/Desktop/scrap_ws/install/velodyne_pointcloud/share/velodyne_pointcloud/hook/cmake_prefix_path.ps1'
[295.060s] INFO:colcon.colcon_core.shell:Creating environment descriptor '/home/pi/Desktop/scrap_ws/install/velodyne_pointcloud/share/velodyne_pointcloud/hook/cmake_prefix_path.dsv'
[295.061s] INFO:colcon.colcon_core.shell:Creating environment hook '/home/pi/Desktop/scrap_ws/install/velodyne_pointcloud/share/velodyne_pointcloud/hook/cmake_prefix_path.sh'
[295.063s] Level 1:colcon.colcon_core.environment:checking '/home/pi/Desktop/scrap_ws/install/velodyne_pointcloud/lib'
[295.064s] Level 1:colcon.colcon_core.shell:create_environment_hook('velodyne_pointcloud', 'ld_library_path_lib')
[295.142s] INFO:colcon.colcon_core.shell:Creating environment hook '/home/pi/Desktop/scrap_ws/install/velodyne_pointcloud/share/velodyne_pointcloud/hook/ld_library_path_lib.ps1'
[295.143s] INFO:colcon.colcon_core.shell:Creating environment descriptor '/home/pi/Desktop/scrap_ws/install/velodyne_pointcloud/share/velodyne_pointcloud/hook/ld_library_path_lib.dsv'
[295.146s] INFO:colcon.colcon_core.shell:Creating environment hook '/home/pi/Desktop/scrap_ws/install/velodyne_pointcloud/share/velodyne_pointcloud/hook/ld_library_path_lib.sh'
[295.147s] Level 1:colcon.colcon_core.environment:checking '/home/pi/Desktop/scrap_ws/install/velodyne_pointcloud/bin'
[295.148s] Level 1:colcon.colcon_core.environment:checking '/home/pi/Desktop/scrap_ws/install/velodyne_pointcloud/lib/pkgconfig/velodyne_pointcloud.pc'
[295.149s] Level 1:colcon.colcon_core.environment:checking '/home/pi/Desktop/scrap_ws/install/velodyne_pointcloud/lib/python3.10/site-packages'
[295.150s] Level 1:colcon.colcon_core.environment:checking '/home/pi/Desktop/scrap_ws/install/velodyne_pointcloud/bin'
[295.228s] INFO:colcon.colcon_core.shell:Creating package script '/home/pi/Desktop/scrap_ws/install/velodyne_pointcloud/share/velodyne_pointcloud/package.ps1'
[295.230s] INFO:colcon.colcon_core.shell:Creating package descriptor '/home/pi/Desktop/scrap_ws/install/velodyne_pointcloud/share/velodyne_pointcloud/package.dsv'
[295.232s] INFO:colcon.colcon_core.shell:Creating package script '/home/pi/Desktop/scrap_ws/install/velodyne_pointcloud/share/velodyne_pointcloud/package.sh'
[295.234s] INFO:colcon.colcon_core.shell:Creating package script '/home/pi/Desktop/scrap_ws/install/velodyne_pointcloud/share/velodyne_pointcloud/package.bash'
[295.235s] INFO:colcon.colcon_core.shell:Creating package script '/home/pi/Desktop/scrap_ws/install/velodyne_pointcloud/share/velodyne_pointcloud/package.zsh'
[295.237s] Level 1:colcon.colcon_core.environment:create_file_with_runtime_dependencies(/home/pi/Desktop/scrap_ws/install/velodyne_pointcloud/share/colcon-core/packages/velodyne_pointcloud)
[295.499s] Level 1:colcon.colcon_core.environment:create_environment_scripts_only(velodyne_pointcloud)
[295.880s] Level 1:colcon.colcon_core.environment:checking '/home/pi/Desktop/scrap_ws/install/velodyne_pointcloud' for CMake module files
[295.883s] Level 1:colcon.colcon_core.environment:checking '/home/pi/Desktop/scrap_ws/install/velodyne_pointcloud' for CMake config files
[295.888s] Level 1:colcon.colcon_core.shell:create_environment_hook('velodyne_pointcloud', 'cmake_prefix_path')
[295.968s] INFO:colcon.colcon_core.shell:Creating environment hook '/home/pi/Desktop/scrap_ws/install/velodyne_pointcloud/share/velodyne_pointcloud/hook/cmake_prefix_path.ps1'
[295.970s] INFO:colcon.colcon_core.shell:Creating environment descriptor '/home/pi/Desktop/scrap_ws/install/velodyne_pointcloud/share/velodyne_pointcloud/hook/cmake_prefix_path.dsv'
[295.971s] INFO:colcon.colcon_core.shell:Creating environment hook '/home/pi/Desktop/scrap_ws/install/velodyne_pointcloud/share/velodyne_pointcloud/hook/cmake_prefix_path.sh'
[295.974s] Level 1:colcon.colcon_core.environment:checking '/home/pi/Desktop/scrap_ws/install/velodyne_pointcloud/lib'
[295.974s] Level 1:colcon.colcon_core.shell:create_environment_hook('velodyne_pointcloud', 'ld_library_path_lib')
[296.052s] INFO:colcon.colcon_core.shell:Creating environment hook '/home/pi/Desktop/scrap_ws/install/velodyne_pointcloud/share/velodyne_pointcloud/hook/ld_library_path_lib.ps1'
[296.055s] INFO:colcon.colcon_core.shell:Creating environment descriptor '/home/pi/Desktop/scrap_ws/install/velodyne_pointcloud/share/velodyne_pointcloud/hook/ld_library_path_lib.dsv'
[296.057s] INFO:colcon.colcon_core.shell:Creating environment hook '/home/pi/Desktop/scrap_ws/install/velodyne_pointcloud/share/velodyne_pointcloud/hook/ld_library_path_lib.sh'
[296.059s] Level 1:colcon.colcon_core.environment:checking '/home/pi/Desktop/scrap_ws/install/velodyne_pointcloud/bin'
[296.059s] Level 1:colcon.colcon_core.environment:checking '/home/pi/Desktop/scrap_ws/install/velodyne_pointcloud/lib/pkgconfig/velodyne_pointcloud.pc'
[296.060s] Level 1:colcon.colcon_core.environment:checking '/home/pi/Desktop/scrap_ws/install/velodyne_pointcloud/lib/python3.10/site-packages'
[296.061s] Level 1:colcon.colcon_core.environment:checking '/home/pi/Desktop/scrap_ws/install/velodyne_pointcloud/bin'
[296.139s] INFO:colcon.colcon_core.shell:Creating package script '/home/pi/Desktop/scrap_ws/install/velodyne_pointcloud/share/velodyne_pointcloud/package.ps1'
[296.142s] INFO:colcon.colcon_core.shell:Creating package descriptor '/home/pi/Desktop/scrap_ws/install/velodyne_pointcloud/share/velodyne_pointcloud/package.dsv'
[296.144s] INFO:colcon.colcon_core.shell:Creating package script '/home/pi/Desktop/scrap_ws/install/velodyne_pointcloud/share/velodyne_pointcloud/package.sh'
[296.146s] INFO:colcon.colcon_core.shell:Creating package script '/home/pi/Desktop/scrap_ws/install/velodyne_pointcloud/share/velodyne_pointcloud/package.bash'
[296.148s] INFO:colcon.colcon_core.shell:Creating package script '/home/pi/Desktop/scrap_ws/install/velodyne_pointcloud/share/velodyne_pointcloud/package.zsh'
[296.150s] Level 1:colcon.colcon_core.environment:create_file_with_runtime_dependencies(/home/pi/Desktop/scrap_ws/install/velodyne_pointcloud/share/colcon-core/packages/velodyne_pointcloud)
[296.151s] INFO:colcon.colcon_ros.task.ament_cmake.build:Building ROS package in '/home/pi/Desktop/scrap_ws/src/velodyne/velodyne' with build type 'ament_cmake'
[296.152s] INFO:colcon.colcon_cmake.task.cmake.build:Building CMake package in '/home/pi/Desktop/scrap_ws/src/velodyne/velodyne'
[296.234s] INFO:colcon.colcon_core.shell:Skip shell extension 'powershell' for command environment: Not usable outside of PowerShell
[296.235s] DEBUG:colcon.colcon_core.shell:Skip shell extension 'dsv' for command environment
[297.508s] DEBUG:colcon.colcon_core.event_handler.log_command:Invoking command in '/home/pi/Desktop/scrap_ws/build/velodyne': AMENT_PREFIX_PATH=/home/pi/Desktop/scrap_ws/install/velodyne_pointcloud:/home/pi/Desktop/scrap_ws/install/velodyne_driver:/home/pi/Desktop/scrap_ws/install/velodyne_msgs:/home/pi/Desktop/scrap_ws/install/velodyne_laserscan:${AMENT_PREFIX_PATH} CMAKE_PREFIX_PATH=/home/pi/Desktop/scrap_ws/install/velodyne_pointcloud:/home/pi/Desktop/scrap_ws/install/velodyne_driver:/home/pi/Desktop/scrap_ws/install/velodyne_msgs:/home/pi/Desktop/scrap_ws/install/velodyne_laserscan:/opt/ros/humble LD_LIBRARY_PATH=/home/pi/Desktop/scrap_ws/install/velodyne_pointcloud/lib:/home/pi/Desktop/scrap_ws/install/velodyne_driver/lib:/home/pi/Desktop/scrap_ws/install/velodyne_msgs/lib:/home/pi/Desktop/scrap_ws/install/velodyne_laserscan/lib:${LD_LIBRARY_PATH} PYTHONPATH=/home/pi/Desktop/scrap_ws/install/velodyne_msgs/local/lib/python3.10/dist-packages:${PYTHONPATH} /usr/bin/cmake /home/pi/Desktop/scrap_ws/src/velodyne/velodyne -DAMENT_CMAKE_SYMLINK_INSTALL=1 -DCMAKE_INSTALL_PREFIX=/home/pi/Desktop/scrap_ws/install/velodyne
[301.415s] DEBUG:colcon.colcon_core.event_handler.log_command:Invoked command in '/home/pi/Desktop/scrap_ws/build/velodyne' returned '0': AMENT_PREFIX_PATH=/home/pi/Desktop/scrap_ws/install/velodyne_pointcloud:/home/pi/Desktop/scrap_ws/install/velodyne_driver:/home/pi/Desktop/scrap_ws/install/velodyne_msgs:/home/pi/Desktop/scrap_ws/install/velodyne_laserscan:${AMENT_PREFIX_PATH} CMAKE_PREFIX_PATH=/home/pi/Desktop/scrap_ws/install/velodyne_pointcloud:/home/pi/Desktop/scrap_ws/install/velodyne_driver:/home/pi/Desktop/scrap_ws/install/velodyne_msgs:/home/pi/Desktop/scrap_ws/install/velodyne_laserscan:/opt/ros/humble LD_LIBRARY_PATH=/home/pi/Desktop/scrap_ws/install/velodyne_pointcloud/lib:/home/pi/Desktop/scrap_ws/install/velodyne_driver/lib:/home/pi/Desktop/scrap_ws/install/velodyne_msgs/lib:/home/pi/Desktop/scrap_ws/install/velodyne_laserscan/lib:${LD_LIBRARY_PATH} PYTHONPATH=/home/pi/Desktop/scrap_ws/install/velodyne_msgs/local/lib/python3.10/dist-packages:${PYTHONPATH} /usr/bin/cmake /home/pi/Desktop/scrap_ws/src/velodyne/velodyne -DAMENT_CMAKE_SYMLINK_INSTALL=1 -DCMAKE_INSTALL_PREFIX=/home/pi/Desktop/scrap_ws/install/velodyne
[301.425s] DEBUG:colcon.colcon_core.event_handler.log_command:Invoking command in '/home/pi/Desktop/scrap_ws/build/velodyne': AMENT_PREFIX_PATH=/home/pi/Desktop/scrap_ws/install/velodyne_pointcloud:/home/pi/Desktop/scrap_ws/install/velodyne_driver:/home/pi/Desktop/scrap_ws/install/velodyne_msgs:/home/pi/Desktop/scrap_ws/install/velodyne_laserscan:${AMENT_PREFIX_PATH} CMAKE_PREFIX_PATH=/home/pi/Desktop/scrap_ws/install/velodyne_pointcloud:/home/pi/Desktop/scrap_ws/install/velodyne_driver:/home/pi/Desktop/scrap_ws/install/velodyne_msgs:/home/pi/Desktop/scrap_ws/install/velodyne_laserscan:/opt/ros/humble LD_LIBRARY_PATH=/home/pi/Desktop/scrap_ws/install/velodyne_pointcloud/lib:/home/pi/Desktop/scrap_ws/install/velodyne_driver/lib:/home/pi/Desktop/scrap_ws/install/velodyne_msgs/lib:/home/pi/Desktop/scrap_ws/install/velodyne_laserscan/lib:${LD_LIBRARY_PATH} PYTHONPATH=/home/pi/Desktop/scrap_ws/install/velodyne_msgs/local/lib/python3.10/dist-packages:${PYTHONPATH} /usr/bin/cmake --build /home/pi/Desktop/scrap_ws/build/velodyne -- -j4 -l4
[301.604s] DEBUG:colcon.colcon_core.event_handler.log_command:Invoked command in '/home/pi/Desktop/scrap_ws/build/velodyne' returned '0': AMENT_PREFIX_PATH=/home/pi/Desktop/scrap_ws/install/velodyne_pointcloud:/home/pi/Desktop/scrap_ws/install/velodyne_driver:/home/pi/Desktop/scrap_ws/install/velodyne_msgs:/home/pi/Desktop/scrap_ws/install/velodyne_laserscan:${AMENT_PREFIX_PATH} CMAKE_PREFIX_PATH=/home/pi/Desktop/scrap_ws/install/velodyne_pointcloud:/home/pi/Desktop/scrap_ws/install/velodyne_driver:/home/pi/Desktop/scrap_ws/install/velodyne_msgs:/home/pi/Desktop/scrap_ws/install/velodyne_laserscan:/opt/ros/humble LD_LIBRARY_PATH=/home/pi/Desktop/scrap_ws/install/velodyne_pointcloud/lib:/home/pi/Desktop/scrap_ws/install/velodyne_driver/lib:/home/pi/Desktop/scrap_ws/install/velodyne_msgs/lib:/home/pi/Desktop/scrap_ws/install/velodyne_laserscan/lib:${LD_LIBRARY_PATH} PYTHONPATH=/home/pi/Desktop/scrap_ws/install/velodyne_msgs/local/lib/python3.10/dist-packages:${PYTHONPATH} /usr/bin/cmake --build /home/pi/Desktop/scrap_ws/build/velodyne -- -j4 -l4
[301.724s] DEBUG:colcon.colcon_core.event_handler.log_command:Invoking command in '/home/pi/Desktop/scrap_ws/build/velodyne': AMENT_PREFIX_PATH=/home/pi/Desktop/scrap_ws/install/velodyne_pointcloud:/home/pi/Desktop/scrap_ws/install/velodyne_driver:/home/pi/Desktop/scrap_ws/install/velodyne_msgs:/home/pi/Desktop/scrap_ws/install/velodyne_laserscan:${AMENT_PREFIX_PATH} CMAKE_PREFIX_PATH=/home/pi/Desktop/scrap_ws/install/velodyne_pointcloud:/home/pi/Desktop/scrap_ws/install/velodyne_driver:/home/pi/Desktop/scrap_ws/install/velodyne_msgs:/home/pi/Desktop/scrap_ws/install/velodyne_laserscan:/opt/ros/humble LD_LIBRARY_PATH=/home/pi/Desktop/scrap_ws/install/velodyne_pointcloud/lib:/home/pi/Desktop/scrap_ws/install/velodyne_driver/lib:/home/pi/Desktop/scrap_ws/install/velodyne_msgs/lib:/home/pi/Desktop/scrap_ws/install/velodyne_laserscan/lib:${LD_LIBRARY_PATH} PYTHONPATH=/home/pi/Desktop/scrap_ws/install/velodyne_msgs/local/lib/python3.10/dist-packages:${PYTHONPATH} /usr/bin/cmake --install /home/pi/Desktop/scrap_ws/build/velodyne
[302.630s] Level 1:colcon.colcon_core.environment:create_environment_scripts_only(velodyne)
[302.632s] DEBUG:colcon.colcon_core.event_handler.log_command:Invoked command in '/home/pi/Desktop/scrap_ws/build/velodyne' returned '0': AMENT_PREFIX_PATH=/home/pi/Desktop/scrap_ws/install/velodyne_pointcloud:/home/pi/Desktop/scrap_ws/install/velodyne_driver:/home/pi/Desktop/scrap_ws/install/velodyne_msgs:/home/pi/Desktop/scrap_ws/install/velodyne_laserscan:${AMENT_PREFIX_PATH} CMAKE_PREFIX_PATH=/home/pi/Desktop/scrap_ws/install/velodyne_pointcloud:/home/pi/Desktop/scrap_ws/install/velodyne_driver:/home/pi/Desktop/scrap_ws/install/velodyne_msgs:/home/pi/Desktop/scrap_ws/install/velodyne_laserscan:/opt/ros/humble LD_LIBRARY_PATH=/home/pi/Desktop/scrap_ws/install/velodyne_pointcloud/lib:/home/pi/Desktop/scrap_ws/install/velodyne_driver/lib:/home/pi/Desktop/scrap_ws/install/velodyne_msgs/lib:/home/pi/Desktop/scrap_ws/install/velodyne_laserscan/lib:${LD_LIBRARY_PATH} PYTHONPATH=/home/pi/Desktop/scrap_ws/install/velodyne_msgs/local/lib/python3.10/dist-packages:${PYTHONPATH} /usr/bin/cmake --install /home/pi/Desktop/scrap_ws/build/velodyne
[302.714s] Level 1:colcon.colcon_core.environment:checking '/home/pi/Desktop/scrap_ws/install/velodyne' for CMake module files
[302.717s] Level 1:colcon.colcon_core.environment:checking '/home/pi/Desktop/scrap_ws/install/velodyne' for CMake config files
[302.719s] Level 1:colcon.colcon_core.shell:create_environment_hook('velodyne', 'cmake_prefix_path')
[302.796s] INFO:colcon.colcon_core.shell:Creating environment hook '/home/pi/Desktop/scrap_ws/install/velodyne/share/velodyne/hook/cmake_prefix_path.ps1'
[302.799s] INFO:colcon.colcon_core.shell:Creating environment descriptor '/home/pi/Desktop/scrap_ws/install/velodyne/share/velodyne/hook/cmake_prefix_path.dsv'
[302.800s] INFO:colcon.colcon_core.shell:Creating environment hook '/home/pi/Desktop/scrap_ws/install/velodyne/share/velodyne/hook/cmake_prefix_path.sh'
[302.803s] Level 1:colcon.colcon_core.environment:checking '/home/pi/Desktop/scrap_ws/install/velodyne/bin'
[302.803s] Level 1:colcon.colcon_core.environment:checking '/home/pi/Desktop/scrap_ws/install/velodyne/lib/pkgconfig/velodyne.pc'
[302.804s] Level 1:colcon.colcon_core.environment:checking '/home/pi/Desktop/scrap_ws/install/velodyne/lib/python3.10/site-packages'
[302.805s] Level 1:colcon.colcon_core.environment:checking '/home/pi/Desktop/scrap_ws/install/velodyne/bin'
[302.884s] INFO:colcon.colcon_core.shell:Creating package script '/home/pi/Desktop/scrap_ws/install/velodyne/share/velodyne/package.ps1'
[302.886s] INFO:colcon.colcon_core.shell:Creating package descriptor '/home/pi/Desktop/scrap_ws/install/velodyne/share/velodyne/package.dsv'
[302.888s] INFO:colcon.colcon_core.shell:Creating package script '/home/pi/Desktop/scrap_ws/install/velodyne/share/velodyne/package.sh'
[302.889s] INFO:colcon.colcon_core.shell:Creating package script '/home/pi/Desktop/scrap_ws/install/velodyne/share/velodyne/package.bash'
[302.891s] INFO:colcon.colcon_core.shell:Creating package script '/home/pi/Desktop/scrap_ws/install/velodyne/share/velodyne/package.zsh'
[302.892s] Level 1:colcon.colcon_core.environment:create_file_with_runtime_dependencies(/home/pi/Desktop/scrap_ws/install/velodyne/share/colcon-core/packages/velodyne)
[303.076s] Level 1:colcon.colcon_core.environment:create_environment_scripts_only(velodyne)
[303.155s] Level 1:colcon.colcon_core.environment:checking '/home/pi/Desktop/scrap_ws/install/velodyne' for CMake module files
[303.158s] Level 1:colcon.colcon_core.environment:checking '/home/pi/Desktop/scrap_ws/install/velodyne' for CMake config files
[303.161s] Level 1:colcon.colcon_core.shell:create_environment_hook('velodyne', 'cmake_prefix_path')
[303.239s] INFO:colcon.colcon_core.shell:Creating environment hook '/home/pi/Desktop/scrap_ws/install/velodyne/share/velodyne/hook/cmake_prefix_path.ps1'
[303.241s] INFO:colcon.colcon_core.shell:Creating environment descriptor '/home/pi/Desktop/scrap_ws/install/velodyne/share/velodyne/hook/cmake_prefix_path.dsv'
[303.243s] INFO:colcon.colcon_core.shell:Creating environment hook '/home/pi/Desktop/scrap_ws/install/velodyne/share/velodyne/hook/cmake_prefix_path.sh'
[303.245s] Level 1:colcon.colcon_core.environment:checking '/home/pi/Desktop/scrap_ws/install/velodyne/bin'
[303.246s] Level 1:colcon.colcon_core.environment:checking '/home/pi/Desktop/scrap_ws/install/velodyne/lib/pkgconfig/velodyne.pc'
[303.247s] Level 1:colcon.colcon_core.environment:checking '/home/pi/Desktop/scrap_ws/install/velodyne/lib/python3.10/site-packages'
[303.248s] Level 1:colcon.colcon_core.environment:checking '/home/pi/Desktop/scrap_ws/install/velodyne/bin'
[303.326s] INFO:colcon.colcon_core.shell:Creating package script '/home/pi/Desktop/scrap_ws/install/velodyne/share/velodyne/package.ps1'
[303.329s] INFO:colcon.colcon_core.shell:Creating package descriptor '/home/pi/Desktop/scrap_ws/install/velodyne/share/velodyne/package.dsv'
[303.331s] INFO:colcon.colcon_core.shell:Creating package script '/home/pi/Desktop/scrap_ws/install/velodyne/share/velodyne/package.sh'
[303.333s] INFO:colcon.colcon_core.shell:Creating package script '/home/pi/Desktop/scrap_ws/install/velodyne/share/velodyne/package.bash'
[303.336s] INFO:colcon.colcon_core.shell:Creating package script '/home/pi/Desktop/scrap_ws/install/velodyne/share/velodyne/package.zsh'
[303.338s] Level 1:colcon.colcon_core.environment:create_file_with_runtime_dependencies(/home/pi/Desktop/scrap_ws/install/velodyne/share/colcon-core/packages/velodyne)
[303.339s] DEBUG:colcon.colcon_parallel_executor.executor.parallel:closing loop
[303.340s] DEBUG:colcon.colcon_parallel_executor.executor.parallel:loop closed
[303.341s] DEBUG:colcon.colcon_parallel_executor.executor.parallel:run_until_complete finished with '0'
[303.342s] DEBUG:colcon.colcon_core.event_reactor:joining thread
[303.470s] INFO:colcon.colcon_core.plugin_system:Skipping extension 'colcon_notification.desktop_notification.terminal_notifier': Not used on non-Darwin systems
[303.470s] INFO:colcon.colcon_core.plugin_system:Skipping extension 'colcon_notification.desktop_notification.win32': Not used on non-Windows systems
[303.470s] INFO:colcon.colcon_notification.desktop_notification:Sending desktop notification using 'notify2'
[303.528s] DEBUG:colcon.colcon_core.event_reactor:joined thread
[303.607s] INFO:colcon.colcon_core.shell:Creating prefix script '/home/pi/Desktop/scrap_ws/install/local_setup.ps1'
[303.613s] INFO:colcon.colcon_core.shell:Creating prefix util module '/home/pi/Desktop/scrap_ws/install/_local_setup_util_ps1.py'
[303.644s] INFO:colcon.colcon_core.shell:Creating prefix chain script '/home/pi/Desktop/scrap_ws/install/setup.ps1'
[303.749s] INFO:colcon.colcon_core.shell:Creating prefix script '/home/pi/Desktop/scrap_ws/install/local_setup.sh'
[303.773s] INFO:colcon.colcon_core.shell:Creating prefix util module '/home/pi/Desktop/scrap_ws/install/_local_setup_util_sh.py'
[303.777s] INFO:colcon.colcon_core.shell:Creating prefix chain script '/home/pi/Desktop/scrap_ws/install/setup.sh'
[303.863s] INFO:colcon.colcon_core.shell:Creating prefix script '/home/pi/Desktop/scrap_ws/install/local_setup.bash'
[303.884s] INFO:colcon.colcon_core.shell:Creating prefix chain script '/home/pi/Desktop/scrap_ws/install/setup.bash'
[303.971s] INFO:colcon.colcon_core.shell:Creating prefix script '/home/pi/Desktop/scrap_ws/install/local_setup.zsh'
[303.975s] INFO:colcon.colcon_core.shell:Creating prefix chain script '/home/pi/Desktop/scrap_ws/install/setup.zsh'
