-- The C compiler identification is GNU 11.4.0
-- The CXX compiler identification is GNU 11.4.0
-- Detecting C compiler ABI info
-- Detecting C compiler ABI info - done
-- Check for working C compiler: /usr/bin/cc - skipped
-- Detecting C compile features
-- Detecting C compile features - done
-- Detecting CXX compiler ABI info
-- Detecting CXX compiler ABI info - done
-- Check for working CXX compiler: /usr/bin/c++ - skipped
-- Detecting CXX compile features
-- Detecting CXX compile features - done
-- Found ament_cmake: 1.3.5 (/opt/ros/humble/share/ament_cmake/cmake)
-- Found Python3: /usr/bin/python3.10 (found version "3.10.12") found components: Interpreter 
-- Override CMake install command with custom implementation using symlinks instead of copying resources
-- Found angles: 1.15.0 (/opt/ros/humble/share/angles/cmake)
-- Found diagnostic_updater: 3.1.2 (/opt/ros/humble/share/diagnostic_updater/cmake)
-- Found rosidl_generator_c: 3.1.5 (/opt/ros/humble/share/rosidl_generator_c/cmake)
-- Found rosidl_adapter: 3.1.5 (/opt/ros/humble/share/rosidl_adapter/cmake)
-- Found rosidl_generator_cpp: 3.1.5 (/opt/ros/humble/share/rosidl_generator_cpp/cmake)
-- Using all available rosidl_typesupport_c: rosidl_typesupport_fastrtps_c;rosidl_typesupport_introspection_c
-- Using all available rosidl_typesupport_cpp: rosidl_typesupport_fastrtps_cpp;rosidl_typesupport_introspection_cpp
-- Found rmw_implementation_cmake: 6.1.1 (/opt/ros/humble/share/rmw_implementation_cmake/cmake)
-- Found rmw_fastrtps_cpp: 6.2.4 (/opt/ros/humble/share/rmw_fastrtps_cpp/cmake)
-- Found OpenSSL: /usr/lib/aarch64-linux-gnu/libcrypto.so (found version "3.0.2")  
-- Found FastRTPS: /opt/ros/humble/include  
-- Using RMW implementation 'rmw_fastrtps_cpp' as default
-- Looking for pthread.h
-- Looking for pthread.h - found
-- Performing Test CMAKE_HAVE_LIBC_PTHREAD
-- Performing Test CMAKE_HAVE_LIBC_PTHREAD - Success
-- Found Threads: TRUE  
-- Found geometry_msgs: 4.2.3 (/opt/ros/humble/share/geometry_msgs/cmake)
-- Found message_filters: 4.3.3 (/opt/ros/humble/share/message_filters/cmake)
-- Checking for module 'eigen3'
--   Found eigen3, version 3.4.0
-- Found Eigen: /usr/include/eigen3 (Required is at least version "3.1") 
-- Eigen found (include: /usr/include/eigen3, version: 3.4.0)
-- Found Boost: /usr/lib/aarch64-linux-gnu/cmake/Boost-1.74.0/BoostConfig.cmake (found suitable version "1.74.0", minimum required is "1.65.0") found components: system filesystem date_time iostreams serialization 
-- looking for PCL_COMMON
-- Found PCL_COMMON: /usr/lib/aarch64-linux-gnu/libpcl_common.so  
-- Found PCL: pcl_common;Boost::system;Boost::filesystem;Boost::date_time;Boost::iostreams;Boost::serialization  
-- Found rclcpp_components: 16.0.6 (/opt/ros/humble/share/rclcpp_components/cmake)
-- Found sensor_msgs: 4.2.3 (/opt/ros/humble/share/sensor_msgs/cmake)
-- Found tf2: 0.25.4 (/opt/ros/humble/share/tf2/cmake)
-- Found tf2_ros: 0.25.4 (/opt/ros/humble/share/tf2_ros/cmake)
-- Found velodyne_msgs: 2.4.0 (/home/pi/Desktop/scrap_ws/install/velodyne_msgs/share/velodyne_msgs/cmake)
-- Found PkgConfig: /usr/bin/pkg-config (found version "0.29.2") 
-- Checking for module 'yaml-cpp'
--   Found yaml-cpp, version 0.7.0
-- Found ament_lint_auto: 0.12.8 (/opt/ros/humble/share/ament_lint_auto/cmake)
-- Found gtest sources under '/opt/ros/humble/src/gtest_vendor': C++ tests using 'Google Test' will be built
-- Added test 'copyright' to check source files copyright and LICENSE
-- Added test 'cppcheck' to perform static code analysis on C / C++ code
-- Configured cppcheck include dirs: /home/pi/Desktop/scrap_ws/src/velodyne/velodyne_pointcloud/include
-- Configured cppcheck exclude dirs and/or files: 
-- Added test 'cpplint' to check C / C++ code against the Google style
-- Configured cpplint exclude dirs and/or files: 
-- Added test 'flake8' to check Python code syntax and style conventions
-- Added test 'lint_cmake' to check CMake code style
-- Added test 'pep257' to check Python code against some of the docstring style conventions in PEP 257
-- Added test 'uncrustify' to check C / C++ code style
-- Configured uncrustify additional arguments: 
-- Configuring done
-- Generating done
-- Build files have been written to: /home/pi/Desktop/scrap_ws/build/velodyne_pointcloud
[  5%] [32mBuilding CXX object src/lib/CMakeFiles/velodyne_cloud_types.dir/pointcloudXYZIRT.cpp.o[0m
[ 11%] [32mBuilding CXX object src/lib/CMakeFiles/velodyne_rawdata.dir/rawdata.cpp.o[0m
[ 16%] [32mBuilding CXX object src/lib/CMakeFiles/velodyne_cloud_types.dir/organized_cloudXYZIRT.cpp.o[0m
[ 22%] [32mBuilding CXX object src/lib/CMakeFiles/velodyne_rawdata.dir/calibration.cpp.o[0m
[ 27%] [32m[1mLinking CXX shared library libvelodyne_rawdata.so[0m
[ 27%] Built target velodyne_rawdata
[ 33%] [32m[1mLinking CXX shared library libvelodyne_cloud_types.so[0m
[ 33%] Built target velodyne_cloud_types
[ 44%] [32mBuilding CXX object gtest/CMakeFiles/gtest.dir/src/gtest-all.cc.o[0m
[ 44%] [32mBuilding CXX object gtest/CMakeFiles/gtest_main.dir/src/gtest_main.cc.o[0m
[ 50%] [32m[1mLinking CXX static library libgtest_main.a[0m
[ 50%] Built target gtest_main
[ 55%] [32mBuilding CXX object CMakeFiles/transform.dir/src/conversions/transform.cpp.o[0m
[ 61%] [32m[1mLinking CXX static library libgtest.a[0m
[ 61%] Built target gtest
[ 66%] [32mBuilding CXX object tests/CMakeFiles/test_row_step.dir/test_row_step.cpp.o[0m
[ 72%] [32mBuilding CXX object tests/CMakeFiles/test_calibration.dir/test_calibration.cpp.o[0m
[ 77%] [32m[1mLinking CXX executable test_calibration[0m
[ 77%] Built target test_calibration
In file included from [01m[K/usr/include/eigen3/Eigen/Core:214[m[K,
                 from [01m[K/home/pi/Desktop/scrap_ws/src/velodyne/velodyne_pointcloud/include/velodyne_pointcloud/datacontainerbase.hpp:43[m[K,
                 from [01m[K/home/pi/Desktop/scrap_ws/src/velodyne/velodyne_pointcloud/tests/test_row_step.cpp:39[m[K:
[01m[K/usr/include/eigen3/Eigen/src/Core/arch/NEON/PacketMath.h:[m[K In function ‘[01m[KPacket Eigen::internal::pload(const typename Eigen::internal::unpacket_traits<T>::type*) [with Packet = Eigen::internal::eigen_packet_wrapper<int, 2>; typename Eigen::internal::unpacket_traits<T>::type = signed char][m[K’:
[01m[K/usr/include/eigen3/Eigen/src/Core/arch/NEON/PacketMath.h:1671:9:[m[K [01;35m[Kwarning: [m[K‘[01m[Kvoid* memcpy(void*, const void*, size_t)[m[K’ copying an object of non-trivial type ‘[01m[KEigen::internal::Packet4c[m[K’ {aka ‘[01m[Kstruct Eigen::internal::eigen_packet_wrapper<int, 2>[m[K’} from an array of ‘[01m[Kconst int8_t[m[K’ {aka ‘[01m[Kconst signed char[m[K’} [[01;35m[K]8;;https://gcc.gnu.org/onlinedocs/gcc/Warning-Options.html#index-Wclass-memaccess-Wclass-memaccess]8;;[m[K]
 1671 |   [01;35m[Kmemcpy(&res, from, sizeof(Packet4c))[m[K;
      |   [01;35m[K~~~~~~^~~~~~~~~~~~~~~~~~~~~~~~~~~~~~[m[K
In file included from [01m[K/usr/include/eigen3/Eigen/Core:172[m[K,
                 from [01m[K/home/pi/Desktop/scrap_ws/src/velodyne/velodyne_pointcloud/include/velodyne_pointcloud/datacontainerbase.hpp:43[m[K,
                 from [01m[K/home/pi/Desktop/scrap_ws/src/velodyne/velodyne_pointcloud/tests/test_row_step.cpp:39[m[K:
[01m[K/usr/include/eigen3/Eigen/src/Core/GenericPacketMath.h:159:8:[m[K [01;36m[Knote: [m[K‘[01m[KEigen::internal::Packet4c[m[K’ {aka ‘[01m[Kstruct Eigen::internal::eigen_packet_wrapper<int, 2>[m[K’} declared here
  159 | struct [01;36m[Keigen_packet_wrapper[m[K
      |        [01;36m[K^~~~~~~~~~~~~~~~~~~~[m[K
In file included from [01m[K/usr/include/eigen3/Eigen/Core:214[m[K,
                 from [01m[K/home/pi/Desktop/scrap_ws/src/velodyne/velodyne_pointcloud/include/velodyne_pointcloud/datacontainerbase.hpp:43[m[K,
                 from [01m[K/home/pi/Desktop/scrap_ws/src/velodyne/velodyne_pointcloud/tests/test_row_step.cpp:39[m[K:
[01m[K/usr/include/eigen3/Eigen/src/Core/arch/NEON/PacketMath.h:[m[K In function ‘[01m[KPacket Eigen::internal::ploadu(const typename Eigen::internal::unpacket_traits<T>::type*) [with Packet = Eigen::internal::eigen_packet_wrapper<int, 2>; typename Eigen::internal::unpacket_traits<T>::type = signed char][m[K’:
[01m[K/usr/include/eigen3/Eigen/src/Core/arch/NEON/PacketMath.h:1716:9:[m[K [01;35m[Kwarning: [m[K‘[01m[Kvoid* memcpy(void*, const void*, size_t)[m[K’ copying an object of non-trivial type ‘[01m[KEigen::internal::Packet4c[m[K’ {aka ‘[01m[Kstruct Eigen::internal::eigen_packet_wrapper<int, 2>[m[K’} from an array of ‘[01m[Kconst int8_t[m[K’ {aka ‘[01m[Kconst signed char[m[K’} [[01;35m[K]8;;https://gcc.gnu.org/onlinedocs/gcc/Warning-Options.html#index-Wclass-memaccess-Wclass-memaccess]8;;[m[K]
 1716 |   [01;35m[Kmemcpy(&res, from, sizeof(Packet4c))[m[K;
      |   [01;35m[K~~~~~~^~~~~~~~~~~~~~~~~~~~~~~~~~~~~~[m[K
In file included from [01m[K/usr/include/eigen3/Eigen/Core:172[m[K,
                 from [01m[K/home/pi/Desktop/scrap_ws/src/velodyne/velodyne_pointcloud/include/velodyne_pointcloud/datacontainerbase.hpp:43[m[K,
                 from [01m[K/home/pi/Desktop/scrap_ws/src/velodyne/velodyne_pointcloud/tests/test_row_step.cpp:39[m[K:
[01m[K/usr/include/eigen3/Eigen/src/Core/GenericPacketMath.h:159:8:[m[K [01;36m[Knote: [m[K‘[01m[KEigen::internal::Packet4c[m[K’ {aka ‘[01m[Kstruct Eigen::internal::eigen_packet_wrapper<int, 2>[m[K’} declared here
  159 | struct [01;36m[Keigen_packet_wrapper[m[K
      |        [01;36m[K^~~~~~~~~~~~~~~~~~~~[m[K
[ 83%] [32m[1mLinking CXX executable test_row_step[0m
[ 83%] Built target test_row_step
[ 88%] [32m[1mLinking CXX shared library libtransform.so[0m
[ 88%] Built target transform
[ 94%] [32mBuilding CXX object CMakeFiles/velodyne_transform_node.dir/src/conversions/transform_node.cpp.o[0m
[100%] [32m[1mLinking CXX executable velodyne_transform_node[0m
[100%] Built target velodyne_transform_node
-- Install configuration: ""
-- Execute custom install script
-- Symlinking: /home/pi/Desktop/scrap_ws/install/velodyne_pointcloud/lib/libvelodyne_cloud_types.so
-- Symlinking: /home/pi/Desktop/scrap_ws/install/velodyne_pointcloud/lib/libvelodyne_rawdata.so
-- Symlinking: /home/pi/Desktop/scrap_ws/install/velodyne_pointcloud/lib/libtransform.so
-- Symlinking: /home/pi/Desktop/scrap_ws/install/velodyne_pointcloud/lib/velodyne_pointcloud/velodyne_transform_node
-- Symlinking: /home/pi/Desktop/scrap_ws/install/velodyne_pointcloud/include/velodyne_pointcloud/calibration.hpp
-- Symlinking: /home/pi/Desktop/scrap_ws/install/velodyne_pointcloud/include/velodyne_pointcloud/datacontainerbase.hpp
-- Symlinking: /home/pi/Desktop/scrap_ws/install/velodyne_pointcloud/include/velodyne_pointcloud/organized_cloudXYZIRT.hpp
-- Symlinking: /home/pi/Desktop/scrap_ws/install/velodyne_pointcloud/include/velodyne_pointcloud/pointcloudXYZIRT.hpp
-- Symlinking: /home/pi/Desktop/scrap_ws/install/velodyne_pointcloud/include/velodyne_pointcloud/rawdata.hpp
-- Symlinking: /home/pi/Desktop/scrap_ws/install/velodyne_pointcloud/include/velodyne_pointcloud/transform.hpp
-- Symlinking: /home/pi/Desktop/scrap_ws/install/velodyne_pointcloud/share/velodyne_pointcloud/config/VLP16-velodyne_transform_node-params.yaml
-- Symlinking: /home/pi/Desktop/scrap_ws/install/velodyne_pointcloud/share/velodyne_pointcloud/config/VLP32C-velodyne_transform_node-params.yaml
-- Symlinking: /home/pi/Desktop/scrap_ws/install/velodyne_pointcloud/share/velodyne_pointcloud/config/VLS128-velodyne_transform_node-params.yaml
-- Symlinking: /home/pi/Desktop/scrap_ws/install/velodyne_pointcloud/share/velodyne_pointcloud/launch/velodyne_transform_node-VLP16-composed-launch.py
-- Symlinking: /home/pi/Desktop/scrap_ws/install/velodyne_pointcloud/share/velodyne_pointcloud/launch/velodyne_transform_node-VLP16-launch.py
-- Symlinking: /home/pi/Desktop/scrap_ws/install/velodyne_pointcloud/share/velodyne_pointcloud/launch/velodyne_transform_node-VLP32C-composed-launch.py
-- Symlinking: /home/pi/Desktop/scrap_ws/install/velodyne_pointcloud/share/velodyne_pointcloud/launch/velodyne_transform_node-VLP32C-launch.py
-- Symlinking: /home/pi/Desktop/scrap_ws/install/velodyne_pointcloud/share/velodyne_pointcloud/launch/velodyne_transform_node-VLS128-composed-launch.py
-- Symlinking: /home/pi/Desktop/scrap_ws/install/velodyne_pointcloud/share/velodyne_pointcloud/launch/velodyne_transform_node-VLS128-launch.py
-- Symlinking: /home/pi/Desktop/scrap_ws/install/velodyne_pointcloud/share/velodyne_pointcloud/params/32db.yaml
-- Symlinking: /home/pi/Desktop/scrap_ws/install/velodyne_pointcloud/share/velodyne_pointcloud/params/64e_s2.1-sztaki.yaml
-- Symlinking: /home/pi/Desktop/scrap_ws/install/velodyne_pointcloud/share/velodyne_pointcloud/params/64e_s3-xiesc.yaml
-- Symlinking: /home/pi/Desktop/scrap_ws/install/velodyne_pointcloud/share/velodyne_pointcloud/params/64e_utexas.yaml
-- Symlinking: /home/pi/Desktop/scrap_ws/install/velodyne_pointcloud/share/velodyne_pointcloud/params/VLP16_hires_db.yaml
-- Symlinking: /home/pi/Desktop/scrap_ws/install/velodyne_pointcloud/share/velodyne_pointcloud/params/VLP16db.yaml
-- Symlinking: /home/pi/Desktop/scrap_ws/install/velodyne_pointcloud/share/velodyne_pointcloud/params/VLS128.yaml
-- Symlinking: /home/pi/Desktop/scrap_ws/install/velodyne_pointcloud/share/velodyne_pointcloud/params/VeloView-VLP-32C.yaml
-- Symlinking: /home/pi/Desktop/scrap_ws/install/velodyne_pointcloud/share/velodyne_pointcloud/params/issue_84_float_intensities.yaml
-- Symlinking: /home/pi/Desktop/scrap_ws/install/velodyne_pointcloud/share/velodyne_pointcloud/params/rviz_points.vcg
-- Symlinking: /home/pi/Desktop/scrap_ws/install/velodyne_pointcloud/share/ament_index/resource_index/package_run_dependencies/velodyne_pointcloud
-- Symlinking: /home/pi/Desktop/scrap_ws/install/velodyne_pointcloud/share/ament_index/resource_index/parent_prefix_path/velodyne_pointcloud
-- Symlinking: /home/pi/Desktop/scrap_ws/install/velodyne_pointcloud/share/velodyne_pointcloud/environment/ament_prefix_path.sh
-- Symlinking: /home/pi/Desktop/scrap_ws/install/velodyne_pointcloud/share/velodyne_pointcloud/environment/ament_prefix_path.dsv
-- Symlinking: /home/pi/Desktop/scrap_ws/install/velodyne_pointcloud/share/velodyne_pointcloud/environment/path.sh
-- Symlinking: /home/pi/Desktop/scrap_ws/install/velodyne_pointcloud/share/velodyne_pointcloud/environment/path.dsv
-- Symlinking: /home/pi/Desktop/scrap_ws/install/velodyne_pointcloud/share/velodyne_pointcloud/local_setup.bash
-- Symlinking: /home/pi/Desktop/scrap_ws/install/velodyne_pointcloud/share/velodyne_pointcloud/local_setup.sh
-- Symlinking: /home/pi/Desktop/scrap_ws/install/velodyne_pointcloud/share/velodyne_pointcloud/local_setup.zsh
-- Symlinking: /home/pi/Desktop/scrap_ws/install/velodyne_pointcloud/share/velodyne_pointcloud/local_setup.dsv
-- Symlinking: /home/pi/Desktop/scrap_ws/install/velodyne_pointcloud/share/velodyne_pointcloud/package.dsv
-- Symlinking: /home/pi/Desktop/scrap_ws/install/velodyne_pointcloud/share/ament_index/resource_index/packages/velodyne_pointcloud
-- Symlinking: /home/pi/Desktop/scrap_ws/install/velodyne_pointcloud/share/ament_index/resource_index/rclcpp_components/velodyne_pointcloud
-- Symlinking: /home/pi/Desktop/scrap_ws/install/velodyne_pointcloud/share/velodyne_pointcloud/cmake/velodyne_pointcloudConfig.cmake
-- Symlinking: /home/pi/Desktop/scrap_ws/install/velodyne_pointcloud/share/velodyne_pointcloud/cmake/velodyne_pointcloudConfig-version.cmake
-- Symlinking: /home/pi/Desktop/scrap_ws/install/velodyne_pointcloud/share/velodyne_pointcloud/package.xml
