[0.020s] Invoking command in '/home/dayo/Desktop/scrap_ws/build/velodyne_laserscan': CMAKE_PREFIX_PATH=${CMAKE_PREFIX_PATH}:/opt/ros/iron /usr/bin/cmake --build /home/dayo/Desktop/scrap_ws/build/velodyne_laserscan -- -j2 -l2
[0.128s] [ 50%] Built target velodyne_laserscan
[0.173s] [100%] Built target velodyne_laserscan_node
[0.207s] Invoked command in '/home/dayo/Desktop/scrap_ws/build/velodyne_laserscan' returned '0': CMAKE_PREFIX_PATH=${CMAKE_PREFIX_PATH}:/opt/ros/iron /usr/bin/cmake --build /home/dayo/Desktop/scrap_ws/build/velodyne_laserscan -- -j2 -l2
[0.267s] Invoking command in '/home/dayo/Desktop/scrap_ws/build/velodyne_laserscan': CMAKE_PREFIX_PATH=${CMAKE_PREFIX_PATH}:/opt/ros/iron /usr/bin/cmake --install /home/dayo/Desktop/scrap_ws/build/velodyne_laserscan
[0.275s] -- Install configuration: ""
[0.276s] -- Up-to-date: /home/dayo/Desktop/scrap_ws/install/velodyne_laserscan/lib/libvelodyne_laserscan.so
[0.276s] -- Up-to-date: /home/dayo/Desktop/scrap_ws/install/velodyne_laserscan/lib/velodyne_laserscan/velodyne_laserscan_node
[0.276s] -- Up-to-date: /home/dayo/Desktop/scrap_ws/install/velodyne_laserscan/include/velodyne_laserscan
[0.276s] -- Up-to-date: /home/dayo/Desktop/scrap_ws/install/velodyne_laserscan/include/velodyne_laserscan/velodyne_laserscan.hpp
[0.276s] -- Up-to-date: /home/dayo/Desktop/scrap_ws/install/velodyne_laserscan/share/velodyne_laserscan/config
[0.276s] -- Up-to-date: /home/dayo/Desktop/scrap_ws/install/velodyne_laserscan/share/velodyne_laserscan/config/default-velodyne_laserscan_node-params.yaml
[0.277s] -- Up-to-date: /home/dayo/Desktop/scrap_ws/install/velodyne_laserscan/share/velodyne_laserscan/launch
[0.277s] -- Up-to-date: /home/dayo/Desktop/scrap_ws/install/velodyne_laserscan/share/velodyne_laserscan/launch/velodyne_laserscan_node-composed-launch.py
[0.277s] -- Up-to-date: /home/dayo/Desktop/scrap_ws/install/velodyne_laserscan/share/velodyne_laserscan/launch/velodyne_laserscan_node-launch.py
[0.277s] -- Up-to-date: /home/dayo/Desktop/scrap_ws/install/velodyne_laserscan/share/ament_index/resource_index/package_run_dependencies/velodyne_laserscan
[0.277s] -- Up-to-date: /home/dayo/Desktop/scrap_ws/install/velodyne_laserscan/share/ament_index/resource_index/parent_prefix_path/velodyne_laserscan
[0.277s] -- Up-to-date: /home/dayo/Desktop/scrap_ws/install/velodyne_laserscan/share/velodyne_laserscan/environment/ament_prefix_path.sh
[0.278s] -- Up-to-date: /home/dayo/Desktop/scrap_ws/install/velodyne_laserscan/share/velodyne_laserscan/environment/ament_prefix_path.dsv
[0.278s] -- Up-to-date: /home/dayo/Desktop/scrap_ws/install/velodyne_laserscan/share/velodyne_laserscan/environment/path.sh
[0.278s] -- Up-to-date: /home/dayo/Desktop/scrap_ws/install/velodyne_laserscan/share/velodyne_laserscan/environment/path.dsv
[0.278s] -- Up-to-date: /home/dayo/Desktop/scrap_ws/install/velodyne_laserscan/share/velodyne_laserscan/local_setup.bash
[0.278s] -- Up-to-date: /home/dayo/Desktop/scrap_ws/install/velodyne_laserscan/share/velodyne_laserscan/local_setup.sh
[0.278s] -- Up-to-date: /home/dayo/Desktop/scrap_ws/install/velodyne_laserscan/share/velodyne_laserscan/local_setup.zsh
[0.278s] -- Up-to-date: /home/dayo/Desktop/scrap_ws/install/velodyne_laserscan/share/velodyne_laserscan/local_setup.dsv
[0.278s] -- Installing: /home/dayo/Desktop/scrap_ws/install/velodyne_laserscan/share/velodyne_laserscan/package.dsv
[0.278s] -- Up-to-date: /home/dayo/Desktop/scrap_ws/install/velodyne_laserscan/share/ament_index/resource_index/packages/velodyne_laserscan
[0.278s] -- Up-to-date: /home/dayo/Desktop/scrap_ws/install/velodyne_laserscan/share/ament_index/resource_index/rclcpp_components/velodyne_laserscan
[0.278s] -- Up-to-date: /home/dayo/Desktop/scrap_ws/install/velodyne_laserscan/share/velodyne_laserscan/cmake/velodyne_laserscanConfig.cmake
[0.278s] -- Up-to-date: /home/dayo/Desktop/scrap_ws/install/velodyne_laserscan/share/velodyne_laserscan/cmake/velodyne_laserscanConfig-version.cmake
[0.278s] -- Up-to-date: /home/dayo/Desktop/scrap_ws/install/velodyne_laserscan/share/velodyne_laserscan/package.xml
[0.285s] Invoked command in '/home/dayo/Desktop/scrap_ws/build/velodyne_laserscan' returned '0': CMAKE_PREFIX_PATH=${CMAKE_PREFIX_PATH}:/opt/ros/iron /usr/bin/cmake --install /home/dayo/Desktop/scrap_ws/build/velodyne_laserscan
