[0.050s] Invoking command in '/home/dayo/Desktop/scrap_ws/build/velodyne_msgs': CMAKE_PREFIX_PATH=${CMAKE_PREFIX_PATH}:/opt/ros/iron /usr/bin/cmake /home/dayo/Desktop/scrap_ws/src/velodyne/velodyne_msgs -DCMAKE_INSTALL_PREFIX=/home/dayo/Desktop/scrap_ws/install/velodyne_msgs
[1.063s] -- The C compiler identification is GNU 11.4.0
[1.437s] -- The CXX compiler identification is GNU 11.4.0
[1.451s] -- Detecting C compiler ABI info
[1.566s] -- Detecting C compiler ABI info - done
[1.572s] -- Check for working C compiler: /usr/bin/cc - skipped
[1.573s] -- Detecting C compile features
[1.577s] -- Detecting C compile features - done
[1.585s] -- Detecting CXX compiler ABI info
[1.721s] -- Detecting CXX compiler ABI info - done
[1.730s] -- Check for working CXX compiler: /usr/bin/c++ - skipped
[1.730s] -- Detecting CXX compile features
[1.732s] -- Detecting CXX compile features - done
[1.873s] -- Found ament_cmake: 2.0.3 (/opt/ros/iron/share/ament_cmake/cmake)
[2.139s] -- Found Python3: /usr/bin/python3.10 (found version "3.10.12") found components: Interpreter 
[2.340s] -- Found builtin_interfaces: 1.6.0 (/opt/ros/iron/share/builtin_interfaces/cmake)
[2.469s] -- Found rosidl_generator_c: 4.0.0 (/opt/ros/iron/share/rosidl_generator_c/cmake)
[2.489s] -- Found rosidl_generator_cpp: 4.0.0 (/opt/ros/iron/share/rosidl_generator_cpp/cmake)
[2.572s] -- Using all available rosidl_typesupport_c: rosidl_typesupport_fastrtps_c;rosidl_typesupport_introspection_c
[2.622s] -- Using all available rosidl_typesupport_cpp: rosidl_typesupport_fastrtps_cpp;rosidl_typesupport_introspection_cpp
[2.707s] -- Found rosidl_default_generators: 1.5.0 (/opt/ros/iron/share/rosidl_default_generators/cmake)
[2.786s] -- Found rosidl_adapter: 4.0.0 (/opt/ros/iron/share/rosidl_adapter/cmake)
[2.811s] -- Found std_msgs: 5.0.0 (/opt/ros/iron/share/std_msgs/cmake)
[3.333s] -- Found ament_cmake_cppcheck: 0.14.1 (/opt/ros/iron/share/ament_cmake_cppcheck/cmake)
[3.351s] -- Found ament_cmake_cpplint: 0.14.1 (/opt/ros/iron/share/ament_cmake_cpplint/cmake)
[3.355s] -- Found ament_cmake_uncrustify: 0.14.1 (/opt/ros/iron/share/ament_cmake_uncrustify/cmake)
[3.359s] -- Found ament_cmake_ros: 0.11.2 (/opt/ros/iron/share/ament_cmake_ros/cmake)
[3.775s] -- Using all available rosidl_typesupport_c: rosidl_typesupport_fastrtps_c;rosidl_typesupport_introspection_c
[3.933s] -- Using all available rosidl_typesupport_cpp: rosidl_typesupport_fastrtps_cpp;rosidl_typesupport_introspection_cpp
[3.956s] -- Found PythonInterp: /usr/bin/python3 (found suitable version "3.10.12", minimum required is "3.6") 
[3.958s] -- Found python_cmake_module: 0.10.2 (/opt/ros/iron/share/python_cmake_module/cmake)
[4.010s] -- Found PythonLibs: /usr/lib/x86_64-linux-gnu/libpython3.10.so (found suitable version "3.10.12", minimum required is "3.5") 
[4.010s] -- Using PYTHON_EXECUTABLE: /usr/bin/python3
[4.010s] -- Using PYTHON_INCLUDE_DIRS: /usr/include/python3.10
[4.010s] -- Using PYTHON_LIBRARIES: /usr/lib/x86_64-linux-gnu/libpython3.10.so
[4.030s] -- Found PythonExtra: .so  
[4.096s] -- Found ament_cmake_flake8: 0.14.1 (/opt/ros/iron/share/ament_cmake_flake8/cmake)
[4.099s] -- Found ament_cmake_pep257: 0.14.1 (/opt/ros/iron/share/ament_cmake_pep257/cmake)
[4.104s] -- Found ament_lint_auto: 0.14.1 (/opt/ros/iron/share/ament_lint_auto/cmake)
[4.156s] -- Added test 'copyright' to check source files copyright and LICENSE
[4.157s] -- Added test 'lint_cmake' to check CMake code style
[4.158s] -- Added test 'xmllint' to check XML markup files
[4.163s] -- Configuring done
[4.262s] -- Generating done
[4.265s] -- Build files have been written to: /home/dayo/Desktop/scrap_ws/build/velodyne_msgs
[4.285s] Invoked command in '/home/dayo/Desktop/scrap_ws/build/velodyne_msgs' returned '0': CMAKE_PREFIX_PATH=${CMAKE_PREFIX_PATH}:/opt/ros/iron /usr/bin/cmake /home/dayo/Desktop/scrap_ws/src/velodyne/velodyne_msgs -DCMAKE_INSTALL_PREFIX=/home/dayo/Desktop/scrap_ws/install/velodyne_msgs
[4.287s] Invoking command in '/home/dayo/Desktop/scrap_ws/build/velodyne_msgs': CMAKE_PREFIX_PATH=${CMAKE_PREFIX_PATH}:/opt/ros/iron /usr/bin/cmake --build /home/dayo/Desktop/scrap_ws/build/velodyne_msgs -- -j2 -l2
[4.370s] [  2%] Built target ament_cmake_python_copy_velodyne_msgs
[4.378s] [  2%] [34m[1mGenerating type hashes for ROS interfaces[0m
[4.750s] running egg_info
[4.753s] creating velodyne_msgs.egg-info
[4.754s] writing velodyne_msgs.egg-info/PKG-INFO
[4.755s] writing dependency_links to velodyne_msgs.egg-info/dependency_links.txt
[4.755s] writing top-level names to velodyne_msgs.egg-info/top_level.txt
[4.755s] writing manifest file 'velodyne_msgs.egg-info/SOURCES.txt'
[4.758s] reading manifest file 'velodyne_msgs.egg-info/SOURCES.txt'
[4.759s] writing manifest file 'velodyne_msgs.egg-info/SOURCES.txt'
[4.760s] [  2%] Built target velodyne_msgs__rosidl_generator_type_description
[4.784s] [  4%] [34m[1mGenerating C++ code for ROS interfaces[0m
[4.825s] [  4%] Built target ament_cmake_python_build_velodyne_msgs_egg
[4.838s] [  6%] [34m[1mGenerating C code for ROS interfaces[0m
[5.283s] [  6%] Built target velodyne_msgs__cpp
[5.364s] [  9%] [32mBuilding C object CMakeFiles/velodyne_msgs__rosidl_generator_c.dir/rosidl_generator_c/velodyne_msgs/msg/detail/velodyne_packet__functions.c.o[0m
[5.365s] [ 11%] [32mBuilding C object CMakeFiles/velodyne_msgs__rosidl_generator_c.dir/rosidl_generator_c/velodyne_msgs/msg/detail/velodyne_packet__description.c.o[0m
[5.578s] [ 13%] [32mBuilding C object CMakeFiles/velodyne_msgs__rosidl_generator_c.dir/rosidl_generator_c/velodyne_msgs/msg/detail/velodyne_packet__type_support.c.o[0m
[5.604s] [ 15%] [32mBuilding C object CMakeFiles/velodyne_msgs__rosidl_generator_c.dir/rosidl_generator_c/velodyne_msgs/msg/detail/velodyne_scan__description.c.o[0m
[5.620s] [ 18%] [32mBuilding C object CMakeFiles/velodyne_msgs__rosidl_generator_c.dir/rosidl_generator_c/velodyne_msgs/msg/detail/velodyne_scan__functions.c.o[0m
[5.691s] [ 20%] [32mBuilding C object CMakeFiles/velodyne_msgs__rosidl_generator_c.dir/rosidl_generator_c/velodyne_msgs/msg/detail/velodyne_scan__type_support.c.o[0m
[5.730s] [ 22%] [32m[1mLinking C shared library libvelodyne_msgs__rosidl_generator_c.so[0m
[5.782s] [ 22%] Built target velodyne_msgs__rosidl_generator_c
[5.795s] [ 27%] [34m[1mGenerating C type support for eProsima Fast-RTPS[0m
[5.796s] [ 27%] [34m[1mGenerating C++ type support dispatch for ROS interfaces[0m
[6.268s] [ 29%] [32mBuilding CXX object CMakeFiles/velodyne_msgs__rosidl_typesupport_cpp.dir/rosidl_typesupport_cpp/velodyne_msgs/msg/velodyne_packet__type_support.cpp.o[0m
[6.439s] [ 31%] [32mBuilding CXX object CMakeFiles/velodyne_msgs__rosidl_typesupport_fastrtps_c.dir/rosidl_typesupport_fastrtps_c/velodyne_msgs/msg/detail/velodyne_packet__type_support_c.cpp.o[0m
[7.049s] [ 34%] [32mBuilding CXX object CMakeFiles/velodyne_msgs__rosidl_typesupport_fastrtps_c.dir/rosidl_typesupport_fastrtps_c/velodyne_msgs/msg/detail/velodyne_scan__type_support_c.cpp.o[0m
[7.071s] [ 36%] [32mBuilding CXX object CMakeFiles/velodyne_msgs__rosidl_typesupport_cpp.dir/rosidl_typesupport_cpp/velodyne_msgs/msg/velodyne_scan__type_support.cpp.o[0m
[7.711s] [ 38%] [32m[1mLinking CXX shared library libvelodyne_msgs__rosidl_typesupport_fastrtps_c.so[0m
[7.713s] [ 40%] [32m[1mLinking CXX shared library libvelodyne_msgs__rosidl_typesupport_cpp.so[0m
[7.825s] [ 40%] Built target velodyne_msgs__rosidl_typesupport_cpp
[7.836s] [ 43%] [34m[1mGenerating C++ type support for eProsima Fast-RTPS[0m
[7.839s] [ 43%] Built target velodyne_msgs__rosidl_typesupport_fastrtps_c
[7.892s] [ 45%] [34m[1mGenerating C introspection for ROS interfaces[0m
[8.844s] [ 47%] [32mBuilding CXX object CMakeFiles/velodyne_msgs__rosidl_typesupport_fastrtps_cpp.dir/rosidl_typesupport_fastrtps_cpp/velodyne_msgs/msg/detail/dds_fastrtps/velodyne_packet__type_support.cpp.o[0m
[9.039s] [ 50%] [32mBuilding C object CMakeFiles/velodyne_msgs__rosidl_typesupport_introspection_c.dir/rosidl_typesupport_introspection_c/velodyne_msgs/msg/detail/velodyne_packet__type_support.c.o[0m
[9.185s] [ 52%] [32mBuilding C object CMakeFiles/velodyne_msgs__rosidl_typesupport_introspection_c.dir/rosidl_typesupport_introspection_c/velodyne_msgs/msg/detail/velodyne_scan__type_support.c.o[0m
[9.336s] [ 54%] [32m[1mLinking C shared library libvelodyne_msgs__rosidl_typesupport_introspection_c.so[0m
[9.477s] [ 54%] Built target velodyne_msgs__rosidl_typesupport_introspection_c
[9.514s] [ 56%] [34m[1mGenerating C type support dispatch for ROS interfaces[0m
[9.703s] [ 59%] [32mBuilding CXX object CMakeFiles/velodyne_msgs__rosidl_typesupport_fastrtps_cpp.dir/rosidl_typesupport_fastrtps_cpp/velodyne_msgs/msg/detail/dds_fastrtps/velodyne_scan__type_support.cpp.o[0m
[10.265s] [ 61%] [32mBuilding CXX object CMakeFiles/velodyne_msgs__rosidl_typesupport_c.dir/rosidl_typesupport_c/velodyne_msgs/msg/velodyne_packet__type_support.cpp.o[0m
[10.395s] [ 63%] [32mBuilding CXX object CMakeFiles/velodyne_msgs__rosidl_typesupport_c.dir/rosidl_typesupport_c/velodyne_msgs/msg/velodyne_scan__type_support.cpp.o[0m
[10.538s] [ 65%] [32m[1mLinking CXX shared library libvelodyne_msgs__rosidl_typesupport_c.so[0m
[10.664s] [ 65%] Built target velodyne_msgs__rosidl_typesupport_c
[10.667s] [ 68%] [32m[1mLinking CXX shared library libvelodyne_msgs__rosidl_typesupport_fastrtps_cpp.so[0m
[10.698s] [ 70%] [34m[1mGenerating C++ introspection for ROS interfaces[0m
[10.796s] [ 70%] Built target velodyne_msgs__rosidl_typesupport_fastrtps_cpp
[11.321s] [ 72%] [32mBuilding CXX object CMakeFiles/velodyne_msgs__rosidl_typesupport_introspection_cpp.dir/rosidl_typesupport_introspection_cpp/velodyne_msgs/msg/detail/velodyne_scan__type_support.cpp.o[0m
[11.351s] [ 75%] [32mBuilding CXX object CMakeFiles/velodyne_msgs__rosidl_typesupport_introspection_cpp.dir/rosidl_typesupport_introspection_cpp/velodyne_msgs/msg/detail/velodyne_packet__type_support.cpp.o[0m
[12.335s] [ 77%] [32m[1mLinking CXX shared library libvelodyne_msgs__rosidl_typesupport_introspection_cpp.so[0m
[12.502s] [ 77%] Built target velodyne_msgs__rosidl_typesupport_introspection_cpp
[12.524s] [ 77%] Built target velodyne_msgs
[12.551s] [ 79%] [34m[1mGenerating Python code for ROS interfaces[0m
[13.113s] [ 79%] Built target velodyne_msgs__py
[13.140s] [ 81%] [32mBuilding C object CMakeFiles/velodyne_msgs__rosidl_generator_py.dir/rosidl_generator_py/velodyne_msgs/msg/_velodyne_scan_s.c.o[0m
[13.159s] [ 84%] [32mBuilding C object CMakeFiles/velodyne_msgs__rosidl_generator_py.dir/rosidl_generator_py/velodyne_msgs/msg/_velodyne_packet_s.c.o[0m
[13.798s] [ 86%] [32m[1mLinking C shared library rosidl_generator_py/velodyne_msgs/libvelodyne_msgs__rosidl_generator_py.so[0m
[13.868s] [ 86%] Built target velodyne_msgs__rosidl_generator_py
[13.895s] [ 88%] [32mBuilding C object CMakeFiles/velodyne_msgs__rosidl_typesupport_fastrtps_c__pyext.dir/rosidl_generator_py/velodyne_msgs/_velodyne_msgs_s.ep.rosidl_typesupport_fastrtps_c.c.o[0m
[13.937s] [ 90%] [32mBuilding C object CMakeFiles/velodyne_msgs__rosidl_typesupport_introspection_c__pyext.dir/rosidl_generator_py/velodyne_msgs/_velodyne_msgs_s.ep.rosidl_typesupport_introspection_c.c.o[0m
[14.081s] [ 93%] [32m[1mLinking C shared library rosidl_generator_py/velodyne_msgs/velodyne_msgs_s__rosidl_typesupport_fastrtps_c.cpython-310-x86_64-linux-gnu.so[0m
[14.140s] [ 95%] [32m[1mLinking C shared library rosidl_generator_py/velodyne_msgs/velodyne_msgs_s__rosidl_typesupport_introspection_c.cpython-310-x86_64-linux-gnu.so[0m
[14.177s] [ 95%] Built target velodyne_msgs__rosidl_typesupport_fastrtps_c__pyext
[14.204s] [ 95%] Built target velodyne_msgs__rosidl_typesupport_introspection_c__pyext
[14.220s] [ 97%] [32mBuilding C object CMakeFiles/velodyne_msgs__rosidl_typesupport_c__pyext.dir/rosidl_generator_py/velodyne_msgs/_velodyne_msgs_s.ep.rosidl_typesupport_c.c.o[0m
[14.376s] [100%] [32m[1mLinking C shared library rosidl_generator_py/velodyne_msgs/velodyne_msgs_s__rosidl_typesupport_c.cpython-310-x86_64-linux-gnu.so[0m
[14.444s] [100%] Built target velodyne_msgs__rosidl_typesupport_c__pyext
[14.515s] Invoked command in '/home/dayo/Desktop/scrap_ws/build/velodyne_msgs' returned '0': CMAKE_PREFIX_PATH=${CMAKE_PREFIX_PATH}:/opt/ros/iron /usr/bin/cmake --build /home/dayo/Desktop/scrap_ws/build/velodyne_msgs -- -j2 -l2
[15.069s] Invoking command in '/home/dayo/Desktop/scrap_ws/build/velodyne_msgs': CMAKE_PREFIX_PATH=${CMAKE_PREFIX_PATH}:/opt/ros/iron /usr/bin/cmake --install /home/dayo/Desktop/scrap_ws/build/velodyne_msgs
[15.097s] -- Install configuration: ""
[15.097s] -- Installing: /home/dayo/Desktop/scrap_ws/install/velodyne_msgs/share/ament_index/resource_index/rosidl_interfaces/velodyne_msgs
[15.097s] -- Installing: /home/dayo/Desktop/scrap_ws/install/velodyne_msgs/share/velodyne_msgs/msg/VelodynePacket.json
[15.097s] -- Installing: /home/dayo/Desktop/scrap_ws/install/velodyne_msgs/share/velodyne_msgs/msg/VelodyneScan.json
[15.097s] -- Installing: /home/dayo/Desktop/scrap_ws/install/velodyne_msgs/include/velodyne_msgs/velodyne_msgs
[15.097s] -- Installing: /home/dayo/Desktop/scrap_ws/install/velodyne_msgs/include/velodyne_msgs/velodyne_msgs/msg
[15.097s] -- Installing: /home/dayo/Desktop/scrap_ws/install/velodyne_msgs/include/velodyne_msgs/velodyne_msgs/msg/velodyne_scan.h
[15.097s] -- Installing: /home/dayo/Desktop/scrap_ws/install/velodyne_msgs/include/velodyne_msgs/velodyne_msgs/msg/detail
[15.097s] -- Installing: /home/dayo/Desktop/scrap_ws/install/velodyne_msgs/include/velodyne_msgs/velodyne_msgs/msg/detail/velodyne_scan__description.c
[15.098s] -- Installing: /home/dayo/Desktop/scrap_ws/install/velodyne_msgs/include/velodyne_msgs/velodyne_msgs/msg/detail/velodyne_scan__type_support.c
[15.098s] -- Installing: /home/dayo/Desktop/scrap_ws/install/velodyne_msgs/include/velodyne_msgs/velodyne_msgs/msg/detail/velodyne_scan__functions.c
[15.098s] -- Installing: /home/dayo/Desktop/scrap_ws/install/velodyne_msgs/include/velodyne_msgs/velodyne_msgs/msg/detail/velodyne_scan__type_support.h
[15.098s] -- Installing: /home/dayo/Desktop/scrap_ws/install/velodyne_msgs/include/velodyne_msgs/velodyne_msgs/msg/detail/velodyne_packet__struct.h
[15.098s] -- Installing: /home/dayo/Desktop/scrap_ws/install/velodyne_msgs/include/velodyne_msgs/velodyne_msgs/msg/detail/velodyne_scan__functions.h
[15.098s] -- Installing: /home/dayo/Desktop/scrap_ws/install/velodyne_msgs/include/velodyne_msgs/velodyne_msgs/msg/detail/velodyne_packet__type_support.c
[15.099s] -- Installing: /home/dayo/Desktop/scrap_ws/install/velodyne_msgs/include/velodyne_msgs/velodyne_msgs/msg/detail/velodyne_packet__functions.c
[15.099s] -- Installing: /home/dayo/Desktop/scrap_ws/install/velodyne_msgs/include/velodyne_msgs/velodyne_msgs/msg/detail/velodyne_scan__struct.h
[15.099s] -- Installing: /home/dayo/Desktop/scrap_ws/install/velodyne_msgs/include/velodyne_msgs/velodyne_msgs/msg/detail/velodyne_packet__type_support.h
[15.100s] -- Installing: /home/dayo/Desktop/scrap_ws/install/velodyne_msgs/include/velodyne_msgs/velodyne_msgs/msg/detail/velodyne_packet__description.c
[15.100s] -- Installing: /home/dayo/Desktop/scrap_ws/install/velodyne_msgs/include/velodyne_msgs/velodyne_msgs/msg/detail/velodyne_packet__functions.h
[15.100s] -- Installing: /home/dayo/Desktop/scrap_ws/install/velodyne_msgs/include/velodyne_msgs/velodyne_msgs/msg/velodyne_packet.h
[15.100s] -- Installing: /home/dayo/Desktop/scrap_ws/install/velodyne_msgs/include/velodyne_msgs/velodyne_msgs/msg/rosidl_generator_c__visibility_control.h
[15.100s] -- Installing: /home/dayo/Desktop/scrap_ws/install/velodyne_msgs/share/velodyne_msgs/environment/library_path.sh
[15.100s] -- Installing: /home/dayo/Desktop/scrap_ws/install/velodyne_msgs/share/velodyne_msgs/environment/library_path.dsv
[15.101s] -- Installing: /home/dayo/Desktop/scrap_ws/install/velodyne_msgs/lib/libvelodyne_msgs__rosidl_generator_c.so
[15.101s] -- Set runtime path of "/home/dayo/Desktop/scrap_ws/install/velodyne_msgs/lib/libvelodyne_msgs__rosidl_generator_c.so" to ""
[15.102s] -- Up-to-date: /home/dayo/Desktop/scrap_ws/install/velodyne_msgs/include/velodyne_msgs/velodyne_msgs
[15.102s] -- Up-to-date: /home/dayo/Desktop/scrap_ws/install/velodyne_msgs/include/velodyne_msgs/velodyne_msgs/msg
[15.102s] -- Installing: /home/dayo/Desktop/scrap_ws/install/velodyne_msgs/include/velodyne_msgs/velodyne_msgs/msg/rosidl_typesupport_fastrtps_c__visibility_control.h
[15.103s] -- Up-to-date: /home/dayo/Desktop/scrap_ws/install/velodyne_msgs/include/velodyne_msgs/velodyne_msgs/msg/detail
[15.103s] -- Installing: /home/dayo/Desktop/scrap_ws/install/velodyne_msgs/include/velodyne_msgs/velodyne_msgs/msg/detail/velodyne_packet__rosidl_typesupport_fastrtps_c.h
[15.105s] -- Installing: /home/dayo/Desktop/scrap_ws/install/velodyne_msgs/include/velodyne_msgs/velodyne_msgs/msg/detail/velodyne_scan__rosidl_typesupport_fastrtps_c.h
[15.106s] -- Installing: /home/dayo/Desktop/scrap_ws/install/velodyne_msgs/lib/libvelodyne_msgs__rosidl_typesupport_fastrtps_c.so
[15.106s] -- Set runtime path of "/home/dayo/Desktop/scrap_ws/install/velodyne_msgs/lib/libvelodyne_msgs__rosidl_typesupport_fastrtps_c.so" to ""
[15.107s] -- Up-to-date: /home/dayo/Desktop/scrap_ws/install/velodyne_msgs/include/velodyne_msgs/velodyne_msgs
[15.107s] -- Up-to-date: /home/dayo/Desktop/scrap_ws/install/velodyne_msgs/include/velodyne_msgs/velodyne_msgs/msg
[15.107s] -- Installing: /home/dayo/Desktop/scrap_ws/install/velodyne_msgs/include/velodyne_msgs/velodyne_msgs/msg/velodyne_scan.hpp
[15.107s] -- Installing: /home/dayo/Desktop/scrap_ws/install/velodyne_msgs/include/velodyne_msgs/velodyne_msgs/msg/velodyne_packet.hpp
[15.107s] -- Up-to-date: /home/dayo/Desktop/scrap_ws/install/velodyne_msgs/include/velodyne_msgs/velodyne_msgs/msg/detail
[15.107s] -- Installing: /home/dayo/Desktop/scrap_ws/install/velodyne_msgs/include/velodyne_msgs/velodyne_msgs/msg/detail/velodyne_scan__builder.hpp
[15.108s] -- Installing: /home/dayo/Desktop/scrap_ws/install/velodyne_msgs/include/velodyne_msgs/velodyne_msgs/msg/detail/velodyne_packet__traits.hpp
[15.108s] -- Installing: /home/dayo/Desktop/scrap_ws/install/velodyne_msgs/include/velodyne_msgs/velodyne_msgs/msg/detail/velodyne_scan__traits.hpp
[15.109s] -- Installing: /home/dayo/Desktop/scrap_ws/install/velodyne_msgs/include/velodyne_msgs/velodyne_msgs/msg/detail/velodyne_scan__struct.hpp
[15.110s] -- Installing: /home/dayo/Desktop/scrap_ws/install/velodyne_msgs/include/velodyne_msgs/velodyne_msgs/msg/detail/velodyne_packet__builder.hpp
[15.111s] -- Installing: /home/dayo/Desktop/scrap_ws/install/velodyne_msgs/include/velodyne_msgs/velodyne_msgs/msg/detail/velodyne_packet__struct.hpp
[15.111s] -- Up-to-date: /home/dayo/Desktop/scrap_ws/install/velodyne_msgs/include/velodyne_msgs/velodyne_msgs
[15.112s] -- Up-to-date: /home/dayo/Desktop/scrap_ws/install/velodyne_msgs/include/velodyne_msgs/velodyne_msgs/msg
[15.112s] -- Up-to-date: /home/dayo/Desktop/scrap_ws/install/velodyne_msgs/include/velodyne_msgs/velodyne_msgs/msg/detail
[15.113s] -- Installing: /home/dayo/Desktop/scrap_ws/install/velodyne_msgs/include/velodyne_msgs/velodyne_msgs/msg/detail/velodyne_scan__rosidl_typesupport_fastrtps_cpp.hpp
[15.113s] -- Installing: /home/dayo/Desktop/scrap_ws/install/velodyne_msgs/include/velodyne_msgs/velodyne_msgs/msg/detail/dds_fastrtps
[15.113s] -- Installing: /home/dayo/Desktop/scrap_ws/install/velodyne_msgs/include/velodyne_msgs/velodyne_msgs/msg/detail/velodyne_packet__rosidl_typesupport_fastrtps_cpp.hpp
[15.114s] -- Installing: /home/dayo/Desktop/scrap_ws/install/velodyne_msgs/include/velodyne_msgs/velodyne_msgs/msg/rosidl_typesupport_fastrtps_cpp__visibility_control.h
[15.114s] -- Installing: /home/dayo/Desktop/scrap_ws/install/velodyne_msgs/lib/libvelodyne_msgs__rosidl_typesupport_fastrtps_cpp.so
[15.116s] -- Set runtime path of "/home/dayo/Desktop/scrap_ws/install/velodyne_msgs/lib/libvelodyne_msgs__rosidl_typesupport_fastrtps_cpp.so" to ""
[15.116s] -- Up-to-date: /home/dayo/Desktop/scrap_ws/install/velodyne_msgs/include/velodyne_msgs/velodyne_msgs
[15.116s] -- Up-to-date: /home/dayo/Desktop/scrap_ws/install/velodyne_msgs/include/velodyne_msgs/velodyne_msgs/msg
[15.116s] -- Installing: /home/dayo/Desktop/scrap_ws/install/velodyne_msgs/include/velodyne_msgs/velodyne_msgs/msg/rosidl_typesupport_introspection_c__visibility_control.h
[15.117s] -- Up-to-date: /home/dayo/Desktop/scrap_ws/install/velodyne_msgs/include/velodyne_msgs/velodyne_msgs/msg/detail
[15.117s] -- Installing: /home/dayo/Desktop/scrap_ws/install/velodyne_msgs/include/velodyne_msgs/velodyne_msgs/msg/detail/velodyne_packet__rosidl_typesupport_introspection_c.h
[15.117s] -- Installing: /home/dayo/Desktop/scrap_ws/install/velodyne_msgs/include/velodyne_msgs/velodyne_msgs/msg/detail/velodyne_scan__type_support.c
[15.118s] -- Installing: /home/dayo/Desktop/scrap_ws/install/velodyne_msgs/include/velodyne_msgs/velodyne_msgs/msg/detail/velodyne_packet__type_support.c
[15.118s] -- Installing: /home/dayo/Desktop/scrap_ws/install/velodyne_msgs/include/velodyne_msgs/velodyne_msgs/msg/detail/velodyne_scan__rosidl_typesupport_introspection_c.h
[15.118s] -- Installing: /home/dayo/Desktop/scrap_ws/install/velodyne_msgs/lib/libvelodyne_msgs__rosidl_typesupport_introspection_c.so
[15.119s] -- Set runtime path of "/home/dayo/Desktop/scrap_ws/install/velodyne_msgs/lib/libvelodyne_msgs__rosidl_typesupport_introspection_c.so" to ""
[15.119s] -- Installing: /home/dayo/Desktop/scrap_ws/install/velodyne_msgs/lib/libvelodyne_msgs__rosidl_typesupport_c.so
[15.121s] -- Set runtime path of "/home/dayo/Desktop/scrap_ws/install/velodyne_msgs/lib/libvelodyne_msgs__rosidl_typesupport_c.so" to ""
[15.121s] -- Up-to-date: /home/dayo/Desktop/scrap_ws/install/velodyne_msgs/include/velodyne_msgs/velodyne_msgs
[15.122s] -- Up-to-date: /home/dayo/Desktop/scrap_ws/install/velodyne_msgs/include/velodyne_msgs/velodyne_msgs/msg
[15.122s] -- Up-to-date: /home/dayo/Desktop/scrap_ws/install/velodyne_msgs/include/velodyne_msgs/velodyne_msgs/msg/detail
[15.122s] -- Installing: /home/dayo/Desktop/scrap_ws/install/velodyne_msgs/include/velodyne_msgs/velodyne_msgs/msg/detail/velodyne_scan__type_support.cpp
[15.123s] -- Installing: /home/dayo/Desktop/scrap_ws/install/velodyne_msgs/include/velodyne_msgs/velodyne_msgs/msg/detail/velodyne_packet__rosidl_typesupport_introspection_cpp.hpp
[15.123s] -- Installing: /home/dayo/Desktop/scrap_ws/install/velodyne_msgs/include/velodyne_msgs/velodyne_msgs/msg/detail/velodyne_packet__type_support.cpp
[15.123s] -- Installing: /home/dayo/Desktop/scrap_ws/install/velodyne_msgs/include/velodyne_msgs/velodyne_msgs/msg/detail/velodyne_scan__rosidl_typesupport_introspection_cpp.hpp
[15.124s] -- Installing: /home/dayo/Desktop/scrap_ws/install/velodyne_msgs/lib/libvelodyne_msgs__rosidl_typesupport_introspection_cpp.so
[15.142s] -- Set runtime path of "/home/dayo/Desktop/scrap_ws/install/velodyne_msgs/lib/libvelodyne_msgs__rosidl_typesupport_introspection_cpp.so" to ""
[15.142s] -- Installing: /home/dayo/Desktop/scrap_ws/install/velodyne_msgs/lib/libvelodyne_msgs__rosidl_typesupport_cpp.so
[15.142s] -- Set runtime path of "/home/dayo/Desktop/scrap_ws/install/velodyne_msgs/lib/libvelodyne_msgs__rosidl_typesupport_cpp.so" to ""
[15.142s] -- Installing: /home/dayo/Desktop/scrap_ws/install/velodyne_msgs/share/velodyne_msgs/environment/pythonpath.sh
[15.148s] -- Installing: /home/dayo/Desktop/scrap_ws/install/velodyne_msgs/share/velodyne_msgs/environment/pythonpath.dsv
[15.148s] -- Installing: /home/dayo/Desktop/scrap_ws/install/velodyne_msgs/lib/python3.10/site-packages/velodyne_msgs-2.4.0-py3.10.egg-info
[15.148s] -- Installing: /home/dayo/Desktop/scrap_ws/install/velodyne_msgs/lib/python3.10/site-packages/velodyne_msgs-2.4.0-py3.10.egg-info/top_level.txt
[15.148s] -- Installing: /home/dayo/Desktop/scrap_ws/install/velodyne_msgs/lib/python3.10/site-packages/velodyne_msgs-2.4.0-py3.10.egg-info/PKG-INFO
[15.148s] -- Installing: /home/dayo/Desktop/scrap_ws/install/velodyne_msgs/lib/python3.10/site-packages/velodyne_msgs-2.4.0-py3.10.egg-info/dependency_links.txt
[15.148s] -- Installing: /home/dayo/Desktop/scrap_ws/install/velodyne_msgs/lib/python3.10/site-packages/velodyne_msgs-2.4.0-py3.10.egg-info/SOURCES.txt
[15.163s] -- Installing: /home/dayo/Desktop/scrap_ws/install/velodyne_msgs/lib/python3.10/site-packages/velodyne_msgs
[15.164s] -- Installing: /home/dayo/Desktop/scrap_ws/install/velodyne_msgs/lib/python3.10/site-packages/velodyne_msgs/velodyne_msgs_s__rosidl_typesupport_introspection_c.cpython-310-x86_64-linux-gnu.so
[15.164s] -- Installing: /home/dayo/Desktop/scrap_ws/install/velodyne_msgs/lib/python3.10/site-packages/velodyne_msgs/msg
[15.164s] -- Installing: /home/dayo/Desktop/scrap_ws/install/velodyne_msgs/lib/python3.10/site-packages/velodyne_msgs/msg/_velodyne_packet_s.c
[15.165s] -- Installing: /home/dayo/Desktop/scrap_ws/install/velodyne_msgs/lib/python3.10/site-packages/velodyne_msgs/msg/__init__.py
[15.165s] -- Installing: /home/dayo/Desktop/scrap_ws/install/velodyne_msgs/lib/python3.10/site-packages/velodyne_msgs/msg/_velodyne_packet.py
[15.165s] -- Installing: /home/dayo/Desktop/scrap_ws/install/velodyne_msgs/lib/python3.10/site-packages/velodyne_msgs/msg/_velodyne_scan_s.c
[15.165s] -- Installing: /home/dayo/Desktop/scrap_ws/install/velodyne_msgs/lib/python3.10/site-packages/velodyne_msgs/msg/_velodyne_scan.py
[15.166s] -- Installing: /home/dayo/Desktop/scrap_ws/install/velodyne_msgs/lib/python3.10/site-packages/velodyne_msgs/velodyne_msgs_s__rosidl_typesupport_fastrtps_c.cpython-310-x86_64-linux-gnu.so
[15.166s] -- Installing: /home/dayo/Desktop/scrap_ws/install/velodyne_msgs/lib/python3.10/site-packages/velodyne_msgs/libvelodyne_msgs__rosidl_generator_py.so
[15.166s] -- Installing: /home/dayo/Desktop/scrap_ws/install/velodyne_msgs/lib/python3.10/site-packages/velodyne_msgs/_velodyne_msgs_s.ep.rosidl_typesupport_introspection_c.c
[15.171s] -- Installing: /home/dayo/Desktop/scrap_ws/install/velodyne_msgs/lib/python3.10/site-packages/velodyne_msgs/__init__.py
[15.171s] -- Installing: /home/dayo/Desktop/scrap_ws/install/velodyne_msgs/lib/python3.10/site-packages/velodyne_msgs/_velodyne_msgs_s.ep.rosidl_typesupport_c.c
[15.171s] -- Installing: /home/dayo/Desktop/scrap_ws/install/velodyne_msgs/lib/python3.10/site-packages/velodyne_msgs/_velodyne_msgs_s.ep.rosidl_typesupport_fastrtps_c.c
[15.172s] -- Installing: /home/dayo/Desktop/scrap_ws/install/velodyne_msgs/lib/python3.10/site-packages/velodyne_msgs/velodyne_msgs_s__rosidl_typesupport_c.cpython-310-x86_64-linux-gnu.so
[15.262s] Listing '/home/dayo/Desktop/scrap_ws/install/velodyne_msgs/lib/python3.10/site-packages/velodyne_msgs'...
[15.263s] Compiling '/home/dayo/Desktop/scrap_ws/install/velodyne_msgs/lib/python3.10/site-packages/velodyne_msgs/__init__.py'...
[15.263s] Listing '/home/dayo/Desktop/scrap_ws/install/velodyne_msgs/lib/python3.10/site-packages/velodyne_msgs/msg'...
[15.263s] Compiling '/home/dayo/Desktop/scrap_ws/install/velodyne_msgs/lib/python3.10/site-packages/velodyne_msgs/msg/__init__.py'...
[15.264s] Compiling '/home/dayo/Desktop/scrap_ws/install/velodyne_msgs/lib/python3.10/site-packages/velodyne_msgs/msg/_velodyne_packet.py'...
[15.264s] Compiling '/home/dayo/Desktop/scrap_ws/install/velodyne_msgs/lib/python3.10/site-packages/velodyne_msgs/msg/_velodyne_scan.py'...
[15.265s] -- Installing: /home/dayo/Desktop/scrap_ws/install/velodyne_msgs/lib/python3.10/site-packages/velodyne_msgs/velodyne_msgs_s__rosidl_typesupport_fastrtps_c.cpython-310-x86_64-linux-gnu.so
[15.265s] -- Set runtime path of "/home/dayo/Desktop/scrap_ws/install/velodyne_msgs/lib/python3.10/site-packages/velodyne_msgs/velodyne_msgs_s__rosidl_typesupport_fastrtps_c.cpython-310-x86_64-linux-gnu.so" to ""
[15.266s] -- Installing: /home/dayo/Desktop/scrap_ws/install/velodyne_msgs/lib/python3.10/site-packages/velodyne_msgs/velodyne_msgs_s__rosidl_typesupport_introspection_c.cpython-310-x86_64-linux-gnu.so
[15.267s] -- Set runtime path of "/home/dayo/Desktop/scrap_ws/install/velodyne_msgs/lib/python3.10/site-packages/velodyne_msgs/velodyne_msgs_s__rosidl_typesupport_introspection_c.cpython-310-x86_64-linux-gnu.so" to ""
[15.267s] -- Installing: /home/dayo/Desktop/scrap_ws/install/velodyne_msgs/lib/python3.10/site-packages/velodyne_msgs/velodyne_msgs_s__rosidl_typesupport_c.cpython-310-x86_64-linux-gnu.so
[15.268s] -- Set runtime path of "/home/dayo/Desktop/scrap_ws/install/velodyne_msgs/lib/python3.10/site-packages/velodyne_msgs/velodyne_msgs_s__rosidl_typesupport_c.cpython-310-x86_64-linux-gnu.so" to ""
[15.268s] -- Installing: /home/dayo/Desktop/scrap_ws/install/velodyne_msgs/lib/libvelodyne_msgs__rosidl_generator_py.so
[15.269s] -- Set runtime path of "/home/dayo/Desktop/scrap_ws/install/velodyne_msgs/lib/libvelodyne_msgs__rosidl_generator_py.so" to ""
[15.272s] -- Installing: /home/dayo/Desktop/scrap_ws/install/velodyne_msgs/share/velodyne_msgs/msg/VelodynePacket.idl
[15.273s] -- Installing: /home/dayo/Desktop/scrap_ws/install/velodyne_msgs/share/velodyne_msgs/msg/VelodyneScan.idl
[15.274s] -- Installing: /home/dayo/Desktop/scrap_ws/install/velodyne_msgs/share/velodyne_msgs/msg/VelodynePacket.msg
[15.274s] -- Installing: /home/dayo/Desktop/scrap_ws/install/velodyne_msgs/share/velodyne_msgs/msg/VelodyneScan.msg
[15.275s] -- Installing: /home/dayo/Desktop/scrap_ws/install/velodyne_msgs/share/ament_index/resource_index/package_run_dependencies/velodyne_msgs
[15.276s] -- Installing: /home/dayo/Desktop/scrap_ws/install/velodyne_msgs/share/ament_index/resource_index/parent_prefix_path/velodyne_msgs
[15.278s] -- Installing: /home/dayo/Desktop/scrap_ws/install/velodyne_msgs/share/velodyne_msgs/environment/ament_prefix_path.sh
[15.278s] -- Installing: /home/dayo/Desktop/scrap_ws/install/velodyne_msgs/share/velodyne_msgs/environment/ament_prefix_path.dsv
[15.279s] -- Installing: /home/dayo/Desktop/scrap_ws/install/velodyne_msgs/share/velodyne_msgs/environment/path.sh
[15.280s] -- Installing: /home/dayo/Desktop/scrap_ws/install/velodyne_msgs/share/velodyne_msgs/environment/path.dsv
[15.281s] -- Installing: /home/dayo/Desktop/scrap_ws/install/velodyne_msgs/share/velodyne_msgs/local_setup.bash
[15.282s] -- Installing: /home/dayo/Desktop/scrap_ws/install/velodyne_msgs/share/velodyne_msgs/local_setup.sh
[15.283s] -- Installing: /home/dayo/Desktop/scrap_ws/install/velodyne_msgs/share/velodyne_msgs/local_setup.zsh
[15.284s] -- Installing: /home/dayo/Desktop/scrap_ws/install/velodyne_msgs/share/velodyne_msgs/local_setup.dsv
[15.284s] -- Installing: /home/dayo/Desktop/scrap_ws/install/velodyne_msgs/share/velodyne_msgs/package.dsv
[15.285s] -- Installing: /home/dayo/Desktop/scrap_ws/install/velodyne_msgs/share/ament_index/resource_index/packages/velodyne_msgs
[15.285s] -- Installing: /home/dayo/Desktop/scrap_ws/install/velodyne_msgs/share/velodyne_msgs/cmake/export_velodyne_msgs__rosidl_generator_cExport.cmake
[15.285s] -- Installing: /home/dayo/Desktop/scrap_ws/install/velodyne_msgs/share/velodyne_msgs/cmake/export_velodyne_msgs__rosidl_generator_cExport-noconfig.cmake
[15.285s] -- Installing: /home/dayo/Desktop/scrap_ws/install/velodyne_msgs/share/velodyne_msgs/cmake/export_velodyne_msgs__rosidl_typesupport_fastrtps_cExport.cmake
[15.286s] -- Installing: /home/dayo/Desktop/scrap_ws/install/velodyne_msgs/share/velodyne_msgs/cmake/export_velodyne_msgs__rosidl_typesupport_fastrtps_cExport-noconfig.cmake
[15.286s] -- Installing: /home/dayo/Desktop/scrap_ws/install/velodyne_msgs/share/velodyne_msgs/cmake/export_velodyne_msgs__rosidl_generator_cppExport.cmake
[15.287s] -- Installing: /home/dayo/Desktop/scrap_ws/install/velodyne_msgs/share/velodyne_msgs/cmake/export_velodyne_msgs__rosidl_typesupport_fastrtps_cppExport.cmake
[15.287s] -- Installing: /home/dayo/Desktop/scrap_ws/install/velodyne_msgs/share/velodyne_msgs/cmake/export_velodyne_msgs__rosidl_typesupport_fastrtps_cppExport-noconfig.cmake
[15.288s] -- Installing: /home/dayo/Desktop/scrap_ws/install/velodyne_msgs/share/velodyne_msgs/cmake/velodyne_msgs__rosidl_typesupport_introspection_cExport.cmake
[15.288s] -- Installing: /home/dayo/Desktop/scrap_ws/install/velodyne_msgs/share/velodyne_msgs/cmake/velodyne_msgs__rosidl_typesupport_introspection_cExport-noconfig.cmake
[15.288s] -- Installing: /home/dayo/Desktop/scrap_ws/install/velodyne_msgs/share/velodyne_msgs/cmake/velodyne_msgs__rosidl_typesupport_cExport.cmake
[15.289s] -- Installing: /home/dayo/Desktop/scrap_ws/install/velodyne_msgs/share/velodyne_msgs/cmake/velodyne_msgs__rosidl_typesupport_cExport-noconfig.cmake
[15.289s] -- Installing: /home/dayo/Desktop/scrap_ws/install/velodyne_msgs/share/velodyne_msgs/cmake/velodyne_msgs__rosidl_typesupport_introspection_cppExport.cmake
[15.290s] -- Installing: /home/dayo/Desktop/scrap_ws/install/velodyne_msgs/share/velodyne_msgs/cmake/velodyne_msgs__rosidl_typesupport_introspection_cppExport-noconfig.cmake
[15.291s] -- Installing: /home/dayo/Desktop/scrap_ws/install/velodyne_msgs/share/velodyne_msgs/cmake/velodyne_msgs__rosidl_typesupport_cppExport.cmake
[15.291s] -- Installing: /home/dayo/Desktop/scrap_ws/install/velodyne_msgs/share/velodyne_msgs/cmake/velodyne_msgs__rosidl_typesupport_cppExport-noconfig.cmake
[15.291s] -- Installing: /home/dayo/Desktop/scrap_ws/install/velodyne_msgs/share/velodyne_msgs/cmake/export_velodyne_msgs__rosidl_generator_pyExport.cmake
[15.291s] -- Installing: /home/dayo/Desktop/scrap_ws/install/velodyne_msgs/share/velodyne_msgs/cmake/export_velodyne_msgs__rosidl_generator_pyExport-noconfig.cmake
[15.291s] -- Installing: /home/dayo/Desktop/scrap_ws/install/velodyne_msgs/share/velodyne_msgs/cmake/rosidl_cmake-extras.cmake
[15.292s] -- Installing: /home/dayo/Desktop/scrap_ws/install/velodyne_msgs/share/velodyne_msgs/cmake/ament_cmake_export_dependencies-extras.cmake
[15.292s] -- Installing: /home/dayo/Desktop/scrap_ws/install/velodyne_msgs/share/velodyne_msgs/cmake/ament_cmake_export_include_directories-extras.cmake
[15.293s] -- Installing: /home/dayo/Desktop/scrap_ws/install/velodyne_msgs/share/velodyne_msgs/cmake/ament_cmake_export_libraries-extras.cmake
[15.293s] -- Installing: /home/dayo/Desktop/scrap_ws/install/velodyne_msgs/share/velodyne_msgs/cmake/ament_cmake_export_targets-extras.cmake
[15.294s] -- Installing: /home/dayo/Desktop/scrap_ws/install/velodyne_msgs/share/velodyne_msgs/cmake/rosidl_cmake_export_typesupport_targets-extras.cmake
[15.294s] -- Installing: /home/dayo/Desktop/scrap_ws/install/velodyne_msgs/share/velodyne_msgs/cmake/rosidl_cmake_export_typesupport_libraries-extras.cmake
[15.295s] -- Installing: /home/dayo/Desktop/scrap_ws/install/velodyne_msgs/share/velodyne_msgs/cmake/velodyne_msgsConfig.cmake
[15.295s] -- Installing: /home/dayo/Desktop/scrap_ws/install/velodyne_msgs/share/velodyne_msgs/cmake/velodyne_msgsConfig-version.cmake
[15.295s] -- Installing: /home/dayo/Desktop/scrap_ws/install/velodyne_msgs/share/velodyne_msgs/package.xml
[15.321s] Invoked command in '/home/dayo/Desktop/scrap_ws/build/velodyne_msgs' returned '0': CMAKE_PREFIX_PATH=${CMAKE_PREFIX_PATH}:/opt/ros/iron /usr/bin/cmake --install /home/dayo/Desktop/scrap_ws/build/velodyne_msgs
