[5.524s] Invoking command in '/home/pi/Desktop/scrap_ws/build/scrap_pkg': PYTHONPATH=/home/pi/Desktop/scrap_ws/build/scrap_pkg/prefix_override:/home/pi/Desktop/scrap_ws/install/scrap_pkg/lib/python3.10/site-packages:${PYTHONPATH} /usr/bin/python3 setup.py develop --editable --build-directory /home/pi/Desktop/scrap_ws/build/scrap_pkg/build --no-deps install_data
[7.014s] running develop
[7.016s] /usr/lib/python3/dist-packages/setuptools/command/easy_install.py:158: EasyInstallDeprecationWarning: easy_install command is deprecated. Use build and pip and other standards-based tools.
[7.017s]   warnings.warn(
[7.023s] /usr/lib/python3/dist-packages/setuptools/command/install.py:34: SetuptoolsDeprecationWarning: setup.py install is deprecated. Use build and pip and other standards-based tools.
[7.024s]   warnings.warn(
[8.499s] running egg_info
[8.500s] writing scrap_pkg.egg-info/PKG-INFO
[8.502s] writing dependency_links to scrap_pkg.egg-info/dependency_links.txt
[8.504s] writing entry points to scrap_pkg.egg-info/entry_points.txt
[8.504s] writing requirements to scrap_pkg.egg-info/requires.txt
[8.506s] writing top-level names to scrap_pkg.egg-info/top_level.txt
[8.514s] reading manifest file 'scrap_pkg.egg-info/SOURCES.txt'
[8.517s] writing manifest file 'scrap_pkg.egg-info/SOURCES.txt'
[8.524s] running build_ext
[8.525s] Creating /home/pi/Desktop/scrap_ws/install/scrap_pkg/lib/python3.10/site-packages/scrap-pkg.egg-link (link to .)
[8.529s] Installing motor_node script to /home/pi/Desktop/scrap_ws/install/scrap_pkg/lib/scrap_pkg
[8.530s] 
[8.531s] Installed /home/pi/Desktop/scrap_ws/build/scrap_pkg
[8.532s] running install_data
[8.533s] copying launch/rsp.launch.py -> /home/pi/Desktop/scrap_ws/install/scrap_pkg/share/scrap_pkg/launch
[9.205s] Invoked command in '/home/pi/Desktop/scrap_ws/build/scrap_pkg' returned '0': PYTHONPATH=/home/pi/Desktop/scrap_ws/build/scrap_pkg/prefix_override:/home/pi/Desktop/scrap_ws/install/scrap_pkg/lib/python3.10/site-packages:${PYTHONPATH} /usr/bin/python3 setup.py develop --editable --build-directory /home/pi/Desktop/scrap_ws/build/scrap_pkg/build --no-deps install_data
