[0.636s] Invoking command in '/home/dayo/Desktop/scrap_ws/build/package': PYTHONPATH=/home/dayo/Desktop/scrap_ws/build/package/prefix_override:/home/dayo/Desktop/scrap_ws/install/package/lib/python3.10/site-packages:${PYTHONPATH} /usr/bin/python3 setup.py develop --editable --build-directory /home/dayo/Desktop/scrap_ws/build/package/build --no-deps install_data
[0.833s] running develop
[0.847s] /usr/lib/python3/dist-packages/setuptools/command/easy_install.py:158: EasyInstallDeprecationWarning: easy_install command is deprecated. Use build and pip and other standards-based tools.
[0.847s]   warnings.warn(
[0.862s] /usr/lib/python3/dist-packages/setuptools/command/install.py:34: SetuptoolsDeprecationWarning: setup.py install is deprecated. Use build and pip and other standards-based tools.
[0.862s]   warnings.warn(
[0.902s] /usr/lib/python3/dist-packages/pkg_resources/__init__.py:116: PkgResourcesDeprecationWarning: 1.16.0-unknown is an invalid version and will not be supported in a future release
[0.902s]   warnings.warn(
[0.903s] /usr/lib/python3/dist-packages/pkg_resources/__init__.py:116: PkgResourcesDeprecationWarning: 0.1.43ubuntu1 is an invalid version and will not be supported in a future release
[0.903s]   warnings.warn(
[0.903s] /usr/lib/python3/dist-packages/pkg_resources/__init__.py:116: PkgResourcesDeprecationWarning: 1.1build1 is an invalid version and will not be supported in a future release
[0.903s]   warnings.warn(
[0.979s] running egg_info
[0.979s] creating package.egg-info
[0.980s] writing package.egg-info/PKG-INFO
[0.980s] writing dependency_links to package.egg-info/dependency_links.txt
[0.980s] writing entry points to package.egg-info/entry_points.txt
[0.980s] writing requirements to package.egg-info/requires.txt
[0.981s] writing top-level names to package.egg-info/top_level.txt
[0.981s] writing manifest file 'package.egg-info/SOURCES.txt'
[0.982s] reading manifest file 'package.egg-info/SOURCES.txt'
[0.983s] writing manifest file 'package.egg-info/SOURCES.txt'
[0.984s] running build_ext
[0.984s] Creating /home/dayo/Desktop/scrap_ws/install/package/lib/python3.10/site-packages/package.egg-link (link to .)
[0.985s] 
[0.985s] Installed /home/dayo/Desktop/scrap_ws/build/package
[0.985s] running install_data
[0.986s] creating /home/dayo/Desktop/scrap_ws/install/package/share/ament_index
[0.986s] creating /home/dayo/Desktop/scrap_ws/install/package/share/ament_index/resource_index
[0.986s] creating /home/dayo/Desktop/scrap_ws/install/package/share/ament_index/resource_index/packages
[0.986s] copying resource/package -> /home/dayo/Desktop/scrap_ws/install/package/share/ament_index/resource_index/packages
[0.986s] copying package.xml -> /home/dayo/Desktop/scrap_ws/install/package/share/package
[1.009s] Invoked command in '/home/dayo/Desktop/scrap_ws/build/package' returned '0': PYTHONPATH=/home/dayo/Desktop/scrap_ws/build/package/prefix_override:/home/dayo/Desktop/scrap_ws/install/package/lib/python3.10/site-packages:${PYTHONPATH} /usr/bin/python3 setup.py develop --editable --build-directory /home/dayo/Desktop/scrap_ws/build/package/build --no-deps install_data
