[0.658s] Invoking command in '/home/pi/Desktop/scrap_ws/build/diffdrive_arduino': CMAKE_PREFIX_PATH=/opt/ros/humble /usr/bin/cmake --build /home/pi/Desktop/scrap_ws/build/diffdrive_arduino -- -j4 -l4
[1.083s] [100%] Built target diffdrive_arduino
[2.879s] Invoked command in '/home/pi/Desktop/scrap_ws/build/diffdrive_arduino' returned '0': CMAKE_PREFIX_PATH=/opt/ros/humble /usr/bin/cmake --build /home/pi/Desktop/scrap_ws/build/diffdrive_arduino -- -j4 -l4
[3.071s] Invoking command in '/home/pi/Desktop/scrap_ws/build/diffdrive_arduino': CMAKE_PREFIX_PATH=/opt/ros/humble /usr/bin/cmake --install /home/pi/Desktop/scrap_ws/build/diffdrive_arduino
[3.104s] -- Install configuration: ""
[3.107s] -- Execute custom install script
[3.110s] -- Up-to-date symlink: /home/pi/Desktop/scrap_ws/install/diffdrive_arduino/share/diffdrive_arduino//diffdrive_arduino.xml
[3.114s] -- Up-to-date symlink: /home/pi/Desktop/scrap_ws/install/diffdrive_arduino/include/diffdrive_arduino/diffdrive_arduino/arduino_comms.hpp
[3.117s] -- Up-to-date symlink: /home/pi/Desktop/scrap_ws/install/diffdrive_arduino/include/diffdrive_arduino/diffdrive_arduino/diffbot_system.hpp
[3.120s] -- Up-to-date symlink: /home/pi/Desktop/scrap_ws/install/diffdrive_arduino/include/diffdrive_arduino/diffdrive_arduino/motor_controller.hpp
[3.122s] -- Up-to-date symlink: /home/pi/Desktop/scrap_ws/install/diffdrive_arduino/include/diffdrive_arduino/diffdrive_arduino/visibility_control.h
[3.124s] -- Up-to-date symlink: /home/pi/Desktop/scrap_ws/install/diffdrive_arduino/include/diffdrive_arduino/diffdrive_arduino/wheel.hpp
[3.129s] -- Up-to-date symlink: /home/pi/Desktop/scrap_ws/install/diffdrive_arduino/share/diffdrive_arduino/launch/view_robot.launch.py
[3.137s] -- Up-to-date symlink: /home/pi/Desktop/scrap_ws/install/diffdrive_arduino/share/diffdrive_arduino/ros2_control/diffbot.ros2_control.xacro
[3.145s] -- Up-to-date symlink: /home/pi/Desktop/scrap_ws/install/diffdrive_arduino/share/diffdrive_arduino/urdf/diffbot.materials.xacro
[3.149s] -- Up-to-date symlink: /home/pi/Desktop/scrap_ws/install/diffdrive_arduino/share/diffdrive_arduino/urdf/diffbot.urdf.xacro
[3.155s] -- Up-to-date symlink: /home/pi/Desktop/scrap_ws/install/diffdrive_arduino/share/diffdrive_arduino/urdf/diffbot_description.urdf.xacro
[3.164s] -- Up-to-date symlink: /home/pi/Desktop/scrap_ws/install/diffdrive_arduino/share/diffdrive_arduino/rviz/diffbot.rviz
[3.165s] -- Up-to-date symlink: /home/pi/Desktop/scrap_ws/install/diffdrive_arduino/share/diffdrive_arduino/rviz/diffbot_view.rviz
[3.167s] -- Up-to-date symlink: /home/pi/Desktop/scrap_ws/install/diffdrive_arduino/share/diffdrive_arduino/launch/diffbot.launch.py
[3.169s] -- Up-to-date symlink: /home/pi/Desktop/scrap_ws/install/diffdrive_arduino/share/diffdrive_arduino/config/diffbot_controllers.yaml
[3.170s] -- Up-to-date symlink: /home/pi/Desktop/scrap_ws/install/diffdrive_arduino/share/diffdrive_arduino/environment/library_path.sh
[3.172s] -- Up-to-date symlink: /home/pi/Desktop/scrap_ws/install/diffdrive_arduino/share/diffdrive_arduino/environment/library_path.dsv
[3.173s] -- Up-to-date symlink: /home/pi/Desktop/scrap_ws/install/diffdrive_arduino/share/ament_index/resource_index/package_run_dependencies/diffdrive_arduino
[3.175s] -- Up-to-date symlink: /home/pi/Desktop/scrap_ws/install/diffdrive_arduino/share/ament_index/resource_index/parent_prefix_path/diffdrive_arduino
[3.176s] -- Up-to-date symlink: /home/pi/Desktop/scrap_ws/install/diffdrive_arduino/share/diffdrive_arduino/environment/ament_prefix_path.sh
[3.178s] -- Up-to-date symlink: /home/pi/Desktop/scrap_ws/install/diffdrive_arduino/share/diffdrive_arduino/environment/ament_prefix_path.dsv
[3.179s] -- Up-to-date symlink: /home/pi/Desktop/scrap_ws/install/diffdrive_arduino/share/diffdrive_arduino/environment/path.sh
[3.180s] -- Up-to-date symlink: /home/pi/Desktop/scrap_ws/install/diffdrive_arduino/share/diffdrive_arduino/environment/path.dsv
[3.182s] -- Up-to-date symlink: /home/pi/Desktop/scrap_ws/install/diffdrive_arduino/share/diffdrive_arduino/local_setup.bash
[3.183s] -- Up-to-date symlink: /home/pi/Desktop/scrap_ws/install/diffdrive_arduino/share/diffdrive_arduino/local_setup.sh
[3.185s] -- Up-to-date symlink: /home/pi/Desktop/scrap_ws/install/diffdrive_arduino/share/diffdrive_arduino/local_setup.zsh
[3.187s] -- Up-to-date symlink: /home/pi/Desktop/scrap_ws/install/diffdrive_arduino/share/diffdrive_arduino/local_setup.dsv
[3.187s] -- Symlinking: /home/pi/Desktop/scrap_ws/install/diffdrive_arduino/share/diffdrive_arduino/package.dsv
[3.246s] -- Up-to-date symlink: /home/pi/Desktop/scrap_ws/install/diffdrive_arduino/share/ament_index/resource_index/packages/diffdrive_arduino
[3.247s] -- Up-to-date symlink: /home/pi/Desktop/scrap_ws/install/diffdrive_arduino/share/ament_index/resource_index/hardware_interface__pluginlib__plugin/diffdrive_arduino
[3.248s] -- Up-to-date symlink: /home/pi/Desktop/scrap_ws/install/diffdrive_arduino/share/diffdrive_arduino/cmake/ament_cmake_export_targets-extras.cmake
[3.249s] -- Up-to-date symlink: /home/pi/Desktop/scrap_ws/install/diffdrive_arduino/share/diffdrive_arduino/cmake/ament_cmake_export_dependencies-extras.cmake
[3.250s] -- Up-to-date symlink: /home/pi/Desktop/scrap_ws/install/diffdrive_arduino/share/diffdrive_arduino/cmake/diffdrive_arduinoConfig.cmake
[3.250s] -- Up-to-date symlink: /home/pi/Desktop/scrap_ws/install/diffdrive_arduino/share/diffdrive_arduino/cmake/diffdrive_arduinoConfig-version.cmake
[3.251s] -- Up-to-date symlink: /home/pi/Desktop/scrap_ws/install/diffdrive_arduino/share/diffdrive_arduino/package.xml
[3.251s] -- Up-to-date: /home/pi/Desktop/scrap_ws/install/diffdrive_arduino/lib/libdiffdrive_arduino.so
[3.254s] -- Up-to-date: /home/pi/Desktop/scrap_ws/install/diffdrive_arduino/share/diffdrive_arduino/cmake/export_diffdrive_arduinoExport.cmake
[3.254s] -- Up-to-date: /home/pi/Desktop/scrap_ws/install/diffdrive_arduino/share/diffdrive_arduino/cmake/export_diffdrive_arduinoExport-noconfig.cmake
[3.754s] Invoked command in '/home/pi/Desktop/scrap_ws/build/diffdrive_arduino' returned '0': CMAKE_PREFIX_PATH=/opt/ros/humble /usr/bin/cmake --install /home/pi/Desktop/scrap_ws/build/diffdrive_arduino
