[0.339s] Invoking command in '/home/pi/Desktop/scrap_ws/build/velodyne_pointcloud': AMENT_PREFIX_PATH=/home/pi/Desktop/scrap_ws/install/velodyne_msgs:${AMENT_PREFIX_PATH} CMAKE_PREFIX_PATH=/home/pi/Desktop/scrap_ws/install/velodyne_msgs:/opt/ros/humble LD_LIBRARY_PATH=/home/pi/Desktop/scrap_ws/install/velodyne_msgs/lib:${LD_LIBRARY_PATH} PYTHONPATH=/home/pi/Desktop/scrap_ws/install/velodyne_msgs/local/lib/python3.10/dist-packages:${PYTHONPATH} /usr/bin/cmake --build /home/pi/Desktop/scrap_ws/build/velodyne_pointcloud -- -j4 -l4
[0.792s] [ 11%] Built target gtest_main
[0.800s] [ 27%] Built target velodyne_cloud_types
[0.818s] [ 38%] Built target gtest
[0.856s] [ 55%] Built target velodyne_rawdata
[1.039s] [ 66%] Built target test_row_step
[1.047s] [ 77%] Built target test_calibration
[1.077s] [ 88%] Built target transform
[1.240s] [100%] Built target velodyne_transform_node
[1.290s] Invoked command in '/home/pi/Desktop/scrap_ws/build/velodyne_pointcloud' returned '0': AMENT_PREFIX_PATH=/home/pi/Desktop/scrap_ws/install/velodyne_msgs:${AMENT_PREFIX_PATH} CMAKE_PREFIX_PATH=/home/pi/Desktop/scrap_ws/install/velodyne_msgs:/opt/ros/humble LD_LIBRARY_PATH=/home/pi/Desktop/scrap_ws/install/velodyne_msgs/lib:${LD_LIBRARY_PATH} PYTHONPATH=/home/pi/Desktop/scrap_ws/install/velodyne_msgs/local/lib/python3.10/dist-packages:${PYTHONPATH} /usr/bin/cmake --build /home/pi/Desktop/scrap_ws/build/velodyne_pointcloud -- -j4 -l4
[1.883s] Invoking command in '/home/pi/Desktop/scrap_ws/build/velodyne_pointcloud': AMENT_PREFIX_PATH=/home/pi/Desktop/scrap_ws/install/velodyne_msgs:${AMENT_PREFIX_PATH} CMAKE_PREFIX_PATH=/home/pi/Desktop/scrap_ws/install/velodyne_msgs:/opt/ros/humble LD_LIBRARY_PATH=/home/pi/Desktop/scrap_ws/install/velodyne_msgs/lib:${LD_LIBRARY_PATH} PYTHONPATH=/home/pi/Desktop/scrap_ws/install/velodyne_msgs/local/lib/python3.10/dist-packages:${PYTHONPATH} /usr/bin/cmake --install /home/pi/Desktop/scrap_ws/build/velodyne_pointcloud
[1.920s] -- Install configuration: ""
[1.923s] -- Execute custom install script
[1.927s] -- Up-to-date symlink: /home/pi/Desktop/scrap_ws/install/velodyne_pointcloud/lib/libvelodyne_cloud_types.so
[1.928s] -- Up-to-date symlink: /home/pi/Desktop/scrap_ws/install/velodyne_pointcloud/lib/libvelodyne_rawdata.so
[1.930s] -- Up-to-date symlink: /home/pi/Desktop/scrap_ws/install/velodyne_pointcloud/lib/libtransform.so
[1.933s] -- Up-to-date symlink: /home/pi/Desktop/scrap_ws/install/velodyne_pointcloud/lib/velodyne_pointcloud/velodyne_transform_node
[1.935s] -- Up-to-date symlink: /home/pi/Desktop/scrap_ws/install/velodyne_pointcloud/include/velodyne_pointcloud/calibration.hpp
[1.937s] -- Up-to-date symlink: /home/pi/Desktop/scrap_ws/install/velodyne_pointcloud/include/velodyne_pointcloud/datacontainerbase.hpp
[1.938s] -- Up-to-date symlink: /home/pi/Desktop/scrap_ws/install/velodyne_pointcloud/include/velodyne_pointcloud/organized_cloudXYZIRT.hpp
[1.940s] -- Up-to-date symlink: /home/pi/Desktop/scrap_ws/install/velodyne_pointcloud/include/velodyne_pointcloud/pointcloudXYZIRT.hpp
[1.941s] -- Up-to-date symlink: /home/pi/Desktop/scrap_ws/install/velodyne_pointcloud/include/velodyne_pointcloud/rawdata.hpp
[1.942s] -- Up-to-date symlink: /home/pi/Desktop/scrap_ws/install/velodyne_pointcloud/include/velodyne_pointcloud/transform.hpp
[1.945s] -- Up-to-date symlink: /home/pi/Desktop/scrap_ws/install/velodyne_pointcloud/share/velodyne_pointcloud/config/VLP16-velodyne_transform_node-params.yaml
[1.946s] -- Up-to-date symlink: /home/pi/Desktop/scrap_ws/install/velodyne_pointcloud/share/velodyne_pointcloud/config/VLP32C-velodyne_transform_node-params.yaml
[1.948s] -- Up-to-date symlink: /home/pi/Desktop/scrap_ws/install/velodyne_pointcloud/share/velodyne_pointcloud/config/VLS128-velodyne_transform_node-params.yaml
[1.950s] -- Up-to-date symlink: /home/pi/Desktop/scrap_ws/install/velodyne_pointcloud/share/velodyne_pointcloud/launch/velodyne_transform_node-VLP16-composed-launch.py
[1.951s] -- Up-to-date symlink: /home/pi/Desktop/scrap_ws/install/velodyne_pointcloud/share/velodyne_pointcloud/launch/velodyne_transform_node-VLP16-launch.py
[1.953s] -- Up-to-date symlink: /home/pi/Desktop/scrap_ws/install/velodyne_pointcloud/share/velodyne_pointcloud/launch/velodyne_transform_node-VLP32C-composed-launch.py
[1.954s] -- Up-to-date symlink: /home/pi/Desktop/scrap_ws/install/velodyne_pointcloud/share/velodyne_pointcloud/launch/velodyne_transform_node-VLP32C-launch.py
[1.955s] -- Up-to-date symlink: /home/pi/Desktop/scrap_ws/install/velodyne_pointcloud/share/velodyne_pointcloud/launch/velodyne_transform_node-VLS128-composed-launch.py
[1.957s] -- Up-to-date symlink: /home/pi/Desktop/scrap_ws/install/velodyne_pointcloud/share/velodyne_pointcloud/launch/velodyne_transform_node-VLS128-launch.py
[1.960s] -- Up-to-date symlink: /home/pi/Desktop/scrap_ws/install/velodyne_pointcloud/share/velodyne_pointcloud/params/32db.yaml
[1.961s] -- Up-to-date symlink: /home/pi/Desktop/scrap_ws/install/velodyne_pointcloud/share/velodyne_pointcloud/params/64e_s2.1-sztaki.yaml
[1.963s] -- Up-to-date symlink: /home/pi/Desktop/scrap_ws/install/velodyne_pointcloud/share/velodyne_pointcloud/params/64e_s3-xiesc.yaml
[1.964s] -- Up-to-date symlink: /home/pi/Desktop/scrap_ws/install/velodyne_pointcloud/share/velodyne_pointcloud/params/64e_utexas.yaml
[1.965s] -- Up-to-date symlink: /home/pi/Desktop/scrap_ws/install/velodyne_pointcloud/share/velodyne_pointcloud/params/VLP16_hires_db.yaml
[1.967s] -- Up-to-date symlink: /home/pi/Desktop/scrap_ws/install/velodyne_pointcloud/share/velodyne_pointcloud/params/VLP16db.yaml
[1.968s] -- Up-to-date symlink: /home/pi/Desktop/scrap_ws/install/velodyne_pointcloud/share/velodyne_pointcloud/params/VLS128.yaml
[1.969s] -- Up-to-date symlink: /home/pi/Desktop/scrap_ws/install/velodyne_pointcloud/share/velodyne_pointcloud/params/VeloView-VLP-32C.yaml
[1.971s] -- Up-to-date symlink: /home/pi/Desktop/scrap_ws/install/velodyne_pointcloud/share/velodyne_pointcloud/params/issue_84_float_intensities.yaml
[1.972s] -- Up-to-date symlink: /home/pi/Desktop/scrap_ws/install/velodyne_pointcloud/share/velodyne_pointcloud/params/rviz_points.vcg
[1.974s] -- Up-to-date symlink: /home/pi/Desktop/scrap_ws/install/velodyne_pointcloud/share/ament_index/resource_index/package_run_dependencies/velodyne_pointcloud
[1.976s] -- Up-to-date symlink: /home/pi/Desktop/scrap_ws/install/velodyne_pointcloud/share/ament_index/resource_index/parent_prefix_path/velodyne_pointcloud
[1.978s] -- Up-to-date symlink: /home/pi/Desktop/scrap_ws/install/velodyne_pointcloud/share/velodyne_pointcloud/environment/ament_prefix_path.sh
[1.980s] -- Up-to-date symlink: /home/pi/Desktop/scrap_ws/install/velodyne_pointcloud/share/velodyne_pointcloud/environment/ament_prefix_path.dsv
[1.981s] -- Up-to-date symlink: /home/pi/Desktop/scrap_ws/install/velodyne_pointcloud/share/velodyne_pointcloud/environment/path.sh
[1.983s] -- Up-to-date symlink: /home/pi/Desktop/scrap_ws/install/velodyne_pointcloud/share/velodyne_pointcloud/environment/path.dsv
[1.984s] -- Up-to-date symlink: /home/pi/Desktop/scrap_ws/install/velodyne_pointcloud/share/velodyne_pointcloud/local_setup.bash
[1.986s] -- Up-to-date symlink: /home/pi/Desktop/scrap_ws/install/velodyne_pointcloud/share/velodyne_pointcloud/local_setup.sh
[1.987s] -- Up-to-date symlink: /home/pi/Desktop/scrap_ws/install/velodyne_pointcloud/share/velodyne_pointcloud/local_setup.zsh
[1.989s] -- Up-to-date symlink: /home/pi/Desktop/scrap_ws/install/velodyne_pointcloud/share/velodyne_pointcloud/local_setup.dsv
[1.990s] -- Symlinking: /home/pi/Desktop/scrap_ws/install/velodyne_pointcloud/share/velodyne_pointcloud/package.dsv
[2.031s] -- Up-to-date symlink: /home/pi/Desktop/scrap_ws/install/velodyne_pointcloud/share/ament_index/resource_index/packages/velodyne_pointcloud
[2.033s] -- Up-to-date symlink: /home/pi/Desktop/scrap_ws/install/velodyne_pointcloud/share/ament_index/resource_index/rclcpp_components/velodyne_pointcloud
[2.034s] -- Up-to-date symlink: /home/pi/Desktop/scrap_ws/install/velodyne_pointcloud/share/velodyne_pointcloud/cmake/velodyne_pointcloudConfig.cmake
[2.035s] -- Up-to-date symlink: /home/pi/Desktop/scrap_ws/install/velodyne_pointcloud/share/velodyne_pointcloud/cmake/velodyne_pointcloudConfig-version.cmake
[2.037s] -- Up-to-date symlink: /home/pi/Desktop/scrap_ws/install/velodyne_pointcloud/share/velodyne_pointcloud/package.xml
[2.046s] Invoked command in '/home/pi/Desktop/scrap_ws/build/velodyne_pointcloud' returned '0': AMENT_PREFIX_PATH=/home/pi/Desktop/scrap_ws/install/velodyne_msgs:${AMENT_PREFIX_PATH} CMAKE_PREFIX_PATH=/home/pi/Desktop/scrap_ws/install/velodyne_msgs:/opt/ros/humble LD_LIBRARY_PATH=/home/pi/Desktop/scrap_ws/install/velodyne_msgs/lib:${LD_LIBRARY_PATH} PYTHONPATH=/home/pi/Desktop/scrap_ws/install/velodyne_msgs/local/lib/python3.10/dist-packages:${PYTHONPATH} /usr/bin/cmake --install /home/pi/Desktop/scrap_ws/build/velodyne_pointcloud
