[0.020s] Invoking command in '/home/dayo/Desktop/scrap_ws/build/velodyne_pointcloud': CMAKE_PREFIX_PATH=/home/dayo/Desktop/scrap_ws/install/velodyne_msgs:/home/dayo/Desktop/scrap_ws/install/velodyne:/home/dayo/Desktop/scrap_ws/install/velodyne_pointcloud:/home/dayo/Desktop/scrap_ws/install/velodyne_driver:/home/dayo/Desktop/scrap_ws/install/velodyne_laserscan:/home/dayo/Desktop/scrap_ws/install/scrap_pkg:/home/dayo/Desktop/scrap_ws/install/usb_cam:/opt/ros/iron LD_LIBRARY_PATH=/home/dayo/Desktop/scrap_ws/install/velodyne_msgs/lib:/home/dayo/Desktop/scrap_ws/install/velodyne_pointcloud/lib:/home/dayo/Desktop/scrap_ws/install/velodyne_driver/lib:/home/dayo/Desktop/scrap_ws/install/velodyne_laserscan/lib:/home/dayo/Desktop/scrap_ws/install/usb_cam/lib:/usr/lib/x86_64-linux-gnu/gazebo-11/plugins:/opt/ros/iron/opt/rviz_ogre_vendor/lib:/opt/ros/iron/lib/x86_64-linux-gnu:/opt/ros/iron/lib /usr/bin/cmake --build /home/dayo/Desktop/scrap_ws/build/velodyne_pointcloud -- -j2 -l2
[0.304s] [ 16%] Built target velodyne_cloud_types
[0.353s] [ 27%] Built target gtest_main
[0.417s] [ 38%] Built target gtest
[0.440s] [ 55%] Built target velodyne_rawdata
[0.497s] [ 66%] Built target test_row_step
[0.508s] [ 77%] Built target transform
[0.544s] [ 88%] Built target test_calibration
[0.596s] [100%] Built target velodyne_transform_node
[0.613s] Invoked command in '/home/dayo/Desktop/scrap_ws/build/velodyne_pointcloud' returned '0': CMAKE_PREFIX_PATH=/home/dayo/Desktop/scrap_ws/install/velodyne_msgs:/home/dayo/Desktop/scrap_ws/install/velodyne:/home/dayo/Desktop/scrap_ws/install/velodyne_pointcloud:/home/dayo/Desktop/scrap_ws/install/velodyne_driver:/home/dayo/Desktop/scrap_ws/install/velodyne_laserscan:/home/dayo/Desktop/scrap_ws/install/scrap_pkg:/home/dayo/Desktop/scrap_ws/install/usb_cam:/opt/ros/iron LD_LIBRARY_PATH=/home/dayo/Desktop/scrap_ws/install/velodyne_msgs/lib:/home/dayo/Desktop/scrap_ws/install/velodyne_pointcloud/lib:/home/dayo/Desktop/scrap_ws/install/velodyne_driver/lib:/home/dayo/Desktop/scrap_ws/install/velodyne_laserscan/lib:/home/dayo/Desktop/scrap_ws/install/usb_cam/lib:/usr/lib/x86_64-linux-gnu/gazebo-11/plugins:/opt/ros/iron/opt/rviz_ogre_vendor/lib:/opt/ros/iron/lib/x86_64-linux-gnu:/opt/ros/iron/lib /usr/bin/cmake --build /home/dayo/Desktop/scrap_ws/build/velodyne_pointcloud -- -j2 -l2
[0.652s] Invoking command in '/home/dayo/Desktop/scrap_ws/build/velodyne_pointcloud': CMAKE_PREFIX_PATH=/home/dayo/Desktop/scrap_ws/install/velodyne_msgs:/home/dayo/Desktop/scrap_ws/install/velodyne:/home/dayo/Desktop/scrap_ws/install/velodyne_pointcloud:/home/dayo/Desktop/scrap_ws/install/velodyne_driver:/home/dayo/Desktop/scrap_ws/install/velodyne_laserscan:/home/dayo/Desktop/scrap_ws/install/scrap_pkg:/home/dayo/Desktop/scrap_ws/install/usb_cam:/opt/ros/iron LD_LIBRARY_PATH=/home/dayo/Desktop/scrap_ws/install/velodyne_msgs/lib:/home/dayo/Desktop/scrap_ws/install/velodyne_pointcloud/lib:/home/dayo/Desktop/scrap_ws/install/velodyne_driver/lib:/home/dayo/Desktop/scrap_ws/install/velodyne_laserscan/lib:/home/dayo/Desktop/scrap_ws/install/usb_cam/lib:/usr/lib/x86_64-linux-gnu/gazebo-11/plugins:/opt/ros/iron/opt/rviz_ogre_vendor/lib:/opt/ros/iron/lib/x86_64-linux-gnu:/opt/ros/iron/lib /usr/bin/cmake --install /home/dayo/Desktop/scrap_ws/build/velodyne_pointcloud
[0.659s] -- Install configuration: ""
[0.660s] -- Up-to-date: /home/dayo/Desktop/scrap_ws/install/velodyne_pointcloud/lib/libtransform.so
[0.660s] -- Up-to-date: /home/dayo/Desktop/scrap_ws/install/velodyne_pointcloud/lib/velodyne_pointcloud/velodyne_transform_node
[0.661s] -- Up-to-date: /home/dayo/Desktop/scrap_ws/install/velodyne_pointcloud/include/velodyne_pointcloud
[0.661s] -- Up-to-date: /home/dayo/Desktop/scrap_ws/install/velodyne_pointcloud/include/velodyne_pointcloud/pointcloudXYZIRT.hpp
[0.662s] -- Up-to-date: /home/dayo/Desktop/scrap_ws/install/velodyne_pointcloud/include/velodyne_pointcloud/rawdata.hpp
[0.662s] -- Up-to-date: /home/dayo/Desktop/scrap_ws/install/velodyne_pointcloud/include/velodyne_pointcloud/organized_cloudXYZIRT.hpp
[0.662s] -- Up-to-date: /home/dayo/Desktop/scrap_ws/install/velodyne_pointcloud/include/velodyne_pointcloud/transform.hpp
[0.663s] -- Up-to-date: /home/dayo/Desktop/scrap_ws/install/velodyne_pointcloud/include/velodyne_pointcloud/calibration.hpp
[0.663s] -- Up-to-date: /home/dayo/Desktop/scrap_ws/install/velodyne_pointcloud/include/velodyne_pointcloud/datacontainerbase.hpp
[0.663s] -- Up-to-date: /home/dayo/Desktop/scrap_ws/install/velodyne_pointcloud/share/velodyne_pointcloud/config
[0.664s] -- Up-to-date: /home/dayo/Desktop/scrap_ws/install/velodyne_pointcloud/share/velodyne_pointcloud/config/VLP32C-velodyne_transform_node-params.yaml
[0.664s] -- Up-to-date: /home/dayo/Desktop/scrap_ws/install/velodyne_pointcloud/share/velodyne_pointcloud/config/VLP16-velodyne_transform_node-params.yaml
[0.664s] -- Up-to-date: /home/dayo/Desktop/scrap_ws/install/velodyne_pointcloud/share/velodyne_pointcloud/config/VLS128-velodyne_transform_node-params.yaml
[0.664s] -- Up-to-date: /home/dayo/Desktop/scrap_ws/install/velodyne_pointcloud/share/velodyne_pointcloud/launch
[0.665s] -- Up-to-date: /home/dayo/Desktop/scrap_ws/install/velodyne_pointcloud/share/velodyne_pointcloud/launch/velodyne_transform_node-VLP16-composed-launch.py
[0.665s] -- Up-to-date: /home/dayo/Desktop/scrap_ws/install/velodyne_pointcloud/share/velodyne_pointcloud/launch/velodyne_transform_node-VLP32C-composed-launch.py
[0.665s] -- Up-to-date: /home/dayo/Desktop/scrap_ws/install/velodyne_pointcloud/share/velodyne_pointcloud/launch/velodyne_transform_node-VLP32C-launch.py
[0.665s] -- Up-to-date: /home/dayo/Desktop/scrap_ws/install/velodyne_pointcloud/share/velodyne_pointcloud/launch/velodyne_transform_node-VLS128-composed-launch.py
[0.665s] -- Up-to-date: /home/dayo/Desktop/scrap_ws/install/velodyne_pointcloud/share/velodyne_pointcloud/launch/velodyne_transform_node-VLP16-launch.py
[0.666s] -- Up-to-date: /home/dayo/Desktop/scrap_ws/install/velodyne_pointcloud/share/velodyne_pointcloud/launch/velodyne_transform_node-VLS128-launch.py
[0.666s] -- Up-to-date: /home/dayo/Desktop/scrap_ws/install/velodyne_pointcloud/share/velodyne_pointcloud/params
[0.667s] -- Up-to-date: /home/dayo/Desktop/scrap_ws/install/velodyne_pointcloud/share/velodyne_pointcloud/params/64e_utexas.yaml
[0.668s] -- Up-to-date: /home/dayo/Desktop/scrap_ws/install/velodyne_pointcloud/share/velodyne_pointcloud/params/32db.yaml
[0.668s] -- Up-to-date: /home/dayo/Desktop/scrap_ws/install/velodyne_pointcloud/share/velodyne_pointcloud/params/issue_84_float_intensities.yaml
[0.668s] -- Up-to-date: /home/dayo/Desktop/scrap_ws/install/velodyne_pointcloud/share/velodyne_pointcloud/params/VeloView-VLP-32C.yaml
[0.668s] -- Up-to-date: /home/dayo/Desktop/scrap_ws/install/velodyne_pointcloud/share/velodyne_pointcloud/params/VLS128.yaml
[0.668s] -- Up-to-date: /home/dayo/Desktop/scrap_ws/install/velodyne_pointcloud/share/velodyne_pointcloud/params/VLP16_hires_db.yaml
[0.668s] -- Up-to-date: /home/dayo/Desktop/scrap_ws/install/velodyne_pointcloud/share/velodyne_pointcloud/params/64e_s3-xiesc.yaml
[0.669s] -- Up-to-date: /home/dayo/Desktop/scrap_ws/install/velodyne_pointcloud/share/velodyne_pointcloud/params/VLP16db.yaml
[0.669s] -- Up-to-date: /home/dayo/Desktop/scrap_ws/install/velodyne_pointcloud/share/velodyne_pointcloud/params/rviz_points.vcg
[0.670s] -- Up-to-date: /home/dayo/Desktop/scrap_ws/install/velodyne_pointcloud/share/velodyne_pointcloud/params/64e_s2.1-sztaki.yaml
[0.670s] -- Up-to-date: /home/dayo/Desktop/scrap_ws/install/velodyne_pointcloud/share/ament_index/resource_index/package_run_dependencies/velodyne_pointcloud
[0.670s] -- Up-to-date: /home/dayo/Desktop/scrap_ws/install/velodyne_pointcloud/share/ament_index/resource_index/parent_prefix_path/velodyne_pointcloud
[0.670s] -- Up-to-date: /home/dayo/Desktop/scrap_ws/install/velodyne_pointcloud/share/velodyne_pointcloud/environment/ament_prefix_path.sh
[0.670s] -- Up-to-date: /home/dayo/Desktop/scrap_ws/install/velodyne_pointcloud/share/velodyne_pointcloud/environment/ament_prefix_path.dsv
[0.670s] -- Up-to-date: /home/dayo/Desktop/scrap_ws/install/velodyne_pointcloud/share/velodyne_pointcloud/environment/path.sh
[0.670s] -- Up-to-date: /home/dayo/Desktop/scrap_ws/install/velodyne_pointcloud/share/velodyne_pointcloud/environment/path.dsv
[0.671s] -- Up-to-date: /home/dayo/Desktop/scrap_ws/install/velodyne_pointcloud/share/velodyne_pointcloud/local_setup.bash
[0.671s] -- Up-to-date: /home/dayo/Desktop/scrap_ws/install/velodyne_pointcloud/share/velodyne_pointcloud/local_setup.sh
[0.671s] -- Up-to-date: /home/dayo/Desktop/scrap_ws/install/velodyne_pointcloud/share/velodyne_pointcloud/local_setup.zsh
[0.671s] -- Up-to-date: /home/dayo/Desktop/scrap_ws/install/velodyne_pointcloud/share/velodyne_pointcloud/local_setup.dsv
[0.671s] -- Installing: /home/dayo/Desktop/scrap_ws/install/velodyne_pointcloud/share/velodyne_pointcloud/package.dsv
[0.671s] -- Up-to-date: /home/dayo/Desktop/scrap_ws/install/velodyne_pointcloud/share/ament_index/resource_index/packages/velodyne_pointcloud
[0.671s] -- Up-to-date: /home/dayo/Desktop/scrap_ws/install/velodyne_pointcloud/share/ament_index/resource_index/rclcpp_components/velodyne_pointcloud
[0.671s] -- Up-to-date: /home/dayo/Desktop/scrap_ws/install/velodyne_pointcloud/share/velodyne_pointcloud/cmake/velodyne_pointcloudConfig.cmake
[0.671s] -- Up-to-date: /home/dayo/Desktop/scrap_ws/install/velodyne_pointcloud/share/velodyne_pointcloud/cmake/velodyne_pointcloudConfig-version.cmake
[0.671s] -- Up-to-date: /home/dayo/Desktop/scrap_ws/install/velodyne_pointcloud/share/velodyne_pointcloud/package.xml
[0.671s] -- Up-to-date: /home/dayo/Desktop/scrap_ws/install/velodyne_pointcloud/lib/libvelodyne_cloud_types.so
[0.671s] -- Up-to-date: /home/dayo/Desktop/scrap_ws/install/velodyne_pointcloud/lib/libvelodyne_rawdata.so
[0.676s] Invoked command in '/home/dayo/Desktop/scrap_ws/build/velodyne_pointcloud' returned '0': CMAKE_PREFIX_PATH=/home/dayo/Desktop/scrap_ws/install/velodyne_msgs:/home/dayo/Desktop/scrap_ws/install/velodyne:/home/dayo/Desktop/scrap_ws/install/velodyne_pointcloud:/home/dayo/Desktop/scrap_ws/install/velodyne_driver:/home/dayo/Desktop/scrap_ws/install/velodyne_laserscan:/home/dayo/Desktop/scrap_ws/install/scrap_pkg:/home/dayo/Desktop/scrap_ws/install/usb_cam:/opt/ros/iron LD_LIBRARY_PATH=/home/dayo/Desktop/scrap_ws/install/velodyne_msgs/lib:/home/dayo/Desktop/scrap_ws/install/velodyne_pointcloud/lib:/home/dayo/Desktop/scrap_ws/install/velodyne_driver/lib:/home/dayo/Desktop/scrap_ws/install/velodyne_laserscan/lib:/home/dayo/Desktop/scrap_ws/install/usb_cam/lib:/usr/lib/x86_64-linux-gnu/gazebo-11/plugins:/opt/ros/iron/opt/rviz_ogre_vendor/lib:/opt/ros/iron/lib/x86_64-linux-gnu:/opt/ros/iron/lib /usr/bin/cmake --install /home/dayo/Desktop/scrap_ws/build/velodyne_pointcloud
