[2.738s] DEBUG:colcon:Command line arguments: ['/usr/bin/colcon', 'build']
[2.739s] DEBUG:colcon:Parsed command line arguments: Namespace(log_base=None, log_level=None, verb_name='build', build_base='build', install_base='install', merge_install=False, symlink_install=False, test_result_base=None, continue_on_error=False, executor='parallel', parallel_workers=2, event_handlers=None, ignore_user_meta=False, metas=['./colcon.meta'], base_paths=['.'], packages_ignore=None, packages_ignore_regex=None, paths=None, packages_up_to=None, packages_up_to_regex=None, packages_above=None, packages_above_and_dependencies=None, packages_above_depth=None, packages_select_by_dep=None, packages_skip_by_dep=None, packages_skip_up_to=None, packages_select_build_failed=False, packages_skip_build_finished=False, packages_select_test_failures=False, packages_skip_test_passed=False, packages_select=None, packages_skip=None, packages_select_regex=None, packages_skip_regex=None, packages_start=None, packages_end=None, allow_overriding=[], cmake_args=None, cmake_target=None, cmake_target_skip_unavailable=False, cmake_clean_cache=False, cmake_clean_first=False, cmake_force_configure=False, ament_cmake_args=None, catkin_cmake_args=None, catkin_skip_building_tests=False, verb_parser=<colcon_defaults.argument_parser.defaults.DefaultArgumentsDecorator object at 0x7f13347ed600>, verb_extension=<colcon_core.verb.build.BuildVerb object at 0x7f1334f849a0>, main=<bound method BuildVerb.main of <colcon_core.verb.build.BuildVerb object at 0x7f1334f849a0>>)
[2.859s] Level 1:colcon.colcon_core.package_discovery:discover_packages(colcon_meta) check parameters
[2.859s] Level 1:colcon.colcon_core.package_discovery:discover_packages(recursive) check parameters
[2.859s] Level 1:colcon.colcon_core.package_discovery:discover_packages(ignore) check parameters
[2.860s] Level 1:colcon.colcon_core.package_discovery:discover_packages(path) check parameters
[2.860s] Level 1:colcon.colcon_core.package_discovery:discover_packages(colcon_meta) discover
[2.860s] Level 1:colcon.colcon_core.package_discovery:discover_packages(recursive) discover
[2.860s] INFO:colcon.colcon_core.package_discovery:Crawling recursively for packages in '/home/dayo/Desktop/scrap_ws'
[2.860s] Level 1:colcon.colcon_core.package_identification:_identify(.) by extensions ['ignore', 'ignore_ament_install']
[2.860s] Level 1:colcon.colcon_core.package_identification:_identify(.) by extension 'ignore'
[2.861s] Level 1:colcon.colcon_core.package_identification:_identify(.) by extension 'ignore_ament_install'
[2.861s] Level 1:colcon.colcon_core.package_identification:_identify(.) by extensions ['colcon_pkg']
[2.861s] Level 1:colcon.colcon_core.package_identification:_identify(.) by extension 'colcon_pkg'
[2.861s] Level 1:colcon.colcon_core.package_identification:_identify(.) by extensions ['colcon_meta']
[2.861s] Level 1:colcon.colcon_core.package_identification:_identify(.) by extension 'colcon_meta'
[2.861s] Level 1:colcon.colcon_core.package_identification:_identify(.) by extensions ['ros']
[2.861s] Level 1:colcon.colcon_core.package_identification:_identify(.) by extension 'ros'
[2.935s] Level 1:colcon.colcon_core.package_identification:_identify(.) by extensions ['cmake', 'python']
[2.935s] Level 1:colcon.colcon_core.package_identification:_identify(.) by extension 'cmake'
[2.935s] Level 1:colcon.colcon_core.package_identification:_identify(.) by extension 'python'
[2.935s] Level 1:colcon.colcon_core.package_identification:_identify(.) by extensions ['python_setup_py']
[2.935s] Level 1:colcon.colcon_core.package_identification:_identify(.) by extension 'python_setup_py'
[2.935s] Level 1:colcon.colcon_core.package_identification:_identify(build) by extensions ['ignore', 'ignore_ament_install']
[2.935s] Level 1:colcon.colcon_core.package_identification:_identify(build) by extension 'ignore'
[2.936s] Level 1:colcon.colcon_core.package_identification:_identify(build) ignored
[2.936s] Level 1:colcon.colcon_core.package_identification:_identify(install) by extensions ['ignore', 'ignore_ament_install']
[2.936s] Level 1:colcon.colcon_core.package_identification:_identify(install) by extension 'ignore'
[2.936s] Level 1:colcon.colcon_core.package_identification:_identify(install) ignored
[2.936s] Level 1:colcon.colcon_core.package_identification:_identify(log) by extensions ['ignore', 'ignore_ament_install']
[2.936s] Level 1:colcon.colcon_core.package_identification:_identify(log) by extension 'ignore'
[2.937s] Level 1:colcon.colcon_core.package_identification:_identify(log) ignored
[2.937s] Level 1:colcon.colcon_core.package_identification:_identify(src) by extensions ['ignore', 'ignore_ament_install']
[2.937s] Level 1:colcon.colcon_core.package_identification:_identify(src) by extension 'ignore'
[2.937s] Level 1:colcon.colcon_core.package_identification:_identify(src) by extension 'ignore_ament_install'
[2.937s] Level 1:colcon.colcon_core.package_identification:_identify(src) by extensions ['colcon_pkg']
[2.937s] Level 1:colcon.colcon_core.package_identification:_identify(src) by extension 'colcon_pkg'
[2.938s] Level 1:colcon.colcon_core.package_identification:_identify(src) by extensions ['colcon_meta']
[2.938s] Level 1:colcon.colcon_core.package_identification:_identify(src) by extension 'colcon_meta'
[2.938s] Level 1:colcon.colcon_core.package_identification:_identify(src) by extensions ['ros']
[2.938s] Level 1:colcon.colcon_core.package_identification:_identify(src) by extension 'ros'
[2.938s] Level 1:colcon.colcon_core.package_identification:_identify(src) by extensions ['cmake', 'python']
[2.938s] Level 1:colcon.colcon_core.package_identification:_identify(src) by extension 'cmake'
[2.938s] Level 1:colcon.colcon_core.package_identification:_identify(src) by extension 'python'
[2.938s] Level 1:colcon.colcon_core.package_identification:_identify(src) by extensions ['python_setup_py']
[2.939s] Level 1:colcon.colcon_core.package_identification:_identify(src) by extension 'python_setup_py'
[2.939s] Level 1:colcon.colcon_core.package_identification:_identify(src/scrap_pkg) by extensions ['ignore', 'ignore_ament_install']
[2.939s] Level 1:colcon.colcon_core.package_identification:_identify(src/scrap_pkg) by extension 'ignore'
[2.939s] Level 1:colcon.colcon_core.package_identification:_identify(src/scrap_pkg) by extension 'ignore_ament_install'
[2.939s] Level 1:colcon.colcon_core.package_identification:_identify(src/scrap_pkg) by extensions ['colcon_pkg']
[2.939s] Level 1:colcon.colcon_core.package_identification:_identify(src/scrap_pkg) by extension 'colcon_pkg'
[2.939s] Level 1:colcon.colcon_core.package_identification:_identify(src/scrap_pkg) by extensions ['colcon_meta']
[2.940s] Level 1:colcon.colcon_core.package_identification:_identify(src/scrap_pkg) by extension 'colcon_meta'
[2.940s] Level 1:colcon.colcon_core.package_identification:_identify(src/scrap_pkg) by extensions ['ros']
[2.940s] Level 1:colcon.colcon_core.package_identification:_identify(src/scrap_pkg) by extension 'ros'
[2.944s] DEBUG:colcon.colcon_core.package_identification:Package 'src/scrap_pkg' with type 'ros.ament_cmake' and name 'scrap_pkg'
[2.944s] Level 1:colcon.colcon_core.package_identification:_identify(src/usb_cam) by extensions ['ignore', 'ignore_ament_install']
[2.944s] Level 1:colcon.colcon_core.package_identification:_identify(src/usb_cam) by extension 'ignore'
[2.944s] Level 1:colcon.colcon_core.package_identification:_identify(src/usb_cam) by extension 'ignore_ament_install'
[2.944s] Level 1:colcon.colcon_core.package_identification:_identify(src/usb_cam) by extensions ['colcon_pkg']
[2.944s] Level 1:colcon.colcon_core.package_identification:_identify(src/usb_cam) by extension 'colcon_pkg'
[2.945s] Level 1:colcon.colcon_core.package_identification:_identify(src/usb_cam) by extensions ['colcon_meta']
[2.945s] Level 1:colcon.colcon_core.package_identification:_identify(src/usb_cam) by extension 'colcon_meta'
[2.945s] Level 1:colcon.colcon_core.package_identification:_identify(src/usb_cam) by extensions ['ros']
[2.945s] Level 1:colcon.colcon_core.package_identification:_identify(src/usb_cam) by extension 'ros'
[2.946s] DEBUG:colcon.colcon_core.package_identification:Package 'src/usb_cam' with type 'ros.ament_cmake' and name 'usb_cam'
[2.946s] Level 1:colcon.colcon_core.package_identification:_identify(src/velodyne) by extensions ['ignore', 'ignore_ament_install']
[2.947s] Level 1:colcon.colcon_core.package_identification:_identify(src/velodyne) by extension 'ignore'
[2.947s] Level 1:colcon.colcon_core.package_identification:_identify(src/velodyne) by extension 'ignore_ament_install'
[2.947s] Level 1:colcon.colcon_core.package_identification:_identify(src/velodyne) by extensions ['colcon_pkg']
[2.947s] Level 1:colcon.colcon_core.package_identification:_identify(src/velodyne) by extension 'colcon_pkg'
[2.947s] Level 1:colcon.colcon_core.package_identification:_identify(src/velodyne) by extensions ['colcon_meta']
[2.947s] Level 1:colcon.colcon_core.package_identification:_identify(src/velodyne) by extension 'colcon_meta'
[2.947s] Level 1:colcon.colcon_core.package_identification:_identify(src/velodyne) by extensions ['ros']
[2.947s] Level 1:colcon.colcon_core.package_identification:_identify(src/velodyne) by extension 'ros'
[2.948s] Level 1:colcon.colcon_core.package_identification:_identify(src/velodyne) by extensions ['cmake', 'python']
[2.948s] Level 1:colcon.colcon_core.package_identification:_identify(src/velodyne) by extension 'cmake'
[2.948s] Level 1:colcon.colcon_core.package_identification:_identify(src/velodyne) by extension 'python'
[2.948s] Level 1:colcon.colcon_core.package_identification:_identify(src/velodyne) by extensions ['python_setup_py']
[2.948s] Level 1:colcon.colcon_core.package_identification:_identify(src/velodyne) by extension 'python_setup_py'
[2.948s] Level 1:colcon.colcon_core.package_identification:_identify(src/velodyne/velodyne) by extensions ['ignore', 'ignore_ament_install']
[2.948s] Level 1:colcon.colcon_core.package_identification:_identify(src/velodyne/velodyne) by extension 'ignore'
[2.949s] Level 1:colcon.colcon_core.package_identification:_identify(src/velodyne/velodyne) by extension 'ignore_ament_install'
[2.949s] Level 1:colcon.colcon_core.package_identification:_identify(src/velodyne/velodyne) by extensions ['colcon_pkg']
[2.949s] Level 1:colcon.colcon_core.package_identification:_identify(src/velodyne/velodyne) by extension 'colcon_pkg'
[2.949s] Level 1:colcon.colcon_core.package_identification:_identify(src/velodyne/velodyne) by extensions ['colcon_meta']
[2.949s] Level 1:colcon.colcon_core.package_identification:_identify(src/velodyne/velodyne) by extension 'colcon_meta'
[2.949s] Level 1:colcon.colcon_core.package_identification:_identify(src/velodyne/velodyne) by extensions ['ros']
[2.949s] Level 1:colcon.colcon_core.package_identification:_identify(src/velodyne/velodyne) by extension 'ros'
[2.950s] DEBUG:colcon.colcon_core.package_identification:Package 'src/velodyne/velodyne' with type 'ros.ament_cmake' and name 'velodyne'
[2.950s] Level 1:colcon.colcon_core.package_identification:_identify(src/velodyne/velodyne_driver) by extensions ['ignore', 'ignore_ament_install']
[2.950s] Level 1:colcon.colcon_core.package_identification:_identify(src/velodyne/velodyne_driver) by extension 'ignore'
[2.950s] Level 1:colcon.colcon_core.package_identification:_identify(src/velodyne/velodyne_driver) by extension 'ignore_ament_install'
[2.951s] Level 1:colcon.colcon_core.package_identification:_identify(src/velodyne/velodyne_driver) by extensions ['colcon_pkg']
[2.951s] Level 1:colcon.colcon_core.package_identification:_identify(src/velodyne/velodyne_driver) by extension 'colcon_pkg'
[2.951s] Level 1:colcon.colcon_core.package_identification:_identify(src/velodyne/velodyne_driver) by extensions ['colcon_meta']
[2.951s] Level 1:colcon.colcon_core.package_identification:_identify(src/velodyne/velodyne_driver) by extension 'colcon_meta'
[2.951s] Level 1:colcon.colcon_core.package_identification:_identify(src/velodyne/velodyne_driver) by extensions ['ros']
[2.951s] Level 1:colcon.colcon_core.package_identification:_identify(src/velodyne/velodyne_driver) by extension 'ros'
[2.963s] DEBUG:colcon.colcon_core.package_identification:Package 'src/velodyne/velodyne_driver' with type 'ros.ament_cmake' and name 'velodyne_driver'
[2.964s] Level 1:colcon.colcon_core.package_identification:_identify(src/velodyne/velodyne_laserscan) by extensions ['ignore', 'ignore_ament_install']
[2.964s] Level 1:colcon.colcon_core.package_identification:_identify(src/velodyne/velodyne_laserscan) by extension 'ignore'
[2.964s] Level 1:colcon.colcon_core.package_identification:_identify(src/velodyne/velodyne_laserscan) by extension 'ignore_ament_install'
[2.964s] Level 1:colcon.colcon_core.package_identification:_identify(src/velodyne/velodyne_laserscan) by extensions ['colcon_pkg']
[2.964s] Level 1:colcon.colcon_core.package_identification:_identify(src/velodyne/velodyne_laserscan) by extension 'colcon_pkg'
[2.964s] Level 1:colcon.colcon_core.package_identification:_identify(src/velodyne/velodyne_laserscan) by extensions ['colcon_meta']
[2.964s] Level 1:colcon.colcon_core.package_identification:_identify(src/velodyne/velodyne_laserscan) by extension 'colcon_meta'
[2.964s] Level 1:colcon.colcon_core.package_identification:_identify(src/velodyne/velodyne_laserscan) by extensions ['ros']
[2.965s] Level 1:colcon.colcon_core.package_identification:_identify(src/velodyne/velodyne_laserscan) by extension 'ros'
[2.965s] DEBUG:colcon.colcon_core.package_identification:Package 'src/velodyne/velodyne_laserscan' with type 'ros.ament_cmake' and name 'velodyne_laserscan'
[2.965s] Level 1:colcon.colcon_core.package_identification:_identify(src/velodyne/velodyne_msgs) by extensions ['ignore', 'ignore_ament_install']
[2.966s] Level 1:colcon.colcon_core.package_identification:_identify(src/velodyne/velodyne_msgs) by extension 'ignore'
[2.966s] Level 1:colcon.colcon_core.package_identification:_identify(src/velodyne/velodyne_msgs) by extension 'ignore_ament_install'
[2.966s] Level 1:colcon.colcon_core.package_identification:_identify(src/velodyne/velodyne_msgs) by extensions ['colcon_pkg']
[2.966s] Level 1:colcon.colcon_core.package_identification:_identify(src/velodyne/velodyne_msgs) by extension 'colcon_pkg'
[2.966s] Level 1:colcon.colcon_core.package_identification:_identify(src/velodyne/velodyne_msgs) by extensions ['colcon_meta']
[2.966s] Level 1:colcon.colcon_core.package_identification:_identify(src/velodyne/velodyne_msgs) by extension 'colcon_meta'
[2.966s] Level 1:colcon.colcon_core.package_identification:_identify(src/velodyne/velodyne_msgs) by extensions ['ros']
[2.967s] Level 1:colcon.colcon_core.package_identification:_identify(src/velodyne/velodyne_msgs) by extension 'ros'
[2.967s] DEBUG:colcon.colcon_core.package_identification:Package 'src/velodyne/velodyne_msgs' with type 'ros.ament_cmake' and name 'velodyne_msgs'
[2.967s] Level 1:colcon.colcon_core.package_identification:_identify(src/velodyne/velodyne_pointcloud) by extensions ['ignore', 'ignore_ament_install']
[2.968s] Level 1:colcon.colcon_core.package_identification:_identify(src/velodyne/velodyne_pointcloud) by extension 'ignore'
[2.968s] Level 1:colcon.colcon_core.package_identification:_identify(src/velodyne/velodyne_pointcloud) by extension 'ignore_ament_install'
[2.968s] Level 1:colcon.colcon_core.package_identification:_identify(src/velodyne/velodyne_pointcloud) by extensions ['colcon_pkg']
[2.968s] Level 1:colcon.colcon_core.package_identification:_identify(src/velodyne/velodyne_pointcloud) by extension 'colcon_pkg'
[2.968s] Level 1:colcon.colcon_core.package_identification:_identify(src/velodyne/velodyne_pointcloud) by extensions ['colcon_meta']
[2.968s] Level 1:colcon.colcon_core.package_identification:_identify(src/velodyne/velodyne_pointcloud) by extension 'colcon_meta'
[2.968s] Level 1:colcon.colcon_core.package_identification:_identify(src/velodyne/velodyne_pointcloud) by extensions ['ros']
[2.969s] Level 1:colcon.colcon_core.package_identification:_identify(src/velodyne/velodyne_pointcloud) by extension 'ros'
[2.970s] DEBUG:colcon.colcon_core.package_identification:Package 'src/velodyne/velodyne_pointcloud' with type 'ros.ament_cmake' and name 'velodyne_pointcloud'
[2.970s] Level 1:colcon.colcon_core.package_discovery:discover_packages(recursive) using defaults
[2.971s] Level 1:colcon.colcon_core.package_discovery:discover_packages(ignore) discover
[2.971s] Level 1:colcon.colcon_core.package_discovery:discover_packages(ignore) using defaults
[2.971s] Level 1:colcon.colcon_core.package_discovery:discover_packages(path) discover
[2.971s] Level 1:colcon.colcon_core.package_discovery:discover_packages(path) using defaults
[3.031s] Level 1:colcon.colcon_core.package_discovery:discover_packages(prefix_path) check parameters
[3.031s] Level 1:colcon.colcon_core.package_discovery:discover_packages(prefix_path) discover
[3.037s] DEBUG:colcon.colcon_installed_package_information.package_discovery:Found 7 installed packages in /home/dayo/Desktop/scrap_ws/install
[3.048s] DEBUG:colcon.colcon_installed_package_information.package_discovery:Found 350 installed packages in /opt/ros/iron
[3.049s] Level 1:colcon.colcon_core.package_discovery:discover_packages(prefix_path) using defaults
[4.366s] Level 5:colcon.colcon_core.verb:set package 'usb_cam' build argument 'cmake_args' from command line to 'None'
[4.366s] Level 5:colcon.colcon_core.verb:set package 'usb_cam' build argument 'cmake_target' from command line to 'None'
[4.366s] Level 5:colcon.colcon_core.verb:set package 'usb_cam' build argument 'cmake_target_skip_unavailable' from command line to 'False'
[4.366s] Level 5:colcon.colcon_core.verb:set package 'usb_cam' build argument 'cmake_clean_cache' from command line to 'False'
[4.366s] Level 5:colcon.colcon_core.verb:set package 'usb_cam' build argument 'cmake_clean_first' from command line to 'False'
[4.366s] Level 5:colcon.colcon_core.verb:set package 'usb_cam' build argument 'cmake_force_configure' from command line to 'False'
[4.366s] Level 5:colcon.colcon_core.verb:set package 'usb_cam' build argument 'ament_cmake_args' from command line to 'None'
[4.367s] Level 5:colcon.colcon_core.verb:set package 'usb_cam' build argument 'catkin_cmake_args' from command line to 'None'
[4.367s] Level 5:colcon.colcon_core.verb:set package 'usb_cam' build argument 'catkin_skip_building_tests' from command line to 'False'
[4.367s] DEBUG:colcon.colcon_core.verb:Building package 'usb_cam' with the following arguments: {'ament_cmake_args': None, 'build_base': '/home/dayo/Desktop/scrap_ws/build/usb_cam', 'catkin_cmake_args': None, 'catkin_skip_building_tests': False, 'cmake_args': None, 'cmake_clean_cache': False, 'cmake_clean_first': False, 'cmake_force_configure': False, 'cmake_target': None, 'cmake_target_skip_unavailable': False, 'install_base': '/home/dayo/Desktop/scrap_ws/install/usb_cam', 'merge_install': False, 'path': '/home/dayo/Desktop/scrap_ws/src/usb_cam', 'symlink_install': False, 'test_result_base': None}
[4.368s] Level 5:colcon.colcon_core.verb:set package 'velodyne_laserscan' build argument 'cmake_args' from command line to 'None'
[4.368s] Level 5:colcon.colcon_core.verb:set package 'velodyne_laserscan' build argument 'cmake_target' from command line to 'None'
[4.368s] Level 5:colcon.colcon_core.verb:set package 'velodyne_laserscan' build argument 'cmake_target_skip_unavailable' from command line to 'False'
[4.368s] Level 5:colcon.colcon_core.verb:set package 'velodyne_laserscan' build argument 'cmake_clean_cache' from command line to 'False'
[4.368s] Level 5:colcon.colcon_core.verb:set package 'velodyne_laserscan' build argument 'cmake_clean_first' from command line to 'False'
[4.368s] Level 5:colcon.colcon_core.verb:set package 'velodyne_laserscan' build argument 'cmake_force_configure' from command line to 'False'
[4.368s] Level 5:colcon.colcon_core.verb:set package 'velodyne_laserscan' build argument 'ament_cmake_args' from command line to 'None'
[4.368s] Level 5:colcon.colcon_core.verb:set package 'velodyne_laserscan' build argument 'catkin_cmake_args' from command line to 'None'
[4.368s] Level 5:colcon.colcon_core.verb:set package 'velodyne_laserscan' build argument 'catkin_skip_building_tests' from command line to 'False'
[4.368s] DEBUG:colcon.colcon_core.verb:Building package 'velodyne_laserscan' with the following arguments: {'ament_cmake_args': None, 'build_base': '/home/dayo/Desktop/scrap_ws/build/velodyne_laserscan', 'catkin_cmake_args': None, 'catkin_skip_building_tests': False, 'cmake_args': None, 'cmake_clean_cache': False, 'cmake_clean_first': False, 'cmake_force_configure': False, 'cmake_target': None, 'cmake_target_skip_unavailable': False, 'install_base': '/home/dayo/Desktop/scrap_ws/install/velodyne_laserscan', 'merge_install': False, 'path': '/home/dayo/Desktop/scrap_ws/src/velodyne/velodyne_laserscan', 'symlink_install': False, 'test_result_base': None}
[4.369s] Level 5:colcon.colcon_core.verb:set package 'velodyne_msgs' build argument 'cmake_args' from command line to 'None'
[4.369s] Level 5:colcon.colcon_core.verb:set package 'velodyne_msgs' build argument 'cmake_target' from command line to 'None'
[4.369s] Level 5:colcon.colcon_core.verb:set package 'velodyne_msgs' build argument 'cmake_target_skip_unavailable' from command line to 'False'
[4.369s] Level 5:colcon.colcon_core.verb:set package 'velodyne_msgs' build argument 'cmake_clean_cache' from command line to 'False'
[4.369s] Level 5:colcon.colcon_core.verb:set package 'velodyne_msgs' build argument 'cmake_clean_first' from command line to 'False'
[4.370s] Level 5:colcon.colcon_core.verb:set package 'velodyne_msgs' build argument 'cmake_force_configure' from command line to 'False'
[4.370s] Level 5:colcon.colcon_core.verb:set package 'velodyne_msgs' build argument 'ament_cmake_args' from command line to 'None'
[4.370s] Level 5:colcon.colcon_core.verb:set package 'velodyne_msgs' build argument 'catkin_cmake_args' from command line to 'None'
[4.370s] Level 5:colcon.colcon_core.verb:set package 'velodyne_msgs' build argument 'catkin_skip_building_tests' from command line to 'False'
[4.370s] DEBUG:colcon.colcon_core.verb:Building package 'velodyne_msgs' with the following arguments: {'ament_cmake_args': None, 'build_base': '/home/dayo/Desktop/scrap_ws/build/velodyne_msgs', 'catkin_cmake_args': None, 'catkin_skip_building_tests': False, 'cmake_args': None, 'cmake_clean_cache': False, 'cmake_clean_first': False, 'cmake_force_configure': False, 'cmake_target': None, 'cmake_target_skip_unavailable': False, 'install_base': '/home/dayo/Desktop/scrap_ws/install/velodyne_msgs', 'merge_install': False, 'path': '/home/dayo/Desktop/scrap_ws/src/velodyne/velodyne_msgs', 'symlink_install': False, 'test_result_base': None}
[4.371s] Level 5:colcon.colcon_core.verb:set package 'scrap_pkg' build argument 'cmake_args' from command line to 'None'
[4.371s] Level 5:colcon.colcon_core.verb:set package 'scrap_pkg' build argument 'cmake_target' from command line to 'None'
[4.371s] Level 5:colcon.colcon_core.verb:set package 'scrap_pkg' build argument 'cmake_target_skip_unavailable' from command line to 'False'
[4.371s] Level 5:colcon.colcon_core.verb:set package 'scrap_pkg' build argument 'cmake_clean_cache' from command line to 'False'
[4.371s] Level 5:colcon.colcon_core.verb:set package 'scrap_pkg' build argument 'cmake_clean_first' from command line to 'False'
[4.371s] Level 5:colcon.colcon_core.verb:set package 'scrap_pkg' build argument 'cmake_force_configure' from command line to 'False'
[4.371s] Level 5:colcon.colcon_core.verb:set package 'scrap_pkg' build argument 'ament_cmake_args' from command line to 'None'
[4.371s] Level 5:colcon.colcon_core.verb:set package 'scrap_pkg' build argument 'catkin_cmake_args' from command line to 'None'
[4.371s] Level 5:colcon.colcon_core.verb:set package 'scrap_pkg' build argument 'catkin_skip_building_tests' from command line to 'False'
[4.371s] DEBUG:colcon.colcon_core.verb:Building package 'scrap_pkg' with the following arguments: {'ament_cmake_args': None, 'build_base': '/home/dayo/Desktop/scrap_ws/build/scrap_pkg', 'catkin_cmake_args': None, 'catkin_skip_building_tests': False, 'cmake_args': None, 'cmake_clean_cache': False, 'cmake_clean_first': False, 'cmake_force_configure': False, 'cmake_target': None, 'cmake_target_skip_unavailable': False, 'install_base': '/home/dayo/Desktop/scrap_ws/install/scrap_pkg', 'merge_install': False, 'path': '/home/dayo/Desktop/scrap_ws/src/scrap_pkg', 'symlink_install': False, 'test_result_base': None}
[4.372s] Level 5:colcon.colcon_core.verb:set package 'velodyne_driver' build argument 'cmake_args' from command line to 'None'
[4.372s] Level 5:colcon.colcon_core.verb:set package 'velodyne_driver' build argument 'cmake_target' from command line to 'None'
[4.372s] Level 5:colcon.colcon_core.verb:set package 'velodyne_driver' build argument 'cmake_target_skip_unavailable' from command line to 'False'
[4.373s] Level 5:colcon.colcon_core.verb:set package 'velodyne_driver' build argument 'cmake_clean_cache' from command line to 'False'
[4.373s] Level 5:colcon.colcon_core.verb:set package 'velodyne_driver' build argument 'cmake_clean_first' from command line to 'False'
[4.373s] Level 5:colcon.colcon_core.verb:set package 'velodyne_driver' build argument 'cmake_force_configure' from command line to 'False'
[4.373s] Level 5:colcon.colcon_core.verb:set package 'velodyne_driver' build argument 'ament_cmake_args' from command line to 'None'
[4.373s] Level 5:colcon.colcon_core.verb:set package 'velodyne_driver' build argument 'catkin_cmake_args' from command line to 'None'
[4.373s] Level 5:colcon.colcon_core.verb:set package 'velodyne_driver' build argument 'catkin_skip_building_tests' from command line to 'False'
[4.373s] DEBUG:colcon.colcon_core.verb:Building package 'velodyne_driver' with the following arguments: {'ament_cmake_args': None, 'build_base': '/home/dayo/Desktop/scrap_ws/build/velodyne_driver', 'catkin_cmake_args': None, 'catkin_skip_building_tests': False, 'cmake_args': None, 'cmake_clean_cache': False, 'cmake_clean_first': False, 'cmake_force_configure': False, 'cmake_target': None, 'cmake_target_skip_unavailable': False, 'install_base': '/home/dayo/Desktop/scrap_ws/install/velodyne_driver', 'merge_install': False, 'path': '/home/dayo/Desktop/scrap_ws/src/velodyne/velodyne_driver', 'symlink_install': False, 'test_result_base': None}
[4.374s] Level 5:colcon.colcon_core.verb:set package 'velodyne_pointcloud' build argument 'cmake_args' from command line to 'None'
[4.374s] Level 5:colcon.colcon_core.verb:set package 'velodyne_pointcloud' build argument 'cmake_target' from command line to 'None'
[4.374s] Level 5:colcon.colcon_core.verb:set package 'velodyne_pointcloud' build argument 'cmake_target_skip_unavailable' from command line to 'False'
[4.374s] Level 5:colcon.colcon_core.verb:set package 'velodyne_pointcloud' build argument 'cmake_clean_cache' from command line to 'False'
[4.375s] Level 5:colcon.colcon_core.verb:set package 'velodyne_pointcloud' build argument 'cmake_clean_first' from command line to 'False'
[4.375s] Level 5:colcon.colcon_core.verb:set package 'velodyne_pointcloud' build argument 'cmake_force_configure' from command line to 'False'
[4.375s] Level 5:colcon.colcon_core.verb:set package 'velodyne_pointcloud' build argument 'ament_cmake_args' from command line to 'None'
[4.375s] Level 5:colcon.colcon_core.verb:set package 'velodyne_pointcloud' build argument 'catkin_cmake_args' from command line to 'None'
[4.375s] Level 5:colcon.colcon_core.verb:set package 'velodyne_pointcloud' build argument 'catkin_skip_building_tests' from command line to 'False'
[4.375s] DEBUG:colcon.colcon_core.verb:Building package 'velodyne_pointcloud' with the following arguments: {'ament_cmake_args': None, 'build_base': '/home/dayo/Desktop/scrap_ws/build/velodyne_pointcloud', 'catkin_cmake_args': None, 'catkin_skip_building_tests': False, 'cmake_args': None, 'cmake_clean_cache': False, 'cmake_clean_first': False, 'cmake_force_configure': False, 'cmake_target': None, 'cmake_target_skip_unavailable': False, 'install_base': '/home/dayo/Desktop/scrap_ws/install/velodyne_pointcloud', 'merge_install': False, 'path': '/home/dayo/Desktop/scrap_ws/src/velodyne/velodyne_pointcloud', 'symlink_install': False, 'test_result_base': None}
[4.376s] Level 5:colcon.colcon_core.verb:set package 'velodyne' build argument 'cmake_args' from command line to 'None'
[4.376s] Level 5:colcon.colcon_core.verb:set package 'velodyne' build argument 'cmake_target' from command line to 'None'
[4.376s] Level 5:colcon.colcon_core.verb:set package 'velodyne' build argument 'cmake_target_skip_unavailable' from command line to 'False'
[4.376s] Level 5:colcon.colcon_core.verb:set package 'velodyne' build argument 'cmake_clean_cache' from command line to 'False'
[4.376s] Level 5:colcon.colcon_core.verb:set package 'velodyne' build argument 'cmake_clean_first' from command line to 'False'
[4.376s] Level 5:colcon.colcon_core.verb:set package 'velodyne' build argument 'cmake_force_configure' from command line to 'False'
[4.377s] Level 5:colcon.colcon_core.verb:set package 'velodyne' build argument 'ament_cmake_args' from command line to 'None'
[4.377s] Level 5:colcon.colcon_core.verb:set package 'velodyne' build argument 'catkin_cmake_args' from command line to 'None'
[4.377s] Level 5:colcon.colcon_core.verb:set package 'velodyne' build argument 'catkin_skip_building_tests' from command line to 'False'
[4.377s] DEBUG:colcon.colcon_core.verb:Building package 'velodyne' with the following arguments: {'ament_cmake_args': None, 'build_base': '/home/dayo/Desktop/scrap_ws/build/velodyne', 'catkin_cmake_args': None, 'catkin_skip_building_tests': False, 'cmake_args': None, 'cmake_clean_cache': False, 'cmake_clean_first': False, 'cmake_force_configure': False, 'cmake_target': None, 'cmake_target_skip_unavailable': False, 'install_base': '/home/dayo/Desktop/scrap_ws/install/velodyne', 'merge_install': False, 'path': '/home/dayo/Desktop/scrap_ws/src/velodyne/velodyne', 'symlink_install': False, 'test_result_base': None}
[4.377s] INFO:colcon.colcon_core.executor:Executing jobs using 'parallel' executor
[4.380s] DEBUG:colcon.colcon_parallel_executor.executor.parallel:run_until_complete
[4.381s] INFO:colcon.colcon_ros.task.ament_cmake.build:Building ROS package in '/home/dayo/Desktop/scrap_ws/src/velodyne/velodyne_msgs' with build type 'ament_cmake'
[4.381s] INFO:colcon.colcon_cmake.task.cmake.build:Building CMake package in '/home/dayo/Desktop/scrap_ws/src/velodyne/velodyne_msgs'
[4.390s] INFO:colcon.colcon_core.plugin_system:Skipping extension 'colcon_core.shell.bat': Not used on non-Windows systems
[4.391s] INFO:colcon.colcon_core.shell:Skip shell extension 'powershell' for command environment: Not usable outside of PowerShell
[4.391s] DEBUG:colcon.colcon_core.shell:Skip shell extension 'dsv' for command environment
[4.399s] INFO:colcon.colcon_ros.task.ament_cmake.build:Building ROS package in '/home/dayo/Desktop/scrap_ws/src/usb_cam' with build type 'ament_cmake'
[4.399s] INFO:colcon.colcon_cmake.task.cmake.build:Building CMake package in '/home/dayo/Desktop/scrap_ws/src/usb_cam'
[4.401s] INFO:colcon.colcon_core.shell:Skip shell extension 'powershell' for command environment: Not usable outside of PowerShell
[4.401s] DEBUG:colcon.colcon_core.shell:Skip shell extension 'dsv' for command environment
[4.425s] DEBUG:colcon.colcon_core.event_handler.log_command:Invoking command in '/home/dayo/Desktop/scrap_ws/build/velodyne_msgs': CMAKE_PREFIX_PATH=${CMAKE_PREFIX_PATH}:/opt/ros/iron /usr/bin/cmake --build /home/dayo/Desktop/scrap_ws/build/velodyne_msgs -- -j2 -l2
[4.444s] DEBUG:colcon.colcon_core.event_handler.log_command:Invoking command in '/home/dayo/Desktop/scrap_ws/build/usb_cam': CMAKE_PREFIX_PATH=${CMAKE_PREFIX_PATH}:/opt/ros/iron /usr/bin/cmake --build /home/dayo/Desktop/scrap_ws/build/usb_cam -- -j2 -l2
[5.589s] DEBUG:colcon.colcon_core.event_handler.log_command:Invoked command in '/home/dayo/Desktop/scrap_ws/build/usb_cam' returned '0': CMAKE_PREFIX_PATH=${CMAKE_PREFIX_PATH}:/opt/ros/iron /usr/bin/cmake --build /home/dayo/Desktop/scrap_ws/build/usb_cam -- -j2 -l2
[5.649s] DEBUG:colcon.colcon_core.event_handler.log_command:Invoking command in '/home/dayo/Desktop/scrap_ws/build/usb_cam': CMAKE_PREFIX_PATH=${CMAKE_PREFIX_PATH}:/opt/ros/iron /usr/bin/cmake --install /home/dayo/Desktop/scrap_ws/build/usb_cam
[5.693s] Level 1:colcon.colcon_core.environment:create_environment_scripts_only(usb_cam)
[5.694s] DEBUG:colcon.colcon_core.event_handler.log_command:Invoked command in '/home/dayo/Desktop/scrap_ws/build/usb_cam' returned '0': CMAKE_PREFIX_PATH=${CMAKE_PREFIX_PATH}:/opt/ros/iron /usr/bin/cmake --install /home/dayo/Desktop/scrap_ws/build/usb_cam
[5.731s] Level 1:colcon.colcon_core.environment:checking '/home/dayo/Desktop/scrap_ws/install/usb_cam' for CMake module files
[5.731s] Level 1:colcon.colcon_core.environment:checking '/home/dayo/Desktop/scrap_ws/install/usb_cam' for CMake config files
[5.732s] Level 1:colcon.colcon_core.shell:create_environment_hook('usb_cam', 'cmake_prefix_path')
[5.733s] INFO:colcon.colcon_core.shell:Creating environment hook '/home/dayo/Desktop/scrap_ws/install/usb_cam/share/usb_cam/hook/cmake_prefix_path.ps1'
[5.751s] INFO:colcon.colcon_core.shell:Creating environment descriptor '/home/dayo/Desktop/scrap_ws/install/usb_cam/share/usb_cam/hook/cmake_prefix_path.dsv'
[5.755s] INFO:colcon.colcon_core.shell:Creating environment hook '/home/dayo/Desktop/scrap_ws/install/usb_cam/share/usb_cam/hook/cmake_prefix_path.sh'
[5.757s] Level 1:colcon.colcon_core.environment:checking '/home/dayo/Desktop/scrap_ws/install/usb_cam/lib'
[5.758s] Level 1:colcon.colcon_core.shell:create_environment_hook('usb_cam', 'ld_library_path_lib')
[5.759s] INFO:colcon.colcon_core.shell:Creating environment hook '/home/dayo/Desktop/scrap_ws/install/usb_cam/share/usb_cam/hook/ld_library_path_lib.ps1'
[5.759s] INFO:colcon.colcon_core.shell:Creating environment descriptor '/home/dayo/Desktop/scrap_ws/install/usb_cam/share/usb_cam/hook/ld_library_path_lib.dsv'
[5.759s] INFO:colcon.colcon_core.shell:Creating environment hook '/home/dayo/Desktop/scrap_ws/install/usb_cam/share/usb_cam/hook/ld_library_path_lib.sh'
[5.760s] Level 1:colcon.colcon_core.environment:checking '/home/dayo/Desktop/scrap_ws/install/usb_cam/bin'
[5.760s] Level 1:colcon.colcon_core.environment:checking '/home/dayo/Desktop/scrap_ws/install/usb_cam/lib/pkgconfig/usb_cam.pc'
[5.760s] Level 1:colcon.colcon_core.environment:checking '/home/dayo/Desktop/scrap_ws/install/usb_cam/lib/python3.10/site-packages'
[5.760s] Level 1:colcon.colcon_core.environment:checking '/home/dayo/Desktop/scrap_ws/install/usb_cam/bin'
[5.761s] INFO:colcon.colcon_core.shell:Creating package script '/home/dayo/Desktop/scrap_ws/install/usb_cam/share/usb_cam/package.ps1'
[5.763s] INFO:colcon.colcon_core.shell:Creating package descriptor '/home/dayo/Desktop/scrap_ws/install/usb_cam/share/usb_cam/package.dsv'
[5.764s] INFO:colcon.colcon_core.shell:Creating package script '/home/dayo/Desktop/scrap_ws/install/usb_cam/share/usb_cam/package.sh'
[5.765s] INFO:colcon.colcon_core.shell:Creating package script '/home/dayo/Desktop/scrap_ws/install/usb_cam/share/usb_cam/package.bash'
[5.767s] INFO:colcon.colcon_core.shell:Creating package script '/home/dayo/Desktop/scrap_ws/install/usb_cam/share/usb_cam/package.zsh'
[5.789s] Level 1:colcon.colcon_core.environment:create_file_with_runtime_dependencies(/home/dayo/Desktop/scrap_ws/install/usb_cam/share/colcon-core/packages/usb_cam)
[5.791s] DEBUG:colcon.colcon_core.event_handler.log_command:Invoked command in '/home/dayo/Desktop/scrap_ws/build/velodyne_msgs' returned '0': CMAKE_PREFIX_PATH=${CMAKE_PREFIX_PATH}:/opt/ros/iron /usr/bin/cmake --build /home/dayo/Desktop/scrap_ws/build/velodyne_msgs -- -j2 -l2
[5.834s] Level 1:colcon.colcon_core.environment:create_environment_scripts_only(usb_cam)
[5.836s] Level 1:colcon.colcon_core.environment:checking '/home/dayo/Desktop/scrap_ws/install/usb_cam' for CMake module files
[5.836s] Level 1:colcon.colcon_core.environment:checking '/home/dayo/Desktop/scrap_ws/install/usb_cam' for CMake config files
[5.837s] Level 1:colcon.colcon_core.shell:create_environment_hook('usb_cam', 'cmake_prefix_path')
[5.838s] INFO:colcon.colcon_core.shell:Creating environment hook '/home/dayo/Desktop/scrap_ws/install/usb_cam/share/usb_cam/hook/cmake_prefix_path.ps1'
[5.839s] INFO:colcon.colcon_core.shell:Creating environment descriptor '/home/dayo/Desktop/scrap_ws/install/usb_cam/share/usb_cam/hook/cmake_prefix_path.dsv'
[5.839s] INFO:colcon.colcon_core.shell:Creating environment hook '/home/dayo/Desktop/scrap_ws/install/usb_cam/share/usb_cam/hook/cmake_prefix_path.sh'
[5.840s] Level 1:colcon.colcon_core.environment:checking '/home/dayo/Desktop/scrap_ws/install/usb_cam/lib'
[5.840s] Level 1:colcon.colcon_core.shell:create_environment_hook('usb_cam', 'ld_library_path_lib')
[5.841s] INFO:colcon.colcon_core.shell:Creating environment hook '/home/dayo/Desktop/scrap_ws/install/usb_cam/share/usb_cam/hook/ld_library_path_lib.ps1'
[5.843s] INFO:colcon.colcon_core.shell:Creating environment descriptor '/home/dayo/Desktop/scrap_ws/install/usb_cam/share/usb_cam/hook/ld_library_path_lib.dsv'
[5.844s] INFO:colcon.colcon_core.shell:Creating environment hook '/home/dayo/Desktop/scrap_ws/install/usb_cam/share/usb_cam/hook/ld_library_path_lib.sh'
[5.844s] Level 1:colcon.colcon_core.environment:checking '/home/dayo/Desktop/scrap_ws/install/usb_cam/bin'
[5.845s] Level 1:colcon.colcon_core.environment:checking '/home/dayo/Desktop/scrap_ws/install/usb_cam/lib/pkgconfig/usb_cam.pc'
[5.845s] Level 1:colcon.colcon_core.environment:checking '/home/dayo/Desktop/scrap_ws/install/usb_cam/lib/python3.10/site-packages'
[5.845s] Level 1:colcon.colcon_core.environment:checking '/home/dayo/Desktop/scrap_ws/install/usb_cam/bin'
[5.846s] INFO:colcon.colcon_core.shell:Creating package script '/home/dayo/Desktop/scrap_ws/install/usb_cam/share/usb_cam/package.ps1'
[5.847s] INFO:colcon.colcon_core.shell:Creating package descriptor '/home/dayo/Desktop/scrap_ws/install/usb_cam/share/usb_cam/package.dsv'
[5.848s] INFO:colcon.colcon_core.shell:Creating package script '/home/dayo/Desktop/scrap_ws/install/usb_cam/share/usb_cam/package.sh'
[5.848s] INFO:colcon.colcon_core.shell:Creating package script '/home/dayo/Desktop/scrap_ws/install/usb_cam/share/usb_cam/package.bash'
[5.849s] INFO:colcon.colcon_core.shell:Creating package script '/home/dayo/Desktop/scrap_ws/install/usb_cam/share/usb_cam/package.zsh'
[5.850s] Level 1:colcon.colcon_core.environment:create_file_with_runtime_dependencies(/home/dayo/Desktop/scrap_ws/install/usb_cam/share/colcon-core/packages/usb_cam)
[5.850s] INFO:colcon.colcon_ros.task.ament_cmake.build:Building ROS package in '/home/dayo/Desktop/scrap_ws/src/velodyne/velodyne_laserscan' with build type 'ament_cmake'
[5.851s] INFO:colcon.colcon_cmake.task.cmake.build:Building CMake package in '/home/dayo/Desktop/scrap_ws/src/velodyne/velodyne_laserscan'
[5.852s] INFO:colcon.colcon_core.shell:Skip shell extension 'powershell' for command environment: Not usable outside of PowerShell
[5.852s] DEBUG:colcon.colcon_core.shell:Skip shell extension 'dsv' for command environment
[5.899s] DEBUG:colcon.colcon_core.event_handler.log_command:Invoking command in '/home/dayo/Desktop/scrap_ws/build/velodyne_laserscan': CMAKE_PREFIX_PATH=${CMAKE_PREFIX_PATH}:/opt/ros/iron /usr/bin/cmake --build /home/dayo/Desktop/scrap_ws/build/velodyne_laserscan -- -j2 -l2
[5.904s] DEBUG:colcon.colcon_core.event_handler.log_command:Invoking command in '/home/dayo/Desktop/scrap_ws/build/velodyne_msgs': CMAKE_PREFIX_PATH=${CMAKE_PREFIX_PATH}:/opt/ros/iron /usr/bin/cmake --install /home/dayo/Desktop/scrap_ws/build/velodyne_msgs
[5.972s] Level 1:colcon.colcon_core.environment:create_environment_scripts_only(velodyne_msgs)
[5.974s] Level 1:colcon.colcon_core.environment:checking '/home/dayo/Desktop/scrap_ws/install/velodyne_msgs' for CMake module files
[5.974s] Level 1:colcon.colcon_core.environment:checking '/home/dayo/Desktop/scrap_ws/install/velodyne_msgs' for CMake config files
[5.975s] Level 1:colcon.colcon_core.shell:create_environment_hook('velodyne_msgs', 'cmake_prefix_path')
[5.976s] INFO:colcon.colcon_core.shell:Creating environment hook '/home/dayo/Desktop/scrap_ws/install/velodyne_msgs/share/velodyne_msgs/hook/cmake_prefix_path.ps1'
[5.976s] INFO:colcon.colcon_core.shell:Creating environment descriptor '/home/dayo/Desktop/scrap_ws/install/velodyne_msgs/share/velodyne_msgs/hook/cmake_prefix_path.dsv'
[5.976s] DEBUG:colcon.colcon_core.event_handler.log_command:Invoked command in '/home/dayo/Desktop/scrap_ws/build/velodyne_msgs' returned '0': CMAKE_PREFIX_PATH=${CMAKE_PREFIX_PATH}:/opt/ros/iron /usr/bin/cmake --install /home/dayo/Desktop/scrap_ws/build/velodyne_msgs
[5.977s] INFO:colcon.colcon_core.shell:Creating environment hook '/home/dayo/Desktop/scrap_ws/install/velodyne_msgs/share/velodyne_msgs/hook/cmake_prefix_path.sh'
[5.978s] Level 1:colcon.colcon_core.environment:checking '/home/dayo/Desktop/scrap_ws/install/velodyne_msgs/lib'
[5.978s] Level 1:colcon.colcon_core.shell:create_environment_hook('velodyne_msgs', 'ld_library_path_lib')
[5.979s] INFO:colcon.colcon_core.shell:Creating environment hook '/home/dayo/Desktop/scrap_ws/install/velodyne_msgs/share/velodyne_msgs/hook/ld_library_path_lib.ps1'
[5.979s] INFO:colcon.colcon_core.shell:Creating environment descriptor '/home/dayo/Desktop/scrap_ws/install/velodyne_msgs/share/velodyne_msgs/hook/ld_library_path_lib.dsv'
[5.979s] INFO:colcon.colcon_core.shell:Creating environment hook '/home/dayo/Desktop/scrap_ws/install/velodyne_msgs/share/velodyne_msgs/hook/ld_library_path_lib.sh'
[5.980s] Level 1:colcon.colcon_core.environment:checking '/home/dayo/Desktop/scrap_ws/install/velodyne_msgs/bin'
[5.980s] Level 1:colcon.colcon_core.environment:checking '/home/dayo/Desktop/scrap_ws/install/velodyne_msgs/lib/pkgconfig/velodyne_msgs.pc'
[5.980s] Level 1:colcon.colcon_core.environment:checking '/home/dayo/Desktop/scrap_ws/install/velodyne_msgs/lib/python3.10/site-packages'
[5.980s] Level 1:colcon.colcon_core.shell:create_environment_hook('velodyne_msgs', 'pythonpath')
[5.981s] INFO:colcon.colcon_core.shell:Creating environment hook '/home/dayo/Desktop/scrap_ws/install/velodyne_msgs/share/velodyne_msgs/hook/pythonpath.ps1'
[5.982s] INFO:colcon.colcon_core.shell:Creating environment descriptor '/home/dayo/Desktop/scrap_ws/install/velodyne_msgs/share/velodyne_msgs/hook/pythonpath.dsv'
[5.982s] INFO:colcon.colcon_core.shell:Creating environment hook '/home/dayo/Desktop/scrap_ws/install/velodyne_msgs/share/velodyne_msgs/hook/pythonpath.sh'
[5.983s] Level 1:colcon.colcon_core.environment:checking '/home/dayo/Desktop/scrap_ws/install/velodyne_msgs/bin'
[5.984s] INFO:colcon.colcon_core.shell:Creating package script '/home/dayo/Desktop/scrap_ws/install/velodyne_msgs/share/velodyne_msgs/package.ps1'
[5.984s] INFO:colcon.colcon_core.shell:Creating package descriptor '/home/dayo/Desktop/scrap_ws/install/velodyne_msgs/share/velodyne_msgs/package.dsv'
[5.985s] INFO:colcon.colcon_core.shell:Creating package script '/home/dayo/Desktop/scrap_ws/install/velodyne_msgs/share/velodyne_msgs/package.sh'
[5.986s] INFO:colcon.colcon_core.shell:Creating package script '/home/dayo/Desktop/scrap_ws/install/velodyne_msgs/share/velodyne_msgs/package.bash'
[5.986s] INFO:colcon.colcon_core.shell:Creating package script '/home/dayo/Desktop/scrap_ws/install/velodyne_msgs/share/velodyne_msgs/package.zsh'
[5.987s] Level 1:colcon.colcon_core.environment:create_file_with_runtime_dependencies(/home/dayo/Desktop/scrap_ws/install/velodyne_msgs/share/colcon-core/packages/velodyne_msgs)
[6.109s] DEBUG:colcon.colcon_core.event_handler.log_command:Invoked command in '/home/dayo/Desktop/scrap_ws/build/velodyne_laserscan' returned '0': CMAKE_PREFIX_PATH=${CMAKE_PREFIX_PATH}:/opt/ros/iron /usr/bin/cmake --build /home/dayo/Desktop/scrap_ws/build/velodyne_laserscan -- -j2 -l2
[6.152s] DEBUG:colcon.colcon_core.event_handler.log_command:Invoking command in '/home/dayo/Desktop/scrap_ws/build/velodyne_laserscan': CMAKE_PREFIX_PATH=${CMAKE_PREFIX_PATH}:/opt/ros/iron /usr/bin/cmake --install /home/dayo/Desktop/scrap_ws/build/velodyne_laserscan
[6.172s] Level 1:colcon.colcon_core.environment:create_environment_scripts_only(velodyne_laserscan)
[6.174s] Level 1:colcon.colcon_core.environment:checking '/home/dayo/Desktop/scrap_ws/install/velodyne_laserscan' for CMake module files
[6.174s] DEBUG:colcon.colcon_core.event_handler.log_command:Invoked command in '/home/dayo/Desktop/scrap_ws/build/velodyne_laserscan' returned '0': CMAKE_PREFIX_PATH=${CMAKE_PREFIX_PATH}:/opt/ros/iron /usr/bin/cmake --install /home/dayo/Desktop/scrap_ws/build/velodyne_laserscan
[6.175s] Level 1:colcon.colcon_core.environment:checking '/home/dayo/Desktop/scrap_ws/install/velodyne_laserscan' for CMake config files
[6.175s] Level 1:colcon.colcon_core.shell:create_environment_hook('velodyne_laserscan', 'cmake_prefix_path')
[6.176s] INFO:colcon.colcon_core.shell:Creating environment hook '/home/dayo/Desktop/scrap_ws/install/velodyne_laserscan/share/velodyne_laserscan/hook/cmake_prefix_path.ps1'
[6.177s] INFO:colcon.colcon_core.shell:Creating environment descriptor '/home/dayo/Desktop/scrap_ws/install/velodyne_laserscan/share/velodyne_laserscan/hook/cmake_prefix_path.dsv'
[6.177s] INFO:colcon.colcon_core.shell:Creating environment hook '/home/dayo/Desktop/scrap_ws/install/velodyne_laserscan/share/velodyne_laserscan/hook/cmake_prefix_path.sh'
[6.178s] Level 1:colcon.colcon_core.environment:checking '/home/dayo/Desktop/scrap_ws/install/velodyne_laserscan/lib'
[6.178s] Level 1:colcon.colcon_core.shell:create_environment_hook('velodyne_laserscan', 'ld_library_path_lib')
[6.179s] INFO:colcon.colcon_core.shell:Creating environment hook '/home/dayo/Desktop/scrap_ws/install/velodyne_laserscan/share/velodyne_laserscan/hook/ld_library_path_lib.ps1'
[6.179s] INFO:colcon.colcon_core.shell:Creating environment descriptor '/home/dayo/Desktop/scrap_ws/install/velodyne_laserscan/share/velodyne_laserscan/hook/ld_library_path_lib.dsv'
[6.180s] INFO:colcon.colcon_core.shell:Creating environment hook '/home/dayo/Desktop/scrap_ws/install/velodyne_laserscan/share/velodyne_laserscan/hook/ld_library_path_lib.sh'
[6.180s] Level 1:colcon.colcon_core.environment:checking '/home/dayo/Desktop/scrap_ws/install/velodyne_laserscan/bin'
[6.180s] Level 1:colcon.colcon_core.environment:checking '/home/dayo/Desktop/scrap_ws/install/velodyne_laserscan/lib/pkgconfig/velodyne_laserscan.pc'
[6.180s] Level 1:colcon.colcon_core.environment:checking '/home/dayo/Desktop/scrap_ws/install/velodyne_laserscan/lib/python3.10/site-packages'
[6.181s] Level 1:colcon.colcon_core.environment:checking '/home/dayo/Desktop/scrap_ws/install/velodyne_laserscan/bin'
[6.182s] INFO:colcon.colcon_core.shell:Creating package script '/home/dayo/Desktop/scrap_ws/install/velodyne_laserscan/share/velodyne_laserscan/package.ps1'
[6.182s] INFO:colcon.colcon_core.shell:Creating package descriptor '/home/dayo/Desktop/scrap_ws/install/velodyne_laserscan/share/velodyne_laserscan/package.dsv'
[6.182s] INFO:colcon.colcon_core.shell:Creating package script '/home/dayo/Desktop/scrap_ws/install/velodyne_laserscan/share/velodyne_laserscan/package.sh'
[6.183s] INFO:colcon.colcon_core.shell:Creating package script '/home/dayo/Desktop/scrap_ws/install/velodyne_laserscan/share/velodyne_laserscan/package.bash'
[6.184s] INFO:colcon.colcon_core.shell:Creating package script '/home/dayo/Desktop/scrap_ws/install/velodyne_laserscan/share/velodyne_laserscan/package.zsh'
[6.184s] Level 1:colcon.colcon_core.environment:create_file_with_runtime_dependencies(/home/dayo/Desktop/scrap_ws/install/velodyne_laserscan/share/colcon-core/packages/velodyne_laserscan)
[6.209s] Level 1:colcon.colcon_core.environment:create_environment_scripts_only(velodyne_msgs)
[6.211s] Level 1:colcon.colcon_core.environment:checking '/home/dayo/Desktop/scrap_ws/install/velodyne_msgs' for CMake module files
[6.211s] Level 1:colcon.colcon_core.environment:checking '/home/dayo/Desktop/scrap_ws/install/velodyne_msgs' for CMake config files
[6.212s] Level 1:colcon.colcon_core.shell:create_environment_hook('velodyne_msgs', 'cmake_prefix_path')
[6.213s] INFO:colcon.colcon_core.shell:Creating environment hook '/home/dayo/Desktop/scrap_ws/install/velodyne_msgs/share/velodyne_msgs/hook/cmake_prefix_path.ps1'
[6.214s] INFO:colcon.colcon_core.shell:Creating environment descriptor '/home/dayo/Desktop/scrap_ws/install/velodyne_msgs/share/velodyne_msgs/hook/cmake_prefix_path.dsv'
[6.214s] INFO:colcon.colcon_core.shell:Creating environment hook '/home/dayo/Desktop/scrap_ws/install/velodyne_msgs/share/velodyne_msgs/hook/cmake_prefix_path.sh'
[6.215s] Level 1:colcon.colcon_core.environment:checking '/home/dayo/Desktop/scrap_ws/install/velodyne_msgs/lib'
[6.215s] Level 1:colcon.colcon_core.shell:create_environment_hook('velodyne_msgs', 'ld_library_path_lib')
[6.216s] INFO:colcon.colcon_core.shell:Creating environment hook '/home/dayo/Desktop/scrap_ws/install/velodyne_msgs/share/velodyne_msgs/hook/ld_library_path_lib.ps1'
[6.217s] INFO:colcon.colcon_core.shell:Creating environment descriptor '/home/dayo/Desktop/scrap_ws/install/velodyne_msgs/share/velodyne_msgs/hook/ld_library_path_lib.dsv'
[6.218s] INFO:colcon.colcon_core.shell:Creating environment hook '/home/dayo/Desktop/scrap_ws/install/velodyne_msgs/share/velodyne_msgs/hook/ld_library_path_lib.sh'
[6.218s] Level 1:colcon.colcon_core.environment:checking '/home/dayo/Desktop/scrap_ws/install/velodyne_msgs/bin'
[6.218s] Level 1:colcon.colcon_core.environment:checking '/home/dayo/Desktop/scrap_ws/install/velodyne_msgs/lib/pkgconfig/velodyne_msgs.pc'
[6.218s] Level 1:colcon.colcon_core.environment:checking '/home/dayo/Desktop/scrap_ws/install/velodyne_msgs/lib/python3.10/site-packages'
[6.219s] Level 1:colcon.colcon_core.shell:create_environment_hook('velodyne_msgs', 'pythonpath')
[6.220s] INFO:colcon.colcon_core.shell:Creating environment hook '/home/dayo/Desktop/scrap_ws/install/velodyne_msgs/share/velodyne_msgs/hook/pythonpath.ps1'
[6.220s] INFO:colcon.colcon_core.shell:Creating environment descriptor '/home/dayo/Desktop/scrap_ws/install/velodyne_msgs/share/velodyne_msgs/hook/pythonpath.dsv'
[6.221s] INFO:colcon.colcon_core.shell:Creating environment hook '/home/dayo/Desktop/scrap_ws/install/velodyne_msgs/share/velodyne_msgs/hook/pythonpath.sh'
[6.221s] Level 1:colcon.colcon_core.environment:checking '/home/dayo/Desktop/scrap_ws/install/velodyne_msgs/bin'
[6.223s] INFO:colcon.colcon_core.shell:Creating package script '/home/dayo/Desktop/scrap_ws/install/velodyne_msgs/share/velodyne_msgs/package.ps1'
[6.223s] INFO:colcon.colcon_core.shell:Creating package descriptor '/home/dayo/Desktop/scrap_ws/install/velodyne_msgs/share/velodyne_msgs/package.dsv'
[6.224s] INFO:colcon.colcon_core.shell:Creating package script '/home/dayo/Desktop/scrap_ws/install/velodyne_msgs/share/velodyne_msgs/package.sh'
[6.224s] INFO:colcon.colcon_core.shell:Creating package script '/home/dayo/Desktop/scrap_ws/install/velodyne_msgs/share/velodyne_msgs/package.bash'
[6.225s] INFO:colcon.colcon_core.shell:Creating package script '/home/dayo/Desktop/scrap_ws/install/velodyne_msgs/share/velodyne_msgs/package.zsh'
[6.226s] Level 1:colcon.colcon_core.environment:create_file_with_runtime_dependencies(/home/dayo/Desktop/scrap_ws/install/velodyne_msgs/share/colcon-core/packages/velodyne_msgs)
[6.226s] INFO:colcon.colcon_ros.task.ament_cmake.build:Building ROS package in '/home/dayo/Desktop/scrap_ws/src/velodyne/velodyne_driver' with build type 'ament_cmake'
[6.227s] INFO:colcon.colcon_cmake.task.cmake.build:Building CMake package in '/home/dayo/Desktop/scrap_ws/src/velodyne/velodyne_driver'
[6.229s] INFO:colcon.colcon_core.shell:Skip shell extension 'powershell' for command environment: Not usable outside of PowerShell
[6.230s] DEBUG:colcon.colcon_core.shell:Skip shell extension 'dsv' for command environment
[6.257s] DEBUG:colcon.colcon_core.event_handler.log_command:Invoking command in '/home/dayo/Desktop/scrap_ws/build/velodyne_driver': CMAKE_PREFIX_PATH=/home/dayo/Desktop/scrap_ws/install/velodyne_msgs:/home/dayo/Desktop/scrap_ws/install/velodyne:/home/dayo/Desktop/scrap_ws/install/velodyne_pointcloud:/home/dayo/Desktop/scrap_ws/install/velodyne_driver:/home/dayo/Desktop/scrap_ws/install/velodyne_laserscan:/home/dayo/Desktop/scrap_ws/install/scrap_pkg:/home/dayo/Desktop/scrap_ws/install/usb_cam:/opt/ros/iron LD_LIBRARY_PATH=/home/dayo/Desktop/scrap_ws/install/velodyne_msgs/lib:/home/dayo/Desktop/scrap_ws/install/velodyne_pointcloud/lib:/home/dayo/Desktop/scrap_ws/install/velodyne_driver/lib:/home/dayo/Desktop/scrap_ws/install/velodyne_laserscan/lib:/home/dayo/Desktop/scrap_ws/install/usb_cam/lib:/usr/lib/x86_64-linux-gnu/gazebo-11/plugins:/opt/ros/iron/opt/rviz_ogre_vendor/lib:/opt/ros/iron/lib/x86_64-linux-gnu:/opt/ros/iron/lib /usr/bin/cmake --build /home/dayo/Desktop/scrap_ws/build/velodyne_driver -- -j2 -l2
[6.259s] Level 1:colcon.colcon_core.environment:create_environment_scripts_only(velodyne_laserscan)
[6.261s] Level 1:colcon.colcon_core.environment:checking '/home/dayo/Desktop/scrap_ws/install/velodyne_laserscan' for CMake module files
[6.261s] Level 1:colcon.colcon_core.environment:checking '/home/dayo/Desktop/scrap_ws/install/velodyne_laserscan' for CMake config files
[6.261s] Level 1:colcon.colcon_core.shell:create_environment_hook('velodyne_laserscan', 'cmake_prefix_path')
[6.263s] INFO:colcon.colcon_core.shell:Creating environment hook '/home/dayo/Desktop/scrap_ws/install/velodyne_laserscan/share/velodyne_laserscan/hook/cmake_prefix_path.ps1'
[6.263s] INFO:colcon.colcon_core.shell:Creating environment descriptor '/home/dayo/Desktop/scrap_ws/install/velodyne_laserscan/share/velodyne_laserscan/hook/cmake_prefix_path.dsv'
[6.263s] INFO:colcon.colcon_core.shell:Creating environment hook '/home/dayo/Desktop/scrap_ws/install/velodyne_laserscan/share/velodyne_laserscan/hook/cmake_prefix_path.sh'
[6.264s] Level 1:colcon.colcon_core.environment:checking '/home/dayo/Desktop/scrap_ws/install/velodyne_laserscan/lib'
[6.265s] Level 1:colcon.colcon_core.shell:create_environment_hook('velodyne_laserscan', 'ld_library_path_lib')
[6.266s] INFO:colcon.colcon_core.shell:Creating environment hook '/home/dayo/Desktop/scrap_ws/install/velodyne_laserscan/share/velodyne_laserscan/hook/ld_library_path_lib.ps1'
[6.271s] INFO:colcon.colcon_core.shell:Creating environment descriptor '/home/dayo/Desktop/scrap_ws/install/velodyne_laserscan/share/velodyne_laserscan/hook/ld_library_path_lib.dsv'
[6.272s] INFO:colcon.colcon_core.shell:Creating environment hook '/home/dayo/Desktop/scrap_ws/install/velodyne_laserscan/share/velodyne_laserscan/hook/ld_library_path_lib.sh'
[6.272s] Level 1:colcon.colcon_core.environment:checking '/home/dayo/Desktop/scrap_ws/install/velodyne_laserscan/bin'
[6.272s] Level 1:colcon.colcon_core.environment:checking '/home/dayo/Desktop/scrap_ws/install/velodyne_laserscan/lib/pkgconfig/velodyne_laserscan.pc'
[6.273s] Level 1:colcon.colcon_core.environment:checking '/home/dayo/Desktop/scrap_ws/install/velodyne_laserscan/lib/python3.10/site-packages'
[6.273s] Level 1:colcon.colcon_core.environment:checking '/home/dayo/Desktop/scrap_ws/install/velodyne_laserscan/bin'
[6.274s] INFO:colcon.colcon_core.shell:Creating package script '/home/dayo/Desktop/scrap_ws/install/velodyne_laserscan/share/velodyne_laserscan/package.ps1'
[6.275s] INFO:colcon.colcon_core.shell:Creating package descriptor '/home/dayo/Desktop/scrap_ws/install/velodyne_laserscan/share/velodyne_laserscan/package.dsv'
[6.276s] INFO:colcon.colcon_core.shell:Creating package script '/home/dayo/Desktop/scrap_ws/install/velodyne_laserscan/share/velodyne_laserscan/package.sh'
[6.277s] INFO:colcon.colcon_core.shell:Creating package script '/home/dayo/Desktop/scrap_ws/install/velodyne_laserscan/share/velodyne_laserscan/package.bash'
[6.278s] INFO:colcon.colcon_core.shell:Creating package script '/home/dayo/Desktop/scrap_ws/install/velodyne_laserscan/share/velodyne_laserscan/package.zsh'
[6.278s] Level 1:colcon.colcon_core.environment:create_file_with_runtime_dependencies(/home/dayo/Desktop/scrap_ws/install/velodyne_laserscan/share/colcon-core/packages/velodyne_laserscan)
[6.280s] INFO:colcon.colcon_ros.task.ament_cmake.build:Building ROS package in '/home/dayo/Desktop/scrap_ws/src/velodyne/velodyne_pointcloud' with build type 'ament_cmake'
[6.280s] INFO:colcon.colcon_cmake.task.cmake.build:Building CMake package in '/home/dayo/Desktop/scrap_ws/src/velodyne/velodyne_pointcloud'
[6.282s] INFO:colcon.colcon_core.shell:Skip shell extension 'powershell' for command environment: Not usable outside of PowerShell
[6.283s] DEBUG:colcon.colcon_core.shell:Skip shell extension 'dsv' for command environment
[6.295s] DEBUG:colcon.colcon_core.event_handler.log_command:Invoking command in '/home/dayo/Desktop/scrap_ws/build/velodyne_pointcloud': CMAKE_PREFIX_PATH=/home/dayo/Desktop/scrap_ws/install/velodyne_msgs:/home/dayo/Desktop/scrap_ws/install/velodyne:/home/dayo/Desktop/scrap_ws/install/velodyne_pointcloud:/home/dayo/Desktop/scrap_ws/install/velodyne_driver:/home/dayo/Desktop/scrap_ws/install/velodyne_laserscan:/home/dayo/Desktop/scrap_ws/install/scrap_pkg:/home/dayo/Desktop/scrap_ws/install/usb_cam:/opt/ros/iron LD_LIBRARY_PATH=/home/dayo/Desktop/scrap_ws/install/velodyne_msgs/lib:/home/dayo/Desktop/scrap_ws/install/velodyne_pointcloud/lib:/home/dayo/Desktop/scrap_ws/install/velodyne_driver/lib:/home/dayo/Desktop/scrap_ws/install/velodyne_laserscan/lib:/home/dayo/Desktop/scrap_ws/install/usb_cam/lib:/usr/lib/x86_64-linux-gnu/gazebo-11/plugins:/opt/ros/iron/opt/rviz_ogre_vendor/lib:/opt/ros/iron/lib/x86_64-linux-gnu:/opt/ros/iron/lib /usr/bin/cmake --build /home/dayo/Desktop/scrap_ws/build/velodyne_pointcloud -- -j2 -l2
[6.640s] DEBUG:colcon.colcon_core.event_handler.log_command:Invoked command in '/home/dayo/Desktop/scrap_ws/build/velodyne_driver' returned '0': CMAKE_PREFIX_PATH=/home/dayo/Desktop/scrap_ws/install/velodyne_msgs:/home/dayo/Desktop/scrap_ws/install/velodyne:/home/dayo/Desktop/scrap_ws/install/velodyne_pointcloud:/home/dayo/Desktop/scrap_ws/install/velodyne_driver:/home/dayo/Desktop/scrap_ws/install/velodyne_laserscan:/home/dayo/Desktop/scrap_ws/install/scrap_pkg:/home/dayo/Desktop/scrap_ws/install/usb_cam:/opt/ros/iron LD_LIBRARY_PATH=/home/dayo/Desktop/scrap_ws/install/velodyne_msgs/lib:/home/dayo/Desktop/scrap_ws/install/velodyne_pointcloud/lib:/home/dayo/Desktop/scrap_ws/install/velodyne_driver/lib:/home/dayo/Desktop/scrap_ws/install/velodyne_laserscan/lib:/home/dayo/Desktop/scrap_ws/install/usb_cam/lib:/usr/lib/x86_64-linux-gnu/gazebo-11/plugins:/opt/ros/iron/opt/rviz_ogre_vendor/lib:/opt/ros/iron/lib/x86_64-linux-gnu:/opt/ros/iron/lib /usr/bin/cmake --build /home/dayo/Desktop/scrap_ws/build/velodyne_driver -- -j2 -l2
[6.760s] DEBUG:colcon.colcon_core.event_handler.log_command:Invoked command in '/home/dayo/Desktop/scrap_ws/build/velodyne_pointcloud' returned '0': CMAKE_PREFIX_PATH=/home/dayo/Desktop/scrap_ws/install/velodyne_msgs:/home/dayo/Desktop/scrap_ws/install/velodyne:/home/dayo/Desktop/scrap_ws/install/velodyne_pointcloud:/home/dayo/Desktop/scrap_ws/install/velodyne_driver:/home/dayo/Desktop/scrap_ws/install/velodyne_laserscan:/home/dayo/Desktop/scrap_ws/install/scrap_pkg:/home/dayo/Desktop/scrap_ws/install/usb_cam:/opt/ros/iron LD_LIBRARY_PATH=/home/dayo/Desktop/scrap_ws/install/velodyne_msgs/lib:/home/dayo/Desktop/scrap_ws/install/velodyne_pointcloud/lib:/home/dayo/Desktop/scrap_ws/install/velodyne_driver/lib:/home/dayo/Desktop/scrap_ws/install/velodyne_laserscan/lib:/home/dayo/Desktop/scrap_ws/install/usb_cam/lib:/usr/lib/x86_64-linux-gnu/gazebo-11/plugins:/opt/ros/iron/opt/rviz_ogre_vendor/lib:/opt/ros/iron/lib/x86_64-linux-gnu:/opt/ros/iron/lib /usr/bin/cmake --build /home/dayo/Desktop/scrap_ws/build/velodyne_pointcloud -- -j2 -l2
[6.780s] DEBUG:colcon.colcon_core.event_handler.log_command:Invoking command in '/home/dayo/Desktop/scrap_ws/build/velodyne_driver': CMAKE_PREFIX_PATH=/home/dayo/Desktop/scrap_ws/install/velodyne_msgs:/home/dayo/Desktop/scrap_ws/install/velodyne:/home/dayo/Desktop/scrap_ws/install/velodyne_pointcloud:/home/dayo/Desktop/scrap_ws/install/velodyne_driver:/home/dayo/Desktop/scrap_ws/install/velodyne_laserscan:/home/dayo/Desktop/scrap_ws/install/scrap_pkg:/home/dayo/Desktop/scrap_ws/install/usb_cam:/opt/ros/iron LD_LIBRARY_PATH=/home/dayo/Desktop/scrap_ws/install/velodyne_msgs/lib:/home/dayo/Desktop/scrap_ws/install/velodyne_pointcloud/lib:/home/dayo/Desktop/scrap_ws/install/velodyne_driver/lib:/home/dayo/Desktop/scrap_ws/install/velodyne_laserscan/lib:/home/dayo/Desktop/scrap_ws/install/usb_cam/lib:/usr/lib/x86_64-linux-gnu/gazebo-11/plugins:/opt/ros/iron/opt/rviz_ogre_vendor/lib:/opt/ros/iron/lib/x86_64-linux-gnu:/opt/ros/iron/lib /usr/bin/cmake --install /home/dayo/Desktop/scrap_ws/build/velodyne_driver
[6.810s] Level 1:colcon.colcon_core.environment:create_environment_scripts_only(velodyne_driver)
[6.811s] Level 1:colcon.colcon_core.environment:checking '/home/dayo/Desktop/scrap_ws/install/velodyne_driver' for CMake module files
[6.812s] Level 1:colcon.colcon_core.environment:checking '/home/dayo/Desktop/scrap_ws/install/velodyne_driver' for CMake config files
[6.812s] Level 1:colcon.colcon_core.shell:create_environment_hook('velodyne_driver', 'cmake_prefix_path')
[6.813s] INFO:colcon.colcon_core.shell:Creating environment hook '/home/dayo/Desktop/scrap_ws/install/velodyne_driver/share/velodyne_driver/hook/cmake_prefix_path.ps1'
[6.814s] DEBUG:colcon.colcon_core.event_handler.log_command:Invoked command in '/home/dayo/Desktop/scrap_ws/build/velodyne_driver' returned '0': CMAKE_PREFIX_PATH=/home/dayo/Desktop/scrap_ws/install/velodyne_msgs:/home/dayo/Desktop/scrap_ws/install/velodyne:/home/dayo/Desktop/scrap_ws/install/velodyne_pointcloud:/home/dayo/Desktop/scrap_ws/install/velodyne_driver:/home/dayo/Desktop/scrap_ws/install/velodyne_laserscan:/home/dayo/Desktop/scrap_ws/install/scrap_pkg:/home/dayo/Desktop/scrap_ws/install/usb_cam:/opt/ros/iron LD_LIBRARY_PATH=/home/dayo/Desktop/scrap_ws/install/velodyne_msgs/lib:/home/dayo/Desktop/scrap_ws/install/velodyne_pointcloud/lib:/home/dayo/Desktop/scrap_ws/install/velodyne_driver/lib:/home/dayo/Desktop/scrap_ws/install/velodyne_laserscan/lib:/home/dayo/Desktop/scrap_ws/install/usb_cam/lib:/usr/lib/x86_64-linux-gnu/gazebo-11/plugins:/opt/ros/iron/opt/rviz_ogre_vendor/lib:/opt/ros/iron/lib/x86_64-linux-gnu:/opt/ros/iron/lib /usr/bin/cmake --install /home/dayo/Desktop/scrap_ws/build/velodyne_driver
[6.814s] INFO:colcon.colcon_core.shell:Creating environment descriptor '/home/dayo/Desktop/scrap_ws/install/velodyne_driver/share/velodyne_driver/hook/cmake_prefix_path.dsv'
[6.814s] INFO:colcon.colcon_core.shell:Creating environment hook '/home/dayo/Desktop/scrap_ws/install/velodyne_driver/share/velodyne_driver/hook/cmake_prefix_path.sh'
[6.815s] Level 1:colcon.colcon_core.environment:checking '/home/dayo/Desktop/scrap_ws/install/velodyne_driver/lib'
[6.815s] Level 1:colcon.colcon_core.shell:create_environment_hook('velodyne_driver', 'ld_library_path_lib')
[6.816s] INFO:colcon.colcon_core.shell:Creating environment hook '/home/dayo/Desktop/scrap_ws/install/velodyne_driver/share/velodyne_driver/hook/ld_library_path_lib.ps1'
[6.816s] INFO:colcon.colcon_core.shell:Creating environment descriptor '/home/dayo/Desktop/scrap_ws/install/velodyne_driver/share/velodyne_driver/hook/ld_library_path_lib.dsv'
[6.816s] INFO:colcon.colcon_core.shell:Creating environment hook '/home/dayo/Desktop/scrap_ws/install/velodyne_driver/share/velodyne_driver/hook/ld_library_path_lib.sh'
[6.817s] Level 1:colcon.colcon_core.environment:checking '/home/dayo/Desktop/scrap_ws/install/velodyne_driver/bin'
[6.817s] Level 1:colcon.colcon_core.environment:checking '/home/dayo/Desktop/scrap_ws/install/velodyne_driver/lib/pkgconfig/velodyne_driver.pc'
[6.817s] Level 1:colcon.colcon_core.environment:checking '/home/dayo/Desktop/scrap_ws/install/velodyne_driver/lib/python3.10/site-packages'
[6.817s] Level 1:colcon.colcon_core.environment:checking '/home/dayo/Desktop/scrap_ws/install/velodyne_driver/bin'
[6.818s] INFO:colcon.colcon_core.shell:Creating package script '/home/dayo/Desktop/scrap_ws/install/velodyne_driver/share/velodyne_driver/package.ps1'
[6.821s] INFO:colcon.colcon_core.shell:Creating package descriptor '/home/dayo/Desktop/scrap_ws/install/velodyne_driver/share/velodyne_driver/package.dsv'
[6.821s] INFO:colcon.colcon_core.shell:Creating package script '/home/dayo/Desktop/scrap_ws/install/velodyne_driver/share/velodyne_driver/package.sh'
[6.821s] INFO:colcon.colcon_core.shell:Creating package script '/home/dayo/Desktop/scrap_ws/install/velodyne_driver/share/velodyne_driver/package.bash'
[6.822s] INFO:colcon.colcon_core.shell:Creating package script '/home/dayo/Desktop/scrap_ws/install/velodyne_driver/share/velodyne_driver/package.zsh'
[6.822s] Level 1:colcon.colcon_core.environment:create_file_with_runtime_dependencies(/home/dayo/Desktop/scrap_ws/install/velodyne_driver/share/colcon-core/packages/velodyne_driver)
[6.855s] DEBUG:colcon.colcon_core.event_handler.log_command:Invoking command in '/home/dayo/Desktop/scrap_ws/build/velodyne_pointcloud': CMAKE_PREFIX_PATH=/home/dayo/Desktop/scrap_ws/install/velodyne_msgs:/home/dayo/Desktop/scrap_ws/install/velodyne:/home/dayo/Desktop/scrap_ws/install/velodyne_pointcloud:/home/dayo/Desktop/scrap_ws/install/velodyne_driver:/home/dayo/Desktop/scrap_ws/install/velodyne_laserscan:/home/dayo/Desktop/scrap_ws/install/scrap_pkg:/home/dayo/Desktop/scrap_ws/install/usb_cam:/opt/ros/iron LD_LIBRARY_PATH=/home/dayo/Desktop/scrap_ws/install/velodyne_msgs/lib:/home/dayo/Desktop/scrap_ws/install/velodyne_pointcloud/lib:/home/dayo/Desktop/scrap_ws/install/velodyne_driver/lib:/home/dayo/Desktop/scrap_ws/install/velodyne_laserscan/lib:/home/dayo/Desktop/scrap_ws/install/usb_cam/lib:/usr/lib/x86_64-linux-gnu/gazebo-11/plugins:/opt/ros/iron/opt/rviz_ogre_vendor/lib:/opt/ros/iron/lib/x86_64-linux-gnu:/opt/ros/iron/lib /usr/bin/cmake --install /home/dayo/Desktop/scrap_ws/build/velodyne_pointcloud
[6.873s] Level 1:colcon.colcon_core.environment:create_environment_scripts_only(velodyne_pointcloud)
[6.875s] Level 1:colcon.colcon_core.environment:checking '/home/dayo/Desktop/scrap_ws/install/velodyne_pointcloud' for CMake module files
[6.877s] Level 1:colcon.colcon_core.environment:checking '/home/dayo/Desktop/scrap_ws/install/velodyne_pointcloud' for CMake config files
[6.877s] Level 1:colcon.colcon_core.shell:create_environment_hook('velodyne_pointcloud', 'cmake_prefix_path')
[6.879s] INFO:colcon.colcon_core.shell:Creating environment hook '/home/dayo/Desktop/scrap_ws/install/velodyne_pointcloud/share/velodyne_pointcloud/hook/cmake_prefix_path.ps1'
[6.881s] DEBUG:colcon.colcon_core.event_handler.log_command:Invoked command in '/home/dayo/Desktop/scrap_ws/build/velodyne_pointcloud' returned '0': CMAKE_PREFIX_PATH=/home/dayo/Desktop/scrap_ws/install/velodyne_msgs:/home/dayo/Desktop/scrap_ws/install/velodyne:/home/dayo/Desktop/scrap_ws/install/velodyne_pointcloud:/home/dayo/Desktop/scrap_ws/install/velodyne_driver:/home/dayo/Desktop/scrap_ws/install/velodyne_laserscan:/home/dayo/Desktop/scrap_ws/install/scrap_pkg:/home/dayo/Desktop/scrap_ws/install/usb_cam:/opt/ros/iron LD_LIBRARY_PATH=/home/dayo/Desktop/scrap_ws/install/velodyne_msgs/lib:/home/dayo/Desktop/scrap_ws/install/velodyne_pointcloud/lib:/home/dayo/Desktop/scrap_ws/install/velodyne_driver/lib:/home/dayo/Desktop/scrap_ws/install/velodyne_laserscan/lib:/home/dayo/Desktop/scrap_ws/install/usb_cam/lib:/usr/lib/x86_64-linux-gnu/gazebo-11/plugins:/opt/ros/iron/opt/rviz_ogre_vendor/lib:/opt/ros/iron/lib/x86_64-linux-gnu:/opt/ros/iron/lib /usr/bin/cmake --install /home/dayo/Desktop/scrap_ws/build/velodyne_pointcloud
[6.882s] INFO:colcon.colcon_core.shell:Creating environment descriptor '/home/dayo/Desktop/scrap_ws/install/velodyne_pointcloud/share/velodyne_pointcloud/hook/cmake_prefix_path.dsv'
[6.882s] INFO:colcon.colcon_core.shell:Creating environment hook '/home/dayo/Desktop/scrap_ws/install/velodyne_pointcloud/share/velodyne_pointcloud/hook/cmake_prefix_path.sh'
[6.883s] Level 1:colcon.colcon_core.environment:checking '/home/dayo/Desktop/scrap_ws/install/velodyne_pointcloud/lib'
[6.883s] Level 1:colcon.colcon_core.shell:create_environment_hook('velodyne_pointcloud', 'ld_library_path_lib')
[6.884s] INFO:colcon.colcon_core.shell:Creating environment hook '/home/dayo/Desktop/scrap_ws/install/velodyne_pointcloud/share/velodyne_pointcloud/hook/ld_library_path_lib.ps1'
[6.884s] INFO:colcon.colcon_core.shell:Creating environment descriptor '/home/dayo/Desktop/scrap_ws/install/velodyne_pointcloud/share/velodyne_pointcloud/hook/ld_library_path_lib.dsv'
[6.886s] INFO:colcon.colcon_core.shell:Creating environment hook '/home/dayo/Desktop/scrap_ws/install/velodyne_pointcloud/share/velodyne_pointcloud/hook/ld_library_path_lib.sh'
[6.887s] Level 1:colcon.colcon_core.environment:checking '/home/dayo/Desktop/scrap_ws/install/velodyne_pointcloud/bin'
[6.887s] Level 1:colcon.colcon_core.environment:checking '/home/dayo/Desktop/scrap_ws/install/velodyne_pointcloud/lib/pkgconfig/velodyne_pointcloud.pc'
[6.887s] Level 1:colcon.colcon_core.environment:checking '/home/dayo/Desktop/scrap_ws/install/velodyne_pointcloud/lib/python3.10/site-packages'
[6.887s] Level 1:colcon.colcon_core.environment:checking '/home/dayo/Desktop/scrap_ws/install/velodyne_pointcloud/bin'
[6.888s] INFO:colcon.colcon_core.shell:Creating package script '/home/dayo/Desktop/scrap_ws/install/velodyne_pointcloud/share/velodyne_pointcloud/package.ps1'
[6.889s] INFO:colcon.colcon_core.shell:Creating package descriptor '/home/dayo/Desktop/scrap_ws/install/velodyne_pointcloud/share/velodyne_pointcloud/package.dsv'
[6.889s] INFO:colcon.colcon_core.shell:Creating package script '/home/dayo/Desktop/scrap_ws/install/velodyne_pointcloud/share/velodyne_pointcloud/package.sh'
[6.890s] INFO:colcon.colcon_core.shell:Creating package script '/home/dayo/Desktop/scrap_ws/install/velodyne_pointcloud/share/velodyne_pointcloud/package.bash'
[6.890s] INFO:colcon.colcon_core.shell:Creating package script '/home/dayo/Desktop/scrap_ws/install/velodyne_pointcloud/share/velodyne_pointcloud/package.zsh'
[6.890s] Level 1:colcon.colcon_core.environment:create_file_with_runtime_dependencies(/home/dayo/Desktop/scrap_ws/install/velodyne_pointcloud/share/colcon-core/packages/velodyne_pointcloud)
[6.902s] Level 1:colcon.colcon_core.environment:create_environment_scripts_only(velodyne_driver)
[6.904s] Level 1:colcon.colcon_core.environment:checking '/home/dayo/Desktop/scrap_ws/install/velodyne_driver' for CMake module files
[6.907s] Level 1:colcon.colcon_core.environment:checking '/home/dayo/Desktop/scrap_ws/install/velodyne_driver' for CMake config files
[6.907s] Level 1:colcon.colcon_core.shell:create_environment_hook('velodyne_driver', 'cmake_prefix_path')
[6.908s] INFO:colcon.colcon_core.shell:Creating environment hook '/home/dayo/Desktop/scrap_ws/install/velodyne_driver/share/velodyne_driver/hook/cmake_prefix_path.ps1'
[6.909s] INFO:colcon.colcon_core.shell:Creating environment descriptor '/home/dayo/Desktop/scrap_ws/install/velodyne_driver/share/velodyne_driver/hook/cmake_prefix_path.dsv'
[6.909s] INFO:colcon.colcon_core.shell:Creating environment hook '/home/dayo/Desktop/scrap_ws/install/velodyne_driver/share/velodyne_driver/hook/cmake_prefix_path.sh'
[6.910s] Level 1:colcon.colcon_core.environment:checking '/home/dayo/Desktop/scrap_ws/install/velodyne_driver/lib'
[6.910s] Level 1:colcon.colcon_core.shell:create_environment_hook('velodyne_driver', 'ld_library_path_lib')
[6.911s] INFO:colcon.colcon_core.shell:Creating environment hook '/home/dayo/Desktop/scrap_ws/install/velodyne_driver/share/velodyne_driver/hook/ld_library_path_lib.ps1'
[6.911s] INFO:colcon.colcon_core.shell:Creating environment descriptor '/home/dayo/Desktop/scrap_ws/install/velodyne_driver/share/velodyne_driver/hook/ld_library_path_lib.dsv'
[6.911s] INFO:colcon.colcon_core.shell:Creating environment hook '/home/dayo/Desktop/scrap_ws/install/velodyne_driver/share/velodyne_driver/hook/ld_library_path_lib.sh'
[6.912s] Level 1:colcon.colcon_core.environment:checking '/home/dayo/Desktop/scrap_ws/install/velodyne_driver/bin'
[6.912s] Level 1:colcon.colcon_core.environment:checking '/home/dayo/Desktop/scrap_ws/install/velodyne_driver/lib/pkgconfig/velodyne_driver.pc'
[6.912s] Level 1:colcon.colcon_core.environment:checking '/home/dayo/Desktop/scrap_ws/install/velodyne_driver/lib/python3.10/site-packages'
[6.912s] Level 1:colcon.colcon_core.environment:checking '/home/dayo/Desktop/scrap_ws/install/velodyne_driver/bin'
[6.913s] INFO:colcon.colcon_core.shell:Creating package script '/home/dayo/Desktop/scrap_ws/install/velodyne_driver/share/velodyne_driver/package.ps1'
[6.914s] INFO:colcon.colcon_core.shell:Creating package descriptor '/home/dayo/Desktop/scrap_ws/install/velodyne_driver/share/velodyne_driver/package.dsv'
[6.914s] INFO:colcon.colcon_core.shell:Creating package script '/home/dayo/Desktop/scrap_ws/install/velodyne_driver/share/velodyne_driver/package.sh'
[6.915s] INFO:colcon.colcon_core.shell:Creating package script '/home/dayo/Desktop/scrap_ws/install/velodyne_driver/share/velodyne_driver/package.bash'
[6.915s] INFO:colcon.colcon_core.shell:Creating package script '/home/dayo/Desktop/scrap_ws/install/velodyne_driver/share/velodyne_driver/package.zsh'
[6.916s] Level 1:colcon.colcon_core.environment:create_file_with_runtime_dependencies(/home/dayo/Desktop/scrap_ws/install/velodyne_driver/share/colcon-core/packages/velodyne_driver)
[6.916s] INFO:colcon.colcon_ros.task.ament_cmake.build:Building ROS package in '/home/dayo/Desktop/scrap_ws/src/scrap_pkg' with build type 'ament_cmake'
[6.917s] INFO:colcon.colcon_cmake.task.cmake.build:Building CMake package in '/home/dayo/Desktop/scrap_ws/src/scrap_pkg'
[6.918s] INFO:colcon.colcon_core.shell:Skip shell extension 'powershell' for command environment: Not usable outside of PowerShell
[6.918s] DEBUG:colcon.colcon_core.shell:Skip shell extension 'dsv' for command environment
[6.932s] DEBUG:colcon.colcon_core.event_handler.log_command:Invoking command in '/home/dayo/Desktop/scrap_ws/build/scrap_pkg': CMAKE_PREFIX_PATH=/home/dayo/Desktop/scrap_ws/install/usb_cam:/home/dayo/Desktop/scrap_ws/install/velodyne:/home/dayo/Desktop/scrap_ws/install/velodyne_pointcloud:/home/dayo/Desktop/scrap_ws/install/velodyne_driver:/home/dayo/Desktop/scrap_ws/install/velodyne_msgs:/home/dayo/Desktop/scrap_ws/install/velodyne_laserscan:/home/dayo/Desktop/scrap_ws/install/scrap_pkg:/opt/ros/iron LD_LIBRARY_PATH=/home/dayo/Desktop/scrap_ws/install/usb_cam/lib:/home/dayo/Desktop/scrap_ws/install/velodyne_pointcloud/lib:/home/dayo/Desktop/scrap_ws/install/velodyne_driver/lib:/home/dayo/Desktop/scrap_ws/install/velodyne_msgs/lib:/home/dayo/Desktop/scrap_ws/install/velodyne_laserscan/lib:/usr/lib/x86_64-linux-gnu/gazebo-11/plugins:/opt/ros/iron/opt/rviz_ogre_vendor/lib:/opt/ros/iron/lib/x86_64-linux-gnu:/opt/ros/iron/lib /usr/bin/cmake --build /home/dayo/Desktop/scrap_ws/build/scrap_pkg -- -j2 -l2
[6.940s] Level 1:colcon.colcon_core.environment:create_environment_scripts_only(velodyne_pointcloud)
[6.941s] Level 1:colcon.colcon_core.environment:checking '/home/dayo/Desktop/scrap_ws/install/velodyne_pointcloud' for CMake module files
[6.942s] Level 1:colcon.colcon_core.environment:checking '/home/dayo/Desktop/scrap_ws/install/velodyne_pointcloud' for CMake config files
[6.942s] Level 1:colcon.colcon_core.shell:create_environment_hook('velodyne_pointcloud', 'cmake_prefix_path')
[6.943s] INFO:colcon.colcon_core.shell:Creating environment hook '/home/dayo/Desktop/scrap_ws/install/velodyne_pointcloud/share/velodyne_pointcloud/hook/cmake_prefix_path.ps1'
[6.944s] INFO:colcon.colcon_core.shell:Creating environment descriptor '/home/dayo/Desktop/scrap_ws/install/velodyne_pointcloud/share/velodyne_pointcloud/hook/cmake_prefix_path.dsv'
[6.945s] INFO:colcon.colcon_core.shell:Creating environment hook '/home/dayo/Desktop/scrap_ws/install/velodyne_pointcloud/share/velodyne_pointcloud/hook/cmake_prefix_path.sh'
[6.945s] Level 1:colcon.colcon_core.environment:checking '/home/dayo/Desktop/scrap_ws/install/velodyne_pointcloud/lib'
[6.946s] Level 1:colcon.colcon_core.shell:create_environment_hook('velodyne_pointcloud', 'ld_library_path_lib')
[6.947s] INFO:colcon.colcon_core.shell:Creating environment hook '/home/dayo/Desktop/scrap_ws/install/velodyne_pointcloud/share/velodyne_pointcloud/hook/ld_library_path_lib.ps1'
[6.947s] INFO:colcon.colcon_core.shell:Creating environment descriptor '/home/dayo/Desktop/scrap_ws/install/velodyne_pointcloud/share/velodyne_pointcloud/hook/ld_library_path_lib.dsv'
[6.948s] INFO:colcon.colcon_core.shell:Creating environment hook '/home/dayo/Desktop/scrap_ws/install/velodyne_pointcloud/share/velodyne_pointcloud/hook/ld_library_path_lib.sh'
[6.949s] Level 1:colcon.colcon_core.environment:checking '/home/dayo/Desktop/scrap_ws/install/velodyne_pointcloud/bin'
[6.949s] Level 1:colcon.colcon_core.environment:checking '/home/dayo/Desktop/scrap_ws/install/velodyne_pointcloud/lib/pkgconfig/velodyne_pointcloud.pc'
[6.949s] Level 1:colcon.colcon_core.environment:checking '/home/dayo/Desktop/scrap_ws/install/velodyne_pointcloud/lib/python3.10/site-packages'
[6.949s] Level 1:colcon.colcon_core.environment:checking '/home/dayo/Desktop/scrap_ws/install/velodyne_pointcloud/bin'
[6.951s] INFO:colcon.colcon_core.shell:Creating package script '/home/dayo/Desktop/scrap_ws/install/velodyne_pointcloud/share/velodyne_pointcloud/package.ps1'
[6.953s] INFO:colcon.colcon_core.shell:Creating package descriptor '/home/dayo/Desktop/scrap_ws/install/velodyne_pointcloud/share/velodyne_pointcloud/package.dsv'
[6.953s] INFO:colcon.colcon_core.shell:Creating package script '/home/dayo/Desktop/scrap_ws/install/velodyne_pointcloud/share/velodyne_pointcloud/package.sh'
[6.954s] INFO:colcon.colcon_core.shell:Creating package script '/home/dayo/Desktop/scrap_ws/install/velodyne_pointcloud/share/velodyne_pointcloud/package.bash'
[6.954s] INFO:colcon.colcon_core.shell:Creating package script '/home/dayo/Desktop/scrap_ws/install/velodyne_pointcloud/share/velodyne_pointcloud/package.zsh'
[6.954s] Level 1:colcon.colcon_core.environment:create_file_with_runtime_dependencies(/home/dayo/Desktop/scrap_ws/install/velodyne_pointcloud/share/colcon-core/packages/velodyne_pointcloud)
[6.955s] INFO:colcon.colcon_ros.task.ament_cmake.build:Building ROS package in '/home/dayo/Desktop/scrap_ws/src/velodyne/velodyne' with build type 'ament_cmake'
[6.956s] INFO:colcon.colcon_cmake.task.cmake.build:Building CMake package in '/home/dayo/Desktop/scrap_ws/src/velodyne/velodyne'
[6.957s] INFO:colcon.colcon_core.shell:Skip shell extension 'powershell' for command environment: Not usable outside of PowerShell
[6.957s] DEBUG:colcon.colcon_core.shell:Skip shell extension 'dsv' for command environment
[6.972s] DEBUG:colcon.colcon_core.event_handler.log_command:Invoking command in '/home/dayo/Desktop/scrap_ws/build/velodyne': CMAKE_PREFIX_PATH=/home/dayo/Desktop/scrap_ws/install/velodyne_pointcloud:/home/dayo/Desktop/scrap_ws/install/velodyne_driver:/home/dayo/Desktop/scrap_ws/install/velodyne_msgs:/home/dayo/Desktop/scrap_ws/install/velodyne_laserscan:/home/dayo/Desktop/scrap_ws/install/velodyne:/home/dayo/Desktop/scrap_ws/install/scrap_pkg:/home/dayo/Desktop/scrap_ws/install/usb_cam:/opt/ros/iron /usr/bin/cmake --build /home/dayo/Desktop/scrap_ws/build/velodyne -- -j2 -l2
[6.993s] DEBUG:colcon.colcon_core.event_handler.log_command:Invoked command in '/home/dayo/Desktop/scrap_ws/build/scrap_pkg' returned '0': CMAKE_PREFIX_PATH=/home/dayo/Desktop/scrap_ws/install/usb_cam:/home/dayo/Desktop/scrap_ws/install/velodyne:/home/dayo/Desktop/scrap_ws/install/velodyne_pointcloud:/home/dayo/Desktop/scrap_ws/install/velodyne_driver:/home/dayo/Desktop/scrap_ws/install/velodyne_msgs:/home/dayo/Desktop/scrap_ws/install/velodyne_laserscan:/home/dayo/Desktop/scrap_ws/install/scrap_pkg:/opt/ros/iron LD_LIBRARY_PATH=/home/dayo/Desktop/scrap_ws/install/usb_cam/lib:/home/dayo/Desktop/scrap_ws/install/velodyne_pointcloud/lib:/home/dayo/Desktop/scrap_ws/install/velodyne_driver/lib:/home/dayo/Desktop/scrap_ws/install/velodyne_msgs/lib:/home/dayo/Desktop/scrap_ws/install/velodyne_laserscan/lib:/usr/lib/x86_64-linux-gnu/gazebo-11/plugins:/opt/ros/iron/opt/rviz_ogre_vendor/lib:/opt/ros/iron/lib/x86_64-linux-gnu:/opt/ros/iron/lib /usr/bin/cmake --build /home/dayo/Desktop/scrap_ws/build/scrap_pkg -- -j2 -l2
[7.020s] DEBUG:colcon.colcon_core.event_handler.log_command:Invoking command in '/home/dayo/Desktop/scrap_ws/build/scrap_pkg': CMAKE_PREFIX_PATH=/home/dayo/Desktop/scrap_ws/install/usb_cam:/home/dayo/Desktop/scrap_ws/install/velodyne:/home/dayo/Desktop/scrap_ws/install/velodyne_pointcloud:/home/dayo/Desktop/scrap_ws/install/velodyne_driver:/home/dayo/Desktop/scrap_ws/install/velodyne_msgs:/home/dayo/Desktop/scrap_ws/install/velodyne_laserscan:/home/dayo/Desktop/scrap_ws/install/scrap_pkg:/opt/ros/iron LD_LIBRARY_PATH=/home/dayo/Desktop/scrap_ws/install/usb_cam/lib:/home/dayo/Desktop/scrap_ws/install/velodyne_pointcloud/lib:/home/dayo/Desktop/scrap_ws/install/velodyne_driver/lib:/home/dayo/Desktop/scrap_ws/install/velodyne_msgs/lib:/home/dayo/Desktop/scrap_ws/install/velodyne_laserscan/lib:/usr/lib/x86_64-linux-gnu/gazebo-11/plugins:/opt/ros/iron/opt/rviz_ogre_vendor/lib:/opt/ros/iron/lib/x86_64-linux-gnu:/opt/ros/iron/lib /usr/bin/cmake --install /home/dayo/Desktop/scrap_ws/build/scrap_pkg
[7.033s] DEBUG:colcon.colcon_core.event_handler.log_command:Invoked command in '/home/dayo/Desktop/scrap_ws/build/velodyne' returned '0': CMAKE_PREFIX_PATH=/home/dayo/Desktop/scrap_ws/install/velodyne_pointcloud:/home/dayo/Desktop/scrap_ws/install/velodyne_driver:/home/dayo/Desktop/scrap_ws/install/velodyne_msgs:/home/dayo/Desktop/scrap_ws/install/velodyne_laserscan:/home/dayo/Desktop/scrap_ws/install/velodyne:/home/dayo/Desktop/scrap_ws/install/scrap_pkg:/home/dayo/Desktop/scrap_ws/install/usb_cam:/opt/ros/iron /usr/bin/cmake --build /home/dayo/Desktop/scrap_ws/build/velodyne -- -j2 -l2
[7.062s] DEBUG:colcon.colcon_core.event_handler.log_command:Invoking command in '/home/dayo/Desktop/scrap_ws/build/velodyne': CMAKE_PREFIX_PATH=/home/dayo/Desktop/scrap_ws/install/velodyne_pointcloud:/home/dayo/Desktop/scrap_ws/install/velodyne_driver:/home/dayo/Desktop/scrap_ws/install/velodyne_msgs:/home/dayo/Desktop/scrap_ws/install/velodyne_laserscan:/home/dayo/Desktop/scrap_ws/install/velodyne:/home/dayo/Desktop/scrap_ws/install/scrap_pkg:/home/dayo/Desktop/scrap_ws/install/usb_cam:/opt/ros/iron /usr/bin/cmake --install /home/dayo/Desktop/scrap_ws/build/velodyne
[7.074s] Level 1:colcon.colcon_core.environment:create_environment_scripts_only(velodyne)
[7.077s] Level 1:colcon.colcon_core.environment:checking '/home/dayo/Desktop/scrap_ws/install/velodyne' for CMake module files
[7.078s] Level 1:colcon.colcon_core.environment:checking '/home/dayo/Desktop/scrap_ws/install/velodyne' for CMake config files
[7.079s] Level 1:colcon.colcon_core.shell:create_environment_hook('velodyne', 'cmake_prefix_path')
[7.083s] INFO:colcon.colcon_core.shell:Creating environment hook '/home/dayo/Desktop/scrap_ws/install/velodyne/share/velodyne/hook/cmake_prefix_path.ps1'
[7.084s] DEBUG:colcon.colcon_core.event_handler.log_command:Invoked command in '/home/dayo/Desktop/scrap_ws/build/velodyne' returned '0': CMAKE_PREFIX_PATH=/home/dayo/Desktop/scrap_ws/install/velodyne_pointcloud:/home/dayo/Desktop/scrap_ws/install/velodyne_driver:/home/dayo/Desktop/scrap_ws/install/velodyne_msgs:/home/dayo/Desktop/scrap_ws/install/velodyne_laserscan:/home/dayo/Desktop/scrap_ws/install/velodyne:/home/dayo/Desktop/scrap_ws/install/scrap_pkg:/home/dayo/Desktop/scrap_ws/install/usb_cam:/opt/ros/iron /usr/bin/cmake --install /home/dayo/Desktop/scrap_ws/build/velodyne
[7.087s] INFO:colcon.colcon_core.shell:Creating environment descriptor '/home/dayo/Desktop/scrap_ws/install/velodyne/share/velodyne/hook/cmake_prefix_path.dsv'
[7.087s] INFO:colcon.colcon_core.shell:Creating environment hook '/home/dayo/Desktop/scrap_ws/install/velodyne/share/velodyne/hook/cmake_prefix_path.sh'
[7.088s] Level 1:colcon.colcon_core.environment:checking '/home/dayo/Desktop/scrap_ws/install/velodyne/bin'
[7.088s] Level 1:colcon.colcon_core.environment:checking '/home/dayo/Desktop/scrap_ws/install/velodyne/lib/pkgconfig/velodyne.pc'
[7.089s] Level 1:colcon.colcon_core.environment:checking '/home/dayo/Desktop/scrap_ws/install/velodyne/lib/python3.10/site-packages'
[7.089s] Level 1:colcon.colcon_core.environment:checking '/home/dayo/Desktop/scrap_ws/install/velodyne/bin'
[7.090s] INFO:colcon.colcon_core.shell:Creating package script '/home/dayo/Desktop/scrap_ws/install/velodyne/share/velodyne/package.ps1'
[7.091s] INFO:colcon.colcon_core.shell:Creating package descriptor '/home/dayo/Desktop/scrap_ws/install/velodyne/share/velodyne/package.dsv'
[7.091s] INFO:colcon.colcon_core.shell:Creating package script '/home/dayo/Desktop/scrap_ws/install/velodyne/share/velodyne/package.sh'
[7.092s] INFO:colcon.colcon_core.shell:Creating package script '/home/dayo/Desktop/scrap_ws/install/velodyne/share/velodyne/package.bash'
[7.092s] INFO:colcon.colcon_core.shell:Creating package script '/home/dayo/Desktop/scrap_ws/install/velodyne/share/velodyne/package.zsh'
[7.092s] Level 1:colcon.colcon_core.environment:create_file_with_runtime_dependencies(/home/dayo/Desktop/scrap_ws/install/velodyne/share/colcon-core/packages/velodyne)
[7.095s] Level 1:colcon.colcon_core.environment:create_environment_scripts_only(scrap_pkg)
[7.097s] Level 1:colcon.colcon_core.environment:checking '/home/dayo/Desktop/scrap_ws/install/scrap_pkg' for CMake module files
[7.097s] Level 1:colcon.colcon_core.environment:checking '/home/dayo/Desktop/scrap_ws/install/scrap_pkg' for CMake config files
[7.097s] Level 1:colcon.colcon_core.shell:create_environment_hook('scrap_pkg', 'cmake_prefix_path')
[7.098s] INFO:colcon.colcon_core.shell:Creating environment hook '/home/dayo/Desktop/scrap_ws/install/scrap_pkg/share/scrap_pkg/hook/cmake_prefix_path.ps1'
[7.098s] INFO:colcon.colcon_core.shell:Creating environment descriptor '/home/dayo/Desktop/scrap_ws/install/scrap_pkg/share/scrap_pkg/hook/cmake_prefix_path.dsv'
[7.099s] DEBUG:colcon.colcon_core.event_handler.log_command:Invoked command in '/home/dayo/Desktop/scrap_ws/build/scrap_pkg' returned '0': CMAKE_PREFIX_PATH=/home/dayo/Desktop/scrap_ws/install/usb_cam:/home/dayo/Desktop/scrap_ws/install/velodyne:/home/dayo/Desktop/scrap_ws/install/velodyne_pointcloud:/home/dayo/Desktop/scrap_ws/install/velodyne_driver:/home/dayo/Desktop/scrap_ws/install/velodyne_msgs:/home/dayo/Desktop/scrap_ws/install/velodyne_laserscan:/home/dayo/Desktop/scrap_ws/install/scrap_pkg:/opt/ros/iron LD_LIBRARY_PATH=/home/dayo/Desktop/scrap_ws/install/usb_cam/lib:/home/dayo/Desktop/scrap_ws/install/velodyne_pointcloud/lib:/home/dayo/Desktop/scrap_ws/install/velodyne_driver/lib:/home/dayo/Desktop/scrap_ws/install/velodyne_msgs/lib:/home/dayo/Desktop/scrap_ws/install/velodyne_laserscan/lib:/usr/lib/x86_64-linux-gnu/gazebo-11/plugins:/opt/ros/iron/opt/rviz_ogre_vendor/lib:/opt/ros/iron/lib/x86_64-linux-gnu:/opt/ros/iron/lib /usr/bin/cmake --install /home/dayo/Desktop/scrap_ws/build/scrap_pkg
[7.099s] INFO:colcon.colcon_core.shell:Creating environment hook '/home/dayo/Desktop/scrap_ws/install/scrap_pkg/share/scrap_pkg/hook/cmake_prefix_path.sh'
[7.099s] Level 1:colcon.colcon_core.environment:checking '/home/dayo/Desktop/scrap_ws/install/scrap_pkg/bin'
[7.099s] Level 1:colcon.colcon_core.environment:checking '/home/dayo/Desktop/scrap_ws/install/scrap_pkg/lib/pkgconfig/scrap_pkg.pc'
[7.100s] Level 1:colcon.colcon_core.environment:checking '/home/dayo/Desktop/scrap_ws/install/scrap_pkg/lib/python3.10/site-packages'
[7.100s] Level 1:colcon.colcon_core.environment:checking '/home/dayo/Desktop/scrap_ws/install/scrap_pkg/bin'
[7.101s] INFO:colcon.colcon_core.shell:Creating package script '/home/dayo/Desktop/scrap_ws/install/scrap_pkg/share/scrap_pkg/package.ps1'
[7.101s] INFO:colcon.colcon_core.shell:Creating package descriptor '/home/dayo/Desktop/scrap_ws/install/scrap_pkg/share/scrap_pkg/package.dsv'
[7.101s] INFO:colcon.colcon_core.shell:Creating package script '/home/dayo/Desktop/scrap_ws/install/scrap_pkg/share/scrap_pkg/package.sh'
[7.102s] INFO:colcon.colcon_core.shell:Creating package script '/home/dayo/Desktop/scrap_ws/install/scrap_pkg/share/scrap_pkg/package.bash'
[7.108s] INFO:colcon.colcon_core.shell:Creating package script '/home/dayo/Desktop/scrap_ws/install/scrap_pkg/share/scrap_pkg/package.zsh'
[7.108s] Level 1:colcon.colcon_core.environment:create_file_with_runtime_dependencies(/home/dayo/Desktop/scrap_ws/install/scrap_pkg/share/colcon-core/packages/scrap_pkg)
[7.146s] Level 1:colcon.colcon_core.environment:create_environment_scripts_only(velodyne)
[7.148s] Level 1:colcon.colcon_core.environment:checking '/home/dayo/Desktop/scrap_ws/install/velodyne' for CMake module files
[7.149s] Level 1:colcon.colcon_core.environment:checking '/home/dayo/Desktop/scrap_ws/install/velodyne' for CMake config files
[7.149s] Level 1:colcon.colcon_core.shell:create_environment_hook('velodyne', 'cmake_prefix_path')
[7.150s] INFO:colcon.colcon_core.shell:Creating environment hook '/home/dayo/Desktop/scrap_ws/install/velodyne/share/velodyne/hook/cmake_prefix_path.ps1'
[7.151s] INFO:colcon.colcon_core.shell:Creating environment descriptor '/home/dayo/Desktop/scrap_ws/install/velodyne/share/velodyne/hook/cmake_prefix_path.dsv'
[7.152s] INFO:colcon.colcon_core.shell:Creating environment hook '/home/dayo/Desktop/scrap_ws/install/velodyne/share/velodyne/hook/cmake_prefix_path.sh'
[7.152s] Level 1:colcon.colcon_core.environment:checking '/home/dayo/Desktop/scrap_ws/install/velodyne/bin'
[7.153s] Level 1:colcon.colcon_core.environment:checking '/home/dayo/Desktop/scrap_ws/install/velodyne/lib/pkgconfig/velodyne.pc'
[7.153s] Level 1:colcon.colcon_core.environment:checking '/home/dayo/Desktop/scrap_ws/install/velodyne/lib/python3.10/site-packages'
[7.153s] Level 1:colcon.colcon_core.environment:checking '/home/dayo/Desktop/scrap_ws/install/velodyne/bin'
[7.155s] INFO:colcon.colcon_core.shell:Creating package script '/home/dayo/Desktop/scrap_ws/install/velodyne/share/velodyne/package.ps1'
[7.156s] INFO:colcon.colcon_core.shell:Creating package descriptor '/home/dayo/Desktop/scrap_ws/install/velodyne/share/velodyne/package.dsv'
[7.156s] INFO:colcon.colcon_core.shell:Creating package script '/home/dayo/Desktop/scrap_ws/install/velodyne/share/velodyne/package.sh'
[7.157s] INFO:colcon.colcon_core.shell:Creating package script '/home/dayo/Desktop/scrap_ws/install/velodyne/share/velodyne/package.bash'
[7.157s] INFO:colcon.colcon_core.shell:Creating package script '/home/dayo/Desktop/scrap_ws/install/velodyne/share/velodyne/package.zsh'
[7.158s] Level 1:colcon.colcon_core.environment:create_file_with_runtime_dependencies(/home/dayo/Desktop/scrap_ws/install/velodyne/share/colcon-core/packages/velodyne)
[7.160s] Level 1:colcon.colcon_core.environment:create_environment_scripts_only(scrap_pkg)
[7.163s] Level 1:colcon.colcon_core.environment:checking '/home/dayo/Desktop/scrap_ws/install/scrap_pkg' for CMake module files
[7.163s] Level 1:colcon.colcon_core.environment:checking '/home/dayo/Desktop/scrap_ws/install/scrap_pkg' for CMake config files
[7.163s] Level 1:colcon.colcon_core.shell:create_environment_hook('scrap_pkg', 'cmake_prefix_path')
[7.164s] INFO:colcon.colcon_core.shell:Creating environment hook '/home/dayo/Desktop/scrap_ws/install/scrap_pkg/share/scrap_pkg/hook/cmake_prefix_path.ps1'
[7.165s] INFO:colcon.colcon_core.shell:Creating environment descriptor '/home/dayo/Desktop/scrap_ws/install/scrap_pkg/share/scrap_pkg/hook/cmake_prefix_path.dsv'
[7.165s] INFO:colcon.colcon_core.shell:Creating environment hook '/home/dayo/Desktop/scrap_ws/install/scrap_pkg/share/scrap_pkg/hook/cmake_prefix_path.sh'
[7.166s] Level 1:colcon.colcon_core.environment:checking '/home/dayo/Desktop/scrap_ws/install/scrap_pkg/bin'
[7.166s] Level 1:colcon.colcon_core.environment:checking '/home/dayo/Desktop/scrap_ws/install/scrap_pkg/lib/pkgconfig/scrap_pkg.pc'
[7.166s] Level 1:colcon.colcon_core.environment:checking '/home/dayo/Desktop/scrap_ws/install/scrap_pkg/lib/python3.10/site-packages'
[7.166s] Level 1:colcon.colcon_core.environment:checking '/home/dayo/Desktop/scrap_ws/install/scrap_pkg/bin'
[7.168s] INFO:colcon.colcon_core.shell:Creating package script '/home/dayo/Desktop/scrap_ws/install/scrap_pkg/share/scrap_pkg/package.ps1'
[7.169s] INFO:colcon.colcon_core.shell:Creating package descriptor '/home/dayo/Desktop/scrap_ws/install/scrap_pkg/share/scrap_pkg/package.dsv'
[7.169s] INFO:colcon.colcon_core.shell:Creating package script '/home/dayo/Desktop/scrap_ws/install/scrap_pkg/share/scrap_pkg/package.sh'
[7.170s] INFO:colcon.colcon_core.shell:Creating package script '/home/dayo/Desktop/scrap_ws/install/scrap_pkg/share/scrap_pkg/package.bash'
[7.170s] INFO:colcon.colcon_core.shell:Creating package script '/home/dayo/Desktop/scrap_ws/install/scrap_pkg/share/scrap_pkg/package.zsh'
[7.171s] Level 1:colcon.colcon_core.environment:create_file_with_runtime_dependencies(/home/dayo/Desktop/scrap_ws/install/scrap_pkg/share/colcon-core/packages/scrap_pkg)
[7.171s] DEBUG:colcon.colcon_parallel_executor.executor.parallel:closing loop
[7.172s] DEBUG:colcon.colcon_parallel_executor.executor.parallel:loop closed
[7.172s] DEBUG:colcon.colcon_parallel_executor.executor.parallel:run_until_complete finished with '0'
[7.172s] DEBUG:colcon.colcon_core.event_reactor:joining thread
[7.435s] INFO:colcon.colcon_core.plugin_system:Skipping extension 'colcon_notification.desktop_notification.terminal_notifier': Not used on non-Darwin systems
[7.435s] INFO:colcon.colcon_core.plugin_system:Skipping extension 'colcon_notification.desktop_notification.win32': Not used on non-Windows systems
[7.435s] INFO:colcon.colcon_notification.desktop_notification:Sending desktop notification using 'notify2'
[7.532s] DEBUG:colcon.colcon_core.event_reactor:joined thread
[7.533s] INFO:colcon.colcon_core.shell:Creating prefix script '/home/dayo/Desktop/scrap_ws/install/local_setup.ps1'
[7.534s] INFO:colcon.colcon_core.shell:Creating prefix util module '/home/dayo/Desktop/scrap_ws/install/_local_setup_util_ps1.py'
[7.536s] INFO:colcon.colcon_core.shell:Creating prefix chain script '/home/dayo/Desktop/scrap_ws/install/setup.ps1'
[7.542s] INFO:colcon.colcon_core.shell:Creating prefix script '/home/dayo/Desktop/scrap_ws/install/local_setup.sh'
[7.543s] INFO:colcon.colcon_core.shell:Creating prefix util module '/home/dayo/Desktop/scrap_ws/install/_local_setup_util_sh.py'
[7.544s] INFO:colcon.colcon_core.shell:Creating prefix chain script '/home/dayo/Desktop/scrap_ws/install/setup.sh'
[7.545s] INFO:colcon.colcon_core.shell:Creating prefix script '/home/dayo/Desktop/scrap_ws/install/local_setup.bash'
[7.546s] INFO:colcon.colcon_core.shell:Creating prefix chain script '/home/dayo/Desktop/scrap_ws/install/setup.bash'
[7.548s] INFO:colcon.colcon_core.shell:Creating prefix script '/home/dayo/Desktop/scrap_ws/install/local_setup.zsh'
[7.549s] INFO:colcon.colcon_core.shell:Creating prefix chain script '/home/dayo/Desktop/scrap_ws/install/setup.zsh'
