running develop
running egg_info
creating scrap_pkg.egg-info
writing scrap_pkg.egg-info/PKG-INFO
writing dependency_links to scrap_pkg.egg-info/dependency_links.txt
writing entry points to scrap_pkg.egg-info/entry_points.txt
writing requirements to scrap_pkg.egg-info/requires.txt
writing top-level names to scrap_pkg.egg-info/top_level.txt
writing manifest file 'scrap_pkg.egg-info/SOURCES.txt'
reading manifest file 'scrap_pkg.egg-info/SOURCES.txt'
writing manifest file 'scrap_pkg.egg-info/SOURCES.txt'
running build_ext
Creating /home/pi/Desktop/scrap_ws/install/scrap_pkg/lib/python3.10/site-packages/scrap-pkg.egg-link (link to .)
Installing motor_node script to /home/pi/Desktop/scrap_ws/install/scrap_pkg/lib/scrap_pkg

Installed /home/pi/Desktop/scrap_ws/build/scrap_pkg
running install_data
creating /home/pi/Desktop/scrap_ws/install/scrap_pkg/share/ament_index
creating /home/pi/Desktop/scrap_ws/install/scrap_pkg/share/ament_index/resource_index
creating /home/pi/Desktop/scrap_ws/install/scrap_pkg/share/ament_index/resource_index/packages
copying resource/scrap_pkg -> /home/pi/Desktop/scrap_ws/install/scrap_pkg/share/ament_index/resource_index/packages
copying package.xml -> /home/pi/Desktop/scrap_ws/install/scrap_pkg/share/scrap_pkg
creating /home/pi/Desktop/scrap_ws/install/scrap_pkg/share/scrap_pkg/launch
copying launch/rsp.launch.py -> /home/pi/Desktop/scrap_ws/install/scrap_pkg/share/scrap_pkg/launch
copying launch/launch_scrap.launch.py -> /home/pi/Desktop/scrap_ws/install/scrap_pkg/share/scrap_pkg/launch
copying launch/scrap.launch.py -> /home/pi/Desktop/scrap_ws/install/scrap_pkg/share/scrap_pkg/launch
creating /home/pi/Desktop/scrap_ws/install/scrap_pkg/share/scrap_pkg/config
copying config/view_bot.rviz -> /home/pi/Desktop/scrap_ws/install/scrap_pkg/share/scrap_pkg/config
copying config/my_controllers.yaml -> /home/pi/Desktop/scrap_ws/install/scrap_pkg/share/scrap_pkg/config
creating /home/pi/Desktop/scrap_ws/install/scrap_pkg/share/scrap_pkg/description
copying description/inertial_macros.xacro -> /home/pi/Desktop/scrap_ws/install/scrap_pkg/share/scrap_pkg/description
copying description/gazebo_control.xacro -> /home/pi/Desktop/scrap_ws/install/scrap_pkg/share/scrap_pkg/description
copying description/depth_camera.xacro -> /home/pi/Desktop/scrap_ws/install/scrap_pkg/share/scrap_pkg/description
copying description/robot.urdf.xacro -> /home/pi/Desktop/scrap_ws/install/scrap_pkg/share/scrap_pkg/description
copying description/lidar.xacro -> /home/pi/Desktop/scrap_ws/install/scrap_pkg/share/scrap_pkg/description
copying description/robot_core.xacro -> /home/pi/Desktop/scrap_ws/install/scrap_pkg/share/scrap_pkg/description
copying description/camera.xacro -> /home/pi/Desktop/scrap_ws/install/scrap_pkg/share/scrap_pkg/description
copying description/ros2_control.xacro -> /home/pi/Desktop/scrap_ws/install/scrap_pkg/share/scrap_pkg/description
copying description/face.xacro -> /home/pi/Desktop/scrap_ws/install/scrap_pkg/share/scrap_pkg/description
