[0.053s] Invoking command in '/home/dayo/Desktop/scrap_ws/build/velodyne_msgs': CMAKE_PREFIX_PATH=${CMAKE_PREFIX_PATH}:/opt/ros/iron /usr/bin/cmake --build /home/dayo/Desktop/scrap_ws/build/velodyne_msgs -- -j2 -l2
[0.674s] [  2%] Built target velodyne_msgs__rosidl_generator_type_description
[0.702s] [  4%] Built target velodyne_msgs__cpp
[0.754s] [ 22%] Built target velodyne_msgs__rosidl_generator_c
[0.759s] [ 22%] Built target ament_cmake_python_copy_velodyne_msgs
[0.802s] [ 31%] Built target velodyne_msgs__rosidl_typesupport_cpp
[0.818s] [ 40%] Built target velodyne_msgs__rosidl_typesupport_fastrtps_c
[0.847s] [ 50%] Built target velodyne_msgs__rosidl_typesupport_fastrtps_cpp
[0.876s] [ 59%] Built target velodyne_msgs__rosidl_typesupport_introspection_c
[0.897s] [ 68%] Built target velodyne_msgs__rosidl_typesupport_c
[0.933s] [ 77%] Built target velodyne_msgs__rosidl_typesupport_introspection_cpp
[0.967s] [ 77%] Built target velodyne_msgs
[0.996s] [ 79%] Built target velodyne_msgs__py
[1.111s] [ 86%] Built target velodyne_msgs__rosidl_generator_py
[1.162s] running egg_info
[1.163s] writing velodyne_msgs.egg-info/PKG-INFO
[1.163s] writing dependency_links to velodyne_msgs.egg-info/dependency_links.txt
[1.165s] writing top-level names to velodyne_msgs.egg-info/top_level.txt
[1.167s] [ 90%] Built target velodyne_msgs__rosidl_typesupport_fastrtps_c__pyext
[1.175s] reading manifest file 'velodyne_msgs.egg-info/SOURCES.txt'
[1.176s] writing manifest file 'velodyne_msgs.egg-info/SOURCES.txt'
[1.200s] [ 90%] Built target ament_cmake_python_build_velodyne_msgs_egg
[1.238s] [ 95%] Built target velodyne_msgs__rosidl_typesupport_introspection_c__pyext
[1.244s] [100%] Built target velodyne_msgs__rosidl_typesupport_c__pyext
[1.265s] Invoked command in '/home/dayo/Desktop/scrap_ws/build/velodyne_msgs' returned '0': CMAKE_PREFIX_PATH=${CMAKE_PREFIX_PATH}:/opt/ros/iron /usr/bin/cmake --build /home/dayo/Desktop/scrap_ws/build/velodyne_msgs -- -j2 -l2
[1.367s] Invoking command in '/home/dayo/Desktop/scrap_ws/build/velodyne_msgs': CMAKE_PREFIX_PATH=${CMAKE_PREFIX_PATH}:/opt/ros/iron /usr/bin/cmake --install /home/dayo/Desktop/scrap_ws/build/velodyne_msgs
[1.376s] -- Install configuration: ""
[1.376s] -- Up-to-date: /home/dayo/Desktop/scrap_ws/install/velodyne_msgs/share/ament_index/resource_index/rosidl_interfaces/velodyne_msgs
[1.377s] -- Up-to-date: /home/dayo/Desktop/scrap_ws/install/velodyne_msgs/share/velodyne_msgs/msg/VelodynePacket.json
[1.377s] -- Up-to-date: /home/dayo/Desktop/scrap_ws/install/velodyne_msgs/share/velodyne_msgs/msg/VelodyneScan.json
[1.378s] -- Up-to-date: /home/dayo/Desktop/scrap_ws/install/velodyne_msgs/include/velodyne_msgs/velodyne_msgs
[1.378s] -- Up-to-date: /home/dayo/Desktop/scrap_ws/install/velodyne_msgs/include/velodyne_msgs/velodyne_msgs/msg
[1.379s] -- Up-to-date: /home/dayo/Desktop/scrap_ws/install/velodyne_msgs/include/velodyne_msgs/velodyne_msgs/msg/velodyne_scan.h
[1.379s] -- Up-to-date: /home/dayo/Desktop/scrap_ws/install/velodyne_msgs/include/velodyne_msgs/velodyne_msgs/msg/detail
[1.380s] -- Up-to-date: /home/dayo/Desktop/scrap_ws/install/velodyne_msgs/include/velodyne_msgs/velodyne_msgs/msg/detail/velodyne_scan__description.c
[1.380s] -- Installing: /home/dayo/Desktop/scrap_ws/install/velodyne_msgs/include/velodyne_msgs/velodyne_msgs/msg/detail/velodyne_scan__type_support.c
[1.382s] -- Up-to-date: /home/dayo/Desktop/scrap_ws/install/velodyne_msgs/include/velodyne_msgs/velodyne_msgs/msg/detail/velodyne_scan__functions.c
[1.383s] -- Up-to-date: /home/dayo/Desktop/scrap_ws/install/velodyne_msgs/include/velodyne_msgs/velodyne_msgs/msg/detail/velodyne_scan__type_support.h
[1.383s] -- Up-to-date: /home/dayo/Desktop/scrap_ws/install/velodyne_msgs/include/velodyne_msgs/velodyne_msgs/msg/detail/velodyne_packet__struct.h
[1.383s] -- Up-to-date: /home/dayo/Desktop/scrap_ws/install/velodyne_msgs/include/velodyne_msgs/velodyne_msgs/msg/detail/velodyne_scan__functions.h
[1.384s] -- Installing: /home/dayo/Desktop/scrap_ws/install/velodyne_msgs/include/velodyne_msgs/velodyne_msgs/msg/detail/velodyne_packet__type_support.c
[1.385s] -- Up-to-date: /home/dayo/Desktop/scrap_ws/install/velodyne_msgs/include/velodyne_msgs/velodyne_msgs/msg/detail/velodyne_packet__functions.c
[1.386s] -- Up-to-date: /home/dayo/Desktop/scrap_ws/install/velodyne_msgs/include/velodyne_msgs/velodyne_msgs/msg/detail/velodyne_scan__struct.h
[1.386s] -- Up-to-date: /home/dayo/Desktop/scrap_ws/install/velodyne_msgs/include/velodyne_msgs/velodyne_msgs/msg/detail/velodyne_packet__type_support.h
[1.387s] -- Up-to-date: /home/dayo/Desktop/scrap_ws/install/velodyne_msgs/include/velodyne_msgs/velodyne_msgs/msg/detail/velodyne_packet__description.c
[1.387s] -- Up-to-date: /home/dayo/Desktop/scrap_ws/install/velodyne_msgs/include/velodyne_msgs/velodyne_msgs/msg/detail/velodyne_packet__functions.h
[1.387s] -- Up-to-date: /home/dayo/Desktop/scrap_ws/install/velodyne_msgs/include/velodyne_msgs/velodyne_msgs/msg/velodyne_packet.h
[1.388s] -- Up-to-date: /home/dayo/Desktop/scrap_ws/install/velodyne_msgs/include/velodyne_msgs/velodyne_msgs/msg/rosidl_generator_c__visibility_control.h
[1.388s] -- Up-to-date: /home/dayo/Desktop/scrap_ws/install/velodyne_msgs/share/velodyne_msgs/environment/library_path.sh
[1.389s] -- Up-to-date: /home/dayo/Desktop/scrap_ws/install/velodyne_msgs/share/velodyne_msgs/environment/library_path.dsv
[1.389s] -- Up-to-date: /home/dayo/Desktop/scrap_ws/install/velodyne_msgs/lib/libvelodyne_msgs__rosidl_generator_c.so
[1.390s] -- Up-to-date: /home/dayo/Desktop/scrap_ws/install/velodyne_msgs/include/velodyne_msgs/velodyne_msgs
[1.394s] -- Up-to-date: /home/dayo/Desktop/scrap_ws/install/velodyne_msgs/include/velodyne_msgs/velodyne_msgs/msg
[1.394s] -- Up-to-date: /home/dayo/Desktop/scrap_ws/install/velodyne_msgs/include/velodyne_msgs/velodyne_msgs/msg/rosidl_typesupport_fastrtps_c__visibility_control.h
[1.394s] -- Up-to-date: /home/dayo/Desktop/scrap_ws/install/velodyne_msgs/include/velodyne_msgs/velodyne_msgs/msg/detail
[1.394s] -- Up-to-date: /home/dayo/Desktop/scrap_ws/install/velodyne_msgs/include/velodyne_msgs/velodyne_msgs/msg/detail/velodyne_packet__rosidl_typesupport_fastrtps_c.h
[1.394s] -- Up-to-date: /home/dayo/Desktop/scrap_ws/install/velodyne_msgs/include/velodyne_msgs/velodyne_msgs/msg/detail/velodyne_scan__rosidl_typesupport_fastrtps_c.h
[1.394s] -- Up-to-date: /home/dayo/Desktop/scrap_ws/install/velodyne_msgs/lib/libvelodyne_msgs__rosidl_typesupport_fastrtps_c.so
[1.394s] -- Up-to-date: /home/dayo/Desktop/scrap_ws/install/velodyne_msgs/include/velodyne_msgs/velodyne_msgs
[1.394s] -- Up-to-date: /home/dayo/Desktop/scrap_ws/install/velodyne_msgs/include/velodyne_msgs/velodyne_msgs/msg
[1.394s] -- Up-to-date: /home/dayo/Desktop/scrap_ws/install/velodyne_msgs/include/velodyne_msgs/velodyne_msgs/msg/velodyne_scan.hpp
[1.394s] -- Up-to-date: /home/dayo/Desktop/scrap_ws/install/velodyne_msgs/include/velodyne_msgs/velodyne_msgs/msg/velodyne_packet.hpp
[1.394s] -- Up-to-date: /home/dayo/Desktop/scrap_ws/install/velodyne_msgs/include/velodyne_msgs/velodyne_msgs/msg/detail
[1.394s] -- Up-to-date: /home/dayo/Desktop/scrap_ws/install/velodyne_msgs/include/velodyne_msgs/velodyne_msgs/msg/detail/velodyne_scan__builder.hpp
[1.394s] -- Up-to-date: /home/dayo/Desktop/scrap_ws/install/velodyne_msgs/include/velodyne_msgs/velodyne_msgs/msg/detail/velodyne_packet__traits.hpp
[1.394s] -- Up-to-date: /home/dayo/Desktop/scrap_ws/install/velodyne_msgs/include/velodyne_msgs/velodyne_msgs/msg/detail/velodyne_scan__traits.hpp
[1.394s] -- Up-to-date: /home/dayo/Desktop/scrap_ws/install/velodyne_msgs/include/velodyne_msgs/velodyne_msgs/msg/detail/velodyne_scan__struct.hpp
[1.394s] -- Up-to-date: /home/dayo/Desktop/scrap_ws/install/velodyne_msgs/include/velodyne_msgs/velodyne_msgs/msg/detail/velodyne_packet__builder.hpp
[1.395s] -- Up-to-date: /home/dayo/Desktop/scrap_ws/install/velodyne_msgs/include/velodyne_msgs/velodyne_msgs/msg/detail/velodyne_packet__struct.hpp
[1.397s] -- Up-to-date: /home/dayo/Desktop/scrap_ws/install/velodyne_msgs/include/velodyne_msgs/velodyne_msgs
[1.398s] -- Up-to-date: /home/dayo/Desktop/scrap_ws/install/velodyne_msgs/include/velodyne_msgs/velodyne_msgs/msg
[1.398s] -- Up-to-date: /home/dayo/Desktop/scrap_ws/install/velodyne_msgs/include/velodyne_msgs/velodyne_msgs/msg/detail
[1.399s] -- Up-to-date: /home/dayo/Desktop/scrap_ws/install/velodyne_msgs/include/velodyne_msgs/velodyne_msgs/msg/detail/velodyne_scan__rosidl_typesupport_fastrtps_cpp.hpp
[1.399s] -- Up-to-date: /home/dayo/Desktop/scrap_ws/install/velodyne_msgs/include/velodyne_msgs/velodyne_msgs/msg/detail/dds_fastrtps
[1.399s] -- Up-to-date: /home/dayo/Desktop/scrap_ws/install/velodyne_msgs/include/velodyne_msgs/velodyne_msgs/msg/detail/velodyne_packet__rosidl_typesupport_fastrtps_cpp.hpp
[1.399s] -- Up-to-date: /home/dayo/Desktop/scrap_ws/install/velodyne_msgs/include/velodyne_msgs/velodyne_msgs/msg/rosidl_typesupport_fastrtps_cpp__visibility_control.h
[1.400s] -- Up-to-date: /home/dayo/Desktop/scrap_ws/install/velodyne_msgs/lib/libvelodyne_msgs__rosidl_typesupport_fastrtps_cpp.so
[1.400s] -- Up-to-date: /home/dayo/Desktop/scrap_ws/install/velodyne_msgs/include/velodyne_msgs/velodyne_msgs
[1.401s] -- Up-to-date: /home/dayo/Desktop/scrap_ws/install/velodyne_msgs/include/velodyne_msgs/velodyne_msgs/msg
[1.401s] -- Up-to-date: /home/dayo/Desktop/scrap_ws/install/velodyne_msgs/include/velodyne_msgs/velodyne_msgs/msg/rosidl_typesupport_introspection_c__visibility_control.h
[1.401s] -- Up-to-date: /home/dayo/Desktop/scrap_ws/install/velodyne_msgs/include/velodyne_msgs/velodyne_msgs/msg/detail
[1.401s] -- Up-to-date: /home/dayo/Desktop/scrap_ws/install/velodyne_msgs/include/velodyne_msgs/velodyne_msgs/msg/detail/velodyne_packet__rosidl_typesupport_introspection_c.h
[1.401s] -- Installing: /home/dayo/Desktop/scrap_ws/install/velodyne_msgs/include/velodyne_msgs/velodyne_msgs/msg/detail/velodyne_scan__type_support.c
[1.403s] -- Installing: /home/dayo/Desktop/scrap_ws/install/velodyne_msgs/include/velodyne_msgs/velodyne_msgs/msg/detail/velodyne_packet__type_support.c
[1.404s] -- Up-to-date: /home/dayo/Desktop/scrap_ws/install/velodyne_msgs/include/velodyne_msgs/velodyne_msgs/msg/detail/velodyne_scan__rosidl_typesupport_introspection_c.h
[1.404s] -- Up-to-date: /home/dayo/Desktop/scrap_ws/install/velodyne_msgs/lib/libvelodyne_msgs__rosidl_typesupport_introspection_c.so
[1.404s] -- Up-to-date: /home/dayo/Desktop/scrap_ws/install/velodyne_msgs/lib/libvelodyne_msgs__rosidl_typesupport_c.so
[1.405s] -- Up-to-date: /home/dayo/Desktop/scrap_ws/install/velodyne_msgs/include/velodyne_msgs/velodyne_msgs
[1.405s] -- Up-to-date: /home/dayo/Desktop/scrap_ws/install/velodyne_msgs/include/velodyne_msgs/velodyne_msgs/msg
[1.405s] -- Up-to-date: /home/dayo/Desktop/scrap_ws/install/velodyne_msgs/include/velodyne_msgs/velodyne_msgs/msg/detail
[1.405s] -- Up-to-date: /home/dayo/Desktop/scrap_ws/install/velodyne_msgs/include/velodyne_msgs/velodyne_msgs/msg/detail/velodyne_scan__type_support.cpp
[1.405s] -- Up-to-date: /home/dayo/Desktop/scrap_ws/install/velodyne_msgs/include/velodyne_msgs/velodyne_msgs/msg/detail/velodyne_packet__rosidl_typesupport_introspection_cpp.hpp
[1.405s] -- Up-to-date: /home/dayo/Desktop/scrap_ws/install/velodyne_msgs/include/velodyne_msgs/velodyne_msgs/msg/detail/velodyne_packet__type_support.cpp
[1.405s] -- Up-to-date: /home/dayo/Desktop/scrap_ws/install/velodyne_msgs/include/velodyne_msgs/velodyne_msgs/msg/detail/velodyne_scan__rosidl_typesupport_introspection_cpp.hpp
[1.405s] -- Up-to-date: /home/dayo/Desktop/scrap_ws/install/velodyne_msgs/lib/libvelodyne_msgs__rosidl_typesupport_introspection_cpp.so
[1.405s] -- Up-to-date: /home/dayo/Desktop/scrap_ws/install/velodyne_msgs/lib/libvelodyne_msgs__rosidl_typesupport_cpp.so
[1.405s] -- Up-to-date: /home/dayo/Desktop/scrap_ws/install/velodyne_msgs/share/velodyne_msgs/environment/pythonpath.sh
[1.405s] -- Up-to-date: /home/dayo/Desktop/scrap_ws/install/velodyne_msgs/share/velodyne_msgs/environment/pythonpath.dsv
[1.410s] -- Up-to-date: /home/dayo/Desktop/scrap_ws/install/velodyne_msgs/lib/python3.10/site-packages/velodyne_msgs-2.4.0-py3.10.egg-info
[1.410s] -- Installing: /home/dayo/Desktop/scrap_ws/install/velodyne_msgs/lib/python3.10/site-packages/velodyne_msgs-2.4.0-py3.10.egg-info/top_level.txt
[1.411s] -- Installing: /home/dayo/Desktop/scrap_ws/install/velodyne_msgs/lib/python3.10/site-packages/velodyne_msgs-2.4.0-py3.10.egg-info/PKG-INFO
[1.411s] -- Installing: /home/dayo/Desktop/scrap_ws/install/velodyne_msgs/lib/python3.10/site-packages/velodyne_msgs-2.4.0-py3.10.egg-info/dependency_links.txt
[1.411s] -- Installing: /home/dayo/Desktop/scrap_ws/install/velodyne_msgs/lib/python3.10/site-packages/velodyne_msgs-2.4.0-py3.10.egg-info/SOURCES.txt
[1.411s] -- Up-to-date: /home/dayo/Desktop/scrap_ws/install/velodyne_msgs/lib/python3.10/site-packages/velodyne_msgs
[1.411s] -- Up-to-date: /home/dayo/Desktop/scrap_ws/install/velodyne_msgs/lib/python3.10/site-packages/velodyne_msgs/velodyne_msgs_s__rosidl_typesupport_introspection_c.cpython-310-x86_64-linux-gnu.so
[1.411s] -- Up-to-date: /home/dayo/Desktop/scrap_ws/install/velodyne_msgs/lib/python3.10/site-packages/velodyne_msgs/msg
[1.411s] -- Up-to-date: /home/dayo/Desktop/scrap_ws/install/velodyne_msgs/lib/python3.10/site-packages/velodyne_msgs/msg/_velodyne_packet_s.c
[1.412s] -- Up-to-date: /home/dayo/Desktop/scrap_ws/install/velodyne_msgs/lib/python3.10/site-packages/velodyne_msgs/msg/__init__.py
[1.412s] -- Up-to-date: /home/dayo/Desktop/scrap_ws/install/velodyne_msgs/lib/python3.10/site-packages/velodyne_msgs/msg/_velodyne_packet.py
[1.412s] -- Up-to-date: /home/dayo/Desktop/scrap_ws/install/velodyne_msgs/lib/python3.10/site-packages/velodyne_msgs/msg/_velodyne_scan_s.c
[1.412s] -- Up-to-date: /home/dayo/Desktop/scrap_ws/install/velodyne_msgs/lib/python3.10/site-packages/velodyne_msgs/msg/_velodyne_scan.py
[1.412s] -- Up-to-date: /home/dayo/Desktop/scrap_ws/install/velodyne_msgs/lib/python3.10/site-packages/velodyne_msgs/velodyne_msgs_s__rosidl_typesupport_fastrtps_c.cpython-310-x86_64-linux-gnu.so
[1.412s] -- Up-to-date: /home/dayo/Desktop/scrap_ws/install/velodyne_msgs/lib/python3.10/site-packages/velodyne_msgs/libvelodyne_msgs__rosidl_generator_py.so
[1.412s] -- Up-to-date: /home/dayo/Desktop/scrap_ws/install/velodyne_msgs/lib/python3.10/site-packages/velodyne_msgs/_velodyne_msgs_s.ep.rosidl_typesupport_introspection_c.c
[1.412s] -- Up-to-date: /home/dayo/Desktop/scrap_ws/install/velodyne_msgs/lib/python3.10/site-packages/velodyne_msgs/__init__.py
[1.412s] -- Up-to-date: /home/dayo/Desktop/scrap_ws/install/velodyne_msgs/lib/python3.10/site-packages/velodyne_msgs/_velodyne_msgs_s.ep.rosidl_typesupport_c.c
[1.412s] -- Up-to-date: /home/dayo/Desktop/scrap_ws/install/velodyne_msgs/lib/python3.10/site-packages/velodyne_msgs/_velodyne_msgs_s.ep.rosidl_typesupport_fastrtps_c.c
[1.412s] -- Up-to-date: /home/dayo/Desktop/scrap_ws/install/velodyne_msgs/lib/python3.10/site-packages/velodyne_msgs/velodyne_msgs_s__rosidl_typesupport_c.cpython-310-x86_64-linux-gnu.so
[1.470s] Listing '/home/dayo/Desktop/scrap_ws/install/velodyne_msgs/lib/python3.10/site-packages/velodyne_msgs'...
[1.470s] Listing '/home/dayo/Desktop/scrap_ws/install/velodyne_msgs/lib/python3.10/site-packages/velodyne_msgs/msg'...
[1.477s] -- Up-to-date: /home/dayo/Desktop/scrap_ws/install/velodyne_msgs/lib/python3.10/site-packages/velodyne_msgs/velodyne_msgs_s__rosidl_typesupport_fastrtps_c.cpython-310-x86_64-linux-gnu.so
[1.477s] -- Up-to-date: /home/dayo/Desktop/scrap_ws/install/velodyne_msgs/lib/python3.10/site-packages/velodyne_msgs/velodyne_msgs_s__rosidl_typesupport_introspection_c.cpython-310-x86_64-linux-gnu.so
[1.477s] -- Up-to-date: /home/dayo/Desktop/scrap_ws/install/velodyne_msgs/lib/python3.10/site-packages/velodyne_msgs/velodyne_msgs_s__rosidl_typesupport_c.cpython-310-x86_64-linux-gnu.so
[1.477s] -- Up-to-date: /home/dayo/Desktop/scrap_ws/install/velodyne_msgs/lib/libvelodyne_msgs__rosidl_generator_py.so
[1.477s] -- Up-to-date: /home/dayo/Desktop/scrap_ws/install/velodyne_msgs/share/velodyne_msgs/msg/VelodynePacket.idl
[1.477s] -- Up-to-date: /home/dayo/Desktop/scrap_ws/install/velodyne_msgs/share/velodyne_msgs/msg/VelodyneScan.idl
[1.478s] -- Up-to-date: /home/dayo/Desktop/scrap_ws/install/velodyne_msgs/share/velodyne_msgs/msg/VelodynePacket.msg
[1.478s] -- Up-to-date: /home/dayo/Desktop/scrap_ws/install/velodyne_msgs/share/velodyne_msgs/msg/VelodyneScan.msg
[1.478s] -- Up-to-date: /home/dayo/Desktop/scrap_ws/install/velodyne_msgs/share/ament_index/resource_index/package_run_dependencies/velodyne_msgs
[1.478s] -- Up-to-date: /home/dayo/Desktop/scrap_ws/install/velodyne_msgs/share/ament_index/resource_index/parent_prefix_path/velodyne_msgs
[1.481s] -- Up-to-date: /home/dayo/Desktop/scrap_ws/install/velodyne_msgs/share/velodyne_msgs/environment/ament_prefix_path.sh
[1.482s] -- Up-to-date: /home/dayo/Desktop/scrap_ws/install/velodyne_msgs/share/velodyne_msgs/environment/ament_prefix_path.dsv
[1.482s] -- Up-to-date: /home/dayo/Desktop/scrap_ws/install/velodyne_msgs/share/velodyne_msgs/environment/path.sh
[1.482s] -- Up-to-date: /home/dayo/Desktop/scrap_ws/install/velodyne_msgs/share/velodyne_msgs/environment/path.dsv
[1.482s] -- Up-to-date: /home/dayo/Desktop/scrap_ws/install/velodyne_msgs/share/velodyne_msgs/local_setup.bash
[1.482s] -- Up-to-date: /home/dayo/Desktop/scrap_ws/install/velodyne_msgs/share/velodyne_msgs/local_setup.sh
[1.482s] -- Up-to-date: /home/dayo/Desktop/scrap_ws/install/velodyne_msgs/share/velodyne_msgs/local_setup.zsh
[1.482s] -- Up-to-date: /home/dayo/Desktop/scrap_ws/install/velodyne_msgs/share/velodyne_msgs/local_setup.dsv
[1.482s] -- Installing: /home/dayo/Desktop/scrap_ws/install/velodyne_msgs/share/velodyne_msgs/package.dsv
[1.494s] -- Up-to-date: /home/dayo/Desktop/scrap_ws/install/velodyne_msgs/share/ament_index/resource_index/packages/velodyne_msgs
[1.498s] -- Up-to-date: /home/dayo/Desktop/scrap_ws/install/velodyne_msgs/share/velodyne_msgs/cmake/export_velodyne_msgs__rosidl_generator_cExport.cmake
[1.499s] -- Up-to-date: /home/dayo/Desktop/scrap_ws/install/velodyne_msgs/share/velodyne_msgs/cmake/export_velodyne_msgs__rosidl_generator_cExport-noconfig.cmake
[1.501s] -- Up-to-date: /home/dayo/Desktop/scrap_ws/install/velodyne_msgs/share/velodyne_msgs/cmake/export_velodyne_msgs__rosidl_typesupport_fastrtps_cExport.cmake
[1.501s] -- Up-to-date: /home/dayo/Desktop/scrap_ws/install/velodyne_msgs/share/velodyne_msgs/cmake/export_velodyne_msgs__rosidl_typesupport_fastrtps_cExport-noconfig.cmake
[1.502s] -- Up-to-date: /home/dayo/Desktop/scrap_ws/install/velodyne_msgs/share/velodyne_msgs/cmake/export_velodyne_msgs__rosidl_generator_cppExport.cmake
[1.503s] -- Up-to-date: /home/dayo/Desktop/scrap_ws/install/velodyne_msgs/share/velodyne_msgs/cmake/export_velodyne_msgs__rosidl_typesupport_fastrtps_cppExport.cmake
[1.503s] -- Up-to-date: /home/dayo/Desktop/scrap_ws/install/velodyne_msgs/share/velodyne_msgs/cmake/export_velodyne_msgs__rosidl_typesupport_fastrtps_cppExport-noconfig.cmake
[1.504s] -- Up-to-date: /home/dayo/Desktop/scrap_ws/install/velodyne_msgs/share/velodyne_msgs/cmake/velodyne_msgs__rosidl_typesupport_introspection_cExport.cmake
[1.505s] -- Up-to-date: /home/dayo/Desktop/scrap_ws/install/velodyne_msgs/share/velodyne_msgs/cmake/velodyne_msgs__rosidl_typesupport_introspection_cExport-noconfig.cmake
[1.506s] -- Up-to-date: /home/dayo/Desktop/scrap_ws/install/velodyne_msgs/share/velodyne_msgs/cmake/velodyne_msgs__rosidl_typesupport_cExport.cmake
[1.506s] -- Up-to-date: /home/dayo/Desktop/scrap_ws/install/velodyne_msgs/share/velodyne_msgs/cmake/velodyne_msgs__rosidl_typesupport_cExport-noconfig.cmake
[1.508s] -- Up-to-date: /home/dayo/Desktop/scrap_ws/install/velodyne_msgs/share/velodyne_msgs/cmake/velodyne_msgs__rosidl_typesupport_introspection_cppExport.cmake
[1.509s] -- Up-to-date: /home/dayo/Desktop/scrap_ws/install/velodyne_msgs/share/velodyne_msgs/cmake/velodyne_msgs__rosidl_typesupport_introspection_cppExport-noconfig.cmake
[1.510s] -- Up-to-date: /home/dayo/Desktop/scrap_ws/install/velodyne_msgs/share/velodyne_msgs/cmake/velodyne_msgs__rosidl_typesupport_cppExport.cmake
[1.510s] -- Up-to-date: /home/dayo/Desktop/scrap_ws/install/velodyne_msgs/share/velodyne_msgs/cmake/velodyne_msgs__rosidl_typesupport_cppExport-noconfig.cmake
[1.511s] -- Up-to-date: /home/dayo/Desktop/scrap_ws/install/velodyne_msgs/share/velodyne_msgs/cmake/export_velodyne_msgs__rosidl_generator_pyExport.cmake
[1.511s] -- Up-to-date: /home/dayo/Desktop/scrap_ws/install/velodyne_msgs/share/velodyne_msgs/cmake/export_velodyne_msgs__rosidl_generator_pyExport-noconfig.cmake
[1.512s] -- Up-to-date: /home/dayo/Desktop/scrap_ws/install/velodyne_msgs/share/velodyne_msgs/cmake/rosidl_cmake-extras.cmake
[1.512s] -- Up-to-date: /home/dayo/Desktop/scrap_ws/install/velodyne_msgs/share/velodyne_msgs/cmake/ament_cmake_export_dependencies-extras.cmake
[1.512s] -- Up-to-date: /home/dayo/Desktop/scrap_ws/install/velodyne_msgs/share/velodyne_msgs/cmake/ament_cmake_export_include_directories-extras.cmake
[1.512s] -- Up-to-date: /home/dayo/Desktop/scrap_ws/install/velodyne_msgs/share/velodyne_msgs/cmake/ament_cmake_export_libraries-extras.cmake
[1.512s] -- Up-to-date: /home/dayo/Desktop/scrap_ws/install/velodyne_msgs/share/velodyne_msgs/cmake/ament_cmake_export_targets-extras.cmake
[1.512s] -- Up-to-date: /home/dayo/Desktop/scrap_ws/install/velodyne_msgs/share/velodyne_msgs/cmake/rosidl_cmake_export_typesupport_targets-extras.cmake
[1.513s] -- Up-to-date: /home/dayo/Desktop/scrap_ws/install/velodyne_msgs/share/velodyne_msgs/cmake/rosidl_cmake_export_typesupport_libraries-extras.cmake
[1.515s] -- Up-to-date: /home/dayo/Desktop/scrap_ws/install/velodyne_msgs/share/velodyne_msgs/cmake/velodyne_msgsConfig.cmake
[1.515s] -- Up-to-date: /home/dayo/Desktop/scrap_ws/install/velodyne_msgs/share/velodyne_msgs/cmake/velodyne_msgsConfig-version.cmake
[1.516s] -- Up-to-date: /home/dayo/Desktop/scrap_ws/install/velodyne_msgs/share/velodyne_msgs/package.xml
[1.523s] Invoked command in '/home/dayo/Desktop/scrap_ws/build/velodyne_msgs' returned '0': CMAKE_PREFIX_PATH=${CMAKE_PREFIX_PATH}:/opt/ros/iron /usr/bin/cmake --install /home/dayo/Desktop/scrap_ws/build/velodyne_msgs
