[0.010s] Invoking command in '/home/dayo/Desktop/scrap_ws/build/velodyne_pointcloud': AMENT_PREFIX_PATH=/home/dayo/Desktop/scrap_ws/install/velodyne_msgs:${AMENT_PREFIX_PATH} CMAKE_PREFIX_PATH=/home/dayo/Desktop/scrap_ws/install/velodyne_msgs:/opt/ros/iron LD_LIBRARY_PATH=/home/dayo/Desktop/scrap_ws/install/velodyne_msgs/lib:${LD_LIBRARY_PATH} PYTHONPATH=/home/dayo/Desktop/scrap_ws/install/velodyne_msgs/lib/python3.10/site-packages:${PYTHONPATH} /usr/bin/cmake --build /home/dayo/Desktop/scrap_ws/build/velodyne_pointcloud -- -j2 -l2
[0.131s] [ 16%] Built target velodyne_rawdata
[0.159s] [ 33%] Built target velodyne_cloud_types
[0.199s] [ 44%] Built target gtest_main
[0.209s] [ 55%] Built target gtest
[0.282s] [ 66%] Built target transform
[0.327s] [ 77%] Built target test_row_step
[0.391s] [ 94%] Built target velodyne_transform_node
[0.393s] [100%] Built target test_calibration
[0.435s] Invoked command in '/home/dayo/Desktop/scrap_ws/build/velodyne_pointcloud' returned '0': AMENT_PREFIX_PATH=/home/dayo/Desktop/scrap_ws/install/velodyne_msgs:${AMENT_PREFIX_PATH} CMAKE_PREFIX_PATH=/home/dayo/Desktop/scrap_ws/install/velodyne_msgs:/opt/ros/iron LD_LIBRARY_PATH=/home/dayo/Desktop/scrap_ws/install/velodyne_msgs/lib:${LD_LIBRARY_PATH} PYTHONPATH=/home/dayo/Desktop/scrap_ws/install/velodyne_msgs/lib/python3.10/site-packages:${PYTHONPATH} /usr/bin/cmake --build /home/dayo/Desktop/scrap_ws/build/velodyne_pointcloud -- -j2 -l2
[0.514s] Invoking command in '/home/dayo/Desktop/scrap_ws/build/velodyne_pointcloud': AMENT_PREFIX_PATH=/home/dayo/Desktop/scrap_ws/install/velodyne_msgs:${AMENT_PREFIX_PATH} CMAKE_PREFIX_PATH=/home/dayo/Desktop/scrap_ws/install/velodyne_msgs:/opt/ros/iron LD_LIBRARY_PATH=/home/dayo/Desktop/scrap_ws/install/velodyne_msgs/lib:${LD_LIBRARY_PATH} PYTHONPATH=/home/dayo/Desktop/scrap_ws/install/velodyne_msgs/lib/python3.10/site-packages:${PYTHONPATH} /usr/bin/cmake --install /home/dayo/Desktop/scrap_ws/build/velodyne_pointcloud
[0.528s] -- Install configuration: ""
[0.528s] -- Up-to-date: /home/dayo/Desktop/scrap_ws/install/velodyne_pointcloud/lib/libtransform.so
[0.528s] -- Up-to-date: /home/dayo/Desktop/scrap_ws/install/velodyne_pointcloud/lib/velodyne_pointcloud/velodyne_transform_node
[0.529s] -- Up-to-date: /home/dayo/Desktop/scrap_ws/install/velodyne_pointcloud/include/velodyne_pointcloud
[0.529s] -- Up-to-date: /home/dayo/Desktop/scrap_ws/install/velodyne_pointcloud/include/velodyne_pointcloud/pointcloudXYZIRT.hpp
[0.529s] -- Up-to-date: /home/dayo/Desktop/scrap_ws/install/velodyne_pointcloud/include/velodyne_pointcloud/rawdata.hpp
[0.529s] -- Up-to-date: /home/dayo/Desktop/scrap_ws/install/velodyne_pointcloud/include/velodyne_pointcloud/organized_cloudXYZIRT.hpp
[0.529s] -- Up-to-date: /home/dayo/Desktop/scrap_ws/install/velodyne_pointcloud/include/velodyne_pointcloud/transform.hpp
[0.529s] -- Up-to-date: /home/dayo/Desktop/scrap_ws/install/velodyne_pointcloud/include/velodyne_pointcloud/calibration.hpp
[0.530s] -- Up-to-date: /home/dayo/Desktop/scrap_ws/install/velodyne_pointcloud/include/velodyne_pointcloud/datacontainerbase.hpp
[0.530s] -- Up-to-date: /home/dayo/Desktop/scrap_ws/install/velodyne_pointcloud/share/velodyne_pointcloud/config
[0.530s] -- Up-to-date: /home/dayo/Desktop/scrap_ws/install/velodyne_pointcloud/share/velodyne_pointcloud/config/VLP32C-velodyne_transform_node-params.yaml
[0.530s] -- Up-to-date: /home/dayo/Desktop/scrap_ws/install/velodyne_pointcloud/share/velodyne_pointcloud/config/VLP16-velodyne_transform_node-params.yaml
[0.530s] -- Up-to-date: /home/dayo/Desktop/scrap_ws/install/velodyne_pointcloud/share/velodyne_pointcloud/config/VLS128-velodyne_transform_node-params.yaml
[0.536s] -- Up-to-date: /home/dayo/Desktop/scrap_ws/install/velodyne_pointcloud/share/velodyne_pointcloud/launch
[0.543s] -- Up-to-date: /home/dayo/Desktop/scrap_ws/install/velodyne_pointcloud/share/velodyne_pointcloud/launch/velodyne_transform_node-VLP16-composed-launch.py
[0.543s] -- Up-to-date: /home/dayo/Desktop/scrap_ws/install/velodyne_pointcloud/share/velodyne_pointcloud/launch/velodyne_transform_node-VLP32C-composed-launch.py
[0.543s] -- Up-to-date: /home/dayo/Desktop/scrap_ws/install/velodyne_pointcloud/share/velodyne_pointcloud/launch/velodyne_transform_node-VLP32C-launch.py
[0.543s] -- Up-to-date: /home/dayo/Desktop/scrap_ws/install/velodyne_pointcloud/share/velodyne_pointcloud/launch/velodyne_transform_node-VLS128-composed-launch.py
[0.544s] -- Up-to-date: /home/dayo/Desktop/scrap_ws/install/velodyne_pointcloud/share/velodyne_pointcloud/launch/velodyne_transform_node-VLP16-launch.py
[0.544s] -- Up-to-date: /home/dayo/Desktop/scrap_ws/install/velodyne_pointcloud/share/velodyne_pointcloud/launch/velodyne_transform_node-VLS128-launch.py
[0.544s] -- Up-to-date: /home/dayo/Desktop/scrap_ws/install/velodyne_pointcloud/share/velodyne_pointcloud/params
[0.544s] -- Up-to-date: /home/dayo/Desktop/scrap_ws/install/velodyne_pointcloud/share/velodyne_pointcloud/params/64e_utexas.yaml
[0.544s] -- Up-to-date: /home/dayo/Desktop/scrap_ws/install/velodyne_pointcloud/share/velodyne_pointcloud/params/32db.yaml
[0.544s] -- Up-to-date: /home/dayo/Desktop/scrap_ws/install/velodyne_pointcloud/share/velodyne_pointcloud/params/issue_84_float_intensities.yaml
[0.544s] -- Up-to-date: /home/dayo/Desktop/scrap_ws/install/velodyne_pointcloud/share/velodyne_pointcloud/params/VeloView-VLP-32C.yaml
[0.544s] -- Up-to-date: /home/dayo/Desktop/scrap_ws/install/velodyne_pointcloud/share/velodyne_pointcloud/params/VLS128.yaml
[0.545s] -- Up-to-date: /home/dayo/Desktop/scrap_ws/install/velodyne_pointcloud/share/velodyne_pointcloud/params/VLP16_hires_db.yaml
[0.545s] -- Up-to-date: /home/dayo/Desktop/scrap_ws/install/velodyne_pointcloud/share/velodyne_pointcloud/params/64e_s3-xiesc.yaml
[0.551s] -- Up-to-date: /home/dayo/Desktop/scrap_ws/install/velodyne_pointcloud/share/velodyne_pointcloud/params/VLP16db.yaml
[0.551s] -- Up-to-date: /home/dayo/Desktop/scrap_ws/install/velodyne_pointcloud/share/velodyne_pointcloud/params/rviz_points.vcg
[0.551s] -- Up-to-date: /home/dayo/Desktop/scrap_ws/install/velodyne_pointcloud/share/velodyne_pointcloud/params/64e_s2.1-sztaki.yaml
[0.551s] -- Up-to-date: /home/dayo/Desktop/scrap_ws/install/velodyne_pointcloud/share/ament_index/resource_index/package_run_dependencies/velodyne_pointcloud
[0.551s] -- Up-to-date: /home/dayo/Desktop/scrap_ws/install/velodyne_pointcloud/share/ament_index/resource_index/parent_prefix_path/velodyne_pointcloud
[0.551s] -- Up-to-date: /home/dayo/Desktop/scrap_ws/install/velodyne_pointcloud/share/velodyne_pointcloud/environment/ament_prefix_path.sh
[0.551s] -- Up-to-date: /home/dayo/Desktop/scrap_ws/install/velodyne_pointcloud/share/velodyne_pointcloud/environment/ament_prefix_path.dsv
[0.551s] -- Up-to-date: /home/dayo/Desktop/scrap_ws/install/velodyne_pointcloud/share/velodyne_pointcloud/environment/path.sh
[0.551s] -- Up-to-date: /home/dayo/Desktop/scrap_ws/install/velodyne_pointcloud/share/velodyne_pointcloud/environment/path.dsv
[0.551s] -- Up-to-date: /home/dayo/Desktop/scrap_ws/install/velodyne_pointcloud/share/velodyne_pointcloud/local_setup.bash
[0.551s] -- Up-to-date: /home/dayo/Desktop/scrap_ws/install/velodyne_pointcloud/share/velodyne_pointcloud/local_setup.sh
[0.551s] -- Up-to-date: /home/dayo/Desktop/scrap_ws/install/velodyne_pointcloud/share/velodyne_pointcloud/local_setup.zsh
[0.551s] -- Up-to-date: /home/dayo/Desktop/scrap_ws/install/velodyne_pointcloud/share/velodyne_pointcloud/local_setup.dsv
[0.551s] -- Installing: /home/dayo/Desktop/scrap_ws/install/velodyne_pointcloud/share/velodyne_pointcloud/package.dsv
[0.551s] -- Up-to-date: /home/dayo/Desktop/scrap_ws/install/velodyne_pointcloud/share/ament_index/resource_index/packages/velodyne_pointcloud
[0.551s] -- Up-to-date: /home/dayo/Desktop/scrap_ws/install/velodyne_pointcloud/share/ament_index/resource_index/rclcpp_components/velodyne_pointcloud
[0.551s] -- Up-to-date: /home/dayo/Desktop/scrap_ws/install/velodyne_pointcloud/share/velodyne_pointcloud/cmake/velodyne_pointcloudConfig.cmake
[0.551s] -- Up-to-date: /home/dayo/Desktop/scrap_ws/install/velodyne_pointcloud/share/velodyne_pointcloud/cmake/velodyne_pointcloudConfig-version.cmake
[0.552s] -- Up-to-date: /home/dayo/Desktop/scrap_ws/install/velodyne_pointcloud/share/velodyne_pointcloud/package.xml
[0.552s] -- Up-to-date: /home/dayo/Desktop/scrap_ws/install/velodyne_pointcloud/lib/libvelodyne_cloud_types.so
[0.552s] -- Up-to-date: /home/dayo/Desktop/scrap_ws/install/velodyne_pointcloud/lib/libvelodyne_rawdata.so
[0.552s] Invoked command in '/home/dayo/Desktop/scrap_ws/build/velodyne_pointcloud' returned '0': AMENT_PREFIX_PATH=/home/dayo/Desktop/scrap_ws/install/velodyne_msgs:${AMENT_PREFIX_PATH} CMAKE_PREFIX_PATH=/home/dayo/Desktop/scrap_ws/install/velodyne_msgs:/opt/ros/iron LD_LIBRARY_PATH=/home/dayo/Desktop/scrap_ws/install/velodyne_msgs/lib:${LD_LIBRARY_PATH} PYTHONPATH=/home/dayo/Desktop/scrap_ws/install/velodyne_msgs/lib/python3.10/site-packages:${PYTHONPATH} /usr/bin/cmake --install /home/dayo/Desktop/scrap_ws/build/velodyne_pointcloud
