[2.037s] Invoking command in '/home/pi/Desktop/scrap_ws/build/velodyne_msgs': CMAKE_PREFIX_PATH=${CMAKE_PREFIX_PATH}:/home/pi/Desktop/scrap_ws/install/scrap_pkg:/opt/ros/humble /usr/bin/cmake --build /home/pi/Desktop/scrap_ws/build/velodyne_msgs -- -j4 -l4
[2.329s] [  2%] Built target velodyne_msgs__cpp
[2.343s] [ 12%] Built target velodyne_msgs__rosidl_generator_c
[2.522s] [ 23%] Built target velodyne_msgs__rosidl_typesupport_fastrtps_cpp
[2.552s] [ 23%] Built target ament_cmake_python_symlink_velodyne_msgs
[2.746s] [ 33%] Built target velodyne_msgs__rosidl_typesupport_fastrtps_c
[2.763s] [ 43%] Built target velodyne_msgs__rosidl_typesupport_introspection_cpp
[2.907s] [ 53%] Built target velodyne_msgs__rosidl_typesupport_introspection_c
[2.916s] [ 64%] Built target velodyne_msgs__rosidl_typesupport_c
[3.053s] [ 74%] Built target velodyne_msgs__rosidl_typesupport_cpp
[3.178s] [ 74%] Built target velodyne_msgs
[3.315s] [ 76%] Built target velodyne_msgs__py
[3.463s] [ 84%] Built target velodyne_msgs__rosidl_generator_py
[3.597s] [ 89%] Built target velodyne_msgs__rosidl_typesupport_fastrtps_c__pyext
[3.735s] [ 94%] Built target velodyne_msgs__rosidl_typesupport_c__pyext
[3.875s] [100%] Built target velodyne_msgs__rosidl_typesupport_introspection_c__pyext
[4.566s] running egg_info
[4.568s] writing velodyne_msgs.egg-info/PKG-INFO
[4.612s] writing dependency_links to velodyne_msgs.egg-info/dependency_links.txt
[4.613s] writing top-level names to velodyne_msgs.egg-info/top_level.txt
[4.624s] reading manifest file 'velodyne_msgs.egg-info/SOURCES.txt'
[4.627s] writing manifest file 'velodyne_msgs.egg-info/SOURCES.txt'
[4.842s] [100%] Built target ament_cmake_python_build_velodyne_msgs_egg
[4.917s] Invoked command in '/home/pi/Desktop/scrap_ws/build/velodyne_msgs' returned '0': CMAKE_PREFIX_PATH=${CMAKE_PREFIX_PATH}:/home/pi/Desktop/scrap_ws/install/scrap_pkg:/opt/ros/humble /usr/bin/cmake --build /home/pi/Desktop/scrap_ws/build/velodyne_msgs -- -j4 -l4
[6.271s] Invoking command in '/home/pi/Desktop/scrap_ws/build/velodyne_msgs': CMAKE_PREFIX_PATH=${CMAKE_PREFIX_PATH}:/home/pi/Desktop/scrap_ws/install/scrap_pkg:/opt/ros/humble /usr/bin/cmake --install /home/pi/Desktop/scrap_ws/build/velodyne_msgs
[6.352s] -- Install configuration: ""
[6.355s] -- Execute custom install script
[6.356s] -- Up-to-date symlink: /home/pi/Desktop/scrap_ws/install/velodyne_msgs/share/ament_index/resource_index/rosidl_interfaces/velodyne_msgs
[6.360s] -- Up-to-date symlink: /home/pi/Desktop/scrap_ws/install/velodyne_msgs/include/velodyne_msgs/velodyne_msgs/msg/detail/velodyne_packet__functions.h
[6.361s] -- Up-to-date symlink: /home/pi/Desktop/scrap_ws/install/velodyne_msgs/include/velodyne_msgs/velodyne_msgs/msg/detail/velodyne_packet__struct.h
[6.363s] -- Up-to-date symlink: /home/pi/Desktop/scrap_ws/install/velodyne_msgs/include/velodyne_msgs/velodyne_msgs/msg/detail/velodyne_packet__type_support.h
[6.364s] -- Up-to-date symlink: /home/pi/Desktop/scrap_ws/install/velodyne_msgs/include/velodyne_msgs/velodyne_msgs/msg/detail/velodyne_scan__functions.h
[6.365s] -- Up-to-date symlink: /home/pi/Desktop/scrap_ws/install/velodyne_msgs/include/velodyne_msgs/velodyne_msgs/msg/detail/velodyne_scan__struct.h
[6.367s] -- Up-to-date symlink: /home/pi/Desktop/scrap_ws/install/velodyne_msgs/include/velodyne_msgs/velodyne_msgs/msg/detail/velodyne_scan__type_support.h
[6.368s] -- Up-to-date symlink: /home/pi/Desktop/scrap_ws/install/velodyne_msgs/include/velodyne_msgs/velodyne_msgs/msg/rosidl_generator_c__visibility_control.h
[6.369s] -- Up-to-date symlink: /home/pi/Desktop/scrap_ws/install/velodyne_msgs/include/velodyne_msgs/velodyne_msgs/msg/velodyne_packet.h
[6.371s] -- Up-to-date symlink: /home/pi/Desktop/scrap_ws/install/velodyne_msgs/include/velodyne_msgs/velodyne_msgs/msg/velodyne_scan.h
[6.371s] -- Up-to-date symlink: /home/pi/Desktop/scrap_ws/install/velodyne_msgs/share/velodyne_msgs/environment/library_path.sh
[6.373s] -- Up-to-date symlink: /home/pi/Desktop/scrap_ws/install/velodyne_msgs/share/velodyne_msgs/environment/library_path.dsv
[6.377s] -- Up-to-date symlink: /home/pi/Desktop/scrap_ws/install/velodyne_msgs/include/velodyne_msgs/velodyne_msgs/msg/detail/velodyne_packet__rosidl_typesupport_fastrtps_c.h
[6.379s] -- Up-to-date symlink: /home/pi/Desktop/scrap_ws/install/velodyne_msgs/include/velodyne_msgs/velodyne_msgs/msg/detail/velodyne_scan__rosidl_typesupport_fastrtps_c.h
[6.380s] -- Up-to-date symlink: /home/pi/Desktop/scrap_ws/install/velodyne_msgs/include/velodyne_msgs/velodyne_msgs/msg/rosidl_typesupport_fastrtps_c__visibility_control.h
[6.390s] -- Up-to-date symlink: /home/pi/Desktop/scrap_ws/install/velodyne_msgs/include/velodyne_msgs/velodyne_msgs/msg/detail/velodyne_packet__builder.hpp
[6.391s] -- Up-to-date symlink: /home/pi/Desktop/scrap_ws/install/velodyne_msgs/include/velodyne_msgs/velodyne_msgs/msg/detail/velodyne_packet__struct.hpp
[6.393s] -- Up-to-date symlink: /home/pi/Desktop/scrap_ws/install/velodyne_msgs/include/velodyne_msgs/velodyne_msgs/msg/detail/velodyne_packet__traits.hpp
[6.394s] -- Up-to-date symlink: /home/pi/Desktop/scrap_ws/install/velodyne_msgs/include/velodyne_msgs/velodyne_msgs/msg/detail/velodyne_scan__builder.hpp
[6.395s] -- Up-to-date symlink: /home/pi/Desktop/scrap_ws/install/velodyne_msgs/include/velodyne_msgs/velodyne_msgs/msg/detail/velodyne_scan__struct.hpp
[6.397s] -- Up-to-date symlink: /home/pi/Desktop/scrap_ws/install/velodyne_msgs/include/velodyne_msgs/velodyne_msgs/msg/detail/velodyne_scan__traits.hpp
[6.398s] -- Up-to-date symlink: /home/pi/Desktop/scrap_ws/install/velodyne_msgs/include/velodyne_msgs/velodyne_msgs/msg/velodyne_packet.hpp
[6.400s] -- Up-to-date symlink: /home/pi/Desktop/scrap_ws/install/velodyne_msgs/include/velodyne_msgs/velodyne_msgs/msg/velodyne_scan.hpp
[6.405s] -- Up-to-date symlink: /home/pi/Desktop/scrap_ws/install/velodyne_msgs/include/velodyne_msgs/velodyne_msgs/msg/detail/velodyne_packet__rosidl_typesupport_fastrtps_cpp.hpp
[6.406s] -- Up-to-date symlink: /home/pi/Desktop/scrap_ws/install/velodyne_msgs/include/velodyne_msgs/velodyne_msgs/msg/detail/velodyne_scan__rosidl_typesupport_fastrtps_cpp.hpp
[6.407s] -- Up-to-date symlink: /home/pi/Desktop/scrap_ws/install/velodyne_msgs/include/velodyne_msgs/velodyne_msgs/msg/rosidl_typesupport_fastrtps_cpp__visibility_control.h
[6.410s] -- Up-to-date symlink: /home/pi/Desktop/scrap_ws/install/velodyne_msgs/include/velodyne_msgs/velodyne_msgs/msg/detail/velodyne_packet__rosidl_typesupport_introspection_c.h
[6.412s] -- Up-to-date symlink: /home/pi/Desktop/scrap_ws/install/velodyne_msgs/include/velodyne_msgs/velodyne_msgs/msg/detail/velodyne_scan__rosidl_typesupport_introspection_c.h
[6.414s] -- Up-to-date symlink: /home/pi/Desktop/scrap_ws/install/velodyne_msgs/include/velodyne_msgs/velodyne_msgs/msg/rosidl_typesupport_introspection_c__visibility_control.h
[6.423s] -- Up-to-date symlink: /home/pi/Desktop/scrap_ws/install/velodyne_msgs/include/velodyne_msgs/velodyne_msgs/msg/detail/velodyne_packet__rosidl_typesupport_introspection_cpp.hpp
[6.425s] -- Up-to-date symlink: /home/pi/Desktop/scrap_ws/install/velodyne_msgs/include/velodyne_msgs/velodyne_msgs/msg/detail/velodyne_scan__rosidl_typesupport_introspection_cpp.hpp
[6.427s] -- Up-to-date symlink: /home/pi/Desktop/scrap_ws/install/velodyne_msgs/share/velodyne_msgs/environment/pythonpath.sh
[6.428s] -- Up-to-date symlink: /home/pi/Desktop/scrap_ws/install/velodyne_msgs/share/velodyne_msgs/environment/pythonpath.dsv
[6.431s] -- Up-to-date symlink: /home/pi/Desktop/scrap_ws/install/velodyne_msgs/local/lib/python3.10/dist-packages/velodyne_msgs-2.4.0-py3.10.egg-info/PKG-INFO
[6.433s] -- Up-to-date symlink: /home/pi/Desktop/scrap_ws/install/velodyne_msgs/local/lib/python3.10/dist-packages/velodyne_msgs-2.4.0-py3.10.egg-info/SOURCES.txt
[6.434s] -- Up-to-date symlink: /home/pi/Desktop/scrap_ws/install/velodyne_msgs/local/lib/python3.10/dist-packages/velodyne_msgs-2.4.0-py3.10.egg-info/dependency_links.txt
[6.436s] -- Up-to-date symlink: /home/pi/Desktop/scrap_ws/install/velodyne_msgs/local/lib/python3.10/dist-packages/velodyne_msgs-2.4.0-py3.10.egg-info/top_level.txt
[6.442s] -- Up-to-date symlink: /home/pi/Desktop/scrap_ws/install/velodyne_msgs/local/lib/python3.10/dist-packages/velodyne_msgs/__init__.py
[6.443s] -- Up-to-date symlink: /home/pi/Desktop/scrap_ws/install/velodyne_msgs/local/lib/python3.10/dist-packages/velodyne_msgs/_velodyne_msgs_s.ep.rosidl_typesupport_c.c
[6.444s] -- Up-to-date symlink: /home/pi/Desktop/scrap_ws/install/velodyne_msgs/local/lib/python3.10/dist-packages/velodyne_msgs/_velodyne_msgs_s.ep.rosidl_typesupport_fastrtps_c.c
[6.445s] -- Up-to-date symlink: /home/pi/Desktop/scrap_ws/install/velodyne_msgs/local/lib/python3.10/dist-packages/velodyne_msgs/_velodyne_msgs_s.ep.rosidl_typesupport_introspection_c.c
[6.447s] -- Up-to-date symlink: /home/pi/Desktop/scrap_ws/install/velodyne_msgs/local/lib/python3.10/dist-packages/velodyne_msgs/libvelodyne_msgs__rosidl_generator_py.so
[6.448s] -- Up-to-date symlink: /home/pi/Desktop/scrap_ws/install/velodyne_msgs/local/lib/python3.10/dist-packages/velodyne_msgs/msg/__init__.py
[6.449s] -- Up-to-date symlink: /home/pi/Desktop/scrap_ws/install/velodyne_msgs/local/lib/python3.10/dist-packages/velodyne_msgs/msg/_velodyne_packet.py
[6.451s] -- Up-to-date symlink: /home/pi/Desktop/scrap_ws/install/velodyne_msgs/local/lib/python3.10/dist-packages/velodyne_msgs/msg/_velodyne_packet_s.c
[6.454s] -- Up-to-date symlink: /home/pi/Desktop/scrap_ws/install/velodyne_msgs/local/lib/python3.10/dist-packages/velodyne_msgs/msg/_velodyne_scan.py
[6.455s] -- Up-to-date symlink: /home/pi/Desktop/scrap_ws/install/velodyne_msgs/local/lib/python3.10/dist-packages/velodyne_msgs/msg/_velodyne_scan_s.c
[6.458s] -- Up-to-date symlink: /home/pi/Desktop/scrap_ws/install/velodyne_msgs/local/lib/python3.10/dist-packages/velodyne_msgs/velodyne_msgs_s__rosidl_typesupport_c.cpython-310-aarch64-linux-gnu.so
[6.459s] -- Up-to-date symlink: /home/pi/Desktop/scrap_ws/install/velodyne_msgs/local/lib/python3.10/dist-packages/velodyne_msgs/velodyne_msgs_s__rosidl_typesupport_fastrtps_c.cpython-310-aarch64-linux-gnu.so
[6.460s] -- Up-to-date symlink: /home/pi/Desktop/scrap_ws/install/velodyne_msgs/local/lib/python3.10/dist-packages/velodyne_msgs/velodyne_msgs_s__rosidl_typesupport_introspection_c.cpython-310-aarch64-linux-gnu.so
[6.462s] -- Up-to-date symlink: /home/pi/Desktop/scrap_ws/install/velodyne_msgs/local/lib/python3.10/dist-packages/velodyne_msgs/velodyne_msgs_s__rosidl_typesupport_fastrtps_c.cpython-310-aarch64-linux-gnu.so
[6.464s] -- Up-to-date symlink: /home/pi/Desktop/scrap_ws/install/velodyne_msgs/local/lib/python3.10/dist-packages/velodyne_msgs/velodyne_msgs_s__rosidl_typesupport_introspection_c.cpython-310-aarch64-linux-gnu.so
[6.466s] -- Up-to-date symlink: /home/pi/Desktop/scrap_ws/install/velodyne_msgs/local/lib/python3.10/dist-packages/velodyne_msgs/velodyne_msgs_s__rosidl_typesupport_c.cpython-310-aarch64-linux-gnu.so
[6.468s] -- Up-to-date symlink: /home/pi/Desktop/scrap_ws/install/velodyne_msgs/share/velodyne_msgs/msg/VelodynePacket.idl
[6.469s] -- Up-to-date symlink: /home/pi/Desktop/scrap_ws/install/velodyne_msgs/share/velodyne_msgs/msg/VelodyneScan.idl
[6.471s] -- Up-to-date symlink: /home/pi/Desktop/scrap_ws/install/velodyne_msgs/share/velodyne_msgs/msg/VelodynePacket.msg
[6.473s] -- Up-to-date symlink: /home/pi/Desktop/scrap_ws/install/velodyne_msgs/share/velodyne_msgs/msg/VelodyneScan.msg
[6.476s] -- Up-to-date symlink: /home/pi/Desktop/scrap_ws/install/velodyne_msgs/share/ament_index/resource_index/package_run_dependencies/velodyne_msgs
[6.477s] -- Up-to-date symlink: /home/pi/Desktop/scrap_ws/install/velodyne_msgs/share/ament_index/resource_index/parent_prefix_path/velodyne_msgs
[6.485s] -- Up-to-date symlink: /home/pi/Desktop/scrap_ws/install/velodyne_msgs/share/velodyne_msgs/environment/ament_prefix_path.sh
[6.487s] -- Up-to-date symlink: /home/pi/Desktop/scrap_ws/install/velodyne_msgs/share/velodyne_msgs/environment/ament_prefix_path.dsv
[6.488s] -- Up-to-date symlink: /home/pi/Desktop/scrap_ws/install/velodyne_msgs/share/velodyne_msgs/environment/path.sh
[6.489s] -- Up-to-date symlink: /home/pi/Desktop/scrap_ws/install/velodyne_msgs/share/velodyne_msgs/environment/path.dsv
[6.489s] -- Up-to-date symlink: /home/pi/Desktop/scrap_ws/install/velodyne_msgs/share/velodyne_msgs/local_setup.bash
[6.490s] -- Up-to-date symlink: /home/pi/Desktop/scrap_ws/install/velodyne_msgs/share/velodyne_msgs/local_setup.sh
[6.491s] -- Up-to-date symlink: /home/pi/Desktop/scrap_ws/install/velodyne_msgs/share/velodyne_msgs/local_setup.zsh
[6.492s] -- Up-to-date symlink: /home/pi/Desktop/scrap_ws/install/velodyne_msgs/share/velodyne_msgs/local_setup.dsv
[6.493s] -- Symlinking: /home/pi/Desktop/scrap_ws/install/velodyne_msgs/share/velodyne_msgs/package.dsv
[6.544s] -- Up-to-date symlink: /home/pi/Desktop/scrap_ws/install/velodyne_msgs/share/ament_index/resource_index/packages/velodyne_msgs
[6.547s] -- Up-to-date symlink: /home/pi/Desktop/scrap_ws/install/velodyne_msgs/share/velodyne_msgs/cmake/rosidl_cmake-extras.cmake
[6.549s] -- Up-to-date symlink: /home/pi/Desktop/scrap_ws/install/velodyne_msgs/share/velodyne_msgs/cmake/ament_cmake_export_dependencies-extras.cmake
[6.551s] -- Up-to-date symlink: /home/pi/Desktop/scrap_ws/install/velodyne_msgs/share/velodyne_msgs/cmake/ament_cmake_export_include_directories-extras.cmake
[6.553s] -- Up-to-date symlink: /home/pi/Desktop/scrap_ws/install/velodyne_msgs/share/velodyne_msgs/cmake/ament_cmake_export_libraries-extras.cmake
[6.555s] -- Up-to-date symlink: /home/pi/Desktop/scrap_ws/install/velodyne_msgs/share/velodyne_msgs/cmake/ament_cmake_export_targets-extras.cmake
[6.557s] -- Up-to-date symlink: /home/pi/Desktop/scrap_ws/install/velodyne_msgs/share/velodyne_msgs/cmake/rosidl_cmake_export_typesupport_targets-extras.cmake
[6.559s] -- Up-to-date symlink: /home/pi/Desktop/scrap_ws/install/velodyne_msgs/share/velodyne_msgs/cmake/rosidl_cmake_export_typesupport_libraries-extras.cmake
[6.561s] -- Up-to-date symlink: /home/pi/Desktop/scrap_ws/install/velodyne_msgs/share/velodyne_msgs/cmake/velodyne_msgsConfig.cmake
[6.563s] -- Up-to-date symlink: /home/pi/Desktop/scrap_ws/install/velodyne_msgs/share/velodyne_msgs/cmake/velodyne_msgsConfig-version.cmake
[6.565s] -- Up-to-date symlink: /home/pi/Desktop/scrap_ws/install/velodyne_msgs/share/velodyne_msgs/package.xml
[6.571s] -- Up-to-date: /home/pi/Desktop/scrap_ws/install/velodyne_msgs/lib/libvelodyne_msgs__rosidl_generator_c.so
[6.572s] -- Up-to-date: /home/pi/Desktop/scrap_ws/install/velodyne_msgs/lib/libvelodyne_msgs__rosidl_typesupport_fastrtps_c.so
[6.573s] -- Up-to-date: /home/pi/Desktop/scrap_ws/install/velodyne_msgs/lib/libvelodyne_msgs__rosidl_typesupport_fastrtps_cpp.so
[6.573s] -- Up-to-date: /home/pi/Desktop/scrap_ws/install/velodyne_msgs/lib/libvelodyne_msgs__rosidl_typesupport_introspection_c.so
[6.582s] -- Up-to-date: /home/pi/Desktop/scrap_ws/install/velodyne_msgs/lib/libvelodyne_msgs__rosidl_typesupport_c.so
[6.583s] -- Up-to-date: /home/pi/Desktop/scrap_ws/install/velodyne_msgs/lib/libvelodyne_msgs__rosidl_typesupport_introspection_cpp.so
[6.583s] -- Up-to-date: /home/pi/Desktop/scrap_ws/install/velodyne_msgs/lib/libvelodyne_msgs__rosidl_typesupport_cpp.so
[6.762s] Listing '/home/pi/Desktop/scrap_ws/install/velodyne_msgs/local/lib/python3.10/dist-packages/velodyne_msgs'...
[6.763s] Listing '/home/pi/Desktop/scrap_ws/install/velodyne_msgs/local/lib/python3.10/dist-packages/velodyne_msgs/msg'...
[6.795s] -- Up-to-date: /home/pi/Desktop/scrap_ws/install/velodyne_msgs/lib/libvelodyne_msgs__rosidl_generator_py.so
[6.796s] -- Up-to-date: /home/pi/Desktop/scrap_ws/install/velodyne_msgs/share/velodyne_msgs/cmake/export_velodyne_msgs__rosidl_generator_cExport.cmake
[6.797s] -- Up-to-date: /home/pi/Desktop/scrap_ws/install/velodyne_msgs/share/velodyne_msgs/cmake/export_velodyne_msgs__rosidl_generator_cExport-noconfig.cmake
[6.798s] -- Up-to-date: /home/pi/Desktop/scrap_ws/install/velodyne_msgs/share/velodyne_msgs/cmake/export_velodyne_msgs__rosidl_typesupport_fastrtps_cExport.cmake
[6.799s] -- Up-to-date: /home/pi/Desktop/scrap_ws/install/velodyne_msgs/share/velodyne_msgs/cmake/export_velodyne_msgs__rosidl_typesupport_fastrtps_cExport-noconfig.cmake
[6.800s] -- Up-to-date: /home/pi/Desktop/scrap_ws/install/velodyne_msgs/share/velodyne_msgs/cmake/export_velodyne_msgs__rosidl_generator_cppExport.cmake
[6.805s] -- Up-to-date: /home/pi/Desktop/scrap_ws/install/velodyne_msgs/share/velodyne_msgs/cmake/export_velodyne_msgs__rosidl_typesupport_fastrtps_cppExport.cmake
[6.806s] -- Up-to-date: /home/pi/Desktop/scrap_ws/install/velodyne_msgs/share/velodyne_msgs/cmake/export_velodyne_msgs__rosidl_typesupport_fastrtps_cppExport-noconfig.cmake
[6.807s] -- Up-to-date: /home/pi/Desktop/scrap_ws/install/velodyne_msgs/share/velodyne_msgs/cmake/velodyne_msgs__rosidl_typesupport_introspection_cExport.cmake
[6.808s] -- Up-to-date: /home/pi/Desktop/scrap_ws/install/velodyne_msgs/share/velodyne_msgs/cmake/velodyne_msgs__rosidl_typesupport_introspection_cExport-noconfig.cmake
[6.809s] -- Up-to-date: /home/pi/Desktop/scrap_ws/install/velodyne_msgs/share/velodyne_msgs/cmake/velodyne_msgs__rosidl_typesupport_cExport.cmake
[6.811s] -- Up-to-date: /home/pi/Desktop/scrap_ws/install/velodyne_msgs/share/velodyne_msgs/cmake/velodyne_msgs__rosidl_typesupport_cExport-noconfig.cmake
[6.812s] -- Up-to-date: /home/pi/Desktop/scrap_ws/install/velodyne_msgs/share/velodyne_msgs/cmake/velodyne_msgs__rosidl_typesupport_introspection_cppExport.cmake
[6.812s] -- Up-to-date: /home/pi/Desktop/scrap_ws/install/velodyne_msgs/share/velodyne_msgs/cmake/velodyne_msgs__rosidl_typesupport_introspection_cppExport-noconfig.cmake
[6.813s] -- Up-to-date: /home/pi/Desktop/scrap_ws/install/velodyne_msgs/share/velodyne_msgs/cmake/velodyne_msgs__rosidl_typesupport_cppExport.cmake
[6.814s] -- Up-to-date: /home/pi/Desktop/scrap_ws/install/velodyne_msgs/share/velodyne_msgs/cmake/velodyne_msgs__rosidl_typesupport_cppExport-noconfig.cmake
[6.815s] -- Up-to-date: /home/pi/Desktop/scrap_ws/install/velodyne_msgs/share/velodyne_msgs/cmake/export_velodyne_msgs__rosidl_generator_pyExport.cmake
[6.816s] -- Up-to-date: /home/pi/Desktop/scrap_ws/install/velodyne_msgs/share/velodyne_msgs/cmake/export_velodyne_msgs__rosidl_generator_pyExport-noconfig.cmake
[8.628s] Invoked command in '/home/pi/Desktop/scrap_ws/build/velodyne_msgs' returned '0': CMAKE_PREFIX_PATH=${CMAKE_PREFIX_PATH}:/home/pi/Desktop/scrap_ws/install/scrap_pkg:/opt/ros/humble /usr/bin/cmake --install /home/pi/Desktop/scrap_ws/build/velodyne_msgs
