[0.407s] Invoking command in '/home/pi/Desktop/scrap_ws/build/velodyne': AMENT_PREFIX_PATH=/home/pi/Desktop/scrap_ws/install/velodyne_pointcloud:/home/pi/Desktop/scrap_ws/install/velodyne_driver:/home/pi/Desktop/scrap_ws/install/velodyne_msgs:/home/pi/Desktop/scrap_ws/install/velodyne_laserscan:${AMENT_PREFIX_PATH} CMAKE_PREFIX_PATH=/home/pi/Desktop/scrap_ws/install/velodyne_pointcloud:/home/pi/Desktop/scrap_ws/install/velodyne_driver:/home/pi/Desktop/scrap_ws/install/velodyne_msgs:/home/pi/Desktop/scrap_ws/install/velodyne_laserscan:/opt/ros/humble LD_LIBRARY_PATH=/home/pi/Desktop/scrap_ws/install/velodyne_pointcloud/lib:/home/pi/Desktop/scrap_ws/install/velodyne_driver/lib:/home/pi/Desktop/scrap_ws/install/velodyne_msgs/lib:/home/pi/Desktop/scrap_ws/install/velodyne_laserscan/lib:${LD_LIBRARY_PATH} PYTHONPATH=/home/pi/Desktop/scrap_ws/install/velodyne_msgs/local/lib/python3.10/dist-packages:${PYTHONPATH} /usr/bin/cmake --build /home/pi/Desktop/scrap_ws/build/velodyne -- -j4 -l4
[0.650s] Invoked command in '/home/pi/Desktop/scrap_ws/build/velodyne' returned '0': AMENT_PREFIX_PATH=/home/pi/Desktop/scrap_ws/install/velodyne_pointcloud:/home/pi/Desktop/scrap_ws/install/velodyne_driver:/home/pi/Desktop/scrap_ws/install/velodyne_msgs:/home/pi/Desktop/scrap_ws/install/velodyne_laserscan:${AMENT_PREFIX_PATH} CMAKE_PREFIX_PATH=/home/pi/Desktop/scrap_ws/install/velodyne_pointcloud:/home/pi/Desktop/scrap_ws/install/velodyne_driver:/home/pi/Desktop/scrap_ws/install/velodyne_msgs:/home/pi/Desktop/scrap_ws/install/velodyne_laserscan:/opt/ros/humble LD_LIBRARY_PATH=/home/pi/Desktop/scrap_ws/install/velodyne_pointcloud/lib:/home/pi/Desktop/scrap_ws/install/velodyne_driver/lib:/home/pi/Desktop/scrap_ws/install/velodyne_msgs/lib:/home/pi/Desktop/scrap_ws/install/velodyne_laserscan/lib:${LD_LIBRARY_PATH} PYTHONPATH=/home/pi/Desktop/scrap_ws/install/velodyne_msgs/local/lib/python3.10/dist-packages:${PYTHONPATH} /usr/bin/cmake --build /home/pi/Desktop/scrap_ws/build/velodyne -- -j4 -l4
[0.755s] Invoking command in '/home/pi/Desktop/scrap_ws/build/velodyne': AMENT_PREFIX_PATH=/home/pi/Desktop/scrap_ws/install/velodyne_pointcloud:/home/pi/Desktop/scrap_ws/install/velodyne_driver:/home/pi/Desktop/scrap_ws/install/velodyne_msgs:/home/pi/Desktop/scrap_ws/install/velodyne_laserscan:${AMENT_PREFIX_PATH} CMAKE_PREFIX_PATH=/home/pi/Desktop/scrap_ws/install/velodyne_pointcloud:/home/pi/Desktop/scrap_ws/install/velodyne_driver:/home/pi/Desktop/scrap_ws/install/velodyne_msgs:/home/pi/Desktop/scrap_ws/install/velodyne_laserscan:/opt/ros/humble LD_LIBRARY_PATH=/home/pi/Desktop/scrap_ws/install/velodyne_pointcloud/lib:/home/pi/Desktop/scrap_ws/install/velodyne_driver/lib:/home/pi/Desktop/scrap_ws/install/velodyne_msgs/lib:/home/pi/Desktop/scrap_ws/install/velodyne_laserscan/lib:${LD_LIBRARY_PATH} PYTHONPATH=/home/pi/Desktop/scrap_ws/install/velodyne_msgs/local/lib/python3.10/dist-packages:${PYTHONPATH} /usr/bin/cmake --install /home/pi/Desktop/scrap_ws/build/velodyne
[0.805s] -- Install configuration: ""
[0.809s] -- Execute custom install script
[0.822s] -- Up-to-date symlink: /home/pi/Desktop/scrap_ws/install/velodyne/share/velodyne/launch/velodyne-all-nodes-VLP16-composed-launch.py
[0.925s] -- Up-to-date symlink: /home/pi/Desktop/scrap_ws/install/velodyne/share/velodyne/launch/velodyne-all-nodes-VLP16-launch.py
[0.943s] -- Up-to-date symlink: /home/pi/Desktop/scrap_ws/install/velodyne/share/velodyne/launch/velodyne-all-nodes-VLP32C-composed-launch.py
[0.947s] -- Up-to-date symlink: /home/pi/Desktop/scrap_ws/install/velodyne/share/velodyne/launch/velodyne-all-nodes-VLP32C-launch.py
[0.950s] -- Up-to-date symlink: /home/pi/Desktop/scrap_ws/install/velodyne/share/velodyne/launch/velodyne-all-nodes-VLS128-composed-launch.py
[0.954s] -- Up-to-date symlink: /home/pi/Desktop/scrap_ws/install/velodyne/share/velodyne/launch/velodyne-all-nodes-VLS128-launch.py
[0.960s] -- Up-to-date symlink: /home/pi/Desktop/scrap_ws/install/velodyne/share/ament_index/resource_index/package_run_dependencies/velodyne
[0.965s] -- Up-to-date symlink: /home/pi/Desktop/scrap_ws/install/velodyne/share/ament_index/resource_index/parent_prefix_path/velodyne
[0.969s] -- Up-to-date symlink: /home/pi/Desktop/scrap_ws/install/velodyne/share/velodyne/environment/ament_prefix_path.sh
[0.972s] -- Up-to-date symlink: /home/pi/Desktop/scrap_ws/install/velodyne/share/velodyne/environment/ament_prefix_path.dsv
[0.974s] -- Up-to-date symlink: /home/pi/Desktop/scrap_ws/install/velodyne/share/velodyne/environment/path.sh
[0.977s] -- Up-to-date symlink: /home/pi/Desktop/scrap_ws/install/velodyne/share/velodyne/environment/path.dsv
[0.980s] -- Up-to-date symlink: /home/pi/Desktop/scrap_ws/install/velodyne/share/velodyne/local_setup.bash
[0.983s] -- Up-to-date symlink: /home/pi/Desktop/scrap_ws/install/velodyne/share/velodyne/local_setup.sh
[0.985s] -- Up-to-date symlink: /home/pi/Desktop/scrap_ws/install/velodyne/share/velodyne/local_setup.zsh
[0.988s] -- Up-to-date symlink: /home/pi/Desktop/scrap_ws/install/velodyne/share/velodyne/local_setup.dsv
[0.989s] -- Symlinking: /home/pi/Desktop/scrap_ws/install/velodyne/share/velodyne/package.dsv
[1.035s] -- Up-to-date symlink: /home/pi/Desktop/scrap_ws/install/velodyne/share/ament_index/resource_index/packages/velodyne
[1.039s] -- Up-to-date symlink: /home/pi/Desktop/scrap_ws/install/velodyne/share/velodyne/cmake/velodyneConfig.cmake
[1.041s] -- Up-to-date symlink: /home/pi/Desktop/scrap_ws/install/velodyne/share/velodyne/cmake/velodyneConfig-version.cmake
[1.043s] -- Up-to-date symlink: /home/pi/Desktop/scrap_ws/install/velodyne/share/velodyne/package.xml
[1.052s] Invoked command in '/home/pi/Desktop/scrap_ws/build/velodyne' returned '0': AMENT_PREFIX_PATH=/home/pi/Desktop/scrap_ws/install/velodyne_pointcloud:/home/pi/Desktop/scrap_ws/install/velodyne_driver:/home/pi/Desktop/scrap_ws/install/velodyne_msgs:/home/pi/Desktop/scrap_ws/install/velodyne_laserscan:${AMENT_PREFIX_PATH} CMAKE_PREFIX_PATH=/home/pi/Desktop/scrap_ws/install/velodyne_pointcloud:/home/pi/Desktop/scrap_ws/install/velodyne_driver:/home/pi/Desktop/scrap_ws/install/velodyne_msgs:/home/pi/Desktop/scrap_ws/install/velodyne_laserscan:/opt/ros/humble LD_LIBRARY_PATH=/home/pi/Desktop/scrap_ws/install/velodyne_pointcloud/lib:/home/pi/Desktop/scrap_ws/install/velodyne_driver/lib:/home/pi/Desktop/scrap_ws/install/velodyne_msgs/lib:/home/pi/Desktop/scrap_ws/install/velodyne_laserscan/lib:${LD_LIBRARY_PATH} PYTHONPATH=/home/pi/Desktop/scrap_ws/install/velodyne_msgs/local/lib/python3.10/dist-packages:${PYTHONPATH} /usr/bin/cmake --install /home/pi/Desktop/scrap_ws/build/velodyne
