[0.669s] Invoking command in '/home/pi/Desktop/scrap_ws/build/diffdrive_arduino': CMAKE_PREFIX_PATH=/opt/ros/humble /usr/bin/cmake --build /home/pi/Desktop/scrap_ws/build/diffdrive_arduino -- -j4 -l4
[1.179s] [100%] Built target diffdrive_arduino
[3.098s] Invoked command in '/home/pi/Desktop/scrap_ws/build/diffdrive_arduino' returned '0': CMAKE_PREFIX_PATH=/opt/ros/humble /usr/bin/cmake --build /home/pi/Desktop/scrap_ws/build/diffdrive_arduino -- -j4 -l4
[3.323s] Invoking command in '/home/pi/Desktop/scrap_ws/build/diffdrive_arduino': CMAKE_PREFIX_PATH=/opt/ros/humble /usr/bin/cmake --install /home/pi/Desktop/scrap_ws/build/diffdrive_arduino
[3.356s] -- Install configuration: ""
[3.358s] -- Execute custom install script
[3.360s] -- Up-to-date symlink: /home/pi/Desktop/scrap_ws/install/diffdrive_arduino/share/diffdrive_arduino//diffdrive_arduino.xml
[3.364s] -- Up-to-date symlink: /home/pi/Desktop/scrap_ws/install/diffdrive_arduino/include/diffdrive_arduino/diffdrive_arduino/arduino_comms.hpp
[3.365s] -- Up-to-date symlink: /home/pi/Desktop/scrap_ws/install/diffdrive_arduino/include/diffdrive_arduino/diffdrive_arduino/diffbot_system.hpp
[3.366s] -- Up-to-date symlink: /home/pi/Desktop/scrap_ws/install/diffdrive_arduino/include/diffdrive_arduino/diffdrive_arduino/motor_controller.hpp
[3.368s] -- Up-to-date symlink: /home/pi/Desktop/scrap_ws/install/diffdrive_arduino/include/diffdrive_arduino/diffdrive_arduino/visibility_control.h
[3.369s] -- Up-to-date symlink: /home/pi/Desktop/scrap_ws/install/diffdrive_arduino/include/diffdrive_arduino/diffdrive_arduino/wheel.hpp
[3.371s] -- Up-to-date symlink: /home/pi/Desktop/scrap_ws/install/diffdrive_arduino/share/diffdrive_arduino/launch/view_robot.launch.py
[3.374s] -- Up-to-date symlink: /home/pi/Desktop/scrap_ws/install/diffdrive_arduino/share/diffdrive_arduino/ros2_control/diffbot.ros2_control.xacro
[3.376s] -- Up-to-date symlink: /home/pi/Desktop/scrap_ws/install/diffdrive_arduino/share/diffdrive_arduino/urdf/diffbot.materials.xacro
[3.377s] -- Up-to-date symlink: /home/pi/Desktop/scrap_ws/install/diffdrive_arduino/share/diffdrive_arduino/urdf/diffbot.urdf.xacro
[3.378s] -- Up-to-date symlink: /home/pi/Desktop/scrap_ws/install/diffdrive_arduino/share/diffdrive_arduino/urdf/diffbot_description.urdf.xacro
[3.380s] -- Up-to-date symlink: /home/pi/Desktop/scrap_ws/install/diffdrive_arduino/share/diffdrive_arduino/rviz/diffbot.rviz
[3.381s] -- Up-to-date symlink: /home/pi/Desktop/scrap_ws/install/diffdrive_arduino/share/diffdrive_arduino/rviz/diffbot_view.rviz
[3.383s] -- Up-to-date symlink: /home/pi/Desktop/scrap_ws/install/diffdrive_arduino/share/diffdrive_arduino/launch/diffbot.launch.py
[3.385s] -- Up-to-date symlink: /home/pi/Desktop/scrap_ws/install/diffdrive_arduino/share/diffdrive_arduino/config/diffbot_controllers.yaml
[3.387s] -- Up-to-date symlink: /home/pi/Desktop/scrap_ws/install/diffdrive_arduino/share/diffdrive_arduino/environment/library_path.sh
[3.388s] -- Up-to-date symlink: /home/pi/Desktop/scrap_ws/install/diffdrive_arduino/share/diffdrive_arduino/environment/library_path.dsv
[3.390s] -- Up-to-date symlink: /home/pi/Desktop/scrap_ws/install/diffdrive_arduino/share/ament_index/resource_index/package_run_dependencies/diffdrive_arduino
[3.393s] -- Up-to-date symlink: /home/pi/Desktop/scrap_ws/install/diffdrive_arduino/share/ament_index/resource_index/parent_prefix_path/diffdrive_arduino
[3.397s] -- Up-to-date symlink: /home/pi/Desktop/scrap_ws/install/diffdrive_arduino/share/diffdrive_arduino/environment/ament_prefix_path.sh
[3.399s] -- Up-to-date symlink: /home/pi/Desktop/scrap_ws/install/diffdrive_arduino/share/diffdrive_arduino/environment/ament_prefix_path.dsv
[3.404s] -- Up-to-date symlink: /home/pi/Desktop/scrap_ws/install/diffdrive_arduino/share/diffdrive_arduino/environment/path.sh
[3.407s] -- Up-to-date symlink: /home/pi/Desktop/scrap_ws/install/diffdrive_arduino/share/diffdrive_arduino/environment/path.dsv
[3.408s] -- Up-to-date symlink: /home/pi/Desktop/scrap_ws/install/diffdrive_arduino/share/diffdrive_arduino/local_setup.bash
[3.409s] -- Up-to-date symlink: /home/pi/Desktop/scrap_ws/install/diffdrive_arduino/share/diffdrive_arduino/local_setup.sh
[3.410s] -- Up-to-date symlink: /home/pi/Desktop/scrap_ws/install/diffdrive_arduino/share/diffdrive_arduino/local_setup.zsh
[3.413s] -- Up-to-date symlink: /home/pi/Desktop/scrap_ws/install/diffdrive_arduino/share/diffdrive_arduino/local_setup.dsv
[3.414s] -- Symlinking: /home/pi/Desktop/scrap_ws/install/diffdrive_arduino/share/diffdrive_arduino/package.dsv
[3.445s] -- Up-to-date symlink: /home/pi/Desktop/scrap_ws/install/diffdrive_arduino/share/ament_index/resource_index/packages/diffdrive_arduino
[3.447s] -- Up-to-date symlink: /home/pi/Desktop/scrap_ws/install/diffdrive_arduino/share/ament_index/resource_index/hardware_interface__pluginlib__plugin/diffdrive_arduino
[3.449s] -- Up-to-date symlink: /home/pi/Desktop/scrap_ws/install/diffdrive_arduino/share/diffdrive_arduino/cmake/ament_cmake_export_targets-extras.cmake
[3.450s] -- Up-to-date symlink: /home/pi/Desktop/scrap_ws/install/diffdrive_arduino/share/diffdrive_arduino/cmake/ament_cmake_export_dependencies-extras.cmake
[3.451s] -- Up-to-date symlink: /home/pi/Desktop/scrap_ws/install/diffdrive_arduino/share/diffdrive_arduino/cmake/diffdrive_arduinoConfig.cmake
[3.452s] -- Up-to-date symlink: /home/pi/Desktop/scrap_ws/install/diffdrive_arduino/share/diffdrive_arduino/cmake/diffdrive_arduinoConfig-version.cmake
[3.454s] -- Up-to-date symlink: /home/pi/Desktop/scrap_ws/install/diffdrive_arduino/share/diffdrive_arduino/package.xml
[3.455s] -- Up-to-date: /home/pi/Desktop/scrap_ws/install/diffdrive_arduino/lib/libdiffdrive_arduino.so
[3.458s] -- Up-to-date: /home/pi/Desktop/scrap_ws/install/diffdrive_arduino/share/diffdrive_arduino/cmake/export_diffdrive_arduinoExport.cmake
[3.459s] -- Up-to-date: /home/pi/Desktop/scrap_ws/install/diffdrive_arduino/share/diffdrive_arduino/cmake/export_diffdrive_arduinoExport-noconfig.cmake
[3.477s] Invoked command in '/home/pi/Desktop/scrap_ws/build/diffdrive_arduino' returned '0': CMAKE_PREFIX_PATH=/opt/ros/humble /usr/bin/cmake --install /home/pi/Desktop/scrap_ws/build/diffdrive_arduino
