[0.913s] Invoking command in '/home/pi/Desktop/scrap_ws/build/velodyne_laserscan': CMAKE_PREFIX_PATH=/opt/ros/humble /usr/bin/cmake --build /home/pi/Desktop/scrap_ws/build/velodyne_laserscan -- -j4 -l4
[1.314s] [ 50%] Built target velodyne_laserscan
[1.566s] [100%] Built target velodyne_laserscan_node
[3.087s] Invoked command in '/home/pi/Desktop/scrap_ws/build/velodyne_laserscan' returned '0': CMAKE_PREFIX_PATH=/opt/ros/humble /usr/bin/cmake --build /home/pi/Desktop/scrap_ws/build/velodyne_laserscan -- -j4 -l4
[3.320s] Invoking command in '/home/pi/Desktop/scrap_ws/build/velodyne_laserscan': CMAKE_PREFIX_PATH=/opt/ros/humble /usr/bin/cmake --install /home/pi/Desktop/scrap_ws/build/velodyne_laserscan
[3.374s] -- Install configuration: ""
[3.377s] -- Execute custom install script
[3.379s] -- Up-to-date symlink: /home/pi/Desktop/scrap_ws/install/velodyne_laserscan/lib/libvelodyne_laserscan.so
[3.381s] -- Up-to-date symlink: /home/pi/Desktop/scrap_ws/install/velodyne_laserscan/lib/velodyne_laserscan/velodyne_laserscan_node
[3.383s] -- Up-to-date symlink: /home/pi/Desktop/scrap_ws/install/velodyne_laserscan/include/velodyne_laserscan/velodyne_laserscan.hpp
[3.389s] -- Up-to-date symlink: /home/pi/Desktop/scrap_ws/install/velodyne_laserscan/share/velodyne_laserscan/config/default-velodyne_laserscan_node-params.yaml
[3.393s] -- Up-to-date symlink: /home/pi/Desktop/scrap_ws/install/velodyne_laserscan/share/velodyne_laserscan/launch/velodyne_laserscan_node-composed-launch.py
[3.396s] -- Up-to-date symlink: /home/pi/Desktop/scrap_ws/install/velodyne_laserscan/share/velodyne_laserscan/launch/velodyne_laserscan_node-launch.py
[3.397s] -- Up-to-date symlink: /home/pi/Desktop/scrap_ws/install/velodyne_laserscan/share/ament_index/resource_index/package_run_dependencies/velodyne_laserscan
[3.401s] -- Up-to-date symlink: /home/pi/Desktop/scrap_ws/install/velodyne_laserscan/share/ament_index/resource_index/parent_prefix_path/velodyne_laserscan
[3.402s] -- Up-to-date symlink: /home/pi/Desktop/scrap_ws/install/velodyne_laserscan/share/velodyne_laserscan/environment/ament_prefix_path.sh
[3.406s] -- Up-to-date symlink: /home/pi/Desktop/scrap_ws/install/velodyne_laserscan/share/velodyne_laserscan/environment/ament_prefix_path.dsv
[3.407s] -- Up-to-date symlink: /home/pi/Desktop/scrap_ws/install/velodyne_laserscan/share/velodyne_laserscan/environment/path.sh
[3.411s] -- Up-to-date symlink: /home/pi/Desktop/scrap_ws/install/velodyne_laserscan/share/velodyne_laserscan/environment/path.dsv
[3.412s] -- Up-to-date symlink: /home/pi/Desktop/scrap_ws/install/velodyne_laserscan/share/velodyne_laserscan/local_setup.bash
[3.417s] -- Up-to-date symlink: /home/pi/Desktop/scrap_ws/install/velodyne_laserscan/share/velodyne_laserscan/local_setup.sh
[3.417s] -- Up-to-date symlink: /home/pi/Desktop/scrap_ws/install/velodyne_laserscan/share/velodyne_laserscan/local_setup.zsh
[3.421s] -- Up-to-date symlink: /home/pi/Desktop/scrap_ws/install/velodyne_laserscan/share/velodyne_laserscan/local_setup.dsv
[3.422s] -- Symlinking: /home/pi/Desktop/scrap_ws/install/velodyne_laserscan/share/velodyne_laserscan/package.dsv
[3.451s] -- Up-to-date symlink: /home/pi/Desktop/scrap_ws/install/velodyne_laserscan/share/ament_index/resource_index/packages/velodyne_laserscan
[3.453s] -- Up-to-date symlink: /home/pi/Desktop/scrap_ws/install/velodyne_laserscan/share/ament_index/resource_index/rclcpp_components/velodyne_laserscan
[3.456s] -- Up-to-date symlink: /home/pi/Desktop/scrap_ws/install/velodyne_laserscan/share/velodyne_laserscan/cmake/velodyne_laserscanConfig.cmake
[3.459s] -- Up-to-date symlink: /home/pi/Desktop/scrap_ws/install/velodyne_laserscan/share/velodyne_laserscan/cmake/velodyne_laserscanConfig-version.cmake
[3.462s] -- Up-to-date symlink: /home/pi/Desktop/scrap_ws/install/velodyne_laserscan/share/velodyne_laserscan/package.xml
[3.481s] Invoked command in '/home/pi/Desktop/scrap_ws/build/velodyne_laserscan' returned '0': CMAKE_PREFIX_PATH=/opt/ros/humble /usr/bin/cmake --install /home/pi/Desktop/scrap_ws/build/velodyne_laserscan
