[0.022s] Invoking command in '/home/dayo/Desktop/scrap_ws/build/velodyne_driver': CMAKE_PREFIX_PATH=/home/dayo/Desktop/scrap_ws/install/velodyne_msgs:/home/dayo/Desktop/scrap_ws/install/velodyne:/home/dayo/Desktop/scrap_ws/install/velodyne_pointcloud:/home/dayo/Desktop/scrap_ws/install/velodyne_driver:/home/dayo/Desktop/scrap_ws/install/velodyne_laserscan:/home/dayo/Desktop/scrap_ws/install/scrap_pkg:/home/dayo/Desktop/scrap_ws/install/usb_cam:/opt/ros/iron LD_LIBRARY_PATH=/home/dayo/Desktop/scrap_ws/install/velodyne_msgs/lib:/home/dayo/Desktop/scrap_ws/install/velodyne_pointcloud/lib:/home/dayo/Desktop/scrap_ws/install/velodyne_driver/lib:/home/dayo/Desktop/scrap_ws/install/velodyne_laserscan/lib:/home/dayo/Desktop/scrap_ws/install/usb_cam/lib:/opt/ros/iron/opt/rviz_ogre_vendor/lib:/opt/ros/iron/lib/x86_64-linux-gnu:/opt/ros/iron/lib /usr/bin/cmake --build /home/dayo/Desktop/scrap_ws/build/velodyne_driver -- -j2 -l2
[0.095s] [ 16%] Built target velodyne_input
[0.098s] [ 33%] Built target gtest_main
[0.142s] [ 58%] Built target velodyne_driver
[0.142s] [ 66%] Built target gtest
[0.188s] [ 91%] Built target time_test
[0.190s] [100%] Built target velodyne_driver_node
[0.208s] Invoked command in '/home/dayo/Desktop/scrap_ws/build/velodyne_driver' returned '0': CMAKE_PREFIX_PATH=/home/dayo/Desktop/scrap_ws/install/velodyne_msgs:/home/dayo/Desktop/scrap_ws/install/velodyne:/home/dayo/Desktop/scrap_ws/install/velodyne_pointcloud:/home/dayo/Desktop/scrap_ws/install/velodyne_driver:/home/dayo/Desktop/scrap_ws/install/velodyne_laserscan:/home/dayo/Desktop/scrap_ws/install/scrap_pkg:/home/dayo/Desktop/scrap_ws/install/usb_cam:/opt/ros/iron LD_LIBRARY_PATH=/home/dayo/Desktop/scrap_ws/install/velodyne_msgs/lib:/home/dayo/Desktop/scrap_ws/install/velodyne_pointcloud/lib:/home/dayo/Desktop/scrap_ws/install/velodyne_driver/lib:/home/dayo/Desktop/scrap_ws/install/velodyne_laserscan/lib:/home/dayo/Desktop/scrap_ws/install/usb_cam/lib:/opt/ros/iron/opt/rviz_ogre_vendor/lib:/opt/ros/iron/lib/x86_64-linux-gnu:/opt/ros/iron/lib /usr/bin/cmake --build /home/dayo/Desktop/scrap_ws/build/velodyne_driver -- -j2 -l2
[0.255s] Invoking command in '/home/dayo/Desktop/scrap_ws/build/velodyne_driver': CMAKE_PREFIX_PATH=/home/dayo/Desktop/scrap_ws/install/velodyne_msgs:/home/dayo/Desktop/scrap_ws/install/velodyne:/home/dayo/Desktop/scrap_ws/install/velodyne_pointcloud:/home/dayo/Desktop/scrap_ws/install/velodyne_driver:/home/dayo/Desktop/scrap_ws/install/velodyne_laserscan:/home/dayo/Desktop/scrap_ws/install/scrap_pkg:/home/dayo/Desktop/scrap_ws/install/usb_cam:/opt/ros/iron LD_LIBRARY_PATH=/home/dayo/Desktop/scrap_ws/install/velodyne_msgs/lib:/home/dayo/Desktop/scrap_ws/install/velodyne_pointcloud/lib:/home/dayo/Desktop/scrap_ws/install/velodyne_driver/lib:/home/dayo/Desktop/scrap_ws/install/velodyne_laserscan/lib:/home/dayo/Desktop/scrap_ws/install/usb_cam/lib:/opt/ros/iron/opt/rviz_ogre_vendor/lib:/opt/ros/iron/lib/x86_64-linux-gnu:/opt/ros/iron/lib /usr/bin/cmake --install /home/dayo/Desktop/scrap_ws/build/velodyne_driver
[0.280s] -- Install configuration: ""
[0.286s] -- Up-to-date: /home/dayo/Desktop/scrap_ws/install/velodyne_driver/lib/libvelodyne_driver.so
[0.286s] -- Up-to-date: /home/dayo/Desktop/scrap_ws/install/velodyne_driver/lib/velodyne_driver/velodyne_driver_node
[0.287s] -- Up-to-date: /home/dayo/Desktop/scrap_ws/install/velodyne_driver/include/velodyne_driver
[0.287s] -- Up-to-date: /home/dayo/Desktop/scrap_ws/install/velodyne_driver/include/velodyne_driver/driver.hpp
[0.287s] -- Up-to-date: /home/dayo/Desktop/scrap_ws/install/velodyne_driver/include/velodyne_driver/input.hpp
[0.288s] -- Up-to-date: /home/dayo/Desktop/scrap_ws/install/velodyne_driver/include/velodyne_driver/time_conversion.hpp
[0.288s] -- Up-to-date: /home/dayo/Desktop/scrap_ws/install/velodyne_driver/share/velodyne_driver/config
[0.288s] -- Up-to-date: /home/dayo/Desktop/scrap_ws/install/velodyne_driver/share/velodyne_driver/config/VLP16-velodyne_driver_node-params.yaml
[0.289s] -- Up-to-date: /home/dayo/Desktop/scrap_ws/install/velodyne_driver/share/velodyne_driver/config/VLS128-velodyne_driver_node-params.yaml
[0.289s] -- Up-to-date: /home/dayo/Desktop/scrap_ws/install/velodyne_driver/share/velodyne_driver/config/VLP32C-velodyne_driver_node-params.yaml
[0.290s] -- Up-to-date: /home/dayo/Desktop/scrap_ws/install/velodyne_driver/share/velodyne_driver/launch
[0.290s] -- Up-to-date: /home/dayo/Desktop/scrap_ws/install/velodyne_driver/share/velodyne_driver/launch/velodyne_driver_node-VLP16-launch.py
[0.290s] -- Up-to-date: /home/dayo/Desktop/scrap_ws/install/velodyne_driver/share/velodyne_driver/launch/velodyne_driver_node-VLP32C-composed-launch.py
[0.291s] -- Up-to-date: /home/dayo/Desktop/scrap_ws/install/velodyne_driver/share/velodyne_driver/launch/velodyne_driver_node-VLS128-composed-launch.py
[0.291s] -- Up-to-date: /home/dayo/Desktop/scrap_ws/install/velodyne_driver/share/velodyne_driver/launch/velodyne_driver_node-VLS128-launch.py
[0.291s] -- Up-to-date: /home/dayo/Desktop/scrap_ws/install/velodyne_driver/share/velodyne_driver/launch/velodyne_driver_node-VLP32C-launch.py
[0.291s] -- Up-to-date: /home/dayo/Desktop/scrap_ws/install/velodyne_driver/share/velodyne_driver/launch/velodyne_driver_node-VLP16-composed-launch.py
[0.291s] -- Up-to-date: /home/dayo/Desktop/scrap_ws/install/velodyne_driver/lib/velodyne_driver/vdump
[0.291s] -- Up-to-date: /home/dayo/Desktop/scrap_ws/install/velodyne_driver/share/ament_index/resource_index/package_run_dependencies/velodyne_driver
[0.291s] -- Up-to-date: /home/dayo/Desktop/scrap_ws/install/velodyne_driver/share/ament_index/resource_index/parent_prefix_path/velodyne_driver
[0.291s] -- Up-to-date: /home/dayo/Desktop/scrap_ws/install/velodyne_driver/share/velodyne_driver/environment/ament_prefix_path.sh
[0.291s] -- Up-to-date: /home/dayo/Desktop/scrap_ws/install/velodyne_driver/share/velodyne_driver/environment/ament_prefix_path.dsv
[0.294s] -- Up-to-date: /home/dayo/Desktop/scrap_ws/install/velodyne_driver/share/velodyne_driver/environment/path.sh
[0.295s] -- Up-to-date: /home/dayo/Desktop/scrap_ws/install/velodyne_driver/share/velodyne_driver/environment/path.dsv
[0.295s] -- Up-to-date: /home/dayo/Desktop/scrap_ws/install/velodyne_driver/share/velodyne_driver/local_setup.bash
[0.295s] -- Up-to-date: /home/dayo/Desktop/scrap_ws/install/velodyne_driver/share/velodyne_driver/local_setup.sh
[0.295s] -- Up-to-date: /home/dayo/Desktop/scrap_ws/install/velodyne_driver/share/velodyne_driver/local_setup.zsh
[0.295s] -- Up-to-date: /home/dayo/Desktop/scrap_ws/install/velodyne_driver/share/velodyne_driver/local_setup.dsv
[0.295s] -- Installing: /home/dayo/Desktop/scrap_ws/install/velodyne_driver/share/velodyne_driver/package.dsv
[0.295s] -- Up-to-date: /home/dayo/Desktop/scrap_ws/install/velodyne_driver/share/ament_index/resource_index/packages/velodyne_driver
[0.295s] -- Up-to-date: /home/dayo/Desktop/scrap_ws/install/velodyne_driver/share/ament_index/resource_index/rclcpp_components/velodyne_driver
[0.295s] -- Up-to-date: /home/dayo/Desktop/scrap_ws/install/velodyne_driver/share/velodyne_driver/cmake/velodyne_driverConfig.cmake
[0.295s] -- Up-to-date: /home/dayo/Desktop/scrap_ws/install/velodyne_driver/share/velodyne_driver/cmake/velodyne_driverConfig-version.cmake
[0.295s] -- Up-to-date: /home/dayo/Desktop/scrap_ws/install/velodyne_driver/share/velodyne_driver/package.xml
[0.295s] -- Up-to-date: /home/dayo/Desktop/scrap_ws/install/velodyne_driver/lib/libvelodyne_input.so
[0.295s] Invoked command in '/home/dayo/Desktop/scrap_ws/build/velodyne_driver' returned '0': CMAKE_PREFIX_PATH=/home/dayo/Desktop/scrap_ws/install/velodyne_msgs:/home/dayo/Desktop/scrap_ws/install/velodyne:/home/dayo/Desktop/scrap_ws/install/velodyne_pointcloud:/home/dayo/Desktop/scrap_ws/install/velodyne_driver:/home/dayo/Desktop/scrap_ws/install/velodyne_laserscan:/home/dayo/Desktop/scrap_ws/install/scrap_pkg:/home/dayo/Desktop/scrap_ws/install/usb_cam:/opt/ros/iron LD_LIBRARY_PATH=/home/dayo/Desktop/scrap_ws/install/velodyne_msgs/lib:/home/dayo/Desktop/scrap_ws/install/velodyne_pointcloud/lib:/home/dayo/Desktop/scrap_ws/install/velodyne_driver/lib:/home/dayo/Desktop/scrap_ws/install/velodyne_laserscan/lib:/home/dayo/Desktop/scrap_ws/install/usb_cam/lib:/opt/ros/iron/opt/rviz_ogre_vendor/lib:/opt/ros/iron/lib/x86_64-linux-gnu:/opt/ros/iron/lib /usr/bin/cmake --install /home/dayo/Desktop/scrap_ws/build/velodyne_driver
