[0.350s] Invoking command in '/home/pi/Desktop/scrap_ws/build/velodyne': AMENT_PREFIX_PATH=/home/pi/Desktop/scrap_ws/install/velodyne_pointcloud:/home/pi/Desktop/scrap_ws/install/velodyne_driver:/home/pi/Desktop/scrap_ws/install/velodyne_msgs:/home/pi/Desktop/scrap_ws/install/velodyne_laserscan:${AMENT_PREFIX_PATH} CMAKE_PREFIX_PATH=/home/pi/Desktop/scrap_ws/install/velodyne_pointcloud:/home/pi/Desktop/scrap_ws/install/velodyne_driver:/home/pi/Desktop/scrap_ws/install/velodyne_msgs:/home/pi/Desktop/scrap_ws/install/velodyne_laserscan:/opt/ros/humble LD_LIBRARY_PATH=/home/pi/Desktop/scrap_ws/install/velodyne_pointcloud/lib:/home/pi/Desktop/scrap_ws/install/velodyne_driver/lib:/home/pi/Desktop/scrap_ws/install/velodyne_msgs/lib:/home/pi/Desktop/scrap_ws/install/velodyne_laserscan/lib:${LD_LIBRARY_PATH} PYTHONPATH=/home/pi/Desktop/scrap_ws/install/velodyne_msgs/local/lib/python3.10/dist-packages:${PYTHONPATH} /usr/bin/cmake --build /home/pi/Desktop/scrap_ws/build/velodyne -- -j4 -l4
[0.536s] Invoked command in '/home/pi/Desktop/scrap_ws/build/velodyne' returned '0': AMENT_PREFIX_PATH=/home/pi/Desktop/scrap_ws/install/velodyne_pointcloud:/home/pi/Desktop/scrap_ws/install/velodyne_driver:/home/pi/Desktop/scrap_ws/install/velodyne_msgs:/home/pi/Desktop/scrap_ws/install/velodyne_laserscan:${AMENT_PREFIX_PATH} CMAKE_PREFIX_PATH=/home/pi/Desktop/scrap_ws/install/velodyne_pointcloud:/home/pi/Desktop/scrap_ws/install/velodyne_driver:/home/pi/Desktop/scrap_ws/install/velodyne_msgs:/home/pi/Desktop/scrap_ws/install/velodyne_laserscan:/opt/ros/humble LD_LIBRARY_PATH=/home/pi/Desktop/scrap_ws/install/velodyne_pointcloud/lib:/home/pi/Desktop/scrap_ws/install/velodyne_driver/lib:/home/pi/Desktop/scrap_ws/install/velodyne_msgs/lib:/home/pi/Desktop/scrap_ws/install/velodyne_laserscan/lib:${LD_LIBRARY_PATH} PYTHONPATH=/home/pi/Desktop/scrap_ws/install/velodyne_msgs/local/lib/python3.10/dist-packages:${PYTHONPATH} /usr/bin/cmake --build /home/pi/Desktop/scrap_ws/build/velodyne -- -j4 -l4
[0.652s] Invoking command in '/home/pi/Desktop/scrap_ws/build/velodyne': AMENT_PREFIX_PATH=/home/pi/Desktop/scrap_ws/install/velodyne_pointcloud:/home/pi/Desktop/scrap_ws/install/velodyne_driver:/home/pi/Desktop/scrap_ws/install/velodyne_msgs:/home/pi/Desktop/scrap_ws/install/velodyne_laserscan:${AMENT_PREFIX_PATH} CMAKE_PREFIX_PATH=/home/pi/Desktop/scrap_ws/install/velodyne_pointcloud:/home/pi/Desktop/scrap_ws/install/velodyne_driver:/home/pi/Desktop/scrap_ws/install/velodyne_msgs:/home/pi/Desktop/scrap_ws/install/velodyne_laserscan:/opt/ros/humble LD_LIBRARY_PATH=/home/pi/Desktop/scrap_ws/install/velodyne_pointcloud/lib:/home/pi/Desktop/scrap_ws/install/velodyne_driver/lib:/home/pi/Desktop/scrap_ws/install/velodyne_msgs/lib:/home/pi/Desktop/scrap_ws/install/velodyne_laserscan/lib:${LD_LIBRARY_PATH} PYTHONPATH=/home/pi/Desktop/scrap_ws/install/velodyne_msgs/local/lib/python3.10/dist-packages:${PYTHONPATH} /usr/bin/cmake --install /home/pi/Desktop/scrap_ws/build/velodyne
[0.685s] -- Install configuration: ""
[0.687s] -- Execute custom install script
[0.689s] -- Up-to-date symlink: /home/pi/Desktop/scrap_ws/install/velodyne/share/velodyne/launch/velodyne-all-nodes-VLP16-composed-launch.py
[0.690s] -- Up-to-date symlink: /home/pi/Desktop/scrap_ws/install/velodyne/share/velodyne/launch/velodyne-all-nodes-VLP16-launch.py
[0.691s] -- Up-to-date symlink: /home/pi/Desktop/scrap_ws/install/velodyne/share/velodyne/launch/velodyne-all-nodes-VLP32C-composed-launch.py
[0.691s] -- Up-to-date symlink: /home/pi/Desktop/scrap_ws/install/velodyne/share/velodyne/launch/velodyne-all-nodes-VLP32C-launch.py
[0.693s] -- Up-to-date symlink: /home/pi/Desktop/scrap_ws/install/velodyne/share/velodyne/launch/velodyne-all-nodes-VLS128-composed-launch.py
[0.694s] -- Up-to-date symlink: /home/pi/Desktop/scrap_ws/install/velodyne/share/velodyne/launch/velodyne-all-nodes-VLS128-launch.py
[0.695s] -- Up-to-date symlink: /home/pi/Desktop/scrap_ws/install/velodyne/share/ament_index/resource_index/package_run_dependencies/velodyne
[0.696s] -- Up-to-date symlink: /home/pi/Desktop/scrap_ws/install/velodyne/share/ament_index/resource_index/parent_prefix_path/velodyne
[0.697s] -- Up-to-date symlink: /home/pi/Desktop/scrap_ws/install/velodyne/share/velodyne/environment/ament_prefix_path.sh
[0.698s] -- Up-to-date symlink: /home/pi/Desktop/scrap_ws/install/velodyne/share/velodyne/environment/ament_prefix_path.dsv
[0.699s] -- Up-to-date symlink: /home/pi/Desktop/scrap_ws/install/velodyne/share/velodyne/environment/path.sh
[0.700s] -- Up-to-date symlink: /home/pi/Desktop/scrap_ws/install/velodyne/share/velodyne/environment/path.dsv
[0.701s] -- Up-to-date symlink: /home/pi/Desktop/scrap_ws/install/velodyne/share/velodyne/local_setup.bash
[0.702s] -- Up-to-date symlink: /home/pi/Desktop/scrap_ws/install/velodyne/share/velodyne/local_setup.sh
[0.703s] -- Up-to-date symlink: /home/pi/Desktop/scrap_ws/install/velodyne/share/velodyne/local_setup.zsh
[0.704s] -- Up-to-date symlink: /home/pi/Desktop/scrap_ws/install/velodyne/share/velodyne/local_setup.dsv
[0.705s] -- Symlinking: /home/pi/Desktop/scrap_ws/install/velodyne/share/velodyne/package.dsv
[0.746s] -- Up-to-date symlink: /home/pi/Desktop/scrap_ws/install/velodyne/share/ament_index/resource_index/packages/velodyne
[0.746s] -- Up-to-date symlink: /home/pi/Desktop/scrap_ws/install/velodyne/share/velodyne/cmake/velodyneConfig.cmake
[0.747s] -- Up-to-date symlink: /home/pi/Desktop/scrap_ws/install/velodyne/share/velodyne/cmake/velodyneConfig-version.cmake
[0.748s] -- Up-to-date symlink: /home/pi/Desktop/scrap_ws/install/velodyne/share/velodyne/package.xml
[0.755s] Invoked command in '/home/pi/Desktop/scrap_ws/build/velodyne' returned '0': AMENT_PREFIX_PATH=/home/pi/Desktop/scrap_ws/install/velodyne_pointcloud:/home/pi/Desktop/scrap_ws/install/velodyne_driver:/home/pi/Desktop/scrap_ws/install/velodyne_msgs:/home/pi/Desktop/scrap_ws/install/velodyne_laserscan:${AMENT_PREFIX_PATH} CMAKE_PREFIX_PATH=/home/pi/Desktop/scrap_ws/install/velodyne_pointcloud:/home/pi/Desktop/scrap_ws/install/velodyne_driver:/home/pi/Desktop/scrap_ws/install/velodyne_msgs:/home/pi/Desktop/scrap_ws/install/velodyne_laserscan:/opt/ros/humble LD_LIBRARY_PATH=/home/pi/Desktop/scrap_ws/install/velodyne_pointcloud/lib:/home/pi/Desktop/scrap_ws/install/velodyne_driver/lib:/home/pi/Desktop/scrap_ws/install/velodyne_msgs/lib:/home/pi/Desktop/scrap_ws/install/velodyne_laserscan/lib:${LD_LIBRARY_PATH} PYTHONPATH=/home/pi/Desktop/scrap_ws/install/velodyne_msgs/local/lib/python3.10/dist-packages:${PYTHONPATH} /usr/bin/cmake --install /home/pi/Desktop/scrap_ws/build/velodyne
