[0.676s] Invoking command in '/home/pi/Desktop/scrap_ws/build/diffdrive_arduino': CMAKE_PREFIX_PATH=/opt/ros/humble /usr/bin/cmake --build /home/pi/Desktop/scrap_ws/build/diffdrive_arduino -- -j4 -l4
[1.115s] [100%] Built target diffdrive_arduino
[2.822s] Invoked command in '/home/pi/Desktop/scrap_ws/build/diffdrive_arduino' returned '0': CMAKE_PREFIX_PATH=/opt/ros/humble /usr/bin/cmake --build /home/pi/Desktop/scrap_ws/build/diffdrive_arduino -- -j4 -l4
[3.052s] Invoking command in '/home/pi/Desktop/scrap_ws/build/diffdrive_arduino': CMAKE_PREFIX_PATH=/opt/ros/humble /usr/bin/cmake --install /home/pi/Desktop/scrap_ws/build/diffdrive_arduino
[3.094s] -- Install configuration: ""
[3.095s] -- Execute custom install script
[3.096s] -- Up-to-date symlink: /home/pi/Desktop/scrap_ws/install/diffdrive_arduino/share/diffdrive_arduino//diffdrive_arduino.xml
[3.097s] -- Up-to-date symlink: /home/pi/Desktop/scrap_ws/install/diffdrive_arduino/include/diffdrive_arduino/diffdrive_arduino/arduino_comms.hpp
[3.098s] -- Up-to-date symlink: /home/pi/Desktop/scrap_ws/install/diffdrive_arduino/include/diffdrive_arduino/diffdrive_arduino/diffbot_system.hpp
[3.100s] -- Up-to-date symlink: /home/pi/Desktop/scrap_ws/install/diffdrive_arduino/include/diffdrive_arduino/diffdrive_arduino/motor_controller.hpp
[3.100s] -- Up-to-date symlink: /home/pi/Desktop/scrap_ws/install/diffdrive_arduino/include/diffdrive_arduino/diffdrive_arduino/visibility_control.h
[3.101s] -- Up-to-date symlink: /home/pi/Desktop/scrap_ws/install/diffdrive_arduino/include/diffdrive_arduino/diffdrive_arduino/wheel.hpp
[3.102s] -- Up-to-date symlink: /home/pi/Desktop/scrap_ws/install/diffdrive_arduino/share/diffdrive_arduino/launch/view_robot.launch.py
[3.105s] -- Up-to-date symlink: /home/pi/Desktop/scrap_ws/install/diffdrive_arduino/share/diffdrive_arduino/ros2_control/diffbot.ros2_control.xacro
[3.106s] -- Up-to-date symlink: /home/pi/Desktop/scrap_ws/install/diffdrive_arduino/share/diffdrive_arduino/urdf/diffbot.materials.xacro
[3.107s] -- Up-to-date symlink: /home/pi/Desktop/scrap_ws/install/diffdrive_arduino/share/diffdrive_arduino/urdf/diffbot.urdf.xacro
[3.110s] -- Up-to-date symlink: /home/pi/Desktop/scrap_ws/install/diffdrive_arduino/share/diffdrive_arduino/urdf/diffbot_description.urdf.xacro
[3.111s] -- Up-to-date symlink: /home/pi/Desktop/scrap_ws/install/diffdrive_arduino/share/diffdrive_arduino/rviz/diffbot.rviz
[3.112s] -- Up-to-date symlink: /home/pi/Desktop/scrap_ws/install/diffdrive_arduino/share/diffdrive_arduino/rviz/diffbot_view.rviz
[3.116s] -- Up-to-date symlink: /home/pi/Desktop/scrap_ws/install/diffdrive_arduino/share/diffdrive_arduino/launch/diffbot.launch.py
[3.122s] -- Up-to-date symlink: /home/pi/Desktop/scrap_ws/install/diffdrive_arduino/share/diffdrive_arduino/config/diffbot_controllers.yaml
[3.128s] -- Up-to-date symlink: /home/pi/Desktop/scrap_ws/install/diffdrive_arduino/share/diffdrive_arduino/environment/library_path.sh
[3.137s] -- Up-to-date symlink: /home/pi/Desktop/scrap_ws/install/diffdrive_arduino/share/diffdrive_arduino/environment/library_path.dsv
[3.147s] -- Up-to-date symlink: /home/pi/Desktop/scrap_ws/install/diffdrive_arduino/share/ament_index/resource_index/package_run_dependencies/diffdrive_arduino
[3.153s] -- Up-to-date symlink: /home/pi/Desktop/scrap_ws/install/diffdrive_arduino/share/ament_index/resource_index/parent_prefix_path/diffdrive_arduino
[3.154s] -- Up-to-date symlink: /home/pi/Desktop/scrap_ws/install/diffdrive_arduino/share/diffdrive_arduino/environment/ament_prefix_path.sh
[3.156s] -- Up-to-date symlink: /home/pi/Desktop/scrap_ws/install/diffdrive_arduino/share/diffdrive_arduino/environment/ament_prefix_path.dsv
[3.164s] -- Up-to-date symlink: /home/pi/Desktop/scrap_ws/install/diffdrive_arduino/share/diffdrive_arduino/environment/path.sh
[3.164s] -- Up-to-date symlink: /home/pi/Desktop/scrap_ws/install/diffdrive_arduino/share/diffdrive_arduino/environment/path.dsv
[3.170s] -- Up-to-date symlink: /home/pi/Desktop/scrap_ws/install/diffdrive_arduino/share/diffdrive_arduino/local_setup.bash
[3.170s] -- Up-to-date symlink: /home/pi/Desktop/scrap_ws/install/diffdrive_arduino/share/diffdrive_arduino/local_setup.sh
[3.172s] -- Up-to-date symlink: /home/pi/Desktop/scrap_ws/install/diffdrive_arduino/share/diffdrive_arduino/local_setup.zsh
[3.173s] -- Up-to-date symlink: /home/pi/Desktop/scrap_ws/install/diffdrive_arduino/share/diffdrive_arduino/local_setup.dsv
[3.173s] -- Symlinking: /home/pi/Desktop/scrap_ws/install/diffdrive_arduino/share/diffdrive_arduino/package.dsv
[3.213s] -- Up-to-date symlink: /home/pi/Desktop/scrap_ws/install/diffdrive_arduino/share/ament_index/resource_index/packages/diffdrive_arduino
[3.214s] -- Up-to-date symlink: /home/pi/Desktop/scrap_ws/install/diffdrive_arduino/share/ament_index/resource_index/hardware_interface__pluginlib__plugin/diffdrive_arduino
[3.216s] -- Up-to-date symlink: /home/pi/Desktop/scrap_ws/install/diffdrive_arduino/share/diffdrive_arduino/cmake/ament_cmake_export_targets-extras.cmake
[3.217s] -- Up-to-date symlink: /home/pi/Desktop/scrap_ws/install/diffdrive_arduino/share/diffdrive_arduino/cmake/ament_cmake_export_dependencies-extras.cmake
[3.218s] -- Up-to-date symlink: /home/pi/Desktop/scrap_ws/install/diffdrive_arduino/share/diffdrive_arduino/cmake/diffdrive_arduinoConfig.cmake
[3.220s] -- Up-to-date symlink: /home/pi/Desktop/scrap_ws/install/diffdrive_arduino/share/diffdrive_arduino/cmake/diffdrive_arduinoConfig-version.cmake
[3.224s] -- Up-to-date symlink: /home/pi/Desktop/scrap_ws/install/diffdrive_arduino/share/diffdrive_arduino/package.xml
[3.228s] -- Up-to-date: /home/pi/Desktop/scrap_ws/install/diffdrive_arduino/lib/libdiffdrive_arduino.so
[3.230s] -- Up-to-date: /home/pi/Desktop/scrap_ws/install/diffdrive_arduino/share/diffdrive_arduino/cmake/export_diffdrive_arduinoExport.cmake
[3.233s] -- Up-to-date: /home/pi/Desktop/scrap_ws/install/diffdrive_arduino/share/diffdrive_arduino/cmake/export_diffdrive_arduinoExport-noconfig.cmake
[3.752s] Invoked command in '/home/pi/Desktop/scrap_ws/build/diffdrive_arduino' returned '0': CMAKE_PREFIX_PATH=/opt/ros/humble /usr/bin/cmake --install /home/pi/Desktop/scrap_ws/build/diffdrive_arduino
