[0.052s] Invoking command in '/home/dayo/Desktop/scrap_ws/build/velodyne_msgs': CMAKE_PREFIX_PATH=${CMAKE_PREFIX_PATH}:/opt/ros/iron /usr/bin/cmake --build /home/dayo/Desktop/scrap_ws/build/velodyne_msgs -- -j2 -l2
[0.232s] [  2%] Built target velodyne_msgs__rosidl_generator_type_description
[0.242s] [  2%] Built target ament_cmake_python_copy_velodyne_msgs
[0.261s] [  4%] Built target velodyne_msgs__cpp
[0.280s] [35m[1mConsolidate compiler generated dependencies of target velodyne_msgs__rosidl_generator_c[0m
[0.291s] [ 22%] Built target velodyne_msgs__rosidl_generator_c
[0.360s] [35m[1mConsolidate compiler generated dependencies of target velodyne_msgs__rosidl_typesupport_cpp[0m
[0.385s] [ 31%] Built target velodyne_msgs__rosidl_typesupport_cpp
[0.402s] [35m[1mConsolidate compiler generated dependencies of target velodyne_msgs__rosidl_typesupport_fastrtps_c[0m
[0.491s] [ 40%] Built target velodyne_msgs__rosidl_typesupport_fastrtps_c
[0.550s] [35m[1mConsolidate compiler generated dependencies of target velodyne_msgs__rosidl_typesupport_fastrtps_cpp[0m
[0.569s] [ 50%] Built target velodyne_msgs__rosidl_typesupport_fastrtps_cpp
[0.597s] [35m[1mConsolidate compiler generated dependencies of target velodyne_msgs__rosidl_typesupport_introspection_c[0m
[0.638s] [ 59%] Built target velodyne_msgs__rosidl_typesupport_introspection_c
[0.645s] running egg_info
[0.646s] writing velodyne_msgs.egg-info/PKG-INFO
[0.651s] writing dependency_links to velodyne_msgs.egg-info/dependency_links.txt
[0.653s] writing top-level names to velodyne_msgs.egg-info/top_level.txt
[0.658s] [35m[1mConsolidate compiler generated dependencies of target velodyne_msgs__rosidl_typesupport_c[0m
[0.658s] reading manifest file 'velodyne_msgs.egg-info/SOURCES.txt'
[0.670s] writing manifest file 'velodyne_msgs.egg-info/SOURCES.txt'
[0.677s] [ 68%] Built target velodyne_msgs__rosidl_typesupport_c
[0.699s] [35m[1mConsolidate compiler generated dependencies of target velodyne_msgs__rosidl_typesupport_introspection_cpp[0m
[0.705s] [ 68%] Built target ament_cmake_python_build_velodyne_msgs_egg
[0.721s] [ 77%] Built target velodyne_msgs__rosidl_typesupport_introspection_cpp
[0.742s] [ 77%] Built target velodyne_msgs
[0.809s] [ 79%] Built target velodyne_msgs__py
[0.858s] [35m[1mConsolidate compiler generated dependencies of target velodyne_msgs__rosidl_generator_py[0m
[0.890s] [ 86%] Built target velodyne_msgs__rosidl_generator_py
[0.917s] [35m[1mConsolidate compiler generated dependencies of target velodyne_msgs__rosidl_typesupport_introspection_c__pyext[0m
[0.933s] [35m[1mConsolidate compiler generated dependencies of target velodyne_msgs__rosidl_typesupport_fastrtps_c__pyext[0m
[0.940s] [ 90%] Built target velodyne_msgs__rosidl_typesupport_fastrtps_c__pyext
[0.952s] [ 95%] Built target velodyne_msgs__rosidl_typesupport_introspection_c__pyext
[0.960s] [35m[1mConsolidate compiler generated dependencies of target velodyne_msgs__rosidl_typesupport_c__pyext[0m
[0.991s] [100%] Built target velodyne_msgs__rosidl_typesupport_c__pyext
[1.000s] Invoked command in '/home/dayo/Desktop/scrap_ws/build/velodyne_msgs' returned '0': CMAKE_PREFIX_PATH=${CMAKE_PREFIX_PATH}:/opt/ros/iron /usr/bin/cmake --build /home/dayo/Desktop/scrap_ws/build/velodyne_msgs -- -j2 -l2
[1.233s] Invoking command in '/home/dayo/Desktop/scrap_ws/build/velodyne_msgs': CMAKE_PREFIX_PATH=${CMAKE_PREFIX_PATH}:/opt/ros/iron /usr/bin/cmake --install /home/dayo/Desktop/scrap_ws/build/velodyne_msgs
[1.247s] -- Install configuration: ""
[1.248s] -- Up-to-date: /home/dayo/Desktop/scrap_ws/install/velodyne_msgs/share/ament_index/resource_index/rosidl_interfaces/velodyne_msgs
[1.248s] -- Up-to-date: /home/dayo/Desktop/scrap_ws/install/velodyne_msgs/share/velodyne_msgs/msg/VelodynePacket.json
[1.248s] -- Up-to-date: /home/dayo/Desktop/scrap_ws/install/velodyne_msgs/share/velodyne_msgs/msg/VelodyneScan.json
[1.248s] -- Up-to-date: /home/dayo/Desktop/scrap_ws/install/velodyne_msgs/include/velodyne_msgs/velodyne_msgs
[1.248s] -- Up-to-date: /home/dayo/Desktop/scrap_ws/install/velodyne_msgs/include/velodyne_msgs/velodyne_msgs/msg
[1.248s] -- Up-to-date: /home/dayo/Desktop/scrap_ws/install/velodyne_msgs/include/velodyne_msgs/velodyne_msgs/msg/velodyne_scan.h
[1.248s] -- Up-to-date: /home/dayo/Desktop/scrap_ws/install/velodyne_msgs/include/velodyne_msgs/velodyne_msgs/msg/detail
[1.248s] -- Up-to-date: /home/dayo/Desktop/scrap_ws/install/velodyne_msgs/include/velodyne_msgs/velodyne_msgs/msg/detail/velodyne_scan__description.c
[1.248s] -- Installing: /home/dayo/Desktop/scrap_ws/install/velodyne_msgs/include/velodyne_msgs/velodyne_msgs/msg/detail/velodyne_scan__type_support.c
[1.248s] -- Up-to-date: /home/dayo/Desktop/scrap_ws/install/velodyne_msgs/include/velodyne_msgs/velodyne_msgs/msg/detail/velodyne_scan__functions.c
[1.248s] -- Up-to-date: /home/dayo/Desktop/scrap_ws/install/velodyne_msgs/include/velodyne_msgs/velodyne_msgs/msg/detail/velodyne_scan__type_support.h
[1.248s] -- Up-to-date: /home/dayo/Desktop/scrap_ws/install/velodyne_msgs/include/velodyne_msgs/velodyne_msgs/msg/detail/velodyne_packet__struct.h
[1.248s] -- Up-to-date: /home/dayo/Desktop/scrap_ws/install/velodyne_msgs/include/velodyne_msgs/velodyne_msgs/msg/detail/velodyne_scan__functions.h
[1.248s] -- Installing: /home/dayo/Desktop/scrap_ws/install/velodyne_msgs/include/velodyne_msgs/velodyne_msgs/msg/detail/velodyne_packet__type_support.c
[1.249s] -- Up-to-date: /home/dayo/Desktop/scrap_ws/install/velodyne_msgs/include/velodyne_msgs/velodyne_msgs/msg/detail/velodyne_packet__functions.c
[1.249s] -- Up-to-date: /home/dayo/Desktop/scrap_ws/install/velodyne_msgs/include/velodyne_msgs/velodyne_msgs/msg/detail/velodyne_scan__struct.h
[1.249s] -- Up-to-date: /home/dayo/Desktop/scrap_ws/install/velodyne_msgs/include/velodyne_msgs/velodyne_msgs/msg/detail/velodyne_packet__type_support.h
[1.249s] -- Up-to-date: /home/dayo/Desktop/scrap_ws/install/velodyne_msgs/include/velodyne_msgs/velodyne_msgs/msg/detail/velodyne_packet__description.c
[1.249s] -- Up-to-date: /home/dayo/Desktop/scrap_ws/install/velodyne_msgs/include/velodyne_msgs/velodyne_msgs/msg/detail/velodyne_packet__functions.h
[1.249s] -- Up-to-date: /home/dayo/Desktop/scrap_ws/install/velodyne_msgs/include/velodyne_msgs/velodyne_msgs/msg/velodyne_packet.h
[1.249s] -- Up-to-date: /home/dayo/Desktop/scrap_ws/install/velodyne_msgs/include/velodyne_msgs/velodyne_msgs/msg/rosidl_generator_c__visibility_control.h
[1.249s] -- Up-to-date: /home/dayo/Desktop/scrap_ws/install/velodyne_msgs/share/velodyne_msgs/environment/library_path.sh
[1.249s] -- Up-to-date: /home/dayo/Desktop/scrap_ws/install/velodyne_msgs/share/velodyne_msgs/environment/library_path.dsv
[1.249s] -- Up-to-date: /home/dayo/Desktop/scrap_ws/install/velodyne_msgs/lib/libvelodyne_msgs__rosidl_generator_c.so
[1.249s] -- Up-to-date: /home/dayo/Desktop/scrap_ws/install/velodyne_msgs/include/velodyne_msgs/velodyne_msgs
[1.249s] -- Up-to-date: /home/dayo/Desktop/scrap_ws/install/velodyne_msgs/include/velodyne_msgs/velodyne_msgs/msg
[1.249s] -- Up-to-date: /home/dayo/Desktop/scrap_ws/install/velodyne_msgs/include/velodyne_msgs/velodyne_msgs/msg/rosidl_typesupport_fastrtps_c__visibility_control.h
[1.249s] -- Up-to-date: /home/dayo/Desktop/scrap_ws/install/velodyne_msgs/include/velodyne_msgs/velodyne_msgs/msg/detail
[1.249s] -- Up-to-date: /home/dayo/Desktop/scrap_ws/install/velodyne_msgs/include/velodyne_msgs/velodyne_msgs/msg/detail/velodyne_packet__rosidl_typesupport_fastrtps_c.h
[1.249s] -- Up-to-date: /home/dayo/Desktop/scrap_ws/install/velodyne_msgs/include/velodyne_msgs/velodyne_msgs/msg/detail/velodyne_scan__rosidl_typesupport_fastrtps_c.h
[1.249s] -- Up-to-date: /home/dayo/Desktop/scrap_ws/install/velodyne_msgs/lib/libvelodyne_msgs__rosidl_typesupport_fastrtps_c.so
[1.249s] -- Up-to-date: /home/dayo/Desktop/scrap_ws/install/velodyne_msgs/include/velodyne_msgs/velodyne_msgs
[1.249s] -- Up-to-date: /home/dayo/Desktop/scrap_ws/install/velodyne_msgs/include/velodyne_msgs/velodyne_msgs/msg
[1.249s] -- Up-to-date: /home/dayo/Desktop/scrap_ws/install/velodyne_msgs/include/velodyne_msgs/velodyne_msgs/msg/velodyne_scan.hpp
[1.249s] -- Up-to-date: /home/dayo/Desktop/scrap_ws/install/velodyne_msgs/include/velodyne_msgs/velodyne_msgs/msg/velodyne_packet.hpp
[1.250s] -- Up-to-date: /home/dayo/Desktop/scrap_ws/install/velodyne_msgs/include/velodyne_msgs/velodyne_msgs/msg/detail
[1.250s] -- Up-to-date: /home/dayo/Desktop/scrap_ws/install/velodyne_msgs/include/velodyne_msgs/velodyne_msgs/msg/detail/velodyne_scan__builder.hpp
[1.250s] -- Up-to-date: /home/dayo/Desktop/scrap_ws/install/velodyne_msgs/include/velodyne_msgs/velodyne_msgs/msg/detail/velodyne_packet__traits.hpp
[1.250s] -- Up-to-date: /home/dayo/Desktop/scrap_ws/install/velodyne_msgs/include/velodyne_msgs/velodyne_msgs/msg/detail/velodyne_scan__traits.hpp
[1.250s] -- Up-to-date: /home/dayo/Desktop/scrap_ws/install/velodyne_msgs/include/velodyne_msgs/velodyne_msgs/msg/detail/velodyne_scan__struct.hpp
[1.250s] -- Up-to-date: /home/dayo/Desktop/scrap_ws/install/velodyne_msgs/include/velodyne_msgs/velodyne_msgs/msg/detail/velodyne_packet__builder.hpp
[1.250s] -- Up-to-date: /home/dayo/Desktop/scrap_ws/install/velodyne_msgs/include/velodyne_msgs/velodyne_msgs/msg/detail/velodyne_packet__struct.hpp
[1.250s] -- Up-to-date: /home/dayo/Desktop/scrap_ws/install/velodyne_msgs/include/velodyne_msgs/velodyne_msgs
[1.250s] -- Up-to-date: /home/dayo/Desktop/scrap_ws/install/velodyne_msgs/include/velodyne_msgs/velodyne_msgs/msg
[1.250s] -- Up-to-date: /home/dayo/Desktop/scrap_ws/install/velodyne_msgs/include/velodyne_msgs/velodyne_msgs/msg/detail
[1.250s] -- Up-to-date: /home/dayo/Desktop/scrap_ws/install/velodyne_msgs/include/velodyne_msgs/velodyne_msgs/msg/detail/velodyne_scan__rosidl_typesupport_fastrtps_cpp.hpp
[1.251s] -- Up-to-date: /home/dayo/Desktop/scrap_ws/install/velodyne_msgs/include/velodyne_msgs/velodyne_msgs/msg/detail/dds_fastrtps
[1.251s] -- Up-to-date: /home/dayo/Desktop/scrap_ws/install/velodyne_msgs/include/velodyne_msgs/velodyne_msgs/msg/detail/velodyne_packet__rosidl_typesupport_fastrtps_cpp.hpp
[1.251s] -- Up-to-date: /home/dayo/Desktop/scrap_ws/install/velodyne_msgs/include/velodyne_msgs/velodyne_msgs/msg/rosidl_typesupport_fastrtps_cpp__visibility_control.h
[1.251s] -- Up-to-date: /home/dayo/Desktop/scrap_ws/install/velodyne_msgs/lib/libvelodyne_msgs__rosidl_typesupport_fastrtps_cpp.so
[1.251s] -- Up-to-date: /home/dayo/Desktop/scrap_ws/install/velodyne_msgs/include/velodyne_msgs/velodyne_msgs
[1.251s] -- Up-to-date: /home/dayo/Desktop/scrap_ws/install/velodyne_msgs/include/velodyne_msgs/velodyne_msgs/msg
[1.251s] -- Up-to-date: /home/dayo/Desktop/scrap_ws/install/velodyne_msgs/include/velodyne_msgs/velodyne_msgs/msg/rosidl_typesupport_introspection_c__visibility_control.h
[1.251s] -- Up-to-date: /home/dayo/Desktop/scrap_ws/install/velodyne_msgs/include/velodyne_msgs/velodyne_msgs/msg/detail
[1.251s] -- Up-to-date: /home/dayo/Desktop/scrap_ws/install/velodyne_msgs/include/velodyne_msgs/velodyne_msgs/msg/detail/velodyne_packet__rosidl_typesupport_introspection_c.h
[1.251s] -- Installing: /home/dayo/Desktop/scrap_ws/install/velodyne_msgs/include/velodyne_msgs/velodyne_msgs/msg/detail/velodyne_scan__type_support.c
[1.251s] -- Installing: /home/dayo/Desktop/scrap_ws/install/velodyne_msgs/include/velodyne_msgs/velodyne_msgs/msg/detail/velodyne_packet__type_support.c
[1.251s] -- Up-to-date: /home/dayo/Desktop/scrap_ws/install/velodyne_msgs/include/velodyne_msgs/velodyne_msgs/msg/detail/velodyne_scan__rosidl_typesupport_introspection_c.h
[1.251s] -- Up-to-date: /home/dayo/Desktop/scrap_ws/install/velodyne_msgs/lib/libvelodyne_msgs__rosidl_typesupport_introspection_c.so
[1.251s] -- Up-to-date: /home/dayo/Desktop/scrap_ws/install/velodyne_msgs/lib/libvelodyne_msgs__rosidl_typesupport_c.so
[1.251s] -- Up-to-date: /home/dayo/Desktop/scrap_ws/install/velodyne_msgs/include/velodyne_msgs/velodyne_msgs
[1.251s] -- Up-to-date: /home/dayo/Desktop/scrap_ws/install/velodyne_msgs/include/velodyne_msgs/velodyne_msgs/msg
[1.251s] -- Up-to-date: /home/dayo/Desktop/scrap_ws/install/velodyne_msgs/include/velodyne_msgs/velodyne_msgs/msg/detail
[1.251s] -- Up-to-date: /home/dayo/Desktop/scrap_ws/install/velodyne_msgs/include/velodyne_msgs/velodyne_msgs/msg/detail/velodyne_scan__type_support.cpp
[1.251s] -- Up-to-date: /home/dayo/Desktop/scrap_ws/install/velodyne_msgs/include/velodyne_msgs/velodyne_msgs/msg/detail/velodyne_packet__rosidl_typesupport_introspection_cpp.hpp
[1.252s] -- Up-to-date: /home/dayo/Desktop/scrap_ws/install/velodyne_msgs/include/velodyne_msgs/velodyne_msgs/msg/detail/velodyne_packet__type_support.cpp
[1.252s] -- Up-to-date: /home/dayo/Desktop/scrap_ws/install/velodyne_msgs/include/velodyne_msgs/velodyne_msgs/msg/detail/velodyne_scan__rosidl_typesupport_introspection_cpp.hpp
[1.252s] -- Up-to-date: /home/dayo/Desktop/scrap_ws/install/velodyne_msgs/lib/libvelodyne_msgs__rosidl_typesupport_introspection_cpp.so
[1.252s] -- Up-to-date: /home/dayo/Desktop/scrap_ws/install/velodyne_msgs/lib/libvelodyne_msgs__rosidl_typesupport_cpp.so
[1.255s] -- Up-to-date: /home/dayo/Desktop/scrap_ws/install/velodyne_msgs/share/velodyne_msgs/environment/pythonpath.sh
[1.256s] -- Up-to-date: /home/dayo/Desktop/scrap_ws/install/velodyne_msgs/share/velodyne_msgs/environment/pythonpath.dsv
[1.256s] -- Up-to-date: /home/dayo/Desktop/scrap_ws/install/velodyne_msgs/lib/python3.10/site-packages/velodyne_msgs-2.4.0-py3.10.egg-info
[1.256s] -- Installing: /home/dayo/Desktop/scrap_ws/install/velodyne_msgs/lib/python3.10/site-packages/velodyne_msgs-2.4.0-py3.10.egg-info/top_level.txt
[1.256s] -- Installing: /home/dayo/Desktop/scrap_ws/install/velodyne_msgs/lib/python3.10/site-packages/velodyne_msgs-2.4.0-py3.10.egg-info/PKG-INFO
[1.256s] -- Installing: /home/dayo/Desktop/scrap_ws/install/velodyne_msgs/lib/python3.10/site-packages/velodyne_msgs-2.4.0-py3.10.egg-info/dependency_links.txt
[1.256s] -- Installing: /home/dayo/Desktop/scrap_ws/install/velodyne_msgs/lib/python3.10/site-packages/velodyne_msgs-2.4.0-py3.10.egg-info/SOURCES.txt
[1.256s] -- Up-to-date: /home/dayo/Desktop/scrap_ws/install/velodyne_msgs/lib/python3.10/site-packages/velodyne_msgs
[1.256s] -- Up-to-date: /home/dayo/Desktop/scrap_ws/install/velodyne_msgs/lib/python3.10/site-packages/velodyne_msgs/velodyne_msgs_s__rosidl_typesupport_introspection_c.cpython-310-x86_64-linux-gnu.so
[1.256s] -- Up-to-date: /home/dayo/Desktop/scrap_ws/install/velodyne_msgs/lib/python3.10/site-packages/velodyne_msgs/msg
[1.256s] -- Up-to-date: /home/dayo/Desktop/scrap_ws/install/velodyne_msgs/lib/python3.10/site-packages/velodyne_msgs/msg/_velodyne_packet_s.c
[1.257s] -- Up-to-date: /home/dayo/Desktop/scrap_ws/install/velodyne_msgs/lib/python3.10/site-packages/velodyne_msgs/msg/__init__.py
[1.257s] -- Up-to-date: /home/dayo/Desktop/scrap_ws/install/velodyne_msgs/lib/python3.10/site-packages/velodyne_msgs/msg/_velodyne_packet.py
[1.257s] -- Up-to-date: /home/dayo/Desktop/scrap_ws/install/velodyne_msgs/lib/python3.10/site-packages/velodyne_msgs/msg/_velodyne_scan_s.c
[1.257s] -- Up-to-date: /home/dayo/Desktop/scrap_ws/install/velodyne_msgs/lib/python3.10/site-packages/velodyne_msgs/msg/_velodyne_scan.py
[1.257s] -- Up-to-date: /home/dayo/Desktop/scrap_ws/install/velodyne_msgs/lib/python3.10/site-packages/velodyne_msgs/velodyne_msgs_s__rosidl_typesupport_fastrtps_c.cpython-310-x86_64-linux-gnu.so
[1.257s] -- Up-to-date: /home/dayo/Desktop/scrap_ws/install/velodyne_msgs/lib/python3.10/site-packages/velodyne_msgs/libvelodyne_msgs__rosidl_generator_py.so
[1.257s] -- Up-to-date: /home/dayo/Desktop/scrap_ws/install/velodyne_msgs/lib/python3.10/site-packages/velodyne_msgs/_velodyne_msgs_s.ep.rosidl_typesupport_introspection_c.c
[1.257s] -- Up-to-date: /home/dayo/Desktop/scrap_ws/install/velodyne_msgs/lib/python3.10/site-packages/velodyne_msgs/__init__.py
[1.257s] -- Up-to-date: /home/dayo/Desktop/scrap_ws/install/velodyne_msgs/lib/python3.10/site-packages/velodyne_msgs/_velodyne_msgs_s.ep.rosidl_typesupport_c.c
[1.257s] -- Up-to-date: /home/dayo/Desktop/scrap_ws/install/velodyne_msgs/lib/python3.10/site-packages/velodyne_msgs/_velodyne_msgs_s.ep.rosidl_typesupport_fastrtps_c.c
[1.257s] -- Up-to-date: /home/dayo/Desktop/scrap_ws/install/velodyne_msgs/lib/python3.10/site-packages/velodyne_msgs/velodyne_msgs_s__rosidl_typesupport_c.cpython-310-x86_64-linux-gnu.so
[1.355s] Listing '/home/dayo/Desktop/scrap_ws/install/velodyne_msgs/lib/python3.10/site-packages/velodyne_msgs'...
[1.355s] Listing '/home/dayo/Desktop/scrap_ws/install/velodyne_msgs/lib/python3.10/site-packages/velodyne_msgs/msg'...
[1.355s] -- Up-to-date: /home/dayo/Desktop/scrap_ws/install/velodyne_msgs/lib/python3.10/site-packages/velodyne_msgs/velodyne_msgs_s__rosidl_typesupport_fastrtps_c.cpython-310-x86_64-linux-gnu.so
[1.356s] -- Up-to-date: /home/dayo/Desktop/scrap_ws/install/velodyne_msgs/lib/python3.10/site-packages/velodyne_msgs/velodyne_msgs_s__rosidl_typesupport_introspection_c.cpython-310-x86_64-linux-gnu.so
[1.356s] -- Up-to-date: /home/dayo/Desktop/scrap_ws/install/velodyne_msgs/lib/python3.10/site-packages/velodyne_msgs/velodyne_msgs_s__rosidl_typesupport_c.cpython-310-x86_64-linux-gnu.so
[1.356s] -- Up-to-date: /home/dayo/Desktop/scrap_ws/install/velodyne_msgs/lib/libvelodyne_msgs__rosidl_generator_py.so
[1.356s] -- Up-to-date: /home/dayo/Desktop/scrap_ws/install/velodyne_msgs/share/velodyne_msgs/msg/VelodynePacket.idl
[1.356s] -- Up-to-date: /home/dayo/Desktop/scrap_ws/install/velodyne_msgs/share/velodyne_msgs/msg/VelodyneScan.idl
[1.356s] -- Up-to-date: /home/dayo/Desktop/scrap_ws/install/velodyne_msgs/share/velodyne_msgs/msg/VelodynePacket.msg
[1.363s] -- Up-to-date: /home/dayo/Desktop/scrap_ws/install/velodyne_msgs/share/velodyne_msgs/msg/VelodyneScan.msg
[1.363s] -- Up-to-date: /home/dayo/Desktop/scrap_ws/install/velodyne_msgs/share/ament_index/resource_index/package_run_dependencies/velodyne_msgs
[1.363s] -- Up-to-date: /home/dayo/Desktop/scrap_ws/install/velodyne_msgs/share/ament_index/resource_index/parent_prefix_path/velodyne_msgs
[1.363s] -- Up-to-date: /home/dayo/Desktop/scrap_ws/install/velodyne_msgs/share/velodyne_msgs/environment/ament_prefix_path.sh
[1.363s] -- Up-to-date: /home/dayo/Desktop/scrap_ws/install/velodyne_msgs/share/velodyne_msgs/environment/ament_prefix_path.dsv
[1.363s] -- Up-to-date: /home/dayo/Desktop/scrap_ws/install/velodyne_msgs/share/velodyne_msgs/environment/path.sh
[1.363s] -- Up-to-date: /home/dayo/Desktop/scrap_ws/install/velodyne_msgs/share/velodyne_msgs/environment/path.dsv
[1.363s] -- Up-to-date: /home/dayo/Desktop/scrap_ws/install/velodyne_msgs/share/velodyne_msgs/local_setup.bash
[1.363s] -- Up-to-date: /home/dayo/Desktop/scrap_ws/install/velodyne_msgs/share/velodyne_msgs/local_setup.sh
[1.363s] -- Up-to-date: /home/dayo/Desktop/scrap_ws/install/velodyne_msgs/share/velodyne_msgs/local_setup.zsh
[1.364s] -- Up-to-date: /home/dayo/Desktop/scrap_ws/install/velodyne_msgs/share/velodyne_msgs/local_setup.dsv
[1.364s] -- Installing: /home/dayo/Desktop/scrap_ws/install/velodyne_msgs/share/velodyne_msgs/package.dsv
[1.364s] -- Up-to-date: /home/dayo/Desktop/scrap_ws/install/velodyne_msgs/share/ament_index/resource_index/packages/velodyne_msgs
[1.364s] -- Up-to-date: /home/dayo/Desktop/scrap_ws/install/velodyne_msgs/share/velodyne_msgs/cmake/export_velodyne_msgs__rosidl_generator_cExport.cmake
[1.364s] -- Up-to-date: /home/dayo/Desktop/scrap_ws/install/velodyne_msgs/share/velodyne_msgs/cmake/export_velodyne_msgs__rosidl_generator_cExport-noconfig.cmake
[1.364s] -- Up-to-date: /home/dayo/Desktop/scrap_ws/install/velodyne_msgs/share/velodyne_msgs/cmake/export_velodyne_msgs__rosidl_typesupport_fastrtps_cExport.cmake
[1.364s] -- Up-to-date: /home/dayo/Desktop/scrap_ws/install/velodyne_msgs/share/velodyne_msgs/cmake/export_velodyne_msgs__rosidl_typesupport_fastrtps_cExport-noconfig.cmake
[1.364s] -- Up-to-date: /home/dayo/Desktop/scrap_ws/install/velodyne_msgs/share/velodyne_msgs/cmake/export_velodyne_msgs__rosidl_generator_cppExport.cmake
[1.364s] -- Up-to-date: /home/dayo/Desktop/scrap_ws/install/velodyne_msgs/share/velodyne_msgs/cmake/export_velodyne_msgs__rosidl_typesupport_fastrtps_cppExport.cmake
[1.364s] -- Up-to-date: /home/dayo/Desktop/scrap_ws/install/velodyne_msgs/share/velodyne_msgs/cmake/export_velodyne_msgs__rosidl_typesupport_fastrtps_cppExport-noconfig.cmake
[1.364s] -- Up-to-date: /home/dayo/Desktop/scrap_ws/install/velodyne_msgs/share/velodyne_msgs/cmake/velodyne_msgs__rosidl_typesupport_introspection_cExport.cmake
[1.364s] -- Up-to-date: /home/dayo/Desktop/scrap_ws/install/velodyne_msgs/share/velodyne_msgs/cmake/velodyne_msgs__rosidl_typesupport_introspection_cExport-noconfig.cmake
[1.364s] -- Up-to-date: /home/dayo/Desktop/scrap_ws/install/velodyne_msgs/share/velodyne_msgs/cmake/velodyne_msgs__rosidl_typesupport_cExport.cmake
[1.364s] -- Up-to-date: /home/dayo/Desktop/scrap_ws/install/velodyne_msgs/share/velodyne_msgs/cmake/velodyne_msgs__rosidl_typesupport_cExport-noconfig.cmake
[1.364s] -- Up-to-date: /home/dayo/Desktop/scrap_ws/install/velodyne_msgs/share/velodyne_msgs/cmake/velodyne_msgs__rosidl_typesupport_introspection_cppExport.cmake
[1.364s] -- Up-to-date: /home/dayo/Desktop/scrap_ws/install/velodyne_msgs/share/velodyne_msgs/cmake/velodyne_msgs__rosidl_typesupport_introspection_cppExport-noconfig.cmake
[1.364s] -- Up-to-date: /home/dayo/Desktop/scrap_ws/install/velodyne_msgs/share/velodyne_msgs/cmake/velodyne_msgs__rosidl_typesupport_cppExport.cmake
[1.364s] -- Up-to-date: /home/dayo/Desktop/scrap_ws/install/velodyne_msgs/share/velodyne_msgs/cmake/velodyne_msgs__rosidl_typesupport_cppExport-noconfig.cmake
[1.364s] -- Up-to-date: /home/dayo/Desktop/scrap_ws/install/velodyne_msgs/share/velodyne_msgs/cmake/export_velodyne_msgs__rosidl_generator_pyExport.cmake
[1.364s] -- Up-to-date: /home/dayo/Desktop/scrap_ws/install/velodyne_msgs/share/velodyne_msgs/cmake/export_velodyne_msgs__rosidl_generator_pyExport-noconfig.cmake
[1.365s] -- Up-to-date: /home/dayo/Desktop/scrap_ws/install/velodyne_msgs/share/velodyne_msgs/cmake/rosidl_cmake-extras.cmake
[1.365s] -- Up-to-date: /home/dayo/Desktop/scrap_ws/install/velodyne_msgs/share/velodyne_msgs/cmake/ament_cmake_export_dependencies-extras.cmake
[1.365s] -- Up-to-date: /home/dayo/Desktop/scrap_ws/install/velodyne_msgs/share/velodyne_msgs/cmake/ament_cmake_export_include_directories-extras.cmake
[1.365s] -- Up-to-date: /home/dayo/Desktop/scrap_ws/install/velodyne_msgs/share/velodyne_msgs/cmake/ament_cmake_export_libraries-extras.cmake
[1.365s] -- Up-to-date: /home/dayo/Desktop/scrap_ws/install/velodyne_msgs/share/velodyne_msgs/cmake/ament_cmake_export_targets-extras.cmake
[1.365s] -- Up-to-date: /home/dayo/Desktop/scrap_ws/install/velodyne_msgs/share/velodyne_msgs/cmake/rosidl_cmake_export_typesupport_targets-extras.cmake
[1.365s] -- Up-to-date: /home/dayo/Desktop/scrap_ws/install/velodyne_msgs/share/velodyne_msgs/cmake/rosidl_cmake_export_typesupport_libraries-extras.cmake
[1.365s] -- Up-to-date: /home/dayo/Desktop/scrap_ws/install/velodyne_msgs/share/velodyne_msgs/cmake/velodyne_msgsConfig.cmake
[1.365s] -- Up-to-date: /home/dayo/Desktop/scrap_ws/install/velodyne_msgs/share/velodyne_msgs/cmake/velodyne_msgsConfig-version.cmake
[1.365s] -- Up-to-date: /home/dayo/Desktop/scrap_ws/install/velodyne_msgs/share/velodyne_msgs/package.xml
[1.365s] Invoked command in '/home/dayo/Desktop/scrap_ws/build/velodyne_msgs' returned '0': CMAKE_PREFIX_PATH=${CMAKE_PREFIX_PATH}:/opt/ros/iron /usr/bin/cmake --install /home/dayo/Desktop/scrap_ws/build/velodyne_msgs
