[1.361s] Invoking command in '/home/pi/Desktop/scrap_ws/build/velodyne': CMAKE_PREFIX_PATH=/home/pi/Desktop/scrap_ws/install/velodyne_pointcloud:/home/pi/Desktop/scrap_ws/install/velodyne_driver:/home/pi/Desktop/scrap_ws/install/velodyne_msgs:/home/pi/Desktop/scrap_ws/install/velodyne_laserscan:/home/pi/Desktop/scrap_ws/install/velodyne:/home/pi/Desktop/scrap_ws/install/diffdrive_arduino:/home/pi/Desktop/scrap_ws/install/scrap_pkg:/opt/ros/humble /usr/bin/cmake --build /home/pi/Desktop/scrap_ws/build/velodyne -- -j4 -l4
[1.692s] Invoked command in '/home/pi/Desktop/scrap_ws/build/velodyne' returned '0': CMAKE_PREFIX_PATH=/home/pi/Desktop/scrap_ws/install/velodyne_pointcloud:/home/pi/Desktop/scrap_ws/install/velodyne_driver:/home/pi/Desktop/scrap_ws/install/velodyne_msgs:/home/pi/Desktop/scrap_ws/install/velodyne_laserscan:/home/pi/Desktop/scrap_ws/install/velodyne:/home/pi/Desktop/scrap_ws/install/diffdrive_arduino:/home/pi/Desktop/scrap_ws/install/scrap_pkg:/opt/ros/humble /usr/bin/cmake --build /home/pi/Desktop/scrap_ws/build/velodyne -- -j4 -l4
[1.900s] Invoking command in '/home/pi/Desktop/scrap_ws/build/velodyne': CMAKE_PREFIX_PATH=/home/pi/Desktop/scrap_ws/install/velodyne_pointcloud:/home/pi/Desktop/scrap_ws/install/velodyne_driver:/home/pi/Desktop/scrap_ws/install/velodyne_msgs:/home/pi/Desktop/scrap_ws/install/velodyne_laserscan:/home/pi/Desktop/scrap_ws/install/velodyne:/home/pi/Desktop/scrap_ws/install/diffdrive_arduino:/home/pi/Desktop/scrap_ws/install/scrap_pkg:/opt/ros/humble /usr/bin/cmake --install /home/pi/Desktop/scrap_ws/build/velodyne
[1.968s] -- Install configuration: ""
[2.027s] -- Execute custom install script
[2.080s] -- Up-to-date symlink: /home/pi/Desktop/scrap_ws/install/velodyne/share/velodyne/launch/velodyne-all-nodes-VLP16-composed-launch.py
[2.141s] -- Up-to-date symlink: /home/pi/Desktop/scrap_ws/install/velodyne/share/velodyne/launch/velodyne-all-nodes-VLP16-launch.py
[2.198s] -- Up-to-date symlink: /home/pi/Desktop/scrap_ws/install/velodyne/share/velodyne/launch/velodyne-all-nodes-VLP32C-composed-launch.py
[2.295s] -- Up-to-date symlink: /home/pi/Desktop/scrap_ws/install/velodyne/share/velodyne/launch/velodyne-all-nodes-VLP32C-launch.py
[2.351s] -- Up-to-date symlink: /home/pi/Desktop/scrap_ws/install/velodyne/share/velodyne/launch/velodyne-all-nodes-VLS128-composed-launch.py
[2.410s] -- Up-to-date symlink: /home/pi/Desktop/scrap_ws/install/velodyne/share/velodyne/launch/velodyne-all-nodes-VLS128-launch.py
[2.474s] -- Up-to-date symlink: /home/pi/Desktop/scrap_ws/install/velodyne/share/ament_index/resource_index/package_run_dependencies/velodyne
[2.534s] -- Up-to-date symlink: /home/pi/Desktop/scrap_ws/install/velodyne/share/ament_index/resource_index/parent_prefix_path/velodyne
[2.676s] -- Up-to-date symlink: /home/pi/Desktop/scrap_ws/install/velodyne/share/velodyne/environment/ament_prefix_path.sh
[2.747s] -- Up-to-date symlink: /home/pi/Desktop/scrap_ws/install/velodyne/share/velodyne/environment/ament_prefix_path.dsv
[2.807s] -- Up-to-date symlink: /home/pi/Desktop/scrap_ws/install/velodyne/share/velodyne/environment/path.sh
[2.862s] -- Up-to-date symlink: /home/pi/Desktop/scrap_ws/install/velodyne/share/velodyne/environment/path.dsv
[2.935s] -- Up-to-date symlink: /home/pi/Desktop/scrap_ws/install/velodyne/share/velodyne/local_setup.bash
[3.003s] -- Up-to-date symlink: /home/pi/Desktop/scrap_ws/install/velodyne/share/velodyne/local_setup.sh
[3.069s] -- Up-to-date symlink: /home/pi/Desktop/scrap_ws/install/velodyne/share/velodyne/local_setup.zsh
[3.128s] -- Up-to-date symlink: /home/pi/Desktop/scrap_ws/install/velodyne/share/velodyne/local_setup.dsv
[3.130s] -- Symlinking: /home/pi/Desktop/scrap_ws/install/velodyne/share/velodyne/package.dsv
[3.250s] -- Up-to-date symlink: /home/pi/Desktop/scrap_ws/install/velodyne/share/ament_index/resource_index/packages/velodyne
[3.309s] -- Up-to-date symlink: /home/pi/Desktop/scrap_ws/install/velodyne/share/velodyne/cmake/velodyneConfig.cmake
[3.374s] -- Up-to-date symlink: /home/pi/Desktop/scrap_ws/install/velodyne/share/velodyne/cmake/velodyneConfig-version.cmake
[3.377s] -- Up-to-date symlink: /home/pi/Desktop/scrap_ws/install/velodyne/share/velodyne/package.xml
[3.386s] Invoked command in '/home/pi/Desktop/scrap_ws/build/velodyne' returned '0': CMAKE_PREFIX_PATH=/home/pi/Desktop/scrap_ws/install/velodyne_pointcloud:/home/pi/Desktop/scrap_ws/install/velodyne_driver:/home/pi/Desktop/scrap_ws/install/velodyne_msgs:/home/pi/Desktop/scrap_ws/install/velodyne_laserscan:/home/pi/Desktop/scrap_ws/install/velodyne:/home/pi/Desktop/scrap_ws/install/diffdrive_arduino:/home/pi/Desktop/scrap_ws/install/scrap_pkg:/opt/ros/humble /usr/bin/cmake --install /home/pi/Desktop/scrap_ws/build/velodyne
