[0.013s] Invoking command in '/home/dayo/Desktop/scrap_ws/build/velodyne_msgs': /usr/bin/cmake /home/dayo/Desktop/scrap_ws/src/velodyne/velodyne_msgs -DCATKIN_INSTALL_INTO_PREFIX_ROOT=0 -DCMAKE_INSTALL_PREFIX=/home/dayo/Desktop/scrap_ws/install/velodyne_msgs
[0.020s] [0mCMake Deprecation Warning at CMakeLists.txt:1 (cmake_minimum_required):
[0.021s]   Compatibility with CMake < 2.8.12 will be removed from a future version of
[0.021s]   CMake.
[0.021s] 
[0.021s]   Update the VERSION argument <min> value or use a ...<max> suffix to tell
[0.021s]   CMake that the project does not need compatibility with older versions.
[0.021s] 
[0.021s] [0m
[0.035s] [31mCMake Error at CMakeLists.txt:4 (find_package):
[0.035s]   By not providing "Findcatkin.cmake" in CMAKE_MODULE_PATH this project has
[0.036s]   asked CMake to find a package configuration file provided by "catkin", but
[0.036s]   CMake did not find one.
[0.036s] 
[0.036s]   Could not find a package configuration file provided by "catkin" with any
[0.036s]   of the following names:
[0.036s] 
[0.036s]     catkinConfig.cmake
[0.036s]     catkin-config.cmake
[0.036s] 
[0.036s]   Add the installation prefix of "catkin" to CMAKE_PREFIX_PATH or set
[0.036s]   "catkin_DIR" to a directory containing one of the above files.  If "catkin"
[0.036s]   provides a separate development package or SDK, be sure it has been
[0.036s]   installed.
[0.036s] 
[0.036s] [0m
[0.036s] -- Configuring incomplete, errors occurred!
[0.036s] See also "/home/dayo/Desktop/scrap_ws/build/velodyne_msgs/CMakeFiles/CMakeOutput.log".
[0.039s] Invoked command in '/home/dayo/Desktop/scrap_ws/build/velodyne_msgs' returned '1': /usr/bin/cmake /home/dayo/Desktop/scrap_ws/src/velodyne/velodyne_msgs -DCATKIN_INSTALL_INTO_PREFIX_ROOT=0 -DCMAKE_INSTALL_PREFIX=/home/dayo/Desktop/scrap_ws/install/velodyne_msgs
