[5.653s] Invoking command in '/home/pi/Desktop/scrap_ws/build/scrap_pkg': PYTHONPATH=/home/pi/Desktop/scrap_ws/build/scrap_pkg/prefix_override:/home/pi/Desktop/scrap_ws/install/scrap_pkg/lib/python3.10/site-packages:${PYTHONPATH} /usr/bin/python3 setup.py develop --editable --build-directory /home/pi/Desktop/scrap_ws/build/scrap_pkg/build --no-deps install_data
[7.303s] running develop
[7.304s] /usr/lib/python3/dist-packages/setuptools/command/easy_install.py:158: EasyInstallDeprecationWarning: easy_install command is deprecated. Use build and pip and other standards-based tools.
[7.304s]   warnings.warn(
[7.311s] /usr/lib/python3/dist-packages/setuptools/command/install.py:34: SetuptoolsDeprecationWarning: setup.py install is deprecated. Use build and pip and other standards-based tools.
[7.312s]   warnings.warn(
[8.631s] running egg_info
[8.632s] writing scrap_pkg.egg-info/PKG-INFO
[8.634s] writing dependency_links to scrap_pkg.egg-info/dependency_links.txt
[8.636s] writing entry points to scrap_pkg.egg-info/entry_points.txt
[8.636s] writing requirements to scrap_pkg.egg-info/requires.txt
[8.637s] writing top-level names to scrap_pkg.egg-info/top_level.txt
[8.646s] reading manifest file 'scrap_pkg.egg-info/SOURCES.txt'
[8.651s] writing manifest file 'scrap_pkg.egg-info/SOURCES.txt'
[8.658s] running build_ext
[8.659s] Creating /home/pi/Desktop/scrap_ws/install/scrap_pkg/lib/python3.10/site-packages/scrap-pkg.egg-link (link to .)
[8.664s] Installing motor_node script to /home/pi/Desktop/scrap_ws/install/scrap_pkg/lib/scrap_pkg
[8.666s] 
[8.668s] Installed /home/pi/Desktop/scrap_ws/build/scrap_pkg
[8.669s] running install_data
[8.670s] copying description/ros2_control.xacro -> /home/pi/Desktop/scrap_ws/install/scrap_pkg/share/scrap_pkg/description
[9.491s] Invoked command in '/home/pi/Desktop/scrap_ws/build/scrap_pkg' returned '0': PYTHONPATH=/home/pi/Desktop/scrap_ws/build/scrap_pkg/prefix_override:/home/pi/Desktop/scrap_ws/install/scrap_pkg/lib/python3.10/site-packages:${PYTHONPATH} /usr/bin/python3 setup.py develop --editable --build-directory /home/pi/Desktop/scrap_ws/build/scrap_pkg/build --no-deps install_data
