[0.449s] Invoking command in '/home/pi/Desktop/scrap_ws/build/velodyne_pointcloud': CMAKE_PREFIX_PATH=/home/pi/Desktop/scrap_ws/install/velodyne_msgs:/home/pi/Desktop/scrap_ws/install/velodyne:/home/pi/Desktop/scrap_ws/install/velodyne_pointcloud:/home/pi/Desktop/scrap_ws/install/velodyne_driver:/home/pi/Desktop/scrap_ws/install/velodyne_laserscan:/home/pi/Desktop/scrap_ws/install/diffdrive_arduino:/home/pi/Desktop/scrap_ws/install/scrap_pkg:/opt/ros/humble LD_LIBRARY_PATH=/home/pi/Desktop/scrap_ws/install/velodyne_msgs/lib:/home/pi/Desktop/scrap_ws/install/velodyne_pointcloud/lib:/home/pi/Desktop/scrap_ws/install/velodyne_driver/lib:/home/pi/Desktop/scrap_ws/install/velodyne_laserscan/lib:/home/pi/Desktop/scrap_ws/install/diffdrive_arduino/lib:/opt/ros/humble/opt/rviz_ogre_vendor/lib:/opt/ros/humble/lib/aarch64-linux-gnu:/opt/ros/humble/lib /usr/bin/cmake --build /home/pi/Desktop/scrap_ws/build/velodyne_pointcloud -- -j4 -l4
[0.955s] [ 11%] Built target gtest_main
[0.963s] [ 22%] Built target gtest
[0.986s] [ 38%] Built target velodyne_rawdata
[1.009s] [ 55%] Built target velodyne_cloud_types
[1.219s] [ 66%] Built target test_calibration
[1.226s] [ 77%] Built target test_row_step
[1.265s] [ 88%] Built target transform
[1.439s] [100%] Built target velodyne_transform_node
[1.495s] Invoked command in '/home/pi/Desktop/scrap_ws/build/velodyne_pointcloud' returned '0': CMAKE_PREFIX_PATH=/home/pi/Desktop/scrap_ws/install/velodyne_msgs:/home/pi/Desktop/scrap_ws/install/velodyne:/home/pi/Desktop/scrap_ws/install/velodyne_pointcloud:/home/pi/Desktop/scrap_ws/install/velodyne_driver:/home/pi/Desktop/scrap_ws/install/velodyne_laserscan:/home/pi/Desktop/scrap_ws/install/diffdrive_arduino:/home/pi/Desktop/scrap_ws/install/scrap_pkg:/opt/ros/humble LD_LIBRARY_PATH=/home/pi/Desktop/scrap_ws/install/velodyne_msgs/lib:/home/pi/Desktop/scrap_ws/install/velodyne_pointcloud/lib:/home/pi/Desktop/scrap_ws/install/velodyne_driver/lib:/home/pi/Desktop/scrap_ws/install/velodyne_laserscan/lib:/home/pi/Desktop/scrap_ws/install/diffdrive_arduino/lib:/opt/ros/humble/opt/rviz_ogre_vendor/lib:/opt/ros/humble/lib/aarch64-linux-gnu:/opt/ros/humble/lib /usr/bin/cmake --build /home/pi/Desktop/scrap_ws/build/velodyne_pointcloud -- -j4 -l4
[2.241s] Invoking command in '/home/pi/Desktop/scrap_ws/build/velodyne_pointcloud': CMAKE_PREFIX_PATH=/home/pi/Desktop/scrap_ws/install/velodyne_msgs:/home/pi/Desktop/scrap_ws/install/velodyne:/home/pi/Desktop/scrap_ws/install/velodyne_pointcloud:/home/pi/Desktop/scrap_ws/install/velodyne_driver:/home/pi/Desktop/scrap_ws/install/velodyne_laserscan:/home/pi/Desktop/scrap_ws/install/diffdrive_arduino:/home/pi/Desktop/scrap_ws/install/scrap_pkg:/opt/ros/humble LD_LIBRARY_PATH=/home/pi/Desktop/scrap_ws/install/velodyne_msgs/lib:/home/pi/Desktop/scrap_ws/install/velodyne_pointcloud/lib:/home/pi/Desktop/scrap_ws/install/velodyne_driver/lib:/home/pi/Desktop/scrap_ws/install/velodyne_laserscan/lib:/home/pi/Desktop/scrap_ws/install/diffdrive_arduino/lib:/opt/ros/humble/opt/rviz_ogre_vendor/lib:/opt/ros/humble/lib/aarch64-linux-gnu:/opt/ros/humble/lib /usr/bin/cmake --install /home/pi/Desktop/scrap_ws/build/velodyne_pointcloud
[2.295s] -- Install configuration: ""
[2.298s] -- Execute custom install script
[2.302s] -- Up-to-date symlink: /home/pi/Desktop/scrap_ws/install/velodyne_pointcloud/lib/libvelodyne_cloud_types.so
[2.304s] -- Up-to-date symlink: /home/pi/Desktop/scrap_ws/install/velodyne_pointcloud/lib/libvelodyne_rawdata.so
[2.306s] -- Up-to-date symlink: /home/pi/Desktop/scrap_ws/install/velodyne_pointcloud/lib/libtransform.so
[2.310s] -- Up-to-date symlink: /home/pi/Desktop/scrap_ws/install/velodyne_pointcloud/lib/velodyne_pointcloud/velodyne_transform_node
[2.314s] -- Up-to-date symlink: /home/pi/Desktop/scrap_ws/install/velodyne_pointcloud/include/velodyne_pointcloud/calibration.hpp
[2.316s] -- Up-to-date symlink: /home/pi/Desktop/scrap_ws/install/velodyne_pointcloud/include/velodyne_pointcloud/datacontainerbase.hpp
[2.317s] -- Up-to-date symlink: /home/pi/Desktop/scrap_ws/install/velodyne_pointcloud/include/velodyne_pointcloud/organized_cloudXYZIRT.hpp
[2.319s] -- Up-to-date symlink: /home/pi/Desktop/scrap_ws/install/velodyne_pointcloud/include/velodyne_pointcloud/pointcloudXYZIRT.hpp
[2.321s] -- Up-to-date symlink: /home/pi/Desktop/scrap_ws/install/velodyne_pointcloud/include/velodyne_pointcloud/rawdata.hpp
[2.322s] -- Up-to-date symlink: /home/pi/Desktop/scrap_ws/install/velodyne_pointcloud/include/velodyne_pointcloud/transform.hpp
[2.325s] -- Up-to-date symlink: /home/pi/Desktop/scrap_ws/install/velodyne_pointcloud/share/velodyne_pointcloud/config/VLP16-velodyne_transform_node-params.yaml
[2.327s] -- Up-to-date symlink: /home/pi/Desktop/scrap_ws/install/velodyne_pointcloud/share/velodyne_pointcloud/config/VLP32C-velodyne_transform_node-params.yaml
[2.329s] -- Up-to-date symlink: /home/pi/Desktop/scrap_ws/install/velodyne_pointcloud/share/velodyne_pointcloud/config/VLS128-velodyne_transform_node-params.yaml
[2.332s] -- Up-to-date symlink: /home/pi/Desktop/scrap_ws/install/velodyne_pointcloud/share/velodyne_pointcloud/launch/velodyne_transform_node-VLP16-composed-launch.py
[2.334s] -- Up-to-date symlink: /home/pi/Desktop/scrap_ws/install/velodyne_pointcloud/share/velodyne_pointcloud/launch/velodyne_transform_node-VLP16-launch.py
[2.337s] -- Up-to-date symlink: /home/pi/Desktop/scrap_ws/install/velodyne_pointcloud/share/velodyne_pointcloud/launch/velodyne_transform_node-VLP32C-composed-launch.py
[2.339s] -- Up-to-date symlink: /home/pi/Desktop/scrap_ws/install/velodyne_pointcloud/share/velodyne_pointcloud/launch/velodyne_transform_node-VLP32C-launch.py
[2.340s] -- Up-to-date symlink: /home/pi/Desktop/scrap_ws/install/velodyne_pointcloud/share/velodyne_pointcloud/launch/velodyne_transform_node-VLS128-composed-launch.py
[2.341s] -- Up-to-date symlink: /home/pi/Desktop/scrap_ws/install/velodyne_pointcloud/share/velodyne_pointcloud/launch/velodyne_transform_node-VLS128-launch.py
[2.342s] -- Up-to-date symlink: /home/pi/Desktop/scrap_ws/install/velodyne_pointcloud/share/velodyne_pointcloud/params/32db.yaml
[2.343s] -- Up-to-date symlink: /home/pi/Desktop/scrap_ws/install/velodyne_pointcloud/share/velodyne_pointcloud/params/64e_s2.1-sztaki.yaml
[2.344s] -- Up-to-date symlink: /home/pi/Desktop/scrap_ws/install/velodyne_pointcloud/share/velodyne_pointcloud/params/64e_s3-xiesc.yaml
[2.346s] -- Up-to-date symlink: /home/pi/Desktop/scrap_ws/install/velodyne_pointcloud/share/velodyne_pointcloud/params/64e_utexas.yaml
[2.348s] -- Up-to-date symlink: /home/pi/Desktop/scrap_ws/install/velodyne_pointcloud/share/velodyne_pointcloud/params/VLP16_hires_db.yaml
[2.349s] -- Up-to-date symlink: /home/pi/Desktop/scrap_ws/install/velodyne_pointcloud/share/velodyne_pointcloud/params/VLP16db.yaml
[2.352s] -- Up-to-date symlink: /home/pi/Desktop/scrap_ws/install/velodyne_pointcloud/share/velodyne_pointcloud/params/VLS128.yaml
[2.353s] -- Up-to-date symlink: /home/pi/Desktop/scrap_ws/install/velodyne_pointcloud/share/velodyne_pointcloud/params/VeloView-VLP-32C.yaml
[2.354s] -- Up-to-date symlink: /home/pi/Desktop/scrap_ws/install/velodyne_pointcloud/share/velodyne_pointcloud/params/issue_84_float_intensities.yaml
[2.355s] -- Up-to-date symlink: /home/pi/Desktop/scrap_ws/install/velodyne_pointcloud/share/velodyne_pointcloud/params/rviz_points.vcg
[2.357s] -- Up-to-date symlink: /home/pi/Desktop/scrap_ws/install/velodyne_pointcloud/share/ament_index/resource_index/package_run_dependencies/velodyne_pointcloud
[2.359s] -- Up-to-date symlink: /home/pi/Desktop/scrap_ws/install/velodyne_pointcloud/share/ament_index/resource_index/parent_prefix_path/velodyne_pointcloud
[2.361s] -- Up-to-date symlink: /home/pi/Desktop/scrap_ws/install/velodyne_pointcloud/share/velodyne_pointcloud/environment/ament_prefix_path.sh
[2.362s] -- Up-to-date symlink: /home/pi/Desktop/scrap_ws/install/velodyne_pointcloud/share/velodyne_pointcloud/environment/ament_prefix_path.dsv
[2.364s] -- Up-to-date symlink: /home/pi/Desktop/scrap_ws/install/velodyne_pointcloud/share/velodyne_pointcloud/environment/path.sh
[2.367s] -- Up-to-date symlink: /home/pi/Desktop/scrap_ws/install/velodyne_pointcloud/share/velodyne_pointcloud/environment/path.dsv
[2.372s] -- Up-to-date symlink: /home/pi/Desktop/scrap_ws/install/velodyne_pointcloud/share/velodyne_pointcloud/local_setup.bash
[2.374s] -- Up-to-date symlink: /home/pi/Desktop/scrap_ws/install/velodyne_pointcloud/share/velodyne_pointcloud/local_setup.sh
[2.375s] -- Up-to-date symlink: /home/pi/Desktop/scrap_ws/install/velodyne_pointcloud/share/velodyne_pointcloud/local_setup.zsh
[2.379s] -- Up-to-date symlink: /home/pi/Desktop/scrap_ws/install/velodyne_pointcloud/share/velodyne_pointcloud/local_setup.dsv
[2.381s] -- Symlinking: /home/pi/Desktop/scrap_ws/install/velodyne_pointcloud/share/velodyne_pointcloud/package.dsv
[2.417s] -- Up-to-date symlink: /home/pi/Desktop/scrap_ws/install/velodyne_pointcloud/share/ament_index/resource_index/packages/velodyne_pointcloud
[2.419s] -- Up-to-date symlink: /home/pi/Desktop/scrap_ws/install/velodyne_pointcloud/share/ament_index/resource_index/rclcpp_components/velodyne_pointcloud
[2.420s] -- Up-to-date symlink: /home/pi/Desktop/scrap_ws/install/velodyne_pointcloud/share/velodyne_pointcloud/cmake/velodyne_pointcloudConfig.cmake
[2.421s] -- Up-to-date symlink: /home/pi/Desktop/scrap_ws/install/velodyne_pointcloud/share/velodyne_pointcloud/cmake/velodyne_pointcloudConfig-version.cmake
[2.422s] -- Up-to-date symlink: /home/pi/Desktop/scrap_ws/install/velodyne_pointcloud/share/velodyne_pointcloud/package.xml
[3.196s] Invoked command in '/home/pi/Desktop/scrap_ws/build/velodyne_pointcloud' returned '0': CMAKE_PREFIX_PATH=/home/pi/Desktop/scrap_ws/install/velodyne_msgs:/home/pi/Desktop/scrap_ws/install/velodyne:/home/pi/Desktop/scrap_ws/install/velodyne_pointcloud:/home/pi/Desktop/scrap_ws/install/velodyne_driver:/home/pi/Desktop/scrap_ws/install/velodyne_laserscan:/home/pi/Desktop/scrap_ws/install/diffdrive_arduino:/home/pi/Desktop/scrap_ws/install/scrap_pkg:/opt/ros/humble LD_LIBRARY_PATH=/home/pi/Desktop/scrap_ws/install/velodyne_msgs/lib:/home/pi/Desktop/scrap_ws/install/velodyne_pointcloud/lib:/home/pi/Desktop/scrap_ws/install/velodyne_driver/lib:/home/pi/Desktop/scrap_ws/install/velodyne_laserscan/lib:/home/pi/Desktop/scrap_ws/install/diffdrive_arduino/lib:/opt/ros/humble/opt/rviz_ogre_vendor/lib:/opt/ros/humble/lib/aarch64-linux-gnu:/opt/ros/humble/lib /usr/bin/cmake --install /home/pi/Desktop/scrap_ws/build/velodyne_pointcloud
