[1.374s] Invoking command in '/home/pi/Desktop/scrap_ws/build/velodyne_driver': CMAKE_PREFIX_PATH=/home/pi/Desktop/scrap_ws/install/velodyne_msgs:/home/pi/Desktop/scrap_ws/install/velodyne:/home/pi/Desktop/scrap_ws/install/velodyne_pointcloud:/home/pi/Desktop/scrap_ws/install/velodyne_driver:/home/pi/Desktop/scrap_ws/install/velodyne_laserscan:/home/pi/Desktop/scrap_ws/install/diffdrive_arduino:/home/pi/Desktop/scrap_ws/install/scrap_pkg:/opt/ros/humble LD_LIBRARY_PATH=/home/pi/Desktop/scrap_ws/install/velodyne_msgs/lib:/home/pi/Desktop/scrap_ws/install/velodyne_pointcloud/lib:/home/pi/Desktop/scrap_ws/install/velodyne_driver/lib:/home/pi/Desktop/scrap_ws/install/velodyne_laserscan/lib:/home/pi/Desktop/scrap_ws/install/diffdrive_arduino/lib:/opt/ros/humble/opt/rviz_ogre_vendor/lib:/opt/ros/humble/lib/aarch64-linux-gnu:/opt/ros/humble/lib /usr/bin/cmake --build /home/pi/Desktop/scrap_ws/build/velodyne_driver -- -j4 -l4
[1.637s] [ 16%] Built target velodyne_input
[1.758s] [ 33%] Built target gtest
[1.902s] [ 50%] Built target velodyne_driver
[2.022s] [ 66%] Built target gtest_main
[2.166s] [ 83%] Built target velodyne_driver_node
[2.307s] [100%] Built target time_test
[2.359s] Invoked command in '/home/pi/Desktop/scrap_ws/build/velodyne_driver' returned '0': CMAKE_PREFIX_PATH=/home/pi/Desktop/scrap_ws/install/velodyne_msgs:/home/pi/Desktop/scrap_ws/install/velodyne:/home/pi/Desktop/scrap_ws/install/velodyne_pointcloud:/home/pi/Desktop/scrap_ws/install/velodyne_driver:/home/pi/Desktop/scrap_ws/install/velodyne_laserscan:/home/pi/Desktop/scrap_ws/install/diffdrive_arduino:/home/pi/Desktop/scrap_ws/install/scrap_pkg:/opt/ros/humble LD_LIBRARY_PATH=/home/pi/Desktop/scrap_ws/install/velodyne_msgs/lib:/home/pi/Desktop/scrap_ws/install/velodyne_pointcloud/lib:/home/pi/Desktop/scrap_ws/install/velodyne_driver/lib:/home/pi/Desktop/scrap_ws/install/velodyne_laserscan/lib:/home/pi/Desktop/scrap_ws/install/diffdrive_arduino/lib:/opt/ros/humble/opt/rviz_ogre_vendor/lib:/opt/ros/humble/lib/aarch64-linux-gnu:/opt/ros/humble/lib /usr/bin/cmake --build /home/pi/Desktop/scrap_ws/build/velodyne_driver -- -j4 -l4
[2.592s] Invoking command in '/home/pi/Desktop/scrap_ws/build/velodyne_driver': CMAKE_PREFIX_PATH=/home/pi/Desktop/scrap_ws/install/velodyne_msgs:/home/pi/Desktop/scrap_ws/install/velodyne:/home/pi/Desktop/scrap_ws/install/velodyne_pointcloud:/home/pi/Desktop/scrap_ws/install/velodyne_driver:/home/pi/Desktop/scrap_ws/install/velodyne_laserscan:/home/pi/Desktop/scrap_ws/install/diffdrive_arduino:/home/pi/Desktop/scrap_ws/install/scrap_pkg:/opt/ros/humble LD_LIBRARY_PATH=/home/pi/Desktop/scrap_ws/install/velodyne_msgs/lib:/home/pi/Desktop/scrap_ws/install/velodyne_pointcloud/lib:/home/pi/Desktop/scrap_ws/install/velodyne_driver/lib:/home/pi/Desktop/scrap_ws/install/velodyne_laserscan/lib:/home/pi/Desktop/scrap_ws/install/diffdrive_arduino/lib:/opt/ros/humble/opt/rviz_ogre_vendor/lib:/opt/ros/humble/lib/aarch64-linux-gnu:/opt/ros/humble/lib /usr/bin/cmake --install /home/pi/Desktop/scrap_ws/build/velodyne_driver
[2.629s] -- Install configuration: ""
[2.630s] -- Execute custom install script
[2.633s] -- Up-to-date symlink: /home/pi/Desktop/scrap_ws/install/velodyne_driver/lib/libvelodyne_input.so
[2.634s] -- Up-to-date symlink: /home/pi/Desktop/scrap_ws/install/velodyne_driver/lib/libvelodyne_driver.so
[2.636s] -- Up-to-date symlink: /home/pi/Desktop/scrap_ws/install/velodyne_driver/lib/velodyne_driver/velodyne_driver_node
[2.638s] -- Up-to-date symlink: /home/pi/Desktop/scrap_ws/install/velodyne_driver/include/velodyne_driver/driver.hpp
[2.639s] -- Up-to-date symlink: /home/pi/Desktop/scrap_ws/install/velodyne_driver/include/velodyne_driver/input.hpp
[2.640s] -- Up-to-date symlink: /home/pi/Desktop/scrap_ws/install/velodyne_driver/include/velodyne_driver/time_conversion.hpp
[2.642s] -- Up-to-date symlink: /home/pi/Desktop/scrap_ws/install/velodyne_driver/share/velodyne_driver/config/VLP16-velodyne_driver_node-params.yaml
[2.643s] -- Up-to-date symlink: /home/pi/Desktop/scrap_ws/install/velodyne_driver/share/velodyne_driver/config/VLP32C-velodyne_driver_node-params.yaml
[2.644s] -- Up-to-date symlink: /home/pi/Desktop/scrap_ws/install/velodyne_driver/share/velodyne_driver/config/VLS128-velodyne_driver_node-params.yaml
[2.646s] -- Up-to-date symlink: /home/pi/Desktop/scrap_ws/install/velodyne_driver/share/velodyne_driver/launch/velodyne_driver_node-VLP16-composed-launch.py
[2.647s] -- Up-to-date symlink: /home/pi/Desktop/scrap_ws/install/velodyne_driver/share/velodyne_driver/launch/velodyne_driver_node-VLP16-launch.py
[2.648s] -- Up-to-date symlink: /home/pi/Desktop/scrap_ws/install/velodyne_driver/share/velodyne_driver/launch/velodyne_driver_node-VLP32C-composed-launch.py
[2.649s] -- Up-to-date symlink: /home/pi/Desktop/scrap_ws/install/velodyne_driver/share/velodyne_driver/launch/velodyne_driver_node-VLP32C-launch.py
[2.650s] -- Up-to-date symlink: /home/pi/Desktop/scrap_ws/install/velodyne_driver/share/velodyne_driver/launch/velodyne_driver_node-VLS128-composed-launch.py
[2.652s] -- Up-to-date symlink: /home/pi/Desktop/scrap_ws/install/velodyne_driver/share/velodyne_driver/launch/velodyne_driver_node-VLS128-launch.py
[2.653s] -- Up-to-date symlink: /home/pi/Desktop/scrap_ws/install/velodyne_driver/lib/velodyne_driver/vdump
[2.655s] -- Up-to-date symlink: /home/pi/Desktop/scrap_ws/install/velodyne_driver/share/ament_index/resource_index/package_run_dependencies/velodyne_driver
[2.657s] -- Up-to-date symlink: /home/pi/Desktop/scrap_ws/install/velodyne_driver/share/ament_index/resource_index/parent_prefix_path/velodyne_driver
[2.658s] -- Up-to-date symlink: /home/pi/Desktop/scrap_ws/install/velodyne_driver/share/velodyne_driver/environment/ament_prefix_path.sh
[2.660s] -- Up-to-date symlink: /home/pi/Desktop/scrap_ws/install/velodyne_driver/share/velodyne_driver/environment/ament_prefix_path.dsv
[2.661s] -- Up-to-date symlink: /home/pi/Desktop/scrap_ws/install/velodyne_driver/share/velodyne_driver/environment/path.sh
[2.662s] -- Up-to-date symlink: /home/pi/Desktop/scrap_ws/install/velodyne_driver/share/velodyne_driver/environment/path.dsv
[2.664s] -- Up-to-date symlink: /home/pi/Desktop/scrap_ws/install/velodyne_driver/share/velodyne_driver/local_setup.bash
[2.665s] -- Up-to-date symlink: /home/pi/Desktop/scrap_ws/install/velodyne_driver/share/velodyne_driver/local_setup.sh
[2.666s] -- Up-to-date symlink: /home/pi/Desktop/scrap_ws/install/velodyne_driver/share/velodyne_driver/local_setup.zsh
[2.667s] -- Up-to-date symlink: /home/pi/Desktop/scrap_ws/install/velodyne_driver/share/velodyne_driver/local_setup.dsv
[2.668s] -- Symlinking: /home/pi/Desktop/scrap_ws/install/velodyne_driver/share/velodyne_driver/package.dsv
[2.712s] -- Up-to-date symlink: /home/pi/Desktop/scrap_ws/install/velodyne_driver/share/ament_index/resource_index/packages/velodyne_driver
[2.713s] -- Up-to-date symlink: /home/pi/Desktop/scrap_ws/install/velodyne_driver/share/ament_index/resource_index/rclcpp_components/velodyne_driver
[2.714s] -- Up-to-date symlink: /home/pi/Desktop/scrap_ws/install/velodyne_driver/share/velodyne_driver/cmake/velodyne_driverConfig.cmake
[2.716s] -- Up-to-date symlink: /home/pi/Desktop/scrap_ws/install/velodyne_driver/share/velodyne_driver/cmake/velodyne_driverConfig-version.cmake
[2.716s] -- Up-to-date symlink: /home/pi/Desktop/scrap_ws/install/velodyne_driver/share/velodyne_driver/package.xml
[2.724s] Invoked command in '/home/pi/Desktop/scrap_ws/build/velodyne_driver' returned '0': CMAKE_PREFIX_PATH=/home/pi/Desktop/scrap_ws/install/velodyne_msgs:/home/pi/Desktop/scrap_ws/install/velodyne:/home/pi/Desktop/scrap_ws/install/velodyne_pointcloud:/home/pi/Desktop/scrap_ws/install/velodyne_driver:/home/pi/Desktop/scrap_ws/install/velodyne_laserscan:/home/pi/Desktop/scrap_ws/install/diffdrive_arduino:/home/pi/Desktop/scrap_ws/install/scrap_pkg:/opt/ros/humble LD_LIBRARY_PATH=/home/pi/Desktop/scrap_ws/install/velodyne_msgs/lib:/home/pi/Desktop/scrap_ws/install/velodyne_pointcloud/lib:/home/pi/Desktop/scrap_ws/install/velodyne_driver/lib:/home/pi/Desktop/scrap_ws/install/velodyne_laserscan/lib:/home/pi/Desktop/scrap_ws/install/diffdrive_arduino/lib:/opt/ros/humble/opt/rviz_ogre_vendor/lib:/opt/ros/humble/lib/aarch64-linux-gnu:/opt/ros/humble/lib /usr/bin/cmake --install /home/pi/Desktop/scrap_ws/build/velodyne_driver
