[0.723s] Invoking command in '/home/pi/Desktop/scrap_ws/build/diffdrive_arduino': CMAKE_PREFIX_PATH=/opt/ros/humble /usr/bin/cmake --build /home/pi/Desktop/scrap_ws/build/diffdrive_arduino -- -j4 -l4
[1.030s] [100%] Built target diffdrive_arduino
[2.955s] Invoked command in '/home/pi/Desktop/scrap_ws/build/diffdrive_arduino' returned '0': CMAKE_PREFIX_PATH=/opt/ros/humble /usr/bin/cmake --build /home/pi/Desktop/scrap_ws/build/diffdrive_arduino -- -j4 -l4
[3.158s] Invoking command in '/home/pi/Desktop/scrap_ws/build/diffdrive_arduino': CMAKE_PREFIX_PATH=/opt/ros/humble /usr/bin/cmake --install /home/pi/Desktop/scrap_ws/build/diffdrive_arduino
[3.197s] -- Install configuration: ""
[3.202s] -- Execute custom install script
[3.206s] -- Up-to-date symlink: /home/pi/Desktop/scrap_ws/install/diffdrive_arduino/share/diffdrive_arduino//diffdrive_arduino.xml
[3.211s] -- Up-to-date symlink: /home/pi/Desktop/scrap_ws/install/diffdrive_arduino/include/diffdrive_arduino/diffdrive_arduino/arduino_comms.hpp
[3.214s] -- Up-to-date symlink: /home/pi/Desktop/scrap_ws/install/diffdrive_arduino/include/diffdrive_arduino/diffdrive_arduino/diffbot_system.hpp
[3.219s] -- Up-to-date symlink: /home/pi/Desktop/scrap_ws/install/diffdrive_arduino/include/diffdrive_arduino/diffdrive_arduino/motor_controller.hpp
[3.224s] -- Up-to-date symlink: /home/pi/Desktop/scrap_ws/install/diffdrive_arduino/include/diffdrive_arduino/diffdrive_arduino/visibility_control.h
[3.229s] -- Up-to-date symlink: /home/pi/Desktop/scrap_ws/install/diffdrive_arduino/include/diffdrive_arduino/diffdrive_arduino/wheel.hpp
[3.240s] -- Up-to-date symlink: /home/pi/Desktop/scrap_ws/install/diffdrive_arduino/share/diffdrive_arduino/launch/view_robot.launch.py
[3.250s] -- Up-to-date symlink: /home/pi/Desktop/scrap_ws/install/diffdrive_arduino/share/diffdrive_arduino/ros2_control/diffbot.ros2_control.xacro
[3.250s] -- Up-to-date symlink: /home/pi/Desktop/scrap_ws/install/diffdrive_arduino/share/diffdrive_arduino/urdf/diffbot.materials.xacro
[3.254s] -- Up-to-date symlink: /home/pi/Desktop/scrap_ws/install/diffdrive_arduino/share/diffdrive_arduino/urdf/diffbot.urdf.xacro
[3.255s] -- Up-to-date symlink: /home/pi/Desktop/scrap_ws/install/diffdrive_arduino/share/diffdrive_arduino/urdf/diffbot_description.urdf.xacro
[3.258s] -- Up-to-date symlink: /home/pi/Desktop/scrap_ws/install/diffdrive_arduino/share/diffdrive_arduino/rviz/diffbot.rviz
[3.261s] -- Up-to-date symlink: /home/pi/Desktop/scrap_ws/install/diffdrive_arduino/share/diffdrive_arduino/rviz/diffbot_view.rviz
[3.264s] -- Up-to-date symlink: /home/pi/Desktop/scrap_ws/install/diffdrive_arduino/share/diffdrive_arduino/launch/diffbot.launch.py
[3.268s] -- Up-to-date symlink: /home/pi/Desktop/scrap_ws/install/diffdrive_arduino/share/diffdrive_arduino/config/diffbot_controllers.yaml
[3.270s] -- Up-to-date symlink: /home/pi/Desktop/scrap_ws/install/diffdrive_arduino/share/diffdrive_arduino/environment/library_path.sh
[3.271s] -- Up-to-date symlink: /home/pi/Desktop/scrap_ws/install/diffdrive_arduino/share/diffdrive_arduino/environment/library_path.dsv
[3.273s] -- Up-to-date symlink: /home/pi/Desktop/scrap_ws/install/diffdrive_arduino/share/ament_index/resource_index/package_run_dependencies/diffdrive_arduino
[3.275s] -- Up-to-date symlink: /home/pi/Desktop/scrap_ws/install/diffdrive_arduino/share/ament_index/resource_index/parent_prefix_path/diffdrive_arduino
[3.276s] -- Up-to-date symlink: /home/pi/Desktop/scrap_ws/install/diffdrive_arduino/share/diffdrive_arduino/environment/ament_prefix_path.sh
[3.278s] -- Up-to-date symlink: /home/pi/Desktop/scrap_ws/install/diffdrive_arduino/share/diffdrive_arduino/environment/ament_prefix_path.dsv
[3.279s] -- Up-to-date symlink: /home/pi/Desktop/scrap_ws/install/diffdrive_arduino/share/diffdrive_arduino/environment/path.sh
[3.281s] -- Up-to-date symlink: /home/pi/Desktop/scrap_ws/install/diffdrive_arduino/share/diffdrive_arduino/environment/path.dsv
[3.282s] -- Up-to-date symlink: /home/pi/Desktop/scrap_ws/install/diffdrive_arduino/share/diffdrive_arduino/local_setup.bash
[3.284s] -- Up-to-date symlink: /home/pi/Desktop/scrap_ws/install/diffdrive_arduino/share/diffdrive_arduino/local_setup.sh
[3.285s] -- Up-to-date symlink: /home/pi/Desktop/scrap_ws/install/diffdrive_arduino/share/diffdrive_arduino/local_setup.zsh
[3.286s] -- Up-to-date symlink: /home/pi/Desktop/scrap_ws/install/diffdrive_arduino/share/diffdrive_arduino/local_setup.dsv
[3.287s] -- Symlinking: /home/pi/Desktop/scrap_ws/install/diffdrive_arduino/share/diffdrive_arduino/package.dsv
[3.331s] -- Up-to-date symlink: /home/pi/Desktop/scrap_ws/install/diffdrive_arduino/share/ament_index/resource_index/packages/diffdrive_arduino
[3.333s] -- Up-to-date symlink: /home/pi/Desktop/scrap_ws/install/diffdrive_arduino/share/ament_index/resource_index/hardware_interface__pluginlib__plugin/diffdrive_arduino
[3.335s] -- Up-to-date symlink: /home/pi/Desktop/scrap_ws/install/diffdrive_arduino/share/diffdrive_arduino/cmake/ament_cmake_export_targets-extras.cmake
[3.336s] -- Up-to-date symlink: /home/pi/Desktop/scrap_ws/install/diffdrive_arduino/share/diffdrive_arduino/cmake/ament_cmake_export_dependencies-extras.cmake
[3.337s] -- Up-to-date symlink: /home/pi/Desktop/scrap_ws/install/diffdrive_arduino/share/diffdrive_arduino/cmake/diffdrive_arduinoConfig.cmake
[3.338s] -- Up-to-date symlink: /home/pi/Desktop/scrap_ws/install/diffdrive_arduino/share/diffdrive_arduino/cmake/diffdrive_arduinoConfig-version.cmake
[3.341s] -- Up-to-date symlink: /home/pi/Desktop/scrap_ws/install/diffdrive_arduino/share/diffdrive_arduino/package.xml
[3.342s] -- Up-to-date: /home/pi/Desktop/scrap_ws/install/diffdrive_arduino/lib/libdiffdrive_arduino.so
[3.345s] -- Up-to-date: /home/pi/Desktop/scrap_ws/install/diffdrive_arduino/share/diffdrive_arduino/cmake/export_diffdrive_arduinoExport.cmake
[3.346s] -- Up-to-date: /home/pi/Desktop/scrap_ws/install/diffdrive_arduino/share/diffdrive_arduino/cmake/export_diffdrive_arduinoExport-noconfig.cmake
[3.826s] Invoked command in '/home/pi/Desktop/scrap_ws/build/diffdrive_arduino' returned '0': CMAKE_PREFIX_PATH=/opt/ros/humble /usr/bin/cmake --install /home/pi/Desktop/scrap_ws/build/diffdrive_arduino
