[0.394s] Invoking command in '/home/pi/Desktop/scrap_ws/build/velodyne': CMAKE_PREFIX_PATH=/home/pi/Desktop/scrap_ws/install/velodyne_pointcloud:/home/pi/Desktop/scrap_ws/install/velodyne_driver:/home/pi/Desktop/scrap_ws/install/velodyne_msgs:/home/pi/Desktop/scrap_ws/install/velodyne_laserscan:/home/pi/Desktop/scrap_ws/install/velodyne:/home/pi/Desktop/scrap_ws/install/diffdrive_arduino:/home/pi/Desktop/scrap_ws/install/scrap_pkg:/opt/ros/humble /usr/bin/cmake --build /home/pi/Desktop/scrap_ws/build/velodyne -- -j4 -l4
[0.577s] Invoked command in '/home/pi/Desktop/scrap_ws/build/velodyne' returned '0': CMAKE_PREFIX_PATH=/home/pi/Desktop/scrap_ws/install/velodyne_pointcloud:/home/pi/Desktop/scrap_ws/install/velodyne_driver:/home/pi/Desktop/scrap_ws/install/velodyne_msgs:/home/pi/Desktop/scrap_ws/install/velodyne_laserscan:/home/pi/Desktop/scrap_ws/install/velodyne:/home/pi/Desktop/scrap_ws/install/diffdrive_arduino:/home/pi/Desktop/scrap_ws/install/scrap_pkg:/opt/ros/humble /usr/bin/cmake --build /home/pi/Desktop/scrap_ws/build/velodyne -- -j4 -l4
[0.720s] Invoking command in '/home/pi/Desktop/scrap_ws/build/velodyne': CMAKE_PREFIX_PATH=/home/pi/Desktop/scrap_ws/install/velodyne_pointcloud:/home/pi/Desktop/scrap_ws/install/velodyne_driver:/home/pi/Desktop/scrap_ws/install/velodyne_msgs:/home/pi/Desktop/scrap_ws/install/velodyne_laserscan:/home/pi/Desktop/scrap_ws/install/velodyne:/home/pi/Desktop/scrap_ws/install/diffdrive_arduino:/home/pi/Desktop/scrap_ws/install/scrap_pkg:/opt/ros/humble /usr/bin/cmake --install /home/pi/Desktop/scrap_ws/build/velodyne
[0.756s] -- Install configuration: ""
[0.758s] -- Execute custom install script
[0.760s] -- Up-to-date symlink: /home/pi/Desktop/scrap_ws/install/velodyne/share/velodyne/launch/velodyne-all-nodes-VLP16-composed-launch.py
[0.761s] -- Up-to-date symlink: /home/pi/Desktop/scrap_ws/install/velodyne/share/velodyne/launch/velodyne-all-nodes-VLP16-launch.py
[0.763s] -- Up-to-date symlink: /home/pi/Desktop/scrap_ws/install/velodyne/share/velodyne/launch/velodyne-all-nodes-VLP32C-composed-launch.py
[0.763s] -- Up-to-date symlink: /home/pi/Desktop/scrap_ws/install/velodyne/share/velodyne/launch/velodyne-all-nodes-VLP32C-launch.py
[0.764s] -- Up-to-date symlink: /home/pi/Desktop/scrap_ws/install/velodyne/share/velodyne/launch/velodyne-all-nodes-VLS128-composed-launch.py
[0.765s] -- Up-to-date symlink: /home/pi/Desktop/scrap_ws/install/velodyne/share/velodyne/launch/velodyne-all-nodes-VLS128-launch.py
[0.767s] -- Up-to-date symlink: /home/pi/Desktop/scrap_ws/install/velodyne/share/ament_index/resource_index/package_run_dependencies/velodyne
[0.768s] -- Up-to-date symlink: /home/pi/Desktop/scrap_ws/install/velodyne/share/ament_index/resource_index/parent_prefix_path/velodyne
[0.769s] -- Up-to-date symlink: /home/pi/Desktop/scrap_ws/install/velodyne/share/velodyne/environment/ament_prefix_path.sh
[0.770s] -- Up-to-date symlink: /home/pi/Desktop/scrap_ws/install/velodyne/share/velodyne/environment/ament_prefix_path.dsv
[0.771s] -- Up-to-date symlink: /home/pi/Desktop/scrap_ws/install/velodyne/share/velodyne/environment/path.sh
[0.772s] -- Up-to-date symlink: /home/pi/Desktop/scrap_ws/install/velodyne/share/velodyne/environment/path.dsv
[0.773s] -- Up-to-date symlink: /home/pi/Desktop/scrap_ws/install/velodyne/share/velodyne/local_setup.bash
[0.774s] -- Up-to-date symlink: /home/pi/Desktop/scrap_ws/install/velodyne/share/velodyne/local_setup.sh
[0.775s] -- Up-to-date symlink: /home/pi/Desktop/scrap_ws/install/velodyne/share/velodyne/local_setup.zsh
[0.776s] -- Up-to-date symlink: /home/pi/Desktop/scrap_ws/install/velodyne/share/velodyne/local_setup.dsv
[0.777s] -- Symlinking: /home/pi/Desktop/scrap_ws/install/velodyne/share/velodyne/package.dsv
[0.818s] -- Up-to-date symlink: /home/pi/Desktop/scrap_ws/install/velodyne/share/ament_index/resource_index/packages/velodyne
[0.819s] -- Up-to-date symlink: /home/pi/Desktop/scrap_ws/install/velodyne/share/velodyne/cmake/velodyneConfig.cmake
[0.820s] -- Up-to-date symlink: /home/pi/Desktop/scrap_ws/install/velodyne/share/velodyne/cmake/velodyneConfig-version.cmake
[0.821s] -- Up-to-date symlink: /home/pi/Desktop/scrap_ws/install/velodyne/share/velodyne/package.xml
[0.827s] Invoked command in '/home/pi/Desktop/scrap_ws/build/velodyne' returned '0': CMAKE_PREFIX_PATH=/home/pi/Desktop/scrap_ws/install/velodyne_pointcloud:/home/pi/Desktop/scrap_ws/install/velodyne_driver:/home/pi/Desktop/scrap_ws/install/velodyne_msgs:/home/pi/Desktop/scrap_ws/install/velodyne_laserscan:/home/pi/Desktop/scrap_ws/install/velodyne:/home/pi/Desktop/scrap_ws/install/diffdrive_arduino:/home/pi/Desktop/scrap_ws/install/scrap_pkg:/opt/ros/humble /usr/bin/cmake --install /home/pi/Desktop/scrap_ws/build/velodyne
