[5.369s] DEBUG:colcon:Command line arguments: ['/usr/bin/colcon', 'build', '--symlink-install']
[5.369s] DEBUG:colcon:Parsed command line arguments: Namespace(log_base=None, log_level=None, verb_name='build', build_base='build', install_base='install', merge_install=False, symlink_install=True, test_result_base=None, continue_on_error=False, executor='parallel', parallel_workers=4, event_handlers=None, ignore_user_meta=False, metas=['./colcon.meta'], base_paths=['.'], packages_ignore=None, packages_ignore_regex=None, paths=None, packages_up_to=None, packages_up_to_regex=None, packages_above=None, packages_above_and_dependencies=None, packages_above_depth=None, packages_select_by_dep=None, packages_skip_by_dep=None, packages_skip_up_to=None, packages_select_build_failed=False, packages_skip_build_finished=False, packages_select_test_failures=False, packages_skip_test_passed=False, packages_select=None, packages_skip=None, packages_select_regex=None, packages_skip_regex=None, packages_start=None, packages_end=None, allow_overriding=[], cmake_args=None, cmake_target=None, cmake_target_skip_unavailable=False, cmake_clean_cache=False, cmake_clean_first=False, cmake_force_configure=False, ament_cmake_args=None, catkin_cmake_args=None, catkin_skip_building_tests=False, verb_parser=<colcon_defaults.argument_parser.defaults.DefaultArgumentsDecorator object at 0xffff9b4072e0>, verb_extension=<colcon_core.verb.build.BuildVerb object at 0xffff9b407670>, main=<bound method BuildVerb.main of <colcon_core.verb.build.BuildVerb object at 0xffff9b407670>>)
[5.611s] Level 1:colcon.colcon_core.package_discovery:discover_packages(colcon_meta) check parameters
[5.612s] Level 1:colcon.colcon_core.package_discovery:discover_packages(recursive) check parameters
[5.612s] Level 1:colcon.colcon_core.package_discovery:discover_packages(ignore) check parameters
[5.612s] Level 1:colcon.colcon_core.package_discovery:discover_packages(path) check parameters
[5.612s] Level 1:colcon.colcon_core.package_discovery:discover_packages(colcon_meta) discover
[5.613s] Level 1:colcon.colcon_core.package_discovery:discover_packages(recursive) discover
[5.613s] INFO:colcon.colcon_core.package_discovery:Crawling recursively for packages in '/home/pi/Desktop/scrap_ws'
[5.613s] Level 1:colcon.colcon_core.package_identification:_identify(.) by extensions ['ignore', 'ignore_ament_install']
[5.614s] Level 1:colcon.colcon_core.package_identification:_identify(.) by extension 'ignore'
[5.614s] Level 1:colcon.colcon_core.package_identification:_identify(.) by extension 'ignore_ament_install'
[5.614s] Level 1:colcon.colcon_core.package_identification:_identify(.) by extensions ['colcon_pkg']
[5.614s] Level 1:colcon.colcon_core.package_identification:_identify(.) by extension 'colcon_pkg'
[5.615s] Level 1:colcon.colcon_core.package_identification:_identify(.) by extensions ['colcon_meta']
[5.615s] Level 1:colcon.colcon_core.package_identification:_identify(.) by extension 'colcon_meta'
[5.615s] Level 1:colcon.colcon_core.package_identification:_identify(.) by extensions ['ros']
[5.615s] Level 1:colcon.colcon_core.package_identification:_identify(.) by extension 'ros'
[5.668s] Level 1:colcon.colcon_core.package_identification:_identify(.) by extensions ['cmake', 'python']
[5.668s] Level 1:colcon.colcon_core.package_identification:_identify(.) by extension 'cmake'
[5.668s] Level 1:colcon.colcon_core.package_identification:_identify(.) by extension 'python'
[5.669s] Level 1:colcon.colcon_core.package_identification:_identify(.) by extensions ['python_setup_py']
[5.669s] Level 1:colcon.colcon_core.package_identification:_identify(.) by extension 'python_setup_py'
[5.669s] Level 1:colcon.colcon_core.package_identification:_identify(build) by extensions ['ignore', 'ignore_ament_install']
[5.670s] Level 1:colcon.colcon_core.package_identification:_identify(build) by extension 'ignore'
[5.670s] Level 1:colcon.colcon_core.package_identification:_identify(build) ignored
[5.671s] Level 1:colcon.colcon_core.package_identification:_identify(install) by extensions ['ignore', 'ignore_ament_install']
[5.671s] Level 1:colcon.colcon_core.package_identification:_identify(install) by extension 'ignore'
[5.671s] Level 1:colcon.colcon_core.package_identification:_identify(install) ignored
[5.672s] Level 1:colcon.colcon_core.package_identification:_identify(log) by extensions ['ignore', 'ignore_ament_install']
[5.672s] Level 1:colcon.colcon_core.package_identification:_identify(log) by extension 'ignore'
[5.672s] Level 1:colcon.colcon_core.package_identification:_identify(log) ignored
[5.673s] Level 1:colcon.colcon_core.package_identification:_identify(src) by extensions ['ignore', 'ignore_ament_install']
[5.673s] Level 1:colcon.colcon_core.package_identification:_identify(src) by extension 'ignore'
[5.673s] Level 1:colcon.colcon_core.package_identification:_identify(src) by extension 'ignore_ament_install'
[5.674s] Level 1:colcon.colcon_core.package_identification:_identify(src) by extensions ['colcon_pkg']
[5.674s] Level 1:colcon.colcon_core.package_identification:_identify(src) by extension 'colcon_pkg'
[5.674s] Level 1:colcon.colcon_core.package_identification:_identify(src) by extensions ['colcon_meta']
[5.674s] Level 1:colcon.colcon_core.package_identification:_identify(src) by extension 'colcon_meta'
[5.674s] Level 1:colcon.colcon_core.package_identification:_identify(src) by extensions ['ros']
[5.674s] Level 1:colcon.colcon_core.package_identification:_identify(src) by extension 'ros'
[5.675s] Level 1:colcon.colcon_core.package_identification:_identify(src) by extensions ['cmake', 'python']
[5.675s] Level 1:colcon.colcon_core.package_identification:_identify(src) by extension 'cmake'
[5.675s] Level 1:colcon.colcon_core.package_identification:_identify(src) by extension 'python'
[5.675s] Level 1:colcon.colcon_core.package_identification:_identify(src) by extensions ['python_setup_py']
[5.675s] Level 1:colcon.colcon_core.package_identification:_identify(src) by extension 'python_setup_py'
[5.676s] Level 1:colcon.colcon_core.package_identification:_identify(src/diff_drive_HWInterface) by extensions ['ignore', 'ignore_ament_install']
[5.676s] Level 1:colcon.colcon_core.package_identification:_identify(src/diff_drive_HWInterface) by extension 'ignore'
[5.677s] Level 1:colcon.colcon_core.package_identification:_identify(src/diff_drive_HWInterface) by extension 'ignore_ament_install'
[5.677s] Level 1:colcon.colcon_core.package_identification:_identify(src/diff_drive_HWInterface) by extensions ['colcon_pkg']
[5.677s] Level 1:colcon.colcon_core.package_identification:_identify(src/diff_drive_HWInterface) by extension 'colcon_pkg'
[5.677s] Level 1:colcon.colcon_core.package_identification:_identify(src/diff_drive_HWInterface) by extensions ['colcon_meta']
[5.677s] Level 1:colcon.colcon_core.package_identification:_identify(src/diff_drive_HWInterface) by extension 'colcon_meta'
[5.678s] Level 1:colcon.colcon_core.package_identification:_identify(src/diff_drive_HWInterface) by extensions ['ros']
[5.678s] Level 1:colcon.colcon_core.package_identification:_identify(src/diff_drive_HWInterface) by extension 'ros'
[5.690s] DEBUG:colcon.colcon_core.package_identification:Package 'src/diff_drive_HWInterface' with type 'ros.ament_cmake' and name 'diffdrive_arduino'
[5.690s] Level 1:colcon.colcon_core.package_identification:_identify(src/scrap_pkg) by extensions ['ignore', 'ignore_ament_install']
[5.691s] Level 1:colcon.colcon_core.package_identification:_identify(src/scrap_pkg) by extension 'ignore'
[5.691s] Level 1:colcon.colcon_core.package_identification:_identify(src/scrap_pkg) by extension 'ignore_ament_install'
[5.691s] Level 1:colcon.colcon_core.package_identification:_identify(src/scrap_pkg) by extensions ['colcon_pkg']
[5.691s] Level 1:colcon.colcon_core.package_identification:_identify(src/scrap_pkg) by extension 'colcon_pkg'
[5.692s] Level 1:colcon.colcon_core.package_identification:_identify(src/scrap_pkg) by extensions ['colcon_meta']
[5.692s] Level 1:colcon.colcon_core.package_identification:_identify(src/scrap_pkg) by extension 'colcon_meta'
[5.692s] Level 1:colcon.colcon_core.package_identification:_identify(src/scrap_pkg) by extensions ['ros']
[5.692s] Level 1:colcon.colcon_core.package_identification:_identify(src/scrap_pkg) by extension 'ros'
[5.694s] DEBUG:colcon.colcon_core.package_identification:Package 'src/scrap_pkg' with type 'ros.ament_python' and name 'scrap_pkg'
[5.695s] Level 1:colcon.colcon_core.package_identification:_identify(src/usb_cam) by extensions ['ignore', 'ignore_ament_install']
[5.695s] Level 1:colcon.colcon_core.package_identification:_identify(src/usb_cam) by extension 'ignore'
[5.695s] Level 1:colcon.colcon_core.package_identification:_identify(src/usb_cam) by extension 'ignore_ament_install'
[5.696s] Level 1:colcon.colcon_core.package_identification:_identify(src/usb_cam) by extensions ['colcon_pkg']
[5.696s] Level 1:colcon.colcon_core.package_identification:_identify(src/usb_cam) by extension 'colcon_pkg'
[5.696s] Level 1:colcon.colcon_core.package_identification:_identify(src/usb_cam) by extensions ['colcon_meta']
[5.696s] Level 1:colcon.colcon_core.package_identification:_identify(src/usb_cam) by extension 'colcon_meta'
[5.696s] Level 1:colcon.colcon_core.package_identification:_identify(src/usb_cam) by extensions ['ros']
[5.697s] Level 1:colcon.colcon_core.package_identification:_identify(src/usb_cam) by extension 'ros'
[5.697s] Level 1:colcon.colcon_core.package_identification:_identify(src/usb_cam) by extensions ['cmake', 'python']
[5.697s] Level 1:colcon.colcon_core.package_identification:_identify(src/usb_cam) by extension 'cmake'
[5.697s] Level 1:colcon.colcon_core.package_identification:_identify(src/usb_cam) by extension 'python'
[5.697s] Level 1:colcon.colcon_core.package_identification:_identify(src/usb_cam) by extensions ['python_setup_py']
[5.698s] Level 1:colcon.colcon_core.package_identification:_identify(src/usb_cam) by extension 'python_setup_py'
[5.698s] Level 1:colcon.colcon_core.package_identification:_identify(src/velodyne) by extensions ['ignore', 'ignore_ament_install']
[5.699s] Level 1:colcon.colcon_core.package_identification:_identify(src/velodyne) by extension 'ignore'
[5.699s] Level 1:colcon.colcon_core.package_identification:_identify(src/velodyne) by extension 'ignore_ament_install'
[5.699s] Level 1:colcon.colcon_core.package_identification:_identify(src/velodyne) by extensions ['colcon_pkg']
[5.699s] Level 1:colcon.colcon_core.package_identification:_identify(src/velodyne) by extension 'colcon_pkg'
[5.699s] Level 1:colcon.colcon_core.package_identification:_identify(src/velodyne) by extensions ['colcon_meta']
[5.700s] Level 1:colcon.colcon_core.package_identification:_identify(src/velodyne) by extension 'colcon_meta'
[5.700s] Level 1:colcon.colcon_core.package_identification:_identify(src/velodyne) by extensions ['ros']
[5.700s] Level 1:colcon.colcon_core.package_identification:_identify(src/velodyne) by extension 'ros'
[5.700s] Level 1:colcon.colcon_core.package_identification:_identify(src/velodyne) by extensions ['cmake', 'python']
[5.700s] Level 1:colcon.colcon_core.package_identification:_identify(src/velodyne) by extension 'cmake'
[5.701s] Level 1:colcon.colcon_core.package_identification:_identify(src/velodyne) by extension 'python'
[5.701s] Level 1:colcon.colcon_core.package_identification:_identify(src/velodyne) by extensions ['python_setup_py']
[5.701s] Level 1:colcon.colcon_core.package_identification:_identify(src/velodyne) by extension 'python_setup_py'
[5.701s] Level 1:colcon.colcon_core.package_identification:_identify(src/velodyne/velodyne) by extensions ['ignore', 'ignore_ament_install']
[5.702s] Level 1:colcon.colcon_core.package_identification:_identify(src/velodyne/velodyne) by extension 'ignore'
[5.702s] Level 1:colcon.colcon_core.package_identification:_identify(src/velodyne/velodyne) by extension 'ignore_ament_install'
[5.702s] Level 1:colcon.colcon_core.package_identification:_identify(src/velodyne/velodyne) by extensions ['colcon_pkg']
[5.702s] Level 1:colcon.colcon_core.package_identification:_identify(src/velodyne/velodyne) by extension 'colcon_pkg'
[5.703s] Level 1:colcon.colcon_core.package_identification:_identify(src/velodyne/velodyne) by extensions ['colcon_meta']
[5.703s] Level 1:colcon.colcon_core.package_identification:_identify(src/velodyne/velodyne) by extension 'colcon_meta'
[5.703s] Level 1:colcon.colcon_core.package_identification:_identify(src/velodyne/velodyne) by extensions ['ros']
[5.703s] Level 1:colcon.colcon_core.package_identification:_identify(src/velodyne/velodyne) by extension 'ros'
[5.705s] DEBUG:colcon.colcon_core.package_identification:Package 'src/velodyne/velodyne' with type 'ros.ament_cmake' and name 'velodyne'
[5.706s] Level 1:colcon.colcon_core.package_identification:_identify(src/velodyne/velodyne_driver) by extensions ['ignore', 'ignore_ament_install']
[5.707s] Level 1:colcon.colcon_core.package_identification:_identify(src/velodyne/velodyne_driver) by extension 'ignore'
[5.707s] Level 1:colcon.colcon_core.package_identification:_identify(src/velodyne/velodyne_driver) by extension 'ignore_ament_install'
[5.707s] Level 1:colcon.colcon_core.package_identification:_identify(src/velodyne/velodyne_driver) by extensions ['colcon_pkg']
[5.707s] Level 1:colcon.colcon_core.package_identification:_identify(src/velodyne/velodyne_driver) by extension 'colcon_pkg'
[5.707s] Level 1:colcon.colcon_core.package_identification:_identify(src/velodyne/velodyne_driver) by extensions ['colcon_meta']
[5.708s] Level 1:colcon.colcon_core.package_identification:_identify(src/velodyne/velodyne_driver) by extension 'colcon_meta'
[5.708s] Level 1:colcon.colcon_core.package_identification:_identify(src/velodyne/velodyne_driver) by extensions ['ros']
[5.708s] Level 1:colcon.colcon_core.package_identification:_identify(src/velodyne/velodyne_driver) by extension 'ros'
[5.713s] DEBUG:colcon.colcon_core.package_identification:Package 'src/velodyne/velodyne_driver' with type 'ros.ament_cmake' and name 'velodyne_driver'
[5.714s] Level 1:colcon.colcon_core.package_identification:_identify(src/velodyne/velodyne_laserscan) by extensions ['ignore', 'ignore_ament_install']
[5.714s] Level 1:colcon.colcon_core.package_identification:_identify(src/velodyne/velodyne_laserscan) by extension 'ignore'
[5.715s] Level 1:colcon.colcon_core.package_identification:_identify(src/velodyne/velodyne_laserscan) by extension 'ignore_ament_install'
[5.715s] Level 1:colcon.colcon_core.package_identification:_identify(src/velodyne/velodyne_laserscan) by extensions ['colcon_pkg']
[5.715s] Level 1:colcon.colcon_core.package_identification:_identify(src/velodyne/velodyne_laserscan) by extension 'colcon_pkg'
[5.715s] Level 1:colcon.colcon_core.package_identification:_identify(src/velodyne/velodyne_laserscan) by extensions ['colcon_meta']
[5.715s] Level 1:colcon.colcon_core.package_identification:_identify(src/velodyne/velodyne_laserscan) by extension 'colcon_meta'
[5.715s] Level 1:colcon.colcon_core.package_identification:_identify(src/velodyne/velodyne_laserscan) by extensions ['ros']
[5.716s] Level 1:colcon.colcon_core.package_identification:_identify(src/velodyne/velodyne_laserscan) by extension 'ros'
[5.719s] DEBUG:colcon.colcon_core.package_identification:Package 'src/velodyne/velodyne_laserscan' with type 'ros.ament_cmake' and name 'velodyne_laserscan'
[5.719s] Level 1:colcon.colcon_core.package_identification:_identify(src/velodyne/velodyne_msgs) by extensions ['ignore', 'ignore_ament_install']
[5.720s] Level 1:colcon.colcon_core.package_identification:_identify(src/velodyne/velodyne_msgs) by extension 'ignore'
[5.720s] Level 1:colcon.colcon_core.package_identification:_identify(src/velodyne/velodyne_msgs) by extension 'ignore_ament_install'
[5.720s] Level 1:colcon.colcon_core.package_identification:_identify(src/velodyne/velodyne_msgs) by extensions ['colcon_pkg']
[5.720s] Level 1:colcon.colcon_core.package_identification:_identify(src/velodyne/velodyne_msgs) by extension 'colcon_pkg'
[5.721s] Level 1:colcon.colcon_core.package_identification:_identify(src/velodyne/velodyne_msgs) by extensions ['colcon_meta']
[5.721s] Level 1:colcon.colcon_core.package_identification:_identify(src/velodyne/velodyne_msgs) by extension 'colcon_meta'
[5.721s] Level 1:colcon.colcon_core.package_identification:_identify(src/velodyne/velodyne_msgs) by extensions ['ros']
[5.721s] Level 1:colcon.colcon_core.package_identification:_identify(src/velodyne/velodyne_msgs) by extension 'ros'
[5.724s] DEBUG:colcon.colcon_core.package_identification:Package 'src/velodyne/velodyne_msgs' with type 'ros.ament_cmake' and name 'velodyne_msgs'
[5.725s] Level 1:colcon.colcon_core.package_identification:_identify(src/velodyne/velodyne_pointcloud) by extensions ['ignore', 'ignore_ament_install']
[5.725s] Level 1:colcon.colcon_core.package_identification:_identify(src/velodyne/velodyne_pointcloud) by extension 'ignore'
[5.726s] Level 1:colcon.colcon_core.package_identification:_identify(src/velodyne/velodyne_pointcloud) by extension 'ignore_ament_install'
[5.726s] Level 1:colcon.colcon_core.package_identification:_identify(src/velodyne/velodyne_pointcloud) by extensions ['colcon_pkg']
[5.726s] Level 1:colcon.colcon_core.package_identification:_identify(src/velodyne/velodyne_pointcloud) by extension 'colcon_pkg'
[5.726s] Level 1:colcon.colcon_core.package_identification:_identify(src/velodyne/velodyne_pointcloud) by extensions ['colcon_meta']
[5.726s] Level 1:colcon.colcon_core.package_identification:_identify(src/velodyne/velodyne_pointcloud) by extension 'colcon_meta'
[5.727s] Level 1:colcon.colcon_core.package_identification:_identify(src/velodyne/velodyne_pointcloud) by extensions ['ros']
[5.727s] Level 1:colcon.colcon_core.package_identification:_identify(src/velodyne/velodyne_pointcloud) by extension 'ros'
[5.733s] DEBUG:colcon.colcon_core.package_identification:Package 'src/velodyne/velodyne_pointcloud' with type 'ros.ament_cmake' and name 'velodyne_pointcloud'
[5.733s] Level 1:colcon.colcon_core.package_discovery:discover_packages(recursive) using defaults
[5.733s] Level 1:colcon.colcon_core.package_discovery:discover_packages(ignore) discover
[5.734s] Level 1:colcon.colcon_core.package_discovery:discover_packages(ignore) using defaults
[5.734s] Level 1:colcon.colcon_core.package_discovery:discover_packages(path) discover
[5.734s] Level 1:colcon.colcon_core.package_discovery:discover_packages(path) using defaults
[6.213s] Level 1:colcon.colcon_core.package_discovery:discover_packages(prefix_path) check parameters
[6.213s] Level 1:colcon.colcon_core.package_discovery:discover_packages(prefix_path) discover
[6.377s] DEBUG:colcon.colcon_installed_package_information.package_discovery:Found 7 installed packages in /home/pi/Desktop/scrap_ws/install
[6.466s] DEBUG:colcon.colcon_installed_package_information.package_discovery:Found 369 installed packages in /opt/ros/humble
[6.477s] Level 1:colcon.colcon_core.package_discovery:discover_packages(prefix_path) using defaults
[7.052s] Level 5:colcon.colcon_core.verb:set package 'diffdrive_arduino' build argument 'cmake_args' from command line to 'None'
[7.052s] Level 5:colcon.colcon_core.verb:set package 'diffdrive_arduino' build argument 'cmake_target' from command line to 'None'
[7.052s] Level 5:colcon.colcon_core.verb:set package 'diffdrive_arduino' build argument 'cmake_target_skip_unavailable' from command line to 'False'
[7.053s] Level 5:colcon.colcon_core.verb:set package 'diffdrive_arduino' build argument 'cmake_clean_cache' from command line to 'False'
[7.053s] Level 5:colcon.colcon_core.verb:set package 'diffdrive_arduino' build argument 'cmake_clean_first' from command line to 'False'
[7.053s] Level 5:colcon.colcon_core.verb:set package 'diffdrive_arduino' build argument 'cmake_force_configure' from command line to 'False'
[7.053s] Level 5:colcon.colcon_core.verb:set package 'diffdrive_arduino' build argument 'ament_cmake_args' from command line to 'None'
[7.053s] Level 5:colcon.colcon_core.verb:set package 'diffdrive_arduino' build argument 'catkin_cmake_args' from command line to 'None'
[7.053s] Level 5:colcon.colcon_core.verb:set package 'diffdrive_arduino' build argument 'catkin_skip_building_tests' from command line to 'False'
[7.053s] DEBUG:colcon.colcon_core.verb:Building package 'diffdrive_arduino' with the following arguments: {'ament_cmake_args': None, 'build_base': '/home/pi/Desktop/scrap_ws/build/diffdrive_arduino', 'catkin_cmake_args': None, 'catkin_skip_building_tests': False, 'cmake_args': None, 'cmake_clean_cache': False, 'cmake_clean_first': False, 'cmake_force_configure': False, 'cmake_target': None, 'cmake_target_skip_unavailable': False, 'install_base': '/home/pi/Desktop/scrap_ws/install/diffdrive_arduino', 'merge_install': False, 'path': '/home/pi/Desktop/scrap_ws/src/diff_drive_HWInterface', 'symlink_install': True, 'test_result_base': None}
[7.132s] Level 5:colcon.colcon_core.verb:set package 'scrap_pkg' build argument 'cmake_args' from command line to 'None'
[7.132s] Level 5:colcon.colcon_core.verb:set package 'scrap_pkg' build argument 'cmake_target' from command line to 'None'
[7.132s] Level 5:colcon.colcon_core.verb:set package 'scrap_pkg' build argument 'cmake_target_skip_unavailable' from command line to 'False'
[7.132s] Level 5:colcon.colcon_core.verb:set package 'scrap_pkg' build argument 'cmake_clean_cache' from command line to 'False'
[7.132s] Level 5:colcon.colcon_core.verb:set package 'scrap_pkg' build argument 'cmake_clean_first' from command line to 'False'
[7.133s] Level 5:colcon.colcon_core.verb:set package 'scrap_pkg' build argument 'cmake_force_configure' from command line to 'False'
[7.133s] Level 5:colcon.colcon_core.verb:set package 'scrap_pkg' build argument 'ament_cmake_args' from command line to 'None'
[7.133s] Level 5:colcon.colcon_core.verb:set package 'scrap_pkg' build argument 'catkin_cmake_args' from command line to 'None'
[7.133s] Level 5:colcon.colcon_core.verb:set package 'scrap_pkg' build argument 'catkin_skip_building_tests' from command line to 'False'
[7.133s] DEBUG:colcon.colcon_core.verb:Building package 'scrap_pkg' with the following arguments: {'ament_cmake_args': None, 'build_base': '/home/pi/Desktop/scrap_ws/build/scrap_pkg', 'catkin_cmake_args': None, 'catkin_skip_building_tests': False, 'cmake_args': None, 'cmake_clean_cache': False, 'cmake_clean_first': False, 'cmake_force_configure': False, 'cmake_target': None, 'cmake_target_skip_unavailable': False, 'install_base': '/home/pi/Desktop/scrap_ws/install/scrap_pkg', 'merge_install': False, 'path': '/home/pi/Desktop/scrap_ws/src/scrap_pkg', 'symlink_install': True, 'test_result_base': None}
[7.212s] Level 5:colcon.colcon_core.verb:set package 'velodyne_laserscan' build argument 'cmake_args' from command line to 'None'
[7.212s] Level 5:colcon.colcon_core.verb:set package 'velodyne_laserscan' build argument 'cmake_target' from command line to 'None'
[7.213s] Level 5:colcon.colcon_core.verb:set package 'velodyne_laserscan' build argument 'cmake_target_skip_unavailable' from command line to 'False'
[7.213s] Level 5:colcon.colcon_core.verb:set package 'velodyne_laserscan' build argument 'cmake_clean_cache' from command line to 'False'
[7.213s] Level 5:colcon.colcon_core.verb:set package 'velodyne_laserscan' build argument 'cmake_clean_first' from command line to 'False'
[7.213s] Level 5:colcon.colcon_core.verb:set package 'velodyne_laserscan' build argument 'cmake_force_configure' from command line to 'False'
[7.213s] Level 5:colcon.colcon_core.verb:set package 'velodyne_laserscan' build argument 'ament_cmake_args' from command line to 'None'
[7.213s] Level 5:colcon.colcon_core.verb:set package 'velodyne_laserscan' build argument 'catkin_cmake_args' from command line to 'None'
[7.213s] Level 5:colcon.colcon_core.verb:set package 'velodyne_laserscan' build argument 'catkin_skip_building_tests' from command line to 'False'
[7.213s] DEBUG:colcon.colcon_core.verb:Building package 'velodyne_laserscan' with the following arguments: {'ament_cmake_args': None, 'build_base': '/home/pi/Desktop/scrap_ws/build/velodyne_laserscan', 'catkin_cmake_args': None, 'catkin_skip_building_tests': False, 'cmake_args': None, 'cmake_clean_cache': False, 'cmake_clean_first': False, 'cmake_force_configure': False, 'cmake_target': None, 'cmake_target_skip_unavailable': False, 'install_base': '/home/pi/Desktop/scrap_ws/install/velodyne_laserscan', 'merge_install': False, 'path': '/home/pi/Desktop/scrap_ws/src/velodyne/velodyne_laserscan', 'symlink_install': True, 'test_result_base': None}
[7.294s] Level 5:colcon.colcon_core.verb:set package 'velodyne_msgs' build argument 'cmake_args' from command line to 'None'
[7.294s] Level 5:colcon.colcon_core.verb:set package 'velodyne_msgs' build argument 'cmake_target' from command line to 'None'
[7.294s] Level 5:colcon.colcon_core.verb:set package 'velodyne_msgs' build argument 'cmake_target_skip_unavailable' from command line to 'False'
[7.294s] Level 5:colcon.colcon_core.verb:set package 'velodyne_msgs' build argument 'cmake_clean_cache' from command line to 'False'
[7.295s] Level 5:colcon.colcon_core.verb:set package 'velodyne_msgs' build argument 'cmake_clean_first' from command line to 'False'
[7.295s] Level 5:colcon.colcon_core.verb:set package 'velodyne_msgs' build argument 'cmake_force_configure' from command line to 'False'
[7.295s] Level 5:colcon.colcon_core.verb:set package 'velodyne_msgs' build argument 'ament_cmake_args' from command line to 'None'
[7.295s] Level 5:colcon.colcon_core.verb:set package 'velodyne_msgs' build argument 'catkin_cmake_args' from command line to 'None'
[7.295s] Level 5:colcon.colcon_core.verb:set package 'velodyne_msgs' build argument 'catkin_skip_building_tests' from command line to 'False'
[7.295s] DEBUG:colcon.colcon_core.verb:Building package 'velodyne_msgs' with the following arguments: {'ament_cmake_args': None, 'build_base': '/home/pi/Desktop/scrap_ws/build/velodyne_msgs', 'catkin_cmake_args': None, 'catkin_skip_building_tests': False, 'cmake_args': None, 'cmake_clean_cache': False, 'cmake_clean_first': False, 'cmake_force_configure': False, 'cmake_target': None, 'cmake_target_skip_unavailable': False, 'install_base': '/home/pi/Desktop/scrap_ws/install/velodyne_msgs', 'merge_install': False, 'path': '/home/pi/Desktop/scrap_ws/src/velodyne/velodyne_msgs', 'symlink_install': True, 'test_result_base': None}
[7.373s] Level 5:colcon.colcon_core.verb:set package 'velodyne_driver' build argument 'cmake_args' from command line to 'None'
[7.374s] Level 5:colcon.colcon_core.verb:set package 'velodyne_driver' build argument 'cmake_target' from command line to 'None'
[7.374s] Level 5:colcon.colcon_core.verb:set package 'velodyne_driver' build argument 'cmake_target_skip_unavailable' from command line to 'False'
[7.374s] Level 5:colcon.colcon_core.verb:set package 'velodyne_driver' build argument 'cmake_clean_cache' from command line to 'False'
[7.374s] Level 5:colcon.colcon_core.verb:set package 'velodyne_driver' build argument 'cmake_clean_first' from command line to 'False'
[7.374s] Level 5:colcon.colcon_core.verb:set package 'velodyne_driver' build argument 'cmake_force_configure' from command line to 'False'
[7.374s] Level 5:colcon.colcon_core.verb:set package 'velodyne_driver' build argument 'ament_cmake_args' from command line to 'None'
[7.375s] Level 5:colcon.colcon_core.verb:set package 'velodyne_driver' build argument 'catkin_cmake_args' from command line to 'None'
[7.375s] Level 5:colcon.colcon_core.verb:set package 'velodyne_driver' build argument 'catkin_skip_building_tests' from command line to 'False'
[7.375s] DEBUG:colcon.colcon_core.verb:Building package 'velodyne_driver' with the following arguments: {'ament_cmake_args': None, 'build_base': '/home/pi/Desktop/scrap_ws/build/velodyne_driver', 'catkin_cmake_args': None, 'catkin_skip_building_tests': False, 'cmake_args': None, 'cmake_clean_cache': False, 'cmake_clean_first': False, 'cmake_force_configure': False, 'cmake_target': None, 'cmake_target_skip_unavailable': False, 'install_base': '/home/pi/Desktop/scrap_ws/install/velodyne_driver', 'merge_install': False, 'path': '/home/pi/Desktop/scrap_ws/src/velodyne/velodyne_driver', 'symlink_install': True, 'test_result_base': None}
[7.453s] Level 5:colcon.colcon_core.verb:set package 'velodyne_pointcloud' build argument 'cmake_args' from command line to 'None'
[7.453s] Level 5:colcon.colcon_core.verb:set package 'velodyne_pointcloud' build argument 'cmake_target' from command line to 'None'
[7.453s] Level 5:colcon.colcon_core.verb:set package 'velodyne_pointcloud' build argument 'cmake_target_skip_unavailable' from command line to 'False'
[7.454s] Level 5:colcon.colcon_core.verb:set package 'velodyne_pointcloud' build argument 'cmake_clean_cache' from command line to 'False'
[7.454s] Level 5:colcon.colcon_core.verb:set package 'velodyne_pointcloud' build argument 'cmake_clean_first' from command line to 'False'
[7.454s] Level 5:colcon.colcon_core.verb:set package 'velodyne_pointcloud' build argument 'cmake_force_configure' from command line to 'False'
[7.454s] Level 5:colcon.colcon_core.verb:set package 'velodyne_pointcloud' build argument 'ament_cmake_args' from command line to 'None'
[7.454s] Level 5:colcon.colcon_core.verb:set package 'velodyne_pointcloud' build argument 'catkin_cmake_args' from command line to 'None'
[7.454s] Level 5:colcon.colcon_core.verb:set package 'velodyne_pointcloud' build argument 'catkin_skip_building_tests' from command line to 'False'
[7.454s] DEBUG:colcon.colcon_core.verb:Building package 'velodyne_pointcloud' with the following arguments: {'ament_cmake_args': None, 'build_base': '/home/pi/Desktop/scrap_ws/build/velodyne_pointcloud', 'catkin_cmake_args': None, 'catkin_skip_building_tests': False, 'cmake_args': None, 'cmake_clean_cache': False, 'cmake_clean_first': False, 'cmake_force_configure': False, 'cmake_target': None, 'cmake_target_skip_unavailable': False, 'install_base': '/home/pi/Desktop/scrap_ws/install/velodyne_pointcloud', 'merge_install': False, 'path': '/home/pi/Desktop/scrap_ws/src/velodyne/velodyne_pointcloud', 'symlink_install': True, 'test_result_base': None}
[7.533s] Level 5:colcon.colcon_core.verb:set package 'velodyne' build argument 'cmake_args' from command line to 'None'
[7.535s] Level 5:colcon.colcon_core.verb:set package 'velodyne' build argument 'cmake_target' from command line to 'None'
[7.535s] Level 5:colcon.colcon_core.verb:set package 'velodyne' build argument 'cmake_target_skip_unavailable' from command line to 'False'
[7.535s] Level 5:colcon.colcon_core.verb:set package 'velodyne' build argument 'cmake_clean_cache' from command line to 'False'
[7.535s] Level 5:colcon.colcon_core.verb:set package 'velodyne' build argument 'cmake_clean_first' from command line to 'False'
[7.535s] Level 5:colcon.colcon_core.verb:set package 'velodyne' build argument 'cmake_force_configure' from command line to 'False'
[7.535s] Level 5:colcon.colcon_core.verb:set package 'velodyne' build argument 'ament_cmake_args' from command line to 'None'
[7.535s] Level 5:colcon.colcon_core.verb:set package 'velodyne' build argument 'catkin_cmake_args' from command line to 'None'
[7.536s] Level 5:colcon.colcon_core.verb:set package 'velodyne' build argument 'catkin_skip_building_tests' from command line to 'False'
[7.536s] DEBUG:colcon.colcon_core.verb:Building package 'velodyne' with the following arguments: {'ament_cmake_args': None, 'build_base': '/home/pi/Desktop/scrap_ws/build/velodyne', 'catkin_cmake_args': None, 'catkin_skip_building_tests': False, 'cmake_args': None, 'cmake_clean_cache': False, 'cmake_clean_first': False, 'cmake_force_configure': False, 'cmake_target': None, 'cmake_target_skip_unavailable': False, 'install_base': '/home/pi/Desktop/scrap_ws/install/velodyne', 'merge_install': False, 'path': '/home/pi/Desktop/scrap_ws/src/velodyne/velodyne', 'symlink_install': True, 'test_result_base': None}
[7.614s] INFO:colcon.colcon_core.executor:Executing jobs using 'parallel' executor
[7.694s] DEBUG:colcon.colcon_parallel_executor.executor.parallel:run_until_complete
[7.695s] INFO:colcon.colcon_ros.task.ament_cmake.build:Building ROS package in '/home/pi/Desktop/scrap_ws/src/velodyne/velodyne_msgs' with build type 'ament_cmake'
[7.696s] INFO:colcon.colcon_cmake.task.cmake.build:Building CMake package in '/home/pi/Desktop/scrap_ws/src/velodyne/velodyne_msgs'
[7.785s] INFO:colcon.colcon_core.plugin_system:Skipping extension 'colcon_core.shell.bat': Not used on non-Windows systems
[7.786s] INFO:colcon.colcon_core.shell:Skip shell extension 'powershell' for command environment: Not usable outside of PowerShell
[7.786s] DEBUG:colcon.colcon_core.shell:Skip shell extension 'dsv' for command environment
[8.045s] INFO:colcon.colcon_ros.task.ament_cmake.build:Building ROS package in '/home/pi/Desktop/scrap_ws/src/velodyne/velodyne_laserscan' with build type 'ament_cmake'
[8.045s] INFO:colcon.colcon_cmake.task.cmake.build:Building CMake package in '/home/pi/Desktop/scrap_ws/src/velodyne/velodyne_laserscan'
[8.128s] INFO:colcon.colcon_core.shell:Skip shell extension 'powershell' for command environment: Not usable outside of PowerShell
[8.128s] DEBUG:colcon.colcon_core.shell:Skip shell extension 'dsv' for command environment
[8.386s] INFO:colcon.colcon_ros.task.ament_cmake.build:Building ROS package in '/home/pi/Desktop/scrap_ws/src/diff_drive_HWInterface' with build type 'ament_cmake'
[8.386s] INFO:colcon.colcon_cmake.task.cmake.build:Building CMake package in '/home/pi/Desktop/scrap_ws/src/diff_drive_HWInterface'
[8.468s] INFO:colcon.colcon_core.shell:Skip shell extension 'powershell' for command environment: Not usable outside of PowerShell
[8.468s] DEBUG:colcon.colcon_core.shell:Skip shell extension 'dsv' for command environment
[8.727s] INFO:colcon.colcon_ros.task.ament_python.build:Building ROS package in '/home/pi/Desktop/scrap_ws/src/scrap_pkg' with build type 'ament_python'
[8.728s] Level 1:colcon.colcon_core.shell:create_environment_hook('scrap_pkg', 'ament_prefix_path')
[8.813s] INFO:colcon.colcon_core.shell:Creating environment hook '/home/pi/Desktop/scrap_ws/install/scrap_pkg/share/scrap_pkg/hook/ament_prefix_path.ps1'
[8.816s] INFO:colcon.colcon_core.shell:Creating environment descriptor '/home/pi/Desktop/scrap_ws/install/scrap_pkg/share/scrap_pkg/hook/ament_prefix_path.dsv'
[8.818s] INFO:colcon.colcon_core.shell:Creating environment hook '/home/pi/Desktop/scrap_ws/install/scrap_pkg/share/scrap_pkg/hook/ament_prefix_path.sh'
[8.899s] INFO:colcon.colcon_core.shell:Skip shell extension 'powershell' for command environment: Not usable outside of PowerShell
[8.900s] DEBUG:colcon.colcon_core.shell:Skip shell extension 'dsv' for command environment
[9.175s] DEBUG:colcon.colcon_core.event_handler.log_command:Invoking command in '/home/pi/Desktop/scrap_ws/build/velodyne_msgs': CMAKE_PREFIX_PATH=${CMAKE_PREFIX_PATH}:/home/pi/Desktop/scrap_ws/install/scrap_pkg:/opt/ros/humble /usr/bin/cmake --build /home/pi/Desktop/scrap_ws/build/velodyne_msgs -- -j4 -l4
[9.200s] DEBUG:colcon.colcon_core.event_handler.log_command:Invoking command in '/home/pi/Desktop/scrap_ws/build/velodyne_laserscan': CMAKE_PREFIX_PATH=${CMAKE_PREFIX_PATH}:/home/pi/Desktop/scrap_ws/install/scrap_pkg:/opt/ros/humble /usr/bin/cmake --build /home/pi/Desktop/scrap_ws/build/velodyne_laserscan -- -j4 -l4
[9.218s] DEBUG:colcon.colcon_core.event_handler.log_command:Invoking command in '/home/pi/Desktop/scrap_ws/build/diffdrive_arduino': CMAKE_PREFIX_PATH=${CMAKE_PREFIX_PATH}:/home/pi/Desktop/scrap_ws/install/scrap_pkg:/opt/ros/humble /usr/bin/cmake --build /home/pi/Desktop/scrap_ws/build/diffdrive_arduino -- -j4 -l4
[11.090s] INFO:colcon.colcon_core.task.python.build:Building Python package in '/home/pi/Desktop/scrap_ws/src/scrap_pkg'
[11.178s] INFO:colcon.colcon_core.shell:Skip shell extension 'powershell' for command environment: Not usable outside of PowerShell
[11.178s] DEBUG:colcon.colcon_core.shell:Skip shell extension 'dsv' for command environment
[11.542s] DEBUG:colcon.colcon_core.event_handler.log_command:Invoked command in '/home/pi/Desktop/scrap_ws/build/diffdrive_arduino' returned '0': CMAKE_PREFIX_PATH=${CMAKE_PREFIX_PATH}:/home/pi/Desktop/scrap_ws/install/scrap_pkg:/opt/ros/humble /usr/bin/cmake --build /home/pi/Desktop/scrap_ws/build/diffdrive_arduino -- -j4 -l4
[11.560s] DEBUG:colcon.colcon_core.event_handler.log_command:Invoked command in '/home/pi/Desktop/scrap_ws/build/velodyne_laserscan' returned '0': CMAKE_PREFIX_PATH=${CMAKE_PREFIX_PATH}:/home/pi/Desktop/scrap_ws/install/scrap_pkg:/opt/ros/humble /usr/bin/cmake --build /home/pi/Desktop/scrap_ws/build/velodyne_laserscan -- -j4 -l4
[11.930s] DEBUG:colcon.colcon_core.event_handler.log_command:Invoking command in '/home/pi/Desktop/scrap_ws/build/diffdrive_arduino': CMAKE_PREFIX_PATH=${CMAKE_PREFIX_PATH}:/home/pi/Desktop/scrap_ws/install/scrap_pkg:/opt/ros/humble /usr/bin/cmake --install /home/pi/Desktop/scrap_ws/build/diffdrive_arduino
[11.944s] DEBUG:colcon.colcon_core.event_handler.log_command:Invoking command in '/home/pi/Desktop/scrap_ws/build/velodyne_laserscan': CMAKE_PREFIX_PATH=${CMAKE_PREFIX_PATH}:/home/pi/Desktop/scrap_ws/install/scrap_pkg:/opt/ros/humble /usr/bin/cmake --install /home/pi/Desktop/scrap_ws/build/velodyne_laserscan
[11.979s] DEBUG:colcon.colcon_core.event_handler.log_command:Invoked command in '/home/pi/Desktop/scrap_ws/build/velodyne_msgs' returned '0': CMAKE_PREFIX_PATH=${CMAKE_PREFIX_PATH}:/home/pi/Desktop/scrap_ws/install/scrap_pkg:/opt/ros/humble /usr/bin/cmake --build /home/pi/Desktop/scrap_ws/build/velodyne_msgs -- -j4 -l4
[12.141s] Level 1:colcon.colcon_core.environment:create_environment_scripts_only(velodyne_laserscan)
[12.144s] DEBUG:colcon.colcon_core.event_handler.log_command:Invoked command in '/home/pi/Desktop/scrap_ws/build/velodyne_laserscan' returned '0': CMAKE_PREFIX_PATH=${CMAKE_PREFIX_PATH}:/home/pi/Desktop/scrap_ws/install/scrap_pkg:/opt/ros/humble /usr/bin/cmake --install /home/pi/Desktop/scrap_ws/build/velodyne_laserscan
[12.294s] Level 1:colcon.colcon_core.environment:checking '/home/pi/Desktop/scrap_ws/install/velodyne_laserscan' for CMake module files
[12.297s] Level 1:colcon.colcon_core.environment:checking '/home/pi/Desktop/scrap_ws/install/velodyne_laserscan' for CMake config files
[12.302s] Level 1:colcon.colcon_core.shell:create_environment_hook('velodyne_laserscan', 'cmake_prefix_path')
[12.405s] INFO:colcon.colcon_core.shell:Creating environment hook '/home/pi/Desktop/scrap_ws/install/velodyne_laserscan/share/velodyne_laserscan/hook/cmake_prefix_path.ps1'
[12.407s] INFO:colcon.colcon_core.shell:Creating environment descriptor '/home/pi/Desktop/scrap_ws/install/velodyne_laserscan/share/velodyne_laserscan/hook/cmake_prefix_path.dsv'
[12.409s] INFO:colcon.colcon_core.shell:Creating environment hook '/home/pi/Desktop/scrap_ws/install/velodyne_laserscan/share/velodyne_laserscan/hook/cmake_prefix_path.sh'
[12.413s] Level 1:colcon.colcon_core.environment:checking '/home/pi/Desktop/scrap_ws/install/velodyne_laserscan/lib'
[12.414s] Level 1:colcon.colcon_core.shell:create_environment_hook('velodyne_laserscan', 'ld_library_path_lib')
[12.517s] INFO:colcon.colcon_core.shell:Creating environment hook '/home/pi/Desktop/scrap_ws/install/velodyne_laserscan/share/velodyne_laserscan/hook/ld_library_path_lib.ps1'
[12.520s] INFO:colcon.colcon_core.shell:Creating environment descriptor '/home/pi/Desktop/scrap_ws/install/velodyne_laserscan/share/velodyne_laserscan/hook/ld_library_path_lib.dsv'
[12.522s] INFO:colcon.colcon_core.shell:Creating environment hook '/home/pi/Desktop/scrap_ws/install/velodyne_laserscan/share/velodyne_laserscan/hook/ld_library_path_lib.sh'
[12.525s] Level 1:colcon.colcon_core.environment:checking '/home/pi/Desktop/scrap_ws/install/velodyne_laserscan/bin'
[12.525s] Level 1:colcon.colcon_core.environment:checking '/home/pi/Desktop/scrap_ws/install/velodyne_laserscan/lib/pkgconfig/velodyne_laserscan.pc'
[12.526s] Level 1:colcon.colcon_core.environment:checking '/home/pi/Desktop/scrap_ws/install/velodyne_laserscan/lib/python3.10/site-packages'
[12.528s] Level 1:colcon.colcon_core.environment:checking '/home/pi/Desktop/scrap_ws/install/velodyne_laserscan/bin'
[12.648s] INFO:colcon.colcon_core.shell:Creating package script '/home/pi/Desktop/scrap_ws/install/velodyne_laserscan/share/velodyne_laserscan/package.ps1'
[12.654s] INFO:colcon.colcon_core.shell:Creating package descriptor '/home/pi/Desktop/scrap_ws/install/velodyne_laserscan/share/velodyne_laserscan/package.dsv'
[12.657s] INFO:colcon.colcon_core.shell:Creating package script '/home/pi/Desktop/scrap_ws/install/velodyne_laserscan/share/velodyne_laserscan/package.sh'
[12.661s] INFO:colcon.colcon_core.shell:Creating package script '/home/pi/Desktop/scrap_ws/install/velodyne_laserscan/share/velodyne_laserscan/package.bash'
[12.665s] INFO:colcon.colcon_core.shell:Creating package script '/home/pi/Desktop/scrap_ws/install/velodyne_laserscan/share/velodyne_laserscan/package.zsh'
[12.668s] Level 1:colcon.colcon_core.environment:create_file_with_runtime_dependencies(/home/pi/Desktop/scrap_ws/install/velodyne_laserscan/share/colcon-core/packages/velodyne_laserscan)
[12.687s] DEBUG:colcon.colcon_core.event_handler.log_command:Invoking command in '/home/pi/Desktop/scrap_ws/build/velodyne_msgs': CMAKE_PREFIX_PATH=${CMAKE_PREFIX_PATH}:/home/pi/Desktop/scrap_ws/install/scrap_pkg:/opt/ros/humble /usr/bin/cmake --install /home/pi/Desktop/scrap_ws/build/velodyne_msgs
[12.691s] Level 1:colcon.colcon_core.environment:create_environment_scripts_only(diffdrive_arduino)
[12.693s] DEBUG:colcon.colcon_core.event_handler.log_command:Invoked command in '/home/pi/Desktop/scrap_ws/build/diffdrive_arduino' returned '0': CMAKE_PREFIX_PATH=${CMAKE_PREFIX_PATH}:/home/pi/Desktop/scrap_ws/install/scrap_pkg:/opt/ros/humble /usr/bin/cmake --install /home/pi/Desktop/scrap_ws/build/diffdrive_arduino
[12.816s] Level 1:colcon.colcon_core.environment:checking '/home/pi/Desktop/scrap_ws/install/diffdrive_arduino' for CMake module files
[12.820s] Level 1:colcon.colcon_core.environment:checking '/home/pi/Desktop/scrap_ws/install/diffdrive_arduino' for CMake config files
[12.825s] Level 1:colcon.colcon_core.shell:create_environment_hook('diffdrive_arduino', 'cmake_prefix_path')
[12.937s] INFO:colcon.colcon_core.shell:Creating environment hook '/home/pi/Desktop/scrap_ws/install/diffdrive_arduino/share/diffdrive_arduino/hook/cmake_prefix_path.ps1'
[12.939s] INFO:colcon.colcon_core.shell:Creating environment descriptor '/home/pi/Desktop/scrap_ws/install/diffdrive_arduino/share/diffdrive_arduino/hook/cmake_prefix_path.dsv'
[12.941s] INFO:colcon.colcon_core.shell:Creating environment hook '/home/pi/Desktop/scrap_ws/install/diffdrive_arduino/share/diffdrive_arduino/hook/cmake_prefix_path.sh'
[12.945s] Level 1:colcon.colcon_core.environment:checking '/home/pi/Desktop/scrap_ws/install/diffdrive_arduino/lib'
[12.946s] Level 1:colcon.colcon_core.shell:create_environment_hook('diffdrive_arduino', 'ld_library_path_lib')
[13.067s] INFO:colcon.colcon_core.shell:Creating environment hook '/home/pi/Desktop/scrap_ws/install/diffdrive_arduino/share/diffdrive_arduino/hook/ld_library_path_lib.ps1'
[13.069s] INFO:colcon.colcon_core.shell:Creating environment descriptor '/home/pi/Desktop/scrap_ws/install/diffdrive_arduino/share/diffdrive_arduino/hook/ld_library_path_lib.dsv'
[13.071s] INFO:colcon.colcon_core.shell:Creating environment hook '/home/pi/Desktop/scrap_ws/install/diffdrive_arduino/share/diffdrive_arduino/hook/ld_library_path_lib.sh'
[13.074s] Level 1:colcon.colcon_core.environment:checking '/home/pi/Desktop/scrap_ws/install/diffdrive_arduino/bin'
[13.075s] Level 1:colcon.colcon_core.environment:checking '/home/pi/Desktop/scrap_ws/install/diffdrive_arduino/lib/pkgconfig/diffdrive_arduino.pc'
[13.076s] Level 1:colcon.colcon_core.environment:checking '/home/pi/Desktop/scrap_ws/install/diffdrive_arduino/lib/python3.10/site-packages'
[13.078s] Level 1:colcon.colcon_core.environment:checking '/home/pi/Desktop/scrap_ws/install/diffdrive_arduino/bin'
[13.208s] INFO:colcon.colcon_core.shell:Creating package script '/home/pi/Desktop/scrap_ws/install/diffdrive_arduino/share/diffdrive_arduino/package.ps1'
[13.211s] INFO:colcon.colcon_core.shell:Creating package descriptor '/home/pi/Desktop/scrap_ws/install/diffdrive_arduino/share/diffdrive_arduino/package.dsv'
[13.214s] INFO:colcon.colcon_core.shell:Creating package script '/home/pi/Desktop/scrap_ws/install/diffdrive_arduino/share/diffdrive_arduino/package.sh'
[13.216s] INFO:colcon.colcon_core.shell:Creating package script '/home/pi/Desktop/scrap_ws/install/diffdrive_arduino/share/diffdrive_arduino/package.bash'
[13.218s] INFO:colcon.colcon_core.shell:Creating package script '/home/pi/Desktop/scrap_ws/install/diffdrive_arduino/share/diffdrive_arduino/package.zsh'
[13.220s] Level 1:colcon.colcon_core.environment:create_file_with_runtime_dependencies(/home/pi/Desktop/scrap_ws/install/diffdrive_arduino/share/colcon-core/packages/diffdrive_arduino)
[13.427s] Level 1:colcon.colcon_core.environment:create_environment_scripts_only(velodyne_laserscan)
[13.529s] Level 1:colcon.colcon_core.environment:checking '/home/pi/Desktop/scrap_ws/install/velodyne_laserscan' for CMake module files
[13.533s] Level 1:colcon.colcon_core.environment:checking '/home/pi/Desktop/scrap_ws/install/velodyne_laserscan' for CMake config files
[13.537s] Level 1:colcon.colcon_core.shell:create_environment_hook('velodyne_laserscan', 'cmake_prefix_path')
[13.623s] INFO:colcon.colcon_core.shell:Creating environment hook '/home/pi/Desktop/scrap_ws/install/velodyne_laserscan/share/velodyne_laserscan/hook/cmake_prefix_path.ps1'
[13.625s] INFO:colcon.colcon_core.shell:Creating environment descriptor '/home/pi/Desktop/scrap_ws/install/velodyne_laserscan/share/velodyne_laserscan/hook/cmake_prefix_path.dsv'
[13.627s] INFO:colcon.colcon_core.shell:Creating environment hook '/home/pi/Desktop/scrap_ws/install/velodyne_laserscan/share/velodyne_laserscan/hook/cmake_prefix_path.sh'
[13.630s] Level 1:colcon.colcon_core.environment:checking '/home/pi/Desktop/scrap_ws/install/velodyne_laserscan/lib'
[13.630s] Level 1:colcon.colcon_core.shell:create_environment_hook('velodyne_laserscan', 'ld_library_path_lib')
[13.727s] INFO:colcon.colcon_core.shell:Creating environment hook '/home/pi/Desktop/scrap_ws/install/velodyne_laserscan/share/velodyne_laserscan/hook/ld_library_path_lib.ps1'
[13.729s] INFO:colcon.colcon_core.shell:Creating environment descriptor '/home/pi/Desktop/scrap_ws/install/velodyne_laserscan/share/velodyne_laserscan/hook/ld_library_path_lib.dsv'
[13.731s] INFO:colcon.colcon_core.shell:Creating environment hook '/home/pi/Desktop/scrap_ws/install/velodyne_laserscan/share/velodyne_laserscan/hook/ld_library_path_lib.sh'
[13.733s] Level 1:colcon.colcon_core.environment:checking '/home/pi/Desktop/scrap_ws/install/velodyne_laserscan/bin'
[13.734s] Level 1:colcon.colcon_core.environment:checking '/home/pi/Desktop/scrap_ws/install/velodyne_laserscan/lib/pkgconfig/velodyne_laserscan.pc'
[13.735s] Level 1:colcon.colcon_core.environment:checking '/home/pi/Desktop/scrap_ws/install/velodyne_laserscan/lib/python3.10/site-packages'
[13.737s] Level 1:colcon.colcon_core.environment:checking '/home/pi/Desktop/scrap_ws/install/velodyne_laserscan/bin'
[13.881s] INFO:colcon.colcon_core.shell:Creating package script '/home/pi/Desktop/scrap_ws/install/velodyne_laserscan/share/velodyne_laserscan/package.ps1'
[13.885s] INFO:colcon.colcon_core.shell:Creating package descriptor '/home/pi/Desktop/scrap_ws/install/velodyne_laserscan/share/velodyne_laserscan/package.dsv'
[13.889s] INFO:colcon.colcon_core.shell:Creating package script '/home/pi/Desktop/scrap_ws/install/velodyne_laserscan/share/velodyne_laserscan/package.sh'
[13.893s] INFO:colcon.colcon_core.shell:Creating package script '/home/pi/Desktop/scrap_ws/install/velodyne_laserscan/share/velodyne_laserscan/package.bash'
[13.897s] INFO:colcon.colcon_core.shell:Creating package script '/home/pi/Desktop/scrap_ws/install/velodyne_laserscan/share/velodyne_laserscan/package.zsh'
[13.900s] Level 1:colcon.colcon_core.environment:create_file_with_runtime_dependencies(/home/pi/Desktop/scrap_ws/install/velodyne_laserscan/share/colcon-core/packages/velodyne_laserscan)
[13.908s] Level 1:colcon.colcon_core.environment:create_environment_scripts_only(velodyne_msgs)
[13.911s] DEBUG:colcon.colcon_core.event_handler.log_command:Invoked command in '/home/pi/Desktop/scrap_ws/build/velodyne_msgs' returned '0': CMAKE_PREFIX_PATH=${CMAKE_PREFIX_PATH}:/home/pi/Desktop/scrap_ws/install/scrap_pkg:/opt/ros/humble /usr/bin/cmake --install /home/pi/Desktop/scrap_ws/build/velodyne_msgs
[14.022s] Level 1:colcon.colcon_core.environment:checking '/home/pi/Desktop/scrap_ws/install/velodyne_msgs' for CMake module files
[14.027s] Level 1:colcon.colcon_core.environment:checking '/home/pi/Desktop/scrap_ws/install/velodyne_msgs' for CMake config files
[14.033s] Level 1:colcon.colcon_core.shell:create_environment_hook('velodyne_msgs', 'cmake_prefix_path')
[14.112s] INFO:colcon.colcon_core.shell:Creating environment hook '/home/pi/Desktop/scrap_ws/install/velodyne_msgs/share/velodyne_msgs/hook/cmake_prefix_path.ps1'
[14.114s] INFO:colcon.colcon_core.shell:Creating environment descriptor '/home/pi/Desktop/scrap_ws/install/velodyne_msgs/share/velodyne_msgs/hook/cmake_prefix_path.dsv'
[14.115s] INFO:colcon.colcon_core.shell:Creating environment hook '/home/pi/Desktop/scrap_ws/install/velodyne_msgs/share/velodyne_msgs/hook/cmake_prefix_path.sh'
[14.119s] Level 1:colcon.colcon_core.environment:checking '/home/pi/Desktop/scrap_ws/install/velodyne_msgs/lib'
[14.119s] Level 1:colcon.colcon_core.shell:create_environment_hook('velodyne_msgs', 'ld_library_path_lib')
[14.198s] INFO:colcon.colcon_core.shell:Creating environment hook '/home/pi/Desktop/scrap_ws/install/velodyne_msgs/share/velodyne_msgs/hook/ld_library_path_lib.ps1'
[14.200s] INFO:colcon.colcon_core.shell:Creating environment descriptor '/home/pi/Desktop/scrap_ws/install/velodyne_msgs/share/velodyne_msgs/hook/ld_library_path_lib.dsv'
[14.202s] INFO:colcon.colcon_core.shell:Creating environment hook '/home/pi/Desktop/scrap_ws/install/velodyne_msgs/share/velodyne_msgs/hook/ld_library_path_lib.sh'
[14.204s] Level 1:colcon.colcon_core.environment:checking '/home/pi/Desktop/scrap_ws/install/velodyne_msgs/bin'
[14.204s] Level 1:colcon.colcon_core.environment:checking '/home/pi/Desktop/scrap_ws/install/velodyne_msgs/lib/pkgconfig/velodyne_msgs.pc'
[14.205s] Level 1:colcon.colcon_core.environment:checking '/home/pi/Desktop/scrap_ws/install/velodyne_msgs/lib/python3.10/site-packages'
[14.206s] Level 1:colcon.colcon_core.environment:checking '/home/pi/Desktop/scrap_ws/install/velodyne_msgs/bin'
[14.286s] INFO:colcon.colcon_core.shell:Creating package script '/home/pi/Desktop/scrap_ws/install/velodyne_msgs/share/velodyne_msgs/package.ps1'
[14.288s] INFO:colcon.colcon_core.shell:Creating package descriptor '/home/pi/Desktop/scrap_ws/install/velodyne_msgs/share/velodyne_msgs/package.dsv'
[14.290s] INFO:colcon.colcon_core.shell:Creating package script '/home/pi/Desktop/scrap_ws/install/velodyne_msgs/share/velodyne_msgs/package.sh'
[14.293s] INFO:colcon.colcon_core.shell:Creating package script '/home/pi/Desktop/scrap_ws/install/velodyne_msgs/share/velodyne_msgs/package.bash'
[14.294s] INFO:colcon.colcon_core.shell:Creating package script '/home/pi/Desktop/scrap_ws/install/velodyne_msgs/share/velodyne_msgs/package.zsh'
[14.296s] Level 1:colcon.colcon_core.environment:create_file_with_runtime_dependencies(/home/pi/Desktop/scrap_ws/install/velodyne_msgs/share/colcon-core/packages/velodyne_msgs)
[14.397s] Level 1:colcon.colcon_core.environment:create_environment_scripts_only(diffdrive_arduino)
[14.485s] Level 1:colcon.colcon_core.environment:checking '/home/pi/Desktop/scrap_ws/install/diffdrive_arduino' for CMake module files
[14.489s] Level 1:colcon.colcon_core.environment:checking '/home/pi/Desktop/scrap_ws/install/diffdrive_arduino' for CMake config files
[14.493s] Level 1:colcon.colcon_core.shell:create_environment_hook('diffdrive_arduino', 'cmake_prefix_path')
[14.581s] INFO:colcon.colcon_core.shell:Creating environment hook '/home/pi/Desktop/scrap_ws/install/diffdrive_arduino/share/diffdrive_arduino/hook/cmake_prefix_path.ps1'
[14.584s] INFO:colcon.colcon_core.shell:Creating environment descriptor '/home/pi/Desktop/scrap_ws/install/diffdrive_arduino/share/diffdrive_arduino/hook/cmake_prefix_path.dsv'
[14.586s] INFO:colcon.colcon_core.shell:Creating environment hook '/home/pi/Desktop/scrap_ws/install/diffdrive_arduino/share/diffdrive_arduino/hook/cmake_prefix_path.sh'
[14.589s] Level 1:colcon.colcon_core.environment:checking '/home/pi/Desktop/scrap_ws/install/diffdrive_arduino/lib'
[14.589s] Level 1:colcon.colcon_core.shell:create_environment_hook('diffdrive_arduino', 'ld_library_path_lib')
[14.679s] INFO:colcon.colcon_core.shell:Creating environment hook '/home/pi/Desktop/scrap_ws/install/diffdrive_arduino/share/diffdrive_arduino/hook/ld_library_path_lib.ps1'
[14.681s] INFO:colcon.colcon_core.shell:Creating environment descriptor '/home/pi/Desktop/scrap_ws/install/diffdrive_arduino/share/diffdrive_arduino/hook/ld_library_path_lib.dsv'
[14.683s] INFO:colcon.colcon_core.shell:Creating environment hook '/home/pi/Desktop/scrap_ws/install/diffdrive_arduino/share/diffdrive_arduino/hook/ld_library_path_lib.sh'
[14.686s] Level 1:colcon.colcon_core.environment:checking '/home/pi/Desktop/scrap_ws/install/diffdrive_arduino/bin'
[14.686s] Level 1:colcon.colcon_core.environment:checking '/home/pi/Desktop/scrap_ws/install/diffdrive_arduino/lib/pkgconfig/diffdrive_arduino.pc'
[14.687s] Level 1:colcon.colcon_core.environment:checking '/home/pi/Desktop/scrap_ws/install/diffdrive_arduino/lib/python3.10/site-packages'
[14.688s] Level 1:colcon.colcon_core.environment:checking '/home/pi/Desktop/scrap_ws/install/diffdrive_arduino/bin'
[14.820s] INFO:colcon.colcon_core.shell:Creating package script '/home/pi/Desktop/scrap_ws/install/diffdrive_arduino/share/diffdrive_arduino/package.ps1'
[14.823s] INFO:colcon.colcon_core.shell:Creating package descriptor '/home/pi/Desktop/scrap_ws/install/diffdrive_arduino/share/diffdrive_arduino/package.dsv'
[14.826s] INFO:colcon.colcon_core.shell:Creating package script '/home/pi/Desktop/scrap_ws/install/diffdrive_arduino/share/diffdrive_arduino/package.sh'
[14.829s] INFO:colcon.colcon_core.shell:Creating package script '/home/pi/Desktop/scrap_ws/install/diffdrive_arduino/share/diffdrive_arduino/package.bash'
[14.831s] INFO:colcon.colcon_core.shell:Creating package script '/home/pi/Desktop/scrap_ws/install/diffdrive_arduino/share/diffdrive_arduino/package.zsh'
[14.833s] Level 1:colcon.colcon_core.environment:create_file_with_runtime_dependencies(/home/pi/Desktop/scrap_ws/install/diffdrive_arduino/share/colcon-core/packages/diffdrive_arduino)
[14.857s] DEBUG:colcon.colcon_core.event_handler.log_command:Invoking command in '/home/pi/Desktop/scrap_ws/build/scrap_pkg': PYTHONPATH=/home/pi/Desktop/scrap_ws/build/scrap_pkg/prefix_override:/home/pi/Desktop/scrap_ws/install/scrap_pkg/lib/python3.10/site-packages:${PYTHONPATH} /usr/bin/python3 setup.py develop --editable --build-directory /home/pi/Desktop/scrap_ws/build/scrap_pkg/build --no-deps install_data
[14.954s] Level 1:colcon.colcon_core.environment:create_environment_scripts_only(velodyne_msgs)
[15.052s] Level 1:colcon.colcon_core.environment:checking '/home/pi/Desktop/scrap_ws/install/velodyne_msgs' for CMake module files
[15.057s] Level 1:colcon.colcon_core.environment:checking '/home/pi/Desktop/scrap_ws/install/velodyne_msgs' for CMake config files
[15.064s] Level 1:colcon.colcon_core.shell:create_environment_hook('velodyne_msgs', 'cmake_prefix_path')
[15.163s] INFO:colcon.colcon_core.shell:Creating environment hook '/home/pi/Desktop/scrap_ws/install/velodyne_msgs/share/velodyne_msgs/hook/cmake_prefix_path.ps1'
[15.165s] INFO:colcon.colcon_core.shell:Creating environment descriptor '/home/pi/Desktop/scrap_ws/install/velodyne_msgs/share/velodyne_msgs/hook/cmake_prefix_path.dsv'
[15.167s] INFO:colcon.colcon_core.shell:Creating environment hook '/home/pi/Desktop/scrap_ws/install/velodyne_msgs/share/velodyne_msgs/hook/cmake_prefix_path.sh'
[15.170s] Level 1:colcon.colcon_core.environment:checking '/home/pi/Desktop/scrap_ws/install/velodyne_msgs/lib'
[15.171s] Level 1:colcon.colcon_core.shell:create_environment_hook('velodyne_msgs', 'ld_library_path_lib')
[15.268s] INFO:colcon.colcon_core.shell:Creating environment hook '/home/pi/Desktop/scrap_ws/install/velodyne_msgs/share/velodyne_msgs/hook/ld_library_path_lib.ps1'
[15.270s] INFO:colcon.colcon_core.shell:Creating environment descriptor '/home/pi/Desktop/scrap_ws/install/velodyne_msgs/share/velodyne_msgs/hook/ld_library_path_lib.dsv'
[15.272s] INFO:colcon.colcon_core.shell:Creating environment hook '/home/pi/Desktop/scrap_ws/install/velodyne_msgs/share/velodyne_msgs/hook/ld_library_path_lib.sh'
[15.275s] Level 1:colcon.colcon_core.environment:checking '/home/pi/Desktop/scrap_ws/install/velodyne_msgs/bin'
[15.275s] Level 1:colcon.colcon_core.environment:checking '/home/pi/Desktop/scrap_ws/install/velodyne_msgs/lib/pkgconfig/velodyne_msgs.pc'
[15.277s] Level 1:colcon.colcon_core.environment:checking '/home/pi/Desktop/scrap_ws/install/velodyne_msgs/lib/python3.10/site-packages'
[15.278s] Level 1:colcon.colcon_core.environment:checking '/home/pi/Desktop/scrap_ws/install/velodyne_msgs/bin'
[15.372s] INFO:colcon.colcon_core.shell:Creating package script '/home/pi/Desktop/scrap_ws/install/velodyne_msgs/share/velodyne_msgs/package.ps1'
[15.375s] INFO:colcon.colcon_core.shell:Creating package descriptor '/home/pi/Desktop/scrap_ws/install/velodyne_msgs/share/velodyne_msgs/package.dsv'
[15.378s] INFO:colcon.colcon_core.shell:Creating package script '/home/pi/Desktop/scrap_ws/install/velodyne_msgs/share/velodyne_msgs/package.sh'
[15.381s] INFO:colcon.colcon_core.shell:Creating package script '/home/pi/Desktop/scrap_ws/install/velodyne_msgs/share/velodyne_msgs/package.bash'
[15.383s] INFO:colcon.colcon_core.shell:Creating package script '/home/pi/Desktop/scrap_ws/install/velodyne_msgs/share/velodyne_msgs/package.zsh'
[15.385s] Level 1:colcon.colcon_core.environment:create_file_with_runtime_dependencies(/home/pi/Desktop/scrap_ws/install/velodyne_msgs/share/colcon-core/packages/velodyne_msgs)
[15.387s] INFO:colcon.colcon_ros.task.ament_cmake.build:Building ROS package in '/home/pi/Desktop/scrap_ws/src/velodyne/velodyne_driver' with build type 'ament_cmake'
[15.388s] INFO:colcon.colcon_cmake.task.cmake.build:Building CMake package in '/home/pi/Desktop/scrap_ws/src/velodyne/velodyne_driver'
[15.480s] INFO:colcon.colcon_core.shell:Skip shell extension 'powershell' for command environment: Not usable outside of PowerShell
[15.481s] DEBUG:colcon.colcon_core.shell:Skip shell extension 'dsv' for command environment
[15.778s] INFO:colcon.colcon_ros.task.ament_cmake.build:Building ROS package in '/home/pi/Desktop/scrap_ws/src/velodyne/velodyne_pointcloud' with build type 'ament_cmake'
[15.779s] INFO:colcon.colcon_cmake.task.cmake.build:Building CMake package in '/home/pi/Desktop/scrap_ws/src/velodyne/velodyne_pointcloud'
[15.874s] INFO:colcon.colcon_core.shell:Skip shell extension 'powershell' for command environment: Not usable outside of PowerShell
[15.875s] DEBUG:colcon.colcon_core.shell:Skip shell extension 'dsv' for command environment
[16.199s] DEBUG:colcon.colcon_core.event_handler.log_command:Invoking command in '/home/pi/Desktop/scrap_ws/build/velodyne_driver': CMAKE_PREFIX_PATH=/home/pi/Desktop/scrap_ws/install/velodyne_msgs:/home/pi/Desktop/scrap_ws/install/velodyne:/home/pi/Desktop/scrap_ws/install/velodyne_pointcloud:/home/pi/Desktop/scrap_ws/install/velodyne_driver:/home/pi/Desktop/scrap_ws/install/velodyne_laserscan:/home/pi/Desktop/scrap_ws/install/diffdrive_arduino:/home/pi/Desktop/scrap_ws/install/scrap_pkg:/opt/ros/humble LD_LIBRARY_PATH=/home/pi/Desktop/scrap_ws/install/velodyne_msgs/lib:/home/pi/Desktop/scrap_ws/install/velodyne_pointcloud/lib:/home/pi/Desktop/scrap_ws/install/velodyne_driver/lib:/home/pi/Desktop/scrap_ws/install/velodyne_laserscan/lib:/home/pi/Desktop/scrap_ws/install/diffdrive_arduino/lib:/opt/ros/humble/opt/rviz_ogre_vendor/lib:/opt/ros/humble/lib/aarch64-linux-gnu:/opt/ros/humble/lib /usr/bin/cmake --build /home/pi/Desktop/scrap_ws/build/velodyne_driver -- -j4 -l4
[16.229s] DEBUG:colcon.colcon_core.event_handler.log_command:Invoking command in '/home/pi/Desktop/scrap_ws/build/velodyne_pointcloud': CMAKE_PREFIX_PATH=/home/pi/Desktop/scrap_ws/install/velodyne_msgs:/home/pi/Desktop/scrap_ws/install/velodyne:/home/pi/Desktop/scrap_ws/install/velodyne_pointcloud:/home/pi/Desktop/scrap_ws/install/velodyne_driver:/home/pi/Desktop/scrap_ws/install/velodyne_laserscan:/home/pi/Desktop/scrap_ws/install/diffdrive_arduino:/home/pi/Desktop/scrap_ws/install/scrap_pkg:/opt/ros/humble LD_LIBRARY_PATH=/home/pi/Desktop/scrap_ws/install/velodyne_msgs/lib:/home/pi/Desktop/scrap_ws/install/velodyne_pointcloud/lib:/home/pi/Desktop/scrap_ws/install/velodyne_driver/lib:/home/pi/Desktop/scrap_ws/install/velodyne_laserscan/lib:/home/pi/Desktop/scrap_ws/install/diffdrive_arduino/lib:/opt/ros/humble/opt/rviz_ogre_vendor/lib:/opt/ros/humble/lib/aarch64-linux-gnu:/opt/ros/humble/lib /usr/bin/cmake --build /home/pi/Desktop/scrap_ws/build/velodyne_pointcloud -- -j4 -l4
[17.119s] DEBUG:colcon.colcon_core.event_handler.log_command:Invoked command in '/home/pi/Desktop/scrap_ws/build/velodyne_driver' returned '0': CMAKE_PREFIX_PATH=/home/pi/Desktop/scrap_ws/install/velodyne_msgs:/home/pi/Desktop/scrap_ws/install/velodyne:/home/pi/Desktop/scrap_ws/install/velodyne_pointcloud:/home/pi/Desktop/scrap_ws/install/velodyne_driver:/home/pi/Desktop/scrap_ws/install/velodyne_laserscan:/home/pi/Desktop/scrap_ws/install/diffdrive_arduino:/home/pi/Desktop/scrap_ws/install/scrap_pkg:/opt/ros/humble LD_LIBRARY_PATH=/home/pi/Desktop/scrap_ws/install/velodyne_msgs/lib:/home/pi/Desktop/scrap_ws/install/velodyne_pointcloud/lib:/home/pi/Desktop/scrap_ws/install/velodyne_driver/lib:/home/pi/Desktop/scrap_ws/install/velodyne_laserscan/lib:/home/pi/Desktop/scrap_ws/install/diffdrive_arduino/lib:/opt/ros/humble/opt/rviz_ogre_vendor/lib:/opt/ros/humble/lib/aarch64-linux-gnu:/opt/ros/humble/lib /usr/bin/cmake --build /home/pi/Desktop/scrap_ws/build/velodyne_driver -- -j4 -l4
[17.275s] DEBUG:colcon.colcon_core.event_handler.log_command:Invoked command in '/home/pi/Desktop/scrap_ws/build/velodyne_pointcloud' returned '0': CMAKE_PREFIX_PATH=/home/pi/Desktop/scrap_ws/install/velodyne_msgs:/home/pi/Desktop/scrap_ws/install/velodyne:/home/pi/Desktop/scrap_ws/install/velodyne_pointcloud:/home/pi/Desktop/scrap_ws/install/velodyne_driver:/home/pi/Desktop/scrap_ws/install/velodyne_laserscan:/home/pi/Desktop/scrap_ws/install/diffdrive_arduino:/home/pi/Desktop/scrap_ws/install/scrap_pkg:/opt/ros/humble LD_LIBRARY_PATH=/home/pi/Desktop/scrap_ws/install/velodyne_msgs/lib:/home/pi/Desktop/scrap_ws/install/velodyne_pointcloud/lib:/home/pi/Desktop/scrap_ws/install/velodyne_driver/lib:/home/pi/Desktop/scrap_ws/install/velodyne_laserscan/lib:/home/pi/Desktop/scrap_ws/install/diffdrive_arduino/lib:/opt/ros/humble/opt/rviz_ogre_vendor/lib:/opt/ros/humble/lib/aarch64-linux-gnu:/opt/ros/humble/lib /usr/bin/cmake --build /home/pi/Desktop/scrap_ws/build/velodyne_pointcloud -- -j4 -l4
[17.363s] DEBUG:colcon.colcon_core.event_handler.log_command:Invoking command in '/home/pi/Desktop/scrap_ws/build/velodyne_driver': CMAKE_PREFIX_PATH=/home/pi/Desktop/scrap_ws/install/velodyne_msgs:/home/pi/Desktop/scrap_ws/install/velodyne:/home/pi/Desktop/scrap_ws/install/velodyne_pointcloud:/home/pi/Desktop/scrap_ws/install/velodyne_driver:/home/pi/Desktop/scrap_ws/install/velodyne_laserscan:/home/pi/Desktop/scrap_ws/install/diffdrive_arduino:/home/pi/Desktop/scrap_ws/install/scrap_pkg:/opt/ros/humble LD_LIBRARY_PATH=/home/pi/Desktop/scrap_ws/install/velodyne_msgs/lib:/home/pi/Desktop/scrap_ws/install/velodyne_pointcloud/lib:/home/pi/Desktop/scrap_ws/install/velodyne_driver/lib:/home/pi/Desktop/scrap_ws/install/velodyne_laserscan/lib:/home/pi/Desktop/scrap_ws/install/diffdrive_arduino/lib:/opt/ros/humble/opt/rviz_ogre_vendor/lib:/opt/ros/humble/lib/aarch64-linux-gnu:/opt/ros/humble/lib /usr/bin/cmake --install /home/pi/Desktop/scrap_ws/build/velodyne_driver
[17.504s] Level 1:colcon.colcon_core.environment:create_environment_scripts_only(velodyne_driver)
[17.507s] DEBUG:colcon.colcon_core.event_handler.log_command:Invoked command in '/home/pi/Desktop/scrap_ws/build/velodyne_driver' returned '0': CMAKE_PREFIX_PATH=/home/pi/Desktop/scrap_ws/install/velodyne_msgs:/home/pi/Desktop/scrap_ws/install/velodyne:/home/pi/Desktop/scrap_ws/install/velodyne_pointcloud:/home/pi/Desktop/scrap_ws/install/velodyne_driver:/home/pi/Desktop/scrap_ws/install/velodyne_laserscan:/home/pi/Desktop/scrap_ws/install/diffdrive_arduino:/home/pi/Desktop/scrap_ws/install/scrap_pkg:/opt/ros/humble LD_LIBRARY_PATH=/home/pi/Desktop/scrap_ws/install/velodyne_msgs/lib:/home/pi/Desktop/scrap_ws/install/velodyne_pointcloud/lib:/home/pi/Desktop/scrap_ws/install/velodyne_driver/lib:/home/pi/Desktop/scrap_ws/install/velodyne_laserscan/lib:/home/pi/Desktop/scrap_ws/install/diffdrive_arduino/lib:/opt/ros/humble/opt/rviz_ogre_vendor/lib:/opt/ros/humble/lib/aarch64-linux-gnu:/opt/ros/humble/lib /usr/bin/cmake --install /home/pi/Desktop/scrap_ws/build/velodyne_driver
[17.602s] Level 1:colcon.colcon_core.environment:checking '/home/pi/Desktop/scrap_ws/install/velodyne_driver' for CMake module files
[17.606s] Level 1:colcon.colcon_core.environment:checking '/home/pi/Desktop/scrap_ws/install/velodyne_driver' for CMake config files
[17.610s] Level 1:colcon.colcon_core.shell:create_environment_hook('velodyne_driver', 'cmake_prefix_path')
[17.699s] INFO:colcon.colcon_core.shell:Creating environment hook '/home/pi/Desktop/scrap_ws/install/velodyne_driver/share/velodyne_driver/hook/cmake_prefix_path.ps1'
[17.702s] INFO:colcon.colcon_core.shell:Creating environment descriptor '/home/pi/Desktop/scrap_ws/install/velodyne_driver/share/velodyne_driver/hook/cmake_prefix_path.dsv'
[17.704s] INFO:colcon.colcon_core.shell:Creating environment hook '/home/pi/Desktop/scrap_ws/install/velodyne_driver/share/velodyne_driver/hook/cmake_prefix_path.sh'
[17.707s] Level 1:colcon.colcon_core.environment:checking '/home/pi/Desktop/scrap_ws/install/velodyne_driver/lib'
[17.708s] Level 1:colcon.colcon_core.shell:create_environment_hook('velodyne_driver', 'ld_library_path_lib')
[17.803s] INFO:colcon.colcon_core.shell:Creating environment hook '/home/pi/Desktop/scrap_ws/install/velodyne_driver/share/velodyne_driver/hook/ld_library_path_lib.ps1'
[17.805s] INFO:colcon.colcon_core.shell:Creating environment descriptor '/home/pi/Desktop/scrap_ws/install/velodyne_driver/share/velodyne_driver/hook/ld_library_path_lib.dsv'
[17.807s] INFO:colcon.colcon_core.shell:Creating environment hook '/home/pi/Desktop/scrap_ws/install/velodyne_driver/share/velodyne_driver/hook/ld_library_path_lib.sh'
[17.809s] Level 1:colcon.colcon_core.environment:checking '/home/pi/Desktop/scrap_ws/install/velodyne_driver/bin'
[17.809s] Level 1:colcon.colcon_core.environment:checking '/home/pi/Desktop/scrap_ws/install/velodyne_driver/lib/pkgconfig/velodyne_driver.pc'
[17.811s] Level 1:colcon.colcon_core.environment:checking '/home/pi/Desktop/scrap_ws/install/velodyne_driver/lib/python3.10/site-packages'
[17.812s] Level 1:colcon.colcon_core.environment:checking '/home/pi/Desktop/scrap_ws/install/velodyne_driver/bin'
[17.898s] INFO:colcon.colcon_core.shell:Creating package script '/home/pi/Desktop/scrap_ws/install/velodyne_driver/share/velodyne_driver/package.ps1'
[17.903s] INFO:colcon.colcon_core.shell:Creating package descriptor '/home/pi/Desktop/scrap_ws/install/velodyne_driver/share/velodyne_driver/package.dsv'
[17.986s] INFO:colcon.colcon_core.shell:Creating package script '/home/pi/Desktop/scrap_ws/install/velodyne_driver/share/velodyne_driver/package.sh'
[17.990s] INFO:colcon.colcon_core.shell:Creating package script '/home/pi/Desktop/scrap_ws/install/velodyne_driver/share/velodyne_driver/package.bash'
[17.994s] INFO:colcon.colcon_core.shell:Creating package script '/home/pi/Desktop/scrap_ws/install/velodyne_driver/share/velodyne_driver/package.zsh'
[17.997s] Level 1:colcon.colcon_core.environment:create_file_with_runtime_dependencies(/home/pi/Desktop/scrap_ws/install/velodyne_driver/share/colcon-core/packages/velodyne_driver)
[18.021s] DEBUG:colcon.colcon_core.event_handler.log_command:Invoking command in '/home/pi/Desktop/scrap_ws/build/velodyne_pointcloud': CMAKE_PREFIX_PATH=/home/pi/Desktop/scrap_ws/install/velodyne_msgs:/home/pi/Desktop/scrap_ws/install/velodyne:/home/pi/Desktop/scrap_ws/install/velodyne_pointcloud:/home/pi/Desktop/scrap_ws/install/velodyne_driver:/home/pi/Desktop/scrap_ws/install/velodyne_laserscan:/home/pi/Desktop/scrap_ws/install/diffdrive_arduino:/home/pi/Desktop/scrap_ws/install/scrap_pkg:/opt/ros/humble LD_LIBRARY_PATH=/home/pi/Desktop/scrap_ws/install/velodyne_msgs/lib:/home/pi/Desktop/scrap_ws/install/velodyne_pointcloud/lib:/home/pi/Desktop/scrap_ws/install/velodyne_driver/lib:/home/pi/Desktop/scrap_ws/install/velodyne_laserscan/lib:/home/pi/Desktop/scrap_ws/install/diffdrive_arduino/lib:/opt/ros/humble/opt/rviz_ogre_vendor/lib:/opt/ros/humble/lib/aarch64-linux-gnu:/opt/ros/humble/lib /usr/bin/cmake --install /home/pi/Desktop/scrap_ws/build/velodyne_pointcloud
[18.145s] Level 1:colcon.colcon_core.shell:create_environment_hook('scrap_pkg', 'pythonpath_develop')
[18.149s] DEBUG:colcon.colcon_core.event_handler.log_command:Invoked command in '/home/pi/Desktop/scrap_ws/build/scrap_pkg' returned '0': PYTHONPATH=/home/pi/Desktop/scrap_ws/build/scrap_pkg/prefix_override:/home/pi/Desktop/scrap_ws/install/scrap_pkg/lib/python3.10/site-packages:${PYTHONPATH} /usr/bin/python3 setup.py develop --editable --build-directory /home/pi/Desktop/scrap_ws/build/scrap_pkg/build --no-deps install_data
[18.261s] INFO:colcon.colcon_core.shell:Creating environment hook '/home/pi/Desktop/scrap_ws/build/scrap_pkg/share/scrap_pkg/hook/pythonpath_develop.ps1'
[18.264s] INFO:colcon.colcon_core.shell:Creating environment descriptor '/home/pi/Desktop/scrap_ws/build/scrap_pkg/share/scrap_pkg/hook/pythonpath_develop.dsv'
[18.267s] INFO:colcon.colcon_core.shell:Creating environment hook '/home/pi/Desktop/scrap_ws/build/scrap_pkg/share/scrap_pkg/hook/pythonpath_develop.sh'
[18.349s] Level 1:colcon.colcon_core.environment:checking '/home/pi/Desktop/scrap_ws/install/scrap_pkg' for CMake module files
[18.352s] Level 1:colcon.colcon_core.environment:checking '/home/pi/Desktop/scrap_ws/install/scrap_pkg' for CMake config files
[18.356s] Level 1:colcon.colcon_core.environment:checking '/home/pi/Desktop/scrap_ws/install/scrap_pkg/lib'
[18.356s] Level 1:colcon.colcon_core.environment:checking '/home/pi/Desktop/scrap_ws/install/scrap_pkg/bin'
[18.357s] Level 1:colcon.colcon_core.environment:checking '/home/pi/Desktop/scrap_ws/install/scrap_pkg/lib/pkgconfig/scrap_pkg.pc'
[18.358s] Level 1:colcon.colcon_core.environment:checking '/home/pi/Desktop/scrap_ws/install/scrap_pkg/lib/python3.10/site-packages'
[18.358s] Level 1:colcon.colcon_core.shell:create_environment_hook('scrap_pkg', 'pythonpath')
[18.437s] INFO:colcon.colcon_core.shell:Creating environment hook '/home/pi/Desktop/scrap_ws/install/scrap_pkg/share/scrap_pkg/hook/pythonpath.ps1'
[18.439s] INFO:colcon.colcon_core.shell:Creating environment descriptor '/home/pi/Desktop/scrap_ws/install/scrap_pkg/share/scrap_pkg/hook/pythonpath.dsv'
[18.441s] INFO:colcon.colcon_core.shell:Creating environment hook '/home/pi/Desktop/scrap_ws/install/scrap_pkg/share/scrap_pkg/hook/pythonpath.sh'
[18.443s] Level 1:colcon.colcon_core.environment:checking '/home/pi/Desktop/scrap_ws/install/scrap_pkg/bin'
[18.444s] Level 1:colcon.colcon_core.environment:create_environment_scripts_only(scrap_pkg)
[18.523s] INFO:colcon.colcon_core.shell:Creating package script '/home/pi/Desktop/scrap_ws/install/scrap_pkg/share/scrap_pkg/package.ps1'
[18.526s] INFO:colcon.colcon_core.shell:Creating package descriptor '/home/pi/Desktop/scrap_ws/install/scrap_pkg/share/scrap_pkg/package.dsv'
[18.528s] INFO:colcon.colcon_core.shell:Creating package script '/home/pi/Desktop/scrap_ws/install/scrap_pkg/share/scrap_pkg/package.sh'
[18.531s] INFO:colcon.colcon_core.shell:Creating package script '/home/pi/Desktop/scrap_ws/install/scrap_pkg/share/scrap_pkg/package.bash'
[18.533s] INFO:colcon.colcon_core.shell:Creating package script '/home/pi/Desktop/scrap_ws/install/scrap_pkg/share/scrap_pkg/package.zsh'
[18.535s] Level 1:colcon.colcon_core.environment:create_file_with_runtime_dependencies(/home/pi/Desktop/scrap_ws/install/scrap_pkg/share/colcon-core/packages/scrap_pkg)
[18.619s] Level 1:colcon.colcon_core.environment:create_environment_scripts_only(velodyne_driver)
[18.699s] Level 1:colcon.colcon_core.environment:checking '/home/pi/Desktop/scrap_ws/install/velodyne_driver' for CMake module files
[18.702s] Level 1:colcon.colcon_core.environment:checking '/home/pi/Desktop/scrap_ws/install/velodyne_driver' for CMake config files
[18.706s] Level 1:colcon.colcon_core.shell:create_environment_hook('velodyne_driver', 'cmake_prefix_path')
[18.785s] INFO:colcon.colcon_core.shell:Creating environment hook '/home/pi/Desktop/scrap_ws/install/velodyne_driver/share/velodyne_driver/hook/cmake_prefix_path.ps1'
[18.787s] INFO:colcon.colcon_core.shell:Creating environment descriptor '/home/pi/Desktop/scrap_ws/install/velodyne_driver/share/velodyne_driver/hook/cmake_prefix_path.dsv'
[18.789s] INFO:colcon.colcon_core.shell:Creating environment hook '/home/pi/Desktop/scrap_ws/install/velodyne_driver/share/velodyne_driver/hook/cmake_prefix_path.sh'
[18.792s] Level 1:colcon.colcon_core.environment:checking '/home/pi/Desktop/scrap_ws/install/velodyne_driver/lib'
[18.792s] Level 1:colcon.colcon_core.shell:create_environment_hook('velodyne_driver', 'ld_library_path_lib')
[18.870s] INFO:colcon.colcon_core.shell:Creating environment hook '/home/pi/Desktop/scrap_ws/install/velodyne_driver/share/velodyne_driver/hook/ld_library_path_lib.ps1'
[18.872s] INFO:colcon.colcon_core.shell:Creating environment descriptor '/home/pi/Desktop/scrap_ws/install/velodyne_driver/share/velodyne_driver/hook/ld_library_path_lib.dsv'
[18.874s] INFO:colcon.colcon_core.shell:Creating environment hook '/home/pi/Desktop/scrap_ws/install/velodyne_driver/share/velodyne_driver/hook/ld_library_path_lib.sh'
[18.876s] Level 1:colcon.colcon_core.environment:checking '/home/pi/Desktop/scrap_ws/install/velodyne_driver/bin'
[18.877s] Level 1:colcon.colcon_core.environment:checking '/home/pi/Desktop/scrap_ws/install/velodyne_driver/lib/pkgconfig/velodyne_driver.pc'
[18.878s] Level 1:colcon.colcon_core.environment:checking '/home/pi/Desktop/scrap_ws/install/velodyne_driver/lib/python3.10/site-packages'
[18.879s] Level 1:colcon.colcon_core.environment:checking '/home/pi/Desktop/scrap_ws/install/velodyne_driver/bin'
[18.957s] INFO:colcon.colcon_core.shell:Creating package script '/home/pi/Desktop/scrap_ws/install/velodyne_driver/share/velodyne_driver/package.ps1'
[18.960s] INFO:colcon.colcon_core.shell:Creating package descriptor '/home/pi/Desktop/scrap_ws/install/velodyne_driver/share/velodyne_driver/package.dsv'
[18.962s] INFO:colcon.colcon_core.shell:Creating package script '/home/pi/Desktop/scrap_ws/install/velodyne_driver/share/velodyne_driver/package.sh'
[18.965s] INFO:colcon.colcon_core.shell:Creating package script '/home/pi/Desktop/scrap_ws/install/velodyne_driver/share/velodyne_driver/package.bash'
[18.967s] INFO:colcon.colcon_core.shell:Creating package script '/home/pi/Desktop/scrap_ws/install/velodyne_driver/share/velodyne_driver/package.zsh'
[18.969s] Level 1:colcon.colcon_core.environment:create_file_with_runtime_dependencies(/home/pi/Desktop/scrap_ws/install/velodyne_driver/share/colcon-core/packages/velodyne_driver)
[18.971s] Level 1:colcon.colcon_core.environment:create_environment_scripts_only(velodyne_pointcloud)
[18.976s] DEBUG:colcon.colcon_core.event_handler.log_command:Invoked command in '/home/pi/Desktop/scrap_ws/build/velodyne_pointcloud' returned '0': CMAKE_PREFIX_PATH=/home/pi/Desktop/scrap_ws/install/velodyne_msgs:/home/pi/Desktop/scrap_ws/install/velodyne:/home/pi/Desktop/scrap_ws/install/velodyne_pointcloud:/home/pi/Desktop/scrap_ws/install/velodyne_driver:/home/pi/Desktop/scrap_ws/install/velodyne_laserscan:/home/pi/Desktop/scrap_ws/install/diffdrive_arduino:/home/pi/Desktop/scrap_ws/install/scrap_pkg:/opt/ros/humble LD_LIBRARY_PATH=/home/pi/Desktop/scrap_ws/install/velodyne_msgs/lib:/home/pi/Desktop/scrap_ws/install/velodyne_pointcloud/lib:/home/pi/Desktop/scrap_ws/install/velodyne_driver/lib:/home/pi/Desktop/scrap_ws/install/velodyne_laserscan/lib:/home/pi/Desktop/scrap_ws/install/diffdrive_arduino/lib:/opt/ros/humble/opt/rviz_ogre_vendor/lib:/opt/ros/humble/lib/aarch64-linux-gnu:/opt/ros/humble/lib /usr/bin/cmake --install /home/pi/Desktop/scrap_ws/build/velodyne_pointcloud
[19.055s] Level 1:colcon.colcon_core.environment:checking '/home/pi/Desktop/scrap_ws/install/velodyne_pointcloud' for CMake module files
[19.059s] Level 1:colcon.colcon_core.environment:checking '/home/pi/Desktop/scrap_ws/install/velodyne_pointcloud' for CMake config files
[19.064s] Level 1:colcon.colcon_core.shell:create_environment_hook('velodyne_pointcloud', 'cmake_prefix_path')
[19.142s] INFO:colcon.colcon_core.shell:Creating environment hook '/home/pi/Desktop/scrap_ws/install/velodyne_pointcloud/share/velodyne_pointcloud/hook/cmake_prefix_path.ps1'
[19.145s] INFO:colcon.colcon_core.shell:Creating environment descriptor '/home/pi/Desktop/scrap_ws/install/velodyne_pointcloud/share/velodyne_pointcloud/hook/cmake_prefix_path.dsv'
[19.146s] INFO:colcon.colcon_core.shell:Creating environment hook '/home/pi/Desktop/scrap_ws/install/velodyne_pointcloud/share/velodyne_pointcloud/hook/cmake_prefix_path.sh'
[19.149s] Level 1:colcon.colcon_core.environment:checking '/home/pi/Desktop/scrap_ws/install/velodyne_pointcloud/lib'
[19.150s] Level 1:colcon.colcon_core.shell:create_environment_hook('velodyne_pointcloud', 'ld_library_path_lib')
[19.229s] INFO:colcon.colcon_core.shell:Creating environment hook '/home/pi/Desktop/scrap_ws/install/velodyne_pointcloud/share/velodyne_pointcloud/hook/ld_library_path_lib.ps1'
[19.232s] INFO:colcon.colcon_core.shell:Creating environment descriptor '/home/pi/Desktop/scrap_ws/install/velodyne_pointcloud/share/velodyne_pointcloud/hook/ld_library_path_lib.dsv'
[19.233s] INFO:colcon.colcon_core.shell:Creating environment hook '/home/pi/Desktop/scrap_ws/install/velodyne_pointcloud/share/velodyne_pointcloud/hook/ld_library_path_lib.sh'
[19.235s] Level 1:colcon.colcon_core.environment:checking '/home/pi/Desktop/scrap_ws/install/velodyne_pointcloud/bin'
[19.236s] Level 1:colcon.colcon_core.environment:checking '/home/pi/Desktop/scrap_ws/install/velodyne_pointcloud/lib/pkgconfig/velodyne_pointcloud.pc'
[19.237s] Level 1:colcon.colcon_core.environment:checking '/home/pi/Desktop/scrap_ws/install/velodyne_pointcloud/lib/python3.10/site-packages'
[19.238s] Level 1:colcon.colcon_core.environment:checking '/home/pi/Desktop/scrap_ws/install/velodyne_pointcloud/bin'
[19.318s] INFO:colcon.colcon_core.shell:Creating package script '/home/pi/Desktop/scrap_ws/install/velodyne_pointcloud/share/velodyne_pointcloud/package.ps1'
[19.321s] INFO:colcon.colcon_core.shell:Creating package descriptor '/home/pi/Desktop/scrap_ws/install/velodyne_pointcloud/share/velodyne_pointcloud/package.dsv'
[19.323s] INFO:colcon.colcon_core.shell:Creating package script '/home/pi/Desktop/scrap_ws/install/velodyne_pointcloud/share/velodyne_pointcloud/package.sh'
[19.325s] INFO:colcon.colcon_core.shell:Creating package script '/home/pi/Desktop/scrap_ws/install/velodyne_pointcloud/share/velodyne_pointcloud/package.bash'
[19.327s] INFO:colcon.colcon_core.shell:Creating package script '/home/pi/Desktop/scrap_ws/install/velodyne_pointcloud/share/velodyne_pointcloud/package.zsh'
[19.329s] Level 1:colcon.colcon_core.environment:create_file_with_runtime_dependencies(/home/pi/Desktop/scrap_ws/install/velodyne_pointcloud/share/colcon-core/packages/velodyne_pointcloud)
[19.629s] Level 1:colcon.colcon_core.environment:create_environment_scripts_only(velodyne_pointcloud)
[19.709s] Level 1:colcon.colcon_core.environment:checking '/home/pi/Desktop/scrap_ws/install/velodyne_pointcloud' for CMake module files
[19.712s] Level 1:colcon.colcon_core.environment:checking '/home/pi/Desktop/scrap_ws/install/velodyne_pointcloud' for CMake config files
[19.717s] Level 1:colcon.colcon_core.shell:create_environment_hook('velodyne_pointcloud', 'cmake_prefix_path')
[19.796s] INFO:colcon.colcon_core.shell:Creating environment hook '/home/pi/Desktop/scrap_ws/install/velodyne_pointcloud/share/velodyne_pointcloud/hook/cmake_prefix_path.ps1'
[19.798s] INFO:colcon.colcon_core.shell:Creating environment descriptor '/home/pi/Desktop/scrap_ws/install/velodyne_pointcloud/share/velodyne_pointcloud/hook/cmake_prefix_path.dsv'
[19.800s] INFO:colcon.colcon_core.shell:Creating environment hook '/home/pi/Desktop/scrap_ws/install/velodyne_pointcloud/share/velodyne_pointcloud/hook/cmake_prefix_path.sh'
[19.803s] Level 1:colcon.colcon_core.environment:checking '/home/pi/Desktop/scrap_ws/install/velodyne_pointcloud/lib'
[19.803s] Level 1:colcon.colcon_core.shell:create_environment_hook('velodyne_pointcloud', 'ld_library_path_lib')
[19.881s] INFO:colcon.colcon_core.shell:Creating environment hook '/home/pi/Desktop/scrap_ws/install/velodyne_pointcloud/share/velodyne_pointcloud/hook/ld_library_path_lib.ps1'
[19.884s] INFO:colcon.colcon_core.shell:Creating environment descriptor '/home/pi/Desktop/scrap_ws/install/velodyne_pointcloud/share/velodyne_pointcloud/hook/ld_library_path_lib.dsv'
[19.886s] INFO:colcon.colcon_core.shell:Creating environment hook '/home/pi/Desktop/scrap_ws/install/velodyne_pointcloud/share/velodyne_pointcloud/hook/ld_library_path_lib.sh'
[19.888s] Level 1:colcon.colcon_core.environment:checking '/home/pi/Desktop/scrap_ws/install/velodyne_pointcloud/bin'
[19.889s] Level 1:colcon.colcon_core.environment:checking '/home/pi/Desktop/scrap_ws/install/velodyne_pointcloud/lib/pkgconfig/velodyne_pointcloud.pc'
[19.890s] Level 1:colcon.colcon_core.environment:checking '/home/pi/Desktop/scrap_ws/install/velodyne_pointcloud/lib/python3.10/site-packages'
[19.891s] Level 1:colcon.colcon_core.environment:checking '/home/pi/Desktop/scrap_ws/install/velodyne_pointcloud/bin'
[19.970s] INFO:colcon.colcon_core.shell:Creating package script '/home/pi/Desktop/scrap_ws/install/velodyne_pointcloud/share/velodyne_pointcloud/package.ps1'
[19.973s] INFO:colcon.colcon_core.shell:Creating package descriptor '/home/pi/Desktop/scrap_ws/install/velodyne_pointcloud/share/velodyne_pointcloud/package.dsv'
[19.975s] INFO:colcon.colcon_core.shell:Creating package script '/home/pi/Desktop/scrap_ws/install/velodyne_pointcloud/share/velodyne_pointcloud/package.sh'
[19.978s] INFO:colcon.colcon_core.shell:Creating package script '/home/pi/Desktop/scrap_ws/install/velodyne_pointcloud/share/velodyne_pointcloud/package.bash'
[19.980s] INFO:colcon.colcon_core.shell:Creating package script '/home/pi/Desktop/scrap_ws/install/velodyne_pointcloud/share/velodyne_pointcloud/package.zsh'
[19.982s] Level 1:colcon.colcon_core.environment:create_file_with_runtime_dependencies(/home/pi/Desktop/scrap_ws/install/velodyne_pointcloud/share/colcon-core/packages/velodyne_pointcloud)
[19.984s] INFO:colcon.colcon_ros.task.ament_cmake.build:Building ROS package in '/home/pi/Desktop/scrap_ws/src/velodyne/velodyne' with build type 'ament_cmake'
[19.984s] INFO:colcon.colcon_cmake.task.cmake.build:Building CMake package in '/home/pi/Desktop/scrap_ws/src/velodyne/velodyne'
[20.067s] INFO:colcon.colcon_core.shell:Skip shell extension 'powershell' for command environment: Not usable outside of PowerShell
[20.067s] DEBUG:colcon.colcon_core.shell:Skip shell extension 'dsv' for command environment
[20.383s] DEBUG:colcon.colcon_core.event_handler.log_command:Invoking command in '/home/pi/Desktop/scrap_ws/build/velodyne': CMAKE_PREFIX_PATH=/home/pi/Desktop/scrap_ws/install/velodyne_pointcloud:/home/pi/Desktop/scrap_ws/install/velodyne_driver:/home/pi/Desktop/scrap_ws/install/velodyne_msgs:/home/pi/Desktop/scrap_ws/install/velodyne_laserscan:/home/pi/Desktop/scrap_ws/install/velodyne:/home/pi/Desktop/scrap_ws/install/diffdrive_arduino:/home/pi/Desktop/scrap_ws/install/scrap_pkg:/opt/ros/humble /usr/bin/cmake --build /home/pi/Desktop/scrap_ws/build/velodyne -- -j4 -l4
[20.566s] DEBUG:colcon.colcon_core.event_handler.log_command:Invoked command in '/home/pi/Desktop/scrap_ws/build/velodyne' returned '0': CMAKE_PREFIX_PATH=/home/pi/Desktop/scrap_ws/install/velodyne_pointcloud:/home/pi/Desktop/scrap_ws/install/velodyne_driver:/home/pi/Desktop/scrap_ws/install/velodyne_msgs:/home/pi/Desktop/scrap_ws/install/velodyne_laserscan:/home/pi/Desktop/scrap_ws/install/velodyne:/home/pi/Desktop/scrap_ws/install/diffdrive_arduino:/home/pi/Desktop/scrap_ws/install/scrap_pkg:/opt/ros/humble /usr/bin/cmake --build /home/pi/Desktop/scrap_ws/build/velodyne -- -j4 -l4
[20.709s] DEBUG:colcon.colcon_core.event_handler.log_command:Invoking command in '/home/pi/Desktop/scrap_ws/build/velodyne': CMAKE_PREFIX_PATH=/home/pi/Desktop/scrap_ws/install/velodyne_pointcloud:/home/pi/Desktop/scrap_ws/install/velodyne_driver:/home/pi/Desktop/scrap_ws/install/velodyne_msgs:/home/pi/Desktop/scrap_ws/install/velodyne_laserscan:/home/pi/Desktop/scrap_ws/install/velodyne:/home/pi/Desktop/scrap_ws/install/diffdrive_arduino:/home/pi/Desktop/scrap_ws/install/scrap_pkg:/opt/ros/humble /usr/bin/cmake --install /home/pi/Desktop/scrap_ws/build/velodyne
[20.815s] Level 1:colcon.colcon_core.environment:create_environment_scripts_only(velodyne)
[20.816s] DEBUG:colcon.colcon_core.event_handler.log_command:Invoked command in '/home/pi/Desktop/scrap_ws/build/velodyne' returned '0': CMAKE_PREFIX_PATH=/home/pi/Desktop/scrap_ws/install/velodyne_pointcloud:/home/pi/Desktop/scrap_ws/install/velodyne_driver:/home/pi/Desktop/scrap_ws/install/velodyne_msgs:/home/pi/Desktop/scrap_ws/install/velodyne_laserscan:/home/pi/Desktop/scrap_ws/install/velodyne:/home/pi/Desktop/scrap_ws/install/diffdrive_arduino:/home/pi/Desktop/scrap_ws/install/scrap_pkg:/opt/ros/humble /usr/bin/cmake --install /home/pi/Desktop/scrap_ws/build/velodyne
[20.897s] Level 1:colcon.colcon_core.environment:checking '/home/pi/Desktop/scrap_ws/install/velodyne' for CMake module files
[20.901s] Level 1:colcon.colcon_core.environment:checking '/home/pi/Desktop/scrap_ws/install/velodyne' for CMake config files
[20.904s] Level 1:colcon.colcon_core.shell:create_environment_hook('velodyne', 'cmake_prefix_path')
[20.982s] INFO:colcon.colcon_core.shell:Creating environment hook '/home/pi/Desktop/scrap_ws/install/velodyne/share/velodyne/hook/cmake_prefix_path.ps1'
[20.984s] INFO:colcon.colcon_core.shell:Creating environment descriptor '/home/pi/Desktop/scrap_ws/install/velodyne/share/velodyne/hook/cmake_prefix_path.dsv'
[20.986s] INFO:colcon.colcon_core.shell:Creating environment hook '/home/pi/Desktop/scrap_ws/install/velodyne/share/velodyne/hook/cmake_prefix_path.sh'
[20.989s] Level 1:colcon.colcon_core.environment:checking '/home/pi/Desktop/scrap_ws/install/velodyne/bin'
[20.989s] Level 1:colcon.colcon_core.environment:checking '/home/pi/Desktop/scrap_ws/install/velodyne/lib/pkgconfig/velodyne.pc'
[20.990s] Level 1:colcon.colcon_core.environment:checking '/home/pi/Desktop/scrap_ws/install/velodyne/lib/python3.10/site-packages'
[20.991s] Level 1:colcon.colcon_core.environment:checking '/home/pi/Desktop/scrap_ws/install/velodyne/bin'
[21.070s] INFO:colcon.colcon_core.shell:Creating package script '/home/pi/Desktop/scrap_ws/install/velodyne/share/velodyne/package.ps1'
[21.073s] INFO:colcon.colcon_core.shell:Creating package descriptor '/home/pi/Desktop/scrap_ws/install/velodyne/share/velodyne/package.dsv'
[21.075s] INFO:colcon.colcon_core.shell:Creating package script '/home/pi/Desktop/scrap_ws/install/velodyne/share/velodyne/package.sh'
[21.077s] INFO:colcon.colcon_core.shell:Creating package script '/home/pi/Desktop/scrap_ws/install/velodyne/share/velodyne/package.bash'
[21.079s] INFO:colcon.colcon_core.shell:Creating package script '/home/pi/Desktop/scrap_ws/install/velodyne/share/velodyne/package.zsh'
[21.080s] Level 1:colcon.colcon_core.environment:create_file_with_runtime_dependencies(/home/pi/Desktop/scrap_ws/install/velodyne/share/colcon-core/packages/velodyne)
[21.291s] Level 1:colcon.colcon_core.environment:create_environment_scripts_only(velodyne)
[21.369s] Level 1:colcon.colcon_core.environment:checking '/home/pi/Desktop/scrap_ws/install/velodyne' for CMake module files
[21.372s] Level 1:colcon.colcon_core.environment:checking '/home/pi/Desktop/scrap_ws/install/velodyne' for CMake config files
[21.375s] Level 1:colcon.colcon_core.shell:create_environment_hook('velodyne', 'cmake_prefix_path')
[21.453s] INFO:colcon.colcon_core.shell:Creating environment hook '/home/pi/Desktop/scrap_ws/install/velodyne/share/velodyne/hook/cmake_prefix_path.ps1'
[21.456s] INFO:colcon.colcon_core.shell:Creating environment descriptor '/home/pi/Desktop/scrap_ws/install/velodyne/share/velodyne/hook/cmake_prefix_path.dsv'
[21.457s] INFO:colcon.colcon_core.shell:Creating environment hook '/home/pi/Desktop/scrap_ws/install/velodyne/share/velodyne/hook/cmake_prefix_path.sh'
[21.460s] Level 1:colcon.colcon_core.environment:checking '/home/pi/Desktop/scrap_ws/install/velodyne/bin'
[21.461s] Level 1:colcon.colcon_core.environment:checking '/home/pi/Desktop/scrap_ws/install/velodyne/lib/pkgconfig/velodyne.pc'
[21.462s] Level 1:colcon.colcon_core.environment:checking '/home/pi/Desktop/scrap_ws/install/velodyne/lib/python3.10/site-packages'
[21.463s] Level 1:colcon.colcon_core.environment:checking '/home/pi/Desktop/scrap_ws/install/velodyne/bin'
[21.542s] INFO:colcon.colcon_core.shell:Creating package script '/home/pi/Desktop/scrap_ws/install/velodyne/share/velodyne/package.ps1'
[21.545s] INFO:colcon.colcon_core.shell:Creating package descriptor '/home/pi/Desktop/scrap_ws/install/velodyne/share/velodyne/package.dsv'
[21.547s] INFO:colcon.colcon_core.shell:Creating package script '/home/pi/Desktop/scrap_ws/install/velodyne/share/velodyne/package.sh'
[21.549s] INFO:colcon.colcon_core.shell:Creating package script '/home/pi/Desktop/scrap_ws/install/velodyne/share/velodyne/package.bash'
[21.552s] INFO:colcon.colcon_core.shell:Creating package script '/home/pi/Desktop/scrap_ws/install/velodyne/share/velodyne/package.zsh'
[21.554s] Level 1:colcon.colcon_core.environment:create_file_with_runtime_dependencies(/home/pi/Desktop/scrap_ws/install/velodyne/share/colcon-core/packages/velodyne)
[21.555s] DEBUG:colcon.colcon_parallel_executor.executor.parallel:closing loop
[21.556s] DEBUG:colcon.colcon_parallel_executor.executor.parallel:loop closed
[21.557s] DEBUG:colcon.colcon_parallel_executor.executor.parallel:run_until_complete finished with '0'
[21.558s] DEBUG:colcon.colcon_core.event_reactor:joining thread
[21.661s] INFO:colcon.colcon_core.plugin_system:Skipping extension 'colcon_notification.desktop_notification.terminal_notifier': Not used on non-Darwin systems
[21.661s] INFO:colcon.colcon_core.plugin_system:Skipping extension 'colcon_notification.desktop_notification.win32': Not used on non-Windows systems
[21.662s] INFO:colcon.colcon_notification.desktop_notification:Sending desktop notification using 'notify2'
[21.662s] DEBUG:colcon.colcon_notification.desktop_notification.notify2:Failed to initialize notify2: org.freedesktop.DBus.Error.NotSupported: Unable to autolaunch a dbus-daemon without a $DISPLAY for X11
[21.662s] DEBUG:colcon.colcon_core.event_reactor:joined thread
[21.740s] INFO:colcon.colcon_core.shell:Creating prefix script '/home/pi/Desktop/scrap_ws/install/local_setup.ps1'
[21.745s] INFO:colcon.colcon_core.shell:Creating prefix util module '/home/pi/Desktop/scrap_ws/install/_local_setup_util_ps1.py'
[21.750s] INFO:colcon.colcon_core.shell:Creating prefix chain script '/home/pi/Desktop/scrap_ws/install/setup.ps1'
[21.834s] INFO:colcon.colcon_core.shell:Creating prefix script '/home/pi/Desktop/scrap_ws/install/local_setup.sh'
[21.836s] INFO:colcon.colcon_core.shell:Creating prefix util module '/home/pi/Desktop/scrap_ws/install/_local_setup_util_sh.py'
[21.839s] INFO:colcon.colcon_core.shell:Creating prefix chain script '/home/pi/Desktop/scrap_ws/install/setup.sh'
[21.923s] INFO:colcon.colcon_core.shell:Creating prefix script '/home/pi/Desktop/scrap_ws/install/local_setup.bash'
[21.925s] INFO:colcon.colcon_core.shell:Creating prefix chain script '/home/pi/Desktop/scrap_ws/install/setup.bash'
[22.008s] INFO:colcon.colcon_core.shell:Creating prefix script '/home/pi/Desktop/scrap_ws/install/local_setup.zsh'
[22.011s] INFO:colcon.colcon_core.shell:Creating prefix chain script '/home/pi/Desktop/scrap_ws/install/setup.zsh'
