[5.374s] DEBUG:colcon:Command line arguments: ['/usr/bin/colcon', 'build', '--symlink-install']
[5.374s] DEBUG:colcon:Parsed command line arguments: Namespace(log_base=None, log_level=None, verb_name='build', build_base='build', install_base='install', merge_install=False, symlink_install=True, test_result_base=None, continue_on_error=False, executor='parallel', parallel_workers=4, event_handlers=None, ignore_user_meta=False, metas=['./colcon.meta'], base_paths=['.'], packages_ignore=None, packages_ignore_regex=None, paths=None, packages_up_to=None, packages_up_to_regex=None, packages_above=None, packages_above_and_dependencies=None, packages_above_depth=None, packages_select_by_dep=None, packages_skip_by_dep=None, packages_skip_up_to=None, packages_select_build_failed=False, packages_skip_build_finished=False, packages_select_test_failures=False, packages_skip_test_passed=False, packages_select=None, packages_skip=None, packages_select_regex=None, packages_skip_regex=None, packages_start=None, packages_end=None, allow_overriding=[], cmake_args=None, cmake_target=None, cmake_target_skip_unavailable=False, cmake_clean_cache=False, cmake_clean_first=False, cmake_force_configure=False, ament_cmake_args=None, catkin_cmake_args=None, catkin_skip_building_tests=False, verb_parser=<colcon_defaults.argument_parser.defaults.DefaultArgumentsDecorator object at 0xffff8fe6f490>, verb_extension=<colcon_core.verb.build.BuildVerb object at 0xffff8fe6c670>, main=<bound method BuildVerb.main of <colcon_core.verb.build.BuildVerb object at 0xffff8fe6c670>>)
[5.614s] Level 1:colcon.colcon_core.package_discovery:discover_packages(colcon_meta) check parameters
[5.615s] Level 1:colcon.colcon_core.package_discovery:discover_packages(recursive) check parameters
[5.615s] Level 1:colcon.colcon_core.package_discovery:discover_packages(ignore) check parameters
[5.615s] Level 1:colcon.colcon_core.package_discovery:discover_packages(path) check parameters
[5.615s] Level 1:colcon.colcon_core.package_discovery:discover_packages(colcon_meta) discover
[5.615s] Level 1:colcon.colcon_core.package_discovery:discover_packages(recursive) discover
[5.616s] INFO:colcon.colcon_core.package_discovery:Crawling recursively for packages in '/home/pi/Desktop/scrap_ws'
[5.616s] Level 1:colcon.colcon_core.package_identification:_identify(.) by extensions ['ignore', 'ignore_ament_install']
[5.617s] Level 1:colcon.colcon_core.package_identification:_identify(.) by extension 'ignore'
[5.617s] Level 1:colcon.colcon_core.package_identification:_identify(.) by extension 'ignore_ament_install'
[5.617s] Level 1:colcon.colcon_core.package_identification:_identify(.) by extensions ['colcon_pkg']
[5.617s] Level 1:colcon.colcon_core.package_identification:_identify(.) by extension 'colcon_pkg'
[5.617s] Level 1:colcon.colcon_core.package_identification:_identify(.) by extensions ['colcon_meta']
[5.617s] Level 1:colcon.colcon_core.package_identification:_identify(.) by extension 'colcon_meta'
[5.618s] Level 1:colcon.colcon_core.package_identification:_identify(.) by extensions ['ros']
[5.618s] Level 1:colcon.colcon_core.package_identification:_identify(.) by extension 'ros'
[5.670s] Level 1:colcon.colcon_core.package_identification:_identify(.) by extensions ['cmake', 'python']
[5.670s] Level 1:colcon.colcon_core.package_identification:_identify(.) by extension 'cmake'
[5.670s] Level 1:colcon.colcon_core.package_identification:_identify(.) by extension 'python'
[5.671s] Level 1:colcon.colcon_core.package_identification:_identify(.) by extensions ['python_setup_py']
[5.671s] Level 1:colcon.colcon_core.package_identification:_identify(.) by extension 'python_setup_py'
[5.671s] Level 1:colcon.colcon_core.package_identification:_identify(build) by extensions ['ignore', 'ignore_ament_install']
[5.672s] Level 1:colcon.colcon_core.package_identification:_identify(build) by extension 'ignore'
[5.672s] Level 1:colcon.colcon_core.package_identification:_identify(build) ignored
[5.673s] Level 1:colcon.colcon_core.package_identification:_identify(install) by extensions ['ignore', 'ignore_ament_install']
[5.673s] Level 1:colcon.colcon_core.package_identification:_identify(install) by extension 'ignore'
[5.673s] Level 1:colcon.colcon_core.package_identification:_identify(install) ignored
[5.674s] Level 1:colcon.colcon_core.package_identification:_identify(log) by extensions ['ignore', 'ignore_ament_install']
[5.674s] Level 1:colcon.colcon_core.package_identification:_identify(log) by extension 'ignore'
[5.674s] Level 1:colcon.colcon_core.package_identification:_identify(log) ignored
[5.675s] Level 1:colcon.colcon_core.package_identification:_identify(src) by extensions ['ignore', 'ignore_ament_install']
[5.675s] Level 1:colcon.colcon_core.package_identification:_identify(src) by extension 'ignore'
[5.675s] Level 1:colcon.colcon_core.package_identification:_identify(src) by extension 'ignore_ament_install'
[5.676s] Level 1:colcon.colcon_core.package_identification:_identify(src) by extensions ['colcon_pkg']
[5.676s] Level 1:colcon.colcon_core.package_identification:_identify(src) by extension 'colcon_pkg'
[5.676s] Level 1:colcon.colcon_core.package_identification:_identify(src) by extensions ['colcon_meta']
[5.676s] Level 1:colcon.colcon_core.package_identification:_identify(src) by extension 'colcon_meta'
[5.676s] Level 1:colcon.colcon_core.package_identification:_identify(src) by extensions ['ros']
[5.676s] Level 1:colcon.colcon_core.package_identification:_identify(src) by extension 'ros'
[5.677s] Level 1:colcon.colcon_core.package_identification:_identify(src) by extensions ['cmake', 'python']
[5.677s] Level 1:colcon.colcon_core.package_identification:_identify(src) by extension 'cmake'
[5.677s] Level 1:colcon.colcon_core.package_identification:_identify(src) by extension 'python'
[5.677s] Level 1:colcon.colcon_core.package_identification:_identify(src) by extensions ['python_setup_py']
[5.677s] Level 1:colcon.colcon_core.package_identification:_identify(src) by extension 'python_setup_py'
[5.678s] Level 1:colcon.colcon_core.package_identification:_identify(src/diff_drive_HWInterface) by extensions ['ignore', 'ignore_ament_install']
[5.678s] Level 1:colcon.colcon_core.package_identification:_identify(src/diff_drive_HWInterface) by extension 'ignore'
[5.679s] Level 1:colcon.colcon_core.package_identification:_identify(src/diff_drive_HWInterface) by extension 'ignore_ament_install'
[5.679s] Level 1:colcon.colcon_core.package_identification:_identify(src/diff_drive_HWInterface) by extensions ['colcon_pkg']
[5.679s] Level 1:colcon.colcon_core.package_identification:_identify(src/diff_drive_HWInterface) by extension 'colcon_pkg'
[5.679s] Level 1:colcon.colcon_core.package_identification:_identify(src/diff_drive_HWInterface) by extensions ['colcon_meta']
[5.679s] Level 1:colcon.colcon_core.package_identification:_identify(src/diff_drive_HWInterface) by extension 'colcon_meta'
[5.680s] Level 1:colcon.colcon_core.package_identification:_identify(src/diff_drive_HWInterface) by extensions ['ros']
[5.680s] Level 1:colcon.colcon_core.package_identification:_identify(src/diff_drive_HWInterface) by extension 'ros'
[5.692s] DEBUG:colcon.colcon_core.package_identification:Package 'src/diff_drive_HWInterface' with type 'ros.ament_cmake' and name 'diffdrive_arduino'
[5.692s] Level 1:colcon.colcon_core.package_identification:_identify(src/scrap_pkg) by extensions ['ignore', 'ignore_ament_install']
[5.693s] Level 1:colcon.colcon_core.package_identification:_identify(src/scrap_pkg) by extension 'ignore'
[5.693s] Level 1:colcon.colcon_core.package_identification:_identify(src/scrap_pkg) by extension 'ignore_ament_install'
[5.693s] Level 1:colcon.colcon_core.package_identification:_identify(src/scrap_pkg) by extensions ['colcon_pkg']
[5.693s] Level 1:colcon.colcon_core.package_identification:_identify(src/scrap_pkg) by extension 'colcon_pkg'
[5.694s] Level 1:colcon.colcon_core.package_identification:_identify(src/scrap_pkg) by extensions ['colcon_meta']
[5.694s] Level 1:colcon.colcon_core.package_identification:_identify(src/scrap_pkg) by extension 'colcon_meta'
[5.694s] Level 1:colcon.colcon_core.package_identification:_identify(src/scrap_pkg) by extensions ['ros']
[5.694s] Level 1:colcon.colcon_core.package_identification:_identify(src/scrap_pkg) by extension 'ros'
[5.696s] DEBUG:colcon.colcon_core.package_identification:Package 'src/scrap_pkg' with type 'ros.ament_python' and name 'scrap_pkg'
[5.697s] Level 1:colcon.colcon_core.package_identification:_identify(src/usb_cam) by extensions ['ignore', 'ignore_ament_install']
[5.697s] Level 1:colcon.colcon_core.package_identification:_identify(src/usb_cam) by extension 'ignore'
[5.698s] Level 1:colcon.colcon_core.package_identification:_identify(src/usb_cam) by extension 'ignore_ament_install'
[5.698s] Level 1:colcon.colcon_core.package_identification:_identify(src/usb_cam) by extensions ['colcon_pkg']
[5.698s] Level 1:colcon.colcon_core.package_identification:_identify(src/usb_cam) by extension 'colcon_pkg'
[5.698s] Level 1:colcon.colcon_core.package_identification:_identify(src/usb_cam) by extensions ['colcon_meta']
[5.698s] Level 1:colcon.colcon_core.package_identification:_identify(src/usb_cam) by extension 'colcon_meta'
[5.699s] Level 1:colcon.colcon_core.package_identification:_identify(src/usb_cam) by extensions ['ros']
[5.699s] Level 1:colcon.colcon_core.package_identification:_identify(src/usb_cam) by extension 'ros'
[5.699s] Level 1:colcon.colcon_core.package_identification:_identify(src/usb_cam) by extensions ['cmake', 'python']
[5.699s] Level 1:colcon.colcon_core.package_identification:_identify(src/usb_cam) by extension 'cmake'
[5.699s] Level 1:colcon.colcon_core.package_identification:_identify(src/usb_cam) by extension 'python'
[5.700s] Level 1:colcon.colcon_core.package_identification:_identify(src/usb_cam) by extensions ['python_setup_py']
[5.700s] Level 1:colcon.colcon_core.package_identification:_identify(src/usb_cam) by extension 'python_setup_py'
[5.700s] Level 1:colcon.colcon_core.package_identification:_identify(src/velodyne) by extensions ['ignore', 'ignore_ament_install']
[5.701s] Level 1:colcon.colcon_core.package_identification:_identify(src/velodyne) by extension 'ignore'
[5.701s] Level 1:colcon.colcon_core.package_identification:_identify(src/velodyne) by extension 'ignore_ament_install'
[5.701s] Level 1:colcon.colcon_core.package_identification:_identify(src/velodyne) by extensions ['colcon_pkg']
[5.701s] Level 1:colcon.colcon_core.package_identification:_identify(src/velodyne) by extension 'colcon_pkg'
[5.701s] Level 1:colcon.colcon_core.package_identification:_identify(src/velodyne) by extensions ['colcon_meta']
[5.702s] Level 1:colcon.colcon_core.package_identification:_identify(src/velodyne) by extension 'colcon_meta'
[5.702s] Level 1:colcon.colcon_core.package_identification:_identify(src/velodyne) by extensions ['ros']
[5.702s] Level 1:colcon.colcon_core.package_identification:_identify(src/velodyne) by extension 'ros'
[5.702s] Level 1:colcon.colcon_core.package_identification:_identify(src/velodyne) by extensions ['cmake', 'python']
[5.702s] Level 1:colcon.colcon_core.package_identification:_identify(src/velodyne) by extension 'cmake'
[5.703s] Level 1:colcon.colcon_core.package_identification:_identify(src/velodyne) by extension 'python'
[5.703s] Level 1:colcon.colcon_core.package_identification:_identify(src/velodyne) by extensions ['python_setup_py']
[5.703s] Level 1:colcon.colcon_core.package_identification:_identify(src/velodyne) by extension 'python_setup_py'
[5.704s] Level 1:colcon.colcon_core.package_identification:_identify(src/velodyne/velodyne) by extensions ['ignore', 'ignore_ament_install']
[5.704s] Level 1:colcon.colcon_core.package_identification:_identify(src/velodyne/velodyne) by extension 'ignore'
[5.704s] Level 1:colcon.colcon_core.package_identification:_identify(src/velodyne/velodyne) by extension 'ignore_ament_install'
[5.704s] Level 1:colcon.colcon_core.package_identification:_identify(src/velodyne/velodyne) by extensions ['colcon_pkg']
[5.704s] Level 1:colcon.colcon_core.package_identification:_identify(src/velodyne/velodyne) by extension 'colcon_pkg'
[5.705s] Level 1:colcon.colcon_core.package_identification:_identify(src/velodyne/velodyne) by extensions ['colcon_meta']
[5.705s] Level 1:colcon.colcon_core.package_identification:_identify(src/velodyne/velodyne) by extension 'colcon_meta'
[5.705s] Level 1:colcon.colcon_core.package_identification:_identify(src/velodyne/velodyne) by extensions ['ros']
[5.705s] Level 1:colcon.colcon_core.package_identification:_identify(src/velodyne/velodyne) by extension 'ros'
[5.708s] DEBUG:colcon.colcon_core.package_identification:Package 'src/velodyne/velodyne' with type 'ros.ament_cmake' and name 'velodyne'
[5.708s] Level 1:colcon.colcon_core.package_identification:_identify(src/velodyne/velodyne_driver) by extensions ['ignore', 'ignore_ament_install']
[5.709s] Level 1:colcon.colcon_core.package_identification:_identify(src/velodyne/velodyne_driver) by extension 'ignore'
[5.709s] Level 1:colcon.colcon_core.package_identification:_identify(src/velodyne/velodyne_driver) by extension 'ignore_ament_install'
[5.709s] Level 1:colcon.colcon_core.package_identification:_identify(src/velodyne/velodyne_driver) by extensions ['colcon_pkg']
[5.709s] Level 1:colcon.colcon_core.package_identification:_identify(src/velodyne/velodyne_driver) by extension 'colcon_pkg'
[5.710s] Level 1:colcon.colcon_core.package_identification:_identify(src/velodyne/velodyne_driver) by extensions ['colcon_meta']
[5.710s] Level 1:colcon.colcon_core.package_identification:_identify(src/velodyne/velodyne_driver) by extension 'colcon_meta'
[5.710s] Level 1:colcon.colcon_core.package_identification:_identify(src/velodyne/velodyne_driver) by extensions ['ros']
[5.710s] Level 1:colcon.colcon_core.package_identification:_identify(src/velodyne/velodyne_driver) by extension 'ros'
[5.715s] DEBUG:colcon.colcon_core.package_identification:Package 'src/velodyne/velodyne_driver' with type 'ros.ament_cmake' and name 'velodyne_driver'
[5.716s] Level 1:colcon.colcon_core.package_identification:_identify(src/velodyne/velodyne_laserscan) by extensions ['ignore', 'ignore_ament_install']
[5.716s] Level 1:colcon.colcon_core.package_identification:_identify(src/velodyne/velodyne_laserscan) by extension 'ignore'
[5.717s] Level 1:colcon.colcon_core.package_identification:_identify(src/velodyne/velodyne_laserscan) by extension 'ignore_ament_install'
[5.717s] Level 1:colcon.colcon_core.package_identification:_identify(src/velodyne/velodyne_laserscan) by extensions ['colcon_pkg']
[5.717s] Level 1:colcon.colcon_core.package_identification:_identify(src/velodyne/velodyne_laserscan) by extension 'colcon_pkg'
[5.717s] Level 1:colcon.colcon_core.package_identification:_identify(src/velodyne/velodyne_laserscan) by extensions ['colcon_meta']
[5.717s] Level 1:colcon.colcon_core.package_identification:_identify(src/velodyne/velodyne_laserscan) by extension 'colcon_meta'
[5.718s] Level 1:colcon.colcon_core.package_identification:_identify(src/velodyne/velodyne_laserscan) by extensions ['ros']
[5.718s] Level 1:colcon.colcon_core.package_identification:_identify(src/velodyne/velodyne_laserscan) by extension 'ros'
[5.721s] DEBUG:colcon.colcon_core.package_identification:Package 'src/velodyne/velodyne_laserscan' with type 'ros.ament_cmake' and name 'velodyne_laserscan'
[5.722s] Level 1:colcon.colcon_core.package_identification:_identify(src/velodyne/velodyne_msgs) by extensions ['ignore', 'ignore_ament_install']
[5.722s] Level 1:colcon.colcon_core.package_identification:_identify(src/velodyne/velodyne_msgs) by extension 'ignore'
[5.722s] Level 1:colcon.colcon_core.package_identification:_identify(src/velodyne/velodyne_msgs) by extension 'ignore_ament_install'
[5.723s] Level 1:colcon.colcon_core.package_identification:_identify(src/velodyne/velodyne_msgs) by extensions ['colcon_pkg']
[5.723s] Level 1:colcon.colcon_core.package_identification:_identify(src/velodyne/velodyne_msgs) by extension 'colcon_pkg'
[5.723s] Level 1:colcon.colcon_core.package_identification:_identify(src/velodyne/velodyne_msgs) by extensions ['colcon_meta']
[5.723s] Level 1:colcon.colcon_core.package_identification:_identify(src/velodyne/velodyne_msgs) by extension 'colcon_meta'
[5.723s] Level 1:colcon.colcon_core.package_identification:_identify(src/velodyne/velodyne_msgs) by extensions ['ros']
[5.724s] Level 1:colcon.colcon_core.package_identification:_identify(src/velodyne/velodyne_msgs) by extension 'ros'
[5.727s] DEBUG:colcon.colcon_core.package_identification:Package 'src/velodyne/velodyne_msgs' with type 'ros.ament_cmake' and name 'velodyne_msgs'
[5.727s] Level 1:colcon.colcon_core.package_identification:_identify(src/velodyne/velodyne_pointcloud) by extensions ['ignore', 'ignore_ament_install']
[5.728s] Level 1:colcon.colcon_core.package_identification:_identify(src/velodyne/velodyne_pointcloud) by extension 'ignore'
[5.728s] Level 1:colcon.colcon_core.package_identification:_identify(src/velodyne/velodyne_pointcloud) by extension 'ignore_ament_install'
[5.728s] Level 1:colcon.colcon_core.package_identification:_identify(src/velodyne/velodyne_pointcloud) by extensions ['colcon_pkg']
[5.728s] Level 1:colcon.colcon_core.package_identification:_identify(src/velodyne/velodyne_pointcloud) by extension 'colcon_pkg'
[5.729s] Level 1:colcon.colcon_core.package_identification:_identify(src/velodyne/velodyne_pointcloud) by extensions ['colcon_meta']
[5.729s] Level 1:colcon.colcon_core.package_identification:_identify(src/velodyne/velodyne_pointcloud) by extension 'colcon_meta'
[5.729s] Level 1:colcon.colcon_core.package_identification:_identify(src/velodyne/velodyne_pointcloud) by extensions ['ros']
[5.729s] Level 1:colcon.colcon_core.package_identification:_identify(src/velodyne/velodyne_pointcloud) by extension 'ros'
[5.735s] DEBUG:colcon.colcon_core.package_identification:Package 'src/velodyne/velodyne_pointcloud' with type 'ros.ament_cmake' and name 'velodyne_pointcloud'
[5.736s] Level 1:colcon.colcon_core.package_discovery:discover_packages(recursive) using defaults
[5.736s] Level 1:colcon.colcon_core.package_discovery:discover_packages(ignore) discover
[5.736s] Level 1:colcon.colcon_core.package_discovery:discover_packages(ignore) using defaults
[5.736s] Level 1:colcon.colcon_core.package_discovery:discover_packages(path) discover
[5.736s] Level 1:colcon.colcon_core.package_discovery:discover_packages(path) using defaults
[6.213s] Level 1:colcon.colcon_core.package_discovery:discover_packages(prefix_path) check parameters
[6.214s] Level 1:colcon.colcon_core.package_discovery:discover_packages(prefix_path) discover
[6.385s] DEBUG:colcon.colcon_installed_package_information.package_discovery:Found 369 installed packages in /opt/ros/humble
[6.395s] Level 1:colcon.colcon_core.package_discovery:discover_packages(prefix_path) using defaults
[6.971s] Level 5:colcon.colcon_core.verb:set package 'diffdrive_arduino' build argument 'cmake_args' from command line to 'None'
[6.972s] Level 5:colcon.colcon_core.verb:set package 'diffdrive_arduino' build argument 'cmake_target' from command line to 'None'
[6.972s] Level 5:colcon.colcon_core.verb:set package 'diffdrive_arduino' build argument 'cmake_target_skip_unavailable' from command line to 'False'
[6.972s] Level 5:colcon.colcon_core.verb:set package 'diffdrive_arduino' build argument 'cmake_clean_cache' from command line to 'False'
[6.972s] Level 5:colcon.colcon_core.verb:set package 'diffdrive_arduino' build argument 'cmake_clean_first' from command line to 'False'
[6.972s] Level 5:colcon.colcon_core.verb:set package 'diffdrive_arduino' build argument 'cmake_force_configure' from command line to 'False'
[6.972s] Level 5:colcon.colcon_core.verb:set package 'diffdrive_arduino' build argument 'ament_cmake_args' from command line to 'None'
[6.972s] Level 5:colcon.colcon_core.verb:set package 'diffdrive_arduino' build argument 'catkin_cmake_args' from command line to 'None'
[6.973s] Level 5:colcon.colcon_core.verb:set package 'diffdrive_arduino' build argument 'catkin_skip_building_tests' from command line to 'False'
[6.973s] DEBUG:colcon.colcon_core.verb:Building package 'diffdrive_arduino' with the following arguments: {'ament_cmake_args': None, 'build_base': '/home/pi/Desktop/scrap_ws/build/diffdrive_arduino', 'catkin_cmake_args': None, 'catkin_skip_building_tests': False, 'cmake_args': None, 'cmake_clean_cache': False, 'cmake_clean_first': False, 'cmake_force_configure': False, 'cmake_target': None, 'cmake_target_skip_unavailable': False, 'install_base': '/home/pi/Desktop/scrap_ws/install/diffdrive_arduino', 'merge_install': False, 'path': '/home/pi/Desktop/scrap_ws/src/diff_drive_HWInterface', 'symlink_install': True, 'test_result_base': None}
[7.052s] Level 5:colcon.colcon_core.verb:set package 'scrap_pkg' build argument 'cmake_args' from command line to 'None'
[7.052s] Level 5:colcon.colcon_core.verb:set package 'scrap_pkg' build argument 'cmake_target' from command line to 'None'
[7.052s] Level 5:colcon.colcon_core.verb:set package 'scrap_pkg' build argument 'cmake_target_skip_unavailable' from command line to 'False'
[7.053s] Level 5:colcon.colcon_core.verb:set package 'scrap_pkg' build argument 'cmake_clean_cache' from command line to 'False'
[7.053s] Level 5:colcon.colcon_core.verb:set package 'scrap_pkg' build argument 'cmake_clean_first' from command line to 'False'
[7.053s] Level 5:colcon.colcon_core.verb:set package 'scrap_pkg' build argument 'cmake_force_configure' from command line to 'False'
[7.053s] Level 5:colcon.colcon_core.verb:set package 'scrap_pkg' build argument 'ament_cmake_args' from command line to 'None'
[7.053s] Level 5:colcon.colcon_core.verb:set package 'scrap_pkg' build argument 'catkin_cmake_args' from command line to 'None'
[7.053s] Level 5:colcon.colcon_core.verb:set package 'scrap_pkg' build argument 'catkin_skip_building_tests' from command line to 'False'
[7.053s] DEBUG:colcon.colcon_core.verb:Building package 'scrap_pkg' with the following arguments: {'ament_cmake_args': None, 'build_base': '/home/pi/Desktop/scrap_ws/build/scrap_pkg', 'catkin_cmake_args': None, 'catkin_skip_building_tests': False, 'cmake_args': None, 'cmake_clean_cache': False, 'cmake_clean_first': False, 'cmake_force_configure': False, 'cmake_target': None, 'cmake_target_skip_unavailable': False, 'install_base': '/home/pi/Desktop/scrap_ws/install/scrap_pkg', 'merge_install': False, 'path': '/home/pi/Desktop/scrap_ws/src/scrap_pkg', 'symlink_install': True, 'test_result_base': None}
[7.132s] Level 5:colcon.colcon_core.verb:set package 'velodyne_laserscan' build argument 'cmake_args' from command line to 'None'
[7.132s] Level 5:colcon.colcon_core.verb:set package 'velodyne_laserscan' build argument 'cmake_target' from command line to 'None'
[7.133s] Level 5:colcon.colcon_core.verb:set package 'velodyne_laserscan' build argument 'cmake_target_skip_unavailable' from command line to 'False'
[7.133s] Level 5:colcon.colcon_core.verb:set package 'velodyne_laserscan' build argument 'cmake_clean_cache' from command line to 'False'
[7.133s] Level 5:colcon.colcon_core.verb:set package 'velodyne_laserscan' build argument 'cmake_clean_first' from command line to 'False'
[7.133s] Level 5:colcon.colcon_core.verb:set package 'velodyne_laserscan' build argument 'cmake_force_configure' from command line to 'False'
[7.133s] Level 5:colcon.colcon_core.verb:set package 'velodyne_laserscan' build argument 'ament_cmake_args' from command line to 'None'
[7.133s] Level 5:colcon.colcon_core.verb:set package 'velodyne_laserscan' build argument 'catkin_cmake_args' from command line to 'None'
[7.133s] Level 5:colcon.colcon_core.verb:set package 'velodyne_laserscan' build argument 'catkin_skip_building_tests' from command line to 'False'
[7.133s] DEBUG:colcon.colcon_core.verb:Building package 'velodyne_laserscan' with the following arguments: {'ament_cmake_args': None, 'build_base': '/home/pi/Desktop/scrap_ws/build/velodyne_laserscan', 'catkin_cmake_args': None, 'catkin_skip_building_tests': False, 'cmake_args': None, 'cmake_clean_cache': False, 'cmake_clean_first': False, 'cmake_force_configure': False, 'cmake_target': None, 'cmake_target_skip_unavailable': False, 'install_base': '/home/pi/Desktop/scrap_ws/install/velodyne_laserscan', 'merge_install': False, 'path': '/home/pi/Desktop/scrap_ws/src/velodyne/velodyne_laserscan', 'symlink_install': True, 'test_result_base': None}
[7.212s] Level 5:colcon.colcon_core.verb:set package 'velodyne_msgs' build argument 'cmake_args' from command line to 'None'
[7.212s] Level 5:colcon.colcon_core.verb:set package 'velodyne_msgs' build argument 'cmake_target' from command line to 'None'
[7.212s] Level 5:colcon.colcon_core.verb:set package 'velodyne_msgs' build argument 'cmake_target_skip_unavailable' from command line to 'False'
[7.212s] Level 5:colcon.colcon_core.verb:set package 'velodyne_msgs' build argument 'cmake_clean_cache' from command line to 'False'
[7.212s] Level 5:colcon.colcon_core.verb:set package 'velodyne_msgs' build argument 'cmake_clean_first' from command line to 'False'
[7.213s] Level 5:colcon.colcon_core.verb:set package 'velodyne_msgs' build argument 'cmake_force_configure' from command line to 'False'
[7.213s] Level 5:colcon.colcon_core.verb:set package 'velodyne_msgs' build argument 'ament_cmake_args' from command line to 'None'
[7.213s] Level 5:colcon.colcon_core.verb:set package 'velodyne_msgs' build argument 'catkin_cmake_args' from command line to 'None'
[7.213s] Level 5:colcon.colcon_core.verb:set package 'velodyne_msgs' build argument 'catkin_skip_building_tests' from command line to 'False'
[7.213s] DEBUG:colcon.colcon_core.verb:Building package 'velodyne_msgs' with the following arguments: {'ament_cmake_args': None, 'build_base': '/home/pi/Desktop/scrap_ws/build/velodyne_msgs', 'catkin_cmake_args': None, 'catkin_skip_building_tests': False, 'cmake_args': None, 'cmake_clean_cache': False, 'cmake_clean_first': False, 'cmake_force_configure': False, 'cmake_target': None, 'cmake_target_skip_unavailable': False, 'install_base': '/home/pi/Desktop/scrap_ws/install/velodyne_msgs', 'merge_install': False, 'path': '/home/pi/Desktop/scrap_ws/src/velodyne/velodyne_msgs', 'symlink_install': True, 'test_result_base': None}
[7.293s] Level 5:colcon.colcon_core.verb:set package 'velodyne_driver' build argument 'cmake_args' from command line to 'None'
[7.293s] Level 5:colcon.colcon_core.verb:set package 'velodyne_driver' build argument 'cmake_target' from command line to 'None'
[7.293s] Level 5:colcon.colcon_core.verb:set package 'velodyne_driver' build argument 'cmake_target_skip_unavailable' from command line to 'False'
[7.293s] Level 5:colcon.colcon_core.verb:set package 'velodyne_driver' build argument 'cmake_clean_cache' from command line to 'False'
[7.293s] Level 5:colcon.colcon_core.verb:set package 'velodyne_driver' build argument 'cmake_clean_first' from command line to 'False'
[7.293s] Level 5:colcon.colcon_core.verb:set package 'velodyne_driver' build argument 'cmake_force_configure' from command line to 'False'
[7.294s] Level 5:colcon.colcon_core.verb:set package 'velodyne_driver' build argument 'ament_cmake_args' from command line to 'None'
[7.294s] Level 5:colcon.colcon_core.verb:set package 'velodyne_driver' build argument 'catkin_cmake_args' from command line to 'None'
[7.294s] Level 5:colcon.colcon_core.verb:set package 'velodyne_driver' build argument 'catkin_skip_building_tests' from command line to 'False'
[7.294s] DEBUG:colcon.colcon_core.verb:Building package 'velodyne_driver' with the following arguments: {'ament_cmake_args': None, 'build_base': '/home/pi/Desktop/scrap_ws/build/velodyne_driver', 'catkin_cmake_args': None, 'catkin_skip_building_tests': False, 'cmake_args': None, 'cmake_clean_cache': False, 'cmake_clean_first': False, 'cmake_force_configure': False, 'cmake_target': None, 'cmake_target_skip_unavailable': False, 'install_base': '/home/pi/Desktop/scrap_ws/install/velodyne_driver', 'merge_install': False, 'path': '/home/pi/Desktop/scrap_ws/src/velodyne/velodyne_driver', 'symlink_install': True, 'test_result_base': None}
[7.389s] Level 5:colcon.colcon_core.verb:set package 'velodyne_pointcloud' build argument 'cmake_args' from command line to 'None'
[7.389s] Level 5:colcon.colcon_core.verb:set package 'velodyne_pointcloud' build argument 'cmake_target' from command line to 'None'
[7.389s] Level 5:colcon.colcon_core.verb:set package 'velodyne_pointcloud' build argument 'cmake_target_skip_unavailable' from command line to 'False'
[7.390s] Level 5:colcon.colcon_core.verb:set package 'velodyne_pointcloud' build argument 'cmake_clean_cache' from command line to 'False'
[7.390s] Level 5:colcon.colcon_core.verb:set package 'velodyne_pointcloud' build argument 'cmake_clean_first' from command line to 'False'
[7.390s] Level 5:colcon.colcon_core.verb:set package 'velodyne_pointcloud' build argument 'cmake_force_configure' from command line to 'False'
[7.390s] Level 5:colcon.colcon_core.verb:set package 'velodyne_pointcloud' build argument 'ament_cmake_args' from command line to 'None'
[7.391s] Level 5:colcon.colcon_core.verb:set package 'velodyne_pointcloud' build argument 'catkin_cmake_args' from command line to 'None'
[7.391s] Level 5:colcon.colcon_core.verb:set package 'velodyne_pointcloud' build argument 'catkin_skip_building_tests' from command line to 'False'
[7.391s] DEBUG:colcon.colcon_core.verb:Building package 'velodyne_pointcloud' with the following arguments: {'ament_cmake_args': None, 'build_base': '/home/pi/Desktop/scrap_ws/build/velodyne_pointcloud', 'catkin_cmake_args': None, 'catkin_skip_building_tests': False, 'cmake_args': None, 'cmake_clean_cache': False, 'cmake_clean_first': False, 'cmake_force_configure': False, 'cmake_target': None, 'cmake_target_skip_unavailable': False, 'install_base': '/home/pi/Desktop/scrap_ws/install/velodyne_pointcloud', 'merge_install': False, 'path': '/home/pi/Desktop/scrap_ws/src/velodyne/velodyne_pointcloud', 'symlink_install': True, 'test_result_base': None}
[7.491s] Level 5:colcon.colcon_core.verb:set package 'velodyne' build argument 'cmake_args' from command line to 'None'
[7.492s] Level 5:colcon.colcon_core.verb:set package 'velodyne' build argument 'cmake_target' from command line to 'None'
[7.492s] Level 5:colcon.colcon_core.verb:set package 'velodyne' build argument 'cmake_target_skip_unavailable' from command line to 'False'
[7.492s] Level 5:colcon.colcon_core.verb:set package 'velodyne' build argument 'cmake_clean_cache' from command line to 'False'
[7.492s] Level 5:colcon.colcon_core.verb:set package 'velodyne' build argument 'cmake_clean_first' from command line to 'False'
[7.492s] Level 5:colcon.colcon_core.verb:set package 'velodyne' build argument 'cmake_force_configure' from command line to 'False'
[7.492s] Level 5:colcon.colcon_core.verb:set package 'velodyne' build argument 'ament_cmake_args' from command line to 'None'
[7.492s] Level 5:colcon.colcon_core.verb:set package 'velodyne' build argument 'catkin_cmake_args' from command line to 'None'
[7.493s] Level 5:colcon.colcon_core.verb:set package 'velodyne' build argument 'catkin_skip_building_tests' from command line to 'False'
[7.493s] DEBUG:colcon.colcon_core.verb:Building package 'velodyne' with the following arguments: {'ament_cmake_args': None, 'build_base': '/home/pi/Desktop/scrap_ws/build/velodyne', 'catkin_cmake_args': None, 'catkin_skip_building_tests': False, 'cmake_args': None, 'cmake_clean_cache': False, 'cmake_clean_first': False, 'cmake_force_configure': False, 'cmake_target': None, 'cmake_target_skip_unavailable': False, 'install_base': '/home/pi/Desktop/scrap_ws/install/velodyne', 'merge_install': False, 'path': '/home/pi/Desktop/scrap_ws/src/velodyne/velodyne', 'symlink_install': True, 'test_result_base': None}
[7.603s] INFO:colcon.colcon_core.executor:Executing jobs using 'parallel' executor
[7.719s] DEBUG:colcon.colcon_parallel_executor.executor.parallel:run_until_complete
[7.721s] INFO:colcon.colcon_ros.task.ament_cmake.build:Building ROS package in '/home/pi/Desktop/scrap_ws/src/velodyne/velodyne_msgs' with build type 'ament_cmake'
[7.722s] INFO:colcon.colcon_cmake.task.cmake.build:Building CMake package in '/home/pi/Desktop/scrap_ws/src/velodyne/velodyne_msgs'
[7.853s] INFO:colcon.colcon_core.plugin_system:Skipping extension 'colcon_core.shell.bat': Not used on non-Windows systems
[7.854s] INFO:colcon.colcon_core.shell:Skip shell extension 'powershell' for command environment: Not usable outside of PowerShell
[7.854s] DEBUG:colcon.colcon_core.shell:Skip shell extension 'dsv' for command environment
[8.041s] INFO:colcon.colcon_ros.task.ament_cmake.build:Building ROS package in '/home/pi/Desktop/scrap_ws/src/velodyne/velodyne_laserscan' with build type 'ament_cmake'
[8.042s] INFO:colcon.colcon_cmake.task.cmake.build:Building CMake package in '/home/pi/Desktop/scrap_ws/src/velodyne/velodyne_laserscan'
[8.123s] INFO:colcon.colcon_core.shell:Skip shell extension 'powershell' for command environment: Not usable outside of PowerShell
[8.123s] DEBUG:colcon.colcon_core.shell:Skip shell extension 'dsv' for command environment
[8.297s] INFO:colcon.colcon_ros.task.ament_cmake.build:Building ROS package in '/home/pi/Desktop/scrap_ws/src/diff_drive_HWInterface' with build type 'ament_cmake'
[8.298s] INFO:colcon.colcon_cmake.task.cmake.build:Building CMake package in '/home/pi/Desktop/scrap_ws/src/diff_drive_HWInterface'
[8.380s] INFO:colcon.colcon_core.shell:Skip shell extension 'powershell' for command environment: Not usable outside of PowerShell
[8.380s] DEBUG:colcon.colcon_core.shell:Skip shell extension 'dsv' for command environment
[8.557s] INFO:colcon.colcon_ros.task.ament_python.build:Building ROS package in '/home/pi/Desktop/scrap_ws/src/scrap_pkg' with build type 'ament_python'
[8.558s] Level 1:colcon.colcon_core.shell:create_environment_hook('scrap_pkg', 'ament_prefix_path')
[8.642s] INFO:colcon.colcon_core.shell:Creating environment hook '/home/pi/Desktop/scrap_ws/install/scrap_pkg/share/scrap_pkg/hook/ament_prefix_path.ps1'
[8.645s] INFO:colcon.colcon_core.shell:Creating environment descriptor '/home/pi/Desktop/scrap_ws/install/scrap_pkg/share/scrap_pkg/hook/ament_prefix_path.dsv'
[8.647s] INFO:colcon.colcon_core.shell:Creating environment hook '/home/pi/Desktop/scrap_ws/install/scrap_pkg/share/scrap_pkg/hook/ament_prefix_path.sh'
[8.728s] INFO:colcon.colcon_core.shell:Skip shell extension 'powershell' for command environment: Not usable outside of PowerShell
[8.729s] DEBUG:colcon.colcon_core.shell:Skip shell extension 'dsv' for command environment
[8.928s] DEBUG:colcon.colcon_core.event_handler.log_command:Invoking command in '/home/pi/Desktop/scrap_ws/build/velodyne_msgs': CMAKE_PREFIX_PATH=/opt/ros/humble /usr/bin/cmake --build /home/pi/Desktop/scrap_ws/build/velodyne_msgs -- -j4 -l4
[8.949s] DEBUG:colcon.colcon_core.event_handler.log_command:Invoking command in '/home/pi/Desktop/scrap_ws/build/velodyne_laserscan': CMAKE_PREFIX_PATH=/opt/ros/humble /usr/bin/cmake --build /home/pi/Desktop/scrap_ws/build/velodyne_laserscan -- -j4 -l4
[8.963s] DEBUG:colcon.colcon_core.event_handler.log_command:Invoking command in '/home/pi/Desktop/scrap_ws/build/diffdrive_arduino': CMAKE_PREFIX_PATH=/opt/ros/humble /usr/bin/cmake --build /home/pi/Desktop/scrap_ws/build/diffdrive_arduino -- -j4 -l4
[10.813s] INFO:colcon.colcon_core.task.python.build:Building Python package in '/home/pi/Desktop/scrap_ws/src/scrap_pkg'
[10.907s] INFO:colcon.colcon_core.shell:Skip shell extension 'powershell' for command environment: Not usable outside of PowerShell
[10.907s] DEBUG:colcon.colcon_core.shell:Skip shell extension 'dsv' for command environment
[11.125s] DEBUG:colcon.colcon_core.event_handler.log_command:Invoked command in '/home/pi/Desktop/scrap_ws/build/diffdrive_arduino' returned '0': CMAKE_PREFIX_PATH=/opt/ros/humble /usr/bin/cmake --build /home/pi/Desktop/scrap_ws/build/diffdrive_arduino -- -j4 -l4
[11.131s] DEBUG:colcon.colcon_core.event_handler.log_command:Invoked command in '/home/pi/Desktop/scrap_ws/build/velodyne_laserscan' returned '0': CMAKE_PREFIX_PATH=/opt/ros/humble /usr/bin/cmake --build /home/pi/Desktop/scrap_ws/build/velodyne_laserscan -- -j4 -l4
[11.350s] DEBUG:colcon.colcon_core.event_handler.log_command:Invoking command in '/home/pi/Desktop/scrap_ws/build/diffdrive_arduino': CMAKE_PREFIX_PATH=/opt/ros/humble /usr/bin/cmake --install /home/pi/Desktop/scrap_ws/build/diffdrive_arduino
[11.360s] DEBUG:colcon.colcon_core.event_handler.log_command:Invoking command in '/home/pi/Desktop/scrap_ws/build/velodyne_laserscan': CMAKE_PREFIX_PATH=/opt/ros/humble /usr/bin/cmake --install /home/pi/Desktop/scrap_ws/build/velodyne_laserscan
[11.378s] DEBUG:colcon.colcon_core.event_handler.log_command:Invoked command in '/home/pi/Desktop/scrap_ws/build/velodyne_msgs' returned '0': CMAKE_PREFIX_PATH=/opt/ros/humble /usr/bin/cmake --build /home/pi/Desktop/scrap_ws/build/velodyne_msgs -- -j4 -l4
[11.504s] Level 1:colcon.colcon_core.environment:create_environment_scripts_only(diffdrive_arduino)
[11.507s] DEBUG:colcon.colcon_core.event_handler.log_command:Invoked command in '/home/pi/Desktop/scrap_ws/build/diffdrive_arduino' returned '0': CMAKE_PREFIX_PATH=/opt/ros/humble /usr/bin/cmake --install /home/pi/Desktop/scrap_ws/build/diffdrive_arduino
[11.642s] Level 1:colcon.colcon_core.environment:checking '/home/pi/Desktop/scrap_ws/install/diffdrive_arduino' for CMake module files
[11.646s] Level 1:colcon.colcon_core.environment:checking '/home/pi/Desktop/scrap_ws/install/diffdrive_arduino' for CMake config files
[11.651s] Level 1:colcon.colcon_core.shell:create_environment_hook('diffdrive_arduino', 'cmake_prefix_path')
[11.766s] INFO:colcon.colcon_core.shell:Creating environment hook '/home/pi/Desktop/scrap_ws/install/diffdrive_arduino/share/diffdrive_arduino/hook/cmake_prefix_path.ps1'
[11.768s] INFO:colcon.colcon_core.shell:Creating environment descriptor '/home/pi/Desktop/scrap_ws/install/diffdrive_arduino/share/diffdrive_arduino/hook/cmake_prefix_path.dsv'
[11.770s] INFO:colcon.colcon_core.shell:Creating environment hook '/home/pi/Desktop/scrap_ws/install/diffdrive_arduino/share/diffdrive_arduino/hook/cmake_prefix_path.sh'
[11.774s] Level 1:colcon.colcon_core.environment:checking '/home/pi/Desktop/scrap_ws/install/diffdrive_arduino/lib'
[11.776s] Level 1:colcon.colcon_core.shell:create_environment_hook('diffdrive_arduino', 'ld_library_path_lib')
[11.882s] INFO:colcon.colcon_core.shell:Creating environment hook '/home/pi/Desktop/scrap_ws/install/diffdrive_arduino/share/diffdrive_arduino/hook/ld_library_path_lib.ps1'
[11.884s] INFO:colcon.colcon_core.shell:Creating environment descriptor '/home/pi/Desktop/scrap_ws/install/diffdrive_arduino/share/diffdrive_arduino/hook/ld_library_path_lib.dsv'
[11.886s] INFO:colcon.colcon_core.shell:Creating environment hook '/home/pi/Desktop/scrap_ws/install/diffdrive_arduino/share/diffdrive_arduino/hook/ld_library_path_lib.sh'
[11.889s] Level 1:colcon.colcon_core.environment:checking '/home/pi/Desktop/scrap_ws/install/diffdrive_arduino/bin'
[11.889s] Level 1:colcon.colcon_core.environment:checking '/home/pi/Desktop/scrap_ws/install/diffdrive_arduino/lib/pkgconfig/diffdrive_arduino.pc'
[11.891s] Level 1:colcon.colcon_core.environment:checking '/home/pi/Desktop/scrap_ws/install/diffdrive_arduino/lib/python3.10/site-packages'
[11.892s] Level 1:colcon.colcon_core.environment:checking '/home/pi/Desktop/scrap_ws/install/diffdrive_arduino/bin'
[11.989s] INFO:colcon.colcon_core.shell:Creating package script '/home/pi/Desktop/scrap_ws/install/diffdrive_arduino/share/diffdrive_arduino/package.ps1'
[11.993s] INFO:colcon.colcon_core.shell:Creating package descriptor '/home/pi/Desktop/scrap_ws/install/diffdrive_arduino/share/diffdrive_arduino/package.dsv'
[11.996s] INFO:colcon.colcon_core.shell:Creating package script '/home/pi/Desktop/scrap_ws/install/diffdrive_arduino/share/diffdrive_arduino/package.sh'
[12.000s] INFO:colcon.colcon_core.shell:Creating package script '/home/pi/Desktop/scrap_ws/install/diffdrive_arduino/share/diffdrive_arduino/package.bash'
[12.003s] INFO:colcon.colcon_core.shell:Creating package script '/home/pi/Desktop/scrap_ws/install/diffdrive_arduino/share/diffdrive_arduino/package.zsh'
[12.007s] Level 1:colcon.colcon_core.environment:create_file_with_runtime_dependencies(/home/pi/Desktop/scrap_ws/install/diffdrive_arduino/share/colcon-core/packages/diffdrive_arduino)
[12.014s] Level 1:colcon.colcon_core.environment:create_environment_scripts_only(velodyne_laserscan)
[12.016s] DEBUG:colcon.colcon_core.event_handler.log_command:Invoked command in '/home/pi/Desktop/scrap_ws/build/velodyne_laserscan' returned '0': CMAKE_PREFIX_PATH=/opt/ros/humble /usr/bin/cmake --install /home/pi/Desktop/scrap_ws/build/velodyne_laserscan
[12.128s] Level 1:colcon.colcon_core.environment:checking '/home/pi/Desktop/scrap_ws/install/velodyne_laserscan' for CMake module files
[12.132s] Level 1:colcon.colcon_core.environment:checking '/home/pi/Desktop/scrap_ws/install/velodyne_laserscan' for CMake config files
[12.137s] Level 1:colcon.colcon_core.shell:create_environment_hook('velodyne_laserscan', 'cmake_prefix_path')
[12.225s] INFO:colcon.colcon_core.shell:Creating environment hook '/home/pi/Desktop/scrap_ws/install/velodyne_laserscan/share/velodyne_laserscan/hook/cmake_prefix_path.ps1'
[12.227s] INFO:colcon.colcon_core.shell:Creating environment descriptor '/home/pi/Desktop/scrap_ws/install/velodyne_laserscan/share/velodyne_laserscan/hook/cmake_prefix_path.dsv'
[12.229s] INFO:colcon.colcon_core.shell:Creating environment hook '/home/pi/Desktop/scrap_ws/install/velodyne_laserscan/share/velodyne_laserscan/hook/cmake_prefix_path.sh'
[12.232s] Level 1:colcon.colcon_core.environment:checking '/home/pi/Desktop/scrap_ws/install/velodyne_laserscan/lib'
[12.233s] Level 1:colcon.colcon_core.shell:create_environment_hook('velodyne_laserscan', 'ld_library_path_lib')
[12.324s] INFO:colcon.colcon_core.shell:Creating environment hook '/home/pi/Desktop/scrap_ws/install/velodyne_laserscan/share/velodyne_laserscan/hook/ld_library_path_lib.ps1'
[12.326s] INFO:colcon.colcon_core.shell:Creating environment descriptor '/home/pi/Desktop/scrap_ws/install/velodyne_laserscan/share/velodyne_laserscan/hook/ld_library_path_lib.dsv'
[12.328s] INFO:colcon.colcon_core.shell:Creating environment hook '/home/pi/Desktop/scrap_ws/install/velodyne_laserscan/share/velodyne_laserscan/hook/ld_library_path_lib.sh'
[12.330s] Level 1:colcon.colcon_core.environment:checking '/home/pi/Desktop/scrap_ws/install/velodyne_laserscan/bin'
[12.331s] Level 1:colcon.colcon_core.environment:checking '/home/pi/Desktop/scrap_ws/install/velodyne_laserscan/lib/pkgconfig/velodyne_laserscan.pc'
[12.332s] Level 1:colcon.colcon_core.environment:checking '/home/pi/Desktop/scrap_ws/install/velodyne_laserscan/lib/python3.10/site-packages'
[12.333s] Level 1:colcon.colcon_core.environment:checking '/home/pi/Desktop/scrap_ws/install/velodyne_laserscan/bin'
[12.423s] INFO:colcon.colcon_core.shell:Creating package script '/home/pi/Desktop/scrap_ws/install/velodyne_laserscan/share/velodyne_laserscan/package.ps1'
[12.425s] INFO:colcon.colcon_core.shell:Creating package descriptor '/home/pi/Desktop/scrap_ws/install/velodyne_laserscan/share/velodyne_laserscan/package.dsv'
[12.428s] INFO:colcon.colcon_core.shell:Creating package script '/home/pi/Desktop/scrap_ws/install/velodyne_laserscan/share/velodyne_laserscan/package.sh'
[12.430s] INFO:colcon.colcon_core.shell:Creating package script '/home/pi/Desktop/scrap_ws/install/velodyne_laserscan/share/velodyne_laserscan/package.bash'
[12.432s] INFO:colcon.colcon_core.shell:Creating package script '/home/pi/Desktop/scrap_ws/install/velodyne_laserscan/share/velodyne_laserscan/package.zsh'
[12.434s] Level 1:colcon.colcon_core.environment:create_file_with_runtime_dependencies(/home/pi/Desktop/scrap_ws/install/velodyne_laserscan/share/colcon-core/packages/velodyne_laserscan)
[12.452s] DEBUG:colcon.colcon_core.event_handler.log_command:Invoking command in '/home/pi/Desktop/scrap_ws/build/velodyne_msgs': CMAKE_PREFIX_PATH=/opt/ros/humble /usr/bin/cmake --install /home/pi/Desktop/scrap_ws/build/velodyne_msgs
[12.690s] Level 1:colcon.colcon_core.environment:create_environment_scripts_only(diffdrive_arduino)
[12.815s] Level 1:colcon.colcon_core.environment:checking '/home/pi/Desktop/scrap_ws/install/diffdrive_arduino' for CMake module files
[12.819s] Level 1:colcon.colcon_core.environment:checking '/home/pi/Desktop/scrap_ws/install/diffdrive_arduino' for CMake config files
[12.824s] Level 1:colcon.colcon_core.shell:create_environment_hook('diffdrive_arduino', 'cmake_prefix_path')
[12.975s] INFO:colcon.colcon_core.shell:Creating environment hook '/home/pi/Desktop/scrap_ws/install/diffdrive_arduino/share/diffdrive_arduino/hook/cmake_prefix_path.ps1'
[12.978s] INFO:colcon.colcon_core.shell:Creating environment descriptor '/home/pi/Desktop/scrap_ws/install/diffdrive_arduino/share/diffdrive_arduino/hook/cmake_prefix_path.dsv'
[12.980s] INFO:colcon.colcon_core.shell:Creating environment hook '/home/pi/Desktop/scrap_ws/install/diffdrive_arduino/share/diffdrive_arduino/hook/cmake_prefix_path.sh'
[12.983s] Level 1:colcon.colcon_core.environment:checking '/home/pi/Desktop/scrap_ws/install/diffdrive_arduino/lib'
[12.983s] Level 1:colcon.colcon_core.shell:create_environment_hook('diffdrive_arduino', 'ld_library_path_lib')
[13.068s] INFO:colcon.colcon_core.shell:Creating environment hook '/home/pi/Desktop/scrap_ws/install/diffdrive_arduino/share/diffdrive_arduino/hook/ld_library_path_lib.ps1'
[13.071s] INFO:colcon.colcon_core.shell:Creating environment descriptor '/home/pi/Desktop/scrap_ws/install/diffdrive_arduino/share/diffdrive_arduino/hook/ld_library_path_lib.dsv'
[13.073s] INFO:colcon.colcon_core.shell:Creating environment hook '/home/pi/Desktop/scrap_ws/install/diffdrive_arduino/share/diffdrive_arduino/hook/ld_library_path_lib.sh'
[13.075s] Level 1:colcon.colcon_core.environment:checking '/home/pi/Desktop/scrap_ws/install/diffdrive_arduino/bin'
[13.075s] Level 1:colcon.colcon_core.environment:checking '/home/pi/Desktop/scrap_ws/install/diffdrive_arduino/lib/pkgconfig/diffdrive_arduino.pc'
[13.077s] Level 1:colcon.colcon_core.environment:checking '/home/pi/Desktop/scrap_ws/install/diffdrive_arduino/lib/python3.10/site-packages'
[13.078s] Level 1:colcon.colcon_core.environment:checking '/home/pi/Desktop/scrap_ws/install/diffdrive_arduino/bin'
[13.175s] INFO:colcon.colcon_core.shell:Creating package script '/home/pi/Desktop/scrap_ws/install/diffdrive_arduino/share/diffdrive_arduino/package.ps1'
[13.179s] INFO:colcon.colcon_core.shell:Creating package descriptor '/home/pi/Desktop/scrap_ws/install/diffdrive_arduino/share/diffdrive_arduino/package.dsv'
[13.183s] INFO:colcon.colcon_core.shell:Creating package script '/home/pi/Desktop/scrap_ws/install/diffdrive_arduino/share/diffdrive_arduino/package.sh'
[13.186s] INFO:colcon.colcon_core.shell:Creating package script '/home/pi/Desktop/scrap_ws/install/diffdrive_arduino/share/diffdrive_arduino/package.bash'
[13.189s] INFO:colcon.colcon_core.shell:Creating package script '/home/pi/Desktop/scrap_ws/install/diffdrive_arduino/share/diffdrive_arduino/package.zsh'
[13.191s] Level 1:colcon.colcon_core.environment:create_file_with_runtime_dependencies(/home/pi/Desktop/scrap_ws/install/diffdrive_arduino/share/colcon-core/packages/diffdrive_arduino)
[13.351s] Level 1:colcon.colcon_core.environment:create_environment_scripts_only(velodyne_laserscan)
[13.453s] Level 1:colcon.colcon_core.environment:checking '/home/pi/Desktop/scrap_ws/install/velodyne_laserscan' for CMake module files
[13.457s] Level 1:colcon.colcon_core.environment:checking '/home/pi/Desktop/scrap_ws/install/velodyne_laserscan' for CMake config files
[13.461s] Level 1:colcon.colcon_core.shell:create_environment_hook('velodyne_laserscan', 'cmake_prefix_path')
[13.540s] INFO:colcon.colcon_core.shell:Creating environment hook '/home/pi/Desktop/scrap_ws/install/velodyne_laserscan/share/velodyne_laserscan/hook/cmake_prefix_path.ps1'
[13.542s] INFO:colcon.colcon_core.shell:Creating environment descriptor '/home/pi/Desktop/scrap_ws/install/velodyne_laserscan/share/velodyne_laserscan/hook/cmake_prefix_path.dsv'
[13.544s] INFO:colcon.colcon_core.shell:Creating environment hook '/home/pi/Desktop/scrap_ws/install/velodyne_laserscan/share/velodyne_laserscan/hook/cmake_prefix_path.sh'
[13.547s] Level 1:colcon.colcon_core.environment:checking '/home/pi/Desktop/scrap_ws/install/velodyne_laserscan/lib'
[13.547s] Level 1:colcon.colcon_core.shell:create_environment_hook('velodyne_laserscan', 'ld_library_path_lib')
[13.626s] INFO:colcon.colcon_core.shell:Creating environment hook '/home/pi/Desktop/scrap_ws/install/velodyne_laserscan/share/velodyne_laserscan/hook/ld_library_path_lib.ps1'
[13.628s] INFO:colcon.colcon_core.shell:Creating environment descriptor '/home/pi/Desktop/scrap_ws/install/velodyne_laserscan/share/velodyne_laserscan/hook/ld_library_path_lib.dsv'
[13.630s] INFO:colcon.colcon_core.shell:Creating environment hook '/home/pi/Desktop/scrap_ws/install/velodyne_laserscan/share/velodyne_laserscan/hook/ld_library_path_lib.sh'
[13.632s] Level 1:colcon.colcon_core.environment:checking '/home/pi/Desktop/scrap_ws/install/velodyne_laserscan/bin'
[13.632s] Level 1:colcon.colcon_core.environment:checking '/home/pi/Desktop/scrap_ws/install/velodyne_laserscan/lib/pkgconfig/velodyne_laserscan.pc'
[13.634s] Level 1:colcon.colcon_core.environment:checking '/home/pi/Desktop/scrap_ws/install/velodyne_laserscan/lib/python3.10/site-packages'
[13.635s] Level 1:colcon.colcon_core.environment:checking '/home/pi/Desktop/scrap_ws/install/velodyne_laserscan/bin'
[13.714s] INFO:colcon.colcon_core.shell:Creating package script '/home/pi/Desktop/scrap_ws/install/velodyne_laserscan/share/velodyne_laserscan/package.ps1'
[13.717s] INFO:colcon.colcon_core.shell:Creating package descriptor '/home/pi/Desktop/scrap_ws/install/velodyne_laserscan/share/velodyne_laserscan/package.dsv'
[13.719s] INFO:colcon.colcon_core.shell:Creating package script '/home/pi/Desktop/scrap_ws/install/velodyne_laserscan/share/velodyne_laserscan/package.sh'
[13.721s] INFO:colcon.colcon_core.shell:Creating package script '/home/pi/Desktop/scrap_ws/install/velodyne_laserscan/share/velodyne_laserscan/package.bash'
[13.724s] INFO:colcon.colcon_core.shell:Creating package script '/home/pi/Desktop/scrap_ws/install/velodyne_laserscan/share/velodyne_laserscan/package.zsh'
[13.726s] Level 1:colcon.colcon_core.environment:create_file_with_runtime_dependencies(/home/pi/Desktop/scrap_ws/install/velodyne_laserscan/share/colcon-core/packages/velodyne_laserscan)
[13.730s] Level 1:colcon.colcon_core.environment:create_environment_scripts_only(velodyne_msgs)
[13.732s] DEBUG:colcon.colcon_core.event_handler.log_command:Invoked command in '/home/pi/Desktop/scrap_ws/build/velodyne_msgs' returned '0': CMAKE_PREFIX_PATH=/opt/ros/humble /usr/bin/cmake --install /home/pi/Desktop/scrap_ws/build/velodyne_msgs
[13.812s] Level 1:colcon.colcon_core.environment:checking '/home/pi/Desktop/scrap_ws/install/velodyne_msgs' for CMake module files
[13.817s] Level 1:colcon.colcon_core.environment:checking '/home/pi/Desktop/scrap_ws/install/velodyne_msgs' for CMake config files
[13.823s] Level 1:colcon.colcon_core.shell:create_environment_hook('velodyne_msgs', 'cmake_prefix_path')
[13.901s] INFO:colcon.colcon_core.shell:Creating environment hook '/home/pi/Desktop/scrap_ws/install/velodyne_msgs/share/velodyne_msgs/hook/cmake_prefix_path.ps1'
[13.904s] INFO:colcon.colcon_core.shell:Creating environment descriptor '/home/pi/Desktop/scrap_ws/install/velodyne_msgs/share/velodyne_msgs/hook/cmake_prefix_path.dsv'
[13.905s] INFO:colcon.colcon_core.shell:Creating environment hook '/home/pi/Desktop/scrap_ws/install/velodyne_msgs/share/velodyne_msgs/hook/cmake_prefix_path.sh'
[13.908s] Level 1:colcon.colcon_core.environment:checking '/home/pi/Desktop/scrap_ws/install/velodyne_msgs/lib'
[13.909s] Level 1:colcon.colcon_core.shell:create_environment_hook('velodyne_msgs', 'ld_library_path_lib')
[13.987s] INFO:colcon.colcon_core.shell:Creating environment hook '/home/pi/Desktop/scrap_ws/install/velodyne_msgs/share/velodyne_msgs/hook/ld_library_path_lib.ps1'
[13.989s] INFO:colcon.colcon_core.shell:Creating environment descriptor '/home/pi/Desktop/scrap_ws/install/velodyne_msgs/share/velodyne_msgs/hook/ld_library_path_lib.dsv'
[13.991s] INFO:colcon.colcon_core.shell:Creating environment hook '/home/pi/Desktop/scrap_ws/install/velodyne_msgs/share/velodyne_msgs/hook/ld_library_path_lib.sh'
[13.993s] Level 1:colcon.colcon_core.environment:checking '/home/pi/Desktop/scrap_ws/install/velodyne_msgs/bin'
[13.993s] Level 1:colcon.colcon_core.environment:checking '/home/pi/Desktop/scrap_ws/install/velodyne_msgs/lib/pkgconfig/velodyne_msgs.pc'
[13.995s] Level 1:colcon.colcon_core.environment:checking '/home/pi/Desktop/scrap_ws/install/velodyne_msgs/lib/python3.10/site-packages'
[13.996s] Level 1:colcon.colcon_core.environment:checking '/home/pi/Desktop/scrap_ws/install/velodyne_msgs/bin'
[14.075s] INFO:colcon.colcon_core.shell:Creating package script '/home/pi/Desktop/scrap_ws/install/velodyne_msgs/share/velodyne_msgs/package.ps1'
[14.077s] INFO:colcon.colcon_core.shell:Creating package descriptor '/home/pi/Desktop/scrap_ws/install/velodyne_msgs/share/velodyne_msgs/package.dsv'
[14.080s] INFO:colcon.colcon_core.shell:Creating package script '/home/pi/Desktop/scrap_ws/install/velodyne_msgs/share/velodyne_msgs/package.sh'
[14.082s] INFO:colcon.colcon_core.shell:Creating package script '/home/pi/Desktop/scrap_ws/install/velodyne_msgs/share/velodyne_msgs/package.bash'
[14.084s] INFO:colcon.colcon_core.shell:Creating package script '/home/pi/Desktop/scrap_ws/install/velodyne_msgs/share/velodyne_msgs/package.zsh'
[14.085s] Level 1:colcon.colcon_core.environment:create_file_with_runtime_dependencies(/home/pi/Desktop/scrap_ws/install/velodyne_msgs/share/colcon-core/packages/velodyne_msgs)
[14.105s] DEBUG:colcon.colcon_core.event_handler.log_command:Invoking command in '/home/pi/Desktop/scrap_ws/build/scrap_pkg': PYTHONPATH=/home/pi/Desktop/scrap_ws/build/scrap_pkg/prefix_override:/home/pi/Desktop/scrap_ws/install/scrap_pkg/lib/python3.10/site-packages:${PYTHONPATH} /usr/bin/python3 setup.py develop --editable --build-directory /home/pi/Desktop/scrap_ws/build/scrap_pkg/build --no-deps install_data
[14.624s] Level 1:colcon.colcon_core.environment:create_environment_scripts_only(velodyne_msgs)
[14.716s] Level 1:colcon.colcon_core.environment:checking '/home/pi/Desktop/scrap_ws/install/velodyne_msgs' for CMake module files
[14.721s] Level 1:colcon.colcon_core.environment:checking '/home/pi/Desktop/scrap_ws/install/velodyne_msgs' for CMake config files
[14.728s] Level 1:colcon.colcon_core.shell:create_environment_hook('velodyne_msgs', 'cmake_prefix_path')
[14.820s] INFO:colcon.colcon_core.shell:Creating environment hook '/home/pi/Desktop/scrap_ws/install/velodyne_msgs/share/velodyne_msgs/hook/cmake_prefix_path.ps1'
[14.822s] INFO:colcon.colcon_core.shell:Creating environment descriptor '/home/pi/Desktop/scrap_ws/install/velodyne_msgs/share/velodyne_msgs/hook/cmake_prefix_path.dsv'
[14.825s] INFO:colcon.colcon_core.shell:Creating environment hook '/home/pi/Desktop/scrap_ws/install/velodyne_msgs/share/velodyne_msgs/hook/cmake_prefix_path.sh'
[14.828s] Level 1:colcon.colcon_core.environment:checking '/home/pi/Desktop/scrap_ws/install/velodyne_msgs/lib'
[14.829s] Level 1:colcon.colcon_core.shell:create_environment_hook('velodyne_msgs', 'ld_library_path_lib')
[14.925s] INFO:colcon.colcon_core.shell:Creating environment hook '/home/pi/Desktop/scrap_ws/install/velodyne_msgs/share/velodyne_msgs/hook/ld_library_path_lib.ps1'
[14.927s] INFO:colcon.colcon_core.shell:Creating environment descriptor '/home/pi/Desktop/scrap_ws/install/velodyne_msgs/share/velodyne_msgs/hook/ld_library_path_lib.dsv'
[14.929s] INFO:colcon.colcon_core.shell:Creating environment hook '/home/pi/Desktop/scrap_ws/install/velodyne_msgs/share/velodyne_msgs/hook/ld_library_path_lib.sh'
[14.932s] Level 1:colcon.colcon_core.environment:checking '/home/pi/Desktop/scrap_ws/install/velodyne_msgs/bin'
[14.932s] Level 1:colcon.colcon_core.environment:checking '/home/pi/Desktop/scrap_ws/install/velodyne_msgs/lib/pkgconfig/velodyne_msgs.pc'
[14.933s] Level 1:colcon.colcon_core.environment:checking '/home/pi/Desktop/scrap_ws/install/velodyne_msgs/lib/python3.10/site-packages'
[14.934s] Level 1:colcon.colcon_core.environment:checking '/home/pi/Desktop/scrap_ws/install/velodyne_msgs/bin'
[15.026s] INFO:colcon.colcon_core.shell:Creating package script '/home/pi/Desktop/scrap_ws/install/velodyne_msgs/share/velodyne_msgs/package.ps1'
[15.028s] INFO:colcon.colcon_core.shell:Creating package descriptor '/home/pi/Desktop/scrap_ws/install/velodyne_msgs/share/velodyne_msgs/package.dsv'
[15.031s] INFO:colcon.colcon_core.shell:Creating package script '/home/pi/Desktop/scrap_ws/install/velodyne_msgs/share/velodyne_msgs/package.sh'
[15.033s] INFO:colcon.colcon_core.shell:Creating package script '/home/pi/Desktop/scrap_ws/install/velodyne_msgs/share/velodyne_msgs/package.bash'
[15.035s] INFO:colcon.colcon_core.shell:Creating package script '/home/pi/Desktop/scrap_ws/install/velodyne_msgs/share/velodyne_msgs/package.zsh'
[15.037s] Level 1:colcon.colcon_core.environment:create_file_with_runtime_dependencies(/home/pi/Desktop/scrap_ws/install/velodyne_msgs/share/colcon-core/packages/velodyne_msgs)
[15.039s] INFO:colcon.colcon_ros.task.ament_cmake.build:Building ROS package in '/home/pi/Desktop/scrap_ws/src/velodyne/velodyne_driver' with build type 'ament_cmake'
[15.040s] INFO:colcon.colcon_cmake.task.cmake.build:Building CMake package in '/home/pi/Desktop/scrap_ws/src/velodyne/velodyne_driver'
[15.174s] INFO:colcon.colcon_core.shell:Skip shell extension 'powershell' for command environment: Not usable outside of PowerShell
[15.174s] DEBUG:colcon.colcon_core.shell:Skip shell extension 'dsv' for command environment
[15.388s] INFO:colcon.colcon_ros.task.ament_cmake.build:Building ROS package in '/home/pi/Desktop/scrap_ws/src/velodyne/velodyne_pointcloud' with build type 'ament_cmake'
[15.388s] INFO:colcon.colcon_cmake.task.cmake.build:Building CMake package in '/home/pi/Desktop/scrap_ws/src/velodyne/velodyne_pointcloud'
[15.486s] INFO:colcon.colcon_core.shell:Skip shell extension 'powershell' for command environment: Not usable outside of PowerShell
[15.487s] DEBUG:colcon.colcon_core.shell:Skip shell extension 'dsv' for command environment
[15.729s] DEBUG:colcon.colcon_core.event_handler.log_command:Invoking command in '/home/pi/Desktop/scrap_ws/build/velodyne_driver': AMENT_PREFIX_PATH=/home/pi/Desktop/scrap_ws/install/velodyne_msgs:${AMENT_PREFIX_PATH} CMAKE_PREFIX_PATH=/home/pi/Desktop/scrap_ws/install/velodyne_msgs:/opt/ros/humble LD_LIBRARY_PATH=/home/pi/Desktop/scrap_ws/install/velodyne_msgs/lib:${LD_LIBRARY_PATH} PYTHONPATH=/home/pi/Desktop/scrap_ws/install/velodyne_msgs/local/lib/python3.10/dist-packages:${PYTHONPATH} /usr/bin/cmake --build /home/pi/Desktop/scrap_ws/build/velodyne_driver -- -j4 -l4
[15.751s] DEBUG:colcon.colcon_core.event_handler.log_command:Invoking command in '/home/pi/Desktop/scrap_ws/build/velodyne_pointcloud': AMENT_PREFIX_PATH=/home/pi/Desktop/scrap_ws/install/velodyne_msgs:${AMENT_PREFIX_PATH} CMAKE_PREFIX_PATH=/home/pi/Desktop/scrap_ws/install/velodyne_msgs:/opt/ros/humble LD_LIBRARY_PATH=/home/pi/Desktop/scrap_ws/install/velodyne_msgs/lib:${LD_LIBRARY_PATH} PYTHONPATH=/home/pi/Desktop/scrap_ws/install/velodyne_msgs/local/lib/python3.10/dist-packages:${PYTHONPATH} /usr/bin/cmake --build /home/pi/Desktop/scrap_ws/build/velodyne_pointcloud -- -j4 -l4
[16.541s] DEBUG:colcon.colcon_core.event_handler.log_command:Invoked command in '/home/pi/Desktop/scrap_ws/build/velodyne_driver' returned '0': AMENT_PREFIX_PATH=/home/pi/Desktop/scrap_ws/install/velodyne_msgs:${AMENT_PREFIX_PATH} CMAKE_PREFIX_PATH=/home/pi/Desktop/scrap_ws/install/velodyne_msgs:/opt/ros/humble LD_LIBRARY_PATH=/home/pi/Desktop/scrap_ws/install/velodyne_msgs/lib:${LD_LIBRARY_PATH} PYTHONPATH=/home/pi/Desktop/scrap_ws/install/velodyne_msgs/local/lib/python3.10/dist-packages:${PYTHONPATH} /usr/bin/cmake --build /home/pi/Desktop/scrap_ws/build/velodyne_driver -- -j4 -l4
[16.653s] DEBUG:colcon.colcon_core.event_handler.log_command:Invoked command in '/home/pi/Desktop/scrap_ws/build/velodyne_pointcloud' returned '0': AMENT_PREFIX_PATH=/home/pi/Desktop/scrap_ws/install/velodyne_msgs:${AMENT_PREFIX_PATH} CMAKE_PREFIX_PATH=/home/pi/Desktop/scrap_ws/install/velodyne_msgs:/opt/ros/humble LD_LIBRARY_PATH=/home/pi/Desktop/scrap_ws/install/velodyne_msgs/lib:${LD_LIBRARY_PATH} PYTHONPATH=/home/pi/Desktop/scrap_ws/install/velodyne_msgs/local/lib/python3.10/dist-packages:${PYTHONPATH} /usr/bin/cmake --build /home/pi/Desktop/scrap_ws/build/velodyne_pointcloud -- -j4 -l4
[16.737s] DEBUG:colcon.colcon_core.event_handler.log_command:Invoking command in '/home/pi/Desktop/scrap_ws/build/velodyne_driver': AMENT_PREFIX_PATH=/home/pi/Desktop/scrap_ws/install/velodyne_msgs:${AMENT_PREFIX_PATH} CMAKE_PREFIX_PATH=/home/pi/Desktop/scrap_ws/install/velodyne_msgs:/opt/ros/humble LD_LIBRARY_PATH=/home/pi/Desktop/scrap_ws/install/velodyne_msgs/lib:${LD_LIBRARY_PATH} PYTHONPATH=/home/pi/Desktop/scrap_ws/install/velodyne_msgs/local/lib/python3.10/dist-packages:${PYTHONPATH} /usr/bin/cmake --install /home/pi/Desktop/scrap_ws/build/velodyne_driver
[16.855s] DEBUG:colcon.colcon_core.event_handler.log_command:Invoking command in '/home/pi/Desktop/scrap_ws/build/velodyne_pointcloud': AMENT_PREFIX_PATH=/home/pi/Desktop/scrap_ws/install/velodyne_msgs:${AMENT_PREFIX_PATH} CMAKE_PREFIX_PATH=/home/pi/Desktop/scrap_ws/install/velodyne_msgs:/opt/ros/humble LD_LIBRARY_PATH=/home/pi/Desktop/scrap_ws/install/velodyne_msgs/lib:${LD_LIBRARY_PATH} PYTHONPATH=/home/pi/Desktop/scrap_ws/install/velodyne_msgs/local/lib/python3.10/dist-packages:${PYTHONPATH} /usr/bin/cmake --install /home/pi/Desktop/scrap_ws/build/velodyne_pointcloud
[16.867s] Level 1:colcon.colcon_core.environment:create_environment_scripts_only(velodyne_driver)
[16.869s] DEBUG:colcon.colcon_core.event_handler.log_command:Invoked command in '/home/pi/Desktop/scrap_ws/build/velodyne_driver' returned '0': AMENT_PREFIX_PATH=/home/pi/Desktop/scrap_ws/install/velodyne_msgs:${AMENT_PREFIX_PATH} CMAKE_PREFIX_PATH=/home/pi/Desktop/scrap_ws/install/velodyne_msgs:/opt/ros/humble LD_LIBRARY_PATH=/home/pi/Desktop/scrap_ws/install/velodyne_msgs/lib:${LD_LIBRARY_PATH} PYTHONPATH=/home/pi/Desktop/scrap_ws/install/velodyne_msgs/local/lib/python3.10/dist-packages:${PYTHONPATH} /usr/bin/cmake --install /home/pi/Desktop/scrap_ws/build/velodyne_driver
[17.029s] Level 1:colcon.colcon_core.environment:checking '/home/pi/Desktop/scrap_ws/install/velodyne_driver' for CMake module files
[17.033s] Level 1:colcon.colcon_core.environment:checking '/home/pi/Desktop/scrap_ws/install/velodyne_driver' for CMake config files
[17.037s] Level 1:colcon.colcon_core.shell:create_environment_hook('velodyne_driver', 'cmake_prefix_path')
[17.136s] INFO:colcon.colcon_core.shell:Creating environment hook '/home/pi/Desktop/scrap_ws/install/velodyne_driver/share/velodyne_driver/hook/cmake_prefix_path.ps1'
[17.139s] INFO:colcon.colcon_core.shell:Creating environment descriptor '/home/pi/Desktop/scrap_ws/install/velodyne_driver/share/velodyne_driver/hook/cmake_prefix_path.dsv'
[17.141s] INFO:colcon.colcon_core.shell:Creating environment hook '/home/pi/Desktop/scrap_ws/install/velodyne_driver/share/velodyne_driver/hook/cmake_prefix_path.sh'
[17.145s] Level 1:colcon.colcon_core.environment:checking '/home/pi/Desktop/scrap_ws/install/velodyne_driver/lib'
[17.145s] Level 1:colcon.colcon_core.shell:create_environment_hook('velodyne_driver', 'ld_library_path_lib')
[17.317s] INFO:colcon.colcon_core.shell:Creating environment hook '/home/pi/Desktop/scrap_ws/install/velodyne_driver/share/velodyne_driver/hook/ld_library_path_lib.ps1'
[17.319s] INFO:colcon.colcon_core.shell:Creating environment descriptor '/home/pi/Desktop/scrap_ws/install/velodyne_driver/share/velodyne_driver/hook/ld_library_path_lib.dsv'
[17.321s] INFO:colcon.colcon_core.shell:Creating environment hook '/home/pi/Desktop/scrap_ws/install/velodyne_driver/share/velodyne_driver/hook/ld_library_path_lib.sh'
[17.323s] Level 1:colcon.colcon_core.environment:checking '/home/pi/Desktop/scrap_ws/install/velodyne_driver/bin'
[17.323s] Level 1:colcon.colcon_core.environment:checking '/home/pi/Desktop/scrap_ws/install/velodyne_driver/lib/pkgconfig/velodyne_driver.pc'
[17.324s] Level 1:colcon.colcon_core.environment:checking '/home/pi/Desktop/scrap_ws/install/velodyne_driver/lib/python3.10/site-packages'
[17.326s] Level 1:colcon.colcon_core.environment:checking '/home/pi/Desktop/scrap_ws/install/velodyne_driver/bin'
[17.404s] INFO:colcon.colcon_core.shell:Creating package script '/home/pi/Desktop/scrap_ws/install/velodyne_driver/share/velodyne_driver/package.ps1'
[17.407s] INFO:colcon.colcon_core.shell:Creating package descriptor '/home/pi/Desktop/scrap_ws/install/velodyne_driver/share/velodyne_driver/package.dsv'
[17.409s] INFO:colcon.colcon_core.shell:Creating package script '/home/pi/Desktop/scrap_ws/install/velodyne_driver/share/velodyne_driver/package.sh'
[17.411s] INFO:colcon.colcon_core.shell:Creating package script '/home/pi/Desktop/scrap_ws/install/velodyne_driver/share/velodyne_driver/package.bash'
[17.413s] INFO:colcon.colcon_core.shell:Creating package script '/home/pi/Desktop/scrap_ws/install/velodyne_driver/share/velodyne_driver/package.zsh'
[17.415s] Level 1:colcon.colcon_core.environment:create_file_with_runtime_dependencies(/home/pi/Desktop/scrap_ws/install/velodyne_driver/share/colcon-core/packages/velodyne_driver)
[17.425s] Level 1:colcon.colcon_core.environment:create_environment_scripts_only(velodyne_pointcloud)
[17.427s] DEBUG:colcon.colcon_core.event_handler.log_command:Invoked command in '/home/pi/Desktop/scrap_ws/build/velodyne_pointcloud' returned '0': AMENT_PREFIX_PATH=/home/pi/Desktop/scrap_ws/install/velodyne_msgs:${AMENT_PREFIX_PATH} CMAKE_PREFIX_PATH=/home/pi/Desktop/scrap_ws/install/velodyne_msgs:/opt/ros/humble LD_LIBRARY_PATH=/home/pi/Desktop/scrap_ws/install/velodyne_msgs/lib:${LD_LIBRARY_PATH} PYTHONPATH=/home/pi/Desktop/scrap_ws/install/velodyne_msgs/local/lib/python3.10/dist-packages:${PYTHONPATH} /usr/bin/cmake --install /home/pi/Desktop/scrap_ws/build/velodyne_pointcloud
[17.524s] Level 1:colcon.colcon_core.environment:checking '/home/pi/Desktop/scrap_ws/install/velodyne_pointcloud' for CMake module files
[17.528s] Level 1:colcon.colcon_core.environment:checking '/home/pi/Desktop/scrap_ws/install/velodyne_pointcloud' for CMake config files
[17.533s] Level 1:colcon.colcon_core.shell:create_environment_hook('velodyne_pointcloud', 'cmake_prefix_path')
[17.621s] INFO:colcon.colcon_core.shell:Creating environment hook '/home/pi/Desktop/scrap_ws/install/velodyne_pointcloud/share/velodyne_pointcloud/hook/cmake_prefix_path.ps1'
[17.624s] INFO:colcon.colcon_core.shell:Creating environment descriptor '/home/pi/Desktop/scrap_ws/install/velodyne_pointcloud/share/velodyne_pointcloud/hook/cmake_prefix_path.dsv'
[17.625s] INFO:colcon.colcon_core.shell:Creating environment hook '/home/pi/Desktop/scrap_ws/install/velodyne_pointcloud/share/velodyne_pointcloud/hook/cmake_prefix_path.sh'
[17.629s] Level 1:colcon.colcon_core.environment:checking '/home/pi/Desktop/scrap_ws/install/velodyne_pointcloud/lib'
[17.629s] Level 1:colcon.colcon_core.shell:create_environment_hook('velodyne_pointcloud', 'ld_library_path_lib')
[17.709s] INFO:colcon.colcon_core.shell:Creating environment hook '/home/pi/Desktop/scrap_ws/install/velodyne_pointcloud/share/velodyne_pointcloud/hook/ld_library_path_lib.ps1'
[17.711s] INFO:colcon.colcon_core.shell:Creating environment descriptor '/home/pi/Desktop/scrap_ws/install/velodyne_pointcloud/share/velodyne_pointcloud/hook/ld_library_path_lib.dsv'
[17.712s] INFO:colcon.colcon_core.shell:Creating environment hook '/home/pi/Desktop/scrap_ws/install/velodyne_pointcloud/share/velodyne_pointcloud/hook/ld_library_path_lib.sh'
[17.714s] Level 1:colcon.colcon_core.environment:checking '/home/pi/Desktop/scrap_ws/install/velodyne_pointcloud/bin'
[17.715s] Level 1:colcon.colcon_core.environment:checking '/home/pi/Desktop/scrap_ws/install/velodyne_pointcloud/lib/pkgconfig/velodyne_pointcloud.pc'
[17.716s] Level 1:colcon.colcon_core.environment:checking '/home/pi/Desktop/scrap_ws/install/velodyne_pointcloud/lib/python3.10/site-packages'
[17.717s] Level 1:colcon.colcon_core.environment:checking '/home/pi/Desktop/scrap_ws/install/velodyne_pointcloud/bin'
[17.797s] INFO:colcon.colcon_core.shell:Creating package script '/home/pi/Desktop/scrap_ws/install/velodyne_pointcloud/share/velodyne_pointcloud/package.ps1'
[17.799s] INFO:colcon.colcon_core.shell:Creating package descriptor '/home/pi/Desktop/scrap_ws/install/velodyne_pointcloud/share/velodyne_pointcloud/package.dsv'
[17.802s] INFO:colcon.colcon_core.shell:Creating package script '/home/pi/Desktop/scrap_ws/install/velodyne_pointcloud/share/velodyne_pointcloud/package.sh'
[17.804s] INFO:colcon.colcon_core.shell:Creating package script '/home/pi/Desktop/scrap_ws/install/velodyne_pointcloud/share/velodyne_pointcloud/package.bash'
[17.806s] INFO:colcon.colcon_core.shell:Creating package script '/home/pi/Desktop/scrap_ws/install/velodyne_pointcloud/share/velodyne_pointcloud/package.zsh'
[17.807s] Level 1:colcon.colcon_core.environment:create_file_with_runtime_dependencies(/home/pi/Desktop/scrap_ws/install/velodyne_pointcloud/share/colcon-core/packages/velodyne_pointcloud)
[17.814s] Level 1:colcon.colcon_core.shell:create_environment_hook('scrap_pkg', 'pythonpath_develop')
[17.816s] DEBUG:colcon.colcon_core.event_handler.log_command:Invoked command in '/home/pi/Desktop/scrap_ws/build/scrap_pkg' returned '0': PYTHONPATH=/home/pi/Desktop/scrap_ws/build/scrap_pkg/prefix_override:/home/pi/Desktop/scrap_ws/install/scrap_pkg/lib/python3.10/site-packages:${PYTHONPATH} /usr/bin/python3 setup.py develop --editable --build-directory /home/pi/Desktop/scrap_ws/build/scrap_pkg/build --no-deps install_data
[17.913s] INFO:colcon.colcon_core.shell:Creating environment hook '/home/pi/Desktop/scrap_ws/build/scrap_pkg/share/scrap_pkg/hook/pythonpath_develop.ps1'
[17.915s] INFO:colcon.colcon_core.shell:Creating environment descriptor '/home/pi/Desktop/scrap_ws/build/scrap_pkg/share/scrap_pkg/hook/pythonpath_develop.dsv'
[17.917s] INFO:colcon.colcon_core.shell:Creating environment hook '/home/pi/Desktop/scrap_ws/build/scrap_pkg/share/scrap_pkg/hook/pythonpath_develop.sh'
[18.007s] Level 1:colcon.colcon_core.environment:checking '/home/pi/Desktop/scrap_ws/install/scrap_pkg' for CMake module files
[18.010s] Level 1:colcon.colcon_core.environment:checking '/home/pi/Desktop/scrap_ws/install/scrap_pkg' for CMake config files
[18.029s] Level 1:colcon.colcon_core.environment:checking '/home/pi/Desktop/scrap_ws/install/scrap_pkg/lib'
[18.029s] Level 1:colcon.colcon_core.environment:checking '/home/pi/Desktop/scrap_ws/install/scrap_pkg/bin'
[18.030s] Level 1:colcon.colcon_core.environment:checking '/home/pi/Desktop/scrap_ws/install/scrap_pkg/lib/pkgconfig/scrap_pkg.pc'
[18.032s] Level 1:colcon.colcon_core.environment:checking '/home/pi/Desktop/scrap_ws/install/scrap_pkg/lib/python3.10/site-packages'
[18.033s] Level 1:colcon.colcon_core.shell:create_environment_hook('scrap_pkg', 'pythonpath')
[18.117s] INFO:colcon.colcon_core.shell:Creating environment hook '/home/pi/Desktop/scrap_ws/install/scrap_pkg/share/scrap_pkg/hook/pythonpath.ps1'
[18.120s] INFO:colcon.colcon_core.shell:Creating environment descriptor '/home/pi/Desktop/scrap_ws/install/scrap_pkg/share/scrap_pkg/hook/pythonpath.dsv'
[18.121s] INFO:colcon.colcon_core.shell:Creating environment hook '/home/pi/Desktop/scrap_ws/install/scrap_pkg/share/scrap_pkg/hook/pythonpath.sh'
[18.124s] Level 1:colcon.colcon_core.environment:checking '/home/pi/Desktop/scrap_ws/install/scrap_pkg/bin'
[18.125s] Level 1:colcon.colcon_core.environment:create_environment_scripts_only(scrap_pkg)
[18.206s] INFO:colcon.colcon_core.shell:Creating package script '/home/pi/Desktop/scrap_ws/install/scrap_pkg/share/scrap_pkg/package.ps1'
[18.208s] INFO:colcon.colcon_core.shell:Creating package descriptor '/home/pi/Desktop/scrap_ws/install/scrap_pkg/share/scrap_pkg/package.dsv'
[18.211s] INFO:colcon.colcon_core.shell:Creating package script '/home/pi/Desktop/scrap_ws/install/scrap_pkg/share/scrap_pkg/package.sh'
[18.213s] INFO:colcon.colcon_core.shell:Creating package script '/home/pi/Desktop/scrap_ws/install/scrap_pkg/share/scrap_pkg/package.bash'
[18.215s] INFO:colcon.colcon_core.shell:Creating package script '/home/pi/Desktop/scrap_ws/install/scrap_pkg/share/scrap_pkg/package.zsh'
[18.217s] Level 1:colcon.colcon_core.environment:create_file_with_runtime_dependencies(/home/pi/Desktop/scrap_ws/install/scrap_pkg/share/colcon-core/packages/scrap_pkg)
[18.303s] Level 1:colcon.colcon_core.environment:create_environment_scripts_only(velodyne_driver)
[18.382s] Level 1:colcon.colcon_core.environment:checking '/home/pi/Desktop/scrap_ws/install/velodyne_driver' for CMake module files
[18.385s] Level 1:colcon.colcon_core.environment:checking '/home/pi/Desktop/scrap_ws/install/velodyne_driver' for CMake config files
[18.389s] Level 1:colcon.colcon_core.shell:create_environment_hook('velodyne_driver', 'cmake_prefix_path')
[18.469s] INFO:colcon.colcon_core.shell:Creating environment hook '/home/pi/Desktop/scrap_ws/install/velodyne_driver/share/velodyne_driver/hook/cmake_prefix_path.ps1'
[18.471s] INFO:colcon.colcon_core.shell:Creating environment descriptor '/home/pi/Desktop/scrap_ws/install/velodyne_driver/share/velodyne_driver/hook/cmake_prefix_path.dsv'
[18.472s] INFO:colcon.colcon_core.shell:Creating environment hook '/home/pi/Desktop/scrap_ws/install/velodyne_driver/share/velodyne_driver/hook/cmake_prefix_path.sh'
[18.475s] Level 1:colcon.colcon_core.environment:checking '/home/pi/Desktop/scrap_ws/install/velodyne_driver/lib'
[18.476s] Level 1:colcon.colcon_core.shell:create_environment_hook('velodyne_driver', 'ld_library_path_lib')
[18.555s] INFO:colcon.colcon_core.shell:Creating environment hook '/home/pi/Desktop/scrap_ws/install/velodyne_driver/share/velodyne_driver/hook/ld_library_path_lib.ps1'
[18.557s] INFO:colcon.colcon_core.shell:Creating environment descriptor '/home/pi/Desktop/scrap_ws/install/velodyne_driver/share/velodyne_driver/hook/ld_library_path_lib.dsv'
[18.559s] INFO:colcon.colcon_core.shell:Creating environment hook '/home/pi/Desktop/scrap_ws/install/velodyne_driver/share/velodyne_driver/hook/ld_library_path_lib.sh'
[18.561s] Level 1:colcon.colcon_core.environment:checking '/home/pi/Desktop/scrap_ws/install/velodyne_driver/bin'
[18.561s] Level 1:colcon.colcon_core.environment:checking '/home/pi/Desktop/scrap_ws/install/velodyne_driver/lib/pkgconfig/velodyne_driver.pc'
[18.563s] Level 1:colcon.colcon_core.environment:checking '/home/pi/Desktop/scrap_ws/install/velodyne_driver/lib/python3.10/site-packages'
[18.564s] Level 1:colcon.colcon_core.environment:checking '/home/pi/Desktop/scrap_ws/install/velodyne_driver/bin'
[18.654s] INFO:colcon.colcon_core.shell:Creating package script '/home/pi/Desktop/scrap_ws/install/velodyne_driver/share/velodyne_driver/package.ps1'
[18.659s] INFO:colcon.colcon_core.shell:Creating package descriptor '/home/pi/Desktop/scrap_ws/install/velodyne_driver/share/velodyne_driver/package.dsv'
[18.662s] INFO:colcon.colcon_core.shell:Creating package script '/home/pi/Desktop/scrap_ws/install/velodyne_driver/share/velodyne_driver/package.sh'
[18.665s] INFO:colcon.colcon_core.shell:Creating package script '/home/pi/Desktop/scrap_ws/install/velodyne_driver/share/velodyne_driver/package.bash'
[18.668s] INFO:colcon.colcon_core.shell:Creating package script '/home/pi/Desktop/scrap_ws/install/velodyne_driver/share/velodyne_driver/package.zsh'
[18.671s] Level 1:colcon.colcon_core.environment:create_file_with_runtime_dependencies(/home/pi/Desktop/scrap_ws/install/velodyne_driver/share/colcon-core/packages/velodyne_driver)
[18.760s] Level 1:colcon.colcon_core.environment:create_environment_scripts_only(velodyne_pointcloud)
[18.866s] Level 1:colcon.colcon_core.environment:checking '/home/pi/Desktop/scrap_ws/install/velodyne_pointcloud' for CMake module files
[18.870s] Level 1:colcon.colcon_core.environment:checking '/home/pi/Desktop/scrap_ws/install/velodyne_pointcloud' for CMake config files
[18.875s] Level 1:colcon.colcon_core.shell:create_environment_hook('velodyne_pointcloud', 'cmake_prefix_path')
[18.989s] INFO:colcon.colcon_core.shell:Creating environment hook '/home/pi/Desktop/scrap_ws/install/velodyne_pointcloud/share/velodyne_pointcloud/hook/cmake_prefix_path.ps1'
[18.992s] INFO:colcon.colcon_core.shell:Creating environment descriptor '/home/pi/Desktop/scrap_ws/install/velodyne_pointcloud/share/velodyne_pointcloud/hook/cmake_prefix_path.dsv'
[18.994s] INFO:colcon.colcon_core.shell:Creating environment hook '/home/pi/Desktop/scrap_ws/install/velodyne_pointcloud/share/velodyne_pointcloud/hook/cmake_prefix_path.sh'
[18.997s] Level 1:colcon.colcon_core.environment:checking '/home/pi/Desktop/scrap_ws/install/velodyne_pointcloud/lib'
[18.998s] Level 1:colcon.colcon_core.shell:create_environment_hook('velodyne_pointcloud', 'ld_library_path_lib')
[19.119s] INFO:colcon.colcon_core.shell:Creating environment hook '/home/pi/Desktop/scrap_ws/install/velodyne_pointcloud/share/velodyne_pointcloud/hook/ld_library_path_lib.ps1'
[19.122s] INFO:colcon.colcon_core.shell:Creating environment descriptor '/home/pi/Desktop/scrap_ws/install/velodyne_pointcloud/share/velodyne_pointcloud/hook/ld_library_path_lib.dsv'
[19.124s] INFO:colcon.colcon_core.shell:Creating environment hook '/home/pi/Desktop/scrap_ws/install/velodyne_pointcloud/share/velodyne_pointcloud/hook/ld_library_path_lib.sh'
[19.127s] Level 1:colcon.colcon_core.environment:checking '/home/pi/Desktop/scrap_ws/install/velodyne_pointcloud/bin'
[19.127s] Level 1:colcon.colcon_core.environment:checking '/home/pi/Desktop/scrap_ws/install/velodyne_pointcloud/lib/pkgconfig/velodyne_pointcloud.pc'
[19.128s] Level 1:colcon.colcon_core.environment:checking '/home/pi/Desktop/scrap_ws/install/velodyne_pointcloud/lib/python3.10/site-packages'
[19.129s] Level 1:colcon.colcon_core.environment:checking '/home/pi/Desktop/scrap_ws/install/velodyne_pointcloud/bin'
[19.218s] INFO:colcon.colcon_core.shell:Creating package script '/home/pi/Desktop/scrap_ws/install/velodyne_pointcloud/share/velodyne_pointcloud/package.ps1'
[19.220s] INFO:colcon.colcon_core.shell:Creating package descriptor '/home/pi/Desktop/scrap_ws/install/velodyne_pointcloud/share/velodyne_pointcloud/package.dsv'
[19.223s] INFO:colcon.colcon_core.shell:Creating package script '/home/pi/Desktop/scrap_ws/install/velodyne_pointcloud/share/velodyne_pointcloud/package.sh'
[19.225s] INFO:colcon.colcon_core.shell:Creating package script '/home/pi/Desktop/scrap_ws/install/velodyne_pointcloud/share/velodyne_pointcloud/package.bash'
[19.227s] INFO:colcon.colcon_core.shell:Creating package script '/home/pi/Desktop/scrap_ws/install/velodyne_pointcloud/share/velodyne_pointcloud/package.zsh'
[19.230s] Level 1:colcon.colcon_core.environment:create_file_with_runtime_dependencies(/home/pi/Desktop/scrap_ws/install/velodyne_pointcloud/share/colcon-core/packages/velodyne_pointcloud)
[19.231s] INFO:colcon.colcon_ros.task.ament_cmake.build:Building ROS package in '/home/pi/Desktop/scrap_ws/src/velodyne/velodyne' with build type 'ament_cmake'
[19.232s] INFO:colcon.colcon_cmake.task.cmake.build:Building CMake package in '/home/pi/Desktop/scrap_ws/src/velodyne/velodyne'
[19.316s] INFO:colcon.colcon_core.shell:Skip shell extension 'powershell' for command environment: Not usable outside of PowerShell
[19.317s] DEBUG:colcon.colcon_core.shell:Skip shell extension 'dsv' for command environment
[19.547s] DEBUG:colcon.colcon_core.event_handler.log_command:Invoking command in '/home/pi/Desktop/scrap_ws/build/velodyne': AMENT_PREFIX_PATH=/home/pi/Desktop/scrap_ws/install/velodyne_pointcloud:/home/pi/Desktop/scrap_ws/install/velodyne_driver:/home/pi/Desktop/scrap_ws/install/velodyne_msgs:/home/pi/Desktop/scrap_ws/install/velodyne_laserscan:${AMENT_PREFIX_PATH} CMAKE_PREFIX_PATH=/home/pi/Desktop/scrap_ws/install/velodyne_pointcloud:/home/pi/Desktop/scrap_ws/install/velodyne_driver:/home/pi/Desktop/scrap_ws/install/velodyne_msgs:/home/pi/Desktop/scrap_ws/install/velodyne_laserscan:/opt/ros/humble LD_LIBRARY_PATH=/home/pi/Desktop/scrap_ws/install/velodyne_pointcloud/lib:/home/pi/Desktop/scrap_ws/install/velodyne_driver/lib:/home/pi/Desktop/scrap_ws/install/velodyne_msgs/lib:/home/pi/Desktop/scrap_ws/install/velodyne_laserscan/lib:${LD_LIBRARY_PATH} PYTHONPATH=/home/pi/Desktop/scrap_ws/install/velodyne_msgs/local/lib/python3.10/dist-packages:${PYTHONPATH} /usr/bin/cmake --build /home/pi/Desktop/scrap_ws/build/velodyne -- -j4 -l4
[19.722s] DEBUG:colcon.colcon_core.event_handler.log_command:Invoked command in '/home/pi/Desktop/scrap_ws/build/velodyne' returned '0': AMENT_PREFIX_PATH=/home/pi/Desktop/scrap_ws/install/velodyne_pointcloud:/home/pi/Desktop/scrap_ws/install/velodyne_driver:/home/pi/Desktop/scrap_ws/install/velodyne_msgs:/home/pi/Desktop/scrap_ws/install/velodyne_laserscan:${AMENT_PREFIX_PATH} CMAKE_PREFIX_PATH=/home/pi/Desktop/scrap_ws/install/velodyne_pointcloud:/home/pi/Desktop/scrap_ws/install/velodyne_driver:/home/pi/Desktop/scrap_ws/install/velodyne_msgs:/home/pi/Desktop/scrap_ws/install/velodyne_laserscan:/opt/ros/humble LD_LIBRARY_PATH=/home/pi/Desktop/scrap_ws/install/velodyne_pointcloud/lib:/home/pi/Desktop/scrap_ws/install/velodyne_driver/lib:/home/pi/Desktop/scrap_ws/install/velodyne_msgs/lib:/home/pi/Desktop/scrap_ws/install/velodyne_laserscan/lib:${LD_LIBRARY_PATH} PYTHONPATH=/home/pi/Desktop/scrap_ws/install/velodyne_msgs/local/lib/python3.10/dist-packages:${PYTHONPATH} /usr/bin/cmake --build /home/pi/Desktop/scrap_ws/build/velodyne -- -j4 -l4
[19.845s] DEBUG:colcon.colcon_core.event_handler.log_command:Invoking command in '/home/pi/Desktop/scrap_ws/build/velodyne': AMENT_PREFIX_PATH=/home/pi/Desktop/scrap_ws/install/velodyne_pointcloud:/home/pi/Desktop/scrap_ws/install/velodyne_driver:/home/pi/Desktop/scrap_ws/install/velodyne_msgs:/home/pi/Desktop/scrap_ws/install/velodyne_laserscan:${AMENT_PREFIX_PATH} CMAKE_PREFIX_PATH=/home/pi/Desktop/scrap_ws/install/velodyne_pointcloud:/home/pi/Desktop/scrap_ws/install/velodyne_driver:/home/pi/Desktop/scrap_ws/install/velodyne_msgs:/home/pi/Desktop/scrap_ws/install/velodyne_laserscan:/opt/ros/humble LD_LIBRARY_PATH=/home/pi/Desktop/scrap_ws/install/velodyne_pointcloud/lib:/home/pi/Desktop/scrap_ws/install/velodyne_driver/lib:/home/pi/Desktop/scrap_ws/install/velodyne_msgs/lib:/home/pi/Desktop/scrap_ws/install/velodyne_laserscan/lib:${LD_LIBRARY_PATH} PYTHONPATH=/home/pi/Desktop/scrap_ws/install/velodyne_msgs/local/lib/python3.10/dist-packages:${PYTHONPATH} /usr/bin/cmake --install /home/pi/Desktop/scrap_ws/build/velodyne
[19.947s] Level 1:colcon.colcon_core.environment:create_environment_scripts_only(velodyne)
[19.949s] DEBUG:colcon.colcon_core.event_handler.log_command:Invoked command in '/home/pi/Desktop/scrap_ws/build/velodyne' returned '0': AMENT_PREFIX_PATH=/home/pi/Desktop/scrap_ws/install/velodyne_pointcloud:/home/pi/Desktop/scrap_ws/install/velodyne_driver:/home/pi/Desktop/scrap_ws/install/velodyne_msgs:/home/pi/Desktop/scrap_ws/install/velodyne_laserscan:${AMENT_PREFIX_PATH} CMAKE_PREFIX_PATH=/home/pi/Desktop/scrap_ws/install/velodyne_pointcloud:/home/pi/Desktop/scrap_ws/install/velodyne_driver:/home/pi/Desktop/scrap_ws/install/velodyne_msgs:/home/pi/Desktop/scrap_ws/install/velodyne_laserscan:/opt/ros/humble LD_LIBRARY_PATH=/home/pi/Desktop/scrap_ws/install/velodyne_pointcloud/lib:/home/pi/Desktop/scrap_ws/install/velodyne_driver/lib:/home/pi/Desktop/scrap_ws/install/velodyne_msgs/lib:/home/pi/Desktop/scrap_ws/install/velodyne_laserscan/lib:${LD_LIBRARY_PATH} PYTHONPATH=/home/pi/Desktop/scrap_ws/install/velodyne_msgs/local/lib/python3.10/dist-packages:${PYTHONPATH} /usr/bin/cmake --install /home/pi/Desktop/scrap_ws/build/velodyne
[20.031s] Level 1:colcon.colcon_core.environment:checking '/home/pi/Desktop/scrap_ws/install/velodyne' for CMake module files
[20.035s] Level 1:colcon.colcon_core.environment:checking '/home/pi/Desktop/scrap_ws/install/velodyne' for CMake config files
[20.038s] Level 1:colcon.colcon_core.shell:create_environment_hook('velodyne', 'cmake_prefix_path')
[20.117s] INFO:colcon.colcon_core.shell:Creating environment hook '/home/pi/Desktop/scrap_ws/install/velodyne/share/velodyne/hook/cmake_prefix_path.ps1'
[20.119s] INFO:colcon.colcon_core.shell:Creating environment descriptor '/home/pi/Desktop/scrap_ws/install/velodyne/share/velodyne/hook/cmake_prefix_path.dsv'
[20.121s] INFO:colcon.colcon_core.shell:Creating environment hook '/home/pi/Desktop/scrap_ws/install/velodyne/share/velodyne/hook/cmake_prefix_path.sh'
[20.124s] Level 1:colcon.colcon_core.environment:checking '/home/pi/Desktop/scrap_ws/install/velodyne/bin'
[20.124s] Level 1:colcon.colcon_core.environment:checking '/home/pi/Desktop/scrap_ws/install/velodyne/lib/pkgconfig/velodyne.pc'
[20.125s] Level 1:colcon.colcon_core.environment:checking '/home/pi/Desktop/scrap_ws/install/velodyne/lib/python3.10/site-packages'
[20.126s] Level 1:colcon.colcon_core.environment:checking '/home/pi/Desktop/scrap_ws/install/velodyne/bin'
[20.207s] INFO:colcon.colcon_core.shell:Creating package script '/home/pi/Desktop/scrap_ws/install/velodyne/share/velodyne/package.ps1'
[20.209s] INFO:colcon.colcon_core.shell:Creating package descriptor '/home/pi/Desktop/scrap_ws/install/velodyne/share/velodyne/package.dsv'
[20.211s] INFO:colcon.colcon_core.shell:Creating package script '/home/pi/Desktop/scrap_ws/install/velodyne/share/velodyne/package.sh'
[20.213s] INFO:colcon.colcon_core.shell:Creating package script '/home/pi/Desktop/scrap_ws/install/velodyne/share/velodyne/package.bash'
[20.215s] INFO:colcon.colcon_core.shell:Creating package script '/home/pi/Desktop/scrap_ws/install/velodyne/share/velodyne/package.zsh'
[20.217s] Level 1:colcon.colcon_core.environment:create_file_with_runtime_dependencies(/home/pi/Desktop/scrap_ws/install/velodyne/share/colcon-core/packages/velodyne)
[20.401s] Level 1:colcon.colcon_core.environment:create_environment_scripts_only(velodyne)
[20.483s] Level 1:colcon.colcon_core.environment:checking '/home/pi/Desktop/scrap_ws/install/velodyne' for CMake module files
[20.486s] Level 1:colcon.colcon_core.environment:checking '/home/pi/Desktop/scrap_ws/install/velodyne' for CMake config files
[20.489s] Level 1:colcon.colcon_core.shell:create_environment_hook('velodyne', 'cmake_prefix_path')
[20.568s] INFO:colcon.colcon_core.shell:Creating environment hook '/home/pi/Desktop/scrap_ws/install/velodyne/share/velodyne/hook/cmake_prefix_path.ps1'
[20.571s] INFO:colcon.colcon_core.shell:Creating environment descriptor '/home/pi/Desktop/scrap_ws/install/velodyne/share/velodyne/hook/cmake_prefix_path.dsv'
[20.572s] INFO:colcon.colcon_core.shell:Creating environment hook '/home/pi/Desktop/scrap_ws/install/velodyne/share/velodyne/hook/cmake_prefix_path.sh'
[20.575s] Level 1:colcon.colcon_core.environment:checking '/home/pi/Desktop/scrap_ws/install/velodyne/bin'
[20.575s] Level 1:colcon.colcon_core.environment:checking '/home/pi/Desktop/scrap_ws/install/velodyne/lib/pkgconfig/velodyne.pc'
[20.577s] Level 1:colcon.colcon_core.environment:checking '/home/pi/Desktop/scrap_ws/install/velodyne/lib/python3.10/site-packages'
[20.578s] Level 1:colcon.colcon_core.environment:checking '/home/pi/Desktop/scrap_ws/install/velodyne/bin'
[20.657s] INFO:colcon.colcon_core.shell:Creating package script '/home/pi/Desktop/scrap_ws/install/velodyne/share/velodyne/package.ps1'
[20.660s] INFO:colcon.colcon_core.shell:Creating package descriptor '/home/pi/Desktop/scrap_ws/install/velodyne/share/velodyne/package.dsv'
[20.662s] INFO:colcon.colcon_core.shell:Creating package script '/home/pi/Desktop/scrap_ws/install/velodyne/share/velodyne/package.sh'
[20.665s] INFO:colcon.colcon_core.shell:Creating package script '/home/pi/Desktop/scrap_ws/install/velodyne/share/velodyne/package.bash'
[20.667s] INFO:colcon.colcon_core.shell:Creating package script '/home/pi/Desktop/scrap_ws/install/velodyne/share/velodyne/package.zsh'
[20.669s] Level 1:colcon.colcon_core.environment:create_file_with_runtime_dependencies(/home/pi/Desktop/scrap_ws/install/velodyne/share/colcon-core/packages/velodyne)
[20.670s] DEBUG:colcon.colcon_parallel_executor.executor.parallel:closing loop
[20.671s] DEBUG:colcon.colcon_parallel_executor.executor.parallel:loop closed
[20.672s] DEBUG:colcon.colcon_parallel_executor.executor.parallel:run_until_complete finished with '0'
[20.672s] DEBUG:colcon.colcon_core.event_reactor:joining thread
[20.774s] INFO:colcon.colcon_core.plugin_system:Skipping extension 'colcon_notification.desktop_notification.terminal_notifier': Not used on non-Darwin systems
[20.775s] INFO:colcon.colcon_core.plugin_system:Skipping extension 'colcon_notification.desktop_notification.win32': Not used on non-Windows systems
[20.775s] INFO:colcon.colcon_notification.desktop_notification:Sending desktop notification using 'notify2'
[20.838s] DEBUG:colcon.colcon_core.event_reactor:joined thread
[20.919s] INFO:colcon.colcon_core.shell:Creating prefix script '/home/pi/Desktop/scrap_ws/install/local_setup.ps1'
[20.923s] INFO:colcon.colcon_core.shell:Creating prefix util module '/home/pi/Desktop/scrap_ws/install/_local_setup_util_ps1.py'
[20.929s] INFO:colcon.colcon_core.shell:Creating prefix chain script '/home/pi/Desktop/scrap_ws/install/setup.ps1'
[21.010s] INFO:colcon.colcon_core.shell:Creating prefix script '/home/pi/Desktop/scrap_ws/install/local_setup.sh'
[21.012s] INFO:colcon.colcon_core.shell:Creating prefix util module '/home/pi/Desktop/scrap_ws/install/_local_setup_util_sh.py'
[21.015s] INFO:colcon.colcon_core.shell:Creating prefix chain script '/home/pi/Desktop/scrap_ws/install/setup.sh'
[21.098s] INFO:colcon.colcon_core.shell:Creating prefix script '/home/pi/Desktop/scrap_ws/install/local_setup.bash'
[21.101s] INFO:colcon.colcon_core.shell:Creating prefix chain script '/home/pi/Desktop/scrap_ws/install/setup.bash'
[21.181s] INFO:colcon.colcon_core.shell:Creating prefix script '/home/pi/Desktop/scrap_ws/install/local_setup.zsh'
[21.184s] INFO:colcon.colcon_core.shell:Creating prefix chain script '/home/pi/Desktop/scrap_ws/install/setup.zsh'
