[1.485s] DEBUG:colcon:Command line arguments: ['/usr/bin/colcon', 'list', '-p', '--base-paths', '/home/dayo/Desktop/scrap_ws']
[1.485s] DEBUG:colcon:Parsed command line arguments: Namespace(log_base=None, log_level=None, verb_name='list', build_base='build', ignore_user_meta=False, metas=['./colcon.meta'], base_paths=['/home/dayo/Desktop/scrap_ws'], packages_ignore=None, packages_ignore_regex=None, paths=None, packages_up_to=None, packages_up_to_regex=None, packages_above=None, packages_above_and_dependencies=None, packages_above_depth=None, packages_select_by_dep=None, packages_skip_by_dep=None, packages_skip_up_to=None, packages_select_build_failed=False, packages_skip_build_finished=False, packages_select_test_failures=False, packages_skip_test_passed=False, packages_select=None, packages_skip=None, packages_select_regex=None, packages_skip_regex=None, packages_start=None, packages_end=None, allow_overriding=[], topological_order=False, names_only=False, paths_only=True, topological_graph=False, topological_graph_dot=False, topological_graph_density=False, topological_graph_legend=False, topological_graph_dot_cluster=False, topological_graph_dot_include_skipped=False, verb_parser=<colcon_defaults.argument_parser.defaults.DefaultArgumentsDecorator object at 0x7fac02be8520>, verb_extension=<colcon_package_information.verb.list.ListVerb object at 0x7fac02b61bd0>, main=<bound method ListVerb.main of <colcon_package_information.verb.list.ListVerb object at 0x7fac02b61bd0>>)
[1.766s] Level 1:colcon.colcon_core.package_discovery:discover_packages(colcon_meta) check parameters
[1.768s] Level 1:colcon.colcon_core.package_discovery:discover_packages(recursive) check parameters
[1.768s] Level 1:colcon.colcon_core.package_discovery:discover_packages(ignore) check parameters
[1.768s] Level 1:colcon.colcon_core.package_discovery:discover_packages(path) check parameters
[1.770s] Level 1:colcon.colcon_core.package_discovery:discover_packages(recursive) discover
[1.770s] INFO:colcon.colcon_core.package_discovery:Crawling recursively for packages in '/home/dayo/Desktop/scrap_ws'
[1.770s] Level 1:colcon.colcon_core.package_identification:_identify(/home/dayo/Desktop/scrap_ws) by extensions ['ignore', 'ignore_ament_install']
[1.771s] Level 1:colcon.colcon_core.package_identification:_identify(/home/dayo/Desktop/scrap_ws) by extension 'ignore'
[1.771s] Level 1:colcon.colcon_core.package_identification:_identify(/home/dayo/Desktop/scrap_ws) by extension 'ignore_ament_install'
[1.773s] Level 1:colcon.colcon_core.package_identification:_identify(/home/dayo/Desktop/scrap_ws) by extensions ['colcon_pkg']
[1.773s] Level 1:colcon.colcon_core.package_identification:_identify(/home/dayo/Desktop/scrap_ws) by extension 'colcon_pkg'
[1.773s] Level 1:colcon.colcon_core.package_identification:_identify(/home/dayo/Desktop/scrap_ws) by extensions ['colcon_meta']
[1.773s] Level 1:colcon.colcon_core.package_identification:_identify(/home/dayo/Desktop/scrap_ws) by extension 'colcon_meta'
[1.774s] Level 1:colcon.colcon_core.package_identification:_identify(/home/dayo/Desktop/scrap_ws) by extensions ['ros']
[1.774s] Level 1:colcon.colcon_core.package_identification:_identify(/home/dayo/Desktop/scrap_ws) by extension 'ros'
[1.789s] Level 1:colcon.colcon_core.package_identification:_identify(/home/dayo/Desktop/scrap_ws) by extensions ['cmake', 'python']
[1.790s] Level 1:colcon.colcon_core.package_identification:_identify(/home/dayo/Desktop/scrap_ws) by extension 'cmake'
[1.790s] Level 1:colcon.colcon_core.package_identification:_identify(/home/dayo/Desktop/scrap_ws) by extension 'python'
[1.790s] Level 1:colcon.colcon_core.package_identification:_identify(/home/dayo/Desktop/scrap_ws) by extensions ['python_setup_py']
[1.790s] Level 1:colcon.colcon_core.package_identification:_identify(/home/dayo/Desktop/scrap_ws) by extension 'python_setup_py'
[1.790s] Level 1:colcon.colcon_core.package_identification:_identify(/home/dayo/Desktop/scrap_ws/build) by extensions ['ignore', 'ignore_ament_install']
[1.790s] Level 1:colcon.colcon_core.package_identification:_identify(/home/dayo/Desktop/scrap_ws/build) by extension 'ignore'
[1.791s] Level 1:colcon.colcon_core.package_identification:_identify(/home/dayo/Desktop/scrap_ws/build) ignored
[1.791s] Level 1:colcon.colcon_core.package_identification:_identify(/home/dayo/Desktop/scrap_ws/install) by extensions ['ignore', 'ignore_ament_install']
[1.791s] Level 1:colcon.colcon_core.package_identification:_identify(/home/dayo/Desktop/scrap_ws/install) by extension 'ignore'
[1.791s] Level 1:colcon.colcon_core.package_identification:_identify(/home/dayo/Desktop/scrap_ws/install) ignored
[1.791s] Level 1:colcon.colcon_core.package_identification:_identify(/home/dayo/Desktop/scrap_ws/log) by extensions ['ignore', 'ignore_ament_install']
[1.791s] Level 1:colcon.colcon_core.package_identification:_identify(/home/dayo/Desktop/scrap_ws/log) by extension 'ignore'
[1.791s] Level 1:colcon.colcon_core.package_identification:_identify(/home/dayo/Desktop/scrap_ws/log) ignored
[1.792s] Level 1:colcon.colcon_core.package_identification:_identify(/home/dayo/Desktop/scrap_ws/src) by extensions ['ignore', 'ignore_ament_install']
[1.792s] Level 1:colcon.colcon_core.package_identification:_identify(/home/dayo/Desktop/scrap_ws/src) by extension 'ignore'
[1.792s] Level 1:colcon.colcon_core.package_identification:_identify(/home/dayo/Desktop/scrap_ws/src) by extension 'ignore_ament_install'
[1.792s] Level 1:colcon.colcon_core.package_identification:_identify(/home/dayo/Desktop/scrap_ws/src) by extensions ['colcon_pkg']
[1.792s] Level 1:colcon.colcon_core.package_identification:_identify(/home/dayo/Desktop/scrap_ws/src) by extension 'colcon_pkg'
[1.792s] Level 1:colcon.colcon_core.package_identification:_identify(/home/dayo/Desktop/scrap_ws/src) by extensions ['colcon_meta']
[1.792s] Level 1:colcon.colcon_core.package_identification:_identify(/home/dayo/Desktop/scrap_ws/src) by extension 'colcon_meta'
[1.792s] Level 1:colcon.colcon_core.package_identification:_identify(/home/dayo/Desktop/scrap_ws/src) by extensions ['ros']
[1.792s] Level 1:colcon.colcon_core.package_identification:_identify(/home/dayo/Desktop/scrap_ws/src) by extension 'ros'
[1.793s] Level 1:colcon.colcon_core.package_identification:_identify(/home/dayo/Desktop/scrap_ws/src) by extensions ['cmake', 'python']
[1.793s] Level 1:colcon.colcon_core.package_identification:_identify(/home/dayo/Desktop/scrap_ws/src) by extension 'cmake'
[1.793s] Level 1:colcon.colcon_core.package_identification:_identify(/home/dayo/Desktop/scrap_ws/src) by extension 'python'
[1.793s] Level 1:colcon.colcon_core.package_identification:_identify(/home/dayo/Desktop/scrap_ws/src) by extensions ['python_setup_py']
[1.793s] Level 1:colcon.colcon_core.package_identification:_identify(/home/dayo/Desktop/scrap_ws/src) by extension 'python_setup_py'
[1.793s] Level 1:colcon.colcon_core.package_identification:_identify(/home/dayo/Desktop/scrap_ws/src/scrap_pkg) by extensions ['ignore', 'ignore_ament_install']
[1.793s] Level 1:colcon.colcon_core.package_identification:_identify(/home/dayo/Desktop/scrap_ws/src/scrap_pkg) by extension 'ignore'
[1.793s] Level 1:colcon.colcon_core.package_identification:_identify(/home/dayo/Desktop/scrap_ws/src/scrap_pkg) by extension 'ignore_ament_install'
[1.794s] Level 1:colcon.colcon_core.package_identification:_identify(/home/dayo/Desktop/scrap_ws/src/scrap_pkg) by extensions ['colcon_pkg']
[1.794s] Level 1:colcon.colcon_core.package_identification:_identify(/home/dayo/Desktop/scrap_ws/src/scrap_pkg) by extension 'colcon_pkg'
[1.794s] Level 1:colcon.colcon_core.package_identification:_identify(/home/dayo/Desktop/scrap_ws/src/scrap_pkg) by extensions ['colcon_meta']
[1.794s] Level 1:colcon.colcon_core.package_identification:_identify(/home/dayo/Desktop/scrap_ws/src/scrap_pkg) by extension 'colcon_meta'
[1.794s] Level 1:colcon.colcon_core.package_identification:_identify(/home/dayo/Desktop/scrap_ws/src/scrap_pkg) by extensions ['ros']
[1.794s] Level 1:colcon.colcon_core.package_identification:_identify(/home/dayo/Desktop/scrap_ws/src/scrap_pkg) by extension 'ros'
[1.796s] DEBUG:colcon.colcon_core.package_identification:Package '/home/dayo/Desktop/scrap_ws/src/scrap_pkg' with type 'ros.ament_cmake' and name 'scrap_pkg'
[1.796s] Level 1:colcon.colcon_core.package_identification:_identify(/home/dayo/Desktop/scrap_ws/src/usb_cam) by extensions ['ignore', 'ignore_ament_install']
[1.797s] Level 1:colcon.colcon_core.package_identification:_identify(/home/dayo/Desktop/scrap_ws/src/usb_cam) by extension 'ignore'
[1.797s] Level 1:colcon.colcon_core.package_identification:_identify(/home/dayo/Desktop/scrap_ws/src/usb_cam) by extension 'ignore_ament_install'
[1.797s] Level 1:colcon.colcon_core.package_identification:_identify(/home/dayo/Desktop/scrap_ws/src/usb_cam) by extensions ['colcon_pkg']
[1.797s] Level 1:colcon.colcon_core.package_identification:_identify(/home/dayo/Desktop/scrap_ws/src/usb_cam) by extension 'colcon_pkg'
[1.797s] Level 1:colcon.colcon_core.package_identification:_identify(/home/dayo/Desktop/scrap_ws/src/usb_cam) by extensions ['colcon_meta']
[1.797s] Level 1:colcon.colcon_core.package_identification:_identify(/home/dayo/Desktop/scrap_ws/src/usb_cam) by extension 'colcon_meta'
[1.797s] Level 1:colcon.colcon_core.package_identification:_identify(/home/dayo/Desktop/scrap_ws/src/usb_cam) by extensions ['ros']
[1.798s] Level 1:colcon.colcon_core.package_identification:_identify(/home/dayo/Desktop/scrap_ws/src/usb_cam) by extension 'ros'
[1.799s] DEBUG:colcon.colcon_core.package_identification:Package '/home/dayo/Desktop/scrap_ws/src/usb_cam' with type 'ros.ament_cmake' and name 'usb_cam'
[1.799s] Level 1:colcon.colcon_core.package_identification:_identify(/home/dayo/Desktop/scrap_ws/src/velodyne) by extensions ['ignore', 'ignore_ament_install']
[1.800s] Level 1:colcon.colcon_core.package_identification:_identify(/home/dayo/Desktop/scrap_ws/src/velodyne) by extension 'ignore'
[1.800s] Level 1:colcon.colcon_core.package_identification:_identify(/home/dayo/Desktop/scrap_ws/src/velodyne) by extension 'ignore_ament_install'
[1.800s] Level 1:colcon.colcon_core.package_identification:_identify(/home/dayo/Desktop/scrap_ws/src/velodyne) by extensions ['colcon_pkg']
[1.800s] Level 1:colcon.colcon_core.package_identification:_identify(/home/dayo/Desktop/scrap_ws/src/velodyne) by extension 'colcon_pkg'
[1.800s] Level 1:colcon.colcon_core.package_identification:_identify(/home/dayo/Desktop/scrap_ws/src/velodyne) by extensions ['colcon_meta']
[1.800s] Level 1:colcon.colcon_core.package_identification:_identify(/home/dayo/Desktop/scrap_ws/src/velodyne) by extension 'colcon_meta'
[1.801s] Level 1:colcon.colcon_core.package_identification:_identify(/home/dayo/Desktop/scrap_ws/src/velodyne) by extensions ['ros']
[1.801s] Level 1:colcon.colcon_core.package_identification:_identify(/home/dayo/Desktop/scrap_ws/src/velodyne) by extension 'ros'
[1.801s] Level 1:colcon.colcon_core.package_identification:_identify(/home/dayo/Desktop/scrap_ws/src/velodyne) by extensions ['cmake', 'python']
[1.801s] Level 1:colcon.colcon_core.package_identification:_identify(/home/dayo/Desktop/scrap_ws/src/velodyne) by extension 'cmake'
[1.801s] Level 1:colcon.colcon_core.package_identification:_identify(/home/dayo/Desktop/scrap_ws/src/velodyne) by extension 'python'
[1.801s] Level 1:colcon.colcon_core.package_identification:_identify(/home/dayo/Desktop/scrap_ws/src/velodyne) by extensions ['python_setup_py']
[1.801s] Level 1:colcon.colcon_core.package_identification:_identify(/home/dayo/Desktop/scrap_ws/src/velodyne) by extension 'python_setup_py'
[1.801s] Level 1:colcon.colcon_core.package_identification:_identify(/home/dayo/Desktop/scrap_ws/src/velodyne/velodyne) by extensions ['ignore', 'ignore_ament_install']
[1.801s] Level 1:colcon.colcon_core.package_identification:_identify(/home/dayo/Desktop/scrap_ws/src/velodyne/velodyne) by extension 'ignore'
[1.802s] Level 1:colcon.colcon_core.package_identification:_identify(/home/dayo/Desktop/scrap_ws/src/velodyne/velodyne) by extension 'ignore_ament_install'
[1.802s] Level 1:colcon.colcon_core.package_identification:_identify(/home/dayo/Desktop/scrap_ws/src/velodyne/velodyne) by extensions ['colcon_pkg']
[1.802s] Level 1:colcon.colcon_core.package_identification:_identify(/home/dayo/Desktop/scrap_ws/src/velodyne/velodyne) by extension 'colcon_pkg'
[1.802s] Level 1:colcon.colcon_core.package_identification:_identify(/home/dayo/Desktop/scrap_ws/src/velodyne/velodyne) by extensions ['colcon_meta']
[1.802s] Level 1:colcon.colcon_core.package_identification:_identify(/home/dayo/Desktop/scrap_ws/src/velodyne/velodyne) by extension 'colcon_meta'
[1.802s] Level 1:colcon.colcon_core.package_identification:_identify(/home/dayo/Desktop/scrap_ws/src/velodyne/velodyne) by extensions ['ros']
[1.802s] Level 1:colcon.colcon_core.package_identification:_identify(/home/dayo/Desktop/scrap_ws/src/velodyne/velodyne) by extension 'ros'
[1.803s] DEBUG:colcon.colcon_core.package_identification:Package '/home/dayo/Desktop/scrap_ws/src/velodyne/velodyne' with type 'ros.ament_cmake' and name 'velodyne'
[1.803s] Level 1:colcon.colcon_core.package_identification:_identify(/home/dayo/Desktop/scrap_ws/src/velodyne/velodyne_driver) by extensions ['ignore', 'ignore_ament_install']
[1.803s] Level 1:colcon.colcon_core.package_identification:_identify(/home/dayo/Desktop/scrap_ws/src/velodyne/velodyne_driver) by extension 'ignore'
[1.803s] Level 1:colcon.colcon_core.package_identification:_identify(/home/dayo/Desktop/scrap_ws/src/velodyne/velodyne_driver) by extension 'ignore_ament_install'
[1.804s] Level 1:colcon.colcon_core.package_identification:_identify(/home/dayo/Desktop/scrap_ws/src/velodyne/velodyne_driver) by extensions ['colcon_pkg']
[1.805s] Level 1:colcon.colcon_core.package_identification:_identify(/home/dayo/Desktop/scrap_ws/src/velodyne/velodyne_driver) by extension 'colcon_pkg'
[1.805s] Level 1:colcon.colcon_core.package_identification:_identify(/home/dayo/Desktop/scrap_ws/src/velodyne/velodyne_driver) by extensions ['colcon_meta']
[1.805s] Level 1:colcon.colcon_core.package_identification:_identify(/home/dayo/Desktop/scrap_ws/src/velodyne/velodyne_driver) by extension 'colcon_meta'
[1.805s] Level 1:colcon.colcon_core.package_identification:_identify(/home/dayo/Desktop/scrap_ws/src/velodyne/velodyne_driver) by extensions ['ros']
[1.805s] Level 1:colcon.colcon_core.package_identification:_identify(/home/dayo/Desktop/scrap_ws/src/velodyne/velodyne_driver) by extension 'ros'
[1.806s] DEBUG:colcon.colcon_core.package_identification:Package '/home/dayo/Desktop/scrap_ws/src/velodyne/velodyne_driver' with type 'ros.ament_cmake' and name 'velodyne_driver'
[1.806s] Level 1:colcon.colcon_core.package_identification:_identify(/home/dayo/Desktop/scrap_ws/src/velodyne/velodyne_laserscan) by extensions ['ignore', 'ignore_ament_install']
[1.807s] Level 1:colcon.colcon_core.package_identification:_identify(/home/dayo/Desktop/scrap_ws/src/velodyne/velodyne_laserscan) by extension 'ignore'
[1.807s] Level 1:colcon.colcon_core.package_identification:_identify(/home/dayo/Desktop/scrap_ws/src/velodyne/velodyne_laserscan) by extension 'ignore_ament_install'
[1.807s] Level 1:colcon.colcon_core.package_identification:_identify(/home/dayo/Desktop/scrap_ws/src/velodyne/velodyne_laserscan) by extensions ['colcon_pkg']
[1.807s] Level 1:colcon.colcon_core.package_identification:_identify(/home/dayo/Desktop/scrap_ws/src/velodyne/velodyne_laserscan) by extension 'colcon_pkg'
[1.807s] Level 1:colcon.colcon_core.package_identification:_identify(/home/dayo/Desktop/scrap_ws/src/velodyne/velodyne_laserscan) by extensions ['colcon_meta']
[1.807s] Level 1:colcon.colcon_core.package_identification:_identify(/home/dayo/Desktop/scrap_ws/src/velodyne/velodyne_laserscan) by extension 'colcon_meta'
[1.807s] Level 1:colcon.colcon_core.package_identification:_identify(/home/dayo/Desktop/scrap_ws/src/velodyne/velodyne_laserscan) by extensions ['ros']
[1.807s] Level 1:colcon.colcon_core.package_identification:_identify(/home/dayo/Desktop/scrap_ws/src/velodyne/velodyne_laserscan) by extension 'ros'
[1.808s] DEBUG:colcon.colcon_core.package_identification:Package '/home/dayo/Desktop/scrap_ws/src/velodyne/velodyne_laserscan' with type 'ros.ament_cmake' and name 'velodyne_laserscan'
[1.808s] Level 1:colcon.colcon_core.package_identification:_identify(/home/dayo/Desktop/scrap_ws/src/velodyne/velodyne_msgs) by extensions ['ignore', 'ignore_ament_install']
[1.808s] Level 1:colcon.colcon_core.package_identification:_identify(/home/dayo/Desktop/scrap_ws/src/velodyne/velodyne_msgs) by extension 'ignore'
[1.808s] Level 1:colcon.colcon_core.package_identification:_identify(/home/dayo/Desktop/scrap_ws/src/velodyne/velodyne_msgs) by extension 'ignore_ament_install'
[1.809s] Level 1:colcon.colcon_core.package_identification:_identify(/home/dayo/Desktop/scrap_ws/src/velodyne/velodyne_msgs) by extensions ['colcon_pkg']
[1.809s] Level 1:colcon.colcon_core.package_identification:_identify(/home/dayo/Desktop/scrap_ws/src/velodyne/velodyne_msgs) by extension 'colcon_pkg'
[1.809s] Level 1:colcon.colcon_core.package_identification:_identify(/home/dayo/Desktop/scrap_ws/src/velodyne/velodyne_msgs) by extensions ['colcon_meta']
[1.809s] Level 1:colcon.colcon_core.package_identification:_identify(/home/dayo/Desktop/scrap_ws/src/velodyne/velodyne_msgs) by extension 'colcon_meta'
[1.809s] Level 1:colcon.colcon_core.package_identification:_identify(/home/dayo/Desktop/scrap_ws/src/velodyne/velodyne_msgs) by extensions ['ros']
[1.809s] Level 1:colcon.colcon_core.package_identification:_identify(/home/dayo/Desktop/scrap_ws/src/velodyne/velodyne_msgs) by extension 'ros'
[1.810s] DEBUG:colcon.colcon_core.package_identification:Package '/home/dayo/Desktop/scrap_ws/src/velodyne/velodyne_msgs' with type 'ros.ament_cmake' and name 'velodyne_msgs'
[1.810s] Level 1:colcon.colcon_core.package_identification:_identify(/home/dayo/Desktop/scrap_ws/src/velodyne/velodyne_pointcloud) by extensions ['ignore', 'ignore_ament_install']
[1.810s] Level 1:colcon.colcon_core.package_identification:_identify(/home/dayo/Desktop/scrap_ws/src/velodyne/velodyne_pointcloud) by extension 'ignore'
[1.810s] Level 1:colcon.colcon_core.package_identification:_identify(/home/dayo/Desktop/scrap_ws/src/velodyne/velodyne_pointcloud) by extension 'ignore_ament_install'
[1.810s] Level 1:colcon.colcon_core.package_identification:_identify(/home/dayo/Desktop/scrap_ws/src/velodyne/velodyne_pointcloud) by extensions ['colcon_pkg']
[1.810s] Level 1:colcon.colcon_core.package_identification:_identify(/home/dayo/Desktop/scrap_ws/src/velodyne/velodyne_pointcloud) by extension 'colcon_pkg'
[1.810s] Level 1:colcon.colcon_core.package_identification:_identify(/home/dayo/Desktop/scrap_ws/src/velodyne/velodyne_pointcloud) by extensions ['colcon_meta']
[1.811s] Level 1:colcon.colcon_core.package_identification:_identify(/home/dayo/Desktop/scrap_ws/src/velodyne/velodyne_pointcloud) by extension 'colcon_meta'
[1.811s] Level 1:colcon.colcon_core.package_identification:_identify(/home/dayo/Desktop/scrap_ws/src/velodyne/velodyne_pointcloud) by extensions ['ros']
[1.811s] Level 1:colcon.colcon_core.package_identification:_identify(/home/dayo/Desktop/scrap_ws/src/velodyne/velodyne_pointcloud) by extension 'ros'
[1.813s] DEBUG:colcon.colcon_core.package_identification:Package '/home/dayo/Desktop/scrap_ws/src/velodyne/velodyne_pointcloud' with type 'ros.ament_cmake' and name 'velodyne_pointcloud'
[1.814s] Level 1:colcon.colcon_core.package_discovery:discover_packages(recursive) using defaults
