[5.629s] Invoking command in '/home/pi/Desktop/scrap_ws/build/scrap_pkg': PYTHONPATH=/home/pi/Desktop/scrap_ws/build/scrap_pkg/prefix_override:/home/pi/Desktop/scrap_ws/install/scrap_pkg/lib/python3.10/site-packages:${PYTHONPATH} /usr/bin/python3 setup.py develop --editable --build-directory /home/pi/Desktop/scrap_ws/build/scrap_pkg/build --no-deps install_data
[7.247s] running develop
[7.249s] /usr/lib/python3/dist-packages/setuptools/command/easy_install.py:158: EasyInstallDeprecationWarning: easy_install command is deprecated. Use build and pip and other standards-based tools.
[7.250s]   warnings.warn(
[7.257s] /usr/lib/python3/dist-packages/setuptools/command/install.py:34: SetuptoolsDeprecationWarning: setup.py install is deprecated. Use build and pip and other standards-based tools.
[7.257s]   warnings.warn(
[8.810s] running egg_info
[8.811s] writing scrap_pkg.egg-info/PKG-INFO
[8.813s] writing dependency_links to scrap_pkg.egg-info/dependency_links.txt
[8.820s] writing entry points to scrap_pkg.egg-info/entry_points.txt
[8.821s] writing requirements to scrap_pkg.egg-info/requires.txt
[8.822s] writing top-level names to scrap_pkg.egg-info/top_level.txt
[8.824s] reading manifest file 'scrap_pkg.egg-info/SOURCES.txt'
[8.829s] writing manifest file 'scrap_pkg.egg-info/SOURCES.txt'
[8.836s] running build_ext
[8.837s] Creating /home/pi/Desktop/scrap_ws/install/scrap_pkg/lib/python3.10/site-packages/scrap-pkg.egg-link (link to .)
[8.841s] Installing motor_node script to /home/pi/Desktop/scrap_ws/install/scrap_pkg/lib/scrap_pkg
[8.842s] 
[8.843s] Installed /home/pi/Desktop/scrap_ws/build/scrap_pkg
[8.844s] running install_data
[8.845s] copying launch/rsp.launch.py -> /home/pi/Desktop/scrap_ws/install/scrap_pkg/share/scrap_pkg/launch
[9.576s] Invoked command in '/home/pi/Desktop/scrap_ws/build/scrap_pkg' returned '0': PYTHONPATH=/home/pi/Desktop/scrap_ws/build/scrap_pkg/prefix_override:/home/pi/Desktop/scrap_ws/install/scrap_pkg/lib/python3.10/site-packages:${PYTHONPATH} /usr/bin/python3 setup.py develop --editable --build-directory /home/pi/Desktop/scrap_ws/build/scrap_pkg/build --no-deps install_data
