[0.022s] Invoking command in '/home/dayo/Desktop/scrap_ws/build/velodyne': AMENT_PREFIX_PATH=/home/dayo/Desktop/scrap_ws/install/velodyne_pointcloud:/home/dayo/Desktop/scrap_ws/install/velodyne_driver:/home/dayo/Desktop/scrap_ws/install/velodyne_msgs:/home/dayo/Desktop/scrap_ws/install/velodyne_laserscan:${AMENT_PREFIX_PATH} CMAKE_PREFIX_PATH=/home/dayo/Desktop/scrap_ws/install/velodyne_pointcloud:/home/dayo/Desktop/scrap_ws/install/velodyne_driver:/home/dayo/Desktop/scrap_ws/install/velodyne_msgs:/home/dayo/Desktop/scrap_ws/install/velodyne_laserscan:/opt/ros/iron LD_LIBRARY_PATH=/home/dayo/Desktop/scrap_ws/install/velodyne_pointcloud/lib:/home/dayo/Desktop/scrap_ws/install/velodyne_driver/lib:/home/dayo/Desktop/scrap_ws/install/velodyne_msgs/lib:/home/dayo/Desktop/scrap_ws/install/velodyne_laserscan/lib:${LD_LIBRARY_PATH} PYTHONPATH=/home/dayo/Desktop/scrap_ws/install/velodyne_msgs/lib/python3.10/site-packages:${PYTHONPATH} /usr/bin/cmake --build /home/dayo/Desktop/scrap_ws/build/velodyne -- -j2 -l2
[0.070s] Invoked command in '/home/dayo/Desktop/scrap_ws/build/velodyne' returned '0': AMENT_PREFIX_PATH=/home/dayo/Desktop/scrap_ws/install/velodyne_pointcloud:/home/dayo/Desktop/scrap_ws/install/velodyne_driver:/home/dayo/Desktop/scrap_ws/install/velodyne_msgs:/home/dayo/Desktop/scrap_ws/install/velodyne_laserscan:${AMENT_PREFIX_PATH} CMAKE_PREFIX_PATH=/home/dayo/Desktop/scrap_ws/install/velodyne_pointcloud:/home/dayo/Desktop/scrap_ws/install/velodyne_driver:/home/dayo/Desktop/scrap_ws/install/velodyne_msgs:/home/dayo/Desktop/scrap_ws/install/velodyne_laserscan:/opt/ros/iron LD_LIBRARY_PATH=/home/dayo/Desktop/scrap_ws/install/velodyne_pointcloud/lib:/home/dayo/Desktop/scrap_ws/install/velodyne_driver/lib:/home/dayo/Desktop/scrap_ws/install/velodyne_msgs/lib:/home/dayo/Desktop/scrap_ws/install/velodyne_laserscan/lib:${LD_LIBRARY_PATH} PYTHONPATH=/home/dayo/Desktop/scrap_ws/install/velodyne_msgs/lib/python3.10/site-packages:${PYTHONPATH} /usr/bin/cmake --build /home/dayo/Desktop/scrap_ws/build/velodyne -- -j2 -l2
[0.111s] Invoking command in '/home/dayo/Desktop/scrap_ws/build/velodyne': AMENT_PREFIX_PATH=/home/dayo/Desktop/scrap_ws/install/velodyne_pointcloud:/home/dayo/Desktop/scrap_ws/install/velodyne_driver:/home/dayo/Desktop/scrap_ws/install/velodyne_msgs:/home/dayo/Desktop/scrap_ws/install/velodyne_laserscan:${AMENT_PREFIX_PATH} CMAKE_PREFIX_PATH=/home/dayo/Desktop/scrap_ws/install/velodyne_pointcloud:/home/dayo/Desktop/scrap_ws/install/velodyne_driver:/home/dayo/Desktop/scrap_ws/install/velodyne_msgs:/home/dayo/Desktop/scrap_ws/install/velodyne_laserscan:/opt/ros/iron LD_LIBRARY_PATH=/home/dayo/Desktop/scrap_ws/install/velodyne_pointcloud/lib:/home/dayo/Desktop/scrap_ws/install/velodyne_driver/lib:/home/dayo/Desktop/scrap_ws/install/velodyne_msgs/lib:/home/dayo/Desktop/scrap_ws/install/velodyne_laserscan/lib:${LD_LIBRARY_PATH} PYTHONPATH=/home/dayo/Desktop/scrap_ws/install/velodyne_msgs/lib/python3.10/site-packages:${PYTHONPATH} /usr/bin/cmake --install /home/dayo/Desktop/scrap_ws/build/velodyne
[0.118s] -- Install configuration: ""
[0.118s] -- Up-to-date: /home/dayo/Desktop/scrap_ws/install/velodyne/share/velodyne/launch
[0.118s] -- Up-to-date: /home/dayo/Desktop/scrap_ws/install/velodyne/share/velodyne/launch/velodyne-all-nodes-VLS128-launch.py
[0.118s] -- Up-to-date: /home/dayo/Desktop/scrap_ws/install/velodyne/share/velodyne/launch/velodyne-all-nodes-VLP32C-launch.py
[0.118s] -- Up-to-date: /home/dayo/Desktop/scrap_ws/install/velodyne/share/velodyne/launch/velodyne-all-nodes-VLP16-composed-launch.py
[0.119s] -- Up-to-date: /home/dayo/Desktop/scrap_ws/install/velodyne/share/velodyne/launch/velodyne-all-nodes-VLS128-composed-launch.py
[0.120s] -- Up-to-date: /home/dayo/Desktop/scrap_ws/install/velodyne/share/velodyne/launch/velodyne-all-nodes-VLP16-launch.py
[0.120s] -- Up-to-date: /home/dayo/Desktop/scrap_ws/install/velodyne/share/velodyne/launch/velodyne-all-nodes-VLP32C-composed-launch.py
[0.120s] -- Up-to-date: /home/dayo/Desktop/scrap_ws/install/velodyne/share/ament_index/resource_index/package_run_dependencies/velodyne
[0.120s] -- Up-to-date: /home/dayo/Desktop/scrap_ws/install/velodyne/share/ament_index/resource_index/parent_prefix_path/velodyne
[0.120s] -- Up-to-date: /home/dayo/Desktop/scrap_ws/install/velodyne/share/velodyne/environment/ament_prefix_path.sh
[0.120s] -- Up-to-date: /home/dayo/Desktop/scrap_ws/install/velodyne/share/velodyne/environment/ament_prefix_path.dsv
[0.120s] -- Up-to-date: /home/dayo/Desktop/scrap_ws/install/velodyne/share/velodyne/environment/path.sh
[0.121s] -- Up-to-date: /home/dayo/Desktop/scrap_ws/install/velodyne/share/velodyne/environment/path.dsv
[0.121s] -- Up-to-date: /home/dayo/Desktop/scrap_ws/install/velodyne/share/velodyne/local_setup.bash
[0.121s] -- Up-to-date: /home/dayo/Desktop/scrap_ws/install/velodyne/share/velodyne/local_setup.sh
[0.121s] -- Up-to-date: /home/dayo/Desktop/scrap_ws/install/velodyne/share/velodyne/local_setup.zsh
[0.121s] -- Up-to-date: /home/dayo/Desktop/scrap_ws/install/velodyne/share/velodyne/local_setup.dsv
[0.121s] -- Installing: /home/dayo/Desktop/scrap_ws/install/velodyne/share/velodyne/package.dsv
[0.124s] -- Up-to-date: /home/dayo/Desktop/scrap_ws/install/velodyne/share/ament_index/resource_index/packages/velodyne
[0.124s] -- Up-to-date: /home/dayo/Desktop/scrap_ws/install/velodyne/share/velodyne/cmake/velodyneConfig.cmake
[0.124s] -- Up-to-date: /home/dayo/Desktop/scrap_ws/install/velodyne/share/velodyne/cmake/velodyneConfig-version.cmake
[0.124s] -- Up-to-date: /home/dayo/Desktop/scrap_ws/install/velodyne/share/velodyne/package.xml
[0.128s] Invoked command in '/home/dayo/Desktop/scrap_ws/build/velodyne' returned '0': AMENT_PREFIX_PATH=/home/dayo/Desktop/scrap_ws/install/velodyne_pointcloud:/home/dayo/Desktop/scrap_ws/install/velodyne_driver:/home/dayo/Desktop/scrap_ws/install/velodyne_msgs:/home/dayo/Desktop/scrap_ws/install/velodyne_laserscan:${AMENT_PREFIX_PATH} CMAKE_PREFIX_PATH=/home/dayo/Desktop/scrap_ws/install/velodyne_pointcloud:/home/dayo/Desktop/scrap_ws/install/velodyne_driver:/home/dayo/Desktop/scrap_ws/install/velodyne_msgs:/home/dayo/Desktop/scrap_ws/install/velodyne_laserscan:/opt/ros/iron LD_LIBRARY_PATH=/home/dayo/Desktop/scrap_ws/install/velodyne_pointcloud/lib:/home/dayo/Desktop/scrap_ws/install/velodyne_driver/lib:/home/dayo/Desktop/scrap_ws/install/velodyne_msgs/lib:/home/dayo/Desktop/scrap_ws/install/velodyne_laserscan/lib:${LD_LIBRARY_PATH} PYTHONPATH=/home/dayo/Desktop/scrap_ws/install/velodyne_msgs/lib/python3.10/site-packages:${PYTHONPATH} /usr/bin/cmake --install /home/dayo/Desktop/scrap_ws/build/velodyne
