[0.919s] Invoking command in '/home/pi/Desktop/scrap_ws/build/velodyne_laserscan': CMAKE_PREFIX_PATH=/opt/ros/humble /usr/bin/cmake --build /home/pi/Desktop/scrap_ws/build/velodyne_laserscan -- -j4 -l4
[1.313s] [ 50%] Built target velodyne_laserscan
[1.633s] [100%] Built target velodyne_laserscan_node
[3.353s] Invoked command in '/home/pi/Desktop/scrap_ws/build/velodyne_laserscan' returned '0': CMAKE_PREFIX_PATH=/opt/ros/humble /usr/bin/cmake --build /home/pi/Desktop/scrap_ws/build/velodyne_laserscan -- -j4 -l4
[3.559s] Invoking command in '/home/pi/Desktop/scrap_ws/build/velodyne_laserscan': CMAKE_PREFIX_PATH=/opt/ros/humble /usr/bin/cmake --install /home/pi/Desktop/scrap_ws/build/velodyne_laserscan
[3.599s] -- Install configuration: ""
[3.601s] -- Execute custom install script
[3.603s] -- Up-to-date symlink: /home/pi/Desktop/scrap_ws/install/velodyne_laserscan/lib/libvelodyne_laserscan.so
[3.606s] -- Up-to-date symlink: /home/pi/Desktop/scrap_ws/install/velodyne_laserscan/lib/velodyne_laserscan/velodyne_laserscan_node
[3.609s] -- Up-to-date symlink: /home/pi/Desktop/scrap_ws/install/velodyne_laserscan/include/velodyne_laserscan/velodyne_laserscan.hpp
[3.612s] -- Up-to-date symlink: /home/pi/Desktop/scrap_ws/install/velodyne_laserscan/share/velodyne_laserscan/config/default-velodyne_laserscan_node-params.yaml
[3.614s] -- Up-to-date symlink: /home/pi/Desktop/scrap_ws/install/velodyne_laserscan/share/velodyne_laserscan/launch/velodyne_laserscan_node-composed-launch.py
[3.615s] -- Up-to-date symlink: /home/pi/Desktop/scrap_ws/install/velodyne_laserscan/share/velodyne_laserscan/launch/velodyne_laserscan_node-launch.py
[3.620s] -- Up-to-date symlink: /home/pi/Desktop/scrap_ws/install/velodyne_laserscan/share/ament_index/resource_index/package_run_dependencies/velodyne_laserscan
[3.621s] -- Up-to-date symlink: /home/pi/Desktop/scrap_ws/install/velodyne_laserscan/share/ament_index/resource_index/parent_prefix_path/velodyne_laserscan
[3.622s] -- Up-to-date symlink: /home/pi/Desktop/scrap_ws/install/velodyne_laserscan/share/velodyne_laserscan/environment/ament_prefix_path.sh
[3.624s] -- Up-to-date symlink: /home/pi/Desktop/scrap_ws/install/velodyne_laserscan/share/velodyne_laserscan/environment/ament_prefix_path.dsv
[3.629s] -- Up-to-date symlink: /home/pi/Desktop/scrap_ws/install/velodyne_laserscan/share/velodyne_laserscan/environment/path.sh
[3.630s] -- Up-to-date symlink: /home/pi/Desktop/scrap_ws/install/velodyne_laserscan/share/velodyne_laserscan/environment/path.dsv
[3.631s] -- Up-to-date symlink: /home/pi/Desktop/scrap_ws/install/velodyne_laserscan/share/velodyne_laserscan/local_setup.bash
[3.636s] -- Up-to-date symlink: /home/pi/Desktop/scrap_ws/install/velodyne_laserscan/share/velodyne_laserscan/local_setup.sh
[3.637s] -- Up-to-date symlink: /home/pi/Desktop/scrap_ws/install/velodyne_laserscan/share/velodyne_laserscan/local_setup.zsh
[3.637s] -- Up-to-date symlink: /home/pi/Desktop/scrap_ws/install/velodyne_laserscan/share/velodyne_laserscan/local_setup.dsv
[3.638s] -- Symlinking: /home/pi/Desktop/scrap_ws/install/velodyne_laserscan/share/velodyne_laserscan/package.dsv
[3.674s] -- Up-to-date symlink: /home/pi/Desktop/scrap_ws/install/velodyne_laserscan/share/ament_index/resource_index/packages/velodyne_laserscan
[3.681s] -- Up-to-date symlink: /home/pi/Desktop/scrap_ws/install/velodyne_laserscan/share/ament_index/resource_index/rclcpp_components/velodyne_laserscan
[3.684s] -- Up-to-date symlink: /home/pi/Desktop/scrap_ws/install/velodyne_laserscan/share/velodyne_laserscan/cmake/velodyne_laserscanConfig.cmake
[3.686s] -- Up-to-date symlink: /home/pi/Desktop/scrap_ws/install/velodyne_laserscan/share/velodyne_laserscan/cmake/velodyne_laserscanConfig-version.cmake
[3.691s] -- Up-to-date symlink: /home/pi/Desktop/scrap_ws/install/velodyne_laserscan/share/velodyne_laserscan/package.xml
[3.708s] Invoked command in '/home/pi/Desktop/scrap_ws/build/velodyne_laserscan' returned '0': CMAKE_PREFIX_PATH=/opt/ros/humble /usr/bin/cmake --install /home/pi/Desktop/scrap_ws/build/velodyne_laserscan
