[0.036s] Invoking command in '/home/dayo/Desktop/scrap_ws/build/velodyne_driver': AMENT_PREFIX_PATH=/home/dayo/Desktop/scrap_ws/install/velodyne_msgs:${AMENT_PREFIX_PATH} CMAKE_PREFIX_PATH=/home/dayo/Desktop/scrap_ws/install/velodyne_msgs:/opt/ros/iron LD_LIBRARY_PATH=/home/dayo/Desktop/scrap_ws/install/velodyne_msgs/lib:${LD_LIBRARY_PATH} PYTHONPATH=/home/dayo/Desktop/scrap_ws/install/velodyne_msgs/lib/python3.10/site-packages:${PYTHONPATH} /usr/bin/cmake --build /home/dayo/Desktop/scrap_ws/build/velodyne_driver -- -j2 -l2
[0.212s] [35m[1mConsolidate compiler generated dependencies of target gtest_main[0m
[0.234s] [35m[1mConsolidate compiler generated dependencies of target velodyne_input[0m
[0.260s] [ 16%] Built target gtest_main
[0.314s] [ 33%] Built target velodyne_input
[0.341s] [35m[1mConsolidate compiler generated dependencies of target gtest[0m
[0.395s] [35m[1mConsolidate compiler generated dependencies of target velodyne_driver[0m
[0.402s] [ 50%] Built target gtest
[0.443s] [ 66%] Built target velodyne_driver
[0.443s] [35m[1mConsolidate compiler generated dependencies of target time_test[0m
[0.484s] [35m[1mConsolidate compiler generated dependencies of target velodyne_driver_node[0m
[0.514s] [ 83%] Built target time_test
[0.533s] [100%] Built target velodyne_driver_node
[0.578s] Invoked command in '/home/dayo/Desktop/scrap_ws/build/velodyne_driver' returned '0': AMENT_PREFIX_PATH=/home/dayo/Desktop/scrap_ws/install/velodyne_msgs:${AMENT_PREFIX_PATH} CMAKE_PREFIX_PATH=/home/dayo/Desktop/scrap_ws/install/velodyne_msgs:/opt/ros/iron LD_LIBRARY_PATH=/home/dayo/Desktop/scrap_ws/install/velodyne_msgs/lib:${LD_LIBRARY_PATH} PYTHONPATH=/home/dayo/Desktop/scrap_ws/install/velodyne_msgs/lib/python3.10/site-packages:${PYTHONPATH} /usr/bin/cmake --build /home/dayo/Desktop/scrap_ws/build/velodyne_driver -- -j2 -l2
[0.675s] Invoking command in '/home/dayo/Desktop/scrap_ws/build/velodyne_driver': AMENT_PREFIX_PATH=/home/dayo/Desktop/scrap_ws/install/velodyne_msgs:${AMENT_PREFIX_PATH} CMAKE_PREFIX_PATH=/home/dayo/Desktop/scrap_ws/install/velodyne_msgs:/opt/ros/iron LD_LIBRARY_PATH=/home/dayo/Desktop/scrap_ws/install/velodyne_msgs/lib:${LD_LIBRARY_PATH} PYTHONPATH=/home/dayo/Desktop/scrap_ws/install/velodyne_msgs/lib/python3.10/site-packages:${PYTHONPATH} /usr/bin/cmake --install /home/dayo/Desktop/scrap_ws/build/velodyne_driver
[0.684s] -- Install configuration: ""
[0.684s] -- Up-to-date: /home/dayo/Desktop/scrap_ws/install/velodyne_driver/lib/libvelodyne_driver.so
[0.685s] -- Up-to-date: /home/dayo/Desktop/scrap_ws/install/velodyne_driver/lib/velodyne_driver/velodyne_driver_node
[0.686s] -- Up-to-date: /home/dayo/Desktop/scrap_ws/install/velodyne_driver/include/velodyne_driver
[0.686s] -- Up-to-date: /home/dayo/Desktop/scrap_ws/install/velodyne_driver/include/velodyne_driver/driver.hpp
[0.687s] -- Up-to-date: /home/dayo/Desktop/scrap_ws/install/velodyne_driver/include/velodyne_driver/input.hpp
[0.687s] -- Up-to-date: /home/dayo/Desktop/scrap_ws/install/velodyne_driver/include/velodyne_driver/time_conversion.hpp
[0.688s] -- Up-to-date: /home/dayo/Desktop/scrap_ws/install/velodyne_driver/share/velodyne_driver/config
[0.688s] -- Up-to-date: /home/dayo/Desktop/scrap_ws/install/velodyne_driver/share/velodyne_driver/config/VLP16-velodyne_driver_node-params.yaml
[0.689s] -- Up-to-date: /home/dayo/Desktop/scrap_ws/install/velodyne_driver/share/velodyne_driver/config/VLS128-velodyne_driver_node-params.yaml
[0.689s] -- Up-to-date: /home/dayo/Desktop/scrap_ws/install/velodyne_driver/share/velodyne_driver/config/VLP32C-velodyne_driver_node-params.yaml
[0.690s] -- Up-to-date: /home/dayo/Desktop/scrap_ws/install/velodyne_driver/share/velodyne_driver/launch
[0.691s] -- Up-to-date: /home/dayo/Desktop/scrap_ws/install/velodyne_driver/share/velodyne_driver/launch/velodyne_driver_node-VLP16-launch.py
[0.691s] -- Up-to-date: /home/dayo/Desktop/scrap_ws/install/velodyne_driver/share/velodyne_driver/launch/velodyne_driver_node-VLP32C-composed-launch.py
[0.692s] -- Up-to-date: /home/dayo/Desktop/scrap_ws/install/velodyne_driver/share/velodyne_driver/launch/velodyne_driver_node-VLS128-composed-launch.py
[0.693s] -- Up-to-date: /home/dayo/Desktop/scrap_ws/install/velodyne_driver/share/velodyne_driver/launch/velodyne_driver_node-VLS128-launch.py
[0.694s] -- Up-to-date: /home/dayo/Desktop/scrap_ws/install/velodyne_driver/share/velodyne_driver/launch/velodyne_driver_node-VLP32C-launch.py
[0.694s] -- Up-to-date: /home/dayo/Desktop/scrap_ws/install/velodyne_driver/share/velodyne_driver/launch/velodyne_driver_node-VLP16-composed-launch.py
[0.695s] -- Up-to-date: /home/dayo/Desktop/scrap_ws/install/velodyne_driver/lib/velodyne_driver/vdump
[0.696s] -- Up-to-date: /home/dayo/Desktop/scrap_ws/install/velodyne_driver/share/ament_index/resource_index/package_run_dependencies/velodyne_driver
[0.697s] -- Up-to-date: /home/dayo/Desktop/scrap_ws/install/velodyne_driver/share/ament_index/resource_index/parent_prefix_path/velodyne_driver
[0.697s] -- Up-to-date: /home/dayo/Desktop/scrap_ws/install/velodyne_driver/share/velodyne_driver/environment/ament_prefix_path.sh
[0.698s] -- Up-to-date: /home/dayo/Desktop/scrap_ws/install/velodyne_driver/share/velodyne_driver/environment/ament_prefix_path.dsv
[0.699s] -- Up-to-date: /home/dayo/Desktop/scrap_ws/install/velodyne_driver/share/velodyne_driver/environment/path.sh
[0.699s] -- Up-to-date: /home/dayo/Desktop/scrap_ws/install/velodyne_driver/share/velodyne_driver/environment/path.dsv
[0.700s] -- Up-to-date: /home/dayo/Desktop/scrap_ws/install/velodyne_driver/share/velodyne_driver/local_setup.bash
[0.700s] -- Up-to-date: /home/dayo/Desktop/scrap_ws/install/velodyne_driver/share/velodyne_driver/local_setup.sh
[0.701s] -- Up-to-date: /home/dayo/Desktop/scrap_ws/install/velodyne_driver/share/velodyne_driver/local_setup.zsh
[0.702s] -- Up-to-date: /home/dayo/Desktop/scrap_ws/install/velodyne_driver/share/velodyne_driver/local_setup.dsv
[0.702s] -- Installing: /home/dayo/Desktop/scrap_ws/install/velodyne_driver/share/velodyne_driver/package.dsv
[0.704s] -- Up-to-date: /home/dayo/Desktop/scrap_ws/install/velodyne_driver/share/ament_index/resource_index/packages/velodyne_driver
[0.704s] -- Up-to-date: /home/dayo/Desktop/scrap_ws/install/velodyne_driver/share/ament_index/resource_index/rclcpp_components/velodyne_driver
[0.705s] -- Up-to-date: /home/dayo/Desktop/scrap_ws/install/velodyne_driver/share/velodyne_driver/cmake/velodyne_driverConfig.cmake
[0.705s] -- Up-to-date: /home/dayo/Desktop/scrap_ws/install/velodyne_driver/share/velodyne_driver/cmake/velodyne_driverConfig-version.cmake
[0.705s] -- Up-to-date: /home/dayo/Desktop/scrap_ws/install/velodyne_driver/share/velodyne_driver/package.xml
[0.706s] -- Up-to-date: /home/dayo/Desktop/scrap_ws/install/velodyne_driver/lib/libvelodyne_input.so
[0.709s] Invoked command in '/home/dayo/Desktop/scrap_ws/build/velodyne_driver' returned '0': AMENT_PREFIX_PATH=/home/dayo/Desktop/scrap_ws/install/velodyne_msgs:${AMENT_PREFIX_PATH} CMAKE_PREFIX_PATH=/home/dayo/Desktop/scrap_ws/install/velodyne_msgs:/opt/ros/iron LD_LIBRARY_PATH=/home/dayo/Desktop/scrap_ws/install/velodyne_msgs/lib:${LD_LIBRARY_PATH} PYTHONPATH=/home/dayo/Desktop/scrap_ws/install/velodyne_msgs/lib/python3.10/site-packages:${PYTHONPATH} /usr/bin/cmake --install /home/dayo/Desktop/scrap_ws/build/velodyne_driver
