[0.013s] Invoking command in '/home/dayo/Desktop/scrap_ws/build/scrap_pkg': CMAKE_PREFIX_PATH=/home/dayo/Desktop/scrap_ws/install/usb_cam:/home/dayo/Desktop/scrap_ws/install/velodyne:/home/dayo/Desktop/scrap_ws/install/velodyne_pointcloud:/home/dayo/Desktop/scrap_ws/install/velodyne_driver:/home/dayo/Desktop/scrap_ws/install/velodyne_msgs:/home/dayo/Desktop/scrap_ws/install/velodyne_laserscan:/home/dayo/Desktop/scrap_ws/install/scrap_pkg:/opt/ros/iron LD_LIBRARY_PATH=/home/dayo/Desktop/scrap_ws/install/usb_cam/lib:/home/dayo/Desktop/scrap_ws/install/velodyne_pointcloud/lib:/home/dayo/Desktop/scrap_ws/install/velodyne_driver/lib:/home/dayo/Desktop/scrap_ws/install/velodyne_msgs/lib:/home/dayo/Desktop/scrap_ws/install/velodyne_laserscan/lib:/opt/ros/iron/opt/rviz_ogre_vendor/lib:/opt/ros/iron/lib/x86_64-linux-gnu:/opt/ros/iron/lib /usr/bin/cmake --build /home/dayo/Desktop/scrap_ws/build/scrap_pkg -- -j2 -l2
[0.088s] Invoked command in '/home/dayo/Desktop/scrap_ws/build/scrap_pkg' returned '0': CMAKE_PREFIX_PATH=/home/dayo/Desktop/scrap_ws/install/usb_cam:/home/dayo/Desktop/scrap_ws/install/velodyne:/home/dayo/Desktop/scrap_ws/install/velodyne_pointcloud:/home/dayo/Desktop/scrap_ws/install/velodyne_driver:/home/dayo/Desktop/scrap_ws/install/velodyne_msgs:/home/dayo/Desktop/scrap_ws/install/velodyne_laserscan:/home/dayo/Desktop/scrap_ws/install/scrap_pkg:/opt/ros/iron LD_LIBRARY_PATH=/home/dayo/Desktop/scrap_ws/install/usb_cam/lib:/home/dayo/Desktop/scrap_ws/install/velodyne_pointcloud/lib:/home/dayo/Desktop/scrap_ws/install/velodyne_driver/lib:/home/dayo/Desktop/scrap_ws/install/velodyne_msgs/lib:/home/dayo/Desktop/scrap_ws/install/velodyne_laserscan/lib:/opt/ros/iron/opt/rviz_ogre_vendor/lib:/opt/ros/iron/lib/x86_64-linux-gnu:/opt/ros/iron/lib /usr/bin/cmake --build /home/dayo/Desktop/scrap_ws/build/scrap_pkg -- -j2 -l2
[0.122s] Invoking command in '/home/dayo/Desktop/scrap_ws/build/scrap_pkg': CMAKE_PREFIX_PATH=/home/dayo/Desktop/scrap_ws/install/usb_cam:/home/dayo/Desktop/scrap_ws/install/velodyne:/home/dayo/Desktop/scrap_ws/install/velodyne_pointcloud:/home/dayo/Desktop/scrap_ws/install/velodyne_driver:/home/dayo/Desktop/scrap_ws/install/velodyne_msgs:/home/dayo/Desktop/scrap_ws/install/velodyne_laserscan:/home/dayo/Desktop/scrap_ws/install/scrap_pkg:/opt/ros/iron LD_LIBRARY_PATH=/home/dayo/Desktop/scrap_ws/install/usb_cam/lib:/home/dayo/Desktop/scrap_ws/install/velodyne_pointcloud/lib:/home/dayo/Desktop/scrap_ws/install/velodyne_driver/lib:/home/dayo/Desktop/scrap_ws/install/velodyne_msgs/lib:/home/dayo/Desktop/scrap_ws/install/velodyne_laserscan/lib:/opt/ros/iron/opt/rviz_ogre_vendor/lib:/opt/ros/iron/lib/x86_64-linux-gnu:/opt/ros/iron/lib /usr/bin/cmake --install /home/dayo/Desktop/scrap_ws/build/scrap_pkg
[0.132s] -- Install configuration: ""
[0.132s] -- Up-to-date: /home/dayo/Desktop/scrap_ws/install/scrap_pkg/share/scrap_pkg//launch
[0.133s] -- Installing: /home/dayo/Desktop/scrap_ws/install/scrap_pkg/share/scrap_pkg//launch/scrap.launch.py
[0.137s] -- Up-to-date: /home/dayo/Desktop/scrap_ws/install/scrap_pkg/share/ament_index/resource_index/package_run_dependencies/scrap_pkg
[0.141s] -- Up-to-date: /home/dayo/Desktop/scrap_ws/install/scrap_pkg/share/ament_index/resource_index/parent_prefix_path/scrap_pkg
[0.144s] -- Up-to-date: /home/dayo/Desktop/scrap_ws/install/scrap_pkg/share/scrap_pkg/environment/ament_prefix_path.sh
[0.146s] -- Up-to-date: /home/dayo/Desktop/scrap_ws/install/scrap_pkg/share/scrap_pkg/environment/ament_prefix_path.dsv
[0.147s] -- Up-to-date: /home/dayo/Desktop/scrap_ws/install/scrap_pkg/share/scrap_pkg/environment/path.sh
[0.147s] -- Up-to-date: /home/dayo/Desktop/scrap_ws/install/scrap_pkg/share/scrap_pkg/environment/path.dsv
[0.149s] -- Up-to-date: /home/dayo/Desktop/scrap_ws/install/scrap_pkg/share/scrap_pkg/local_setup.bash
[0.149s] -- Up-to-date: /home/dayo/Desktop/scrap_ws/install/scrap_pkg/share/scrap_pkg/local_setup.sh
[0.149s] -- Up-to-date: /home/dayo/Desktop/scrap_ws/install/scrap_pkg/share/scrap_pkg/local_setup.zsh
[0.150s] -- Up-to-date: /home/dayo/Desktop/scrap_ws/install/scrap_pkg/share/scrap_pkg/local_setup.dsv
[0.150s] -- Installing: /home/dayo/Desktop/scrap_ws/install/scrap_pkg/share/scrap_pkg/package.dsv
[0.150s] -- Up-to-date: /home/dayo/Desktop/scrap_ws/install/scrap_pkg/share/ament_index/resource_index/packages/scrap_pkg
[0.151s] -- Up-to-date: /home/dayo/Desktop/scrap_ws/install/scrap_pkg/share/scrap_pkg/cmake/scrap_pkgConfig.cmake
[0.151s] -- Up-to-date: /home/dayo/Desktop/scrap_ws/install/scrap_pkg/share/scrap_pkg/cmake/scrap_pkgConfig-version.cmake
[0.151s] -- Up-to-date: /home/dayo/Desktop/scrap_ws/install/scrap_pkg/share/scrap_pkg/package.xml
[0.152s] Invoked command in '/home/dayo/Desktop/scrap_ws/build/scrap_pkg' returned '0': CMAKE_PREFIX_PATH=/home/dayo/Desktop/scrap_ws/install/usb_cam:/home/dayo/Desktop/scrap_ws/install/velodyne:/home/dayo/Desktop/scrap_ws/install/velodyne_pointcloud:/home/dayo/Desktop/scrap_ws/install/velodyne_driver:/home/dayo/Desktop/scrap_ws/install/velodyne_msgs:/home/dayo/Desktop/scrap_ws/install/velodyne_laserscan:/home/dayo/Desktop/scrap_ws/install/scrap_pkg:/opt/ros/iron LD_LIBRARY_PATH=/home/dayo/Desktop/scrap_ws/install/usb_cam/lib:/home/dayo/Desktop/scrap_ws/install/velodyne_pointcloud/lib:/home/dayo/Desktop/scrap_ws/install/velodyne_driver/lib:/home/dayo/Desktop/scrap_ws/install/velodyne_msgs/lib:/home/dayo/Desktop/scrap_ws/install/velodyne_laserscan/lib:/opt/ros/iron/opt/rviz_ogre_vendor/lib:/opt/ros/iron/lib/x86_64-linux-gnu:/opt/ros/iron/lib /usr/bin/cmake --install /home/dayo/Desktop/scrap_ws/build/scrap_pkg
