[5.685s] DEBUG:colcon:Command line arguments: ['/usr/bin/colcon', 'build', '--symlink-install']
[5.685s] DEBUG:colcon:Parsed command line arguments: Namespace(log_base=None, log_level=None, verb_name='build', build_base='build', install_base='install', merge_install=False, symlink_install=True, test_result_base=None, continue_on_error=False, executor='parallel', parallel_workers=4, event_handlers=None, ignore_user_meta=False, metas=['./colcon.meta'], base_paths=['.'], packages_ignore=None, packages_ignore_regex=None, paths=None, packages_up_to=None, packages_up_to_regex=None, packages_above=None, packages_above_and_dependencies=None, packages_above_depth=None, packages_select_by_dep=None, packages_skip_by_dep=None, packages_skip_up_to=None, packages_select_build_failed=False, packages_skip_build_finished=False, packages_select_test_failures=False, packages_skip_test_passed=False, packages_select=None, packages_skip=None, packages_select_regex=None, packages_skip_regex=None, packages_start=None, packages_end=None, allow_overriding=[], cmake_args=None, cmake_target=None, cmake_target_skip_unavailable=False, cmake_clean_cache=False, cmake_clean_first=False, cmake_force_configure=False, ament_cmake_args=None, catkin_cmake_args=None, catkin_skip_building_tests=False, verb_parser=<colcon_defaults.argument_parser.defaults.DefaultArgumentsDecorator object at 0xffff9dfb4d60>, verb_extension=<colcon_core.verb.build.BuildVerb object at 0xffff9dfb76d0>, main=<bound method BuildVerb.main of <colcon_core.verb.build.BuildVerb object at 0xffff9dfb76d0>>)
[5.955s] Level 1:colcon.colcon_core.package_discovery:discover_packages(colcon_meta) check parameters
[5.955s] Level 1:colcon.colcon_core.package_discovery:discover_packages(recursive) check parameters
[5.956s] Level 1:colcon.colcon_core.package_discovery:discover_packages(ignore) check parameters
[5.956s] Level 1:colcon.colcon_core.package_discovery:discover_packages(path) check parameters
[5.956s] Level 1:colcon.colcon_core.package_discovery:discover_packages(colcon_meta) discover
[5.956s] Level 1:colcon.colcon_core.package_discovery:discover_packages(recursive) discover
[5.956s] INFO:colcon.colcon_core.package_discovery:Crawling recursively for packages in '/home/pi/Desktop/scrap_ws'
[5.957s] Level 1:colcon.colcon_core.package_identification:_identify(.) by extensions ['ignore', 'ignore_ament_install']
[5.957s] Level 1:colcon.colcon_core.package_identification:_identify(.) by extension 'ignore'
[5.958s] Level 1:colcon.colcon_core.package_identification:_identify(.) by extension 'ignore_ament_install'
[5.958s] Level 1:colcon.colcon_core.package_identification:_identify(.) by extensions ['colcon_pkg']
[5.958s] Level 1:colcon.colcon_core.package_identification:_identify(.) by extension 'colcon_pkg'
[5.958s] Level 1:colcon.colcon_core.package_identification:_identify(.) by extensions ['colcon_meta']
[5.959s] Level 1:colcon.colcon_core.package_identification:_identify(.) by extension 'colcon_meta'
[5.959s] Level 1:colcon.colcon_core.package_identification:_identify(.) by extensions ['ros']
[5.959s] Level 1:colcon.colcon_core.package_identification:_identify(.) by extension 'ros'
[6.015s] Level 1:colcon.colcon_core.package_identification:_identify(.) by extensions ['cmake', 'python']
[6.015s] Level 1:colcon.colcon_core.package_identification:_identify(.) by extension 'cmake'
[6.016s] Level 1:colcon.colcon_core.package_identification:_identify(.) by extension 'python'
[6.016s] Level 1:colcon.colcon_core.package_identification:_identify(.) by extensions ['python_setup_py']
[6.016s] Level 1:colcon.colcon_core.package_identification:_identify(.) by extension 'python_setup_py'
[6.017s] Level 1:colcon.colcon_core.package_identification:_identify(build) by extensions ['ignore', 'ignore_ament_install']
[6.017s] Level 1:colcon.colcon_core.package_identification:_identify(build) by extension 'ignore'
[6.018s] Level 1:colcon.colcon_core.package_identification:_identify(build) ignored
[6.019s] Level 1:colcon.colcon_core.package_identification:_identify(install) by extensions ['ignore', 'ignore_ament_install']
[6.019s] Level 1:colcon.colcon_core.package_identification:_identify(install) by extension 'ignore'
[6.019s] Level 1:colcon.colcon_core.package_identification:_identify(install) ignored
[6.020s] Level 1:colcon.colcon_core.package_identification:_identify(log) by extensions ['ignore', 'ignore_ament_install']
[6.020s] Level 1:colcon.colcon_core.package_identification:_identify(log) by extension 'ignore'
[6.020s] Level 1:colcon.colcon_core.package_identification:_identify(log) ignored
[6.021s] Level 1:colcon.colcon_core.package_identification:_identify(src) by extensions ['ignore', 'ignore_ament_install']
[6.021s] Level 1:colcon.colcon_core.package_identification:_identify(src) by extension 'ignore'
[6.021s] Level 1:colcon.colcon_core.package_identification:_identify(src) by extension 'ignore_ament_install'
[6.022s] Level 1:colcon.colcon_core.package_identification:_identify(src) by extensions ['colcon_pkg']
[6.022s] Level 1:colcon.colcon_core.package_identification:_identify(src) by extension 'colcon_pkg'
[6.022s] Level 1:colcon.colcon_core.package_identification:_identify(src) by extensions ['colcon_meta']
[6.022s] Level 1:colcon.colcon_core.package_identification:_identify(src) by extension 'colcon_meta'
[6.022s] Level 1:colcon.colcon_core.package_identification:_identify(src) by extensions ['ros']
[6.023s] Level 1:colcon.colcon_core.package_identification:_identify(src) by extension 'ros'
[6.023s] Level 1:colcon.colcon_core.package_identification:_identify(src) by extensions ['cmake', 'python']
[6.023s] Level 1:colcon.colcon_core.package_identification:_identify(src) by extension 'cmake'
[6.023s] Level 1:colcon.colcon_core.package_identification:_identify(src) by extension 'python'
[6.023s] Level 1:colcon.colcon_core.package_identification:_identify(src) by extensions ['python_setup_py']
[6.024s] Level 1:colcon.colcon_core.package_identification:_identify(src) by extension 'python_setup_py'
[6.024s] Level 1:colcon.colcon_core.package_identification:_identify(src/diff_drive_HWInterface) by extensions ['ignore', 'ignore_ament_install']
[6.024s] Level 1:colcon.colcon_core.package_identification:_identify(src/diff_drive_HWInterface) by extension 'ignore'
[6.025s] Level 1:colcon.colcon_core.package_identification:_identify(src/diff_drive_HWInterface) by extension 'ignore_ament_install'
[6.025s] Level 1:colcon.colcon_core.package_identification:_identify(src/diff_drive_HWInterface) by extensions ['colcon_pkg']
[6.025s] Level 1:colcon.colcon_core.package_identification:_identify(src/diff_drive_HWInterface) by extension 'colcon_pkg'
[6.025s] Level 1:colcon.colcon_core.package_identification:_identify(src/diff_drive_HWInterface) by extensions ['colcon_meta']
[6.025s] Level 1:colcon.colcon_core.package_identification:_identify(src/diff_drive_HWInterface) by extension 'colcon_meta'
[6.026s] Level 1:colcon.colcon_core.package_identification:_identify(src/diff_drive_HWInterface) by extensions ['ros']
[6.026s] Level 1:colcon.colcon_core.package_identification:_identify(src/diff_drive_HWInterface) by extension 'ros'
[6.038s] DEBUG:colcon.colcon_core.package_identification:Package 'src/diff_drive_HWInterface' with type 'ros.ament_cmake' and name 'diffdrive_arduino'
[6.039s] Level 1:colcon.colcon_core.package_identification:_identify(src/scrap_pkg) by extensions ['ignore', 'ignore_ament_install']
[6.039s] Level 1:colcon.colcon_core.package_identification:_identify(src/scrap_pkg) by extension 'ignore'
[6.040s] Level 1:colcon.colcon_core.package_identification:_identify(src/scrap_pkg) by extension 'ignore_ament_install'
[6.040s] Level 1:colcon.colcon_core.package_identification:_identify(src/scrap_pkg) by extensions ['colcon_pkg']
[6.040s] Level 1:colcon.colcon_core.package_identification:_identify(src/scrap_pkg) by extension 'colcon_pkg'
[6.040s] Level 1:colcon.colcon_core.package_identification:_identify(src/scrap_pkg) by extensions ['colcon_meta']
[6.040s] Level 1:colcon.colcon_core.package_identification:_identify(src/scrap_pkg) by extension 'colcon_meta'
[6.041s] Level 1:colcon.colcon_core.package_identification:_identify(src/scrap_pkg) by extensions ['ros']
[6.041s] Level 1:colcon.colcon_core.package_identification:_identify(src/scrap_pkg) by extension 'ros'
[6.043s] DEBUG:colcon.colcon_core.package_identification:Package 'src/scrap_pkg' with type 'ros.ament_python' and name 'scrap_pkg'
[6.044s] Level 1:colcon.colcon_core.package_identification:_identify(src/usb_cam) by extensions ['ignore', 'ignore_ament_install']
[6.044s] Level 1:colcon.colcon_core.package_identification:_identify(src/usb_cam) by extension 'ignore'
[6.044s] Level 1:colcon.colcon_core.package_identification:_identify(src/usb_cam) by extension 'ignore_ament_install'
[6.044s] Level 1:colcon.colcon_core.package_identification:_identify(src/usb_cam) by extensions ['colcon_pkg']
[6.045s] Level 1:colcon.colcon_core.package_identification:_identify(src/usb_cam) by extension 'colcon_pkg'
[6.045s] Level 1:colcon.colcon_core.package_identification:_identify(src/usb_cam) by extensions ['colcon_meta']
[6.045s] Level 1:colcon.colcon_core.package_identification:_identify(src/usb_cam) by extension 'colcon_meta'
[6.045s] Level 1:colcon.colcon_core.package_identification:_identify(src/usb_cam) by extensions ['ros']
[6.045s] Level 1:colcon.colcon_core.package_identification:_identify(src/usb_cam) by extension 'ros'
[6.046s] Level 1:colcon.colcon_core.package_identification:_identify(src/usb_cam) by extensions ['cmake', 'python']
[6.046s] Level 1:colcon.colcon_core.package_identification:_identify(src/usb_cam) by extension 'cmake'
[6.046s] Level 1:colcon.colcon_core.package_identification:_identify(src/usb_cam) by extension 'python'
[6.046s] Level 1:colcon.colcon_core.package_identification:_identify(src/usb_cam) by extensions ['python_setup_py']
[6.046s] Level 1:colcon.colcon_core.package_identification:_identify(src/usb_cam) by extension 'python_setup_py'
[6.047s] Level 1:colcon.colcon_core.package_identification:_identify(src/velodyne) by extensions ['ignore', 'ignore_ament_install']
[6.047s] Level 1:colcon.colcon_core.package_identification:_identify(src/velodyne) by extension 'ignore'
[6.047s] Level 1:colcon.colcon_core.package_identification:_identify(src/velodyne) by extension 'ignore_ament_install'
[6.048s] Level 1:colcon.colcon_core.package_identification:_identify(src/velodyne) by extensions ['colcon_pkg']
[6.048s] Level 1:colcon.colcon_core.package_identification:_identify(src/velodyne) by extension 'colcon_pkg'
[6.048s] Level 1:colcon.colcon_core.package_identification:_identify(src/velodyne) by extensions ['colcon_meta']
[6.048s] Level 1:colcon.colcon_core.package_identification:_identify(src/velodyne) by extension 'colcon_meta'
[6.049s] Level 1:colcon.colcon_core.package_identification:_identify(src/velodyne) by extensions ['ros']
[6.049s] Level 1:colcon.colcon_core.package_identification:_identify(src/velodyne) by extension 'ros'
[6.049s] Level 1:colcon.colcon_core.package_identification:_identify(src/velodyne) by extensions ['cmake', 'python']
[6.049s] Level 1:colcon.colcon_core.package_identification:_identify(src/velodyne) by extension 'cmake'
[6.049s] Level 1:colcon.colcon_core.package_identification:_identify(src/velodyne) by extension 'python'
[6.050s] Level 1:colcon.colcon_core.package_identification:_identify(src/velodyne) by extensions ['python_setup_py']
[6.050s] Level 1:colcon.colcon_core.package_identification:_identify(src/velodyne) by extension 'python_setup_py'
[6.050s] Level 1:colcon.colcon_core.package_identification:_identify(src/velodyne/velodyne) by extensions ['ignore', 'ignore_ament_install']
[6.051s] Level 1:colcon.colcon_core.package_identification:_identify(src/velodyne/velodyne) by extension 'ignore'
[6.051s] Level 1:colcon.colcon_core.package_identification:_identify(src/velodyne/velodyne) by extension 'ignore_ament_install'
[6.051s] Level 1:colcon.colcon_core.package_identification:_identify(src/velodyne/velodyne) by extensions ['colcon_pkg']
[6.051s] Level 1:colcon.colcon_core.package_identification:_identify(src/velodyne/velodyne) by extension 'colcon_pkg'
[6.052s] Level 1:colcon.colcon_core.package_identification:_identify(src/velodyne/velodyne) by extensions ['colcon_meta']
[6.052s] Level 1:colcon.colcon_core.package_identification:_identify(src/velodyne/velodyne) by extension 'colcon_meta'
[6.052s] Level 1:colcon.colcon_core.package_identification:_identify(src/velodyne/velodyne) by extensions ['ros']
[6.052s] Level 1:colcon.colcon_core.package_identification:_identify(src/velodyne/velodyne) by extension 'ros'
[6.055s] DEBUG:colcon.colcon_core.package_identification:Package 'src/velodyne/velodyne' with type 'ros.ament_cmake' and name 'velodyne'
[6.055s] Level 1:colcon.colcon_core.package_identification:_identify(src/velodyne/velodyne_driver) by extensions ['ignore', 'ignore_ament_install']
[6.056s] Level 1:colcon.colcon_core.package_identification:_identify(src/velodyne/velodyne_driver) by extension 'ignore'
[6.056s] Level 1:colcon.colcon_core.package_identification:_identify(src/velodyne/velodyne_driver) by extension 'ignore_ament_install'
[6.056s] Level 1:colcon.colcon_core.package_identification:_identify(src/velodyne/velodyne_driver) by extensions ['colcon_pkg']
[6.056s] Level 1:colcon.colcon_core.package_identification:_identify(src/velodyne/velodyne_driver) by extension 'colcon_pkg'
[6.056s] Level 1:colcon.colcon_core.package_identification:_identify(src/velodyne/velodyne_driver) by extensions ['colcon_meta']
[6.057s] Level 1:colcon.colcon_core.package_identification:_identify(src/velodyne/velodyne_driver) by extension 'colcon_meta'
[6.057s] Level 1:colcon.colcon_core.package_identification:_identify(src/velodyne/velodyne_driver) by extensions ['ros']
[6.057s] Level 1:colcon.colcon_core.package_identification:_identify(src/velodyne/velodyne_driver) by extension 'ros'
[6.062s] DEBUG:colcon.colcon_core.package_identification:Package 'src/velodyne/velodyne_driver' with type 'ros.ament_cmake' and name 'velodyne_driver'
[6.063s] Level 1:colcon.colcon_core.package_identification:_identify(src/velodyne/velodyne_laserscan) by extensions ['ignore', 'ignore_ament_install']
[6.064s] Level 1:colcon.colcon_core.package_identification:_identify(src/velodyne/velodyne_laserscan) by extension 'ignore'
[6.064s] Level 1:colcon.colcon_core.package_identification:_identify(src/velodyne/velodyne_laserscan) by extension 'ignore_ament_install'
[6.064s] Level 1:colcon.colcon_core.package_identification:_identify(src/velodyne/velodyne_laserscan) by extensions ['colcon_pkg']
[6.064s] Level 1:colcon.colcon_core.package_identification:_identify(src/velodyne/velodyne_laserscan) by extension 'colcon_pkg'
[6.064s] Level 1:colcon.colcon_core.package_identification:_identify(src/velodyne/velodyne_laserscan) by extensions ['colcon_meta']
[6.065s] Level 1:colcon.colcon_core.package_identification:_identify(src/velodyne/velodyne_laserscan) by extension 'colcon_meta'
[6.065s] Level 1:colcon.colcon_core.package_identification:_identify(src/velodyne/velodyne_laserscan) by extensions ['ros']
[6.065s] Level 1:colcon.colcon_core.package_identification:_identify(src/velodyne/velodyne_laserscan) by extension 'ros'
[6.069s] DEBUG:colcon.colcon_core.package_identification:Package 'src/velodyne/velodyne_laserscan' with type 'ros.ament_cmake' and name 'velodyne_laserscan'
[6.070s] Level 1:colcon.colcon_core.package_identification:_identify(src/velodyne/velodyne_msgs) by extensions ['ignore', 'ignore_ament_install']
[6.070s] Level 1:colcon.colcon_core.package_identification:_identify(src/velodyne/velodyne_msgs) by extension 'ignore'
[6.070s] Level 1:colcon.colcon_core.package_identification:_identify(src/velodyne/velodyne_msgs) by extension 'ignore_ament_install'
[6.071s] Level 1:colcon.colcon_core.package_identification:_identify(src/velodyne/velodyne_msgs) by extensions ['colcon_pkg']
[6.071s] Level 1:colcon.colcon_core.package_identification:_identify(src/velodyne/velodyne_msgs) by extension 'colcon_pkg'
[6.071s] Level 1:colcon.colcon_core.package_identification:_identify(src/velodyne/velodyne_msgs) by extensions ['colcon_meta']
[6.071s] Level 1:colcon.colcon_core.package_identification:_identify(src/velodyne/velodyne_msgs) by extension 'colcon_meta'
[6.072s] Level 1:colcon.colcon_core.package_identification:_identify(src/velodyne/velodyne_msgs) by extensions ['ros']
[6.072s] Level 1:colcon.colcon_core.package_identification:_identify(src/velodyne/velodyne_msgs) by extension 'ros'
[6.075s] DEBUG:colcon.colcon_core.package_identification:Package 'src/velodyne/velodyne_msgs' with type 'ros.ament_cmake' and name 'velodyne_msgs'
[6.077s] Level 1:colcon.colcon_core.package_identification:_identify(src/velodyne/velodyne_pointcloud) by extensions ['ignore', 'ignore_ament_install']
[6.077s] Level 1:colcon.colcon_core.package_identification:_identify(src/velodyne/velodyne_pointcloud) by extension 'ignore'
[6.078s] Level 1:colcon.colcon_core.package_identification:_identify(src/velodyne/velodyne_pointcloud) by extension 'ignore_ament_install'
[6.078s] Level 1:colcon.colcon_core.package_identification:_identify(src/velodyne/velodyne_pointcloud) by extensions ['colcon_pkg']
[6.078s] Level 1:colcon.colcon_core.package_identification:_identify(src/velodyne/velodyne_pointcloud) by extension 'colcon_pkg'
[6.078s] Level 1:colcon.colcon_core.package_identification:_identify(src/velodyne/velodyne_pointcloud) by extensions ['colcon_meta']
[6.079s] Level 1:colcon.colcon_core.package_identification:_identify(src/velodyne/velodyne_pointcloud) by extension 'colcon_meta'
[6.079s] Level 1:colcon.colcon_core.package_identification:_identify(src/velodyne/velodyne_pointcloud) by extensions ['ros']
[6.079s] Level 1:colcon.colcon_core.package_identification:_identify(src/velodyne/velodyne_pointcloud) by extension 'ros'
[6.086s] DEBUG:colcon.colcon_core.package_identification:Package 'src/velodyne/velodyne_pointcloud' with type 'ros.ament_cmake' and name 'velodyne_pointcloud'
[6.086s] Level 1:colcon.colcon_core.package_discovery:discover_packages(recursive) using defaults
[6.087s] Level 1:colcon.colcon_core.package_discovery:discover_packages(ignore) discover
[6.087s] Level 1:colcon.colcon_core.package_discovery:discover_packages(ignore) using defaults
[6.087s] Level 1:colcon.colcon_core.package_discovery:discover_packages(path) discover
[6.087s] Level 1:colcon.colcon_core.package_discovery:discover_packages(path) using defaults
[6.612s] Level 1:colcon.colcon_core.package_discovery:discover_packages(prefix_path) check parameters
[6.613s] Level 1:colcon.colcon_core.package_discovery:discover_packages(prefix_path) discover
[6.804s] DEBUG:colcon.colcon_installed_package_information.package_discovery:Found 7 installed packages in /home/pi/Desktop/scrap_ws/install
[6.902s] DEBUG:colcon.colcon_installed_package_information.package_discovery:Found 369 installed packages in /opt/ros/humble
[6.914s] Level 1:colcon.colcon_core.package_discovery:discover_packages(prefix_path) using defaults
[7.557s] Level 5:colcon.colcon_core.verb:set package 'diffdrive_arduino' build argument 'cmake_args' from command line to 'None'
[7.557s] Level 5:colcon.colcon_core.verb:set package 'diffdrive_arduino' build argument 'cmake_target' from command line to 'None'
[7.558s] Level 5:colcon.colcon_core.verb:set package 'diffdrive_arduino' build argument 'cmake_target_skip_unavailable' from command line to 'False'
[7.558s] Level 5:colcon.colcon_core.verb:set package 'diffdrive_arduino' build argument 'cmake_clean_cache' from command line to 'False'
[7.558s] Level 5:colcon.colcon_core.verb:set package 'diffdrive_arduino' build argument 'cmake_clean_first' from command line to 'False'
[7.558s] Level 5:colcon.colcon_core.verb:set package 'diffdrive_arduino' build argument 'cmake_force_configure' from command line to 'False'
[7.558s] Level 5:colcon.colcon_core.verb:set package 'diffdrive_arduino' build argument 'ament_cmake_args' from command line to 'None'
[7.558s] Level 5:colcon.colcon_core.verb:set package 'diffdrive_arduino' build argument 'catkin_cmake_args' from command line to 'None'
[7.558s] Level 5:colcon.colcon_core.verb:set package 'diffdrive_arduino' build argument 'catkin_skip_building_tests' from command line to 'False'
[7.558s] DEBUG:colcon.colcon_core.verb:Building package 'diffdrive_arduino' with the following arguments: {'ament_cmake_args': None, 'build_base': '/home/pi/Desktop/scrap_ws/build/diffdrive_arduino', 'catkin_cmake_args': None, 'catkin_skip_building_tests': False, 'cmake_args': None, 'cmake_clean_cache': False, 'cmake_clean_first': False, 'cmake_force_configure': False, 'cmake_target': None, 'cmake_target_skip_unavailable': False, 'install_base': '/home/pi/Desktop/scrap_ws/install/diffdrive_arduino', 'merge_install': False, 'path': '/home/pi/Desktop/scrap_ws/src/diff_drive_HWInterface', 'symlink_install': True, 'test_result_base': None}
[7.644s] Level 5:colcon.colcon_core.verb:set package 'scrap_pkg' build argument 'cmake_args' from command line to 'None'
[7.644s] Level 5:colcon.colcon_core.verb:set package 'scrap_pkg' build argument 'cmake_target' from command line to 'None'
[7.644s] Level 5:colcon.colcon_core.verb:set package 'scrap_pkg' build argument 'cmake_target_skip_unavailable' from command line to 'False'
[7.644s] Level 5:colcon.colcon_core.verb:set package 'scrap_pkg' build argument 'cmake_clean_cache' from command line to 'False'
[7.645s] Level 5:colcon.colcon_core.verb:set package 'scrap_pkg' build argument 'cmake_clean_first' from command line to 'False'
[7.645s] Level 5:colcon.colcon_core.verb:set package 'scrap_pkg' build argument 'cmake_force_configure' from command line to 'False'
[7.645s] Level 5:colcon.colcon_core.verb:set package 'scrap_pkg' build argument 'ament_cmake_args' from command line to 'None'
[7.645s] Level 5:colcon.colcon_core.verb:set package 'scrap_pkg' build argument 'catkin_cmake_args' from command line to 'None'
[7.645s] Level 5:colcon.colcon_core.verb:set package 'scrap_pkg' build argument 'catkin_skip_building_tests' from command line to 'False'
[7.646s] DEBUG:colcon.colcon_core.verb:Building package 'scrap_pkg' with the following arguments: {'ament_cmake_args': None, 'build_base': '/home/pi/Desktop/scrap_ws/build/scrap_pkg', 'catkin_cmake_args': None, 'catkin_skip_building_tests': False, 'cmake_args': None, 'cmake_clean_cache': False, 'cmake_clean_first': False, 'cmake_force_configure': False, 'cmake_target': None, 'cmake_target_skip_unavailable': False, 'install_base': '/home/pi/Desktop/scrap_ws/install/scrap_pkg', 'merge_install': False, 'path': '/home/pi/Desktop/scrap_ws/src/scrap_pkg', 'symlink_install': True, 'test_result_base': None}
[7.737s] Level 5:colcon.colcon_core.verb:set package 'velodyne_laserscan' build argument 'cmake_args' from command line to 'None'
[7.737s] Level 5:colcon.colcon_core.verb:set package 'velodyne_laserscan' build argument 'cmake_target' from command line to 'None'
[7.738s] Level 5:colcon.colcon_core.verb:set package 'velodyne_laserscan' build argument 'cmake_target_skip_unavailable' from command line to 'False'
[7.738s] Level 5:colcon.colcon_core.verb:set package 'velodyne_laserscan' build argument 'cmake_clean_cache' from command line to 'False'
[7.738s] Level 5:colcon.colcon_core.verb:set package 'velodyne_laserscan' build argument 'cmake_clean_first' from command line to 'False'
[7.738s] Level 5:colcon.colcon_core.verb:set package 'velodyne_laserscan' build argument 'cmake_force_configure' from command line to 'False'
[7.738s] Level 5:colcon.colcon_core.verb:set package 'velodyne_laserscan' build argument 'ament_cmake_args' from command line to 'None'
[7.738s] Level 5:colcon.colcon_core.verb:set package 'velodyne_laserscan' build argument 'catkin_cmake_args' from command line to 'None'
[7.738s] Level 5:colcon.colcon_core.verb:set package 'velodyne_laserscan' build argument 'catkin_skip_building_tests' from command line to 'False'
[7.738s] DEBUG:colcon.colcon_core.verb:Building package 'velodyne_laserscan' with the following arguments: {'ament_cmake_args': None, 'build_base': '/home/pi/Desktop/scrap_ws/build/velodyne_laserscan', 'catkin_cmake_args': None, 'catkin_skip_building_tests': False, 'cmake_args': None, 'cmake_clean_cache': False, 'cmake_clean_first': False, 'cmake_force_configure': False, 'cmake_target': None, 'cmake_target_skip_unavailable': False, 'install_base': '/home/pi/Desktop/scrap_ws/install/velodyne_laserscan', 'merge_install': False, 'path': '/home/pi/Desktop/scrap_ws/src/velodyne/velodyne_laserscan', 'symlink_install': True, 'test_result_base': None}
[7.828s] Level 5:colcon.colcon_core.verb:set package 'velodyne_msgs' build argument 'cmake_args' from command line to 'None'
[7.828s] Level 5:colcon.colcon_core.verb:set package 'velodyne_msgs' build argument 'cmake_target' from command line to 'None'
[7.828s] Level 5:colcon.colcon_core.verb:set package 'velodyne_msgs' build argument 'cmake_target_skip_unavailable' from command line to 'False'
[7.828s] Level 5:colcon.colcon_core.verb:set package 'velodyne_msgs' build argument 'cmake_clean_cache' from command line to 'False'
[7.828s] Level 5:colcon.colcon_core.verb:set package 'velodyne_msgs' build argument 'cmake_clean_first' from command line to 'False'
[7.828s] Level 5:colcon.colcon_core.verb:set package 'velodyne_msgs' build argument 'cmake_force_configure' from command line to 'False'
[7.828s] Level 5:colcon.colcon_core.verb:set package 'velodyne_msgs' build argument 'ament_cmake_args' from command line to 'None'
[7.829s] Level 5:colcon.colcon_core.verb:set package 'velodyne_msgs' build argument 'catkin_cmake_args' from command line to 'None'
[7.829s] Level 5:colcon.colcon_core.verb:set package 'velodyne_msgs' build argument 'catkin_skip_building_tests' from command line to 'False'
[7.829s] DEBUG:colcon.colcon_core.verb:Building package 'velodyne_msgs' with the following arguments: {'ament_cmake_args': None, 'build_base': '/home/pi/Desktop/scrap_ws/build/velodyne_msgs', 'catkin_cmake_args': None, 'catkin_skip_building_tests': False, 'cmake_args': None, 'cmake_clean_cache': False, 'cmake_clean_first': False, 'cmake_force_configure': False, 'cmake_target': None, 'cmake_target_skip_unavailable': False, 'install_base': '/home/pi/Desktop/scrap_ws/install/velodyne_msgs', 'merge_install': False, 'path': '/home/pi/Desktop/scrap_ws/src/velodyne/velodyne_msgs', 'symlink_install': True, 'test_result_base': None}
[7.911s] Level 5:colcon.colcon_core.verb:set package 'velodyne_driver' build argument 'cmake_args' from command line to 'None'
[7.912s] Level 5:colcon.colcon_core.verb:set package 'velodyne_driver' build argument 'cmake_target' from command line to 'None'
[7.912s] Level 5:colcon.colcon_core.verb:set package 'velodyne_driver' build argument 'cmake_target_skip_unavailable' from command line to 'False'
[7.912s] Level 5:colcon.colcon_core.verb:set package 'velodyne_driver' build argument 'cmake_clean_cache' from command line to 'False'
[7.912s] Level 5:colcon.colcon_core.verb:set package 'velodyne_driver' build argument 'cmake_clean_first' from command line to 'False'
[7.912s] Level 5:colcon.colcon_core.verb:set package 'velodyne_driver' build argument 'cmake_force_configure' from command line to 'False'
[7.912s] Level 5:colcon.colcon_core.verb:set package 'velodyne_driver' build argument 'ament_cmake_args' from command line to 'None'
[7.912s] Level 5:colcon.colcon_core.verb:set package 'velodyne_driver' build argument 'catkin_cmake_args' from command line to 'None'
[7.913s] Level 5:colcon.colcon_core.verb:set package 'velodyne_driver' build argument 'catkin_skip_building_tests' from command line to 'False'
[7.913s] DEBUG:colcon.colcon_core.verb:Building package 'velodyne_driver' with the following arguments: {'ament_cmake_args': None, 'build_base': '/home/pi/Desktop/scrap_ws/build/velodyne_driver', 'catkin_cmake_args': None, 'catkin_skip_building_tests': False, 'cmake_args': None, 'cmake_clean_cache': False, 'cmake_clean_first': False, 'cmake_force_configure': False, 'cmake_target': None, 'cmake_target_skip_unavailable': False, 'install_base': '/home/pi/Desktop/scrap_ws/install/velodyne_driver', 'merge_install': False, 'path': '/home/pi/Desktop/scrap_ws/src/velodyne/velodyne_driver', 'symlink_install': True, 'test_result_base': None}
[7.998s] Level 5:colcon.colcon_core.verb:set package 'velodyne_pointcloud' build argument 'cmake_args' from command line to 'None'
[7.999s] Level 5:colcon.colcon_core.verb:set package 'velodyne_pointcloud' build argument 'cmake_target' from command line to 'None'
[7.999s] Level 5:colcon.colcon_core.verb:set package 'velodyne_pointcloud' build argument 'cmake_target_skip_unavailable' from command line to 'False'
[7.999s] Level 5:colcon.colcon_core.verb:set package 'velodyne_pointcloud' build argument 'cmake_clean_cache' from command line to 'False'
[7.999s] Level 5:colcon.colcon_core.verb:set package 'velodyne_pointcloud' build argument 'cmake_clean_first' from command line to 'False'
[7.999s] Level 5:colcon.colcon_core.verb:set package 'velodyne_pointcloud' build argument 'cmake_force_configure' from command line to 'False'
[7.999s] Level 5:colcon.colcon_core.verb:set package 'velodyne_pointcloud' build argument 'ament_cmake_args' from command line to 'None'
[7.999s] Level 5:colcon.colcon_core.verb:set package 'velodyne_pointcloud' build argument 'catkin_cmake_args' from command line to 'None'
[8.000s] Level 5:colcon.colcon_core.verb:set package 'velodyne_pointcloud' build argument 'catkin_skip_building_tests' from command line to 'False'
[8.000s] DEBUG:colcon.colcon_core.verb:Building package 'velodyne_pointcloud' with the following arguments: {'ament_cmake_args': None, 'build_base': '/home/pi/Desktop/scrap_ws/build/velodyne_pointcloud', 'catkin_cmake_args': None, 'catkin_skip_building_tests': False, 'cmake_args': None, 'cmake_clean_cache': False, 'cmake_clean_first': False, 'cmake_force_configure': False, 'cmake_target': None, 'cmake_target_skip_unavailable': False, 'install_base': '/home/pi/Desktop/scrap_ws/install/velodyne_pointcloud', 'merge_install': False, 'path': '/home/pi/Desktop/scrap_ws/src/velodyne/velodyne_pointcloud', 'symlink_install': True, 'test_result_base': None}
[8.080s] Level 5:colcon.colcon_core.verb:set package 'velodyne' build argument 'cmake_args' from command line to 'None'
[8.080s] Level 5:colcon.colcon_core.verb:set package 'velodyne' build argument 'cmake_target' from command line to 'None'
[8.080s] Level 5:colcon.colcon_core.verb:set package 'velodyne' build argument 'cmake_target_skip_unavailable' from command line to 'False'
[8.080s] Level 5:colcon.colcon_core.verb:set package 'velodyne' build argument 'cmake_clean_cache' from command line to 'False'
[8.080s] Level 5:colcon.colcon_core.verb:set package 'velodyne' build argument 'cmake_clean_first' from command line to 'False'
[8.080s] Level 5:colcon.colcon_core.verb:set package 'velodyne' build argument 'cmake_force_configure' from command line to 'False'
[8.080s] Level 5:colcon.colcon_core.verb:set package 'velodyne' build argument 'ament_cmake_args' from command line to 'None'
[8.081s] Level 5:colcon.colcon_core.verb:set package 'velodyne' build argument 'catkin_cmake_args' from command line to 'None'
[8.081s] Level 5:colcon.colcon_core.verb:set package 'velodyne' build argument 'catkin_skip_building_tests' from command line to 'False'
[8.081s] DEBUG:colcon.colcon_core.verb:Building package 'velodyne' with the following arguments: {'ament_cmake_args': None, 'build_base': '/home/pi/Desktop/scrap_ws/build/velodyne', 'catkin_cmake_args': None, 'catkin_skip_building_tests': False, 'cmake_args': None, 'cmake_clean_cache': False, 'cmake_clean_first': False, 'cmake_force_configure': False, 'cmake_target': None, 'cmake_target_skip_unavailable': False, 'install_base': '/home/pi/Desktop/scrap_ws/install/velodyne', 'merge_install': False, 'path': '/home/pi/Desktop/scrap_ws/src/velodyne/velodyne', 'symlink_install': True, 'test_result_base': None}
[8.160s] INFO:colcon.colcon_core.executor:Executing jobs using 'parallel' executor
[8.251s] DEBUG:colcon.colcon_parallel_executor.executor.parallel:run_until_complete
[8.252s] INFO:colcon.colcon_ros.task.ament_cmake.build:Building ROS package in '/home/pi/Desktop/scrap_ws/src/velodyne/velodyne_msgs' with build type 'ament_cmake'
[8.253s] INFO:colcon.colcon_cmake.task.cmake.build:Building CMake package in '/home/pi/Desktop/scrap_ws/src/velodyne/velodyne_msgs'
[8.362s] INFO:colcon.colcon_core.plugin_system:Skipping extension 'colcon_core.shell.bat': Not used on non-Windows systems
[8.363s] INFO:colcon.colcon_core.shell:Skip shell extension 'powershell' for command environment: Not usable outside of PowerShell
[8.363s] DEBUG:colcon.colcon_core.shell:Skip shell extension 'dsv' for command environment
[8.682s] INFO:colcon.colcon_ros.task.ament_cmake.build:Building ROS package in '/home/pi/Desktop/scrap_ws/src/velodyne/velodyne_laserscan' with build type 'ament_cmake'
[8.683s] INFO:colcon.colcon_cmake.task.cmake.build:Building CMake package in '/home/pi/Desktop/scrap_ws/src/velodyne/velodyne_laserscan'
[8.772s] INFO:colcon.colcon_core.shell:Skip shell extension 'powershell' for command environment: Not usable outside of PowerShell
[8.773s] DEBUG:colcon.colcon_core.shell:Skip shell extension 'dsv' for command environment
[9.128s] INFO:colcon.colcon_ros.task.ament_cmake.build:Building ROS package in '/home/pi/Desktop/scrap_ws/src/diff_drive_HWInterface' with build type 'ament_cmake'
[9.128s] INFO:colcon.colcon_cmake.task.cmake.build:Building CMake package in '/home/pi/Desktop/scrap_ws/src/diff_drive_HWInterface'
[9.225s] INFO:colcon.colcon_core.shell:Skip shell extension 'powershell' for command environment: Not usable outside of PowerShell
[9.225s] DEBUG:colcon.colcon_core.shell:Skip shell extension 'dsv' for command environment
[9.563s] INFO:colcon.colcon_ros.task.ament_python.build:Building ROS package in '/home/pi/Desktop/scrap_ws/src/scrap_pkg' with build type 'ament_python'
[9.564s] Level 1:colcon.colcon_core.shell:create_environment_hook('scrap_pkg', 'ament_prefix_path')
[9.671s] INFO:colcon.colcon_core.shell:Creating environment hook '/home/pi/Desktop/scrap_ws/install/scrap_pkg/share/scrap_pkg/hook/ament_prefix_path.ps1'
[9.688s] INFO:colcon.colcon_core.shell:Creating environment descriptor '/home/pi/Desktop/scrap_ws/install/scrap_pkg/share/scrap_pkg/hook/ament_prefix_path.dsv'
[9.690s] INFO:colcon.colcon_core.shell:Creating environment hook '/home/pi/Desktop/scrap_ws/install/scrap_pkg/share/scrap_pkg/hook/ament_prefix_path.sh'
[9.785s] INFO:colcon.colcon_core.shell:Skip shell extension 'powershell' for command environment: Not usable outside of PowerShell
[9.785s] DEBUG:colcon.colcon_core.shell:Skip shell extension 'dsv' for command environment
[10.292s] DEBUG:colcon.colcon_core.event_handler.log_command:Invoking command in '/home/pi/Desktop/scrap_ws/build/velodyne_msgs': CMAKE_PREFIX_PATH=${CMAKE_PREFIX_PATH}:/home/pi/Desktop/scrap_ws/install/scrap_pkg:/opt/ros/humble /usr/bin/cmake --build /home/pi/Desktop/scrap_ws/build/velodyne_msgs -- -j4 -l4
[10.470s] DEBUG:colcon.colcon_core.event_handler.log_command:Invoking command in '/home/pi/Desktop/scrap_ws/build/velodyne_laserscan': CMAKE_PREFIX_PATH=${CMAKE_PREFIX_PATH}:/home/pi/Desktop/scrap_ws/install/scrap_pkg:/opt/ros/humble /usr/bin/cmake --build /home/pi/Desktop/scrap_ws/build/velodyne_laserscan -- -j4 -l4
[10.529s] DEBUG:colcon.colcon_core.event_handler.log_command:Invoking command in '/home/pi/Desktop/scrap_ws/build/diffdrive_arduino': CMAKE_PREFIX_PATH=${CMAKE_PREFIX_PATH}:/home/pi/Desktop/scrap_ws/install/scrap_pkg:/opt/ros/humble /usr/bin/cmake --build /home/pi/Desktop/scrap_ws/build/diffdrive_arduino -- -j4 -l4
[12.504s] INFO:colcon.colcon_core.task.python.build:Building Python package in '/home/pi/Desktop/scrap_ws/src/scrap_pkg'
[12.606s] INFO:colcon.colcon_core.shell:Skip shell extension 'powershell' for command environment: Not usable outside of PowerShell
[12.606s] DEBUG:colcon.colcon_core.shell:Skip shell extension 'dsv' for command environment
[13.010s] DEBUG:colcon.colcon_core.event_handler.log_command:Invoked command in '/home/pi/Desktop/scrap_ws/build/diffdrive_arduino' returned '0': CMAKE_PREFIX_PATH=${CMAKE_PREFIX_PATH}:/home/pi/Desktop/scrap_ws/install/scrap_pkg:/opt/ros/humble /usr/bin/cmake --build /home/pi/Desktop/scrap_ws/build/diffdrive_arduino -- -j4 -l4
[13.021s] DEBUG:colcon.colcon_core.event_handler.log_command:Invoked command in '/home/pi/Desktop/scrap_ws/build/velodyne_laserscan' returned '0': CMAKE_PREFIX_PATH=${CMAKE_PREFIX_PATH}:/home/pi/Desktop/scrap_ws/install/scrap_pkg:/opt/ros/humble /usr/bin/cmake --build /home/pi/Desktop/scrap_ws/build/velodyne_laserscan -- -j4 -l4
[13.172s] DEBUG:colcon.colcon_core.event_handler.log_command:Invoked command in '/home/pi/Desktop/scrap_ws/build/velodyne_msgs' returned '0': CMAKE_PREFIX_PATH=${CMAKE_PREFIX_PATH}:/home/pi/Desktop/scrap_ws/install/scrap_pkg:/opt/ros/humble /usr/bin/cmake --build /home/pi/Desktop/scrap_ws/build/velodyne_msgs -- -j4 -l4
[13.250s] DEBUG:colcon.colcon_core.event_handler.log_command:Invoking command in '/home/pi/Desktop/scrap_ws/build/diffdrive_arduino': CMAKE_PREFIX_PATH=${CMAKE_PREFIX_PATH}:/home/pi/Desktop/scrap_ws/install/scrap_pkg:/opt/ros/humble /usr/bin/cmake --install /home/pi/Desktop/scrap_ws/build/diffdrive_arduino
[13.260s] DEBUG:colcon.colcon_core.event_handler.log_command:Invoking command in '/home/pi/Desktop/scrap_ws/build/velodyne_laserscan': CMAKE_PREFIX_PATH=${CMAKE_PREFIX_PATH}:/home/pi/Desktop/scrap_ws/install/scrap_pkg:/opt/ros/humble /usr/bin/cmake --install /home/pi/Desktop/scrap_ws/build/velodyne_laserscan
[13.416s] Level 1:colcon.colcon_core.environment:create_environment_scripts_only(velodyne_laserscan)
[13.434s] DEBUG:colcon.colcon_core.event_handler.log_command:Invoked command in '/home/pi/Desktop/scrap_ws/build/velodyne_laserscan' returned '0': CMAKE_PREFIX_PATH=${CMAKE_PREFIX_PATH}:/home/pi/Desktop/scrap_ws/install/scrap_pkg:/opt/ros/humble /usr/bin/cmake --install /home/pi/Desktop/scrap_ws/build/velodyne_laserscan
[13.557s] Level 1:colcon.colcon_core.environment:checking '/home/pi/Desktop/scrap_ws/install/velodyne_laserscan' for CMake module files
[13.561s] Level 1:colcon.colcon_core.environment:checking '/home/pi/Desktop/scrap_ws/install/velodyne_laserscan' for CMake config files
[13.565s] Level 1:colcon.colcon_core.shell:create_environment_hook('velodyne_laserscan', 'cmake_prefix_path')
[13.691s] INFO:colcon.colcon_core.shell:Creating environment hook '/home/pi/Desktop/scrap_ws/install/velodyne_laserscan/share/velodyne_laserscan/hook/cmake_prefix_path.ps1'
[13.761s] INFO:colcon.colcon_core.shell:Creating environment descriptor '/home/pi/Desktop/scrap_ws/install/velodyne_laserscan/share/velodyne_laserscan/hook/cmake_prefix_path.dsv'
[13.808s] INFO:colcon.colcon_core.shell:Creating environment hook '/home/pi/Desktop/scrap_ws/install/velodyne_laserscan/share/velodyne_laserscan/hook/cmake_prefix_path.sh'
[13.860s] Level 1:colcon.colcon_core.environment:checking '/home/pi/Desktop/scrap_ws/install/velodyne_laserscan/lib'
[13.861s] Level 1:colcon.colcon_core.shell:create_environment_hook('velodyne_laserscan', 'ld_library_path_lib')
[13.960s] INFO:colcon.colcon_core.shell:Creating environment hook '/home/pi/Desktop/scrap_ws/install/velodyne_laserscan/share/velodyne_laserscan/hook/ld_library_path_lib.ps1'
[14.005s] INFO:colcon.colcon_core.shell:Creating environment descriptor '/home/pi/Desktop/scrap_ws/install/velodyne_laserscan/share/velodyne_laserscan/hook/ld_library_path_lib.dsv'
[14.038s] INFO:colcon.colcon_core.shell:Creating environment hook '/home/pi/Desktop/scrap_ws/install/velodyne_laserscan/share/velodyne_laserscan/hook/ld_library_path_lib.sh'
[14.109s] Level 1:colcon.colcon_core.environment:checking '/home/pi/Desktop/scrap_ws/install/velodyne_laserscan/bin'
[14.109s] Level 1:colcon.colcon_core.environment:checking '/home/pi/Desktop/scrap_ws/install/velodyne_laserscan/lib/pkgconfig/velodyne_laserscan.pc'
[14.110s] Level 1:colcon.colcon_core.environment:checking '/home/pi/Desktop/scrap_ws/install/velodyne_laserscan/lib/python3.10/site-packages'
[14.111s] Level 1:colcon.colcon_core.environment:checking '/home/pi/Desktop/scrap_ws/install/velodyne_laserscan/bin'
[14.212s] INFO:colcon.colcon_core.shell:Creating package script '/home/pi/Desktop/scrap_ws/install/velodyne_laserscan/share/velodyne_laserscan/package.ps1'
[14.308s] INFO:colcon.colcon_core.shell:Creating package descriptor '/home/pi/Desktop/scrap_ws/install/velodyne_laserscan/share/velodyne_laserscan/package.dsv'
[14.311s] INFO:colcon.colcon_core.shell:Creating package script '/home/pi/Desktop/scrap_ws/install/velodyne_laserscan/share/velodyne_laserscan/package.sh'
[14.361s] INFO:colcon.colcon_core.shell:Creating package script '/home/pi/Desktop/scrap_ws/install/velodyne_laserscan/share/velodyne_laserscan/package.bash'
[14.413s] INFO:colcon.colcon_core.shell:Creating package script '/home/pi/Desktop/scrap_ws/install/velodyne_laserscan/share/velodyne_laserscan/package.zsh'
[14.468s] Level 1:colcon.colcon_core.environment:create_file_with_runtime_dependencies(/home/pi/Desktop/scrap_ws/install/velodyne_laserscan/share/colcon-core/packages/velodyne_laserscan)
[14.526s] DEBUG:colcon.colcon_core.event_handler.log_command:Invoking command in '/home/pi/Desktop/scrap_ws/build/velodyne_msgs': CMAKE_PREFIX_PATH=${CMAKE_PREFIX_PATH}:/home/pi/Desktop/scrap_ws/install/scrap_pkg:/opt/ros/humble /usr/bin/cmake --install /home/pi/Desktop/scrap_ws/build/velodyne_msgs
[14.528s] Level 1:colcon.colcon_core.environment:create_environment_scripts_only(diffdrive_arduino)
[14.531s] DEBUG:colcon.colcon_core.event_handler.log_command:Invoked command in '/home/pi/Desktop/scrap_ws/build/diffdrive_arduino' returned '0': CMAKE_PREFIX_PATH=${CMAKE_PREFIX_PATH}:/home/pi/Desktop/scrap_ws/install/scrap_pkg:/opt/ros/humble /usr/bin/cmake --install /home/pi/Desktop/scrap_ws/build/diffdrive_arduino
[14.739s] Level 1:colcon.colcon_core.environment:checking '/home/pi/Desktop/scrap_ws/install/diffdrive_arduino' for CMake module files
[14.749s] Level 1:colcon.colcon_core.environment:checking '/home/pi/Desktop/scrap_ws/install/diffdrive_arduino' for CMake config files
[14.755s] Level 1:colcon.colcon_core.shell:create_environment_hook('diffdrive_arduino', 'cmake_prefix_path')
[14.920s] INFO:colcon.colcon_core.shell:Creating environment hook '/home/pi/Desktop/scrap_ws/install/diffdrive_arduino/share/diffdrive_arduino/hook/cmake_prefix_path.ps1'
[14.989s] INFO:colcon.colcon_core.shell:Creating environment descriptor '/home/pi/Desktop/scrap_ws/install/diffdrive_arduino/share/diffdrive_arduino/hook/cmake_prefix_path.dsv'
[15.019s] INFO:colcon.colcon_core.shell:Creating environment hook '/home/pi/Desktop/scrap_ws/install/diffdrive_arduino/share/diffdrive_arduino/hook/cmake_prefix_path.sh'
[15.024s] Level 1:colcon.colcon_core.environment:checking '/home/pi/Desktop/scrap_ws/install/diffdrive_arduino/lib'
[15.025s] Level 1:colcon.colcon_core.shell:create_environment_hook('diffdrive_arduino', 'ld_library_path_lib')
[15.155s] INFO:colcon.colcon_core.shell:Creating environment hook '/home/pi/Desktop/scrap_ws/install/diffdrive_arduino/share/diffdrive_arduino/hook/ld_library_path_lib.ps1'
[15.192s] INFO:colcon.colcon_core.shell:Creating environment descriptor '/home/pi/Desktop/scrap_ws/install/diffdrive_arduino/share/diffdrive_arduino/hook/ld_library_path_lib.dsv'
[15.194s] INFO:colcon.colcon_core.shell:Creating environment hook '/home/pi/Desktop/scrap_ws/install/diffdrive_arduino/share/diffdrive_arduino/hook/ld_library_path_lib.sh'
[15.196s] Level 1:colcon.colcon_core.environment:checking '/home/pi/Desktop/scrap_ws/install/diffdrive_arduino/bin'
[15.196s] Level 1:colcon.colcon_core.environment:checking '/home/pi/Desktop/scrap_ws/install/diffdrive_arduino/lib/pkgconfig/diffdrive_arduino.pc'
[15.198s] Level 1:colcon.colcon_core.environment:checking '/home/pi/Desktop/scrap_ws/install/diffdrive_arduino/lib/python3.10/site-packages'
[15.199s] Level 1:colcon.colcon_core.environment:checking '/home/pi/Desktop/scrap_ws/install/diffdrive_arduino/bin'
[15.385s] INFO:colcon.colcon_core.shell:Creating package script '/home/pi/Desktop/scrap_ws/install/diffdrive_arduino/share/diffdrive_arduino/package.ps1'
[15.446s] INFO:colcon.colcon_core.shell:Creating package descriptor '/home/pi/Desktop/scrap_ws/install/diffdrive_arduino/share/diffdrive_arduino/package.dsv'
[15.448s] INFO:colcon.colcon_core.shell:Creating package script '/home/pi/Desktop/scrap_ws/install/diffdrive_arduino/share/diffdrive_arduino/package.sh'
[15.486s] INFO:colcon.colcon_core.shell:Creating package script '/home/pi/Desktop/scrap_ws/install/diffdrive_arduino/share/diffdrive_arduino/package.bash'
[15.536s] INFO:colcon.colcon_core.shell:Creating package script '/home/pi/Desktop/scrap_ws/install/diffdrive_arduino/share/diffdrive_arduino/package.zsh'
[15.587s] Level 1:colcon.colcon_core.environment:create_file_with_runtime_dependencies(/home/pi/Desktop/scrap_ws/install/diffdrive_arduino/share/colcon-core/packages/diffdrive_arduino)
[15.752s] Level 1:colcon.colcon_core.environment:create_environment_scripts_only(velodyne_laserscan)
[15.849s] Level 1:colcon.colcon_core.environment:checking '/home/pi/Desktop/scrap_ws/install/velodyne_laserscan' for CMake module files
[15.853s] Level 1:colcon.colcon_core.environment:checking '/home/pi/Desktop/scrap_ws/install/velodyne_laserscan' for CMake config files
[15.857s] Level 1:colcon.colcon_core.shell:create_environment_hook('velodyne_laserscan', 'cmake_prefix_path')
[15.943s] INFO:colcon.colcon_core.shell:Creating environment hook '/home/pi/Desktop/scrap_ws/install/velodyne_laserscan/share/velodyne_laserscan/hook/cmake_prefix_path.ps1'
[15.985s] INFO:colcon.colcon_core.shell:Creating environment descriptor '/home/pi/Desktop/scrap_ws/install/velodyne_laserscan/share/velodyne_laserscan/hook/cmake_prefix_path.dsv'
[16.013s] INFO:colcon.colcon_core.shell:Creating environment hook '/home/pi/Desktop/scrap_ws/install/velodyne_laserscan/share/velodyne_laserscan/hook/cmake_prefix_path.sh'
[16.096s] Level 1:colcon.colcon_core.environment:checking '/home/pi/Desktop/scrap_ws/install/velodyne_laserscan/lib'
[16.097s] Level 1:colcon.colcon_core.shell:create_environment_hook('velodyne_laserscan', 'ld_library_path_lib')
[16.191s] INFO:colcon.colcon_core.shell:Creating environment hook '/home/pi/Desktop/scrap_ws/install/velodyne_laserscan/share/velodyne_laserscan/hook/ld_library_path_lib.ps1'
[16.261s] INFO:colcon.colcon_core.shell:Creating environment descriptor '/home/pi/Desktop/scrap_ws/install/velodyne_laserscan/share/velodyne_laserscan/hook/ld_library_path_lib.dsv'
[16.285s] INFO:colcon.colcon_core.shell:Creating environment hook '/home/pi/Desktop/scrap_ws/install/velodyne_laserscan/share/velodyne_laserscan/hook/ld_library_path_lib.sh'
[16.397s] Level 1:colcon.colcon_core.environment:checking '/home/pi/Desktop/scrap_ws/install/velodyne_laserscan/bin'
[16.398s] Level 1:colcon.colcon_core.environment:checking '/home/pi/Desktop/scrap_ws/install/velodyne_laserscan/lib/pkgconfig/velodyne_laserscan.pc'
[16.399s] Level 1:colcon.colcon_core.environment:checking '/home/pi/Desktop/scrap_ws/install/velodyne_laserscan/lib/python3.10/site-packages'
[16.399s] Level 1:colcon.colcon_core.environment:checking '/home/pi/Desktop/scrap_ws/install/velodyne_laserscan/bin'
[16.482s] INFO:colcon.colcon_core.shell:Creating package script '/home/pi/Desktop/scrap_ws/install/velodyne_laserscan/share/velodyne_laserscan/package.ps1'
[16.548s] INFO:colcon.colcon_core.shell:Creating package descriptor '/home/pi/Desktop/scrap_ws/install/velodyne_laserscan/share/velodyne_laserscan/package.dsv'
[16.592s] INFO:colcon.colcon_core.shell:Creating package script '/home/pi/Desktop/scrap_ws/install/velodyne_laserscan/share/velodyne_laserscan/package.sh'
[16.673s] INFO:colcon.colcon_core.shell:Creating package script '/home/pi/Desktop/scrap_ws/install/velodyne_laserscan/share/velodyne_laserscan/package.bash'
[16.712s] INFO:colcon.colcon_core.shell:Creating package script '/home/pi/Desktop/scrap_ws/install/velodyne_laserscan/share/velodyne_laserscan/package.zsh'
[16.739s] Level 1:colcon.colcon_core.environment:create_file_with_runtime_dependencies(/home/pi/Desktop/scrap_ws/install/velodyne_laserscan/share/colcon-core/packages/velodyne_laserscan)
[16.841s] Level 1:colcon.colcon_core.environment:create_environment_scripts_only(velodyne_msgs)
[16.881s] DEBUG:colcon.colcon_core.event_handler.log_command:Invoking command in '/home/pi/Desktop/scrap_ws/build/scrap_pkg': PYTHONPATH=/home/pi/Desktop/scrap_ws/build/scrap_pkg/prefix_override:/home/pi/Desktop/scrap_ws/install/scrap_pkg/lib/python3.10/site-packages:${PYTHONPATH} /usr/bin/python3 setup.py develop --editable --build-directory /home/pi/Desktop/scrap_ws/build/scrap_pkg/build --no-deps install_data
[16.883s] DEBUG:colcon.colcon_core.event_handler.log_command:Invoked command in '/home/pi/Desktop/scrap_ws/build/velodyne_msgs' returned '0': CMAKE_PREFIX_PATH=${CMAKE_PREFIX_PATH}:/home/pi/Desktop/scrap_ws/install/scrap_pkg:/opt/ros/humble /usr/bin/cmake --install /home/pi/Desktop/scrap_ws/build/velodyne_msgs
[16.956s] Level 1:colcon.colcon_core.environment:checking '/home/pi/Desktop/scrap_ws/install/velodyne_msgs' for CMake module files
[16.962s] Level 1:colcon.colcon_core.environment:checking '/home/pi/Desktop/scrap_ws/install/velodyne_msgs' for CMake config files
[16.968s] Level 1:colcon.colcon_core.shell:create_environment_hook('velodyne_msgs', 'cmake_prefix_path')
[17.076s] INFO:colcon.colcon_core.shell:Creating environment hook '/home/pi/Desktop/scrap_ws/install/velodyne_msgs/share/velodyne_msgs/hook/cmake_prefix_path.ps1'
[17.109s] INFO:colcon.colcon_core.shell:Creating environment descriptor '/home/pi/Desktop/scrap_ws/install/velodyne_msgs/share/velodyne_msgs/hook/cmake_prefix_path.dsv'
[17.126s] INFO:colcon.colcon_core.shell:Creating environment hook '/home/pi/Desktop/scrap_ws/install/velodyne_msgs/share/velodyne_msgs/hook/cmake_prefix_path.sh'
[17.129s] Level 1:colcon.colcon_core.environment:checking '/home/pi/Desktop/scrap_ws/install/velodyne_msgs/lib'
[17.130s] Level 1:colcon.colcon_core.shell:create_environment_hook('velodyne_msgs', 'ld_library_path_lib')
[17.242s] INFO:colcon.colcon_core.shell:Creating environment hook '/home/pi/Desktop/scrap_ws/install/velodyne_msgs/share/velodyne_msgs/hook/ld_library_path_lib.ps1'
[17.274s] INFO:colcon.colcon_core.shell:Creating environment descriptor '/home/pi/Desktop/scrap_ws/install/velodyne_msgs/share/velodyne_msgs/hook/ld_library_path_lib.dsv'
[17.353s] INFO:colcon.colcon_core.shell:Creating environment hook '/home/pi/Desktop/scrap_ws/install/velodyne_msgs/share/velodyne_msgs/hook/ld_library_path_lib.sh'
[17.429s] Level 1:colcon.colcon_core.environment:checking '/home/pi/Desktop/scrap_ws/install/velodyne_msgs/bin'
[17.429s] Level 1:colcon.colcon_core.environment:checking '/home/pi/Desktop/scrap_ws/install/velodyne_msgs/lib/pkgconfig/velodyne_msgs.pc'
[17.430s] Level 1:colcon.colcon_core.environment:checking '/home/pi/Desktop/scrap_ws/install/velodyne_msgs/lib/python3.10/site-packages'
[17.432s] Level 1:colcon.colcon_core.environment:checking '/home/pi/Desktop/scrap_ws/install/velodyne_msgs/bin'
[17.525s] INFO:colcon.colcon_core.shell:Creating package script '/home/pi/Desktop/scrap_ws/install/velodyne_msgs/share/velodyne_msgs/package.ps1'
[17.605s] INFO:colcon.colcon_core.shell:Creating package descriptor '/home/pi/Desktop/scrap_ws/install/velodyne_msgs/share/velodyne_msgs/package.dsv'
[17.607s] INFO:colcon.colcon_core.shell:Creating package script '/home/pi/Desktop/scrap_ws/install/velodyne_msgs/share/velodyne_msgs/package.sh'
[17.609s] INFO:colcon.colcon_core.shell:Creating package script '/home/pi/Desktop/scrap_ws/install/velodyne_msgs/share/velodyne_msgs/package.bash'
[17.611s] INFO:colcon.colcon_core.shell:Creating package script '/home/pi/Desktop/scrap_ws/install/velodyne_msgs/share/velodyne_msgs/package.zsh'
[17.613s] Level 1:colcon.colcon_core.environment:create_file_with_runtime_dependencies(/home/pi/Desktop/scrap_ws/install/velodyne_msgs/share/colcon-core/packages/velodyne_msgs)
[17.729s] Level 1:colcon.colcon_core.environment:create_environment_scripts_only(diffdrive_arduino)
[17.840s] Level 1:colcon.colcon_core.environment:checking '/home/pi/Desktop/scrap_ws/install/diffdrive_arduino' for CMake module files
[17.844s] Level 1:colcon.colcon_core.environment:checking '/home/pi/Desktop/scrap_ws/install/diffdrive_arduino' for CMake config files
[17.849s] Level 1:colcon.colcon_core.shell:create_environment_hook('diffdrive_arduino', 'cmake_prefix_path')
[17.955s] INFO:colcon.colcon_core.shell:Creating environment hook '/home/pi/Desktop/scrap_ws/install/diffdrive_arduino/share/diffdrive_arduino/hook/cmake_prefix_path.ps1'
[18.065s] INFO:colcon.colcon_core.shell:Creating environment descriptor '/home/pi/Desktop/scrap_ws/install/diffdrive_arduino/share/diffdrive_arduino/hook/cmake_prefix_path.dsv'
[18.522s] INFO:colcon.colcon_core.shell:Creating environment hook '/home/pi/Desktop/scrap_ws/install/diffdrive_arduino/share/diffdrive_arduino/hook/cmake_prefix_path.sh'
[18.525s] Level 1:colcon.colcon_core.environment:checking '/home/pi/Desktop/scrap_ws/install/diffdrive_arduino/lib'
[18.526s] Level 1:colcon.colcon_core.shell:create_environment_hook('diffdrive_arduino', 'ld_library_path_lib')
[18.631s] INFO:colcon.colcon_core.shell:Creating environment hook '/home/pi/Desktop/scrap_ws/install/diffdrive_arduino/share/diffdrive_arduino/hook/ld_library_path_lib.ps1'
[18.649s] INFO:colcon.colcon_core.shell:Creating environment descriptor '/home/pi/Desktop/scrap_ws/install/diffdrive_arduino/share/diffdrive_arduino/hook/ld_library_path_lib.dsv'
[18.651s] INFO:colcon.colcon_core.shell:Creating environment hook '/home/pi/Desktop/scrap_ws/install/diffdrive_arduino/share/diffdrive_arduino/hook/ld_library_path_lib.sh'
[18.653s] Level 1:colcon.colcon_core.environment:checking '/home/pi/Desktop/scrap_ws/install/diffdrive_arduino/bin'
[18.653s] Level 1:colcon.colcon_core.environment:checking '/home/pi/Desktop/scrap_ws/install/diffdrive_arduino/lib/pkgconfig/diffdrive_arduino.pc'
[18.654s] Level 1:colcon.colcon_core.environment:checking '/home/pi/Desktop/scrap_ws/install/diffdrive_arduino/lib/python3.10/site-packages'
[18.655s] Level 1:colcon.colcon_core.environment:checking '/home/pi/Desktop/scrap_ws/install/diffdrive_arduino/bin'
[18.796s] INFO:colcon.colcon_core.shell:Creating package script '/home/pi/Desktop/scrap_ws/install/diffdrive_arduino/share/diffdrive_arduino/package.ps1'
[18.863s] INFO:colcon.colcon_core.shell:Creating package descriptor '/home/pi/Desktop/scrap_ws/install/diffdrive_arduino/share/diffdrive_arduino/package.dsv'
[18.866s] INFO:colcon.colcon_core.shell:Creating package script '/home/pi/Desktop/scrap_ws/install/diffdrive_arduino/share/diffdrive_arduino/package.sh'
[18.868s] INFO:colcon.colcon_core.shell:Creating package script '/home/pi/Desktop/scrap_ws/install/diffdrive_arduino/share/diffdrive_arduino/package.bash'
[18.870s] INFO:colcon.colcon_core.shell:Creating package script '/home/pi/Desktop/scrap_ws/install/diffdrive_arduino/share/diffdrive_arduino/package.zsh'
[18.872s] Level 1:colcon.colcon_core.environment:create_file_with_runtime_dependencies(/home/pi/Desktop/scrap_ws/install/diffdrive_arduino/share/colcon-core/packages/diffdrive_arduino)
[18.973s] Level 1:colcon.colcon_core.environment:create_environment_scripts_only(velodyne_msgs)
[19.083s] Level 1:colcon.colcon_core.environment:checking '/home/pi/Desktop/scrap_ws/install/velodyne_msgs' for CMake module files
[19.088s] Level 1:colcon.colcon_core.environment:checking '/home/pi/Desktop/scrap_ws/install/velodyne_msgs' for CMake config files
[19.095s] Level 1:colcon.colcon_core.shell:create_environment_hook('velodyne_msgs', 'cmake_prefix_path')
[19.190s] INFO:colcon.colcon_core.shell:Creating environment hook '/home/pi/Desktop/scrap_ws/install/velodyne_msgs/share/velodyne_msgs/hook/cmake_prefix_path.ps1'
[19.277s] INFO:colcon.colcon_core.shell:Creating environment descriptor '/home/pi/Desktop/scrap_ws/install/velodyne_msgs/share/velodyne_msgs/hook/cmake_prefix_path.dsv'
[19.279s] INFO:colcon.colcon_core.shell:Creating environment hook '/home/pi/Desktop/scrap_ws/install/velodyne_msgs/share/velodyne_msgs/hook/cmake_prefix_path.sh'
[19.282s] Level 1:colcon.colcon_core.environment:checking '/home/pi/Desktop/scrap_ws/install/velodyne_msgs/lib'
[19.282s] Level 1:colcon.colcon_core.shell:create_environment_hook('velodyne_msgs', 'ld_library_path_lib')
[19.374s] INFO:colcon.colcon_core.shell:Creating environment hook '/home/pi/Desktop/scrap_ws/install/velodyne_msgs/share/velodyne_msgs/hook/ld_library_path_lib.ps1'
[19.516s] INFO:colcon.colcon_core.shell:Creating environment descriptor '/home/pi/Desktop/scrap_ws/install/velodyne_msgs/share/velodyne_msgs/hook/ld_library_path_lib.dsv'
[19.519s] INFO:colcon.colcon_core.shell:Creating environment hook '/home/pi/Desktop/scrap_ws/install/velodyne_msgs/share/velodyne_msgs/hook/ld_library_path_lib.sh'
[19.522s] Level 1:colcon.colcon_core.environment:checking '/home/pi/Desktop/scrap_ws/install/velodyne_msgs/bin'
[19.523s] Level 1:colcon.colcon_core.environment:checking '/home/pi/Desktop/scrap_ws/install/velodyne_msgs/lib/pkgconfig/velodyne_msgs.pc'
[19.525s] Level 1:colcon.colcon_core.environment:checking '/home/pi/Desktop/scrap_ws/install/velodyne_msgs/lib/python3.10/site-packages'
[19.527s] Level 1:colcon.colcon_core.environment:checking '/home/pi/Desktop/scrap_ws/install/velodyne_msgs/bin'
[19.671s] INFO:colcon.colcon_core.shell:Creating package script '/home/pi/Desktop/scrap_ws/install/velodyne_msgs/share/velodyne_msgs/package.ps1'
[19.716s] INFO:colcon.colcon_core.shell:Creating package descriptor '/home/pi/Desktop/scrap_ws/install/velodyne_msgs/share/velodyne_msgs/package.dsv'
[19.733s] INFO:colcon.colcon_core.shell:Creating package script '/home/pi/Desktop/scrap_ws/install/velodyne_msgs/share/velodyne_msgs/package.sh'
[19.740s] INFO:colcon.colcon_core.shell:Creating package script '/home/pi/Desktop/scrap_ws/install/velodyne_msgs/share/velodyne_msgs/package.bash'
[19.744s] INFO:colcon.colcon_core.shell:Creating package script '/home/pi/Desktop/scrap_ws/install/velodyne_msgs/share/velodyne_msgs/package.zsh'
[19.748s] Level 1:colcon.colcon_core.environment:create_file_with_runtime_dependencies(/home/pi/Desktop/scrap_ws/install/velodyne_msgs/share/colcon-core/packages/velodyne_msgs)
[19.750s] INFO:colcon.colcon_ros.task.ament_cmake.build:Building ROS package in '/home/pi/Desktop/scrap_ws/src/velodyne/velodyne_driver' with build type 'ament_cmake'
[19.751s] INFO:colcon.colcon_cmake.task.cmake.build:Building CMake package in '/home/pi/Desktop/scrap_ws/src/velodyne/velodyne_driver'
[19.852s] INFO:colcon.colcon_core.shell:Skip shell extension 'powershell' for command environment: Not usable outside of PowerShell
[19.852s] DEBUG:colcon.colcon_core.shell:Skip shell extension 'dsv' for command environment
[20.187s] INFO:colcon.colcon_ros.task.ament_cmake.build:Building ROS package in '/home/pi/Desktop/scrap_ws/src/velodyne/velodyne_pointcloud' with build type 'ament_cmake'
[20.188s] INFO:colcon.colcon_cmake.task.cmake.build:Building CMake package in '/home/pi/Desktop/scrap_ws/src/velodyne/velodyne_pointcloud'
[20.286s] INFO:colcon.colcon_core.shell:Skip shell extension 'powershell' for command environment: Not usable outside of PowerShell
[20.286s] DEBUG:colcon.colcon_core.shell:Skip shell extension 'dsv' for command environment
[20.619s] Level 1:colcon.colcon_core.shell:create_environment_hook('scrap_pkg', 'pythonpath_develop')
[20.622s] DEBUG:colcon.colcon_core.event_handler.log_command:Invoked command in '/home/pi/Desktop/scrap_ws/build/scrap_pkg' returned '0': PYTHONPATH=/home/pi/Desktop/scrap_ws/build/scrap_pkg/prefix_override:/home/pi/Desktop/scrap_ws/install/scrap_pkg/lib/python3.10/site-packages:${PYTHONPATH} /usr/bin/python3 setup.py develop --editable --build-directory /home/pi/Desktop/scrap_ws/build/scrap_pkg/build --no-deps install_data
[20.710s] INFO:colcon.colcon_core.shell:Creating environment hook '/home/pi/Desktop/scrap_ws/build/scrap_pkg/share/scrap_pkg/hook/pythonpath_develop.ps1'
[20.733s] INFO:colcon.colcon_core.shell:Creating environment descriptor '/home/pi/Desktop/scrap_ws/build/scrap_pkg/share/scrap_pkg/hook/pythonpath_develop.dsv'
[20.737s] INFO:colcon.colcon_core.shell:Creating environment hook '/home/pi/Desktop/scrap_ws/build/scrap_pkg/share/scrap_pkg/hook/pythonpath_develop.sh'
[20.828s] Level 1:colcon.colcon_core.environment:checking '/home/pi/Desktop/scrap_ws/install/scrap_pkg' for CMake module files
[20.830s] Level 1:colcon.colcon_core.environment:checking '/home/pi/Desktop/scrap_ws/install/scrap_pkg' for CMake config files
[20.834s] Level 1:colcon.colcon_core.environment:checking '/home/pi/Desktop/scrap_ws/install/scrap_pkg/lib'
[20.835s] Level 1:colcon.colcon_core.environment:checking '/home/pi/Desktop/scrap_ws/install/scrap_pkg/bin'
[20.835s] Level 1:colcon.colcon_core.environment:checking '/home/pi/Desktop/scrap_ws/install/scrap_pkg/lib/pkgconfig/scrap_pkg.pc'
[20.836s] Level 1:colcon.colcon_core.environment:checking '/home/pi/Desktop/scrap_ws/install/scrap_pkg/lib/python3.10/site-packages'
[20.836s] Level 1:colcon.colcon_core.shell:create_environment_hook('scrap_pkg', 'pythonpath')
[20.925s] INFO:colcon.colcon_core.shell:Creating environment hook '/home/pi/Desktop/scrap_ws/install/scrap_pkg/share/scrap_pkg/hook/pythonpath.ps1'
[20.931s] INFO:colcon.colcon_core.shell:Creating environment descriptor '/home/pi/Desktop/scrap_ws/install/scrap_pkg/share/scrap_pkg/hook/pythonpath.dsv'
[20.933s] INFO:colcon.colcon_core.shell:Creating environment hook '/home/pi/Desktop/scrap_ws/install/scrap_pkg/share/scrap_pkg/hook/pythonpath.sh'
[20.935s] Level 1:colcon.colcon_core.environment:checking '/home/pi/Desktop/scrap_ws/install/scrap_pkg/bin'
[20.936s] Level 1:colcon.colcon_core.environment:create_environment_scripts_only(scrap_pkg)
[21.019s] INFO:colcon.colcon_core.shell:Creating package script '/home/pi/Desktop/scrap_ws/install/scrap_pkg/share/scrap_pkg/package.ps1'
[21.036s] INFO:colcon.colcon_core.shell:Creating package descriptor '/home/pi/Desktop/scrap_ws/install/scrap_pkg/share/scrap_pkg/package.dsv'
[21.079s] INFO:colcon.colcon_core.shell:Creating package script '/home/pi/Desktop/scrap_ws/install/scrap_pkg/share/scrap_pkg/package.sh'
[21.084s] INFO:colcon.colcon_core.shell:Creating package script '/home/pi/Desktop/scrap_ws/install/scrap_pkg/share/scrap_pkg/package.bash'
[21.087s] INFO:colcon.colcon_core.shell:Creating package script '/home/pi/Desktop/scrap_ws/install/scrap_pkg/share/scrap_pkg/package.zsh'
[21.089s] Level 1:colcon.colcon_core.environment:create_file_with_runtime_dependencies(/home/pi/Desktop/scrap_ws/install/scrap_pkg/share/colcon-core/packages/scrap_pkg)
[21.152s] DEBUG:colcon.colcon_core.event_handler.log_command:Invoking command in '/home/pi/Desktop/scrap_ws/build/velodyne_driver': CMAKE_PREFIX_PATH=/home/pi/Desktop/scrap_ws/install/velodyne_msgs:/home/pi/Desktop/scrap_ws/install/velodyne:/home/pi/Desktop/scrap_ws/install/velodyne_pointcloud:/home/pi/Desktop/scrap_ws/install/velodyne_driver:/home/pi/Desktop/scrap_ws/install/velodyne_laserscan:/home/pi/Desktop/scrap_ws/install/diffdrive_arduino:/home/pi/Desktop/scrap_ws/install/scrap_pkg:/opt/ros/humble LD_LIBRARY_PATH=/home/pi/Desktop/scrap_ws/install/velodyne_msgs/lib:/home/pi/Desktop/scrap_ws/install/velodyne_pointcloud/lib:/home/pi/Desktop/scrap_ws/install/velodyne_driver/lib:/home/pi/Desktop/scrap_ws/install/velodyne_laserscan/lib:/home/pi/Desktop/scrap_ws/install/diffdrive_arduino/lib:/opt/ros/humble/opt/rviz_ogre_vendor/lib:/opt/ros/humble/lib/aarch64-linux-gnu:/opt/ros/humble/lib /usr/bin/cmake --build /home/pi/Desktop/scrap_ws/build/velodyne_driver -- -j4 -l4
[21.193s] DEBUG:colcon.colcon_core.event_handler.log_command:Invoking command in '/home/pi/Desktop/scrap_ws/build/velodyne_pointcloud': CMAKE_PREFIX_PATH=/home/pi/Desktop/scrap_ws/install/velodyne_msgs:/home/pi/Desktop/scrap_ws/install/velodyne:/home/pi/Desktop/scrap_ws/install/velodyne_pointcloud:/home/pi/Desktop/scrap_ws/install/velodyne_driver:/home/pi/Desktop/scrap_ws/install/velodyne_laserscan:/home/pi/Desktop/scrap_ws/install/diffdrive_arduino:/home/pi/Desktop/scrap_ws/install/scrap_pkg:/opt/ros/humble LD_LIBRARY_PATH=/home/pi/Desktop/scrap_ws/install/velodyne_msgs/lib:/home/pi/Desktop/scrap_ws/install/velodyne_pointcloud/lib:/home/pi/Desktop/scrap_ws/install/velodyne_driver/lib:/home/pi/Desktop/scrap_ws/install/velodyne_laserscan/lib:/home/pi/Desktop/scrap_ws/install/diffdrive_arduino/lib:/opt/ros/humble/opt/rviz_ogre_vendor/lib:/opt/ros/humble/lib/aarch64-linux-gnu:/opt/ros/humble/lib /usr/bin/cmake --build /home/pi/Desktop/scrap_ws/build/velodyne_pointcloud -- -j4 -l4
[22.138s] DEBUG:colcon.colcon_core.event_handler.log_command:Invoked command in '/home/pi/Desktop/scrap_ws/build/velodyne_driver' returned '0': CMAKE_PREFIX_PATH=/home/pi/Desktop/scrap_ws/install/velodyne_msgs:/home/pi/Desktop/scrap_ws/install/velodyne:/home/pi/Desktop/scrap_ws/install/velodyne_pointcloud:/home/pi/Desktop/scrap_ws/install/velodyne_driver:/home/pi/Desktop/scrap_ws/install/velodyne_laserscan:/home/pi/Desktop/scrap_ws/install/diffdrive_arduino:/home/pi/Desktop/scrap_ws/install/scrap_pkg:/opt/ros/humble LD_LIBRARY_PATH=/home/pi/Desktop/scrap_ws/install/velodyne_msgs/lib:/home/pi/Desktop/scrap_ws/install/velodyne_pointcloud/lib:/home/pi/Desktop/scrap_ws/install/velodyne_driver/lib:/home/pi/Desktop/scrap_ws/install/velodyne_laserscan/lib:/home/pi/Desktop/scrap_ws/install/diffdrive_arduino/lib:/opt/ros/humble/opt/rviz_ogre_vendor/lib:/opt/ros/humble/lib/aarch64-linux-gnu:/opt/ros/humble/lib /usr/bin/cmake --build /home/pi/Desktop/scrap_ws/build/velodyne_driver -- -j4 -l4
[22.372s] DEBUG:colcon.colcon_core.event_handler.log_command:Invoking command in '/home/pi/Desktop/scrap_ws/build/velodyne_driver': CMAKE_PREFIX_PATH=/home/pi/Desktop/scrap_ws/install/velodyne_msgs:/home/pi/Desktop/scrap_ws/install/velodyne:/home/pi/Desktop/scrap_ws/install/velodyne_pointcloud:/home/pi/Desktop/scrap_ws/install/velodyne_driver:/home/pi/Desktop/scrap_ws/install/velodyne_laserscan:/home/pi/Desktop/scrap_ws/install/diffdrive_arduino:/home/pi/Desktop/scrap_ws/install/scrap_pkg:/opt/ros/humble LD_LIBRARY_PATH=/home/pi/Desktop/scrap_ws/install/velodyne_msgs/lib:/home/pi/Desktop/scrap_ws/install/velodyne_pointcloud/lib:/home/pi/Desktop/scrap_ws/install/velodyne_driver/lib:/home/pi/Desktop/scrap_ws/install/velodyne_laserscan/lib:/home/pi/Desktop/scrap_ws/install/diffdrive_arduino/lib:/opt/ros/humble/opt/rviz_ogre_vendor/lib:/opt/ros/humble/lib/aarch64-linux-gnu:/opt/ros/humble/lib /usr/bin/cmake --install /home/pi/Desktop/scrap_ws/build/velodyne_driver
[22.501s] Level 1:colcon.colcon_core.environment:create_environment_scripts_only(velodyne_driver)
[22.503s] DEBUG:colcon.colcon_core.event_handler.log_command:Invoked command in '/home/pi/Desktop/scrap_ws/build/velodyne_driver' returned '0': CMAKE_PREFIX_PATH=/home/pi/Desktop/scrap_ws/install/velodyne_msgs:/home/pi/Desktop/scrap_ws/install/velodyne:/home/pi/Desktop/scrap_ws/install/velodyne_pointcloud:/home/pi/Desktop/scrap_ws/install/velodyne_driver:/home/pi/Desktop/scrap_ws/install/velodyne_laserscan:/home/pi/Desktop/scrap_ws/install/diffdrive_arduino:/home/pi/Desktop/scrap_ws/install/scrap_pkg:/opt/ros/humble LD_LIBRARY_PATH=/home/pi/Desktop/scrap_ws/install/velodyne_msgs/lib:/home/pi/Desktop/scrap_ws/install/velodyne_pointcloud/lib:/home/pi/Desktop/scrap_ws/install/velodyne_driver/lib:/home/pi/Desktop/scrap_ws/install/velodyne_laserscan/lib:/home/pi/Desktop/scrap_ws/install/diffdrive_arduino/lib:/opt/ros/humble/opt/rviz_ogre_vendor/lib:/opt/ros/humble/lib/aarch64-linux-gnu:/opt/ros/humble/lib /usr/bin/cmake --install /home/pi/Desktop/scrap_ws/build/velodyne_driver
[22.610s] Level 1:colcon.colcon_core.environment:checking '/home/pi/Desktop/scrap_ws/install/velodyne_driver' for CMake module files
[22.614s] Level 1:colcon.colcon_core.environment:checking '/home/pi/Desktop/scrap_ws/install/velodyne_driver' for CMake config files
[22.619s] Level 1:colcon.colcon_core.shell:create_environment_hook('velodyne_driver', 'cmake_prefix_path')
[22.702s] INFO:colcon.colcon_core.shell:Creating environment hook '/home/pi/Desktop/scrap_ws/install/velodyne_driver/share/velodyne_driver/hook/cmake_prefix_path.ps1'
[22.720s] INFO:colcon.colcon_core.shell:Creating environment descriptor '/home/pi/Desktop/scrap_ws/install/velodyne_driver/share/velodyne_driver/hook/cmake_prefix_path.dsv'
[22.723s] INFO:colcon.colcon_core.shell:Creating environment hook '/home/pi/Desktop/scrap_ws/install/velodyne_driver/share/velodyne_driver/hook/cmake_prefix_path.sh'
[22.728s] Level 1:colcon.colcon_core.environment:checking '/home/pi/Desktop/scrap_ws/install/velodyne_driver/lib'
[22.729s] Level 1:colcon.colcon_core.shell:create_environment_hook('velodyne_driver', 'ld_library_path_lib')
[22.812s] INFO:colcon.colcon_core.shell:Creating environment hook '/home/pi/Desktop/scrap_ws/install/velodyne_driver/share/velodyne_driver/hook/ld_library_path_lib.ps1'
[22.827s] INFO:colcon.colcon_core.shell:Creating environment descriptor '/home/pi/Desktop/scrap_ws/install/velodyne_driver/share/velodyne_driver/hook/ld_library_path_lib.dsv'
[22.830s] INFO:colcon.colcon_core.shell:Creating environment hook '/home/pi/Desktop/scrap_ws/install/velodyne_driver/share/velodyne_driver/hook/ld_library_path_lib.sh'
[22.833s] Level 1:colcon.colcon_core.environment:checking '/home/pi/Desktop/scrap_ws/install/velodyne_driver/bin'
[22.833s] Level 1:colcon.colcon_core.environment:checking '/home/pi/Desktop/scrap_ws/install/velodyne_driver/lib/pkgconfig/velodyne_driver.pc'
[22.835s] Level 1:colcon.colcon_core.environment:checking '/home/pi/Desktop/scrap_ws/install/velodyne_driver/lib/python3.10/site-packages'
[22.836s] Level 1:colcon.colcon_core.environment:checking '/home/pi/Desktop/scrap_ws/install/velodyne_driver/bin'
[22.918s] INFO:colcon.colcon_core.shell:Creating package script '/home/pi/Desktop/scrap_ws/install/velodyne_driver/share/velodyne_driver/package.ps1'
[22.987s] INFO:colcon.colcon_core.shell:Creating package descriptor '/home/pi/Desktop/scrap_ws/install/velodyne_driver/share/velodyne_driver/package.dsv'
[22.990s] INFO:colcon.colcon_core.shell:Creating package script '/home/pi/Desktop/scrap_ws/install/velodyne_driver/share/velodyne_driver/package.sh'
[23.025s] INFO:colcon.colcon_core.shell:Creating package script '/home/pi/Desktop/scrap_ws/install/velodyne_driver/share/velodyne_driver/package.bash'
[23.029s] INFO:colcon.colcon_core.shell:Creating package script '/home/pi/Desktop/scrap_ws/install/velodyne_driver/share/velodyne_driver/package.zsh'
[23.032s] Level 1:colcon.colcon_core.environment:create_file_with_runtime_dependencies(/home/pi/Desktop/scrap_ws/install/velodyne_driver/share/colcon-core/packages/velodyne_driver)
[23.043s] DEBUG:colcon.colcon_core.event_handler.log_command:Invoked command in '/home/pi/Desktop/scrap_ws/build/velodyne_pointcloud' returned '0': CMAKE_PREFIX_PATH=/home/pi/Desktop/scrap_ws/install/velodyne_msgs:/home/pi/Desktop/scrap_ws/install/velodyne:/home/pi/Desktop/scrap_ws/install/velodyne_pointcloud:/home/pi/Desktop/scrap_ws/install/velodyne_driver:/home/pi/Desktop/scrap_ws/install/velodyne_laserscan:/home/pi/Desktop/scrap_ws/install/diffdrive_arduino:/home/pi/Desktop/scrap_ws/install/scrap_pkg:/opt/ros/humble LD_LIBRARY_PATH=/home/pi/Desktop/scrap_ws/install/velodyne_msgs/lib:/home/pi/Desktop/scrap_ws/install/velodyne_pointcloud/lib:/home/pi/Desktop/scrap_ws/install/velodyne_driver/lib:/home/pi/Desktop/scrap_ws/install/velodyne_laserscan/lib:/home/pi/Desktop/scrap_ws/install/diffdrive_arduino/lib:/opt/ros/humble/opt/rviz_ogre_vendor/lib:/opt/ros/humble/lib/aarch64-linux-gnu:/opt/ros/humble/lib /usr/bin/cmake --build /home/pi/Desktop/scrap_ws/build/velodyne_pointcloud -- -j4 -l4
[23.345s] Level 1:colcon.colcon_core.environment:create_environment_scripts_only(velodyne_driver)
[23.432s] Level 1:colcon.colcon_core.environment:checking '/home/pi/Desktop/scrap_ws/install/velodyne_driver' for CMake module files
[23.436s] Level 1:colcon.colcon_core.environment:checking '/home/pi/Desktop/scrap_ws/install/velodyne_driver' for CMake config files
[23.440s] Level 1:colcon.colcon_core.shell:create_environment_hook('velodyne_driver', 'cmake_prefix_path')
[23.528s] INFO:colcon.colcon_core.shell:Creating environment hook '/home/pi/Desktop/scrap_ws/install/velodyne_driver/share/velodyne_driver/hook/cmake_prefix_path.ps1'
[23.541s] INFO:colcon.colcon_core.shell:Creating environment descriptor '/home/pi/Desktop/scrap_ws/install/velodyne_driver/share/velodyne_driver/hook/cmake_prefix_path.dsv'
[23.630s] INFO:colcon.colcon_core.shell:Creating environment hook '/home/pi/Desktop/scrap_ws/install/velodyne_driver/share/velodyne_driver/hook/cmake_prefix_path.sh'
[23.633s] Level 1:colcon.colcon_core.environment:checking '/home/pi/Desktop/scrap_ws/install/velodyne_driver/lib'
[23.633s] Level 1:colcon.colcon_core.shell:create_environment_hook('velodyne_driver', 'ld_library_path_lib')
[23.736s] INFO:colcon.colcon_core.shell:Creating environment hook '/home/pi/Desktop/scrap_ws/install/velodyne_driver/share/velodyne_driver/hook/ld_library_path_lib.ps1'
[23.801s] INFO:colcon.colcon_core.shell:Creating environment descriptor '/home/pi/Desktop/scrap_ws/install/velodyne_driver/share/velodyne_driver/hook/ld_library_path_lib.dsv'
[23.901s] INFO:colcon.colcon_core.shell:Creating environment hook '/home/pi/Desktop/scrap_ws/install/velodyne_driver/share/velodyne_driver/hook/ld_library_path_lib.sh'
[23.904s] Level 1:colcon.colcon_core.environment:checking '/home/pi/Desktop/scrap_ws/install/velodyne_driver/bin'
[23.904s] Level 1:colcon.colcon_core.environment:checking '/home/pi/Desktop/scrap_ws/install/velodyne_driver/lib/pkgconfig/velodyne_driver.pc'
[23.905s] Level 1:colcon.colcon_core.environment:checking '/home/pi/Desktop/scrap_ws/install/velodyne_driver/lib/python3.10/site-packages'
[23.907s] Level 1:colcon.colcon_core.environment:checking '/home/pi/Desktop/scrap_ws/install/velodyne_driver/bin'
[24.028s] INFO:colcon.colcon_core.shell:Creating package script '/home/pi/Desktop/scrap_ws/install/velodyne_driver/share/velodyne_driver/package.ps1'
[24.145s] INFO:colcon.colcon_core.shell:Creating package descriptor '/home/pi/Desktop/scrap_ws/install/velodyne_driver/share/velodyne_driver/package.dsv'
[24.150s] INFO:colcon.colcon_core.shell:Creating package script '/home/pi/Desktop/scrap_ws/install/velodyne_driver/share/velodyne_driver/package.sh'
[24.182s] INFO:colcon.colcon_core.shell:Creating package script '/home/pi/Desktop/scrap_ws/install/velodyne_driver/share/velodyne_driver/package.bash'
[24.186s] INFO:colcon.colcon_core.shell:Creating package script '/home/pi/Desktop/scrap_ws/install/velodyne_driver/share/velodyne_driver/package.zsh'
[24.190s] Level 1:colcon.colcon_core.environment:create_file_with_runtime_dependencies(/home/pi/Desktop/scrap_ws/install/velodyne_driver/share/colcon-core/packages/velodyne_driver)
[24.254s] DEBUG:colcon.colcon_core.event_handler.log_command:Invoking command in '/home/pi/Desktop/scrap_ws/build/velodyne_pointcloud': CMAKE_PREFIX_PATH=/home/pi/Desktop/scrap_ws/install/velodyne_msgs:/home/pi/Desktop/scrap_ws/install/velodyne:/home/pi/Desktop/scrap_ws/install/velodyne_pointcloud:/home/pi/Desktop/scrap_ws/install/velodyne_driver:/home/pi/Desktop/scrap_ws/install/velodyne_laserscan:/home/pi/Desktop/scrap_ws/install/diffdrive_arduino:/home/pi/Desktop/scrap_ws/install/scrap_pkg:/opt/ros/humble LD_LIBRARY_PATH=/home/pi/Desktop/scrap_ws/install/velodyne_msgs/lib:/home/pi/Desktop/scrap_ws/install/velodyne_pointcloud/lib:/home/pi/Desktop/scrap_ws/install/velodyne_driver/lib:/home/pi/Desktop/scrap_ws/install/velodyne_laserscan/lib:/home/pi/Desktop/scrap_ws/install/diffdrive_arduino/lib:/opt/ros/humble/opt/rviz_ogre_vendor/lib:/opt/ros/humble/lib/aarch64-linux-gnu:/opt/ros/humble/lib /usr/bin/cmake --install /home/pi/Desktop/scrap_ws/build/velodyne_pointcloud
[24.344s] Level 1:colcon.colcon_core.environment:create_environment_scripts_only(velodyne_pointcloud)
[24.346s] DEBUG:colcon.colcon_core.event_handler.log_command:Invoked command in '/home/pi/Desktop/scrap_ws/build/velodyne_pointcloud' returned '0': CMAKE_PREFIX_PATH=/home/pi/Desktop/scrap_ws/install/velodyne_msgs:/home/pi/Desktop/scrap_ws/install/velodyne:/home/pi/Desktop/scrap_ws/install/velodyne_pointcloud:/home/pi/Desktop/scrap_ws/install/velodyne_driver:/home/pi/Desktop/scrap_ws/install/velodyne_laserscan:/home/pi/Desktop/scrap_ws/install/diffdrive_arduino:/home/pi/Desktop/scrap_ws/install/scrap_pkg:/opt/ros/humble LD_LIBRARY_PATH=/home/pi/Desktop/scrap_ws/install/velodyne_msgs/lib:/home/pi/Desktop/scrap_ws/install/velodyne_pointcloud/lib:/home/pi/Desktop/scrap_ws/install/velodyne_driver/lib:/home/pi/Desktop/scrap_ws/install/velodyne_laserscan/lib:/home/pi/Desktop/scrap_ws/install/diffdrive_arduino/lib:/opt/ros/humble/opt/rviz_ogre_vendor/lib:/opt/ros/humble/lib/aarch64-linux-gnu:/opt/ros/humble/lib /usr/bin/cmake --install /home/pi/Desktop/scrap_ws/build/velodyne_pointcloud
[24.432s] Level 1:colcon.colcon_core.environment:checking '/home/pi/Desktop/scrap_ws/install/velodyne_pointcloud' for CMake module files
[24.435s] Level 1:colcon.colcon_core.environment:checking '/home/pi/Desktop/scrap_ws/install/velodyne_pointcloud' for CMake config files
[24.440s] Level 1:colcon.colcon_core.shell:create_environment_hook('velodyne_pointcloud', 'cmake_prefix_path')
[24.524s] INFO:colcon.colcon_core.shell:Creating environment hook '/home/pi/Desktop/scrap_ws/install/velodyne_pointcloud/share/velodyne_pointcloud/hook/cmake_prefix_path.ps1'
[24.627s] INFO:colcon.colcon_core.shell:Creating environment descriptor '/home/pi/Desktop/scrap_ws/install/velodyne_pointcloud/share/velodyne_pointcloud/hook/cmake_prefix_path.dsv'
[24.704s] INFO:colcon.colcon_core.shell:Creating environment hook '/home/pi/Desktop/scrap_ws/install/velodyne_pointcloud/share/velodyne_pointcloud/hook/cmake_prefix_path.sh'
[24.780s] Level 1:colcon.colcon_core.environment:checking '/home/pi/Desktop/scrap_ws/install/velodyne_pointcloud/lib'
[24.782s] Level 1:colcon.colcon_core.shell:create_environment_hook('velodyne_pointcloud', 'ld_library_path_lib')
[24.871s] INFO:colcon.colcon_core.shell:Creating environment hook '/home/pi/Desktop/scrap_ws/install/velodyne_pointcloud/share/velodyne_pointcloud/hook/ld_library_path_lib.ps1'
[24.917s] INFO:colcon.colcon_core.shell:Creating environment descriptor '/home/pi/Desktop/scrap_ws/install/velodyne_pointcloud/share/velodyne_pointcloud/hook/ld_library_path_lib.dsv'
[25.005s] INFO:colcon.colcon_core.shell:Creating environment hook '/home/pi/Desktop/scrap_ws/install/velodyne_pointcloud/share/velodyne_pointcloud/hook/ld_library_path_lib.sh'
[25.053s] Level 1:colcon.colcon_core.environment:checking '/home/pi/Desktop/scrap_ws/install/velodyne_pointcloud/bin'
[25.054s] Level 1:colcon.colcon_core.environment:checking '/home/pi/Desktop/scrap_ws/install/velodyne_pointcloud/lib/pkgconfig/velodyne_pointcloud.pc'
[25.055s] Level 1:colcon.colcon_core.environment:checking '/home/pi/Desktop/scrap_ws/install/velodyne_pointcloud/lib/python3.10/site-packages'
[25.057s] Level 1:colcon.colcon_core.environment:checking '/home/pi/Desktop/scrap_ws/install/velodyne_pointcloud/bin'
[25.148s] INFO:colcon.colcon_core.shell:Creating package script '/home/pi/Desktop/scrap_ws/install/velodyne_pointcloud/share/velodyne_pointcloud/package.ps1'
[25.193s] INFO:colcon.colcon_core.shell:Creating package descriptor '/home/pi/Desktop/scrap_ws/install/velodyne_pointcloud/share/velodyne_pointcloud/package.dsv'
[25.197s] INFO:colcon.colcon_core.shell:Creating package script '/home/pi/Desktop/scrap_ws/install/velodyne_pointcloud/share/velodyne_pointcloud/package.sh'
[25.226s] INFO:colcon.colcon_core.shell:Creating package script '/home/pi/Desktop/scrap_ws/install/velodyne_pointcloud/share/velodyne_pointcloud/package.bash'
[25.307s] INFO:colcon.colcon_core.shell:Creating package script '/home/pi/Desktop/scrap_ws/install/velodyne_pointcloud/share/velodyne_pointcloud/package.zsh'
[25.309s] Level 1:colcon.colcon_core.environment:create_file_with_runtime_dependencies(/home/pi/Desktop/scrap_ws/install/velodyne_pointcloud/share/colcon-core/packages/velodyne_pointcloud)
[25.626s] Level 1:colcon.colcon_core.environment:create_environment_scripts_only(velodyne_pointcloud)
[25.716s] Level 1:colcon.colcon_core.environment:checking '/home/pi/Desktop/scrap_ws/install/velodyne_pointcloud' for CMake module files
[25.719s] Level 1:colcon.colcon_core.environment:checking '/home/pi/Desktop/scrap_ws/install/velodyne_pointcloud' for CMake config files
[25.724s] Level 1:colcon.colcon_core.shell:create_environment_hook('velodyne_pointcloud', 'cmake_prefix_path')
[25.810s] INFO:colcon.colcon_core.shell:Creating environment hook '/home/pi/Desktop/scrap_ws/install/velodyne_pointcloud/share/velodyne_pointcloud/hook/cmake_prefix_path.ps1'
[25.815s] INFO:colcon.colcon_core.shell:Creating environment descriptor '/home/pi/Desktop/scrap_ws/install/velodyne_pointcloud/share/velodyne_pointcloud/hook/cmake_prefix_path.dsv'
[25.816s] INFO:colcon.colcon_core.shell:Creating environment hook '/home/pi/Desktop/scrap_ws/install/velodyne_pointcloud/share/velodyne_pointcloud/hook/cmake_prefix_path.sh'
[25.819s] Level 1:colcon.colcon_core.environment:checking '/home/pi/Desktop/scrap_ws/install/velodyne_pointcloud/lib'
[25.819s] Level 1:colcon.colcon_core.shell:create_environment_hook('velodyne_pointcloud', 'ld_library_path_lib')
[25.906s] INFO:colcon.colcon_core.shell:Creating environment hook '/home/pi/Desktop/scrap_ws/install/velodyne_pointcloud/share/velodyne_pointcloud/hook/ld_library_path_lib.ps1'
[25.925s] INFO:colcon.colcon_core.shell:Creating environment descriptor '/home/pi/Desktop/scrap_ws/install/velodyne_pointcloud/share/velodyne_pointcloud/hook/ld_library_path_lib.dsv'
[25.928s] INFO:colcon.colcon_core.shell:Creating environment hook '/home/pi/Desktop/scrap_ws/install/velodyne_pointcloud/share/velodyne_pointcloud/hook/ld_library_path_lib.sh'
[25.931s] Level 1:colcon.colcon_core.environment:checking '/home/pi/Desktop/scrap_ws/install/velodyne_pointcloud/bin'
[25.932s] Level 1:colcon.colcon_core.environment:checking '/home/pi/Desktop/scrap_ws/install/velodyne_pointcloud/lib/pkgconfig/velodyne_pointcloud.pc'
[25.933s] Level 1:colcon.colcon_core.environment:checking '/home/pi/Desktop/scrap_ws/install/velodyne_pointcloud/lib/python3.10/site-packages'
[25.935s] Level 1:colcon.colcon_core.environment:checking '/home/pi/Desktop/scrap_ws/install/velodyne_pointcloud/bin'
[26.026s] INFO:colcon.colcon_core.shell:Creating package script '/home/pi/Desktop/scrap_ws/install/velodyne_pointcloud/share/velodyne_pointcloud/package.ps1'
[26.072s] INFO:colcon.colcon_core.shell:Creating package descriptor '/home/pi/Desktop/scrap_ws/install/velodyne_pointcloud/share/velodyne_pointcloud/package.dsv'
[26.080s] INFO:colcon.colcon_core.shell:Creating package script '/home/pi/Desktop/scrap_ws/install/velodyne_pointcloud/share/velodyne_pointcloud/package.sh'
[26.083s] INFO:colcon.colcon_core.shell:Creating package script '/home/pi/Desktop/scrap_ws/install/velodyne_pointcloud/share/velodyne_pointcloud/package.bash'
[26.085s] INFO:colcon.colcon_core.shell:Creating package script '/home/pi/Desktop/scrap_ws/install/velodyne_pointcloud/share/velodyne_pointcloud/package.zsh'
[26.087s] Level 1:colcon.colcon_core.environment:create_file_with_runtime_dependencies(/home/pi/Desktop/scrap_ws/install/velodyne_pointcloud/share/colcon-core/packages/velodyne_pointcloud)
[26.088s] INFO:colcon.colcon_ros.task.ament_cmake.build:Building ROS package in '/home/pi/Desktop/scrap_ws/src/velodyne/velodyne' with build type 'ament_cmake'
[26.089s] INFO:colcon.colcon_cmake.task.cmake.build:Building CMake package in '/home/pi/Desktop/scrap_ws/src/velodyne/velodyne'
[26.175s] INFO:colcon.colcon_core.shell:Skip shell extension 'powershell' for command environment: Not usable outside of PowerShell
[26.175s] DEBUG:colcon.colcon_core.shell:Skip shell extension 'dsv' for command environment
[26.681s] DEBUG:colcon.colcon_core.event_handler.log_command:Invoking command in '/home/pi/Desktop/scrap_ws/build/velodyne': CMAKE_PREFIX_PATH=/home/pi/Desktop/scrap_ws/install/velodyne_pointcloud:/home/pi/Desktop/scrap_ws/install/velodyne_driver:/home/pi/Desktop/scrap_ws/install/velodyne_msgs:/home/pi/Desktop/scrap_ws/install/velodyne_laserscan:/home/pi/Desktop/scrap_ws/install/velodyne:/home/pi/Desktop/scrap_ws/install/diffdrive_arduino:/home/pi/Desktop/scrap_ws/install/scrap_pkg:/opt/ros/humble /usr/bin/cmake --build /home/pi/Desktop/scrap_ws/build/velodyne -- -j4 -l4
[26.864s] DEBUG:colcon.colcon_core.event_handler.log_command:Invoked command in '/home/pi/Desktop/scrap_ws/build/velodyne' returned '0': CMAKE_PREFIX_PATH=/home/pi/Desktop/scrap_ws/install/velodyne_pointcloud:/home/pi/Desktop/scrap_ws/install/velodyne_driver:/home/pi/Desktop/scrap_ws/install/velodyne_msgs:/home/pi/Desktop/scrap_ws/install/velodyne_laserscan:/home/pi/Desktop/scrap_ws/install/velodyne:/home/pi/Desktop/scrap_ws/install/diffdrive_arduino:/home/pi/Desktop/scrap_ws/install/scrap_pkg:/opt/ros/humble /usr/bin/cmake --build /home/pi/Desktop/scrap_ws/build/velodyne -- -j4 -l4
[27.009s] DEBUG:colcon.colcon_core.event_handler.log_command:Invoking command in '/home/pi/Desktop/scrap_ws/build/velodyne': CMAKE_PREFIX_PATH=/home/pi/Desktop/scrap_ws/install/velodyne_pointcloud:/home/pi/Desktop/scrap_ws/install/velodyne_driver:/home/pi/Desktop/scrap_ws/install/velodyne_msgs:/home/pi/Desktop/scrap_ws/install/velodyne_laserscan:/home/pi/Desktop/scrap_ws/install/velodyne:/home/pi/Desktop/scrap_ws/install/diffdrive_arduino:/home/pi/Desktop/scrap_ws/install/scrap_pkg:/opt/ros/humble /usr/bin/cmake --install /home/pi/Desktop/scrap_ws/build/velodyne
[27.120s] Level 1:colcon.colcon_core.environment:create_environment_scripts_only(velodyne)
[27.122s] DEBUG:colcon.colcon_core.event_handler.log_command:Invoked command in '/home/pi/Desktop/scrap_ws/build/velodyne' returned '0': CMAKE_PREFIX_PATH=/home/pi/Desktop/scrap_ws/install/velodyne_pointcloud:/home/pi/Desktop/scrap_ws/install/velodyne_driver:/home/pi/Desktop/scrap_ws/install/velodyne_msgs:/home/pi/Desktop/scrap_ws/install/velodyne_laserscan:/home/pi/Desktop/scrap_ws/install/velodyne:/home/pi/Desktop/scrap_ws/install/diffdrive_arduino:/home/pi/Desktop/scrap_ws/install/scrap_pkg:/opt/ros/humble /usr/bin/cmake --install /home/pi/Desktop/scrap_ws/build/velodyne
[27.209s] Level 1:colcon.colcon_core.environment:checking '/home/pi/Desktop/scrap_ws/install/velodyne' for CMake module files
[27.213s] Level 1:colcon.colcon_core.environment:checking '/home/pi/Desktop/scrap_ws/install/velodyne' for CMake config files
[27.216s] Level 1:colcon.colcon_core.shell:create_environment_hook('velodyne', 'cmake_prefix_path')
[27.303s] INFO:colcon.colcon_core.shell:Creating environment hook '/home/pi/Desktop/scrap_ws/install/velodyne/share/velodyne/hook/cmake_prefix_path.ps1'
[27.388s] INFO:colcon.colcon_core.shell:Creating environment descriptor '/home/pi/Desktop/scrap_ws/install/velodyne/share/velodyne/hook/cmake_prefix_path.dsv'
[27.418s] INFO:colcon.colcon_core.shell:Creating environment hook '/home/pi/Desktop/scrap_ws/install/velodyne/share/velodyne/hook/cmake_prefix_path.sh'
[27.460s] Level 1:colcon.colcon_core.environment:checking '/home/pi/Desktop/scrap_ws/install/velodyne/bin'
[27.461s] Level 1:colcon.colcon_core.environment:checking '/home/pi/Desktop/scrap_ws/install/velodyne/lib/pkgconfig/velodyne.pc'
[27.463s] Level 1:colcon.colcon_core.environment:checking '/home/pi/Desktop/scrap_ws/install/velodyne/lib/python3.10/site-packages'
[27.465s] Level 1:colcon.colcon_core.environment:checking '/home/pi/Desktop/scrap_ws/install/velodyne/bin'
[27.554s] INFO:colcon.colcon_core.shell:Creating package script '/home/pi/Desktop/scrap_ws/install/velodyne/share/velodyne/package.ps1'
[27.587s] INFO:colcon.colcon_core.shell:Creating package descriptor '/home/pi/Desktop/scrap_ws/install/velodyne/share/velodyne/package.dsv'
[27.590s] INFO:colcon.colcon_core.shell:Creating package script '/home/pi/Desktop/scrap_ws/install/velodyne/share/velodyne/package.sh'
[27.643s] INFO:colcon.colcon_core.shell:Creating package script '/home/pi/Desktop/scrap_ws/install/velodyne/share/velodyne/package.bash'
[27.694s] INFO:colcon.colcon_core.shell:Creating package script '/home/pi/Desktop/scrap_ws/install/velodyne/share/velodyne/package.zsh'
[27.745s] Level 1:colcon.colcon_core.environment:create_file_with_runtime_dependencies(/home/pi/Desktop/scrap_ws/install/velodyne/share/colcon-core/packages/velodyne)
[28.022s] Level 1:colcon.colcon_core.environment:create_environment_scripts_only(velodyne)
[28.106s] Level 1:colcon.colcon_core.environment:checking '/home/pi/Desktop/scrap_ws/install/velodyne' for CMake module files
[28.189s] Level 1:colcon.colcon_core.environment:checking '/home/pi/Desktop/scrap_ws/install/velodyne' for CMake config files
[28.195s] Level 1:colcon.colcon_core.shell:create_environment_hook('velodyne', 'cmake_prefix_path')
[28.278s] INFO:colcon.colcon_core.shell:Creating environment hook '/home/pi/Desktop/scrap_ws/install/velodyne/share/velodyne/hook/cmake_prefix_path.ps1'
[28.364s] INFO:colcon.colcon_core.shell:Creating environment descriptor '/home/pi/Desktop/scrap_ws/install/velodyne/share/velodyne/hook/cmake_prefix_path.dsv'
[28.406s] INFO:colcon.colcon_core.shell:Creating environment hook '/home/pi/Desktop/scrap_ws/install/velodyne/share/velodyne/hook/cmake_prefix_path.sh'
[28.449s] Level 1:colcon.colcon_core.environment:checking '/home/pi/Desktop/scrap_ws/install/velodyne/bin'
[28.450s] Level 1:colcon.colcon_core.environment:checking '/home/pi/Desktop/scrap_ws/install/velodyne/lib/pkgconfig/velodyne.pc'
[28.452s] Level 1:colcon.colcon_core.environment:checking '/home/pi/Desktop/scrap_ws/install/velodyne/lib/python3.10/site-packages'
[28.453s] Level 1:colcon.colcon_core.environment:checking '/home/pi/Desktop/scrap_ws/install/velodyne/bin'
[28.548s] INFO:colcon.colcon_core.shell:Creating package script '/home/pi/Desktop/scrap_ws/install/velodyne/share/velodyne/package.ps1'
[28.635s] INFO:colcon.colcon_core.shell:Creating package descriptor '/home/pi/Desktop/scrap_ws/install/velodyne/share/velodyne/package.dsv'
[28.638s] INFO:colcon.colcon_core.shell:Creating package script '/home/pi/Desktop/scrap_ws/install/velodyne/share/velodyne/package.sh'
[28.641s] INFO:colcon.colcon_core.shell:Creating package script '/home/pi/Desktop/scrap_ws/install/velodyne/share/velodyne/package.bash'
[28.643s] INFO:colcon.colcon_core.shell:Creating package script '/home/pi/Desktop/scrap_ws/install/velodyne/share/velodyne/package.zsh'
[28.646s] Level 1:colcon.colcon_core.environment:create_file_with_runtime_dependencies(/home/pi/Desktop/scrap_ws/install/velodyne/share/colcon-core/packages/velodyne)
[28.647s] DEBUG:colcon.colcon_parallel_executor.executor.parallel:closing loop
[28.649s] DEBUG:colcon.colcon_parallel_executor.executor.parallel:loop closed
[28.649s] DEBUG:colcon.colcon_parallel_executor.executor.parallel:run_until_complete finished with '0'
[28.650s] DEBUG:colcon.colcon_core.event_reactor:joining thread
[28.789s] INFO:colcon.colcon_core.plugin_system:Skipping extension 'colcon_notification.desktop_notification.terminal_notifier': Not used on non-Darwin systems
[28.789s] INFO:colcon.colcon_core.plugin_system:Skipping extension 'colcon_notification.desktop_notification.win32': Not used on non-Windows systems
[28.789s] INFO:colcon.colcon_notification.desktop_notification:Sending desktop notification using 'notify2'
[28.790s] DEBUG:colcon.colcon_notification.desktop_notification.notify2:Failed to initialize notify2: org.freedesktop.DBus.Error.NotSupported: Unable to autolaunch a dbus-daemon without a $DISPLAY for X11
[28.790s] DEBUG:colcon.colcon_core.event_reactor:joined thread
[28.876s] INFO:colcon.colcon_core.shell:Creating prefix script '/home/pi/Desktop/scrap_ws/install/local_setup.ps1'
[28.925s] INFO:colcon.colcon_core.shell:Creating prefix util module '/home/pi/Desktop/scrap_ws/install/_local_setup_util_ps1.py'
[28.978s] INFO:colcon.colcon_core.shell:Creating prefix chain script '/home/pi/Desktop/scrap_ws/install/setup.ps1'
[29.084s] INFO:colcon.colcon_core.shell:Creating prefix script '/home/pi/Desktop/scrap_ws/install/local_setup.sh'
[29.087s] INFO:colcon.colcon_core.shell:Creating prefix util module '/home/pi/Desktop/scrap_ws/install/_local_setup_util_sh.py'
[29.090s] INFO:colcon.colcon_core.shell:Creating prefix chain script '/home/pi/Desktop/scrap_ws/install/setup.sh'
[29.190s] INFO:colcon.colcon_core.shell:Creating prefix script '/home/pi/Desktop/scrap_ws/install/local_setup.bash'
[29.240s] INFO:colcon.colcon_core.shell:Creating prefix chain script '/home/pi/Desktop/scrap_ws/install/setup.bash'
[29.341s] INFO:colcon.colcon_core.shell:Creating prefix script '/home/pi/Desktop/scrap_ws/install/local_setup.zsh'
[29.344s] INFO:colcon.colcon_core.shell:Creating prefix chain script '/home/pi/Desktop/scrap_ws/install/setup.zsh'
