[1.076s] Invoking command in '/home/pi/Desktop/scrap_ws/build/velodyne_laserscan': CMAKE_PREFIX_PATH=/opt/ros/humble /usr/bin/cmake --build /home/pi/Desktop/scrap_ws/build/velodyne_laserscan -- -j4 -l4
[2.188s] [ 50%] Built target velodyne_laserscan
[2.566s] [100%] Built target velodyne_laserscan_node
[3.488s] Invoked command in '/home/pi/Desktop/scrap_ws/build/velodyne_laserscan' returned '0': CMAKE_PREFIX_PATH=/opt/ros/humble /usr/bin/cmake --build /home/pi/Desktop/scrap_ws/build/velodyne_laserscan -- -j4 -l4
[3.853s] Invoking command in '/home/pi/Desktop/scrap_ws/build/velodyne_laserscan': CMAKE_PREFIX_PATH=/opt/ros/humble /usr/bin/cmake --install /home/pi/Desktop/scrap_ws/build/velodyne_laserscan
[3.917s] -- Install configuration: ""
[3.995s] -- Execute custom install script
[4.022s] -- Up-to-date symlink: /home/pi/Desktop/scrap_ws/install/velodyne_laserscan/lib/libvelodyne_laserscan.so
[4.034s] -- Up-to-date symlink: /home/pi/Desktop/scrap_ws/install/velodyne_laserscan/lib/velodyne_laserscan/velodyne_laserscan_node
[4.049s] -- Up-to-date symlink: /home/pi/Desktop/scrap_ws/install/velodyne_laserscan/include/velodyne_laserscan/velodyne_laserscan.hpp
[4.078s] -- Up-to-date symlink: /home/pi/Desktop/scrap_ws/install/velodyne_laserscan/share/velodyne_laserscan/config/default-velodyne_laserscan_node-params.yaml
[4.086s] -- Up-to-date symlink: /home/pi/Desktop/scrap_ws/install/velodyne_laserscan/share/velodyne_laserscan/launch/velodyne_laserscan_node-composed-launch.py
[4.089s] -- Up-to-date symlink: /home/pi/Desktop/scrap_ws/install/velodyne_laserscan/share/velodyne_laserscan/launch/velodyne_laserscan_node-launch.py
[4.100s] -- Up-to-date symlink: /home/pi/Desktop/scrap_ws/install/velodyne_laserscan/share/ament_index/resource_index/package_run_dependencies/velodyne_laserscan
[4.105s] -- Up-to-date symlink: /home/pi/Desktop/scrap_ws/install/velodyne_laserscan/share/ament_index/resource_index/parent_prefix_path/velodyne_laserscan
[4.112s] -- Up-to-date symlink: /home/pi/Desktop/scrap_ws/install/velodyne_laserscan/share/velodyne_laserscan/environment/ament_prefix_path.sh
[4.116s] -- Up-to-date symlink: /home/pi/Desktop/scrap_ws/install/velodyne_laserscan/share/velodyne_laserscan/environment/ament_prefix_path.dsv
[4.121s] -- Up-to-date symlink: /home/pi/Desktop/scrap_ws/install/velodyne_laserscan/share/velodyne_laserscan/environment/path.sh
[4.130s] -- Up-to-date symlink: /home/pi/Desktop/scrap_ws/install/velodyne_laserscan/share/velodyne_laserscan/environment/path.dsv
[4.131s] -- Up-to-date symlink: /home/pi/Desktop/scrap_ws/install/velodyne_laserscan/share/velodyne_laserscan/local_setup.bash
[4.135s] -- Up-to-date symlink: /home/pi/Desktop/scrap_ws/install/velodyne_laserscan/share/velodyne_laserscan/local_setup.sh
[4.144s] -- Up-to-date symlink: /home/pi/Desktop/scrap_ws/install/velodyne_laserscan/share/velodyne_laserscan/local_setup.zsh
[4.151s] -- Up-to-date symlink: /home/pi/Desktop/scrap_ws/install/velodyne_laserscan/share/velodyne_laserscan/local_setup.dsv
[4.156s] -- Symlinking: /home/pi/Desktop/scrap_ws/install/velodyne_laserscan/share/velodyne_laserscan/package.dsv
[4.228s] -- Up-to-date symlink: /home/pi/Desktop/scrap_ws/install/velodyne_laserscan/share/ament_index/resource_index/packages/velodyne_laserscan
[4.239s] -- Up-to-date symlink: /home/pi/Desktop/scrap_ws/install/velodyne_laserscan/share/ament_index/resource_index/rclcpp_components/velodyne_laserscan
[4.248s] -- Up-to-date symlink: /home/pi/Desktop/scrap_ws/install/velodyne_laserscan/share/velodyne_laserscan/cmake/velodyne_laserscanConfig.cmake
[4.300s] -- Up-to-date symlink: /home/pi/Desktop/scrap_ws/install/velodyne_laserscan/share/velodyne_laserscan/cmake/velodyne_laserscanConfig-version.cmake
[4.305s] -- Up-to-date symlink: /home/pi/Desktop/scrap_ws/install/velodyne_laserscan/share/velodyne_laserscan/package.xml
[4.308s] Invoked command in '/home/pi/Desktop/scrap_ws/build/velodyne_laserscan' returned '0': CMAKE_PREFIX_PATH=/opt/ros/humble /usr/bin/cmake --install /home/pi/Desktop/scrap_ws/build/velodyne_laserscan
