[7.316s] Invoking command in '/home/pi/Desktop/scrap_ws/build/scrap_pkg': PYTHONPATH=/home/pi/Desktop/scrap_ws/build/scrap_pkg/prefix_override:/home/pi/Desktop/scrap_ws/install/scrap_pkg/lib/python3.10/site-packages:${PYTHONPATH} /usr/bin/python3 setup.py develop --editable --build-directory /home/pi/Desktop/scrap_ws/build/scrap_pkg/build --no-deps install_data
[8.789s] running develop
[8.790s] /usr/lib/python3/dist-packages/setuptools/command/easy_install.py:158: EasyInstallDeprecationWarning: easy_install command is deprecated. Use build and pip and other standards-based tools.
[8.791s]   warnings.warn(
[8.796s] /usr/lib/python3/dist-packages/setuptools/command/install.py:34: SetuptoolsDeprecationWarning: setup.py install is deprecated. Use build and pip and other standards-based tools.
[8.797s]   warnings.warn(
[9.901s] running egg_info
[9.902s] writing scrap_pkg.egg-info/PKG-INFO
[9.974s] writing dependency_links to scrap_pkg.egg-info/dependency_links.txt
[10.024s] writing entry points to scrap_pkg.egg-info/entry_points.txt
[10.026s] writing requirements to scrap_pkg.egg-info/requires.txt
[10.027s] writing top-level names to scrap_pkg.egg-info/top_level.txt
[10.036s] reading manifest file 'scrap_pkg.egg-info/SOURCES.txt'
[10.041s] writing manifest file 'scrap_pkg.egg-info/SOURCES.txt'
[10.048s] running build_ext
[10.048s] Creating /home/pi/Desktop/scrap_ws/install/scrap_pkg/lib/python3.10/site-packages/scrap-pkg.egg-link (link to .)
[10.052s] Installing motor_node script to /home/pi/Desktop/scrap_ws/install/scrap_pkg/lib/scrap_pkg
[10.054s] 
[10.055s] Installed /home/pi/Desktop/scrap_ws/build/scrap_pkg
[10.056s] running install_data
[10.058s] copying description/ros2_control.xacro -> /home/pi/Desktop/scrap_ws/install/scrap_pkg/share/scrap_pkg/description
[11.057s] Invoked command in '/home/pi/Desktop/scrap_ws/build/scrap_pkg' returned '0': PYTHONPATH=/home/pi/Desktop/scrap_ws/build/scrap_pkg/prefix_override:/home/pi/Desktop/scrap_ws/install/scrap_pkg/lib/python3.10/site-packages:${PYTHONPATH} /usr/bin/python3 setup.py develop --editable --build-directory /home/pi/Desktop/scrap_ws/build/scrap_pkg/build --no-deps install_data
