[0.297s] DEBUG:colcon:Command line arguments: ['/usr/bin/colcon', 'build']
[0.297s] DEBUG:colcon:Parsed command line arguments: Namespace(log_base=None, log_level=None, verb_name='build', build_base='build', install_base='install', merge_install=False, symlink_install=False, test_result_base=None, continue_on_error=False, executor='parallel', parallel_workers=2, event_handlers=None, ignore_user_meta=False, metas=['./colcon.meta'], base_paths=['.'], packages_ignore=None, packages_ignore_regex=None, paths=None, packages_up_to=None, packages_up_to_regex=None, packages_above=None, packages_above_and_dependencies=None, packages_above_depth=None, packages_select_by_dep=None, packages_skip_by_dep=None, packages_skip_up_to=None, packages_select_build_failed=False, packages_skip_build_finished=False, packages_select_test_failures=False, packages_skip_test_passed=False, packages_select=None, packages_skip=None, packages_select_regex=None, packages_skip_regex=None, packages_start=None, packages_end=None, allow_overriding=[], cmake_args=None, cmake_target=None, cmake_target_skip_unavailable=False, cmake_clean_cache=False, cmake_clean_first=False, cmake_force_configure=False, ament_cmake_args=None, catkin_cmake_args=None, catkin_skip_building_tests=False, verb_parser=<colcon_defaults.argument_parser.defaults.DefaultArgumentsDecorator object at 0x7f23bee87400>, verb_extension=<colcon_core.verb.build.BuildVerb object at 0x7f23beffbe50>, main=<bound method BuildVerb.main of <colcon_core.verb.build.BuildVerb object at 0x7f23beffbe50>>)
[0.329s] Level 1:colcon.colcon_core.package_discovery:discover_packages(colcon_meta) check parameters
[0.329s] Level 1:colcon.colcon_core.package_discovery:discover_packages(recursive) check parameters
[0.329s] Level 1:colcon.colcon_core.package_discovery:discover_packages(ignore) check parameters
[0.329s] Level 1:colcon.colcon_core.package_discovery:discover_packages(path) check parameters
[0.329s] Level 1:colcon.colcon_core.package_discovery:discover_packages(colcon_meta) discover
[0.330s] Level 1:colcon.colcon_core.package_discovery:discover_packages(recursive) discover
[0.330s] INFO:colcon.colcon_core.package_discovery:Crawling recursively for packages in '/home/dayo/Desktop/scrap_ws'
[0.330s] Level 1:colcon.colcon_core.package_identification:_identify(.) by extensions ['ignore', 'ignore_ament_install']
[0.330s] Level 1:colcon.colcon_core.package_identification:_identify(.) by extension 'ignore'
[0.330s] Level 1:colcon.colcon_core.package_identification:_identify(.) by extension 'ignore_ament_install'
[0.330s] Level 1:colcon.colcon_core.package_identification:_identify(.) by extensions ['colcon_pkg']
[0.330s] Level 1:colcon.colcon_core.package_identification:_identify(.) by extension 'colcon_pkg'
[0.331s] Level 1:colcon.colcon_core.package_identification:_identify(.) by extensions ['colcon_meta']
[0.331s] Level 1:colcon.colcon_core.package_identification:_identify(.) by extension 'colcon_meta'
[0.331s] Level 1:colcon.colcon_core.package_identification:_identify(.) by extensions ['ros']
[0.331s] Level 1:colcon.colcon_core.package_identification:_identify(.) by extension 'ros'
[0.341s] Level 1:colcon.colcon_core.package_identification:_identify(.) by extensions ['cmake', 'python']
[0.341s] Level 1:colcon.colcon_core.package_identification:_identify(.) by extension 'cmake'
[0.341s] Level 1:colcon.colcon_core.package_identification:_identify(.) by extension 'python'
[0.342s] Level 1:colcon.colcon_core.package_identification:_identify(.) by extensions ['python_setup_py']
[0.342s] Level 1:colcon.colcon_core.package_identification:_identify(.) by extension 'python_setup_py'
[0.342s] Level 1:colcon.colcon_core.package_identification:_identify(build) by extensions ['ignore', 'ignore_ament_install']
[0.343s] Level 1:colcon.colcon_core.package_identification:_identify(build) by extension 'ignore'
[0.343s] Level 1:colcon.colcon_core.package_identification:_identify(build) ignored
[0.343s] Level 1:colcon.colcon_core.package_identification:_identify(install) by extensions ['ignore', 'ignore_ament_install']
[0.344s] Level 1:colcon.colcon_core.package_identification:_identify(install) by extension 'ignore'
[0.344s] Level 1:colcon.colcon_core.package_identification:_identify(install) ignored
[0.344s] Level 1:colcon.colcon_core.package_identification:_identify(log) by extensions ['ignore', 'ignore_ament_install']
[0.345s] Level 1:colcon.colcon_core.package_identification:_identify(log) by extension 'ignore'
[0.345s] Level 1:colcon.colcon_core.package_identification:_identify(log) ignored
[0.345s] Level 1:colcon.colcon_core.package_identification:_identify(src) by extensions ['ignore', 'ignore_ament_install']
[0.345s] Level 1:colcon.colcon_core.package_identification:_identify(src) by extension 'ignore'
[0.345s] Level 1:colcon.colcon_core.package_identification:_identify(src) by extension 'ignore_ament_install'
[0.345s] Level 1:colcon.colcon_core.package_identification:_identify(src) by extensions ['colcon_pkg']
[0.345s] Level 1:colcon.colcon_core.package_identification:_identify(src) by extension 'colcon_pkg'
[0.346s] Level 1:colcon.colcon_core.package_identification:_identify(src) by extensions ['colcon_meta']
[0.346s] Level 1:colcon.colcon_core.package_identification:_identify(src) by extension 'colcon_meta'
[0.346s] Level 1:colcon.colcon_core.package_identification:_identify(src) by extensions ['ros']
[0.346s] Level 1:colcon.colcon_core.package_identification:_identify(src) by extension 'ros'
[0.346s] Level 1:colcon.colcon_core.package_identification:_identify(src) by extensions ['cmake', 'python']
[0.346s] Level 1:colcon.colcon_core.package_identification:_identify(src) by extension 'cmake'
[0.346s] Level 1:colcon.colcon_core.package_identification:_identify(src) by extension 'python'
[0.347s] Level 1:colcon.colcon_core.package_identification:_identify(src) by extensions ['python_setup_py']
[0.347s] Level 1:colcon.colcon_core.package_identification:_identify(src) by extension 'python_setup_py'
[0.347s] Level 1:colcon.colcon_core.package_identification:_identify(src/scrap_pkg) by extensions ['ignore', 'ignore_ament_install']
[0.347s] Level 1:colcon.colcon_core.package_identification:_identify(src/scrap_pkg) by extension 'ignore'
[0.347s] Level 1:colcon.colcon_core.package_identification:_identify(src/scrap_pkg) by extension 'ignore_ament_install'
[0.347s] Level 1:colcon.colcon_core.package_identification:_identify(src/scrap_pkg) by extensions ['colcon_pkg']
[0.348s] Level 1:colcon.colcon_core.package_identification:_identify(src/scrap_pkg) by extension 'colcon_pkg'
[0.348s] Level 1:colcon.colcon_core.package_identification:_identify(src/scrap_pkg) by extensions ['colcon_meta']
[0.348s] Level 1:colcon.colcon_core.package_identification:_identify(src/scrap_pkg) by extension 'colcon_meta'
[0.348s] Level 1:colcon.colcon_core.package_identification:_identify(src/scrap_pkg) by extensions ['ros']
[0.348s] Level 1:colcon.colcon_core.package_identification:_identify(src/scrap_pkg) by extension 'ros'
[0.352s] DEBUG:colcon.colcon_core.package_identification:Package 'src/scrap_pkg' with type 'ros.ament_cmake' and name 'scrap_pkg'
[0.352s] Level 1:colcon.colcon_core.package_identification:_identify(src/usb_cam) by extensions ['ignore', 'ignore_ament_install']
[0.352s] Level 1:colcon.colcon_core.package_identification:_identify(src/usb_cam) by extension 'ignore'
[0.352s] Level 1:colcon.colcon_core.package_identification:_identify(src/usb_cam) by extension 'ignore_ament_install'
[0.352s] Level 1:colcon.colcon_core.package_identification:_identify(src/usb_cam) by extensions ['colcon_pkg']
[0.352s] Level 1:colcon.colcon_core.package_identification:_identify(src/usb_cam) by extension 'colcon_pkg'
[0.353s] Level 1:colcon.colcon_core.package_identification:_identify(src/usb_cam) by extensions ['colcon_meta']
[0.353s] Level 1:colcon.colcon_core.package_identification:_identify(src/usb_cam) by extension 'colcon_meta'
[0.353s] Level 1:colcon.colcon_core.package_identification:_identify(src/usb_cam) by extensions ['ros']
[0.353s] Level 1:colcon.colcon_core.package_identification:_identify(src/usb_cam) by extension 'ros'
[0.354s] DEBUG:colcon.colcon_core.package_identification:Package 'src/usb_cam' with type 'ros.ament_cmake' and name 'usb_cam'
[0.355s] Level 1:colcon.colcon_core.package_identification:_identify(src/velodyne) by extensions ['ignore', 'ignore_ament_install']
[0.355s] Level 1:colcon.colcon_core.package_identification:_identify(src/velodyne) by extension 'ignore'
[0.355s] Level 1:colcon.colcon_core.package_identification:_identify(src/velodyne) by extension 'ignore_ament_install'
[0.355s] Level 1:colcon.colcon_core.package_identification:_identify(src/velodyne) by extensions ['colcon_pkg']
[0.355s] Level 1:colcon.colcon_core.package_identification:_identify(src/velodyne) by extension 'colcon_pkg'
[0.355s] Level 1:colcon.colcon_core.package_identification:_identify(src/velodyne) by extensions ['colcon_meta']
[0.355s] Level 1:colcon.colcon_core.package_identification:_identify(src/velodyne) by extension 'colcon_meta'
[0.356s] Level 1:colcon.colcon_core.package_identification:_identify(src/velodyne) by extensions ['ros']
[0.356s] Level 1:colcon.colcon_core.package_identification:_identify(src/velodyne) by extension 'ros'
[0.356s] Level 1:colcon.colcon_core.package_identification:_identify(src/velodyne) by extensions ['cmake', 'python']
[0.356s] Level 1:colcon.colcon_core.package_identification:_identify(src/velodyne) by extension 'cmake'
[0.356s] Level 1:colcon.colcon_core.package_identification:_identify(src/velodyne) by extension 'python'
[0.356s] Level 1:colcon.colcon_core.package_identification:_identify(src/velodyne) by extensions ['python_setup_py']
[0.356s] Level 1:colcon.colcon_core.package_identification:_identify(src/velodyne) by extension 'python_setup_py'
[0.356s] Level 1:colcon.colcon_core.package_identification:_identify(src/velodyne/velodyne) by extensions ['ignore', 'ignore_ament_install']
[0.357s] Level 1:colcon.colcon_core.package_identification:_identify(src/velodyne/velodyne) by extension 'ignore'
[0.357s] Level 1:colcon.colcon_core.package_identification:_identify(src/velodyne/velodyne) by extension 'ignore_ament_install'
[0.357s] Level 1:colcon.colcon_core.package_identification:_identify(src/velodyne/velodyne) by extensions ['colcon_pkg']
[0.357s] Level 1:colcon.colcon_core.package_identification:_identify(src/velodyne/velodyne) by extension 'colcon_pkg'
[0.357s] Level 1:colcon.colcon_core.package_identification:_identify(src/velodyne/velodyne) by extensions ['colcon_meta']
[0.357s] Level 1:colcon.colcon_core.package_identification:_identify(src/velodyne/velodyne) by extension 'colcon_meta'
[0.357s] Level 1:colcon.colcon_core.package_identification:_identify(src/velodyne/velodyne) by extensions ['ros']
[0.357s] Level 1:colcon.colcon_core.package_identification:_identify(src/velodyne/velodyne) by extension 'ros'
[0.358s] DEBUG:colcon.colcon_core.package_identification:Package 'src/velodyne/velodyne' with type 'ros.ament_cmake' and name 'velodyne'
[0.358s] Level 1:colcon.colcon_core.package_identification:_identify(src/velodyne/velodyne_driver) by extensions ['ignore', 'ignore_ament_install']
[0.358s] Level 1:colcon.colcon_core.package_identification:_identify(src/velodyne/velodyne_driver) by extension 'ignore'
[0.358s] Level 1:colcon.colcon_core.package_identification:_identify(src/velodyne/velodyne_driver) by extension 'ignore_ament_install'
[0.359s] Level 1:colcon.colcon_core.package_identification:_identify(src/velodyne/velodyne_driver) by extensions ['colcon_pkg']
[0.359s] Level 1:colcon.colcon_core.package_identification:_identify(src/velodyne/velodyne_driver) by extension 'colcon_pkg'
[0.359s] Level 1:colcon.colcon_core.package_identification:_identify(src/velodyne/velodyne_driver) by extensions ['colcon_meta']
[0.359s] Level 1:colcon.colcon_core.package_identification:_identify(src/velodyne/velodyne_driver) by extension 'colcon_meta'
[0.359s] Level 1:colcon.colcon_core.package_identification:_identify(src/velodyne/velodyne_driver) by extensions ['ros']
[0.359s] Level 1:colcon.colcon_core.package_identification:_identify(src/velodyne/velodyne_driver) by extension 'ros'
[0.360s] DEBUG:colcon.colcon_core.package_identification:Package 'src/velodyne/velodyne_driver' with type 'ros.ament_cmake' and name 'velodyne_driver'
[0.360s] Level 1:colcon.colcon_core.package_identification:_identify(src/velodyne/velodyne_laserscan) by extensions ['ignore', 'ignore_ament_install']
[0.360s] Level 1:colcon.colcon_core.package_identification:_identify(src/velodyne/velodyne_laserscan) by extension 'ignore'
[0.361s] Level 1:colcon.colcon_core.package_identification:_identify(src/velodyne/velodyne_laserscan) by extension 'ignore_ament_install'
[0.361s] Level 1:colcon.colcon_core.package_identification:_identify(src/velodyne/velodyne_laserscan) by extensions ['colcon_pkg']
[0.361s] Level 1:colcon.colcon_core.package_identification:_identify(src/velodyne/velodyne_laserscan) by extension 'colcon_pkg'
[0.361s] Level 1:colcon.colcon_core.package_identification:_identify(src/velodyne/velodyne_laserscan) by extensions ['colcon_meta']
[0.361s] Level 1:colcon.colcon_core.package_identification:_identify(src/velodyne/velodyne_laserscan) by extension 'colcon_meta'
[0.361s] Level 1:colcon.colcon_core.package_identification:_identify(src/velodyne/velodyne_laserscan) by extensions ['ros']
[0.361s] Level 1:colcon.colcon_core.package_identification:_identify(src/velodyne/velodyne_laserscan) by extension 'ros'
[0.362s] DEBUG:colcon.colcon_core.package_identification:Package 'src/velodyne/velodyne_laserscan' with type 'ros.ament_cmake' and name 'velodyne_laserscan'
[0.362s] Level 1:colcon.colcon_core.package_identification:_identify(src/velodyne/velodyne_msgs) by extensions ['ignore', 'ignore_ament_install']
[0.362s] Level 1:colcon.colcon_core.package_identification:_identify(src/velodyne/velodyne_msgs) by extension 'ignore'
[0.362s] Level 1:colcon.colcon_core.package_identification:_identify(src/velodyne/velodyne_msgs) by extension 'ignore_ament_install'
[0.363s] Level 1:colcon.colcon_core.package_identification:_identify(src/velodyne/velodyne_msgs) by extensions ['colcon_pkg']
[0.363s] Level 1:colcon.colcon_core.package_identification:_identify(src/velodyne/velodyne_msgs) by extension 'colcon_pkg'
[0.363s] Level 1:colcon.colcon_core.package_identification:_identify(src/velodyne/velodyne_msgs) by extensions ['colcon_meta']
[0.363s] Level 1:colcon.colcon_core.package_identification:_identify(src/velodyne/velodyne_msgs) by extension 'colcon_meta'
[0.363s] Level 1:colcon.colcon_core.package_identification:_identify(src/velodyne/velodyne_msgs) by extensions ['ros']
[0.363s] Level 1:colcon.colcon_core.package_identification:_identify(src/velodyne/velodyne_msgs) by extension 'ros'
[0.364s] DEBUG:colcon.colcon_core.package_identification:Package 'src/velodyne/velodyne_msgs' with type 'ros.ament_cmake' and name 'velodyne_msgs'
[0.364s] Level 1:colcon.colcon_core.package_identification:_identify(src/velodyne/velodyne_pointcloud) by extensions ['ignore', 'ignore_ament_install']
[0.364s] Level 1:colcon.colcon_core.package_identification:_identify(src/velodyne/velodyne_pointcloud) by extension 'ignore'
[0.364s] Level 1:colcon.colcon_core.package_identification:_identify(src/velodyne/velodyne_pointcloud) by extension 'ignore_ament_install'
[0.365s] Level 1:colcon.colcon_core.package_identification:_identify(src/velodyne/velodyne_pointcloud) by extensions ['colcon_pkg']
[0.365s] Level 1:colcon.colcon_core.package_identification:_identify(src/velodyne/velodyne_pointcloud) by extension 'colcon_pkg'
[0.365s] Level 1:colcon.colcon_core.package_identification:_identify(src/velodyne/velodyne_pointcloud) by extensions ['colcon_meta']
[0.365s] Level 1:colcon.colcon_core.package_identification:_identify(src/velodyne/velodyne_pointcloud) by extension 'colcon_meta'
[0.365s] Level 1:colcon.colcon_core.package_identification:_identify(src/velodyne/velodyne_pointcloud) by extensions ['ros']
[0.365s] Level 1:colcon.colcon_core.package_identification:_identify(src/velodyne/velodyne_pointcloud) by extension 'ros'
[0.366s] DEBUG:colcon.colcon_core.package_identification:Package 'src/velodyne/velodyne_pointcloud' with type 'ros.ament_cmake' and name 'velodyne_pointcloud'
[0.366s] Level 1:colcon.colcon_core.package_discovery:discover_packages(recursive) using defaults
[0.367s] Level 1:colcon.colcon_core.package_discovery:discover_packages(ignore) discover
[0.367s] Level 1:colcon.colcon_core.package_discovery:discover_packages(ignore) using defaults
[0.367s] Level 1:colcon.colcon_core.package_discovery:discover_packages(path) discover
[0.367s] Level 1:colcon.colcon_core.package_discovery:discover_packages(path) using defaults
[0.393s] Level 1:colcon.colcon_core.package_discovery:discover_packages(prefix_path) check parameters
[0.393s] Level 1:colcon.colcon_core.package_discovery:discover_packages(prefix_path) discover
[0.395s] DEBUG:colcon.colcon_installed_package_information.package_discovery:Found 7 installed packages in /home/dayo/Desktop/scrap_ws/install
[0.397s] DEBUG:colcon.colcon_installed_package_information.package_discovery:Found 294 installed packages in /opt/ros/iron
[0.398s] Level 1:colcon.colcon_core.package_discovery:discover_packages(prefix_path) using defaults
[0.445s] Level 5:colcon.colcon_core.verb:set package 'usb_cam' build argument 'cmake_args' from command line to 'None'
[0.445s] Level 5:colcon.colcon_core.verb:set package 'usb_cam' build argument 'cmake_target' from command line to 'None'
[0.445s] Level 5:colcon.colcon_core.verb:set package 'usb_cam' build argument 'cmake_target_skip_unavailable' from command line to 'False'
[0.446s] Level 5:colcon.colcon_core.verb:set package 'usb_cam' build argument 'cmake_clean_cache' from command line to 'False'
[0.446s] Level 5:colcon.colcon_core.verb:set package 'usb_cam' build argument 'cmake_clean_first' from command line to 'False'
[0.446s] Level 5:colcon.colcon_core.verb:set package 'usb_cam' build argument 'cmake_force_configure' from command line to 'False'
[0.446s] Level 5:colcon.colcon_core.verb:set package 'usb_cam' build argument 'ament_cmake_args' from command line to 'None'
[0.446s] Level 5:colcon.colcon_core.verb:set package 'usb_cam' build argument 'catkin_cmake_args' from command line to 'None'
[0.446s] Level 5:colcon.colcon_core.verb:set package 'usb_cam' build argument 'catkin_skip_building_tests' from command line to 'False'
[0.446s] DEBUG:colcon.colcon_core.verb:Building package 'usb_cam' with the following arguments: {'ament_cmake_args': None, 'build_base': '/home/dayo/Desktop/scrap_ws/build/usb_cam', 'catkin_cmake_args': None, 'catkin_skip_building_tests': False, 'cmake_args': None, 'cmake_clean_cache': False, 'cmake_clean_first': False, 'cmake_force_configure': False, 'cmake_target': None, 'cmake_target_skip_unavailable': False, 'install_base': '/home/dayo/Desktop/scrap_ws/install/usb_cam', 'merge_install': False, 'path': '/home/dayo/Desktop/scrap_ws/src/usb_cam', 'symlink_install': False, 'test_result_base': None}
[0.447s] Level 5:colcon.colcon_core.verb:set package 'velodyne_laserscan' build argument 'cmake_args' from command line to 'None'
[0.447s] Level 5:colcon.colcon_core.verb:set package 'velodyne_laserscan' build argument 'cmake_target' from command line to 'None'
[0.447s] Level 5:colcon.colcon_core.verb:set package 'velodyne_laserscan' build argument 'cmake_target_skip_unavailable' from command line to 'False'
[0.447s] Level 5:colcon.colcon_core.verb:set package 'velodyne_laserscan' build argument 'cmake_clean_cache' from command line to 'False'
[0.447s] Level 5:colcon.colcon_core.verb:set package 'velodyne_laserscan' build argument 'cmake_clean_first' from command line to 'False'
[0.448s] Level 5:colcon.colcon_core.verb:set package 'velodyne_laserscan' build argument 'cmake_force_configure' from command line to 'False'
[0.448s] Level 5:colcon.colcon_core.verb:set package 'velodyne_laserscan' build argument 'ament_cmake_args' from command line to 'None'
[0.448s] Level 5:colcon.colcon_core.verb:set package 'velodyne_laserscan' build argument 'catkin_cmake_args' from command line to 'None'
[0.448s] Level 5:colcon.colcon_core.verb:set package 'velodyne_laserscan' build argument 'catkin_skip_building_tests' from command line to 'False'
[0.448s] DEBUG:colcon.colcon_core.verb:Building package 'velodyne_laserscan' with the following arguments: {'ament_cmake_args': None, 'build_base': '/home/dayo/Desktop/scrap_ws/build/velodyne_laserscan', 'catkin_cmake_args': None, 'catkin_skip_building_tests': False, 'cmake_args': None, 'cmake_clean_cache': False, 'cmake_clean_first': False, 'cmake_force_configure': False, 'cmake_target': None, 'cmake_target_skip_unavailable': False, 'install_base': '/home/dayo/Desktop/scrap_ws/install/velodyne_laserscan', 'merge_install': False, 'path': '/home/dayo/Desktop/scrap_ws/src/velodyne/velodyne_laserscan', 'symlink_install': False, 'test_result_base': None}
[0.449s] Level 5:colcon.colcon_core.verb:set package 'velodyne_msgs' build argument 'cmake_args' from command line to 'None'
[0.449s] Level 5:colcon.colcon_core.verb:set package 'velodyne_msgs' build argument 'cmake_target' from command line to 'None'
[0.449s] Level 5:colcon.colcon_core.verb:set package 'velodyne_msgs' build argument 'cmake_target_skip_unavailable' from command line to 'False'
[0.449s] Level 5:colcon.colcon_core.verb:set package 'velodyne_msgs' build argument 'cmake_clean_cache' from command line to 'False'
[0.449s] Level 5:colcon.colcon_core.verb:set package 'velodyne_msgs' build argument 'cmake_clean_first' from command line to 'False'
[0.450s] Level 5:colcon.colcon_core.verb:set package 'velodyne_msgs' build argument 'cmake_force_configure' from command line to 'False'
[0.450s] Level 5:colcon.colcon_core.verb:set package 'velodyne_msgs' build argument 'ament_cmake_args' from command line to 'None'
[0.450s] Level 5:colcon.colcon_core.verb:set package 'velodyne_msgs' build argument 'catkin_cmake_args' from command line to 'None'
[0.450s] Level 5:colcon.colcon_core.verb:set package 'velodyne_msgs' build argument 'catkin_skip_building_tests' from command line to 'False'
[0.450s] DEBUG:colcon.colcon_core.verb:Building package 'velodyne_msgs' with the following arguments: {'ament_cmake_args': None, 'build_base': '/home/dayo/Desktop/scrap_ws/build/velodyne_msgs', 'catkin_cmake_args': None, 'catkin_skip_building_tests': False, 'cmake_args': None, 'cmake_clean_cache': False, 'cmake_clean_first': False, 'cmake_force_configure': False, 'cmake_target': None, 'cmake_target_skip_unavailable': False, 'install_base': '/home/dayo/Desktop/scrap_ws/install/velodyne_msgs', 'merge_install': False, 'path': '/home/dayo/Desktop/scrap_ws/src/velodyne/velodyne_msgs', 'symlink_install': False, 'test_result_base': None}
[0.451s] Level 5:colcon.colcon_core.verb:set package 'scrap_pkg' build argument 'cmake_args' from command line to 'None'
[0.451s] Level 5:colcon.colcon_core.verb:set package 'scrap_pkg' build argument 'cmake_target' from command line to 'None'
[0.451s] Level 5:colcon.colcon_core.verb:set package 'scrap_pkg' build argument 'cmake_target_skip_unavailable' from command line to 'False'
[0.451s] Level 5:colcon.colcon_core.verb:set package 'scrap_pkg' build argument 'cmake_clean_cache' from command line to 'False'
[0.451s] Level 5:colcon.colcon_core.verb:set package 'scrap_pkg' build argument 'cmake_clean_first' from command line to 'False'
[0.451s] Level 5:colcon.colcon_core.verb:set package 'scrap_pkg' build argument 'cmake_force_configure' from command line to 'False'
[0.451s] Level 5:colcon.colcon_core.verb:set package 'scrap_pkg' build argument 'ament_cmake_args' from command line to 'None'
[0.452s] Level 5:colcon.colcon_core.verb:set package 'scrap_pkg' build argument 'catkin_cmake_args' from command line to 'None'
[0.452s] Level 5:colcon.colcon_core.verb:set package 'scrap_pkg' build argument 'catkin_skip_building_tests' from command line to 'False'
[0.452s] DEBUG:colcon.colcon_core.verb:Building package 'scrap_pkg' with the following arguments: {'ament_cmake_args': None, 'build_base': '/home/dayo/Desktop/scrap_ws/build/scrap_pkg', 'catkin_cmake_args': None, 'catkin_skip_building_tests': False, 'cmake_args': None, 'cmake_clean_cache': False, 'cmake_clean_first': False, 'cmake_force_configure': False, 'cmake_target': None, 'cmake_target_skip_unavailable': False, 'install_base': '/home/dayo/Desktop/scrap_ws/install/scrap_pkg', 'merge_install': False, 'path': '/home/dayo/Desktop/scrap_ws/src/scrap_pkg', 'symlink_install': False, 'test_result_base': None}
[0.453s] Level 5:colcon.colcon_core.verb:set package 'velodyne_driver' build argument 'cmake_args' from command line to 'None'
[0.453s] Level 5:colcon.colcon_core.verb:set package 'velodyne_driver' build argument 'cmake_target' from command line to 'None'
[0.453s] Level 5:colcon.colcon_core.verb:set package 'velodyne_driver' build argument 'cmake_target_skip_unavailable' from command line to 'False'
[0.453s] Level 5:colcon.colcon_core.verb:set package 'velodyne_driver' build argument 'cmake_clean_cache' from command line to 'False'
[0.453s] Level 5:colcon.colcon_core.verb:set package 'velodyne_driver' build argument 'cmake_clean_first' from command line to 'False'
[0.453s] Level 5:colcon.colcon_core.verb:set package 'velodyne_driver' build argument 'cmake_force_configure' from command line to 'False'
[0.453s] Level 5:colcon.colcon_core.verb:set package 'velodyne_driver' build argument 'ament_cmake_args' from command line to 'None'
[0.453s] Level 5:colcon.colcon_core.verb:set package 'velodyne_driver' build argument 'catkin_cmake_args' from command line to 'None'
[0.454s] Level 5:colcon.colcon_core.verb:set package 'velodyne_driver' build argument 'catkin_skip_building_tests' from command line to 'False'
[0.454s] DEBUG:colcon.colcon_core.verb:Building package 'velodyne_driver' with the following arguments: {'ament_cmake_args': None, 'build_base': '/home/dayo/Desktop/scrap_ws/build/velodyne_driver', 'catkin_cmake_args': None, 'catkin_skip_building_tests': False, 'cmake_args': None, 'cmake_clean_cache': False, 'cmake_clean_first': False, 'cmake_force_configure': False, 'cmake_target': None, 'cmake_target_skip_unavailable': False, 'install_base': '/home/dayo/Desktop/scrap_ws/install/velodyne_driver', 'merge_install': False, 'path': '/home/dayo/Desktop/scrap_ws/src/velodyne/velodyne_driver', 'symlink_install': False, 'test_result_base': None}
[0.455s] Level 5:colcon.colcon_core.verb:set package 'velodyne_pointcloud' build argument 'cmake_args' from command line to 'None'
[0.455s] Level 5:colcon.colcon_core.verb:set package 'velodyne_pointcloud' build argument 'cmake_target' from command line to 'None'
[0.455s] Level 5:colcon.colcon_core.verb:set package 'velodyne_pointcloud' build argument 'cmake_target_skip_unavailable' from command line to 'False'
[0.455s] Level 5:colcon.colcon_core.verb:set package 'velodyne_pointcloud' build argument 'cmake_clean_cache' from command line to 'False'
[0.455s] Level 5:colcon.colcon_core.verb:set package 'velodyne_pointcloud' build argument 'cmake_clean_first' from command line to 'False'
[0.455s] Level 5:colcon.colcon_core.verb:set package 'velodyne_pointcloud' build argument 'cmake_force_configure' from command line to 'False'
[0.455s] Level 5:colcon.colcon_core.verb:set package 'velodyne_pointcloud' build argument 'ament_cmake_args' from command line to 'None'
[0.455s] Level 5:colcon.colcon_core.verb:set package 'velodyne_pointcloud' build argument 'catkin_cmake_args' from command line to 'None'
[0.456s] Level 5:colcon.colcon_core.verb:set package 'velodyne_pointcloud' build argument 'catkin_skip_building_tests' from command line to 'False'
[0.456s] DEBUG:colcon.colcon_core.verb:Building package 'velodyne_pointcloud' with the following arguments: {'ament_cmake_args': None, 'build_base': '/home/dayo/Desktop/scrap_ws/build/velodyne_pointcloud', 'catkin_cmake_args': None, 'catkin_skip_building_tests': False, 'cmake_args': None, 'cmake_clean_cache': False, 'cmake_clean_first': False, 'cmake_force_configure': False, 'cmake_target': None, 'cmake_target_skip_unavailable': False, 'install_base': '/home/dayo/Desktop/scrap_ws/install/velodyne_pointcloud', 'merge_install': False, 'path': '/home/dayo/Desktop/scrap_ws/src/velodyne/velodyne_pointcloud', 'symlink_install': False, 'test_result_base': None}
[0.457s] Level 5:colcon.colcon_core.verb:set package 'velodyne' build argument 'cmake_args' from command line to 'None'
[0.457s] Level 5:colcon.colcon_core.verb:set package 'velodyne' build argument 'cmake_target' from command line to 'None'
[0.457s] Level 5:colcon.colcon_core.verb:set package 'velodyne' build argument 'cmake_target_skip_unavailable' from command line to 'False'
[0.457s] Level 5:colcon.colcon_core.verb:set package 'velodyne' build argument 'cmake_clean_cache' from command line to 'False'
[0.457s] Level 5:colcon.colcon_core.verb:set package 'velodyne' build argument 'cmake_clean_first' from command line to 'False'
[0.457s] Level 5:colcon.colcon_core.verb:set package 'velodyne' build argument 'cmake_force_configure' from command line to 'False'
[0.457s] Level 5:colcon.colcon_core.verb:set package 'velodyne' build argument 'ament_cmake_args' from command line to 'None'
[0.457s] Level 5:colcon.colcon_core.verb:set package 'velodyne' build argument 'catkin_cmake_args' from command line to 'None'
[0.458s] Level 5:colcon.colcon_core.verb:set package 'velodyne' build argument 'catkin_skip_building_tests' from command line to 'False'
[0.458s] DEBUG:colcon.colcon_core.verb:Building package 'velodyne' with the following arguments: {'ament_cmake_args': None, 'build_base': '/home/dayo/Desktop/scrap_ws/build/velodyne', 'catkin_cmake_args': None, 'catkin_skip_building_tests': False, 'cmake_args': None, 'cmake_clean_cache': False, 'cmake_clean_first': False, 'cmake_force_configure': False, 'cmake_target': None, 'cmake_target_skip_unavailable': False, 'install_base': '/home/dayo/Desktop/scrap_ws/install/velodyne', 'merge_install': False, 'path': '/home/dayo/Desktop/scrap_ws/src/velodyne/velodyne', 'symlink_install': False, 'test_result_base': None}
[0.458s] INFO:colcon.colcon_core.executor:Executing jobs using 'parallel' executor
[0.461s] DEBUG:colcon.colcon_parallel_executor.executor.parallel:run_until_complete
[0.462s] INFO:colcon.colcon_ros.task.ament_cmake.build:Building ROS package in '/home/dayo/Desktop/scrap_ws/src/velodyne/velodyne_msgs' with build type 'ament_cmake'
[0.462s] INFO:colcon.colcon_cmake.task.cmake.build:Building CMake package in '/home/dayo/Desktop/scrap_ws/src/velodyne/velodyne_msgs'
[0.466s] INFO:colcon.colcon_core.plugin_system:Skipping extension 'colcon_core.shell.bat': Not used on non-Windows systems
[0.466s] INFO:colcon.colcon_core.shell:Skip shell extension 'powershell' for command environment: Not usable outside of PowerShell
[0.466s] DEBUG:colcon.colcon_core.shell:Skip shell extension 'dsv' for command environment
[0.472s] INFO:colcon.colcon_ros.task.ament_cmake.build:Building ROS package in '/home/dayo/Desktop/scrap_ws/src/usb_cam' with build type 'ament_cmake'
[0.474s] INFO:colcon.colcon_cmake.task.cmake.build:Building CMake package in '/home/dayo/Desktop/scrap_ws/src/usb_cam'
[0.476s] INFO:colcon.colcon_core.shell:Skip shell extension 'powershell' for command environment: Not usable outside of PowerShell
[0.476s] DEBUG:colcon.colcon_core.shell:Skip shell extension 'dsv' for command environment
[0.487s] DEBUG:colcon.colcon_core.event_handler.log_command:Invoking command in '/home/dayo/Desktop/scrap_ws/build/velodyne_msgs': CMAKE_PREFIX_PATH=${CMAKE_PREFIX_PATH}:/opt/ros/iron /usr/bin/cmake --build /home/dayo/Desktop/scrap_ws/build/velodyne_msgs -- -j2 -l2
[0.499s] DEBUG:colcon.colcon_core.event_handler.log_command:Invoking command in '/home/dayo/Desktop/scrap_ws/build/usb_cam': CMAKE_PREFIX_PATH=${CMAKE_PREFIX_PATH}:/opt/ros/iron /usr/bin/cmake --build /home/dayo/Desktop/scrap_ws/build/usb_cam -- -j2 -l2
[0.819s] DEBUG:colcon.colcon_core.event_handler.log_command:Invoked command in '/home/dayo/Desktop/scrap_ws/build/usb_cam' returned '0': CMAKE_PREFIX_PATH=${CMAKE_PREFIX_PATH}:/opt/ros/iron /usr/bin/cmake --build /home/dayo/Desktop/scrap_ws/build/usb_cam -- -j2 -l2
[0.975s] DEBUG:colcon.colcon_core.event_handler.log_command:Invoking command in '/home/dayo/Desktop/scrap_ws/build/usb_cam': CMAKE_PREFIX_PATH=${CMAKE_PREFIX_PATH}:/opt/ros/iron /usr/bin/cmake --install /home/dayo/Desktop/scrap_ws/build/usb_cam
[1.006s] Level 1:colcon.colcon_core.environment:create_environment_scripts_only(usb_cam)
[1.007s] DEBUG:colcon.colcon_core.event_handler.log_command:Invoked command in '/home/dayo/Desktop/scrap_ws/build/usb_cam' returned '0': CMAKE_PREFIX_PATH=${CMAKE_PREFIX_PATH}:/opt/ros/iron /usr/bin/cmake --install /home/dayo/Desktop/scrap_ws/build/usb_cam
[1.020s] Level 1:colcon.colcon_core.environment:checking '/home/dayo/Desktop/scrap_ws/install/usb_cam' for CMake module files
[1.022s] Level 1:colcon.colcon_core.environment:checking '/home/dayo/Desktop/scrap_ws/install/usb_cam' for CMake config files
[1.022s] Level 1:colcon.colcon_core.shell:create_environment_hook('usb_cam', 'cmake_prefix_path')
[1.023s] INFO:colcon.colcon_core.shell:Creating environment hook '/home/dayo/Desktop/scrap_ws/install/usb_cam/share/usb_cam/hook/cmake_prefix_path.ps1'
[1.027s] INFO:colcon.colcon_core.shell:Creating environment descriptor '/home/dayo/Desktop/scrap_ws/install/usb_cam/share/usb_cam/hook/cmake_prefix_path.dsv'
[1.028s] INFO:colcon.colcon_core.shell:Creating environment hook '/home/dayo/Desktop/scrap_ws/install/usb_cam/share/usb_cam/hook/cmake_prefix_path.sh'
[1.029s] Level 1:colcon.colcon_core.environment:checking '/home/dayo/Desktop/scrap_ws/install/usb_cam/lib'
[1.029s] Level 1:colcon.colcon_core.shell:create_environment_hook('usb_cam', 'ld_library_path_lib')
[1.030s] INFO:colcon.colcon_core.shell:Creating environment hook '/home/dayo/Desktop/scrap_ws/install/usb_cam/share/usb_cam/hook/ld_library_path_lib.ps1'
[1.030s] INFO:colcon.colcon_core.shell:Creating environment descriptor '/home/dayo/Desktop/scrap_ws/install/usb_cam/share/usb_cam/hook/ld_library_path_lib.dsv'
[1.031s] INFO:colcon.colcon_core.shell:Creating environment hook '/home/dayo/Desktop/scrap_ws/install/usb_cam/share/usb_cam/hook/ld_library_path_lib.sh'
[1.032s] Level 1:colcon.colcon_core.environment:checking '/home/dayo/Desktop/scrap_ws/install/usb_cam/bin'
[1.032s] Level 1:colcon.colcon_core.environment:checking '/home/dayo/Desktop/scrap_ws/install/usb_cam/lib/pkgconfig/usb_cam.pc'
[1.033s] Level 1:colcon.colcon_core.environment:checking '/home/dayo/Desktop/scrap_ws/install/usb_cam/lib/python3.10/site-packages'
[1.033s] Level 1:colcon.colcon_core.environment:checking '/home/dayo/Desktop/scrap_ws/install/usb_cam/bin'
[1.034s] INFO:colcon.colcon_core.shell:Creating package script '/home/dayo/Desktop/scrap_ws/install/usb_cam/share/usb_cam/package.ps1'
[1.035s] INFO:colcon.colcon_core.shell:Creating package descriptor '/home/dayo/Desktop/scrap_ws/install/usb_cam/share/usb_cam/package.dsv'
[1.035s] INFO:colcon.colcon_core.shell:Creating package script '/home/dayo/Desktop/scrap_ws/install/usb_cam/share/usb_cam/package.sh'
[1.038s] INFO:colcon.colcon_core.shell:Creating package script '/home/dayo/Desktop/scrap_ws/install/usb_cam/share/usb_cam/package.bash'
[1.039s] INFO:colcon.colcon_core.shell:Creating package script '/home/dayo/Desktop/scrap_ws/install/usb_cam/share/usb_cam/package.zsh'
[1.040s] Level 1:colcon.colcon_core.environment:create_file_with_runtime_dependencies(/home/dayo/Desktop/scrap_ws/install/usb_cam/share/colcon-core/packages/usb_cam)
[1.089s] Level 1:colcon.colcon_core.environment:create_environment_scripts_only(usb_cam)
[1.090s] Level 1:colcon.colcon_core.environment:checking '/home/dayo/Desktop/scrap_ws/install/usb_cam' for CMake module files
[1.091s] Level 1:colcon.colcon_core.environment:checking '/home/dayo/Desktop/scrap_ws/install/usb_cam' for CMake config files
[1.091s] Level 1:colcon.colcon_core.shell:create_environment_hook('usb_cam', 'cmake_prefix_path')
[1.092s] INFO:colcon.colcon_core.shell:Creating environment hook '/home/dayo/Desktop/scrap_ws/install/usb_cam/share/usb_cam/hook/cmake_prefix_path.ps1'
[1.093s] INFO:colcon.colcon_core.shell:Creating environment descriptor '/home/dayo/Desktop/scrap_ws/install/usb_cam/share/usb_cam/hook/cmake_prefix_path.dsv'
[1.093s] INFO:colcon.colcon_core.shell:Creating environment hook '/home/dayo/Desktop/scrap_ws/install/usb_cam/share/usb_cam/hook/cmake_prefix_path.sh'
[1.094s] Level 1:colcon.colcon_core.environment:checking '/home/dayo/Desktop/scrap_ws/install/usb_cam/lib'
[1.094s] Level 1:colcon.colcon_core.shell:create_environment_hook('usb_cam', 'ld_library_path_lib')
[1.095s] INFO:colcon.colcon_core.shell:Creating environment hook '/home/dayo/Desktop/scrap_ws/install/usb_cam/share/usb_cam/hook/ld_library_path_lib.ps1'
[1.096s] INFO:colcon.colcon_core.shell:Creating environment descriptor '/home/dayo/Desktop/scrap_ws/install/usb_cam/share/usb_cam/hook/ld_library_path_lib.dsv'
[1.096s] INFO:colcon.colcon_core.shell:Creating environment hook '/home/dayo/Desktop/scrap_ws/install/usb_cam/share/usb_cam/hook/ld_library_path_lib.sh'
[1.097s] Level 1:colcon.colcon_core.environment:checking '/home/dayo/Desktop/scrap_ws/install/usb_cam/bin'
[1.097s] Level 1:colcon.colcon_core.environment:checking '/home/dayo/Desktop/scrap_ws/install/usb_cam/lib/pkgconfig/usb_cam.pc'
[1.097s] Level 1:colcon.colcon_core.environment:checking '/home/dayo/Desktop/scrap_ws/install/usb_cam/lib/python3.10/site-packages'
[1.097s] Level 1:colcon.colcon_core.environment:checking '/home/dayo/Desktop/scrap_ws/install/usb_cam/bin'
[1.099s] INFO:colcon.colcon_core.shell:Creating package script '/home/dayo/Desktop/scrap_ws/install/usb_cam/share/usb_cam/package.ps1'
[1.100s] INFO:colcon.colcon_core.shell:Creating package descriptor '/home/dayo/Desktop/scrap_ws/install/usb_cam/share/usb_cam/package.dsv'
[1.101s] INFO:colcon.colcon_core.shell:Creating package script '/home/dayo/Desktop/scrap_ws/install/usb_cam/share/usb_cam/package.sh'
[1.101s] INFO:colcon.colcon_core.shell:Creating package script '/home/dayo/Desktop/scrap_ws/install/usb_cam/share/usb_cam/package.bash'
[1.102s] INFO:colcon.colcon_core.shell:Creating package script '/home/dayo/Desktop/scrap_ws/install/usb_cam/share/usb_cam/package.zsh'
[1.102s] Level 1:colcon.colcon_core.environment:create_file_with_runtime_dependencies(/home/dayo/Desktop/scrap_ws/install/usb_cam/share/colcon-core/packages/usb_cam)
[1.104s] INFO:colcon.colcon_ros.task.ament_cmake.build:Building ROS package in '/home/dayo/Desktop/scrap_ws/src/velodyne/velodyne_laserscan' with build type 'ament_cmake'
[1.104s] INFO:colcon.colcon_cmake.task.cmake.build:Building CMake package in '/home/dayo/Desktop/scrap_ws/src/velodyne/velodyne_laserscan'
[1.106s] INFO:colcon.colcon_core.shell:Skip shell extension 'powershell' for command environment: Not usable outside of PowerShell
[1.107s] DEBUG:colcon.colcon_core.shell:Skip shell extension 'dsv' for command environment
[1.116s] DEBUG:colcon.colcon_core.event_handler.log_command:Invoking command in '/home/dayo/Desktop/scrap_ws/build/velodyne_laserscan': CMAKE_PREFIX_PATH=${CMAKE_PREFIX_PATH}:/opt/ros/iron /usr/bin/cmake --build /home/dayo/Desktop/scrap_ws/build/velodyne_laserscan -- -j2 -l2
[1.211s] DEBUG:colcon.colcon_core.event_handler.log_command:Invoked command in '/home/dayo/Desktop/scrap_ws/build/velodyne_msgs' returned '0': CMAKE_PREFIX_PATH=${CMAKE_PREFIX_PATH}:/opt/ros/iron /usr/bin/cmake --build /home/dayo/Desktop/scrap_ws/build/velodyne_msgs -- -j2 -l2
[1.259s] DEBUG:colcon.colcon_core.event_handler.log_command:Invoked command in '/home/dayo/Desktop/scrap_ws/build/velodyne_laserscan' returned '0': CMAKE_PREFIX_PATH=${CMAKE_PREFIX_PATH}:/opt/ros/iron /usr/bin/cmake --build /home/dayo/Desktop/scrap_ws/build/velodyne_laserscan -- -j2 -l2
[1.303s] DEBUG:colcon.colcon_core.event_handler.log_command:Invoking command in '/home/dayo/Desktop/scrap_ws/build/velodyne_laserscan': CMAKE_PREFIX_PATH=${CMAKE_PREFIX_PATH}:/opt/ros/iron /usr/bin/cmake --install /home/dayo/Desktop/scrap_ws/build/velodyne_laserscan
[1.342s] Level 1:colcon.colcon_core.environment:create_environment_scripts_only(velodyne_laserscan)
[1.345s] Level 1:colcon.colcon_core.environment:checking '/home/dayo/Desktop/scrap_ws/install/velodyne_laserscan' for CMake module files
[1.345s] DEBUG:colcon.colcon_core.event_handler.log_command:Invoked command in '/home/dayo/Desktop/scrap_ws/build/velodyne_laserscan' returned '0': CMAKE_PREFIX_PATH=${CMAKE_PREFIX_PATH}:/opt/ros/iron /usr/bin/cmake --install /home/dayo/Desktop/scrap_ws/build/velodyne_laserscan
[1.346s] Level 1:colcon.colcon_core.environment:checking '/home/dayo/Desktop/scrap_ws/install/velodyne_laserscan' for CMake config files
[1.346s] Level 1:colcon.colcon_core.shell:create_environment_hook('velodyne_laserscan', 'cmake_prefix_path')
[1.347s] INFO:colcon.colcon_core.shell:Creating environment hook '/home/dayo/Desktop/scrap_ws/install/velodyne_laserscan/share/velodyne_laserscan/hook/cmake_prefix_path.ps1'
[1.348s] INFO:colcon.colcon_core.shell:Creating environment descriptor '/home/dayo/Desktop/scrap_ws/install/velodyne_laserscan/share/velodyne_laserscan/hook/cmake_prefix_path.dsv'
[1.348s] INFO:colcon.colcon_core.shell:Creating environment hook '/home/dayo/Desktop/scrap_ws/install/velodyne_laserscan/share/velodyne_laserscan/hook/cmake_prefix_path.sh'
[1.349s] Level 1:colcon.colcon_core.environment:checking '/home/dayo/Desktop/scrap_ws/install/velodyne_laserscan/lib'
[1.349s] Level 1:colcon.colcon_core.shell:create_environment_hook('velodyne_laserscan', 'ld_library_path_lib')
[1.350s] INFO:colcon.colcon_core.shell:Creating environment hook '/home/dayo/Desktop/scrap_ws/install/velodyne_laserscan/share/velodyne_laserscan/hook/ld_library_path_lib.ps1'
[1.351s] INFO:colcon.colcon_core.shell:Creating environment descriptor '/home/dayo/Desktop/scrap_ws/install/velodyne_laserscan/share/velodyne_laserscan/hook/ld_library_path_lib.dsv'
[1.351s] INFO:colcon.colcon_core.shell:Creating environment hook '/home/dayo/Desktop/scrap_ws/install/velodyne_laserscan/share/velodyne_laserscan/hook/ld_library_path_lib.sh'
[1.351s] Level 1:colcon.colcon_core.environment:checking '/home/dayo/Desktop/scrap_ws/install/velodyne_laserscan/bin'
[1.351s] Level 1:colcon.colcon_core.environment:checking '/home/dayo/Desktop/scrap_ws/install/velodyne_laserscan/lib/pkgconfig/velodyne_laserscan.pc'
[1.352s] Level 1:colcon.colcon_core.environment:checking '/home/dayo/Desktop/scrap_ws/install/velodyne_laserscan/lib/python3.10/site-packages'
[1.352s] Level 1:colcon.colcon_core.environment:checking '/home/dayo/Desktop/scrap_ws/install/velodyne_laserscan/bin'
[1.354s] INFO:colcon.colcon_core.shell:Creating package script '/home/dayo/Desktop/scrap_ws/install/velodyne_laserscan/share/velodyne_laserscan/package.ps1'
[1.354s] INFO:colcon.colcon_core.shell:Creating package descriptor '/home/dayo/Desktop/scrap_ws/install/velodyne_laserscan/share/velodyne_laserscan/package.dsv'
[1.354s] INFO:colcon.colcon_core.shell:Creating package script '/home/dayo/Desktop/scrap_ws/install/velodyne_laserscan/share/velodyne_laserscan/package.sh'
[1.355s] INFO:colcon.colcon_core.shell:Creating package script '/home/dayo/Desktop/scrap_ws/install/velodyne_laserscan/share/velodyne_laserscan/package.bash'
[1.355s] INFO:colcon.colcon_core.shell:Creating package script '/home/dayo/Desktop/scrap_ws/install/velodyne_laserscan/share/velodyne_laserscan/package.zsh'
[1.356s] Level 1:colcon.colcon_core.environment:create_file_with_runtime_dependencies(/home/dayo/Desktop/scrap_ws/install/velodyne_laserscan/share/colcon-core/packages/velodyne_laserscan)
[1.384s] DEBUG:colcon.colcon_core.event_handler.log_command:Invoking command in '/home/dayo/Desktop/scrap_ws/build/velodyne_msgs': CMAKE_PREFIX_PATH=${CMAKE_PREFIX_PATH}:/opt/ros/iron /usr/bin/cmake --install /home/dayo/Desktop/scrap_ws/build/velodyne_msgs
[1.390s] Level 1:colcon.colcon_core.environment:create_environment_scripts_only(velodyne_laserscan)
[1.393s] Level 1:colcon.colcon_core.environment:checking '/home/dayo/Desktop/scrap_ws/install/velodyne_laserscan' for CMake module files
[1.393s] Level 1:colcon.colcon_core.environment:checking '/home/dayo/Desktop/scrap_ws/install/velodyne_laserscan' for CMake config files
[1.393s] Level 1:colcon.colcon_core.shell:create_environment_hook('velodyne_laserscan', 'cmake_prefix_path')
[1.394s] INFO:colcon.colcon_core.shell:Creating environment hook '/home/dayo/Desktop/scrap_ws/install/velodyne_laserscan/share/velodyne_laserscan/hook/cmake_prefix_path.ps1'
[1.395s] INFO:colcon.colcon_core.shell:Creating environment descriptor '/home/dayo/Desktop/scrap_ws/install/velodyne_laserscan/share/velodyne_laserscan/hook/cmake_prefix_path.dsv'
[1.395s] INFO:colcon.colcon_core.shell:Creating environment hook '/home/dayo/Desktop/scrap_ws/install/velodyne_laserscan/share/velodyne_laserscan/hook/cmake_prefix_path.sh'
[1.397s] Level 1:colcon.colcon_core.environment:checking '/home/dayo/Desktop/scrap_ws/install/velodyne_laserscan/lib'
[1.397s] Level 1:colcon.colcon_core.shell:create_environment_hook('velodyne_laserscan', 'ld_library_path_lib')
[1.398s] INFO:colcon.colcon_core.shell:Creating environment hook '/home/dayo/Desktop/scrap_ws/install/velodyne_laserscan/share/velodyne_laserscan/hook/ld_library_path_lib.ps1'
[1.400s] INFO:colcon.colcon_core.shell:Creating environment descriptor '/home/dayo/Desktop/scrap_ws/install/velodyne_laserscan/share/velodyne_laserscan/hook/ld_library_path_lib.dsv'
[1.400s] INFO:colcon.colcon_core.shell:Creating environment hook '/home/dayo/Desktop/scrap_ws/install/velodyne_laserscan/share/velodyne_laserscan/hook/ld_library_path_lib.sh'
[1.401s] Level 1:colcon.colcon_core.environment:checking '/home/dayo/Desktop/scrap_ws/install/velodyne_laserscan/bin'
[1.401s] Level 1:colcon.colcon_core.environment:checking '/home/dayo/Desktop/scrap_ws/install/velodyne_laserscan/lib/pkgconfig/velodyne_laserscan.pc'
[1.401s] Level 1:colcon.colcon_core.environment:checking '/home/dayo/Desktop/scrap_ws/install/velodyne_laserscan/lib/python3.10/site-packages'
[1.402s] Level 1:colcon.colcon_core.environment:checking '/home/dayo/Desktop/scrap_ws/install/velodyne_laserscan/bin'
[1.404s] INFO:colcon.colcon_core.shell:Creating package script '/home/dayo/Desktop/scrap_ws/install/velodyne_laserscan/share/velodyne_laserscan/package.ps1'
[1.407s] INFO:colcon.colcon_core.shell:Creating package descriptor '/home/dayo/Desktop/scrap_ws/install/velodyne_laserscan/share/velodyne_laserscan/package.dsv'
[1.408s] INFO:colcon.colcon_core.shell:Creating package script '/home/dayo/Desktop/scrap_ws/install/velodyne_laserscan/share/velodyne_laserscan/package.sh'
[1.409s] INFO:colcon.colcon_core.shell:Creating package script '/home/dayo/Desktop/scrap_ws/install/velodyne_laserscan/share/velodyne_laserscan/package.bash'
[1.409s] INFO:colcon.colcon_core.shell:Creating package script '/home/dayo/Desktop/scrap_ws/install/velodyne_laserscan/share/velodyne_laserscan/package.zsh'
[1.410s] Level 1:colcon.colcon_core.environment:create_file_with_runtime_dependencies(/home/dayo/Desktop/scrap_ws/install/velodyne_laserscan/share/colcon-core/packages/velodyne_laserscan)
[1.411s] INFO:colcon.colcon_ros.task.ament_cmake.build:Building ROS package in '/home/dayo/Desktop/scrap_ws/src/scrap_pkg' with build type 'ament_cmake'
[1.411s] INFO:colcon.colcon_cmake.task.cmake.build:Building CMake package in '/home/dayo/Desktop/scrap_ws/src/scrap_pkg'
[1.413s] INFO:colcon.colcon_core.shell:Skip shell extension 'powershell' for command environment: Not usable outside of PowerShell
[1.413s] DEBUG:colcon.colcon_core.shell:Skip shell extension 'dsv' for command environment
[1.452s] DEBUG:colcon.colcon_core.event_handler.log_command:Invoking command in '/home/dayo/Desktop/scrap_ws/build/scrap_pkg': CMAKE_PREFIX_PATH=/home/dayo/Desktop/scrap_ws/install/usb_cam:/home/dayo/Desktop/scrap_ws/install/velodyne:/home/dayo/Desktop/scrap_ws/install/velodyne_pointcloud:/home/dayo/Desktop/scrap_ws/install/velodyne_driver:/home/dayo/Desktop/scrap_ws/install/velodyne_msgs:/home/dayo/Desktop/scrap_ws/install/velodyne_laserscan:/home/dayo/Desktop/scrap_ws/install/scrap_pkg:/opt/ros/iron LD_LIBRARY_PATH=/home/dayo/Desktop/scrap_ws/install/usb_cam/lib:/home/dayo/Desktop/scrap_ws/install/velodyne_pointcloud/lib:/home/dayo/Desktop/scrap_ws/install/velodyne_driver/lib:/home/dayo/Desktop/scrap_ws/install/velodyne_msgs/lib:/home/dayo/Desktop/scrap_ws/install/velodyne_laserscan/lib:/opt/ros/iron/opt/rviz_ogre_vendor/lib:/opt/ros/iron/lib/x86_64-linux-gnu:/opt/ros/iron/lib /usr/bin/cmake --build /home/dayo/Desktop/scrap_ws/build/scrap_pkg -- -j2 -l2
[1.491s] Level 1:colcon.colcon_core.environment:create_environment_scripts_only(velodyne_msgs)
[1.493s] Level 1:colcon.colcon_core.environment:checking '/home/dayo/Desktop/scrap_ws/install/velodyne_msgs' for CMake module files
[1.493s] DEBUG:colcon.colcon_core.event_handler.log_command:Invoked command in '/home/dayo/Desktop/scrap_ws/build/velodyne_msgs' returned '0': CMAKE_PREFIX_PATH=${CMAKE_PREFIX_PATH}:/opt/ros/iron /usr/bin/cmake --install /home/dayo/Desktop/scrap_ws/build/velodyne_msgs
[1.494s] Level 1:colcon.colcon_core.environment:checking '/home/dayo/Desktop/scrap_ws/install/velodyne_msgs' for CMake config files
[1.494s] Level 1:colcon.colcon_core.shell:create_environment_hook('velodyne_msgs', 'cmake_prefix_path')
[1.495s] INFO:colcon.colcon_core.shell:Creating environment hook '/home/dayo/Desktop/scrap_ws/install/velodyne_msgs/share/velodyne_msgs/hook/cmake_prefix_path.ps1'
[1.496s] INFO:colcon.colcon_core.shell:Creating environment descriptor '/home/dayo/Desktop/scrap_ws/install/velodyne_msgs/share/velodyne_msgs/hook/cmake_prefix_path.dsv'
[1.496s] INFO:colcon.colcon_core.shell:Creating environment hook '/home/dayo/Desktop/scrap_ws/install/velodyne_msgs/share/velodyne_msgs/hook/cmake_prefix_path.sh'
[1.497s] Level 1:colcon.colcon_core.environment:checking '/home/dayo/Desktop/scrap_ws/install/velodyne_msgs/lib'
[1.497s] Level 1:colcon.colcon_core.shell:create_environment_hook('velodyne_msgs', 'ld_library_path_lib')
[1.498s] INFO:colcon.colcon_core.shell:Creating environment hook '/home/dayo/Desktop/scrap_ws/install/velodyne_msgs/share/velodyne_msgs/hook/ld_library_path_lib.ps1'
[1.498s] INFO:colcon.colcon_core.shell:Creating environment descriptor '/home/dayo/Desktop/scrap_ws/install/velodyne_msgs/share/velodyne_msgs/hook/ld_library_path_lib.dsv'
[1.498s] INFO:colcon.colcon_core.shell:Creating environment hook '/home/dayo/Desktop/scrap_ws/install/velodyne_msgs/share/velodyne_msgs/hook/ld_library_path_lib.sh'
[1.499s] Level 1:colcon.colcon_core.environment:checking '/home/dayo/Desktop/scrap_ws/install/velodyne_msgs/bin'
[1.499s] Level 1:colcon.colcon_core.environment:checking '/home/dayo/Desktop/scrap_ws/install/velodyne_msgs/lib/pkgconfig/velodyne_msgs.pc'
[1.499s] Level 1:colcon.colcon_core.environment:checking '/home/dayo/Desktop/scrap_ws/install/velodyne_msgs/lib/python3.10/site-packages'
[1.499s] Level 1:colcon.colcon_core.shell:create_environment_hook('velodyne_msgs', 'pythonpath')
[1.500s] INFO:colcon.colcon_core.shell:Creating environment hook '/home/dayo/Desktop/scrap_ws/install/velodyne_msgs/share/velodyne_msgs/hook/pythonpath.ps1'
[1.500s] INFO:colcon.colcon_core.shell:Creating environment descriptor '/home/dayo/Desktop/scrap_ws/install/velodyne_msgs/share/velodyne_msgs/hook/pythonpath.dsv'
[1.501s] INFO:colcon.colcon_core.shell:Creating environment hook '/home/dayo/Desktop/scrap_ws/install/velodyne_msgs/share/velodyne_msgs/hook/pythonpath.sh'
[1.501s] Level 1:colcon.colcon_core.environment:checking '/home/dayo/Desktop/scrap_ws/install/velodyne_msgs/bin'
[1.502s] INFO:colcon.colcon_core.shell:Creating package script '/home/dayo/Desktop/scrap_ws/install/velodyne_msgs/share/velodyne_msgs/package.ps1'
[1.506s] INFO:colcon.colcon_core.shell:Creating package descriptor '/home/dayo/Desktop/scrap_ws/install/velodyne_msgs/share/velodyne_msgs/package.dsv'
[1.507s] INFO:colcon.colcon_core.shell:Creating package script '/home/dayo/Desktop/scrap_ws/install/velodyne_msgs/share/velodyne_msgs/package.sh'
[1.508s] INFO:colcon.colcon_core.shell:Creating package script '/home/dayo/Desktop/scrap_ws/install/velodyne_msgs/share/velodyne_msgs/package.bash'
[1.508s] INFO:colcon.colcon_core.shell:Creating package script '/home/dayo/Desktop/scrap_ws/install/velodyne_msgs/share/velodyne_msgs/package.zsh'
[1.509s] Level 1:colcon.colcon_core.environment:create_file_with_runtime_dependencies(/home/dayo/Desktop/scrap_ws/install/velodyne_msgs/share/colcon-core/packages/velodyne_msgs)
[1.527s] DEBUG:colcon.colcon_core.event_handler.log_command:Invoked command in '/home/dayo/Desktop/scrap_ws/build/scrap_pkg' returned '0': CMAKE_PREFIX_PATH=/home/dayo/Desktop/scrap_ws/install/usb_cam:/home/dayo/Desktop/scrap_ws/install/velodyne:/home/dayo/Desktop/scrap_ws/install/velodyne_pointcloud:/home/dayo/Desktop/scrap_ws/install/velodyne_driver:/home/dayo/Desktop/scrap_ws/install/velodyne_msgs:/home/dayo/Desktop/scrap_ws/install/velodyne_laserscan:/home/dayo/Desktop/scrap_ws/install/scrap_pkg:/opt/ros/iron LD_LIBRARY_PATH=/home/dayo/Desktop/scrap_ws/install/usb_cam/lib:/home/dayo/Desktop/scrap_ws/install/velodyne_pointcloud/lib:/home/dayo/Desktop/scrap_ws/install/velodyne_driver/lib:/home/dayo/Desktop/scrap_ws/install/velodyne_msgs/lib:/home/dayo/Desktop/scrap_ws/install/velodyne_laserscan/lib:/opt/ros/iron/opt/rviz_ogre_vendor/lib:/opt/ros/iron/lib/x86_64-linux-gnu:/opt/ros/iron/lib /usr/bin/cmake --build /home/dayo/Desktop/scrap_ws/build/scrap_pkg -- -j2 -l2
[1.561s] DEBUG:colcon.colcon_core.event_handler.log_command:Invoking command in '/home/dayo/Desktop/scrap_ws/build/scrap_pkg': CMAKE_PREFIX_PATH=/home/dayo/Desktop/scrap_ws/install/usb_cam:/home/dayo/Desktop/scrap_ws/install/velodyne:/home/dayo/Desktop/scrap_ws/install/velodyne_pointcloud:/home/dayo/Desktop/scrap_ws/install/velodyne_driver:/home/dayo/Desktop/scrap_ws/install/velodyne_msgs:/home/dayo/Desktop/scrap_ws/install/velodyne_laserscan:/home/dayo/Desktop/scrap_ws/install/scrap_pkg:/opt/ros/iron LD_LIBRARY_PATH=/home/dayo/Desktop/scrap_ws/install/usb_cam/lib:/home/dayo/Desktop/scrap_ws/install/velodyne_pointcloud/lib:/home/dayo/Desktop/scrap_ws/install/velodyne_driver/lib:/home/dayo/Desktop/scrap_ws/install/velodyne_msgs/lib:/home/dayo/Desktop/scrap_ws/install/velodyne_laserscan/lib:/opt/ros/iron/opt/rviz_ogre_vendor/lib:/opt/ros/iron/lib/x86_64-linux-gnu:/opt/ros/iron/lib /usr/bin/cmake --install /home/dayo/Desktop/scrap_ws/build/scrap_pkg
[1.572s] Level 1:colcon.colcon_core.environment:create_environment_scripts_only(scrap_pkg)
[1.575s] Level 1:colcon.colcon_core.environment:checking '/home/dayo/Desktop/scrap_ws/install/scrap_pkg' for CMake module files
[1.576s] Level 1:colcon.colcon_core.environment:checking '/home/dayo/Desktop/scrap_ws/install/scrap_pkg' for CMake config files
[1.576s] Level 1:colcon.colcon_core.shell:create_environment_hook('scrap_pkg', 'cmake_prefix_path')
[1.578s] INFO:colcon.colcon_core.shell:Creating environment hook '/home/dayo/Desktop/scrap_ws/install/scrap_pkg/share/scrap_pkg/hook/cmake_prefix_path.ps1'
[1.578s] INFO:colcon.colcon_core.shell:Creating environment descriptor '/home/dayo/Desktop/scrap_ws/install/scrap_pkg/share/scrap_pkg/hook/cmake_prefix_path.dsv'
[1.579s] INFO:colcon.colcon_core.shell:Creating environment hook '/home/dayo/Desktop/scrap_ws/install/scrap_pkg/share/scrap_pkg/hook/cmake_prefix_path.sh'
[1.580s] Level 1:colcon.colcon_core.environment:checking '/home/dayo/Desktop/scrap_ws/install/scrap_pkg/bin'
[1.580s] Level 1:colcon.colcon_core.environment:checking '/home/dayo/Desktop/scrap_ws/install/scrap_pkg/lib/pkgconfig/scrap_pkg.pc'
[1.580s] Level 1:colcon.colcon_core.environment:checking '/home/dayo/Desktop/scrap_ws/install/scrap_pkg/lib/python3.10/site-packages'
[1.580s] Level 1:colcon.colcon_core.environment:checking '/home/dayo/Desktop/scrap_ws/install/scrap_pkg/bin'
[1.582s] INFO:colcon.colcon_core.shell:Creating package script '/home/dayo/Desktop/scrap_ws/install/scrap_pkg/share/scrap_pkg/package.ps1'
[1.582s] INFO:colcon.colcon_core.shell:Creating package descriptor '/home/dayo/Desktop/scrap_ws/install/scrap_pkg/share/scrap_pkg/package.dsv'
[1.583s] INFO:colcon.colcon_core.shell:Creating package script '/home/dayo/Desktop/scrap_ws/install/scrap_pkg/share/scrap_pkg/package.sh'
[1.584s] INFO:colcon.colcon_core.shell:Creating package script '/home/dayo/Desktop/scrap_ws/install/scrap_pkg/share/scrap_pkg/package.bash'
[1.585s] INFO:colcon.colcon_core.shell:Creating package script '/home/dayo/Desktop/scrap_ws/install/scrap_pkg/share/scrap_pkg/package.zsh'
[1.586s] Level 1:colcon.colcon_core.environment:create_file_with_runtime_dependencies(/home/dayo/Desktop/scrap_ws/install/scrap_pkg/share/colcon-core/packages/scrap_pkg)
[1.590s] DEBUG:colcon.colcon_core.event_handler.log_command:Invoked command in '/home/dayo/Desktop/scrap_ws/build/scrap_pkg' returned '0': CMAKE_PREFIX_PATH=/home/dayo/Desktop/scrap_ws/install/usb_cam:/home/dayo/Desktop/scrap_ws/install/velodyne:/home/dayo/Desktop/scrap_ws/install/velodyne_pointcloud:/home/dayo/Desktop/scrap_ws/install/velodyne_driver:/home/dayo/Desktop/scrap_ws/install/velodyne_msgs:/home/dayo/Desktop/scrap_ws/install/velodyne_laserscan:/home/dayo/Desktop/scrap_ws/install/scrap_pkg:/opt/ros/iron LD_LIBRARY_PATH=/home/dayo/Desktop/scrap_ws/install/usb_cam/lib:/home/dayo/Desktop/scrap_ws/install/velodyne_pointcloud/lib:/home/dayo/Desktop/scrap_ws/install/velodyne_driver/lib:/home/dayo/Desktop/scrap_ws/install/velodyne_msgs/lib:/home/dayo/Desktop/scrap_ws/install/velodyne_laserscan/lib:/opt/ros/iron/opt/rviz_ogre_vendor/lib:/opt/ros/iron/lib/x86_64-linux-gnu:/opt/ros/iron/lib /usr/bin/cmake --install /home/dayo/Desktop/scrap_ws/build/scrap_pkg
[1.611s] Level 1:colcon.colcon_core.environment:create_environment_scripts_only(scrap_pkg)
[1.613s] Level 1:colcon.colcon_core.environment:checking '/home/dayo/Desktop/scrap_ws/install/scrap_pkg' for CMake module files
[1.614s] Level 1:colcon.colcon_core.environment:checking '/home/dayo/Desktop/scrap_ws/install/scrap_pkg' for CMake config files
[1.614s] Level 1:colcon.colcon_core.shell:create_environment_hook('scrap_pkg', 'cmake_prefix_path')
[1.616s] INFO:colcon.colcon_core.shell:Creating environment hook '/home/dayo/Desktop/scrap_ws/install/scrap_pkg/share/scrap_pkg/hook/cmake_prefix_path.ps1'
[1.617s] INFO:colcon.colcon_core.shell:Creating environment descriptor '/home/dayo/Desktop/scrap_ws/install/scrap_pkg/share/scrap_pkg/hook/cmake_prefix_path.dsv'
[1.617s] INFO:colcon.colcon_core.shell:Creating environment hook '/home/dayo/Desktop/scrap_ws/install/scrap_pkg/share/scrap_pkg/hook/cmake_prefix_path.sh'
[1.618s] Level 1:colcon.colcon_core.environment:checking '/home/dayo/Desktop/scrap_ws/install/scrap_pkg/bin'
[1.618s] Level 1:colcon.colcon_core.environment:checking '/home/dayo/Desktop/scrap_ws/install/scrap_pkg/lib/pkgconfig/scrap_pkg.pc'
[1.619s] Level 1:colcon.colcon_core.environment:checking '/home/dayo/Desktop/scrap_ws/install/scrap_pkg/lib/python3.10/site-packages'
[1.619s] Level 1:colcon.colcon_core.environment:checking '/home/dayo/Desktop/scrap_ws/install/scrap_pkg/bin'
[1.620s] INFO:colcon.colcon_core.shell:Creating package script '/home/dayo/Desktop/scrap_ws/install/scrap_pkg/share/scrap_pkg/package.ps1'
[1.621s] INFO:colcon.colcon_core.shell:Creating package descriptor '/home/dayo/Desktop/scrap_ws/install/scrap_pkg/share/scrap_pkg/package.dsv'
[1.622s] INFO:colcon.colcon_core.shell:Creating package script '/home/dayo/Desktop/scrap_ws/install/scrap_pkg/share/scrap_pkg/package.sh'
[1.623s] INFO:colcon.colcon_core.shell:Creating package script '/home/dayo/Desktop/scrap_ws/install/scrap_pkg/share/scrap_pkg/package.bash'
[1.625s] INFO:colcon.colcon_core.shell:Creating package script '/home/dayo/Desktop/scrap_ws/install/scrap_pkg/share/scrap_pkg/package.zsh'
[1.625s] Level 1:colcon.colcon_core.environment:create_file_with_runtime_dependencies(/home/dayo/Desktop/scrap_ws/install/scrap_pkg/share/colcon-core/packages/scrap_pkg)
[1.628s] Level 1:colcon.colcon_core.environment:create_environment_scripts_only(velodyne_msgs)
[1.629s] Level 1:colcon.colcon_core.environment:checking '/home/dayo/Desktop/scrap_ws/install/velodyne_msgs' for CMake module files
[1.630s] Level 1:colcon.colcon_core.environment:checking '/home/dayo/Desktop/scrap_ws/install/velodyne_msgs' for CMake config files
[1.630s] Level 1:colcon.colcon_core.shell:create_environment_hook('velodyne_msgs', 'cmake_prefix_path')
[1.631s] INFO:colcon.colcon_core.shell:Creating environment hook '/home/dayo/Desktop/scrap_ws/install/velodyne_msgs/share/velodyne_msgs/hook/cmake_prefix_path.ps1'
[1.632s] INFO:colcon.colcon_core.shell:Creating environment descriptor '/home/dayo/Desktop/scrap_ws/install/velodyne_msgs/share/velodyne_msgs/hook/cmake_prefix_path.dsv'
[1.632s] INFO:colcon.colcon_core.shell:Creating environment hook '/home/dayo/Desktop/scrap_ws/install/velodyne_msgs/share/velodyne_msgs/hook/cmake_prefix_path.sh'
[1.633s] Level 1:colcon.colcon_core.environment:checking '/home/dayo/Desktop/scrap_ws/install/velodyne_msgs/lib'
[1.633s] Level 1:colcon.colcon_core.shell:create_environment_hook('velodyne_msgs', 'ld_library_path_lib')
[1.634s] INFO:colcon.colcon_core.shell:Creating environment hook '/home/dayo/Desktop/scrap_ws/install/velodyne_msgs/share/velodyne_msgs/hook/ld_library_path_lib.ps1'
[1.635s] INFO:colcon.colcon_core.shell:Creating environment descriptor '/home/dayo/Desktop/scrap_ws/install/velodyne_msgs/share/velodyne_msgs/hook/ld_library_path_lib.dsv'
[1.635s] INFO:colcon.colcon_core.shell:Creating environment hook '/home/dayo/Desktop/scrap_ws/install/velodyne_msgs/share/velodyne_msgs/hook/ld_library_path_lib.sh'
[1.636s] Level 1:colcon.colcon_core.environment:checking '/home/dayo/Desktop/scrap_ws/install/velodyne_msgs/bin'
[1.636s] Level 1:colcon.colcon_core.environment:checking '/home/dayo/Desktop/scrap_ws/install/velodyne_msgs/lib/pkgconfig/velodyne_msgs.pc'
[1.636s] Level 1:colcon.colcon_core.environment:checking '/home/dayo/Desktop/scrap_ws/install/velodyne_msgs/lib/python3.10/site-packages'
[1.636s] Level 1:colcon.colcon_core.shell:create_environment_hook('velodyne_msgs', 'pythonpath')
[1.638s] INFO:colcon.colcon_core.shell:Creating environment hook '/home/dayo/Desktop/scrap_ws/install/velodyne_msgs/share/velodyne_msgs/hook/pythonpath.ps1'
[1.639s] INFO:colcon.colcon_core.shell:Creating environment descriptor '/home/dayo/Desktop/scrap_ws/install/velodyne_msgs/share/velodyne_msgs/hook/pythonpath.dsv'
[1.640s] INFO:colcon.colcon_core.shell:Creating environment hook '/home/dayo/Desktop/scrap_ws/install/velodyne_msgs/share/velodyne_msgs/hook/pythonpath.sh'
[1.642s] Level 1:colcon.colcon_core.environment:checking '/home/dayo/Desktop/scrap_ws/install/velodyne_msgs/bin'
[1.644s] INFO:colcon.colcon_core.shell:Creating package script '/home/dayo/Desktop/scrap_ws/install/velodyne_msgs/share/velodyne_msgs/package.ps1'
[1.645s] INFO:colcon.colcon_core.shell:Creating package descriptor '/home/dayo/Desktop/scrap_ws/install/velodyne_msgs/share/velodyne_msgs/package.dsv'
[1.645s] INFO:colcon.colcon_core.shell:Creating package script '/home/dayo/Desktop/scrap_ws/install/velodyne_msgs/share/velodyne_msgs/package.sh'
[1.646s] INFO:colcon.colcon_core.shell:Creating package script '/home/dayo/Desktop/scrap_ws/install/velodyne_msgs/share/velodyne_msgs/package.bash'
[1.646s] INFO:colcon.colcon_core.shell:Creating package script '/home/dayo/Desktop/scrap_ws/install/velodyne_msgs/share/velodyne_msgs/package.zsh'
[1.647s] Level 1:colcon.colcon_core.environment:create_file_with_runtime_dependencies(/home/dayo/Desktop/scrap_ws/install/velodyne_msgs/share/colcon-core/packages/velodyne_msgs)
[1.648s] INFO:colcon.colcon_ros.task.ament_cmake.build:Building ROS package in '/home/dayo/Desktop/scrap_ws/src/velodyne/velodyne_driver' with build type 'ament_cmake'
[1.648s] INFO:colcon.colcon_cmake.task.cmake.build:Building CMake package in '/home/dayo/Desktop/scrap_ws/src/velodyne/velodyne_driver'
[1.649s] INFO:colcon.colcon_core.shell:Skip shell extension 'powershell' for command environment: Not usable outside of PowerShell
[1.649s] DEBUG:colcon.colcon_core.shell:Skip shell extension 'dsv' for command environment
[1.655s] INFO:colcon.colcon_ros.task.ament_cmake.build:Building ROS package in '/home/dayo/Desktop/scrap_ws/src/velodyne/velodyne_pointcloud' with build type 'ament_cmake'
[1.655s] INFO:colcon.colcon_cmake.task.cmake.build:Building CMake package in '/home/dayo/Desktop/scrap_ws/src/velodyne/velodyne_pointcloud'
[1.657s] INFO:colcon.colcon_core.shell:Skip shell extension 'powershell' for command environment: Not usable outside of PowerShell
[1.657s] DEBUG:colcon.colcon_core.shell:Skip shell extension 'dsv' for command environment
[1.665s] DEBUG:colcon.colcon_core.event_handler.log_command:Invoking command in '/home/dayo/Desktop/scrap_ws/build/velodyne_driver': CMAKE_PREFIX_PATH=/home/dayo/Desktop/scrap_ws/install/velodyne_msgs:/home/dayo/Desktop/scrap_ws/install/velodyne:/home/dayo/Desktop/scrap_ws/install/velodyne_pointcloud:/home/dayo/Desktop/scrap_ws/install/velodyne_driver:/home/dayo/Desktop/scrap_ws/install/velodyne_laserscan:/home/dayo/Desktop/scrap_ws/install/usb_cam:/home/dayo/Desktop/scrap_ws/install/scrap_pkg:/opt/ros/iron LD_LIBRARY_PATH=/home/dayo/Desktop/scrap_ws/install/velodyne_msgs/lib:/home/dayo/Desktop/scrap_ws/install/velodyne_pointcloud/lib:/home/dayo/Desktop/scrap_ws/install/velodyne_driver/lib:/home/dayo/Desktop/scrap_ws/install/velodyne_laserscan/lib:/home/dayo/Desktop/scrap_ws/install/usb_cam/lib:/opt/ros/iron/opt/rviz_ogre_vendor/lib:/opt/ros/iron/lib/x86_64-linux-gnu:/opt/ros/iron/lib /usr/bin/cmake --build /home/dayo/Desktop/scrap_ws/build/velodyne_driver -- -j2 -l2
[1.669s] DEBUG:colcon.colcon_core.event_handler.log_command:Invoking command in '/home/dayo/Desktop/scrap_ws/build/velodyne_pointcloud': CMAKE_PREFIX_PATH=/home/dayo/Desktop/scrap_ws/install/velodyne_msgs:/home/dayo/Desktop/scrap_ws/install/velodyne:/home/dayo/Desktop/scrap_ws/install/velodyne_pointcloud:/home/dayo/Desktop/scrap_ws/install/velodyne_driver:/home/dayo/Desktop/scrap_ws/install/velodyne_laserscan:/home/dayo/Desktop/scrap_ws/install/usb_cam:/home/dayo/Desktop/scrap_ws/install/scrap_pkg:/opt/ros/iron LD_LIBRARY_PATH=/home/dayo/Desktop/scrap_ws/install/velodyne_msgs/lib:/home/dayo/Desktop/scrap_ws/install/velodyne_pointcloud/lib:/home/dayo/Desktop/scrap_ws/install/velodyne_driver/lib:/home/dayo/Desktop/scrap_ws/install/velodyne_laserscan/lib:/home/dayo/Desktop/scrap_ws/install/usb_cam/lib:/opt/ros/iron/opt/rviz_ogre_vendor/lib:/opt/ros/iron/lib/x86_64-linux-gnu:/opt/ros/iron/lib /usr/bin/cmake --build /home/dayo/Desktop/scrap_ws/build/velodyne_pointcloud -- -j2 -l2
[2.021s] DEBUG:colcon.colcon_core.event_handler.log_command:Invoked command in '/home/dayo/Desktop/scrap_ws/build/velodyne_driver' returned '0': CMAKE_PREFIX_PATH=/home/dayo/Desktop/scrap_ws/install/velodyne_msgs:/home/dayo/Desktop/scrap_ws/install/velodyne:/home/dayo/Desktop/scrap_ws/install/velodyne_pointcloud:/home/dayo/Desktop/scrap_ws/install/velodyne_driver:/home/dayo/Desktop/scrap_ws/install/velodyne_laserscan:/home/dayo/Desktop/scrap_ws/install/usb_cam:/home/dayo/Desktop/scrap_ws/install/scrap_pkg:/opt/ros/iron LD_LIBRARY_PATH=/home/dayo/Desktop/scrap_ws/install/velodyne_msgs/lib:/home/dayo/Desktop/scrap_ws/install/velodyne_pointcloud/lib:/home/dayo/Desktop/scrap_ws/install/velodyne_driver/lib:/home/dayo/Desktop/scrap_ws/install/velodyne_laserscan/lib:/home/dayo/Desktop/scrap_ws/install/usb_cam/lib:/opt/ros/iron/opt/rviz_ogre_vendor/lib:/opt/ros/iron/lib/x86_64-linux-gnu:/opt/ros/iron/lib /usr/bin/cmake --build /home/dayo/Desktop/scrap_ws/build/velodyne_driver -- -j2 -l2
[2.040s] DEBUG:colcon.colcon_core.event_handler.log_command:Invoked command in '/home/dayo/Desktop/scrap_ws/build/velodyne_pointcloud' returned '0': CMAKE_PREFIX_PATH=/home/dayo/Desktop/scrap_ws/install/velodyne_msgs:/home/dayo/Desktop/scrap_ws/install/velodyne:/home/dayo/Desktop/scrap_ws/install/velodyne_pointcloud:/home/dayo/Desktop/scrap_ws/install/velodyne_driver:/home/dayo/Desktop/scrap_ws/install/velodyne_laserscan:/home/dayo/Desktop/scrap_ws/install/usb_cam:/home/dayo/Desktop/scrap_ws/install/scrap_pkg:/opt/ros/iron LD_LIBRARY_PATH=/home/dayo/Desktop/scrap_ws/install/velodyne_msgs/lib:/home/dayo/Desktop/scrap_ws/install/velodyne_pointcloud/lib:/home/dayo/Desktop/scrap_ws/install/velodyne_driver/lib:/home/dayo/Desktop/scrap_ws/install/velodyne_laserscan/lib:/home/dayo/Desktop/scrap_ws/install/usb_cam/lib:/opt/ros/iron/opt/rviz_ogre_vendor/lib:/opt/ros/iron/lib/x86_64-linux-gnu:/opt/ros/iron/lib /usr/bin/cmake --build /home/dayo/Desktop/scrap_ws/build/velodyne_pointcloud -- -j2 -l2
[2.099s] DEBUG:colcon.colcon_core.event_handler.log_command:Invoking command in '/home/dayo/Desktop/scrap_ws/build/velodyne_pointcloud': CMAKE_PREFIX_PATH=/home/dayo/Desktop/scrap_ws/install/velodyne_msgs:/home/dayo/Desktop/scrap_ws/install/velodyne:/home/dayo/Desktop/scrap_ws/install/velodyne_pointcloud:/home/dayo/Desktop/scrap_ws/install/velodyne_driver:/home/dayo/Desktop/scrap_ws/install/velodyne_laserscan:/home/dayo/Desktop/scrap_ws/install/usb_cam:/home/dayo/Desktop/scrap_ws/install/scrap_pkg:/opt/ros/iron LD_LIBRARY_PATH=/home/dayo/Desktop/scrap_ws/install/velodyne_msgs/lib:/home/dayo/Desktop/scrap_ws/install/velodyne_pointcloud/lib:/home/dayo/Desktop/scrap_ws/install/velodyne_driver/lib:/home/dayo/Desktop/scrap_ws/install/velodyne_laserscan/lib:/home/dayo/Desktop/scrap_ws/install/usb_cam/lib:/opt/ros/iron/opt/rviz_ogre_vendor/lib:/opt/ros/iron/lib/x86_64-linux-gnu:/opt/ros/iron/lib /usr/bin/cmake --install /home/dayo/Desktop/scrap_ws/build/velodyne_pointcloud
[2.107s] DEBUG:colcon.colcon_core.event_handler.log_command:Invoking command in '/home/dayo/Desktop/scrap_ws/build/velodyne_driver': CMAKE_PREFIX_PATH=/home/dayo/Desktop/scrap_ws/install/velodyne_msgs:/home/dayo/Desktop/scrap_ws/install/velodyne:/home/dayo/Desktop/scrap_ws/install/velodyne_pointcloud:/home/dayo/Desktop/scrap_ws/install/velodyne_driver:/home/dayo/Desktop/scrap_ws/install/velodyne_laserscan:/home/dayo/Desktop/scrap_ws/install/usb_cam:/home/dayo/Desktop/scrap_ws/install/scrap_pkg:/opt/ros/iron LD_LIBRARY_PATH=/home/dayo/Desktop/scrap_ws/install/velodyne_msgs/lib:/home/dayo/Desktop/scrap_ws/install/velodyne_pointcloud/lib:/home/dayo/Desktop/scrap_ws/install/velodyne_driver/lib:/home/dayo/Desktop/scrap_ws/install/velodyne_laserscan/lib:/home/dayo/Desktop/scrap_ws/install/usb_cam/lib:/opt/ros/iron/opt/rviz_ogre_vendor/lib:/opt/ros/iron/lib/x86_64-linux-gnu:/opt/ros/iron/lib /usr/bin/cmake --install /home/dayo/Desktop/scrap_ws/build/velodyne_driver
[2.143s] Level 1:colcon.colcon_core.environment:create_environment_scripts_only(velodyne_pointcloud)
[2.145s] Level 1:colcon.colcon_core.environment:checking '/home/dayo/Desktop/scrap_ws/install/velodyne_pointcloud' for CMake module files
[2.147s] Level 1:colcon.colcon_core.environment:checking '/home/dayo/Desktop/scrap_ws/install/velodyne_pointcloud' for CMake config files
[2.147s] Level 1:colcon.colcon_core.shell:create_environment_hook('velodyne_pointcloud', 'cmake_prefix_path')
[2.148s] INFO:colcon.colcon_core.shell:Creating environment hook '/home/dayo/Desktop/scrap_ws/install/velodyne_pointcloud/share/velodyne_pointcloud/hook/cmake_prefix_path.ps1'
[2.149s] INFO:colcon.colcon_core.shell:Creating environment descriptor '/home/dayo/Desktop/scrap_ws/install/velodyne_pointcloud/share/velodyne_pointcloud/hook/cmake_prefix_path.dsv'
[2.149s] INFO:colcon.colcon_core.shell:Creating environment hook '/home/dayo/Desktop/scrap_ws/install/velodyne_pointcloud/share/velodyne_pointcloud/hook/cmake_prefix_path.sh'
[2.150s] Level 1:colcon.colcon_core.environment:checking '/home/dayo/Desktop/scrap_ws/install/velodyne_pointcloud/lib'
[2.150s] Level 1:colcon.colcon_core.shell:create_environment_hook('velodyne_pointcloud', 'ld_library_path_lib')
[2.151s] INFO:colcon.colcon_core.shell:Creating environment hook '/home/dayo/Desktop/scrap_ws/install/velodyne_pointcloud/share/velodyne_pointcloud/hook/ld_library_path_lib.ps1'
[2.159s] INFO:colcon.colcon_core.shell:Creating environment descriptor '/home/dayo/Desktop/scrap_ws/install/velodyne_pointcloud/share/velodyne_pointcloud/hook/ld_library_path_lib.dsv'
[2.160s] DEBUG:colcon.colcon_core.event_handler.log_command:Invoked command in '/home/dayo/Desktop/scrap_ws/build/velodyne_pointcloud' returned '0': CMAKE_PREFIX_PATH=/home/dayo/Desktop/scrap_ws/install/velodyne_msgs:/home/dayo/Desktop/scrap_ws/install/velodyne:/home/dayo/Desktop/scrap_ws/install/velodyne_pointcloud:/home/dayo/Desktop/scrap_ws/install/velodyne_driver:/home/dayo/Desktop/scrap_ws/install/velodyne_laserscan:/home/dayo/Desktop/scrap_ws/install/usb_cam:/home/dayo/Desktop/scrap_ws/install/scrap_pkg:/opt/ros/iron LD_LIBRARY_PATH=/home/dayo/Desktop/scrap_ws/install/velodyne_msgs/lib:/home/dayo/Desktop/scrap_ws/install/velodyne_pointcloud/lib:/home/dayo/Desktop/scrap_ws/install/velodyne_driver/lib:/home/dayo/Desktop/scrap_ws/install/velodyne_laserscan/lib:/home/dayo/Desktop/scrap_ws/install/usb_cam/lib:/opt/ros/iron/opt/rviz_ogre_vendor/lib:/opt/ros/iron/lib/x86_64-linux-gnu:/opt/ros/iron/lib /usr/bin/cmake --install /home/dayo/Desktop/scrap_ws/build/velodyne_pointcloud
[2.160s] INFO:colcon.colcon_core.shell:Creating environment hook '/home/dayo/Desktop/scrap_ws/install/velodyne_pointcloud/share/velodyne_pointcloud/hook/ld_library_path_lib.sh'
[2.161s] Level 1:colcon.colcon_core.environment:checking '/home/dayo/Desktop/scrap_ws/install/velodyne_pointcloud/bin'
[2.161s] Level 1:colcon.colcon_core.environment:checking '/home/dayo/Desktop/scrap_ws/install/velodyne_pointcloud/lib/pkgconfig/velodyne_pointcloud.pc'
[2.161s] Level 1:colcon.colcon_core.environment:checking '/home/dayo/Desktop/scrap_ws/install/velodyne_pointcloud/lib/python3.10/site-packages'
[2.161s] Level 1:colcon.colcon_core.environment:checking '/home/dayo/Desktop/scrap_ws/install/velodyne_pointcloud/bin'
[2.162s] INFO:colcon.colcon_core.shell:Creating package script '/home/dayo/Desktop/scrap_ws/install/velodyne_pointcloud/share/velodyne_pointcloud/package.ps1'
[2.163s] INFO:colcon.colcon_core.shell:Creating package descriptor '/home/dayo/Desktop/scrap_ws/install/velodyne_pointcloud/share/velodyne_pointcloud/package.dsv'
[2.163s] INFO:colcon.colcon_core.shell:Creating package script '/home/dayo/Desktop/scrap_ws/install/velodyne_pointcloud/share/velodyne_pointcloud/package.sh'
[2.164s] INFO:colcon.colcon_core.shell:Creating package script '/home/dayo/Desktop/scrap_ws/install/velodyne_pointcloud/share/velodyne_pointcloud/package.bash'
[2.164s] INFO:colcon.colcon_core.shell:Creating package script '/home/dayo/Desktop/scrap_ws/install/velodyne_pointcloud/share/velodyne_pointcloud/package.zsh'
[2.164s] Level 1:colcon.colcon_core.environment:create_file_with_runtime_dependencies(/home/dayo/Desktop/scrap_ws/install/velodyne_pointcloud/share/colcon-core/packages/velodyne_pointcloud)
[2.173s] Level 1:colcon.colcon_core.environment:create_environment_scripts_only(velodyne_driver)
[2.176s] Level 1:colcon.colcon_core.environment:checking '/home/dayo/Desktop/scrap_ws/install/velodyne_driver' for CMake module files
[2.176s] DEBUG:colcon.colcon_core.event_handler.log_command:Invoked command in '/home/dayo/Desktop/scrap_ws/build/velodyne_driver' returned '0': CMAKE_PREFIX_PATH=/home/dayo/Desktop/scrap_ws/install/velodyne_msgs:/home/dayo/Desktop/scrap_ws/install/velodyne:/home/dayo/Desktop/scrap_ws/install/velodyne_pointcloud:/home/dayo/Desktop/scrap_ws/install/velodyne_driver:/home/dayo/Desktop/scrap_ws/install/velodyne_laserscan:/home/dayo/Desktop/scrap_ws/install/usb_cam:/home/dayo/Desktop/scrap_ws/install/scrap_pkg:/opt/ros/iron LD_LIBRARY_PATH=/home/dayo/Desktop/scrap_ws/install/velodyne_msgs/lib:/home/dayo/Desktop/scrap_ws/install/velodyne_pointcloud/lib:/home/dayo/Desktop/scrap_ws/install/velodyne_driver/lib:/home/dayo/Desktop/scrap_ws/install/velodyne_laserscan/lib:/home/dayo/Desktop/scrap_ws/install/usb_cam/lib:/opt/ros/iron/opt/rviz_ogre_vendor/lib:/opt/ros/iron/lib/x86_64-linux-gnu:/opt/ros/iron/lib /usr/bin/cmake --install /home/dayo/Desktop/scrap_ws/build/velodyne_driver
[2.187s] Level 1:colcon.colcon_core.environment:checking '/home/dayo/Desktop/scrap_ws/install/velodyne_driver' for CMake config files
[2.187s] Level 1:colcon.colcon_core.shell:create_environment_hook('velodyne_driver', 'cmake_prefix_path')
[2.192s] INFO:colcon.colcon_core.shell:Creating environment hook '/home/dayo/Desktop/scrap_ws/install/velodyne_driver/share/velodyne_driver/hook/cmake_prefix_path.ps1'
[2.198s] INFO:colcon.colcon_core.shell:Creating environment descriptor '/home/dayo/Desktop/scrap_ws/install/velodyne_driver/share/velodyne_driver/hook/cmake_prefix_path.dsv'
[2.199s] INFO:colcon.colcon_core.shell:Creating environment hook '/home/dayo/Desktop/scrap_ws/install/velodyne_driver/share/velodyne_driver/hook/cmake_prefix_path.sh'
[2.199s] Level 1:colcon.colcon_core.environment:checking '/home/dayo/Desktop/scrap_ws/install/velodyne_driver/lib'
[2.199s] Level 1:colcon.colcon_core.shell:create_environment_hook('velodyne_driver', 'ld_library_path_lib')
[2.200s] INFO:colcon.colcon_core.shell:Creating environment hook '/home/dayo/Desktop/scrap_ws/install/velodyne_driver/share/velodyne_driver/hook/ld_library_path_lib.ps1'
[2.201s] INFO:colcon.colcon_core.shell:Creating environment descriptor '/home/dayo/Desktop/scrap_ws/install/velodyne_driver/share/velodyne_driver/hook/ld_library_path_lib.dsv'
[2.201s] INFO:colcon.colcon_core.shell:Creating environment hook '/home/dayo/Desktop/scrap_ws/install/velodyne_driver/share/velodyne_driver/hook/ld_library_path_lib.sh'
[2.202s] Level 1:colcon.colcon_core.environment:checking '/home/dayo/Desktop/scrap_ws/install/velodyne_driver/bin'
[2.202s] Level 1:colcon.colcon_core.environment:checking '/home/dayo/Desktop/scrap_ws/install/velodyne_driver/lib/pkgconfig/velodyne_driver.pc'
[2.202s] Level 1:colcon.colcon_core.environment:checking '/home/dayo/Desktop/scrap_ws/install/velodyne_driver/lib/python3.10/site-packages'
[2.202s] Level 1:colcon.colcon_core.environment:checking '/home/dayo/Desktop/scrap_ws/install/velodyne_driver/bin'
[2.205s] INFO:colcon.colcon_core.shell:Creating package script '/home/dayo/Desktop/scrap_ws/install/velodyne_driver/share/velodyne_driver/package.ps1'
[2.211s] INFO:colcon.colcon_core.shell:Creating package descriptor '/home/dayo/Desktop/scrap_ws/install/velodyne_driver/share/velodyne_driver/package.dsv'
[2.212s] INFO:colcon.colcon_core.shell:Creating package script '/home/dayo/Desktop/scrap_ws/install/velodyne_driver/share/velodyne_driver/package.sh'
[2.212s] INFO:colcon.colcon_core.shell:Creating package script '/home/dayo/Desktop/scrap_ws/install/velodyne_driver/share/velodyne_driver/package.bash'
[2.213s] INFO:colcon.colcon_core.shell:Creating package script '/home/dayo/Desktop/scrap_ws/install/velodyne_driver/share/velodyne_driver/package.zsh'
[2.214s] Level 1:colcon.colcon_core.environment:create_file_with_runtime_dependencies(/home/dayo/Desktop/scrap_ws/install/velodyne_driver/share/colcon-core/packages/velodyne_driver)
[2.275s] Level 1:colcon.colcon_core.environment:create_environment_scripts_only(velodyne_pointcloud)
[2.280s] Level 1:colcon.colcon_core.environment:checking '/home/dayo/Desktop/scrap_ws/install/velodyne_pointcloud' for CMake module files
[2.281s] Level 1:colcon.colcon_core.environment:checking '/home/dayo/Desktop/scrap_ws/install/velodyne_pointcloud' for CMake config files
[2.281s] Level 1:colcon.colcon_core.shell:create_environment_hook('velodyne_pointcloud', 'cmake_prefix_path')
[2.282s] INFO:colcon.colcon_core.shell:Creating environment hook '/home/dayo/Desktop/scrap_ws/install/velodyne_pointcloud/share/velodyne_pointcloud/hook/cmake_prefix_path.ps1'
[2.283s] INFO:colcon.colcon_core.shell:Creating environment descriptor '/home/dayo/Desktop/scrap_ws/install/velodyne_pointcloud/share/velodyne_pointcloud/hook/cmake_prefix_path.dsv'
[2.283s] INFO:colcon.colcon_core.shell:Creating environment hook '/home/dayo/Desktop/scrap_ws/install/velodyne_pointcloud/share/velodyne_pointcloud/hook/cmake_prefix_path.sh'
[2.284s] Level 1:colcon.colcon_core.environment:checking '/home/dayo/Desktop/scrap_ws/install/velodyne_pointcloud/lib'
[2.284s] Level 1:colcon.colcon_core.shell:create_environment_hook('velodyne_pointcloud', 'ld_library_path_lib')
[2.285s] INFO:colcon.colcon_core.shell:Creating environment hook '/home/dayo/Desktop/scrap_ws/install/velodyne_pointcloud/share/velodyne_pointcloud/hook/ld_library_path_lib.ps1'
[2.285s] INFO:colcon.colcon_core.shell:Creating environment descriptor '/home/dayo/Desktop/scrap_ws/install/velodyne_pointcloud/share/velodyne_pointcloud/hook/ld_library_path_lib.dsv'
[2.285s] INFO:colcon.colcon_core.shell:Creating environment hook '/home/dayo/Desktop/scrap_ws/install/velodyne_pointcloud/share/velodyne_pointcloud/hook/ld_library_path_lib.sh'
[2.286s] Level 1:colcon.colcon_core.environment:checking '/home/dayo/Desktop/scrap_ws/install/velodyne_pointcloud/bin'
[2.286s] Level 1:colcon.colcon_core.environment:checking '/home/dayo/Desktop/scrap_ws/install/velodyne_pointcloud/lib/pkgconfig/velodyne_pointcloud.pc'
[2.286s] Level 1:colcon.colcon_core.environment:checking '/home/dayo/Desktop/scrap_ws/install/velodyne_pointcloud/lib/python3.10/site-packages'
[2.286s] Level 1:colcon.colcon_core.environment:checking '/home/dayo/Desktop/scrap_ws/install/velodyne_pointcloud/bin'
[2.287s] INFO:colcon.colcon_core.shell:Creating package script '/home/dayo/Desktop/scrap_ws/install/velodyne_pointcloud/share/velodyne_pointcloud/package.ps1'
[2.295s] INFO:colcon.colcon_core.shell:Creating package descriptor '/home/dayo/Desktop/scrap_ws/install/velodyne_pointcloud/share/velodyne_pointcloud/package.dsv'
[2.296s] INFO:colcon.colcon_core.shell:Creating package script '/home/dayo/Desktop/scrap_ws/install/velodyne_pointcloud/share/velodyne_pointcloud/package.sh'
[2.296s] INFO:colcon.colcon_core.shell:Creating package script '/home/dayo/Desktop/scrap_ws/install/velodyne_pointcloud/share/velodyne_pointcloud/package.bash'
[2.297s] INFO:colcon.colcon_core.shell:Creating package script '/home/dayo/Desktop/scrap_ws/install/velodyne_pointcloud/share/velodyne_pointcloud/package.zsh'
[2.297s] Level 1:colcon.colcon_core.environment:create_file_with_runtime_dependencies(/home/dayo/Desktop/scrap_ws/install/velodyne_pointcloud/share/colcon-core/packages/velodyne_pointcloud)
[2.300s] Level 1:colcon.colcon_core.environment:create_environment_scripts_only(velodyne_driver)
[2.301s] Level 1:colcon.colcon_core.environment:checking '/home/dayo/Desktop/scrap_ws/install/velodyne_driver' for CMake module files
[2.303s] Level 1:colcon.colcon_core.environment:checking '/home/dayo/Desktop/scrap_ws/install/velodyne_driver' for CMake config files
[2.303s] Level 1:colcon.colcon_core.shell:create_environment_hook('velodyne_driver', 'cmake_prefix_path')
[2.304s] INFO:colcon.colcon_core.shell:Creating environment hook '/home/dayo/Desktop/scrap_ws/install/velodyne_driver/share/velodyne_driver/hook/cmake_prefix_path.ps1'
[2.307s] INFO:colcon.colcon_core.shell:Creating environment descriptor '/home/dayo/Desktop/scrap_ws/install/velodyne_driver/share/velodyne_driver/hook/cmake_prefix_path.dsv'
[2.307s] INFO:colcon.colcon_core.shell:Creating environment hook '/home/dayo/Desktop/scrap_ws/install/velodyne_driver/share/velodyne_driver/hook/cmake_prefix_path.sh'
[2.308s] Level 1:colcon.colcon_core.environment:checking '/home/dayo/Desktop/scrap_ws/install/velodyne_driver/lib'
[2.308s] Level 1:colcon.colcon_core.shell:create_environment_hook('velodyne_driver', 'ld_library_path_lib')
[2.309s] INFO:colcon.colcon_core.shell:Creating environment hook '/home/dayo/Desktop/scrap_ws/install/velodyne_driver/share/velodyne_driver/hook/ld_library_path_lib.ps1'
[2.310s] INFO:colcon.colcon_core.shell:Creating environment descriptor '/home/dayo/Desktop/scrap_ws/install/velodyne_driver/share/velodyne_driver/hook/ld_library_path_lib.dsv'
[2.310s] INFO:colcon.colcon_core.shell:Creating environment hook '/home/dayo/Desktop/scrap_ws/install/velodyne_driver/share/velodyne_driver/hook/ld_library_path_lib.sh'
[2.311s] Level 1:colcon.colcon_core.environment:checking '/home/dayo/Desktop/scrap_ws/install/velodyne_driver/bin'
[2.311s] Level 1:colcon.colcon_core.environment:checking '/home/dayo/Desktop/scrap_ws/install/velodyne_driver/lib/pkgconfig/velodyne_driver.pc'
[2.311s] Level 1:colcon.colcon_core.environment:checking '/home/dayo/Desktop/scrap_ws/install/velodyne_driver/lib/python3.10/site-packages'
[2.311s] Level 1:colcon.colcon_core.environment:checking '/home/dayo/Desktop/scrap_ws/install/velodyne_driver/bin'
[2.313s] INFO:colcon.colcon_core.shell:Creating package script '/home/dayo/Desktop/scrap_ws/install/velodyne_driver/share/velodyne_driver/package.ps1'
[2.314s] INFO:colcon.colcon_core.shell:Creating package descriptor '/home/dayo/Desktop/scrap_ws/install/velodyne_driver/share/velodyne_driver/package.dsv'
[2.314s] INFO:colcon.colcon_core.shell:Creating package script '/home/dayo/Desktop/scrap_ws/install/velodyne_driver/share/velodyne_driver/package.sh'
[2.315s] INFO:colcon.colcon_core.shell:Creating package script '/home/dayo/Desktop/scrap_ws/install/velodyne_driver/share/velodyne_driver/package.bash'
[2.315s] INFO:colcon.colcon_core.shell:Creating package script '/home/dayo/Desktop/scrap_ws/install/velodyne_driver/share/velodyne_driver/package.zsh'
[2.315s] Level 1:colcon.colcon_core.environment:create_file_with_runtime_dependencies(/home/dayo/Desktop/scrap_ws/install/velodyne_driver/share/colcon-core/packages/velodyne_driver)
[2.316s] INFO:colcon.colcon_ros.task.ament_cmake.build:Building ROS package in '/home/dayo/Desktop/scrap_ws/src/velodyne/velodyne' with build type 'ament_cmake'
[2.316s] INFO:colcon.colcon_cmake.task.cmake.build:Building CMake package in '/home/dayo/Desktop/scrap_ws/src/velodyne/velodyne'
[2.317s] INFO:colcon.colcon_core.shell:Skip shell extension 'powershell' for command environment: Not usable outside of PowerShell
[2.317s] DEBUG:colcon.colcon_core.shell:Skip shell extension 'dsv' for command environment
[2.331s] DEBUG:colcon.colcon_core.event_handler.log_command:Invoking command in '/home/dayo/Desktop/scrap_ws/build/velodyne': CMAKE_PREFIX_PATH=/home/dayo/Desktop/scrap_ws/install/velodyne_pointcloud:/home/dayo/Desktop/scrap_ws/install/velodyne_driver:/home/dayo/Desktop/scrap_ws/install/velodyne_msgs:/home/dayo/Desktop/scrap_ws/install/velodyne_laserscan:/home/dayo/Desktop/scrap_ws/install/velodyne:/home/dayo/Desktop/scrap_ws/install/usb_cam:/home/dayo/Desktop/scrap_ws/install/scrap_pkg:/opt/ros/iron /usr/bin/cmake --build /home/dayo/Desktop/scrap_ws/build/velodyne -- -j2 -l2
[2.399s] DEBUG:colcon.colcon_core.event_handler.log_command:Invoked command in '/home/dayo/Desktop/scrap_ws/build/velodyne' returned '0': CMAKE_PREFIX_PATH=/home/dayo/Desktop/scrap_ws/install/velodyne_pointcloud:/home/dayo/Desktop/scrap_ws/install/velodyne_driver:/home/dayo/Desktop/scrap_ws/install/velodyne_msgs:/home/dayo/Desktop/scrap_ws/install/velodyne_laserscan:/home/dayo/Desktop/scrap_ws/install/velodyne:/home/dayo/Desktop/scrap_ws/install/usb_cam:/home/dayo/Desktop/scrap_ws/install/scrap_pkg:/opt/ros/iron /usr/bin/cmake --build /home/dayo/Desktop/scrap_ws/build/velodyne -- -j2 -l2
[2.430s] DEBUG:colcon.colcon_core.event_handler.log_command:Invoking command in '/home/dayo/Desktop/scrap_ws/build/velodyne': CMAKE_PREFIX_PATH=/home/dayo/Desktop/scrap_ws/install/velodyne_pointcloud:/home/dayo/Desktop/scrap_ws/install/velodyne_driver:/home/dayo/Desktop/scrap_ws/install/velodyne_msgs:/home/dayo/Desktop/scrap_ws/install/velodyne_laserscan:/home/dayo/Desktop/scrap_ws/install/velodyne:/home/dayo/Desktop/scrap_ws/install/usb_cam:/home/dayo/Desktop/scrap_ws/install/scrap_pkg:/opt/ros/iron /usr/bin/cmake --install /home/dayo/Desktop/scrap_ws/build/velodyne
[2.453s] Level 1:colcon.colcon_core.environment:create_environment_scripts_only(velodyne)
[2.455s] Level 1:colcon.colcon_core.environment:checking '/home/dayo/Desktop/scrap_ws/install/velodyne' for CMake module files
[2.456s] DEBUG:colcon.colcon_core.event_handler.log_command:Invoked command in '/home/dayo/Desktop/scrap_ws/build/velodyne' returned '0': CMAKE_PREFIX_PATH=/home/dayo/Desktop/scrap_ws/install/velodyne_pointcloud:/home/dayo/Desktop/scrap_ws/install/velodyne_driver:/home/dayo/Desktop/scrap_ws/install/velodyne_msgs:/home/dayo/Desktop/scrap_ws/install/velodyne_laserscan:/home/dayo/Desktop/scrap_ws/install/velodyne:/home/dayo/Desktop/scrap_ws/install/usb_cam:/home/dayo/Desktop/scrap_ws/install/scrap_pkg:/opt/ros/iron /usr/bin/cmake --install /home/dayo/Desktop/scrap_ws/build/velodyne
[2.456s] Level 1:colcon.colcon_core.environment:checking '/home/dayo/Desktop/scrap_ws/install/velodyne' for CMake config files
[2.456s] Level 1:colcon.colcon_core.shell:create_environment_hook('velodyne', 'cmake_prefix_path')
[2.458s] INFO:colcon.colcon_core.shell:Creating environment hook '/home/dayo/Desktop/scrap_ws/install/velodyne/share/velodyne/hook/cmake_prefix_path.ps1'
[2.458s] INFO:colcon.colcon_core.shell:Creating environment descriptor '/home/dayo/Desktop/scrap_ws/install/velodyne/share/velodyne/hook/cmake_prefix_path.dsv'
[2.459s] INFO:colcon.colcon_core.shell:Creating environment hook '/home/dayo/Desktop/scrap_ws/install/velodyne/share/velodyne/hook/cmake_prefix_path.sh'
[2.459s] Level 1:colcon.colcon_core.environment:checking '/home/dayo/Desktop/scrap_ws/install/velodyne/bin'
[2.459s] Level 1:colcon.colcon_core.environment:checking '/home/dayo/Desktop/scrap_ws/install/velodyne/lib/pkgconfig/velodyne.pc'
[2.459s] Level 1:colcon.colcon_core.environment:checking '/home/dayo/Desktop/scrap_ws/install/velodyne/lib/python3.10/site-packages'
[2.459s] Level 1:colcon.colcon_core.environment:checking '/home/dayo/Desktop/scrap_ws/install/velodyne/bin'
[2.461s] INFO:colcon.colcon_core.shell:Creating package script '/home/dayo/Desktop/scrap_ws/install/velodyne/share/velodyne/package.ps1'
[2.461s] INFO:colcon.colcon_core.shell:Creating package descriptor '/home/dayo/Desktop/scrap_ws/install/velodyne/share/velodyne/package.dsv'
[2.461s] INFO:colcon.colcon_core.shell:Creating package script '/home/dayo/Desktop/scrap_ws/install/velodyne/share/velodyne/package.sh'
[2.462s] INFO:colcon.colcon_core.shell:Creating package script '/home/dayo/Desktop/scrap_ws/install/velodyne/share/velodyne/package.bash'
[2.462s] INFO:colcon.colcon_core.shell:Creating package script '/home/dayo/Desktop/scrap_ws/install/velodyne/share/velodyne/package.zsh'
[2.469s] Level 1:colcon.colcon_core.environment:create_file_with_runtime_dependencies(/home/dayo/Desktop/scrap_ws/install/velodyne/share/colcon-core/packages/velodyne)
[2.497s] Level 1:colcon.colcon_core.environment:create_environment_scripts_only(velodyne)
[2.498s] Level 1:colcon.colcon_core.environment:checking '/home/dayo/Desktop/scrap_ws/install/velodyne' for CMake module files
[2.499s] Level 1:colcon.colcon_core.environment:checking '/home/dayo/Desktop/scrap_ws/install/velodyne' for CMake config files
[2.499s] Level 1:colcon.colcon_core.shell:create_environment_hook('velodyne', 'cmake_prefix_path')
[2.500s] INFO:colcon.colcon_core.shell:Creating environment hook '/home/dayo/Desktop/scrap_ws/install/velodyne/share/velodyne/hook/cmake_prefix_path.ps1'
[2.502s] INFO:colcon.colcon_core.shell:Creating environment descriptor '/home/dayo/Desktop/scrap_ws/install/velodyne/share/velodyne/hook/cmake_prefix_path.dsv'
[2.503s] INFO:colcon.colcon_core.shell:Creating environment hook '/home/dayo/Desktop/scrap_ws/install/velodyne/share/velodyne/hook/cmake_prefix_path.sh'
[2.504s] Level 1:colcon.colcon_core.environment:checking '/home/dayo/Desktop/scrap_ws/install/velodyne/bin'
[2.504s] Level 1:colcon.colcon_core.environment:checking '/home/dayo/Desktop/scrap_ws/install/velodyne/lib/pkgconfig/velodyne.pc'
[2.505s] Level 1:colcon.colcon_core.environment:checking '/home/dayo/Desktop/scrap_ws/install/velodyne/lib/python3.10/site-packages'
[2.505s] Level 1:colcon.colcon_core.environment:checking '/home/dayo/Desktop/scrap_ws/install/velodyne/bin'
[2.506s] INFO:colcon.colcon_core.shell:Creating package script '/home/dayo/Desktop/scrap_ws/install/velodyne/share/velodyne/package.ps1'
[2.510s] INFO:colcon.colcon_core.shell:Creating package descriptor '/home/dayo/Desktop/scrap_ws/install/velodyne/share/velodyne/package.dsv'
[2.510s] INFO:colcon.colcon_core.shell:Creating package script '/home/dayo/Desktop/scrap_ws/install/velodyne/share/velodyne/package.sh'
[2.511s] INFO:colcon.colcon_core.shell:Creating package script '/home/dayo/Desktop/scrap_ws/install/velodyne/share/velodyne/package.bash'
[2.511s] INFO:colcon.colcon_core.shell:Creating package script '/home/dayo/Desktop/scrap_ws/install/velodyne/share/velodyne/package.zsh'
[2.512s] Level 1:colcon.colcon_core.environment:create_file_with_runtime_dependencies(/home/dayo/Desktop/scrap_ws/install/velodyne/share/colcon-core/packages/velodyne)
[2.512s] DEBUG:colcon.colcon_parallel_executor.executor.parallel:closing loop
[2.513s] DEBUG:colcon.colcon_parallel_executor.executor.parallel:loop closed
[2.516s] DEBUG:colcon.colcon_parallel_executor.executor.parallel:run_until_complete finished with '0'
[2.516s] DEBUG:colcon.colcon_core.event_reactor:joining thread
[2.521s] INFO:colcon.colcon_core.plugin_system:Skipping extension 'colcon_notification.desktop_notification.terminal_notifier': Not used on non-Darwin systems
[2.521s] INFO:colcon.colcon_core.plugin_system:Skipping extension 'colcon_notification.desktop_notification.win32': Not used on non-Windows systems
[2.521s] INFO:colcon.colcon_notification.desktop_notification:Sending desktop notification using 'notify2'
[2.562s] DEBUG:colcon.colcon_core.event_reactor:joined thread
[2.564s] INFO:colcon.colcon_core.shell:Creating prefix script '/home/dayo/Desktop/scrap_ws/install/local_setup.ps1'
[2.565s] INFO:colcon.colcon_core.shell:Creating prefix util module '/home/dayo/Desktop/scrap_ws/install/_local_setup_util_ps1.py'
[2.566s] INFO:colcon.colcon_core.shell:Creating prefix chain script '/home/dayo/Desktop/scrap_ws/install/setup.ps1'
[2.568s] INFO:colcon.colcon_core.shell:Creating prefix script '/home/dayo/Desktop/scrap_ws/install/local_setup.sh'
[2.568s] INFO:colcon.colcon_core.shell:Creating prefix util module '/home/dayo/Desktop/scrap_ws/install/_local_setup_util_sh.py'
[2.569s] INFO:colcon.colcon_core.shell:Creating prefix chain script '/home/dayo/Desktop/scrap_ws/install/setup.sh'
[2.573s] INFO:colcon.colcon_core.shell:Creating prefix script '/home/dayo/Desktop/scrap_ws/install/local_setup.bash'
[2.574s] INFO:colcon.colcon_core.shell:Creating prefix chain script '/home/dayo/Desktop/scrap_ws/install/setup.bash'
[2.577s] INFO:colcon.colcon_core.shell:Creating prefix script '/home/dayo/Desktop/scrap_ws/install/local_setup.zsh'
[2.580s] INFO:colcon.colcon_core.shell:Creating prefix chain script '/home/dayo/Desktop/scrap_ws/install/setup.zsh'
