[0.046s] Invoking command in '/home/dayo/Desktop/scrap_ws/build/velodyne_laserscan': CMAKE_PREFIX_PATH=/opt/ros/iron /usr/bin/cmake --build /home/dayo/Desktop/scrap_ws/build/velodyne_laserscan -- -j2 -l2
[0.136s] [35m[1mConsolidate compiler generated dependencies of target velodyne_laserscan[0m
[0.166s] [ 50%] Built target velodyne_laserscan
[0.202s] [35m[1mConsolidate compiler generated dependencies of target velodyne_laserscan_node[0m
[0.221s] [100%] Built target velodyne_laserscan_node
[0.257s] Invoked command in '/home/dayo/Desktop/scrap_ws/build/velodyne_laserscan' returned '0': CMAKE_PREFIX_PATH=/opt/ros/iron /usr/bin/cmake --build /home/dayo/Desktop/scrap_ws/build/velodyne_laserscan -- -j2 -l2
[0.295s] Invoking command in '/home/dayo/Desktop/scrap_ws/build/velodyne_laserscan': CMAKE_PREFIX_PATH=/opt/ros/iron /usr/bin/cmake --install /home/dayo/Desktop/scrap_ws/build/velodyne_laserscan
[0.309s] -- Install configuration: ""
[0.329s] -- Up-to-date: /home/dayo/Desktop/scrap_ws/install/velodyne_laserscan/lib/libvelodyne_laserscan.so
[0.351s] -- Up-to-date: /home/dayo/Desktop/scrap_ws/install/velodyne_laserscan/lib/velodyne_laserscan/velodyne_laserscan_node
[0.351s] -- Up-to-date: /home/dayo/Desktop/scrap_ws/install/velodyne_laserscan/include/velodyne_laserscan
[0.360s] -- Up-to-date: /home/dayo/Desktop/scrap_ws/install/velodyne_laserscan/include/velodyne_laserscan/velodyne_laserscan.hpp
[0.361s] -- Up-to-date: /home/dayo/Desktop/scrap_ws/install/velodyne_laserscan/share/velodyne_laserscan/config
[0.362s] -- Up-to-date: /home/dayo/Desktop/scrap_ws/install/velodyne_laserscan/share/velodyne_laserscan/config/default-velodyne_laserscan_node-params.yaml
[0.363s] -- Up-to-date: /home/dayo/Desktop/scrap_ws/install/velodyne_laserscan/share/velodyne_laserscan/launch
[0.364s] -- Up-to-date: /home/dayo/Desktop/scrap_ws/install/velodyne_laserscan/share/velodyne_laserscan/launch/velodyne_laserscan_node-composed-launch.py
[0.364s] -- Up-to-date: /home/dayo/Desktop/scrap_ws/install/velodyne_laserscan/share/velodyne_laserscan/launch/velodyne_laserscan_node-launch.py
[0.373s] -- Up-to-date: /home/dayo/Desktop/scrap_ws/install/velodyne_laserscan/share/ament_index/resource_index/package_run_dependencies/velodyne_laserscan
[0.373s] -- Up-to-date: /home/dayo/Desktop/scrap_ws/install/velodyne_laserscan/share/ament_index/resource_index/parent_prefix_path/velodyne_laserscan
[0.373s] -- Up-to-date: /home/dayo/Desktop/scrap_ws/install/velodyne_laserscan/share/velodyne_laserscan/environment/ament_prefix_path.sh
[0.374s] -- Up-to-date: /home/dayo/Desktop/scrap_ws/install/velodyne_laserscan/share/velodyne_laserscan/environment/ament_prefix_path.dsv
[0.374s] -- Up-to-date: /home/dayo/Desktop/scrap_ws/install/velodyne_laserscan/share/velodyne_laserscan/environment/path.sh
[0.375s] -- Up-to-date: /home/dayo/Desktop/scrap_ws/install/velodyne_laserscan/share/velodyne_laserscan/environment/path.dsv
[0.375s] -- Up-to-date: /home/dayo/Desktop/scrap_ws/install/velodyne_laserscan/share/velodyne_laserscan/local_setup.bash
[0.375s] -- Up-to-date: /home/dayo/Desktop/scrap_ws/install/velodyne_laserscan/share/velodyne_laserscan/local_setup.sh
[0.376s] -- Up-to-date: /home/dayo/Desktop/scrap_ws/install/velodyne_laserscan/share/velodyne_laserscan/local_setup.zsh
[0.376s] -- Up-to-date: /home/dayo/Desktop/scrap_ws/install/velodyne_laserscan/share/velodyne_laserscan/local_setup.dsv
[0.376s] -- Installing: /home/dayo/Desktop/scrap_ws/install/velodyne_laserscan/share/velodyne_laserscan/package.dsv
[0.377s] -- Up-to-date: /home/dayo/Desktop/scrap_ws/install/velodyne_laserscan/share/ament_index/resource_index/packages/velodyne_laserscan
[0.377s] -- Up-to-date: /home/dayo/Desktop/scrap_ws/install/velodyne_laserscan/share/ament_index/resource_index/rclcpp_components/velodyne_laserscan
[0.377s] -- Up-to-date: /home/dayo/Desktop/scrap_ws/install/velodyne_laserscan/share/velodyne_laserscan/cmake/velodyne_laserscanConfig.cmake
[0.378s] -- Up-to-date: /home/dayo/Desktop/scrap_ws/install/velodyne_laserscan/share/velodyne_laserscan/cmake/velodyne_laserscanConfig-version.cmake
[0.378s] -- Up-to-date: /home/dayo/Desktop/scrap_ws/install/velodyne_laserscan/share/velodyne_laserscan/package.xml
[0.378s] Invoked command in '/home/dayo/Desktop/scrap_ws/build/velodyne_laserscan' returned '0': CMAKE_PREFIX_PATH=/opt/ros/iron /usr/bin/cmake --install /home/dayo/Desktop/scrap_ws/build/velodyne_laserscan
