[1.162s] Invoking command in '/home/pi/Desktop/scrap_ws/build/velodyne_msgs': CMAKE_PREFIX_PATH=/opt/ros/humble /usr/bin/cmake --build /home/pi/Desktop/scrap_ws/build/velodyne_msgs -- -j4 -l4
[1.456s] [  2%] Built target velodyne_msgs__cpp
[1.513s] [ 12%] Built target velodyne_msgs__rosidl_generator_c
[1.603s] [ 12%] Built target ament_cmake_python_symlink_velodyne_msgs
[1.667s] [ 23%] Built target velodyne_msgs__rosidl_typesupport_cpp
[1.713s] [ 33%] Built target velodyne_msgs__rosidl_typesupport_fastrtps_cpp
[1.779s] [ 43%] Built target velodyne_msgs__rosidl_typesupport_introspection_cpp
[1.813s] [ 53%] Built target velodyne_msgs__rosidl_typesupport_fastrtps_c
[1.868s] [ 64%] Built target velodyne_msgs__rosidl_typesupport_introspection_c
[1.888s] [ 74%] Built target velodyne_msgs__rosidl_typesupport_c
[1.988s] [ 74%] Built target velodyne_msgs
[2.091s] [ 76%] Built target velodyne_msgs__py
[2.207s] [ 84%] Built target velodyne_msgs__rosidl_generator_py
[2.353s] [ 89%] Built target velodyne_msgs__rosidl_typesupport_fastrtps_c__pyext
[2.368s] [ 94%] Built target velodyne_msgs__rosidl_typesupport_c__pyext
[2.380s] [100%] Built target velodyne_msgs__rosidl_typesupport_introspection_c__pyext
[3.343s] running egg_info
[3.350s] writing velodyne_msgs.egg-info/PKG-INFO
[3.351s] writing dependency_links to velodyne_msgs.egg-info/dependency_links.txt
[3.351s] writing top-level names to velodyne_msgs.egg-info/top_level.txt
[3.364s] reading manifest file 'velodyne_msgs.egg-info/SOURCES.txt'
[3.368s] writing manifest file 'velodyne_msgs.egg-info/SOURCES.txt'
[3.538s] [100%] Built target ament_cmake_python_build_velodyne_msgs_egg
[3.598s] Invoked command in '/home/pi/Desktop/scrap_ws/build/velodyne_msgs' returned '0': CMAKE_PREFIX_PATH=/opt/ros/humble /usr/bin/cmake --build /home/pi/Desktop/scrap_ws/build/velodyne_msgs -- -j4 -l4
[4.259s] Invoking command in '/home/pi/Desktop/scrap_ws/build/velodyne_msgs': CMAKE_PREFIX_PATH=/opt/ros/humble /usr/bin/cmake --install /home/pi/Desktop/scrap_ws/build/velodyne_msgs
[4.300s] -- Install configuration: ""
[4.305s] -- Execute custom install script
[4.308s] -- Up-to-date symlink: /home/pi/Desktop/scrap_ws/install/velodyne_msgs/share/ament_index/resource_index/rosidl_interfaces/velodyne_msgs
[4.314s] -- Up-to-date symlink: /home/pi/Desktop/scrap_ws/install/velodyne_msgs/include/velodyne_msgs/velodyne_msgs/msg/detail/velodyne_packet__functions.h
[4.317s] -- Up-to-date symlink: /home/pi/Desktop/scrap_ws/install/velodyne_msgs/include/velodyne_msgs/velodyne_msgs/msg/detail/velodyne_packet__struct.h
[4.319s] -- Up-to-date symlink: /home/pi/Desktop/scrap_ws/install/velodyne_msgs/include/velodyne_msgs/velodyne_msgs/msg/detail/velodyne_packet__type_support.h
[4.322s] -- Up-to-date symlink: /home/pi/Desktop/scrap_ws/install/velodyne_msgs/include/velodyne_msgs/velodyne_msgs/msg/detail/velodyne_scan__functions.h
[4.326s] -- Up-to-date symlink: /home/pi/Desktop/scrap_ws/install/velodyne_msgs/include/velodyne_msgs/velodyne_msgs/msg/detail/velodyne_scan__struct.h
[4.329s] -- Up-to-date symlink: /home/pi/Desktop/scrap_ws/install/velodyne_msgs/include/velodyne_msgs/velodyne_msgs/msg/detail/velodyne_scan__type_support.h
[4.332s] -- Up-to-date symlink: /home/pi/Desktop/scrap_ws/install/velodyne_msgs/include/velodyne_msgs/velodyne_msgs/msg/rosidl_generator_c__visibility_control.h
[4.337s] -- Up-to-date symlink: /home/pi/Desktop/scrap_ws/install/velodyne_msgs/include/velodyne_msgs/velodyne_msgs/msg/velodyne_packet.h
[4.341s] -- Up-to-date symlink: /home/pi/Desktop/scrap_ws/install/velodyne_msgs/include/velodyne_msgs/velodyne_msgs/msg/velodyne_scan.h
[4.343s] -- Up-to-date symlink: /home/pi/Desktop/scrap_ws/install/velodyne_msgs/share/velodyne_msgs/environment/library_path.sh
[4.344s] -- Up-to-date symlink: /home/pi/Desktop/scrap_ws/install/velodyne_msgs/share/velodyne_msgs/environment/library_path.dsv
[4.349s] -- Up-to-date symlink: /home/pi/Desktop/scrap_ws/install/velodyne_msgs/include/velodyne_msgs/velodyne_msgs/msg/detail/velodyne_packet__rosidl_typesupport_fastrtps_c.h
[4.350s] -- Up-to-date symlink: /home/pi/Desktop/scrap_ws/install/velodyne_msgs/include/velodyne_msgs/velodyne_msgs/msg/detail/velodyne_scan__rosidl_typesupport_fastrtps_c.h
[4.352s] -- Up-to-date symlink: /home/pi/Desktop/scrap_ws/install/velodyne_msgs/include/velodyne_msgs/velodyne_msgs/msg/rosidl_typesupport_fastrtps_c__visibility_control.h
[4.355s] -- Up-to-date symlink: /home/pi/Desktop/scrap_ws/install/velodyne_msgs/include/velodyne_msgs/velodyne_msgs/msg/detail/velodyne_packet__builder.hpp
[4.356s] -- Up-to-date symlink: /home/pi/Desktop/scrap_ws/install/velodyne_msgs/include/velodyne_msgs/velodyne_msgs/msg/detail/velodyne_packet__struct.hpp
[4.358s] -- Up-to-date symlink: /home/pi/Desktop/scrap_ws/install/velodyne_msgs/include/velodyne_msgs/velodyne_msgs/msg/detail/velodyne_packet__traits.hpp
[4.359s] -- Up-to-date symlink: /home/pi/Desktop/scrap_ws/install/velodyne_msgs/include/velodyne_msgs/velodyne_msgs/msg/detail/velodyne_scan__builder.hpp
[4.360s] -- Up-to-date symlink: /home/pi/Desktop/scrap_ws/install/velodyne_msgs/include/velodyne_msgs/velodyne_msgs/msg/detail/velodyne_scan__struct.hpp
[4.362s] -- Up-to-date symlink: /home/pi/Desktop/scrap_ws/install/velodyne_msgs/include/velodyne_msgs/velodyne_msgs/msg/detail/velodyne_scan__traits.hpp
[4.363s] -- Up-to-date symlink: /home/pi/Desktop/scrap_ws/install/velodyne_msgs/include/velodyne_msgs/velodyne_msgs/msg/velodyne_packet.hpp
[4.364s] -- Up-to-date symlink: /home/pi/Desktop/scrap_ws/install/velodyne_msgs/include/velodyne_msgs/velodyne_msgs/msg/velodyne_scan.hpp
[4.369s] -- Up-to-date symlink: /home/pi/Desktop/scrap_ws/install/velodyne_msgs/include/velodyne_msgs/velodyne_msgs/msg/detail/velodyne_packet__rosidl_typesupport_fastrtps_cpp.hpp
[4.371s] -- Up-to-date symlink: /home/pi/Desktop/scrap_ws/install/velodyne_msgs/include/velodyne_msgs/velodyne_msgs/msg/detail/velodyne_scan__rosidl_typesupport_fastrtps_cpp.hpp
[4.372s] -- Up-to-date symlink: /home/pi/Desktop/scrap_ws/install/velodyne_msgs/include/velodyne_msgs/velodyne_msgs/msg/rosidl_typesupport_fastrtps_cpp__visibility_control.h
[4.375s] -- Up-to-date symlink: /home/pi/Desktop/scrap_ws/install/velodyne_msgs/include/velodyne_msgs/velodyne_msgs/msg/detail/velodyne_packet__rosidl_typesupport_introspection_c.h
[4.377s] -- Up-to-date symlink: /home/pi/Desktop/scrap_ws/install/velodyne_msgs/include/velodyne_msgs/velodyne_msgs/msg/detail/velodyne_scan__rosidl_typesupport_introspection_c.h
[4.378s] -- Up-to-date symlink: /home/pi/Desktop/scrap_ws/install/velodyne_msgs/include/velodyne_msgs/velodyne_msgs/msg/rosidl_typesupport_introspection_c__visibility_control.h
[4.381s] -- Up-to-date symlink: /home/pi/Desktop/scrap_ws/install/velodyne_msgs/include/velodyne_msgs/velodyne_msgs/msg/detail/velodyne_packet__rosidl_typesupport_introspection_cpp.hpp
[4.383s] -- Up-to-date symlink: /home/pi/Desktop/scrap_ws/install/velodyne_msgs/include/velodyne_msgs/velodyne_msgs/msg/detail/velodyne_scan__rosidl_typesupport_introspection_cpp.hpp
[4.384s] -- Up-to-date symlink: /home/pi/Desktop/scrap_ws/install/velodyne_msgs/share/velodyne_msgs/environment/pythonpath.sh
[4.385s] -- Up-to-date symlink: /home/pi/Desktop/scrap_ws/install/velodyne_msgs/share/velodyne_msgs/environment/pythonpath.dsv
[4.388s] -- Up-to-date symlink: /home/pi/Desktop/scrap_ws/install/velodyne_msgs/local/lib/python3.10/dist-packages/velodyne_msgs-2.4.0-py3.10.egg-info/PKG-INFO
[4.390s] -- Up-to-date symlink: /home/pi/Desktop/scrap_ws/install/velodyne_msgs/local/lib/python3.10/dist-packages/velodyne_msgs-2.4.0-py3.10.egg-info/SOURCES.txt
[4.391s] -- Up-to-date symlink: /home/pi/Desktop/scrap_ws/install/velodyne_msgs/local/lib/python3.10/dist-packages/velodyne_msgs-2.4.0-py3.10.egg-info/dependency_links.txt
[4.392s] -- Up-to-date symlink: /home/pi/Desktop/scrap_ws/install/velodyne_msgs/local/lib/python3.10/dist-packages/velodyne_msgs-2.4.0-py3.10.egg-info/top_level.txt
[4.399s] -- Up-to-date symlink: /home/pi/Desktop/scrap_ws/install/velodyne_msgs/local/lib/python3.10/dist-packages/velodyne_msgs/__init__.py
[4.400s] -- Up-to-date symlink: /home/pi/Desktop/scrap_ws/install/velodyne_msgs/local/lib/python3.10/dist-packages/velodyne_msgs/_velodyne_msgs_s.ep.rosidl_typesupport_c.c
[4.401s] -- Up-to-date symlink: /home/pi/Desktop/scrap_ws/install/velodyne_msgs/local/lib/python3.10/dist-packages/velodyne_msgs/_velodyne_msgs_s.ep.rosidl_typesupport_fastrtps_c.c
[4.404s] -- Up-to-date symlink: /home/pi/Desktop/scrap_ws/install/velodyne_msgs/local/lib/python3.10/dist-packages/velodyne_msgs/_velodyne_msgs_s.ep.rosidl_typesupport_introspection_c.c
[4.405s] -- Up-to-date symlink: /home/pi/Desktop/scrap_ws/install/velodyne_msgs/local/lib/python3.10/dist-packages/velodyne_msgs/libvelodyne_msgs__rosidl_generator_py.so
[4.406s] -- Up-to-date symlink: /home/pi/Desktop/scrap_ws/install/velodyne_msgs/local/lib/python3.10/dist-packages/velodyne_msgs/msg/__init__.py
[4.409s] -- Up-to-date symlink: /home/pi/Desktop/scrap_ws/install/velodyne_msgs/local/lib/python3.10/dist-packages/velodyne_msgs/msg/_velodyne_packet.py
[4.411s] -- Up-to-date symlink: /home/pi/Desktop/scrap_ws/install/velodyne_msgs/local/lib/python3.10/dist-packages/velodyne_msgs/msg/_velodyne_packet_s.c
[4.412s] -- Up-to-date symlink: /home/pi/Desktop/scrap_ws/install/velodyne_msgs/local/lib/python3.10/dist-packages/velodyne_msgs/msg/_velodyne_scan.py
[4.413s] -- Up-to-date symlink: /home/pi/Desktop/scrap_ws/install/velodyne_msgs/local/lib/python3.10/dist-packages/velodyne_msgs/msg/_velodyne_scan_s.c
[4.415s] -- Up-to-date symlink: /home/pi/Desktop/scrap_ws/install/velodyne_msgs/local/lib/python3.10/dist-packages/velodyne_msgs/velodyne_msgs_s__rosidl_typesupport_c.cpython-310-aarch64-linux-gnu.so
[4.416s] -- Up-to-date symlink: /home/pi/Desktop/scrap_ws/install/velodyne_msgs/local/lib/python3.10/dist-packages/velodyne_msgs/velodyne_msgs_s__rosidl_typesupport_fastrtps_c.cpython-310-aarch64-linux-gnu.so
[4.417s] -- Up-to-date symlink: /home/pi/Desktop/scrap_ws/install/velodyne_msgs/local/lib/python3.10/dist-packages/velodyne_msgs/velodyne_msgs_s__rosidl_typesupport_introspection_c.cpython-310-aarch64-linux-gnu.so
[4.419s] -- Up-to-date symlink: /home/pi/Desktop/scrap_ws/install/velodyne_msgs/local/lib/python3.10/dist-packages/velodyne_msgs/velodyne_msgs_s__rosidl_typesupport_fastrtps_c.cpython-310-aarch64-linux-gnu.so
[4.421s] -- Up-to-date symlink: /home/pi/Desktop/scrap_ws/install/velodyne_msgs/local/lib/python3.10/dist-packages/velodyne_msgs/velodyne_msgs_s__rosidl_typesupport_introspection_c.cpython-310-aarch64-linux-gnu.so
[4.423s] -- Up-to-date symlink: /home/pi/Desktop/scrap_ws/install/velodyne_msgs/local/lib/python3.10/dist-packages/velodyne_msgs/velodyne_msgs_s__rosidl_typesupport_c.cpython-310-aarch64-linux-gnu.so
[4.424s] -- Up-to-date symlink: /home/pi/Desktop/scrap_ws/install/velodyne_msgs/share/velodyne_msgs/msg/VelodynePacket.idl
[4.425s] -- Up-to-date symlink: /home/pi/Desktop/scrap_ws/install/velodyne_msgs/share/velodyne_msgs/msg/VelodyneScan.idl
[4.429s] -- Up-to-date symlink: /home/pi/Desktop/scrap_ws/install/velodyne_msgs/share/velodyne_msgs/msg/VelodynePacket.msg
[4.430s] -- Up-to-date symlink: /home/pi/Desktop/scrap_ws/install/velodyne_msgs/share/velodyne_msgs/msg/VelodyneScan.msg
[4.432s] -- Up-to-date symlink: /home/pi/Desktop/scrap_ws/install/velodyne_msgs/share/ament_index/resource_index/package_run_dependencies/velodyne_msgs
[4.434s] -- Up-to-date symlink: /home/pi/Desktop/scrap_ws/install/velodyne_msgs/share/ament_index/resource_index/parent_prefix_path/velodyne_msgs
[4.435s] -- Up-to-date symlink: /home/pi/Desktop/scrap_ws/install/velodyne_msgs/share/velodyne_msgs/environment/ament_prefix_path.sh
[4.437s] -- Up-to-date symlink: /home/pi/Desktop/scrap_ws/install/velodyne_msgs/share/velodyne_msgs/environment/ament_prefix_path.dsv
[4.439s] -- Up-to-date symlink: /home/pi/Desktop/scrap_ws/install/velodyne_msgs/share/velodyne_msgs/environment/path.sh
[4.441s] -- Up-to-date symlink: /home/pi/Desktop/scrap_ws/install/velodyne_msgs/share/velodyne_msgs/environment/path.dsv
[4.442s] -- Up-to-date symlink: /home/pi/Desktop/scrap_ws/install/velodyne_msgs/share/velodyne_msgs/local_setup.bash
[4.442s] -- Up-to-date symlink: /home/pi/Desktop/scrap_ws/install/velodyne_msgs/share/velodyne_msgs/local_setup.sh
[4.443s] -- Up-to-date symlink: /home/pi/Desktop/scrap_ws/install/velodyne_msgs/share/velodyne_msgs/local_setup.zsh
[4.443s] -- Up-to-date symlink: /home/pi/Desktop/scrap_ws/install/velodyne_msgs/share/velodyne_msgs/local_setup.dsv
[4.444s] -- Symlinking: /home/pi/Desktop/scrap_ws/install/velodyne_msgs/share/velodyne_msgs/package.dsv
[4.479s] -- Up-to-date symlink: /home/pi/Desktop/scrap_ws/install/velodyne_msgs/share/ament_index/resource_index/packages/velodyne_msgs
[4.481s] -- Up-to-date symlink: /home/pi/Desktop/scrap_ws/install/velodyne_msgs/share/velodyne_msgs/cmake/rosidl_cmake-extras.cmake
[4.482s] -- Up-to-date symlink: /home/pi/Desktop/scrap_ws/install/velodyne_msgs/share/velodyne_msgs/cmake/ament_cmake_export_dependencies-extras.cmake
[4.483s] -- Up-to-date symlink: /home/pi/Desktop/scrap_ws/install/velodyne_msgs/share/velodyne_msgs/cmake/ament_cmake_export_include_directories-extras.cmake
[4.484s] -- Up-to-date symlink: /home/pi/Desktop/scrap_ws/install/velodyne_msgs/share/velodyne_msgs/cmake/ament_cmake_export_libraries-extras.cmake
[4.486s] -- Up-to-date symlink: /home/pi/Desktop/scrap_ws/install/velodyne_msgs/share/velodyne_msgs/cmake/ament_cmake_export_targets-extras.cmake
[4.487s] -- Up-to-date symlink: /home/pi/Desktop/scrap_ws/install/velodyne_msgs/share/velodyne_msgs/cmake/rosidl_cmake_export_typesupport_targets-extras.cmake
[4.488s] -- Up-to-date symlink: /home/pi/Desktop/scrap_ws/install/velodyne_msgs/share/velodyne_msgs/cmake/rosidl_cmake_export_typesupport_libraries-extras.cmake
[4.489s] -- Up-to-date symlink: /home/pi/Desktop/scrap_ws/install/velodyne_msgs/share/velodyne_msgs/cmake/velodyne_msgsConfig.cmake
[4.490s] -- Up-to-date symlink: /home/pi/Desktop/scrap_ws/install/velodyne_msgs/share/velodyne_msgs/cmake/velodyne_msgsConfig-version.cmake
[4.492s] -- Up-to-date symlink: /home/pi/Desktop/scrap_ws/install/velodyne_msgs/share/velodyne_msgs/package.xml
[4.494s] -- Up-to-date: /home/pi/Desktop/scrap_ws/install/velodyne_msgs/lib/libvelodyne_msgs__rosidl_generator_c.so
[4.496s] -- Up-to-date: /home/pi/Desktop/scrap_ws/install/velodyne_msgs/lib/libvelodyne_msgs__rosidl_typesupport_fastrtps_c.so
[4.499s] -- Up-to-date: /home/pi/Desktop/scrap_ws/install/velodyne_msgs/lib/libvelodyne_msgs__rosidl_typesupport_fastrtps_cpp.so
[4.502s] -- Up-to-date: /home/pi/Desktop/scrap_ws/install/velodyne_msgs/lib/libvelodyne_msgs__rosidl_typesupport_introspection_c.so
[4.504s] -- Up-to-date: /home/pi/Desktop/scrap_ws/install/velodyne_msgs/lib/libvelodyne_msgs__rosidl_typesupport_c.so
[4.507s] -- Up-to-date: /home/pi/Desktop/scrap_ws/install/velodyne_msgs/lib/libvelodyne_msgs__rosidl_typesupport_introspection_cpp.so
[4.509s] -- Up-to-date: /home/pi/Desktop/scrap_ws/install/velodyne_msgs/lib/libvelodyne_msgs__rosidl_typesupport_cpp.so
[4.687s] Listing '/home/pi/Desktop/scrap_ws/install/velodyne_msgs/local/lib/python3.10/dist-packages/velodyne_msgs'...
[4.690s] Listing '/home/pi/Desktop/scrap_ws/install/velodyne_msgs/local/lib/python3.10/dist-packages/velodyne_msgs/msg'...
[4.716s] -- Up-to-date: /home/pi/Desktop/scrap_ws/install/velodyne_msgs/lib/libvelodyne_msgs__rosidl_generator_py.so
[4.718s] -- Up-to-date: /home/pi/Desktop/scrap_ws/install/velodyne_msgs/share/velodyne_msgs/cmake/export_velodyne_msgs__rosidl_generator_cExport.cmake
[4.719s] -- Up-to-date: /home/pi/Desktop/scrap_ws/install/velodyne_msgs/share/velodyne_msgs/cmake/export_velodyne_msgs__rosidl_generator_cExport-noconfig.cmake
[4.720s] -- Up-to-date: /home/pi/Desktop/scrap_ws/install/velodyne_msgs/share/velodyne_msgs/cmake/export_velodyne_msgs__rosidl_typesupport_fastrtps_cExport.cmake
[4.721s] -- Up-to-date: /home/pi/Desktop/scrap_ws/install/velodyne_msgs/share/velodyne_msgs/cmake/export_velodyne_msgs__rosidl_typesupport_fastrtps_cExport-noconfig.cmake
[4.721s] -- Up-to-date: /home/pi/Desktop/scrap_ws/install/velodyne_msgs/share/velodyne_msgs/cmake/export_velodyne_msgs__rosidl_generator_cppExport.cmake
[4.724s] -- Up-to-date: /home/pi/Desktop/scrap_ws/install/velodyne_msgs/share/velodyne_msgs/cmake/export_velodyne_msgs__rosidl_typesupport_fastrtps_cppExport.cmake
[4.727s] -- Up-to-date: /home/pi/Desktop/scrap_ws/install/velodyne_msgs/share/velodyne_msgs/cmake/export_velodyne_msgs__rosidl_typesupport_fastrtps_cppExport-noconfig.cmake
[4.728s] -- Up-to-date: /home/pi/Desktop/scrap_ws/install/velodyne_msgs/share/velodyne_msgs/cmake/velodyne_msgs__rosidl_typesupport_introspection_cExport.cmake
[4.730s] -- Up-to-date: /home/pi/Desktop/scrap_ws/install/velodyne_msgs/share/velodyne_msgs/cmake/velodyne_msgs__rosidl_typesupport_introspection_cExport-noconfig.cmake
[4.732s] -- Up-to-date: /home/pi/Desktop/scrap_ws/install/velodyne_msgs/share/velodyne_msgs/cmake/velodyne_msgs__rosidl_typesupport_cExport.cmake
[4.735s] -- Up-to-date: /home/pi/Desktop/scrap_ws/install/velodyne_msgs/share/velodyne_msgs/cmake/velodyne_msgs__rosidl_typesupport_cExport-noconfig.cmake
[4.737s] -- Up-to-date: /home/pi/Desktop/scrap_ws/install/velodyne_msgs/share/velodyne_msgs/cmake/velodyne_msgs__rosidl_typesupport_introspection_cppExport.cmake
[4.744s] -- Up-to-date: /home/pi/Desktop/scrap_ws/install/velodyne_msgs/share/velodyne_msgs/cmake/velodyne_msgs__rosidl_typesupport_introspection_cppExport-noconfig.cmake
[4.745s] -- Up-to-date: /home/pi/Desktop/scrap_ws/install/velodyne_msgs/share/velodyne_msgs/cmake/velodyne_msgs__rosidl_typesupport_cppExport.cmake
[4.746s] -- Up-to-date: /home/pi/Desktop/scrap_ws/install/velodyne_msgs/share/velodyne_msgs/cmake/velodyne_msgs__rosidl_typesupport_cppExport-noconfig.cmake
[4.748s] -- Up-to-date: /home/pi/Desktop/scrap_ws/install/velodyne_msgs/share/velodyne_msgs/cmake/export_velodyne_msgs__rosidl_generator_pyExport.cmake
[4.749s] -- Up-to-date: /home/pi/Desktop/scrap_ws/install/velodyne_msgs/share/velodyne_msgs/cmake/export_velodyne_msgs__rosidl_generator_pyExport-noconfig.cmake
[5.458s] Invoked command in '/home/pi/Desktop/scrap_ws/build/velodyne_msgs' returned '0': CMAKE_PREFIX_PATH=/opt/ros/humble /usr/bin/cmake --install /home/pi/Desktop/scrap_ws/build/velodyne_msgs
