[0.020s] Invoking command in '/home/dayo/Desktop/scrap_ws/build/velodyne_msgs': CMAKE_PREFIX_PATH=${CMAKE_PREFIX_PATH}:/opt/ros/iron /usr/bin/cmake --build /home/dayo/Desktop/scrap_ws/build/velodyne_msgs -- -j2 -l2
[0.104s] [  2%] Built target velodyne_msgs__rosidl_generator_type_description
[0.129s] [  2%] Built target ament_cmake_python_copy_velodyne_msgs
[0.172s] [  6%] Built target velodyne_msgs__cpp
[0.172s] [ 22%] Built target velodyne_msgs__rosidl_generator_c
[0.240s] [ 31%] Built target velodyne_msgs__rosidl_typesupport_cpp
[0.292s] [ 40%] Built target velodyne_msgs__rosidl_typesupport_fastrtps_c
[0.382s] [ 50%] Built target velodyne_msgs__rosidl_typesupport_fastrtps_cpp
[0.458s] [ 59%] Built target velodyne_msgs__rosidl_typesupport_introspection_c
[0.497s] [ 68%] Built target velodyne_msgs__rosidl_typesupport_c
[0.535s] running egg_info
[0.535s] writing velodyne_msgs.egg-info/PKG-INFO
[0.535s] writing dependency_links to velodyne_msgs.egg-info/dependency_links.txt
[0.535s] writing top-level names to velodyne_msgs.egg-info/top_level.txt
[0.536s] reading manifest file 'velodyne_msgs.egg-info/SOURCES.txt'
[0.536s] writing manifest file 'velodyne_msgs.egg-info/SOURCES.txt'
[0.555s] [ 77%] Built target velodyne_msgs__rosidl_typesupport_introspection_cpp
[0.586s] [ 77%] Built target ament_cmake_python_build_velodyne_msgs_egg
[0.599s] [ 77%] Built target velodyne_msgs
[0.626s] [ 79%] Built target velodyne_msgs__py
[0.657s] [ 86%] Built target velodyne_msgs__rosidl_generator_py
[0.687s] [ 90%] Built target velodyne_msgs__rosidl_typesupport_fastrtps_c__pyext
[0.701s] [ 95%] Built target velodyne_msgs__rosidl_typesupport_introspection_c__pyext
[0.754s] [100%] Built target velodyne_msgs__rosidl_typesupport_c__pyext
[0.772s] Invoked command in '/home/dayo/Desktop/scrap_ws/build/velodyne_msgs' returned '0': CMAKE_PREFIX_PATH=${CMAKE_PREFIX_PATH}:/opt/ros/iron /usr/bin/cmake --build /home/dayo/Desktop/scrap_ws/build/velodyne_msgs -- -j2 -l2
[0.886s] Invoking command in '/home/dayo/Desktop/scrap_ws/build/velodyne_msgs': CMAKE_PREFIX_PATH=${CMAKE_PREFIX_PATH}:/opt/ros/iron /usr/bin/cmake --install /home/dayo/Desktop/scrap_ws/build/velodyne_msgs
[0.897s] -- Install configuration: ""
[0.898s] -- Up-to-date: /home/dayo/Desktop/scrap_ws/install/velodyne_msgs/share/ament_index/resource_index/rosidl_interfaces/velodyne_msgs
[0.898s] -- Up-to-date: /home/dayo/Desktop/scrap_ws/install/velodyne_msgs/share/velodyne_msgs/msg/VelodynePacket.json
[0.898s] -- Up-to-date: /home/dayo/Desktop/scrap_ws/install/velodyne_msgs/share/velodyne_msgs/msg/VelodyneScan.json
[0.898s] -- Up-to-date: /home/dayo/Desktop/scrap_ws/install/velodyne_msgs/include/velodyne_msgs/velodyne_msgs
[0.898s] -- Up-to-date: /home/dayo/Desktop/scrap_ws/install/velodyne_msgs/include/velodyne_msgs/velodyne_msgs/msg
[0.898s] -- Up-to-date: /home/dayo/Desktop/scrap_ws/install/velodyne_msgs/include/velodyne_msgs/velodyne_msgs/msg/velodyne_scan.h
[0.898s] -- Up-to-date: /home/dayo/Desktop/scrap_ws/install/velodyne_msgs/include/velodyne_msgs/velodyne_msgs/msg/detail
[0.898s] -- Up-to-date: /home/dayo/Desktop/scrap_ws/install/velodyne_msgs/include/velodyne_msgs/velodyne_msgs/msg/detail/velodyne_scan__description.c
[0.898s] -- Installing: /home/dayo/Desktop/scrap_ws/install/velodyne_msgs/include/velodyne_msgs/velodyne_msgs/msg/detail/velodyne_scan__type_support.c
[0.902s] -- Up-to-date: /home/dayo/Desktop/scrap_ws/install/velodyne_msgs/include/velodyne_msgs/velodyne_msgs/msg/detail/velodyne_scan__functions.c
[0.903s] -- Up-to-date: /home/dayo/Desktop/scrap_ws/install/velodyne_msgs/include/velodyne_msgs/velodyne_msgs/msg/detail/velodyne_scan__type_support.h
[0.903s] -- Up-to-date: /home/dayo/Desktop/scrap_ws/install/velodyne_msgs/include/velodyne_msgs/velodyne_msgs/msg/detail/velodyne_packet__struct.h
[0.903s] -- Up-to-date: /home/dayo/Desktop/scrap_ws/install/velodyne_msgs/include/velodyne_msgs/velodyne_msgs/msg/detail/velodyne_scan__functions.h
[0.903s] -- Installing: /home/dayo/Desktop/scrap_ws/install/velodyne_msgs/include/velodyne_msgs/velodyne_msgs/msg/detail/velodyne_packet__type_support.c
[0.903s] -- Up-to-date: /home/dayo/Desktop/scrap_ws/install/velodyne_msgs/include/velodyne_msgs/velodyne_msgs/msg/detail/velodyne_packet__functions.c
[0.903s] -- Up-to-date: /home/dayo/Desktop/scrap_ws/install/velodyne_msgs/include/velodyne_msgs/velodyne_msgs/msg/detail/velodyne_scan__struct.h
[0.903s] -- Up-to-date: /home/dayo/Desktop/scrap_ws/install/velodyne_msgs/include/velodyne_msgs/velodyne_msgs/msg/detail/velodyne_packet__type_support.h
[0.903s] -- Up-to-date: /home/dayo/Desktop/scrap_ws/install/velodyne_msgs/include/velodyne_msgs/velodyne_msgs/msg/detail/velodyne_packet__description.c
[0.903s] -- Up-to-date: /home/dayo/Desktop/scrap_ws/install/velodyne_msgs/include/velodyne_msgs/velodyne_msgs/msg/detail/velodyne_packet__functions.h
[0.903s] -- Up-to-date: /home/dayo/Desktop/scrap_ws/install/velodyne_msgs/include/velodyne_msgs/velodyne_msgs/msg/velodyne_packet.h
[0.903s] -- Up-to-date: /home/dayo/Desktop/scrap_ws/install/velodyne_msgs/include/velodyne_msgs/velodyne_msgs/msg/rosidl_generator_c__visibility_control.h
[0.903s] -- Up-to-date: /home/dayo/Desktop/scrap_ws/install/velodyne_msgs/share/velodyne_msgs/environment/library_path.sh
[0.903s] -- Up-to-date: /home/dayo/Desktop/scrap_ws/install/velodyne_msgs/share/velodyne_msgs/environment/library_path.dsv
[0.903s] -- Up-to-date: /home/dayo/Desktop/scrap_ws/install/velodyne_msgs/lib/libvelodyne_msgs__rosidl_generator_c.so
[0.903s] -- Up-to-date: /home/dayo/Desktop/scrap_ws/install/velodyne_msgs/include/velodyne_msgs/velodyne_msgs
[0.903s] -- Up-to-date: /home/dayo/Desktop/scrap_ws/install/velodyne_msgs/include/velodyne_msgs/velodyne_msgs/msg
[0.904s] -- Up-to-date: /home/dayo/Desktop/scrap_ws/install/velodyne_msgs/include/velodyne_msgs/velodyne_msgs/msg/rosidl_typesupport_fastrtps_c__visibility_control.h
[0.904s] -- Up-to-date: /home/dayo/Desktop/scrap_ws/install/velodyne_msgs/include/velodyne_msgs/velodyne_msgs/msg/detail
[0.904s] -- Up-to-date: /home/dayo/Desktop/scrap_ws/install/velodyne_msgs/include/velodyne_msgs/velodyne_msgs/msg/detail/velodyne_packet__rosidl_typesupport_fastrtps_c.h
[0.904s] -- Up-to-date: /home/dayo/Desktop/scrap_ws/install/velodyne_msgs/include/velodyne_msgs/velodyne_msgs/msg/detail/velodyne_scan__rosidl_typesupport_fastrtps_c.h
[0.904s] -- Up-to-date: /home/dayo/Desktop/scrap_ws/install/velodyne_msgs/lib/libvelodyne_msgs__rosidl_typesupport_fastrtps_c.so
[0.904s] -- Up-to-date: /home/dayo/Desktop/scrap_ws/install/velodyne_msgs/include/velodyne_msgs/velodyne_msgs
[0.904s] -- Up-to-date: /home/dayo/Desktop/scrap_ws/install/velodyne_msgs/include/velodyne_msgs/velodyne_msgs/msg
[0.904s] -- Up-to-date: /home/dayo/Desktop/scrap_ws/install/velodyne_msgs/include/velodyne_msgs/velodyne_msgs/msg/velodyne_scan.hpp
[0.904s] -- Up-to-date: /home/dayo/Desktop/scrap_ws/install/velodyne_msgs/include/velodyne_msgs/velodyne_msgs/msg/velodyne_packet.hpp
[0.904s] -- Up-to-date: /home/dayo/Desktop/scrap_ws/install/velodyne_msgs/include/velodyne_msgs/velodyne_msgs/msg/detail
[0.904s] -- Up-to-date: /home/dayo/Desktop/scrap_ws/install/velodyne_msgs/include/velodyne_msgs/velodyne_msgs/msg/detail/velodyne_scan__builder.hpp
[0.904s] -- Up-to-date: /home/dayo/Desktop/scrap_ws/install/velodyne_msgs/include/velodyne_msgs/velodyne_msgs/msg/detail/velodyne_packet__traits.hpp
[0.904s] -- Up-to-date: /home/dayo/Desktop/scrap_ws/install/velodyne_msgs/include/velodyne_msgs/velodyne_msgs/msg/detail/velodyne_scan__traits.hpp
[0.904s] -- Up-to-date: /home/dayo/Desktop/scrap_ws/install/velodyne_msgs/include/velodyne_msgs/velodyne_msgs/msg/detail/velodyne_scan__struct.hpp
[0.905s] -- Up-to-date: /home/dayo/Desktop/scrap_ws/install/velodyne_msgs/include/velodyne_msgs/velodyne_msgs/msg/detail/velodyne_packet__builder.hpp
[0.905s] -- Up-to-date: /home/dayo/Desktop/scrap_ws/install/velodyne_msgs/include/velodyne_msgs/velodyne_msgs/msg/detail/velodyne_packet__struct.hpp
[0.905s] -- Up-to-date: /home/dayo/Desktop/scrap_ws/install/velodyne_msgs/include/velodyne_msgs/velodyne_msgs
[0.905s] -- Up-to-date: /home/dayo/Desktop/scrap_ws/install/velodyne_msgs/include/velodyne_msgs/velodyne_msgs/msg
[0.905s] -- Up-to-date: /home/dayo/Desktop/scrap_ws/install/velodyne_msgs/include/velodyne_msgs/velodyne_msgs/msg/detail
[0.906s] -- Up-to-date: /home/dayo/Desktop/scrap_ws/install/velodyne_msgs/include/velodyne_msgs/velodyne_msgs/msg/detail/velodyne_scan__rosidl_typesupport_fastrtps_cpp.hpp
[0.906s] -- Up-to-date: /home/dayo/Desktop/scrap_ws/install/velodyne_msgs/include/velodyne_msgs/velodyne_msgs/msg/detail/dds_fastrtps
[0.906s] -- Up-to-date: /home/dayo/Desktop/scrap_ws/install/velodyne_msgs/include/velodyne_msgs/velodyne_msgs/msg/detail/velodyne_packet__rosidl_typesupport_fastrtps_cpp.hpp
[0.906s] -- Up-to-date: /home/dayo/Desktop/scrap_ws/install/velodyne_msgs/include/velodyne_msgs/velodyne_msgs/msg/rosidl_typesupport_fastrtps_cpp__visibility_control.h
[0.906s] -- Up-to-date: /home/dayo/Desktop/scrap_ws/install/velodyne_msgs/lib/libvelodyne_msgs__rosidl_typesupport_fastrtps_cpp.so
[0.906s] -- Up-to-date: /home/dayo/Desktop/scrap_ws/install/velodyne_msgs/include/velodyne_msgs/velodyne_msgs
[0.906s] -- Up-to-date: /home/dayo/Desktop/scrap_ws/install/velodyne_msgs/include/velodyne_msgs/velodyne_msgs/msg
[0.906s] -- Up-to-date: /home/dayo/Desktop/scrap_ws/install/velodyne_msgs/include/velodyne_msgs/velodyne_msgs/msg/rosidl_typesupport_introspection_c__visibility_control.h
[0.906s] -- Up-to-date: /home/dayo/Desktop/scrap_ws/install/velodyne_msgs/include/velodyne_msgs/velodyne_msgs/msg/detail
[0.906s] -- Up-to-date: /home/dayo/Desktop/scrap_ws/install/velodyne_msgs/include/velodyne_msgs/velodyne_msgs/msg/detail/velodyne_packet__rosidl_typesupport_introspection_c.h
[0.906s] -- Installing: /home/dayo/Desktop/scrap_ws/install/velodyne_msgs/include/velodyne_msgs/velodyne_msgs/msg/detail/velodyne_scan__type_support.c
[0.906s] -- Installing: /home/dayo/Desktop/scrap_ws/install/velodyne_msgs/include/velodyne_msgs/velodyne_msgs/msg/detail/velodyne_packet__type_support.c
[0.916s] -- Up-to-date: /home/dayo/Desktop/scrap_ws/install/velodyne_msgs/include/velodyne_msgs/velodyne_msgs/msg/detail/velodyne_scan__rosidl_typesupport_introspection_c.h
[0.916s] -- Up-to-date: /home/dayo/Desktop/scrap_ws/install/velodyne_msgs/lib/libvelodyne_msgs__rosidl_typesupport_introspection_c.so
[0.916s] -- Up-to-date: /home/dayo/Desktop/scrap_ws/install/velodyne_msgs/lib/libvelodyne_msgs__rosidl_typesupport_c.so
[0.916s] -- Up-to-date: /home/dayo/Desktop/scrap_ws/install/velodyne_msgs/include/velodyne_msgs/velodyne_msgs
[0.916s] -- Up-to-date: /home/dayo/Desktop/scrap_ws/install/velodyne_msgs/include/velodyne_msgs/velodyne_msgs/msg
[0.916s] -- Up-to-date: /home/dayo/Desktop/scrap_ws/install/velodyne_msgs/include/velodyne_msgs/velodyne_msgs/msg/detail
[0.916s] -- Up-to-date: /home/dayo/Desktop/scrap_ws/install/velodyne_msgs/include/velodyne_msgs/velodyne_msgs/msg/detail/velodyne_scan__type_support.cpp
[0.916s] -- Up-to-date: /home/dayo/Desktop/scrap_ws/install/velodyne_msgs/include/velodyne_msgs/velodyne_msgs/msg/detail/velodyne_packet__rosidl_typesupport_introspection_cpp.hpp
[0.916s] -- Up-to-date: /home/dayo/Desktop/scrap_ws/install/velodyne_msgs/include/velodyne_msgs/velodyne_msgs/msg/detail/velodyne_packet__type_support.cpp
[0.916s] -- Up-to-date: /home/dayo/Desktop/scrap_ws/install/velodyne_msgs/include/velodyne_msgs/velodyne_msgs/msg/detail/velodyne_scan__rosidl_typesupport_introspection_cpp.hpp
[0.916s] -- Up-to-date: /home/dayo/Desktop/scrap_ws/install/velodyne_msgs/lib/libvelodyne_msgs__rosidl_typesupport_introspection_cpp.so
[0.916s] -- Up-to-date: /home/dayo/Desktop/scrap_ws/install/velodyne_msgs/lib/libvelodyne_msgs__rosidl_typesupport_cpp.so
[0.916s] -- Up-to-date: /home/dayo/Desktop/scrap_ws/install/velodyne_msgs/share/velodyne_msgs/environment/pythonpath.sh
[0.918s] -- Up-to-date: /home/dayo/Desktop/scrap_ws/install/velodyne_msgs/share/velodyne_msgs/environment/pythonpath.dsv
[0.919s] -- Up-to-date: /home/dayo/Desktop/scrap_ws/install/velodyne_msgs/lib/python3.10/site-packages/velodyne_msgs-2.4.0-py3.10.egg-info
[0.919s] -- Installing: /home/dayo/Desktop/scrap_ws/install/velodyne_msgs/lib/python3.10/site-packages/velodyne_msgs-2.4.0-py3.10.egg-info/top_level.txt
[0.919s] -- Installing: /home/dayo/Desktop/scrap_ws/install/velodyne_msgs/lib/python3.10/site-packages/velodyne_msgs-2.4.0-py3.10.egg-info/PKG-INFO
[0.919s] -- Installing: /home/dayo/Desktop/scrap_ws/install/velodyne_msgs/lib/python3.10/site-packages/velodyne_msgs-2.4.0-py3.10.egg-info/dependency_links.txt
[0.919s] -- Installing: /home/dayo/Desktop/scrap_ws/install/velodyne_msgs/lib/python3.10/site-packages/velodyne_msgs-2.4.0-py3.10.egg-info/SOURCES.txt
[0.919s] -- Up-to-date: /home/dayo/Desktop/scrap_ws/install/velodyne_msgs/lib/python3.10/site-packages/velodyne_msgs
[0.919s] -- Up-to-date: /home/dayo/Desktop/scrap_ws/install/velodyne_msgs/lib/python3.10/site-packages/velodyne_msgs/velodyne_msgs_s__rosidl_typesupport_introspection_c.cpython-310-x86_64-linux-gnu.so
[0.919s] -- Up-to-date: /home/dayo/Desktop/scrap_ws/install/velodyne_msgs/lib/python3.10/site-packages/velodyne_msgs/msg
[0.919s] -- Up-to-date: /home/dayo/Desktop/scrap_ws/install/velodyne_msgs/lib/python3.10/site-packages/velodyne_msgs/msg/_velodyne_packet_s.c
[0.919s] -- Up-to-date: /home/dayo/Desktop/scrap_ws/install/velodyne_msgs/lib/python3.10/site-packages/velodyne_msgs/msg/__init__.py
[0.919s] -- Up-to-date: /home/dayo/Desktop/scrap_ws/install/velodyne_msgs/lib/python3.10/site-packages/velodyne_msgs/msg/_velodyne_packet.py
[0.919s] -- Up-to-date: /home/dayo/Desktop/scrap_ws/install/velodyne_msgs/lib/python3.10/site-packages/velodyne_msgs/msg/_velodyne_scan_s.c
[0.919s] -- Up-to-date: /home/dayo/Desktop/scrap_ws/install/velodyne_msgs/lib/python3.10/site-packages/velodyne_msgs/msg/_velodyne_scan.py
[0.919s] -- Up-to-date: /home/dayo/Desktop/scrap_ws/install/velodyne_msgs/lib/python3.10/site-packages/velodyne_msgs/velodyne_msgs_s__rosidl_typesupport_fastrtps_c.cpython-310-x86_64-linux-gnu.so
[0.919s] -- Up-to-date: /home/dayo/Desktop/scrap_ws/install/velodyne_msgs/lib/python3.10/site-packages/velodyne_msgs/libvelodyne_msgs__rosidl_generator_py.so
[0.919s] -- Up-to-date: /home/dayo/Desktop/scrap_ws/install/velodyne_msgs/lib/python3.10/site-packages/velodyne_msgs/_velodyne_msgs_s.ep.rosidl_typesupport_introspection_c.c
[0.920s] -- Up-to-date: /home/dayo/Desktop/scrap_ws/install/velodyne_msgs/lib/python3.10/site-packages/velodyne_msgs/__init__.py
[0.920s] -- Up-to-date: /home/dayo/Desktop/scrap_ws/install/velodyne_msgs/lib/python3.10/site-packages/velodyne_msgs/_velodyne_msgs_s.ep.rosidl_typesupport_c.c
[0.920s] -- Up-to-date: /home/dayo/Desktop/scrap_ws/install/velodyne_msgs/lib/python3.10/site-packages/velodyne_msgs/_velodyne_msgs_s.ep.rosidl_typesupport_fastrtps_c.c
[0.920s] -- Up-to-date: /home/dayo/Desktop/scrap_ws/install/velodyne_msgs/lib/python3.10/site-packages/velodyne_msgs/velodyne_msgs_s__rosidl_typesupport_c.cpython-310-x86_64-linux-gnu.so
[0.979s] Listing '/home/dayo/Desktop/scrap_ws/install/velodyne_msgs/lib/python3.10/site-packages/velodyne_msgs'...
[0.979s] Listing '/home/dayo/Desktop/scrap_ws/install/velodyne_msgs/lib/python3.10/site-packages/velodyne_msgs/msg'...
[0.985s] -- Up-to-date: /home/dayo/Desktop/scrap_ws/install/velodyne_msgs/lib/python3.10/site-packages/velodyne_msgs/velodyne_msgs_s__rosidl_typesupport_fastrtps_c.cpython-310-x86_64-linux-gnu.so
[0.985s] -- Up-to-date: /home/dayo/Desktop/scrap_ws/install/velodyne_msgs/lib/python3.10/site-packages/velodyne_msgs/velodyne_msgs_s__rosidl_typesupport_introspection_c.cpython-310-x86_64-linux-gnu.so
[0.986s] -- Up-to-date: /home/dayo/Desktop/scrap_ws/install/velodyne_msgs/lib/python3.10/site-packages/velodyne_msgs/velodyne_msgs_s__rosidl_typesupport_c.cpython-310-x86_64-linux-gnu.so
[0.986s] -- Up-to-date: /home/dayo/Desktop/scrap_ws/install/velodyne_msgs/lib/libvelodyne_msgs__rosidl_generator_py.so
[0.986s] -- Up-to-date: /home/dayo/Desktop/scrap_ws/install/velodyne_msgs/share/velodyne_msgs/msg/VelodynePacket.idl
[0.986s] -- Up-to-date: /home/dayo/Desktop/scrap_ws/install/velodyne_msgs/share/velodyne_msgs/msg/VelodyneScan.idl
[0.986s] -- Up-to-date: /home/dayo/Desktop/scrap_ws/install/velodyne_msgs/share/velodyne_msgs/msg/VelodynePacket.msg
[0.986s] -- Up-to-date: /home/dayo/Desktop/scrap_ws/install/velodyne_msgs/share/velodyne_msgs/msg/VelodyneScan.msg
[0.986s] -- Up-to-date: /home/dayo/Desktop/scrap_ws/install/velodyne_msgs/share/ament_index/resource_index/package_run_dependencies/velodyne_msgs
[0.986s] -- Up-to-date: /home/dayo/Desktop/scrap_ws/install/velodyne_msgs/share/ament_index/resource_index/parent_prefix_path/velodyne_msgs
[0.987s] -- Up-to-date: /home/dayo/Desktop/scrap_ws/install/velodyne_msgs/share/velodyne_msgs/environment/ament_prefix_path.sh
[0.987s] -- Up-to-date: /home/dayo/Desktop/scrap_ws/install/velodyne_msgs/share/velodyne_msgs/environment/ament_prefix_path.dsv
[0.987s] -- Up-to-date: /home/dayo/Desktop/scrap_ws/install/velodyne_msgs/share/velodyne_msgs/environment/path.sh
[0.987s] -- Up-to-date: /home/dayo/Desktop/scrap_ws/install/velodyne_msgs/share/velodyne_msgs/environment/path.dsv
[0.987s] -- Up-to-date: /home/dayo/Desktop/scrap_ws/install/velodyne_msgs/share/velodyne_msgs/local_setup.bash
[0.987s] -- Up-to-date: /home/dayo/Desktop/scrap_ws/install/velodyne_msgs/share/velodyne_msgs/local_setup.sh
[0.987s] -- Up-to-date: /home/dayo/Desktop/scrap_ws/install/velodyne_msgs/share/velodyne_msgs/local_setup.zsh
[0.987s] -- Up-to-date: /home/dayo/Desktop/scrap_ws/install/velodyne_msgs/share/velodyne_msgs/local_setup.dsv
[0.987s] -- Installing: /home/dayo/Desktop/scrap_ws/install/velodyne_msgs/share/velodyne_msgs/package.dsv
[0.987s] -- Up-to-date: /home/dayo/Desktop/scrap_ws/install/velodyne_msgs/share/ament_index/resource_index/packages/velodyne_msgs
[0.987s] -- Up-to-date: /home/dayo/Desktop/scrap_ws/install/velodyne_msgs/share/velodyne_msgs/cmake/export_velodyne_msgs__rosidl_generator_cExport.cmake
[0.987s] -- Up-to-date: /home/dayo/Desktop/scrap_ws/install/velodyne_msgs/share/velodyne_msgs/cmake/export_velodyne_msgs__rosidl_generator_cExport-noconfig.cmake
[0.988s] -- Up-to-date: /home/dayo/Desktop/scrap_ws/install/velodyne_msgs/share/velodyne_msgs/cmake/export_velodyne_msgs__rosidl_typesupport_fastrtps_cExport.cmake
[0.988s] -- Up-to-date: /home/dayo/Desktop/scrap_ws/install/velodyne_msgs/share/velodyne_msgs/cmake/export_velodyne_msgs__rosidl_typesupport_fastrtps_cExport-noconfig.cmake
[0.988s] -- Up-to-date: /home/dayo/Desktop/scrap_ws/install/velodyne_msgs/share/velodyne_msgs/cmake/export_velodyne_msgs__rosidl_generator_cppExport.cmake
[0.988s] -- Up-to-date: /home/dayo/Desktop/scrap_ws/install/velodyne_msgs/share/velodyne_msgs/cmake/export_velodyne_msgs__rosidl_typesupport_fastrtps_cppExport.cmake
[0.988s] -- Up-to-date: /home/dayo/Desktop/scrap_ws/install/velodyne_msgs/share/velodyne_msgs/cmake/export_velodyne_msgs__rosidl_typesupport_fastrtps_cppExport-noconfig.cmake
[0.988s] -- Up-to-date: /home/dayo/Desktop/scrap_ws/install/velodyne_msgs/share/velodyne_msgs/cmake/velodyne_msgs__rosidl_typesupport_introspection_cExport.cmake
[0.988s] -- Up-to-date: /home/dayo/Desktop/scrap_ws/install/velodyne_msgs/share/velodyne_msgs/cmake/velodyne_msgs__rosidl_typesupport_introspection_cExport-noconfig.cmake
[0.988s] -- Up-to-date: /home/dayo/Desktop/scrap_ws/install/velodyne_msgs/share/velodyne_msgs/cmake/velodyne_msgs__rosidl_typesupport_cExport.cmake
[0.988s] -- Up-to-date: /home/dayo/Desktop/scrap_ws/install/velodyne_msgs/share/velodyne_msgs/cmake/velodyne_msgs__rosidl_typesupport_cExport-noconfig.cmake
[0.988s] -- Up-to-date: /home/dayo/Desktop/scrap_ws/install/velodyne_msgs/share/velodyne_msgs/cmake/velodyne_msgs__rosidl_typesupport_introspection_cppExport.cmake
[0.988s] -- Up-to-date: /home/dayo/Desktop/scrap_ws/install/velodyne_msgs/share/velodyne_msgs/cmake/velodyne_msgs__rosidl_typesupport_introspection_cppExport-noconfig.cmake
[0.988s] -- Up-to-date: /home/dayo/Desktop/scrap_ws/install/velodyne_msgs/share/velodyne_msgs/cmake/velodyne_msgs__rosidl_typesupport_cppExport.cmake
[0.989s] -- Up-to-date: /home/dayo/Desktop/scrap_ws/install/velodyne_msgs/share/velodyne_msgs/cmake/velodyne_msgs__rosidl_typesupport_cppExport-noconfig.cmake
[0.989s] -- Up-to-date: /home/dayo/Desktop/scrap_ws/install/velodyne_msgs/share/velodyne_msgs/cmake/export_velodyne_msgs__rosidl_generator_pyExport.cmake
[0.989s] -- Up-to-date: /home/dayo/Desktop/scrap_ws/install/velodyne_msgs/share/velodyne_msgs/cmake/export_velodyne_msgs__rosidl_generator_pyExport-noconfig.cmake
[0.989s] -- Up-to-date: /home/dayo/Desktop/scrap_ws/install/velodyne_msgs/share/velodyne_msgs/cmake/rosidl_cmake-extras.cmake
[0.989s] -- Up-to-date: /home/dayo/Desktop/scrap_ws/install/velodyne_msgs/share/velodyne_msgs/cmake/ament_cmake_export_dependencies-extras.cmake
[0.989s] -- Up-to-date: /home/dayo/Desktop/scrap_ws/install/velodyne_msgs/share/velodyne_msgs/cmake/ament_cmake_export_include_directories-extras.cmake
[0.989s] -- Up-to-date: /home/dayo/Desktop/scrap_ws/install/velodyne_msgs/share/velodyne_msgs/cmake/ament_cmake_export_libraries-extras.cmake
[0.989s] -- Up-to-date: /home/dayo/Desktop/scrap_ws/install/velodyne_msgs/share/velodyne_msgs/cmake/ament_cmake_export_targets-extras.cmake
[0.989s] -- Up-to-date: /home/dayo/Desktop/scrap_ws/install/velodyne_msgs/share/velodyne_msgs/cmake/rosidl_cmake_export_typesupport_targets-extras.cmake
[0.989s] -- Up-to-date: /home/dayo/Desktop/scrap_ws/install/velodyne_msgs/share/velodyne_msgs/cmake/rosidl_cmake_export_typesupport_libraries-extras.cmake
[0.989s] -- Up-to-date: /home/dayo/Desktop/scrap_ws/install/velodyne_msgs/share/velodyne_msgs/cmake/velodyne_msgsConfig.cmake
[0.989s] -- Up-to-date: /home/dayo/Desktop/scrap_ws/install/velodyne_msgs/share/velodyne_msgs/cmake/velodyne_msgsConfig-version.cmake
[0.990s] -- Up-to-date: /home/dayo/Desktop/scrap_ws/install/velodyne_msgs/share/velodyne_msgs/package.xml
[1.005s] Invoked command in '/home/dayo/Desktop/scrap_ws/build/velodyne_msgs' returned '0': CMAKE_PREFIX_PATH=${CMAKE_PREFIX_PATH}:/opt/ros/iron /usr/bin/cmake --install /home/dayo/Desktop/scrap_ws/build/velodyne_msgs
