[0.686s] Invoking command in '/home/pi/Desktop/scrap_ws/build/velodyne_driver': AMENT_PREFIX_PATH=/home/pi/Desktop/scrap_ws/install/velodyne_msgs:${AMENT_PREFIX_PATH} CMAKE_PREFIX_PATH=/home/pi/Desktop/scrap_ws/install/velodyne_msgs:/opt/ros/humble LD_LIBRARY_PATH=/home/pi/Desktop/scrap_ws/install/velodyne_msgs/lib:${LD_LIBRARY_PATH} PYTHONPATH=/home/pi/Desktop/scrap_ws/install/velodyne_msgs/local/lib/python3.10/dist-packages:${PYTHONPATH} /usr/bin/cmake --build /home/pi/Desktop/scrap_ws/build/velodyne_driver -- -j4 -l4
[1.022s] [ 16%] Built target gtest_main
[1.062s] [ 33%] Built target velodyne_input
[1.092s] [ 50%] Built target gtest
[1.304s] [ 66%] Built target velodyne_driver
[1.306s] [ 83%] Built target time_test
[1.448s] [100%] Built target velodyne_driver_node
[1.497s] Invoked command in '/home/pi/Desktop/scrap_ws/build/velodyne_driver' returned '0': AMENT_PREFIX_PATH=/home/pi/Desktop/scrap_ws/install/velodyne_msgs:${AMENT_PREFIX_PATH} CMAKE_PREFIX_PATH=/home/pi/Desktop/scrap_ws/install/velodyne_msgs:/opt/ros/humble LD_LIBRARY_PATH=/home/pi/Desktop/scrap_ws/install/velodyne_msgs/lib:${LD_LIBRARY_PATH} PYTHONPATH=/home/pi/Desktop/scrap_ws/install/velodyne_msgs/local/lib/python3.10/dist-packages:${PYTHONPATH} /usr/bin/cmake --build /home/pi/Desktop/scrap_ws/build/velodyne_driver -- -j4 -l4
[1.694s] Invoking command in '/home/pi/Desktop/scrap_ws/build/velodyne_driver': AMENT_PREFIX_PATH=/home/pi/Desktop/scrap_ws/install/velodyne_msgs:${AMENT_PREFIX_PATH} CMAKE_PREFIX_PATH=/home/pi/Desktop/scrap_ws/install/velodyne_msgs:/opt/ros/humble LD_LIBRARY_PATH=/home/pi/Desktop/scrap_ws/install/velodyne_msgs/lib:${LD_LIBRARY_PATH} PYTHONPATH=/home/pi/Desktop/scrap_ws/install/velodyne_msgs/local/lib/python3.10/dist-packages:${PYTHONPATH} /usr/bin/cmake --install /home/pi/Desktop/scrap_ws/build/velodyne_driver
[1.726s] -- Install configuration: ""
[1.729s] -- Execute custom install script
[1.731s] -- Up-to-date symlink: /home/pi/Desktop/scrap_ws/install/velodyne_driver/lib/libvelodyne_input.so
[1.733s] -- Up-to-date symlink: /home/pi/Desktop/scrap_ws/install/velodyne_driver/lib/libvelodyne_driver.so
[1.735s] -- Up-to-date symlink: /home/pi/Desktop/scrap_ws/install/velodyne_driver/lib/velodyne_driver/velodyne_driver_node
[1.738s] -- Up-to-date symlink: /home/pi/Desktop/scrap_ws/install/velodyne_driver/include/velodyne_driver/driver.hpp
[1.738s] -- Up-to-date symlink: /home/pi/Desktop/scrap_ws/install/velodyne_driver/include/velodyne_driver/input.hpp
[1.739s] -- Up-to-date symlink: /home/pi/Desktop/scrap_ws/install/velodyne_driver/include/velodyne_driver/time_conversion.hpp
[1.742s] -- Up-to-date symlink: /home/pi/Desktop/scrap_ws/install/velodyne_driver/share/velodyne_driver/config/VLP16-velodyne_driver_node-params.yaml
[1.743s] -- Up-to-date symlink: /home/pi/Desktop/scrap_ws/install/velodyne_driver/share/velodyne_driver/config/VLP32C-velodyne_driver_node-params.yaml
[1.744s] -- Up-to-date symlink: /home/pi/Desktop/scrap_ws/install/velodyne_driver/share/velodyne_driver/config/VLS128-velodyne_driver_node-params.yaml
[1.746s] -- Up-to-date symlink: /home/pi/Desktop/scrap_ws/install/velodyne_driver/share/velodyne_driver/launch/velodyne_driver_node-VLP16-composed-launch.py
[1.747s] -- Up-to-date symlink: /home/pi/Desktop/scrap_ws/install/velodyne_driver/share/velodyne_driver/launch/velodyne_driver_node-VLP16-launch.py
[1.748s] -- Up-to-date symlink: /home/pi/Desktop/scrap_ws/install/velodyne_driver/share/velodyne_driver/launch/velodyne_driver_node-VLP32C-composed-launch.py
[1.749s] -- Up-to-date symlink: /home/pi/Desktop/scrap_ws/install/velodyne_driver/share/velodyne_driver/launch/velodyne_driver_node-VLP32C-launch.py
[1.750s] -- Up-to-date symlink: /home/pi/Desktop/scrap_ws/install/velodyne_driver/share/velodyne_driver/launch/velodyne_driver_node-VLS128-composed-launch.py
[1.752s] -- Up-to-date symlink: /home/pi/Desktop/scrap_ws/install/velodyne_driver/share/velodyne_driver/launch/velodyne_driver_node-VLS128-launch.py
[1.753s] -- Up-to-date symlink: /home/pi/Desktop/scrap_ws/install/velodyne_driver/lib/velodyne_driver/vdump
[1.754s] -- Up-to-date symlink: /home/pi/Desktop/scrap_ws/install/velodyne_driver/share/ament_index/resource_index/package_run_dependencies/velodyne_driver
[1.756s] -- Up-to-date symlink: /home/pi/Desktop/scrap_ws/install/velodyne_driver/share/ament_index/resource_index/parent_prefix_path/velodyne_driver
[1.757s] -- Up-to-date symlink: /home/pi/Desktop/scrap_ws/install/velodyne_driver/share/velodyne_driver/environment/ament_prefix_path.sh
[1.758s] -- Up-to-date symlink: /home/pi/Desktop/scrap_ws/install/velodyne_driver/share/velodyne_driver/environment/ament_prefix_path.dsv
[1.760s] -- Up-to-date symlink: /home/pi/Desktop/scrap_ws/install/velodyne_driver/share/velodyne_driver/environment/path.sh
[1.761s] -- Up-to-date symlink: /home/pi/Desktop/scrap_ws/install/velodyne_driver/share/velodyne_driver/environment/path.dsv
[1.762s] -- Up-to-date symlink: /home/pi/Desktop/scrap_ws/install/velodyne_driver/share/velodyne_driver/local_setup.bash
[1.764s] -- Up-to-date symlink: /home/pi/Desktop/scrap_ws/install/velodyne_driver/share/velodyne_driver/local_setup.sh
[1.765s] -- Up-to-date symlink: /home/pi/Desktop/scrap_ws/install/velodyne_driver/share/velodyne_driver/local_setup.zsh
[1.767s] -- Up-to-date symlink: /home/pi/Desktop/scrap_ws/install/velodyne_driver/share/velodyne_driver/local_setup.dsv
[1.767s] -- Symlinking: /home/pi/Desktop/scrap_ws/install/velodyne_driver/share/velodyne_driver/package.dsv
[1.813s] -- Up-to-date symlink: /home/pi/Desktop/scrap_ws/install/velodyne_driver/share/ament_index/resource_index/packages/velodyne_driver
[1.814s] -- Up-to-date symlink: /home/pi/Desktop/scrap_ws/install/velodyne_driver/share/ament_index/resource_index/rclcpp_components/velodyne_driver
[1.815s] -- Up-to-date symlink: /home/pi/Desktop/scrap_ws/install/velodyne_driver/share/velodyne_driver/cmake/velodyne_driverConfig.cmake
[1.816s] -- Up-to-date symlink: /home/pi/Desktop/scrap_ws/install/velodyne_driver/share/velodyne_driver/cmake/velodyne_driverConfig-version.cmake
[1.817s] -- Up-to-date symlink: /home/pi/Desktop/scrap_ws/install/velodyne_driver/share/velodyne_driver/package.xml
[1.826s] Invoked command in '/home/pi/Desktop/scrap_ws/build/velodyne_driver' returned '0': AMENT_PREFIX_PATH=/home/pi/Desktop/scrap_ws/install/velodyne_msgs:${AMENT_PREFIX_PATH} CMAKE_PREFIX_PATH=/home/pi/Desktop/scrap_ws/install/velodyne_msgs:/opt/ros/humble LD_LIBRARY_PATH=/home/pi/Desktop/scrap_ws/install/velodyne_msgs/lib:${LD_LIBRARY_PATH} PYTHONPATH=/home/pi/Desktop/scrap_ws/install/velodyne_msgs/local/lib/python3.10/dist-packages:${PYTHONPATH} /usr/bin/cmake --install /home/pi/Desktop/scrap_ws/build/velodyne_driver
