[1.344s] Invoking command in '/home/pi/Desktop/scrap_ws/build/velodyne_msgs': CMAKE_PREFIX_PATH=/opt/ros/humble /usr/bin/cmake --build /home/pi/Desktop/scrap_ws/build/velodyne_msgs -- -j4 -l4
[2.234s] [  0%] Built target ament_cmake_python_symlink_velodyne_msgs
[2.488s] [  2%] Built target velodyne_msgs__cpp
[2.769s] [ 12%] Built target velodyne_msgs__rosidl_generator_c
[2.928s] [ 23%] Built target velodyne_msgs__rosidl_typesupport_fastrtps_cpp
[3.002s] [ 33%] Built target velodyne_msgs__rosidl_typesupport_cpp
[3.170s] [ 53%] Built target velodyne_msgs__rosidl_typesupport_introspection_cpp
[3.172s] [ 53%] Built target velodyne_msgs__rosidl_typesupport_fastrtps_c
[3.236s] [ 64%] Built target velodyne_msgs__rosidl_typesupport_introspection_c
[3.337s] [ 74%] Built target velodyne_msgs__rosidl_typesupport_c
[3.452s] [ 74%] Built target velodyne_msgs
[3.581s] [ 76%] Built target velodyne_msgs__py
[3.770s] [ 84%] Built target velodyne_msgs__rosidl_generator_py
[4.069s] [ 89%] Built target velodyne_msgs__rosidl_typesupport_fastrtps_c__pyext
[4.076s] [ 94%] Built target velodyne_msgs__rosidl_typesupport_introspection_c__pyext
[4.091s] [100%] Built target velodyne_msgs__rosidl_typesupport_c__pyext
[4.481s] running egg_info
[4.493s] writing velodyne_msgs.egg-info/PKG-INFO
[4.506s] writing dependency_links to velodyne_msgs.egg-info/dependency_links.txt
[4.509s] writing top-level names to velodyne_msgs.egg-info/top_level.txt
[4.545s] reading manifest file 'velodyne_msgs.egg-info/SOURCES.txt'
[4.555s] writing manifest file 'velodyne_msgs.egg-info/SOURCES.txt'
[4.720s] [100%] Built target ament_cmake_python_build_velodyne_msgs_egg
[5.757s] Invoked command in '/home/pi/Desktop/scrap_ws/build/velodyne_msgs' returned '0': CMAKE_PREFIX_PATH=/opt/ros/humble /usr/bin/cmake --build /home/pi/Desktop/scrap_ws/build/velodyne_msgs -- -j4 -l4
[6.895s] Invoking command in '/home/pi/Desktop/scrap_ws/build/velodyne_msgs': CMAKE_PREFIX_PATH=/opt/ros/humble /usr/bin/cmake --install /home/pi/Desktop/scrap_ws/build/velodyne_msgs
[7.083s] -- Install configuration: ""
[7.094s] -- Execute custom install script
[7.116s] -- Up-to-date symlink: /home/pi/Desktop/scrap_ws/install/velodyne_msgs/share/ament_index/resource_index/rosidl_interfaces/velodyne_msgs
[7.140s] -- Up-to-date symlink: /home/pi/Desktop/scrap_ws/install/velodyne_msgs/include/velodyne_msgs/velodyne_msgs/msg/detail/velodyne_packet__functions.h
[7.144s] -- Up-to-date symlink: /home/pi/Desktop/scrap_ws/install/velodyne_msgs/include/velodyne_msgs/velodyne_msgs/msg/detail/velodyne_packet__struct.h
[7.148s] -- Up-to-date symlink: /home/pi/Desktop/scrap_ws/install/velodyne_msgs/include/velodyne_msgs/velodyne_msgs/msg/detail/velodyne_packet__type_support.h
[7.153s] -- Up-to-date symlink: /home/pi/Desktop/scrap_ws/install/velodyne_msgs/include/velodyne_msgs/velodyne_msgs/msg/detail/velodyne_scan__functions.h
[7.157s] -- Up-to-date symlink: /home/pi/Desktop/scrap_ws/install/velodyne_msgs/include/velodyne_msgs/velodyne_msgs/msg/detail/velodyne_scan__struct.h
[7.160s] -- Up-to-date symlink: /home/pi/Desktop/scrap_ws/install/velodyne_msgs/include/velodyne_msgs/velodyne_msgs/msg/detail/velodyne_scan__type_support.h
[7.164s] -- Up-to-date symlink: /home/pi/Desktop/scrap_ws/install/velodyne_msgs/include/velodyne_msgs/velodyne_msgs/msg/rosidl_generator_c__visibility_control.h
[7.168s] -- Up-to-date symlink: /home/pi/Desktop/scrap_ws/install/velodyne_msgs/include/velodyne_msgs/velodyne_msgs/msg/velodyne_packet.h
[7.171s] -- Up-to-date symlink: /home/pi/Desktop/scrap_ws/install/velodyne_msgs/include/velodyne_msgs/velodyne_msgs/msg/velodyne_scan.h
[7.182s] -- Up-to-date symlink: /home/pi/Desktop/scrap_ws/install/velodyne_msgs/share/velodyne_msgs/environment/library_path.sh
[7.186s] -- Up-to-date symlink: /home/pi/Desktop/scrap_ws/install/velodyne_msgs/share/velodyne_msgs/environment/library_path.dsv
[7.193s] -- Up-to-date symlink: /home/pi/Desktop/scrap_ws/install/velodyne_msgs/include/velodyne_msgs/velodyne_msgs/msg/detail/velodyne_packet__rosidl_typesupport_fastrtps_c.h
[7.197s] -- Up-to-date symlink: /home/pi/Desktop/scrap_ws/install/velodyne_msgs/include/velodyne_msgs/velodyne_msgs/msg/detail/velodyne_scan__rosidl_typesupport_fastrtps_c.h
[7.200s] -- Up-to-date symlink: /home/pi/Desktop/scrap_ws/install/velodyne_msgs/include/velodyne_msgs/velodyne_msgs/msg/rosidl_typesupport_fastrtps_c__visibility_control.h
[7.205s] -- Up-to-date symlink: /home/pi/Desktop/scrap_ws/install/velodyne_msgs/include/velodyne_msgs/velodyne_msgs/msg/detail/velodyne_packet__builder.hpp
[7.209s] -- Up-to-date symlink: /home/pi/Desktop/scrap_ws/install/velodyne_msgs/include/velodyne_msgs/velodyne_msgs/msg/detail/velodyne_packet__struct.hpp
[7.213s] -- Up-to-date symlink: /home/pi/Desktop/scrap_ws/install/velodyne_msgs/include/velodyne_msgs/velodyne_msgs/msg/detail/velodyne_packet__traits.hpp
[7.224s] -- Up-to-date symlink: /home/pi/Desktop/scrap_ws/install/velodyne_msgs/include/velodyne_msgs/velodyne_msgs/msg/detail/velodyne_scan__builder.hpp
[7.228s] -- Up-to-date symlink: /home/pi/Desktop/scrap_ws/install/velodyne_msgs/include/velodyne_msgs/velodyne_msgs/msg/detail/velodyne_scan__struct.hpp
[7.232s] -- Up-to-date symlink: /home/pi/Desktop/scrap_ws/install/velodyne_msgs/include/velodyne_msgs/velodyne_msgs/msg/detail/velodyne_scan__traits.hpp
[7.235s] -- Up-to-date symlink: /home/pi/Desktop/scrap_ws/install/velodyne_msgs/include/velodyne_msgs/velodyne_msgs/msg/velodyne_packet.hpp
[7.239s] -- Up-to-date symlink: /home/pi/Desktop/scrap_ws/install/velodyne_msgs/include/velodyne_msgs/velodyne_msgs/msg/velodyne_scan.hpp
[7.247s] -- Up-to-date symlink: /home/pi/Desktop/scrap_ws/install/velodyne_msgs/include/velodyne_msgs/velodyne_msgs/msg/detail/velodyne_packet__rosidl_typesupport_fastrtps_cpp.hpp
[7.250s] -- Up-to-date symlink: /home/pi/Desktop/scrap_ws/install/velodyne_msgs/include/velodyne_msgs/velodyne_msgs/msg/detail/velodyne_scan__rosidl_typesupport_fastrtps_cpp.hpp
[7.254s] -- Up-to-date symlink: /home/pi/Desktop/scrap_ws/install/velodyne_msgs/include/velodyne_msgs/velodyne_msgs/msg/rosidl_typesupport_fastrtps_cpp__visibility_control.h
[7.261s] -- Up-to-date symlink: /home/pi/Desktop/scrap_ws/install/velodyne_msgs/include/velodyne_msgs/velodyne_msgs/msg/detail/velodyne_packet__rosidl_typesupport_introspection_c.h
[7.265s] -- Up-to-date symlink: /home/pi/Desktop/scrap_ws/install/velodyne_msgs/include/velodyne_msgs/velodyne_msgs/msg/detail/velodyne_scan__rosidl_typesupport_introspection_c.h
[7.268s] -- Up-to-date symlink: /home/pi/Desktop/scrap_ws/install/velodyne_msgs/include/velodyne_msgs/velodyne_msgs/msg/rosidl_typesupport_introspection_c__visibility_control.h
[7.274s] -- Up-to-date symlink: /home/pi/Desktop/scrap_ws/install/velodyne_msgs/include/velodyne_msgs/velodyne_msgs/msg/detail/velodyne_packet__rosidl_typesupport_introspection_cpp.hpp
[7.278s] -- Up-to-date symlink: /home/pi/Desktop/scrap_ws/install/velodyne_msgs/include/velodyne_msgs/velodyne_msgs/msg/detail/velodyne_scan__rosidl_typesupport_introspection_cpp.hpp
[7.281s] -- Up-to-date symlink: /home/pi/Desktop/scrap_ws/install/velodyne_msgs/share/velodyne_msgs/environment/pythonpath.sh
[7.285s] -- Up-to-date symlink: /home/pi/Desktop/scrap_ws/install/velodyne_msgs/share/velodyne_msgs/environment/pythonpath.dsv
[7.310s] -- Up-to-date symlink: /home/pi/Desktop/scrap_ws/install/velodyne_msgs/local/lib/python3.10/dist-packages/velodyne_msgs-2.4.0-py3.10.egg-info/PKG-INFO
[7.314s] -- Up-to-date symlink: /home/pi/Desktop/scrap_ws/install/velodyne_msgs/local/lib/python3.10/dist-packages/velodyne_msgs-2.4.0-py3.10.egg-info/SOURCES.txt
[7.319s] -- Up-to-date symlink: /home/pi/Desktop/scrap_ws/install/velodyne_msgs/local/lib/python3.10/dist-packages/velodyne_msgs-2.4.0-py3.10.egg-info/dependency_links.txt
[7.323s] -- Up-to-date symlink: /home/pi/Desktop/scrap_ws/install/velodyne_msgs/local/lib/python3.10/dist-packages/velodyne_msgs-2.4.0-py3.10.egg-info/top_level.txt
[7.338s] -- Up-to-date symlink: /home/pi/Desktop/scrap_ws/install/velodyne_msgs/local/lib/python3.10/dist-packages/velodyne_msgs/__init__.py
[7.342s] -- Up-to-date symlink: /home/pi/Desktop/scrap_ws/install/velodyne_msgs/local/lib/python3.10/dist-packages/velodyne_msgs/_velodyne_msgs_s.ep.rosidl_typesupport_c.c
[7.346s] -- Up-to-date symlink: /home/pi/Desktop/scrap_ws/install/velodyne_msgs/local/lib/python3.10/dist-packages/velodyne_msgs/_velodyne_msgs_s.ep.rosidl_typesupport_fastrtps_c.c
[7.350s] -- Up-to-date symlink: /home/pi/Desktop/scrap_ws/install/velodyne_msgs/local/lib/python3.10/dist-packages/velodyne_msgs/_velodyne_msgs_s.ep.rosidl_typesupport_introspection_c.c
[7.354s] -- Up-to-date symlink: /home/pi/Desktop/scrap_ws/install/velodyne_msgs/local/lib/python3.10/dist-packages/velodyne_msgs/libvelodyne_msgs__rosidl_generator_py.so
[7.361s] -- Up-to-date symlink: /home/pi/Desktop/scrap_ws/install/velodyne_msgs/local/lib/python3.10/dist-packages/velodyne_msgs/msg/__init__.py
[7.365s] -- Up-to-date symlink: /home/pi/Desktop/scrap_ws/install/velodyne_msgs/local/lib/python3.10/dist-packages/velodyne_msgs/msg/_velodyne_packet.py
[7.369s] -- Up-to-date symlink: /home/pi/Desktop/scrap_ws/install/velodyne_msgs/local/lib/python3.10/dist-packages/velodyne_msgs/msg/_velodyne_packet_s.c
[7.372s] -- Up-to-date symlink: /home/pi/Desktop/scrap_ws/install/velodyne_msgs/local/lib/python3.10/dist-packages/velodyne_msgs/msg/_velodyne_scan.py
[7.376s] -- Up-to-date symlink: /home/pi/Desktop/scrap_ws/install/velodyne_msgs/local/lib/python3.10/dist-packages/velodyne_msgs/msg/_velodyne_scan_s.c
[7.381s] -- Up-to-date symlink: /home/pi/Desktop/scrap_ws/install/velodyne_msgs/local/lib/python3.10/dist-packages/velodyne_msgs/velodyne_msgs_s__rosidl_typesupport_c.cpython-310-aarch64-linux-gnu.so
[7.385s] -- Up-to-date symlink: /home/pi/Desktop/scrap_ws/install/velodyne_msgs/local/lib/python3.10/dist-packages/velodyne_msgs/velodyne_msgs_s__rosidl_typesupport_fastrtps_c.cpython-310-aarch64-linux-gnu.so
[7.389s] -- Up-to-date symlink: /home/pi/Desktop/scrap_ws/install/velodyne_msgs/local/lib/python3.10/dist-packages/velodyne_msgs/velodyne_msgs_s__rosidl_typesupport_introspection_c.cpython-310-aarch64-linux-gnu.so
[7.394s] -- Up-to-date symlink: /home/pi/Desktop/scrap_ws/install/velodyne_msgs/local/lib/python3.10/dist-packages/velodyne_msgs/velodyne_msgs_s__rosidl_typesupport_fastrtps_c.cpython-310-aarch64-linux-gnu.so
[7.399s] -- Up-to-date symlink: /home/pi/Desktop/scrap_ws/install/velodyne_msgs/local/lib/python3.10/dist-packages/velodyne_msgs/velodyne_msgs_s__rosidl_typesupport_introspection_c.cpython-310-aarch64-linux-gnu.so
[7.403s] -- Up-to-date symlink: /home/pi/Desktop/scrap_ws/install/velodyne_msgs/local/lib/python3.10/dist-packages/velodyne_msgs/velodyne_msgs_s__rosidl_typesupport_c.cpython-310-aarch64-linux-gnu.so
[7.408s] -- Up-to-date symlink: /home/pi/Desktop/scrap_ws/install/velodyne_msgs/share/velodyne_msgs/msg/VelodynePacket.idl
[7.414s] -- Up-to-date symlink: /home/pi/Desktop/scrap_ws/install/velodyne_msgs/share/velodyne_msgs/msg/VelodyneScan.idl
[7.417s] -- Up-to-date symlink: /home/pi/Desktop/scrap_ws/install/velodyne_msgs/share/velodyne_msgs/msg/VelodynePacket.msg
[7.419s] -- Up-to-date symlink: /home/pi/Desktop/scrap_ws/install/velodyne_msgs/share/velodyne_msgs/msg/VelodyneScan.msg
[7.428s] -- Up-to-date symlink: /home/pi/Desktop/scrap_ws/install/velodyne_msgs/share/ament_index/resource_index/package_run_dependencies/velodyne_msgs
[7.434s] -- Up-to-date symlink: /home/pi/Desktop/scrap_ws/install/velodyne_msgs/share/ament_index/resource_index/parent_prefix_path/velodyne_msgs
[7.437s] -- Up-to-date symlink: /home/pi/Desktop/scrap_ws/install/velodyne_msgs/share/velodyne_msgs/environment/ament_prefix_path.sh
[7.450s] -- Up-to-date symlink: /home/pi/Desktop/scrap_ws/install/velodyne_msgs/share/velodyne_msgs/environment/ament_prefix_path.dsv
[7.454s] -- Up-to-date symlink: /home/pi/Desktop/scrap_ws/install/velodyne_msgs/share/velodyne_msgs/environment/path.sh
[7.459s] -- Up-to-date symlink: /home/pi/Desktop/scrap_ws/install/velodyne_msgs/share/velodyne_msgs/environment/path.dsv
[7.464s] -- Up-to-date symlink: /home/pi/Desktop/scrap_ws/install/velodyne_msgs/share/velodyne_msgs/local_setup.bash
[7.467s] -- Up-to-date symlink: /home/pi/Desktop/scrap_ws/install/velodyne_msgs/share/velodyne_msgs/local_setup.sh
[7.471s] -- Up-to-date symlink: /home/pi/Desktop/scrap_ws/install/velodyne_msgs/share/velodyne_msgs/local_setup.zsh
[7.476s] -- Up-to-date symlink: /home/pi/Desktop/scrap_ws/install/velodyne_msgs/share/velodyne_msgs/local_setup.dsv
[7.477s] -- Symlinking: /home/pi/Desktop/scrap_ws/install/velodyne_msgs/share/velodyne_msgs/package.dsv
[7.524s] -- Up-to-date symlink: /home/pi/Desktop/scrap_ws/install/velodyne_msgs/share/ament_index/resource_index/packages/velodyne_msgs
[7.529s] -- Up-to-date symlink: /home/pi/Desktop/scrap_ws/install/velodyne_msgs/share/velodyne_msgs/cmake/rosidl_cmake-extras.cmake
[7.533s] -- Up-to-date symlink: /home/pi/Desktop/scrap_ws/install/velodyne_msgs/share/velodyne_msgs/cmake/ament_cmake_export_dependencies-extras.cmake
[7.537s] -- Up-to-date symlink: /home/pi/Desktop/scrap_ws/install/velodyne_msgs/share/velodyne_msgs/cmake/ament_cmake_export_include_directories-extras.cmake
[7.541s] -- Up-to-date symlink: /home/pi/Desktop/scrap_ws/install/velodyne_msgs/share/velodyne_msgs/cmake/ament_cmake_export_libraries-extras.cmake
[7.544s] -- Up-to-date symlink: /home/pi/Desktop/scrap_ws/install/velodyne_msgs/share/velodyne_msgs/cmake/ament_cmake_export_targets-extras.cmake
[7.547s] -- Up-to-date symlink: /home/pi/Desktop/scrap_ws/install/velodyne_msgs/share/velodyne_msgs/cmake/rosidl_cmake_export_typesupport_targets-extras.cmake
[7.550s] -- Up-to-date symlink: /home/pi/Desktop/scrap_ws/install/velodyne_msgs/share/velodyne_msgs/cmake/rosidl_cmake_export_typesupport_libraries-extras.cmake
[7.555s] -- Up-to-date symlink: /home/pi/Desktop/scrap_ws/install/velodyne_msgs/share/velodyne_msgs/cmake/velodyne_msgsConfig.cmake
[7.568s] -- Up-to-date symlink: /home/pi/Desktop/scrap_ws/install/velodyne_msgs/share/velodyne_msgs/cmake/velodyne_msgsConfig-version.cmake
[7.572s] -- Up-to-date symlink: /home/pi/Desktop/scrap_ws/install/velodyne_msgs/share/velodyne_msgs/package.xml
[7.672s] -- Up-to-date: /home/pi/Desktop/scrap_ws/install/velodyne_msgs/lib/libvelodyne_msgs__rosidl_generator_c.so
[7.750s] -- Up-to-date: /home/pi/Desktop/scrap_ws/install/velodyne_msgs/lib/libvelodyne_msgs__rosidl_typesupport_fastrtps_c.so
[7.866s] -- Up-to-date: /home/pi/Desktop/scrap_ws/install/velodyne_msgs/lib/libvelodyne_msgs__rosidl_typesupport_fastrtps_cpp.so
[7.941s] -- Up-to-date: /home/pi/Desktop/scrap_ws/install/velodyne_msgs/lib/libvelodyne_msgs__rosidl_typesupport_introspection_c.so
[7.980s] -- Up-to-date: /home/pi/Desktop/scrap_ws/install/velodyne_msgs/lib/libvelodyne_msgs__rosidl_typesupport_c.so
[8.094s] -- Up-to-date: /home/pi/Desktop/scrap_ws/install/velodyne_msgs/lib/libvelodyne_msgs__rosidl_typesupport_introspection_cpp.so
[8.134s] -- Up-to-date: /home/pi/Desktop/scrap_ws/install/velodyne_msgs/lib/libvelodyne_msgs__rosidl_typesupport_cpp.so
[8.450s] Listing '/home/pi/Desktop/scrap_ws/install/velodyne_msgs/local/lib/python3.10/dist-packages/velodyne_msgs'...
[8.451s] Listing '/home/pi/Desktop/scrap_ws/install/velodyne_msgs/local/lib/python3.10/dist-packages/velodyne_msgs/msg'...
[8.504s] -- Up-to-date: /home/pi/Desktop/scrap_ws/install/velodyne_msgs/lib/libvelodyne_msgs__rosidl_generator_py.so
[8.566s] -- Up-to-date: /home/pi/Desktop/scrap_ws/install/velodyne_msgs/share/velodyne_msgs/cmake/export_velodyne_msgs__rosidl_generator_cExport.cmake
[8.567s] -- Up-to-date: /home/pi/Desktop/scrap_ws/install/velodyne_msgs/share/velodyne_msgs/cmake/export_velodyne_msgs__rosidl_generator_cExport-noconfig.cmake
[8.607s] -- Up-to-date: /home/pi/Desktop/scrap_ws/install/velodyne_msgs/share/velodyne_msgs/cmake/export_velodyne_msgs__rosidl_typesupport_fastrtps_cExport.cmake
[8.609s] -- Up-to-date: /home/pi/Desktop/scrap_ws/install/velodyne_msgs/share/velodyne_msgs/cmake/export_velodyne_msgs__rosidl_typesupport_fastrtps_cExport-noconfig.cmake
[8.652s] -- Up-to-date: /home/pi/Desktop/scrap_ws/install/velodyne_msgs/share/velodyne_msgs/cmake/export_velodyne_msgs__rosidl_generator_cppExport.cmake
[8.693s] -- Up-to-date: /home/pi/Desktop/scrap_ws/install/velodyne_msgs/share/velodyne_msgs/cmake/export_velodyne_msgs__rosidl_typesupport_fastrtps_cppExport.cmake
[8.695s] -- Up-to-date: /home/pi/Desktop/scrap_ws/install/velodyne_msgs/share/velodyne_msgs/cmake/export_velodyne_msgs__rosidl_typesupport_fastrtps_cppExport-noconfig.cmake
[8.739s] -- Up-to-date: /home/pi/Desktop/scrap_ws/install/velodyne_msgs/share/velodyne_msgs/cmake/velodyne_msgs__rosidl_typesupport_introspection_cExport.cmake
[8.740s] -- Up-to-date: /home/pi/Desktop/scrap_ws/install/velodyne_msgs/share/velodyne_msgs/cmake/velodyne_msgs__rosidl_typesupport_introspection_cExport-noconfig.cmake
[8.782s] -- Up-to-date: /home/pi/Desktop/scrap_ws/install/velodyne_msgs/share/velodyne_msgs/cmake/velodyne_msgs__rosidl_typesupport_cExport.cmake
[8.784s] -- Up-to-date: /home/pi/Desktop/scrap_ws/install/velodyne_msgs/share/velodyne_msgs/cmake/velodyne_msgs__rosidl_typesupport_cExport-noconfig.cmake
[8.826s] -- Up-to-date: /home/pi/Desktop/scrap_ws/install/velodyne_msgs/share/velodyne_msgs/cmake/velodyne_msgs__rosidl_typesupport_introspection_cppExport.cmake
[8.828s] -- Up-to-date: /home/pi/Desktop/scrap_ws/install/velodyne_msgs/share/velodyne_msgs/cmake/velodyne_msgs__rosidl_typesupport_introspection_cppExport-noconfig.cmake
[8.869s] -- Up-to-date: /home/pi/Desktop/scrap_ws/install/velodyne_msgs/share/velodyne_msgs/cmake/velodyne_msgs__rosidl_typesupport_cppExport.cmake
[8.871s] -- Up-to-date: /home/pi/Desktop/scrap_ws/install/velodyne_msgs/share/velodyne_msgs/cmake/velodyne_msgs__rosidl_typesupport_cppExport-noconfig.cmake
[8.913s] -- Up-to-date: /home/pi/Desktop/scrap_ws/install/velodyne_msgs/share/velodyne_msgs/cmake/export_velodyne_msgs__rosidl_generator_pyExport.cmake
[8.915s] -- Up-to-date: /home/pi/Desktop/scrap_ws/install/velodyne_msgs/share/velodyne_msgs/cmake/export_velodyne_msgs__rosidl_generator_pyExport-noconfig.cmake
[8.952s] Invoked command in '/home/pi/Desktop/scrap_ws/build/velodyne_msgs' returned '0': CMAKE_PREFIX_PATH=/opt/ros/humble /usr/bin/cmake --install /home/pi/Desktop/scrap_ws/build/velodyne_msgs
