[0.831s] Invoking command in '/home/pi/Desktop/scrap_ws/build/diffdrive_arduino': CMAKE_PREFIX_PATH=${CMAKE_PREFIX_PATH}:/home/pi/Desktop/scrap_ws/install/scrap_pkg:/opt/ros/humble /usr/bin/cmake --build /home/pi/Desktop/scrap_ws/build/diffdrive_arduino -- -j4 -l4
[1.240s] [100%] Built target diffdrive_arduino
[3.155s] Invoked command in '/home/pi/Desktop/scrap_ws/build/diffdrive_arduino' returned '0': CMAKE_PREFIX_PATH=${CMAKE_PREFIX_PATH}:/home/pi/Desktop/scrap_ws/install/scrap_pkg:/opt/ros/humble /usr/bin/cmake --build /home/pi/Desktop/scrap_ws/build/diffdrive_arduino -- -j4 -l4
[3.543s] Invoking command in '/home/pi/Desktop/scrap_ws/build/diffdrive_arduino': CMAKE_PREFIX_PATH=${CMAKE_PREFIX_PATH}:/home/pi/Desktop/scrap_ws/install/scrap_pkg:/opt/ros/humble /usr/bin/cmake --install /home/pi/Desktop/scrap_ws/build/diffdrive_arduino
[3.597s] -- Install configuration: ""
[3.606s] -- Execute custom install script
[3.611s] -- Up-to-date symlink: /home/pi/Desktop/scrap_ws/install/diffdrive_arduino/share/diffdrive_arduino//diffdrive_arduino.xml
[3.616s] -- Up-to-date symlink: /home/pi/Desktop/scrap_ws/install/diffdrive_arduino/include/diffdrive_arduino/diffdrive_arduino/arduino_comms.hpp
[3.619s] -- Up-to-date symlink: /home/pi/Desktop/scrap_ws/install/diffdrive_arduino/include/diffdrive_arduino/diffdrive_arduino/diffbot_system.hpp
[3.622s] -- Up-to-date symlink: /home/pi/Desktop/scrap_ws/install/diffdrive_arduino/include/diffdrive_arduino/diffdrive_arduino/motor_controller.hpp
[3.625s] -- Up-to-date symlink: /home/pi/Desktop/scrap_ws/install/diffdrive_arduino/include/diffdrive_arduino/diffdrive_arduino/visibility_control.h
[3.628s] -- Up-to-date symlink: /home/pi/Desktop/scrap_ws/install/diffdrive_arduino/include/diffdrive_arduino/diffdrive_arduino/wheel.hpp
[3.633s] -- Up-to-date symlink: /home/pi/Desktop/scrap_ws/install/diffdrive_arduino/share/diffdrive_arduino/launch/view_robot.launch.py
[3.636s] -- Up-to-date symlink: /home/pi/Desktop/scrap_ws/install/diffdrive_arduino/share/diffdrive_arduino/ros2_control/diffbot.ros2_control.xacro
[3.640s] -- Up-to-date symlink: /home/pi/Desktop/scrap_ws/install/diffdrive_arduino/share/diffdrive_arduino/urdf/diffbot.materials.xacro
[3.642s] -- Up-to-date symlink: /home/pi/Desktop/scrap_ws/install/diffdrive_arduino/share/diffdrive_arduino/urdf/diffbot.urdf.xacro
[3.645s] -- Up-to-date symlink: /home/pi/Desktop/scrap_ws/install/diffdrive_arduino/share/diffdrive_arduino/urdf/diffbot_description.urdf.xacro
[3.651s] -- Up-to-date symlink: /home/pi/Desktop/scrap_ws/install/diffdrive_arduino/share/diffdrive_arduino/rviz/diffbot.rviz
[3.654s] -- Up-to-date symlink: /home/pi/Desktop/scrap_ws/install/diffdrive_arduino/share/diffdrive_arduino/rviz/diffbot_view.rviz
[3.662s] -- Up-to-date symlink: /home/pi/Desktop/scrap_ws/install/diffdrive_arduino/share/diffdrive_arduino/launch/diffbot.launch.py
[3.693s] -- Up-to-date symlink: /home/pi/Desktop/scrap_ws/install/diffdrive_arduino/share/diffdrive_arduino/config/diffbot_controllers.yaml
[3.693s] -- Up-to-date symlink: /home/pi/Desktop/scrap_ws/install/diffdrive_arduino/share/diffdrive_arduino/environment/library_path.sh
[3.696s] -- Up-to-date symlink: /home/pi/Desktop/scrap_ws/install/diffdrive_arduino/share/diffdrive_arduino/environment/library_path.dsv
[3.705s] -- Up-to-date symlink: /home/pi/Desktop/scrap_ws/install/diffdrive_arduino/share/ament_index/resource_index/package_run_dependencies/diffdrive_arduino
[3.706s] -- Up-to-date symlink: /home/pi/Desktop/scrap_ws/install/diffdrive_arduino/share/ament_index/resource_index/parent_prefix_path/diffdrive_arduino
[3.706s] -- Up-to-date symlink: /home/pi/Desktop/scrap_ws/install/diffdrive_arduino/share/diffdrive_arduino/environment/ament_prefix_path.sh
[3.709s] -- Up-to-date symlink: /home/pi/Desktop/scrap_ws/install/diffdrive_arduino/share/diffdrive_arduino/environment/ament_prefix_path.dsv
[3.712s] -- Up-to-date symlink: /home/pi/Desktop/scrap_ws/install/diffdrive_arduino/share/diffdrive_arduino/environment/path.sh
[3.714s] -- Up-to-date symlink: /home/pi/Desktop/scrap_ws/install/diffdrive_arduino/share/diffdrive_arduino/environment/path.dsv
[3.718s] -- Up-to-date symlink: /home/pi/Desktop/scrap_ws/install/diffdrive_arduino/share/diffdrive_arduino/local_setup.bash
[3.720s] -- Up-to-date symlink: /home/pi/Desktop/scrap_ws/install/diffdrive_arduino/share/diffdrive_arduino/local_setup.sh
[3.723s] -- Up-to-date symlink: /home/pi/Desktop/scrap_ws/install/diffdrive_arduino/share/diffdrive_arduino/local_setup.zsh
[3.726s] -- Up-to-date symlink: /home/pi/Desktop/scrap_ws/install/diffdrive_arduino/share/diffdrive_arduino/local_setup.dsv
[3.728s] -- Symlinking: /home/pi/Desktop/scrap_ws/install/diffdrive_arduino/share/diffdrive_arduino/package.dsv
[3.786s] -- Up-to-date symlink: /home/pi/Desktop/scrap_ws/install/diffdrive_arduino/share/ament_index/resource_index/packages/diffdrive_arduino
[3.787s] -- Up-to-date symlink: /home/pi/Desktop/scrap_ws/install/diffdrive_arduino/share/ament_index/resource_index/hardware_interface__pluginlib__plugin/diffdrive_arduino
[3.788s] -- Up-to-date symlink: /home/pi/Desktop/scrap_ws/install/diffdrive_arduino/share/diffdrive_arduino/cmake/ament_cmake_export_targets-extras.cmake
[3.789s] -- Up-to-date symlink: /home/pi/Desktop/scrap_ws/install/diffdrive_arduino/share/diffdrive_arduino/cmake/ament_cmake_export_dependencies-extras.cmake
[3.791s] -- Up-to-date symlink: /home/pi/Desktop/scrap_ws/install/diffdrive_arduino/share/diffdrive_arduino/cmake/diffdrive_arduinoConfig.cmake
[3.793s] -- Up-to-date symlink: /home/pi/Desktop/scrap_ws/install/diffdrive_arduino/share/diffdrive_arduino/cmake/diffdrive_arduinoConfig-version.cmake
[3.794s] -- Up-to-date symlink: /home/pi/Desktop/scrap_ws/install/diffdrive_arduino/share/diffdrive_arduino/package.xml
[3.796s] -- Up-to-date: /home/pi/Desktop/scrap_ws/install/diffdrive_arduino/lib/libdiffdrive_arduino.so
[3.799s] -- Up-to-date: /home/pi/Desktop/scrap_ws/install/diffdrive_arduino/share/diffdrive_arduino/cmake/export_diffdrive_arduinoExport.cmake
[3.800s] -- Up-to-date: /home/pi/Desktop/scrap_ws/install/diffdrive_arduino/share/diffdrive_arduino/cmake/export_diffdrive_arduinoExport-noconfig.cmake
[4.306s] Invoked command in '/home/pi/Desktop/scrap_ws/build/diffdrive_arduino' returned '0': CMAKE_PREFIX_PATH=${CMAKE_PREFIX_PATH}:/home/pi/Desktop/scrap_ws/install/scrap_pkg:/opt/ros/humble /usr/bin/cmake --install /home/pi/Desktop/scrap_ws/build/diffdrive_arduino
