[5.362s] DEBUG:colcon:Command line arguments: ['/usr/bin/colcon', 'build', '--symlink-install']
[5.362s] DEBUG:colcon:Parsed command line arguments: Namespace(log_base=None, log_level=None, verb_name='build', build_base='build', install_base='install', merge_install=False, symlink_install=True, test_result_base=None, continue_on_error=False, executor='parallel', parallel_workers=4, event_handlers=None, ignore_user_meta=False, metas=['./colcon.meta'], base_paths=['.'], packages_ignore=None, packages_ignore_regex=None, paths=None, packages_up_to=None, packages_up_to_regex=None, packages_above=None, packages_above_and_dependencies=None, packages_above_depth=None, packages_select_by_dep=None, packages_skip_by_dep=None, packages_skip_up_to=None, packages_select_build_failed=False, packages_skip_build_finished=False, packages_select_test_failures=False, packages_skip_test_passed=False, packages_select=None, packages_skip=None, packages_select_regex=None, packages_skip_regex=None, packages_start=None, packages_end=None, allow_overriding=[], cmake_args=None, cmake_target=None, cmake_target_skip_unavailable=False, cmake_clean_cache=False, cmake_clean_first=False, cmake_force_configure=False, ament_cmake_args=None, catkin_cmake_args=None, catkin_skip_building_tests=False, verb_parser=<colcon_defaults.argument_parser.defaults.DefaultArgumentsDecorator object at 0xffff99fbd990>, verb_extension=<colcon_core.verb.build.BuildVerb object at 0xffff99fbf820>, main=<bound method BuildVerb.main of <colcon_core.verb.build.BuildVerb object at 0xffff99fbf820>>)
[5.602s] Level 1:colcon.colcon_core.package_discovery:discover_packages(colcon_meta) check parameters
[5.603s] Level 1:colcon.colcon_core.package_discovery:discover_packages(recursive) check parameters
[5.603s] Level 1:colcon.colcon_core.package_discovery:discover_packages(ignore) check parameters
[5.603s] Level 1:colcon.colcon_core.package_discovery:discover_packages(path) check parameters
[5.603s] Level 1:colcon.colcon_core.package_discovery:discover_packages(colcon_meta) discover
[5.604s] Level 1:colcon.colcon_core.package_discovery:discover_packages(recursive) discover
[5.604s] INFO:colcon.colcon_core.package_discovery:Crawling recursively for packages in '/home/pi/Desktop/scrap_ws'
[5.604s] Level 1:colcon.colcon_core.package_identification:_identify(.) by extensions ['ignore', 'ignore_ament_install']
[5.605s] Level 1:colcon.colcon_core.package_identification:_identify(.) by extension 'ignore'
[5.605s] Level 1:colcon.colcon_core.package_identification:_identify(.) by extension 'ignore_ament_install'
[5.605s] Level 1:colcon.colcon_core.package_identification:_identify(.) by extensions ['colcon_pkg']
[5.605s] Level 1:colcon.colcon_core.package_identification:_identify(.) by extension 'colcon_pkg'
[5.605s] Level 1:colcon.colcon_core.package_identification:_identify(.) by extensions ['colcon_meta']
[5.606s] Level 1:colcon.colcon_core.package_identification:_identify(.) by extension 'colcon_meta'
[5.606s] Level 1:colcon.colcon_core.package_identification:_identify(.) by extensions ['ros']
[5.606s] Level 1:colcon.colcon_core.package_identification:_identify(.) by extension 'ros'
[5.658s] Level 1:colcon.colcon_core.package_identification:_identify(.) by extensions ['cmake', 'python']
[5.659s] Level 1:colcon.colcon_core.package_identification:_identify(.) by extension 'cmake'
[5.659s] Level 1:colcon.colcon_core.package_identification:_identify(.) by extension 'python'
[5.659s] Level 1:colcon.colcon_core.package_identification:_identify(.) by extensions ['python_setup_py']
[5.659s] Level 1:colcon.colcon_core.package_identification:_identify(.) by extension 'python_setup_py'
[5.660s] Level 1:colcon.colcon_core.package_identification:_identify(build) by extensions ['ignore', 'ignore_ament_install']
[5.660s] Level 1:colcon.colcon_core.package_identification:_identify(build) by extension 'ignore'
[5.660s] Level 1:colcon.colcon_core.package_identification:_identify(build) ignored
[5.661s] Level 1:colcon.colcon_core.package_identification:_identify(install) by extensions ['ignore', 'ignore_ament_install']
[5.662s] Level 1:colcon.colcon_core.package_identification:_identify(install) by extension 'ignore'
[5.662s] Level 1:colcon.colcon_core.package_identification:_identify(install) ignored
[5.663s] Level 1:colcon.colcon_core.package_identification:_identify(log) by extensions ['ignore', 'ignore_ament_install']
[5.663s] Level 1:colcon.colcon_core.package_identification:_identify(log) by extension 'ignore'
[5.663s] Level 1:colcon.colcon_core.package_identification:_identify(log) ignored
[5.663s] Level 1:colcon.colcon_core.package_identification:_identify(src) by extensions ['ignore', 'ignore_ament_install']
[5.664s] Level 1:colcon.colcon_core.package_identification:_identify(src) by extension 'ignore'
[5.664s] Level 1:colcon.colcon_core.package_identification:_identify(src) by extension 'ignore_ament_install'
[5.664s] Level 1:colcon.colcon_core.package_identification:_identify(src) by extensions ['colcon_pkg']
[5.664s] Level 1:colcon.colcon_core.package_identification:_identify(src) by extension 'colcon_pkg'
[5.665s] Level 1:colcon.colcon_core.package_identification:_identify(src) by extensions ['colcon_meta']
[5.665s] Level 1:colcon.colcon_core.package_identification:_identify(src) by extension 'colcon_meta'
[5.665s] Level 1:colcon.colcon_core.package_identification:_identify(src) by extensions ['ros']
[5.665s] Level 1:colcon.colcon_core.package_identification:_identify(src) by extension 'ros'
[5.665s] Level 1:colcon.colcon_core.package_identification:_identify(src) by extensions ['cmake', 'python']
[5.666s] Level 1:colcon.colcon_core.package_identification:_identify(src) by extension 'cmake'
[5.666s] Level 1:colcon.colcon_core.package_identification:_identify(src) by extension 'python'
[5.666s] Level 1:colcon.colcon_core.package_identification:_identify(src) by extensions ['python_setup_py']
[5.666s] Level 1:colcon.colcon_core.package_identification:_identify(src) by extension 'python_setup_py'
[5.667s] Level 1:colcon.colcon_core.package_identification:_identify(src/diff_drive_HWInterface) by extensions ['ignore', 'ignore_ament_install']
[5.667s] Level 1:colcon.colcon_core.package_identification:_identify(src/diff_drive_HWInterface) by extension 'ignore'
[5.667s] Level 1:colcon.colcon_core.package_identification:_identify(src/diff_drive_HWInterface) by extension 'ignore_ament_install'
[5.668s] Level 1:colcon.colcon_core.package_identification:_identify(src/diff_drive_HWInterface) by extensions ['colcon_pkg']
[5.668s] Level 1:colcon.colcon_core.package_identification:_identify(src/diff_drive_HWInterface) by extension 'colcon_pkg'
[5.668s] Level 1:colcon.colcon_core.package_identification:_identify(src/diff_drive_HWInterface) by extensions ['colcon_meta']
[5.668s] Level 1:colcon.colcon_core.package_identification:_identify(src/diff_drive_HWInterface) by extension 'colcon_meta'
[5.669s] Level 1:colcon.colcon_core.package_identification:_identify(src/diff_drive_HWInterface) by extensions ['ros']
[5.669s] Level 1:colcon.colcon_core.package_identification:_identify(src/diff_drive_HWInterface) by extension 'ros'
[5.681s] DEBUG:colcon.colcon_core.package_identification:Package 'src/diff_drive_HWInterface' with type 'ros.ament_cmake' and name 'diffdrive_arduino'
[5.682s] Level 1:colcon.colcon_core.package_identification:_identify(src/scrap_pkg) by extensions ['ignore', 'ignore_ament_install']
[5.682s] Level 1:colcon.colcon_core.package_identification:_identify(src/scrap_pkg) by extension 'ignore'
[5.682s] Level 1:colcon.colcon_core.package_identification:_identify(src/scrap_pkg) by extension 'ignore_ament_install'
[5.683s] Level 1:colcon.colcon_core.package_identification:_identify(src/scrap_pkg) by extensions ['colcon_pkg']
[5.683s] Level 1:colcon.colcon_core.package_identification:_identify(src/scrap_pkg) by extension 'colcon_pkg'
[5.683s] Level 1:colcon.colcon_core.package_identification:_identify(src/scrap_pkg) by extensions ['colcon_meta']
[5.683s] Level 1:colcon.colcon_core.package_identification:_identify(src/scrap_pkg) by extension 'colcon_meta'
[5.683s] Level 1:colcon.colcon_core.package_identification:_identify(src/scrap_pkg) by extensions ['ros']
[5.683s] Level 1:colcon.colcon_core.package_identification:_identify(src/scrap_pkg) by extension 'ros'
[5.685s] DEBUG:colcon.colcon_core.package_identification:Package 'src/scrap_pkg' with type 'ros.ament_python' and name 'scrap_pkg'
[5.686s] Level 1:colcon.colcon_core.package_identification:_identify(src/usb_cam) by extensions ['ignore', 'ignore_ament_install']
[5.686s] Level 1:colcon.colcon_core.package_identification:_identify(src/usb_cam) by extension 'ignore'
[5.687s] Level 1:colcon.colcon_core.package_identification:_identify(src/usb_cam) by extension 'ignore_ament_install'
[5.687s] Level 1:colcon.colcon_core.package_identification:_identify(src/usb_cam) by extensions ['colcon_pkg']
[5.687s] Level 1:colcon.colcon_core.package_identification:_identify(src/usb_cam) by extension 'colcon_pkg'
[5.687s] Level 1:colcon.colcon_core.package_identification:_identify(src/usb_cam) by extensions ['colcon_meta']
[5.687s] Level 1:colcon.colcon_core.package_identification:_identify(src/usb_cam) by extension 'colcon_meta'
[5.688s] Level 1:colcon.colcon_core.package_identification:_identify(src/usb_cam) by extensions ['ros']
[5.688s] Level 1:colcon.colcon_core.package_identification:_identify(src/usb_cam) by extension 'ros'
[5.688s] Level 1:colcon.colcon_core.package_identification:_identify(src/usb_cam) by extensions ['cmake', 'python']
[5.688s] Level 1:colcon.colcon_core.package_identification:_identify(src/usb_cam) by extension 'cmake'
[5.688s] Level 1:colcon.colcon_core.package_identification:_identify(src/usb_cam) by extension 'python'
[5.689s] Level 1:colcon.colcon_core.package_identification:_identify(src/usb_cam) by extensions ['python_setup_py']
[5.689s] Level 1:colcon.colcon_core.package_identification:_identify(src/usb_cam) by extension 'python_setup_py'
[5.689s] Level 1:colcon.colcon_core.package_identification:_identify(src/velodyne) by extensions ['ignore', 'ignore_ament_install']
[5.690s] Level 1:colcon.colcon_core.package_identification:_identify(src/velodyne) by extension 'ignore'
[5.690s] Level 1:colcon.colcon_core.package_identification:_identify(src/velodyne) by extension 'ignore_ament_install'
[5.690s] Level 1:colcon.colcon_core.package_identification:_identify(src/velodyne) by extensions ['colcon_pkg']
[5.690s] Level 1:colcon.colcon_core.package_identification:_identify(src/velodyne) by extension 'colcon_pkg'
[5.691s] Level 1:colcon.colcon_core.package_identification:_identify(src/velodyne) by extensions ['colcon_meta']
[5.691s] Level 1:colcon.colcon_core.package_identification:_identify(src/velodyne) by extension 'colcon_meta'
[5.691s] Level 1:colcon.colcon_core.package_identification:_identify(src/velodyne) by extensions ['ros']
[5.691s] Level 1:colcon.colcon_core.package_identification:_identify(src/velodyne) by extension 'ros'
[5.691s] Level 1:colcon.colcon_core.package_identification:_identify(src/velodyne) by extensions ['cmake', 'python']
[5.692s] Level 1:colcon.colcon_core.package_identification:_identify(src/velodyne) by extension 'cmake'
[5.692s] Level 1:colcon.colcon_core.package_identification:_identify(src/velodyne) by extension 'python'
[5.692s] Level 1:colcon.colcon_core.package_identification:_identify(src/velodyne) by extensions ['python_setup_py']
[5.692s] Level 1:colcon.colcon_core.package_identification:_identify(src/velodyne) by extension 'python_setup_py'
[5.693s] Level 1:colcon.colcon_core.package_identification:_identify(src/velodyne/velodyne) by extensions ['ignore', 'ignore_ament_install']
[5.693s] Level 1:colcon.colcon_core.package_identification:_identify(src/velodyne/velodyne) by extension 'ignore'
[5.693s] Level 1:colcon.colcon_core.package_identification:_identify(src/velodyne/velodyne) by extension 'ignore_ament_install'
[5.693s] Level 1:colcon.colcon_core.package_identification:_identify(src/velodyne/velodyne) by extensions ['colcon_pkg']
[5.694s] Level 1:colcon.colcon_core.package_identification:_identify(src/velodyne/velodyne) by extension 'colcon_pkg'
[5.694s] Level 1:colcon.colcon_core.package_identification:_identify(src/velodyne/velodyne) by extensions ['colcon_meta']
[5.694s] Level 1:colcon.colcon_core.package_identification:_identify(src/velodyne/velodyne) by extension 'colcon_meta'
[5.694s] Level 1:colcon.colcon_core.package_identification:_identify(src/velodyne/velodyne) by extensions ['ros']
[5.694s] Level 1:colcon.colcon_core.package_identification:_identify(src/velodyne/velodyne) by extension 'ros'
[5.697s] DEBUG:colcon.colcon_core.package_identification:Package 'src/velodyne/velodyne' with type 'ros.ament_cmake' and name 'velodyne'
[5.697s] Level 1:colcon.colcon_core.package_identification:_identify(src/velodyne/velodyne_driver) by extensions ['ignore', 'ignore_ament_install']
[5.698s] Level 1:colcon.colcon_core.package_identification:_identify(src/velodyne/velodyne_driver) by extension 'ignore'
[5.698s] Level 1:colcon.colcon_core.package_identification:_identify(src/velodyne/velodyne_driver) by extension 'ignore_ament_install'
[5.698s] Level 1:colcon.colcon_core.package_identification:_identify(src/velodyne/velodyne_driver) by extensions ['colcon_pkg']
[5.698s] Level 1:colcon.colcon_core.package_identification:_identify(src/velodyne/velodyne_driver) by extension 'colcon_pkg'
[5.699s] Level 1:colcon.colcon_core.package_identification:_identify(src/velodyne/velodyne_driver) by extensions ['colcon_meta']
[5.699s] Level 1:colcon.colcon_core.package_identification:_identify(src/velodyne/velodyne_driver) by extension 'colcon_meta'
[5.699s] Level 1:colcon.colcon_core.package_identification:_identify(src/velodyne/velodyne_driver) by extensions ['ros']
[5.699s] Level 1:colcon.colcon_core.package_identification:_identify(src/velodyne/velodyne_driver) by extension 'ros'
[5.704s] DEBUG:colcon.colcon_core.package_identification:Package 'src/velodyne/velodyne_driver' with type 'ros.ament_cmake' and name 'velodyne_driver'
[5.705s] Level 1:colcon.colcon_core.package_identification:_identify(src/velodyne/velodyne_laserscan) by extensions ['ignore', 'ignore_ament_install']
[5.706s] Level 1:colcon.colcon_core.package_identification:_identify(src/velodyne/velodyne_laserscan) by extension 'ignore'
[5.706s] Level 1:colcon.colcon_core.package_identification:_identify(src/velodyne/velodyne_laserscan) by extension 'ignore_ament_install'
[5.706s] Level 1:colcon.colcon_core.package_identification:_identify(src/velodyne/velodyne_laserscan) by extensions ['colcon_pkg']
[5.706s] Level 1:colcon.colcon_core.package_identification:_identify(src/velodyne/velodyne_laserscan) by extension 'colcon_pkg'
[5.706s] Level 1:colcon.colcon_core.package_identification:_identify(src/velodyne/velodyne_laserscan) by extensions ['colcon_meta']
[5.707s] Level 1:colcon.colcon_core.package_identification:_identify(src/velodyne/velodyne_laserscan) by extension 'colcon_meta'
[5.707s] Level 1:colcon.colcon_core.package_identification:_identify(src/velodyne/velodyne_laserscan) by extensions ['ros']
[5.707s] Level 1:colcon.colcon_core.package_identification:_identify(src/velodyne/velodyne_laserscan) by extension 'ros'
[5.710s] DEBUG:colcon.colcon_core.package_identification:Package 'src/velodyne/velodyne_laserscan' with type 'ros.ament_cmake' and name 'velodyne_laserscan'
[5.711s] Level 1:colcon.colcon_core.package_identification:_identify(src/velodyne/velodyne_msgs) by extensions ['ignore', 'ignore_ament_install']
[5.711s] Level 1:colcon.colcon_core.package_identification:_identify(src/velodyne/velodyne_msgs) by extension 'ignore'
[5.711s] Level 1:colcon.colcon_core.package_identification:_identify(src/velodyne/velodyne_msgs) by extension 'ignore_ament_install'
[5.712s] Level 1:colcon.colcon_core.package_identification:_identify(src/velodyne/velodyne_msgs) by extensions ['colcon_pkg']
[5.712s] Level 1:colcon.colcon_core.package_identification:_identify(src/velodyne/velodyne_msgs) by extension 'colcon_pkg'
[5.712s] Level 1:colcon.colcon_core.package_identification:_identify(src/velodyne/velodyne_msgs) by extensions ['colcon_meta']
[5.712s] Level 1:colcon.colcon_core.package_identification:_identify(src/velodyne/velodyne_msgs) by extension 'colcon_meta'
[5.712s] Level 1:colcon.colcon_core.package_identification:_identify(src/velodyne/velodyne_msgs) by extensions ['ros']
[5.713s] Level 1:colcon.colcon_core.package_identification:_identify(src/velodyne/velodyne_msgs) by extension 'ros'
[5.716s] DEBUG:colcon.colcon_core.package_identification:Package 'src/velodyne/velodyne_msgs' with type 'ros.ament_cmake' and name 'velodyne_msgs'
[5.717s] Level 1:colcon.colcon_core.package_identification:_identify(src/velodyne/velodyne_pointcloud) by extensions ['ignore', 'ignore_ament_install']
[5.717s] Level 1:colcon.colcon_core.package_identification:_identify(src/velodyne/velodyne_pointcloud) by extension 'ignore'
[5.717s] Level 1:colcon.colcon_core.package_identification:_identify(src/velodyne/velodyne_pointcloud) by extension 'ignore_ament_install'
[5.717s] Level 1:colcon.colcon_core.package_identification:_identify(src/velodyne/velodyne_pointcloud) by extensions ['colcon_pkg']
[5.718s] Level 1:colcon.colcon_core.package_identification:_identify(src/velodyne/velodyne_pointcloud) by extension 'colcon_pkg'
[5.718s] Level 1:colcon.colcon_core.package_identification:_identify(src/velodyne/velodyne_pointcloud) by extensions ['colcon_meta']
[5.718s] Level 1:colcon.colcon_core.package_identification:_identify(src/velodyne/velodyne_pointcloud) by extension 'colcon_meta'
[5.718s] Level 1:colcon.colcon_core.package_identification:_identify(src/velodyne/velodyne_pointcloud) by extensions ['ros']
[5.718s] Level 1:colcon.colcon_core.package_identification:_identify(src/velodyne/velodyne_pointcloud) by extension 'ros'
[5.725s] DEBUG:colcon.colcon_core.package_identification:Package 'src/velodyne/velodyne_pointcloud' with type 'ros.ament_cmake' and name 'velodyne_pointcloud'
[5.725s] Level 1:colcon.colcon_core.package_discovery:discover_packages(recursive) using defaults
[5.725s] Level 1:colcon.colcon_core.package_discovery:discover_packages(ignore) discover
[5.725s] Level 1:colcon.colcon_core.package_discovery:discover_packages(ignore) using defaults
[5.726s] Level 1:colcon.colcon_core.package_discovery:discover_packages(path) discover
[5.726s] Level 1:colcon.colcon_core.package_discovery:discover_packages(path) using defaults
[6.200s] Level 1:colcon.colcon_core.package_discovery:discover_packages(prefix_path) check parameters
[6.201s] Level 1:colcon.colcon_core.package_discovery:discover_packages(prefix_path) discover
[6.373s] DEBUG:colcon.colcon_installed_package_information.package_discovery:Found 369 installed packages in /opt/ros/humble
[6.382s] Level 1:colcon.colcon_core.package_discovery:discover_packages(prefix_path) using defaults
[6.951s] Level 5:colcon.colcon_core.verb:set package 'diffdrive_arduino' build argument 'cmake_args' from command line to 'None'
[6.952s] Level 5:colcon.colcon_core.verb:set package 'diffdrive_arduino' build argument 'cmake_target' from command line to 'None'
[6.952s] Level 5:colcon.colcon_core.verb:set package 'diffdrive_arduino' build argument 'cmake_target_skip_unavailable' from command line to 'False'
[6.952s] Level 5:colcon.colcon_core.verb:set package 'diffdrive_arduino' build argument 'cmake_clean_cache' from command line to 'False'
[6.952s] Level 5:colcon.colcon_core.verb:set package 'diffdrive_arduino' build argument 'cmake_clean_first' from command line to 'False'
[6.952s] Level 5:colcon.colcon_core.verb:set package 'diffdrive_arduino' build argument 'cmake_force_configure' from command line to 'False'
[6.952s] Level 5:colcon.colcon_core.verb:set package 'diffdrive_arduino' build argument 'ament_cmake_args' from command line to 'None'
[6.952s] Level 5:colcon.colcon_core.verb:set package 'diffdrive_arduino' build argument 'catkin_cmake_args' from command line to 'None'
[6.953s] Level 5:colcon.colcon_core.verb:set package 'diffdrive_arduino' build argument 'catkin_skip_building_tests' from command line to 'False'
[6.953s] DEBUG:colcon.colcon_core.verb:Building package 'diffdrive_arduino' with the following arguments: {'ament_cmake_args': None, 'build_base': '/home/pi/Desktop/scrap_ws/build/diffdrive_arduino', 'catkin_cmake_args': None, 'catkin_skip_building_tests': False, 'cmake_args': None, 'cmake_clean_cache': False, 'cmake_clean_first': False, 'cmake_force_configure': False, 'cmake_target': None, 'cmake_target_skip_unavailable': False, 'install_base': '/home/pi/Desktop/scrap_ws/install/diffdrive_arduino', 'merge_install': False, 'path': '/home/pi/Desktop/scrap_ws/src/diff_drive_HWInterface', 'symlink_install': True, 'test_result_base': None}
[7.031s] Level 5:colcon.colcon_core.verb:set package 'scrap_pkg' build argument 'cmake_args' from command line to 'None'
[7.031s] Level 5:colcon.colcon_core.verb:set package 'scrap_pkg' build argument 'cmake_target' from command line to 'None'
[7.031s] Level 5:colcon.colcon_core.verb:set package 'scrap_pkg' build argument 'cmake_target_skip_unavailable' from command line to 'False'
[7.031s] Level 5:colcon.colcon_core.verb:set package 'scrap_pkg' build argument 'cmake_clean_cache' from command line to 'False'
[7.031s] Level 5:colcon.colcon_core.verb:set package 'scrap_pkg' build argument 'cmake_clean_first' from command line to 'False'
[7.032s] Level 5:colcon.colcon_core.verb:set package 'scrap_pkg' build argument 'cmake_force_configure' from command line to 'False'
[7.032s] Level 5:colcon.colcon_core.verb:set package 'scrap_pkg' build argument 'ament_cmake_args' from command line to 'None'
[7.032s] Level 5:colcon.colcon_core.verb:set package 'scrap_pkg' build argument 'catkin_cmake_args' from command line to 'None'
[7.032s] Level 5:colcon.colcon_core.verb:set package 'scrap_pkg' build argument 'catkin_skip_building_tests' from command line to 'False'
[7.032s] DEBUG:colcon.colcon_core.verb:Building package 'scrap_pkg' with the following arguments: {'ament_cmake_args': None, 'build_base': '/home/pi/Desktop/scrap_ws/build/scrap_pkg', 'catkin_cmake_args': None, 'catkin_skip_building_tests': False, 'cmake_args': None, 'cmake_clean_cache': False, 'cmake_clean_first': False, 'cmake_force_configure': False, 'cmake_target': None, 'cmake_target_skip_unavailable': False, 'install_base': '/home/pi/Desktop/scrap_ws/install/scrap_pkg', 'merge_install': False, 'path': '/home/pi/Desktop/scrap_ws/src/scrap_pkg', 'symlink_install': True, 'test_result_base': None}
[7.110s] Level 5:colcon.colcon_core.verb:set package 'velodyne_laserscan' build argument 'cmake_args' from command line to 'None'
[7.110s] Level 5:colcon.colcon_core.verb:set package 'velodyne_laserscan' build argument 'cmake_target' from command line to 'None'
[7.111s] Level 5:colcon.colcon_core.verb:set package 'velodyne_laserscan' build argument 'cmake_target_skip_unavailable' from command line to 'False'
[7.111s] Level 5:colcon.colcon_core.verb:set package 'velodyne_laserscan' build argument 'cmake_clean_cache' from command line to 'False'
[7.111s] Level 5:colcon.colcon_core.verb:set package 'velodyne_laserscan' build argument 'cmake_clean_first' from command line to 'False'
[7.111s] Level 5:colcon.colcon_core.verb:set package 'velodyne_laserscan' build argument 'cmake_force_configure' from command line to 'False'
[7.111s] Level 5:colcon.colcon_core.verb:set package 'velodyne_laserscan' build argument 'ament_cmake_args' from command line to 'None'
[7.111s] Level 5:colcon.colcon_core.verb:set package 'velodyne_laserscan' build argument 'catkin_cmake_args' from command line to 'None'
[7.111s] Level 5:colcon.colcon_core.verb:set package 'velodyne_laserscan' build argument 'catkin_skip_building_tests' from command line to 'False'
[7.111s] DEBUG:colcon.colcon_core.verb:Building package 'velodyne_laserscan' with the following arguments: {'ament_cmake_args': None, 'build_base': '/home/pi/Desktop/scrap_ws/build/velodyne_laserscan', 'catkin_cmake_args': None, 'catkin_skip_building_tests': False, 'cmake_args': None, 'cmake_clean_cache': False, 'cmake_clean_first': False, 'cmake_force_configure': False, 'cmake_target': None, 'cmake_target_skip_unavailable': False, 'install_base': '/home/pi/Desktop/scrap_ws/install/velodyne_laserscan', 'merge_install': False, 'path': '/home/pi/Desktop/scrap_ws/src/velodyne/velodyne_laserscan', 'symlink_install': True, 'test_result_base': None}
[7.189s] Level 5:colcon.colcon_core.verb:set package 'velodyne_msgs' build argument 'cmake_args' from command line to 'None'
[7.189s] Level 5:colcon.colcon_core.verb:set package 'velodyne_msgs' build argument 'cmake_target' from command line to 'None'
[7.190s] Level 5:colcon.colcon_core.verb:set package 'velodyne_msgs' build argument 'cmake_target_skip_unavailable' from command line to 'False'
[7.190s] Level 5:colcon.colcon_core.verb:set package 'velodyne_msgs' build argument 'cmake_clean_cache' from command line to 'False'
[7.190s] Level 5:colcon.colcon_core.verb:set package 'velodyne_msgs' build argument 'cmake_clean_first' from command line to 'False'
[7.190s] Level 5:colcon.colcon_core.verb:set package 'velodyne_msgs' build argument 'cmake_force_configure' from command line to 'False'
[7.190s] Level 5:colcon.colcon_core.verb:set package 'velodyne_msgs' build argument 'ament_cmake_args' from command line to 'None'
[7.190s] Level 5:colcon.colcon_core.verb:set package 'velodyne_msgs' build argument 'catkin_cmake_args' from command line to 'None'
[7.190s] Level 5:colcon.colcon_core.verb:set package 'velodyne_msgs' build argument 'catkin_skip_building_tests' from command line to 'False'
[7.191s] DEBUG:colcon.colcon_core.verb:Building package 'velodyne_msgs' with the following arguments: {'ament_cmake_args': None, 'build_base': '/home/pi/Desktop/scrap_ws/build/velodyne_msgs', 'catkin_cmake_args': None, 'catkin_skip_building_tests': False, 'cmake_args': None, 'cmake_clean_cache': False, 'cmake_clean_first': False, 'cmake_force_configure': False, 'cmake_target': None, 'cmake_target_skip_unavailable': False, 'install_base': '/home/pi/Desktop/scrap_ws/install/velodyne_msgs', 'merge_install': False, 'path': '/home/pi/Desktop/scrap_ws/src/velodyne/velodyne_msgs', 'symlink_install': True, 'test_result_base': None}
[7.269s] Level 5:colcon.colcon_core.verb:set package 'velodyne_driver' build argument 'cmake_args' from command line to 'None'
[7.270s] Level 5:colcon.colcon_core.verb:set package 'velodyne_driver' build argument 'cmake_target' from command line to 'None'
[7.270s] Level 5:colcon.colcon_core.verb:set package 'velodyne_driver' build argument 'cmake_target_skip_unavailable' from command line to 'False'
[7.270s] Level 5:colcon.colcon_core.verb:set package 'velodyne_driver' build argument 'cmake_clean_cache' from command line to 'False'
[7.270s] Level 5:colcon.colcon_core.verb:set package 'velodyne_driver' build argument 'cmake_clean_first' from command line to 'False'
[7.270s] Level 5:colcon.colcon_core.verb:set package 'velodyne_driver' build argument 'cmake_force_configure' from command line to 'False'
[7.270s] Level 5:colcon.colcon_core.verb:set package 'velodyne_driver' build argument 'ament_cmake_args' from command line to 'None'
[7.270s] Level 5:colcon.colcon_core.verb:set package 'velodyne_driver' build argument 'catkin_cmake_args' from command line to 'None'
[7.270s] Level 5:colcon.colcon_core.verb:set package 'velodyne_driver' build argument 'catkin_skip_building_tests' from command line to 'False'
[7.271s] DEBUG:colcon.colcon_core.verb:Building package 'velodyne_driver' with the following arguments: {'ament_cmake_args': None, 'build_base': '/home/pi/Desktop/scrap_ws/build/velodyne_driver', 'catkin_cmake_args': None, 'catkin_skip_building_tests': False, 'cmake_args': None, 'cmake_clean_cache': False, 'cmake_clean_first': False, 'cmake_force_configure': False, 'cmake_target': None, 'cmake_target_skip_unavailable': False, 'install_base': '/home/pi/Desktop/scrap_ws/install/velodyne_driver', 'merge_install': False, 'path': '/home/pi/Desktop/scrap_ws/src/velodyne/velodyne_driver', 'symlink_install': True, 'test_result_base': None}
[7.349s] Level 5:colcon.colcon_core.verb:set package 'velodyne_pointcloud' build argument 'cmake_args' from command line to 'None'
[7.349s] Level 5:colcon.colcon_core.verb:set package 'velodyne_pointcloud' build argument 'cmake_target' from command line to 'None'
[7.349s] Level 5:colcon.colcon_core.verb:set package 'velodyne_pointcloud' build argument 'cmake_target_skip_unavailable' from command line to 'False'
[7.349s] Level 5:colcon.colcon_core.verb:set package 'velodyne_pointcloud' build argument 'cmake_clean_cache' from command line to 'False'
[7.349s] Level 5:colcon.colcon_core.verb:set package 'velodyne_pointcloud' build argument 'cmake_clean_first' from command line to 'False'
[7.349s] Level 5:colcon.colcon_core.verb:set package 'velodyne_pointcloud' build argument 'cmake_force_configure' from command line to 'False'
[7.350s] Level 5:colcon.colcon_core.verb:set package 'velodyne_pointcloud' build argument 'ament_cmake_args' from command line to 'None'
[7.350s] Level 5:colcon.colcon_core.verb:set package 'velodyne_pointcloud' build argument 'catkin_cmake_args' from command line to 'None'
[7.350s] Level 5:colcon.colcon_core.verb:set package 'velodyne_pointcloud' build argument 'catkin_skip_building_tests' from command line to 'False'
[7.350s] DEBUG:colcon.colcon_core.verb:Building package 'velodyne_pointcloud' with the following arguments: {'ament_cmake_args': None, 'build_base': '/home/pi/Desktop/scrap_ws/build/velodyne_pointcloud', 'catkin_cmake_args': None, 'catkin_skip_building_tests': False, 'cmake_args': None, 'cmake_clean_cache': False, 'cmake_clean_first': False, 'cmake_force_configure': False, 'cmake_target': None, 'cmake_target_skip_unavailable': False, 'install_base': '/home/pi/Desktop/scrap_ws/install/velodyne_pointcloud', 'merge_install': False, 'path': '/home/pi/Desktop/scrap_ws/src/velodyne/velodyne_pointcloud', 'symlink_install': True, 'test_result_base': None}
[7.428s] Level 5:colcon.colcon_core.verb:set package 'velodyne' build argument 'cmake_args' from command line to 'None'
[7.428s] Level 5:colcon.colcon_core.verb:set package 'velodyne' build argument 'cmake_target' from command line to 'None'
[7.428s] Level 5:colcon.colcon_core.verb:set package 'velodyne' build argument 'cmake_target_skip_unavailable' from command line to 'False'
[7.428s] Level 5:colcon.colcon_core.verb:set package 'velodyne' build argument 'cmake_clean_cache' from command line to 'False'
[7.428s] Level 5:colcon.colcon_core.verb:set package 'velodyne' build argument 'cmake_clean_first' from command line to 'False'
[7.428s] Level 5:colcon.colcon_core.verb:set package 'velodyne' build argument 'cmake_force_configure' from command line to 'False'
[7.428s] Level 5:colcon.colcon_core.verb:set package 'velodyne' build argument 'ament_cmake_args' from command line to 'None'
[7.429s] Level 5:colcon.colcon_core.verb:set package 'velodyne' build argument 'catkin_cmake_args' from command line to 'None'
[7.429s] Level 5:colcon.colcon_core.verb:set package 'velodyne' build argument 'catkin_skip_building_tests' from command line to 'False'
[7.429s] DEBUG:colcon.colcon_core.verb:Building package 'velodyne' with the following arguments: {'ament_cmake_args': None, 'build_base': '/home/pi/Desktop/scrap_ws/build/velodyne', 'catkin_cmake_args': None, 'catkin_skip_building_tests': False, 'cmake_args': None, 'cmake_clean_cache': False, 'cmake_clean_first': False, 'cmake_force_configure': False, 'cmake_target': None, 'cmake_target_skip_unavailable': False, 'install_base': '/home/pi/Desktop/scrap_ws/install/velodyne', 'merge_install': False, 'path': '/home/pi/Desktop/scrap_ws/src/velodyne/velodyne', 'symlink_install': True, 'test_result_base': None}
[7.506s] INFO:colcon.colcon_core.executor:Executing jobs using 'parallel' executor
[7.606s] DEBUG:colcon.colcon_parallel_executor.executor.parallel:run_until_complete
[7.607s] INFO:colcon.colcon_ros.task.ament_cmake.build:Building ROS package in '/home/pi/Desktop/scrap_ws/src/velodyne/velodyne_msgs' with build type 'ament_cmake'
[7.608s] INFO:colcon.colcon_cmake.task.cmake.build:Building CMake package in '/home/pi/Desktop/scrap_ws/src/velodyne/velodyne_msgs'
[7.710s] INFO:colcon.colcon_core.plugin_system:Skipping extension 'colcon_core.shell.bat': Not used on non-Windows systems
[7.711s] INFO:colcon.colcon_core.shell:Skip shell extension 'powershell' for command environment: Not usable outside of PowerShell
[7.712s] DEBUG:colcon.colcon_core.shell:Skip shell extension 'dsv' for command environment
[7.959s] INFO:colcon.colcon_ros.task.ament_cmake.build:Building ROS package in '/home/pi/Desktop/scrap_ws/src/velodyne/velodyne_laserscan' with build type 'ament_cmake'
[7.960s] INFO:colcon.colcon_cmake.task.cmake.build:Building CMake package in '/home/pi/Desktop/scrap_ws/src/velodyne/velodyne_laserscan'
[8.071s] INFO:colcon.colcon_core.shell:Skip shell extension 'powershell' for command environment: Not usable outside of PowerShell
[8.071s] DEBUG:colcon.colcon_core.shell:Skip shell extension 'dsv' for command environment
[8.249s] INFO:colcon.colcon_ros.task.ament_cmake.build:Building ROS package in '/home/pi/Desktop/scrap_ws/src/diff_drive_HWInterface' with build type 'ament_cmake'
[8.250s] INFO:colcon.colcon_cmake.task.cmake.build:Building CMake package in '/home/pi/Desktop/scrap_ws/src/diff_drive_HWInterface'
[8.331s] INFO:colcon.colcon_core.shell:Skip shell extension 'powershell' for command environment: Not usable outside of PowerShell
[8.331s] DEBUG:colcon.colcon_core.shell:Skip shell extension 'dsv' for command environment
[8.504s] INFO:colcon.colcon_ros.task.ament_python.build:Building ROS package in '/home/pi/Desktop/scrap_ws/src/scrap_pkg' with build type 'ament_python'
[8.505s] Level 1:colcon.colcon_core.shell:create_environment_hook('scrap_pkg', 'ament_prefix_path')
[8.587s] INFO:colcon.colcon_core.shell:Creating environment hook '/home/pi/Desktop/scrap_ws/install/scrap_pkg/share/scrap_pkg/hook/ament_prefix_path.ps1'
[8.590s] INFO:colcon.colcon_core.shell:Creating environment descriptor '/home/pi/Desktop/scrap_ws/install/scrap_pkg/share/scrap_pkg/hook/ament_prefix_path.dsv'
[8.592s] INFO:colcon.colcon_core.shell:Creating environment hook '/home/pi/Desktop/scrap_ws/install/scrap_pkg/share/scrap_pkg/hook/ament_prefix_path.sh'
[8.674s] INFO:colcon.colcon_core.shell:Skip shell extension 'powershell' for command environment: Not usable outside of PowerShell
[8.674s] DEBUG:colcon.colcon_core.shell:Skip shell extension 'dsv' for command environment
[8.875s] DEBUG:colcon.colcon_core.event_handler.log_command:Invoking command in '/home/pi/Desktop/scrap_ws/build/velodyne_msgs': CMAKE_PREFIX_PATH=/opt/ros/humble /usr/bin/cmake --build /home/pi/Desktop/scrap_ws/build/velodyne_msgs -- -j4 -l4
[8.895s] DEBUG:colcon.colcon_core.event_handler.log_command:Invoking command in '/home/pi/Desktop/scrap_ws/build/velodyne_laserscan': CMAKE_PREFIX_PATH=/opt/ros/humble /usr/bin/cmake --build /home/pi/Desktop/scrap_ws/build/velodyne_laserscan -- -j4 -l4
[8.909s] DEBUG:colcon.colcon_core.event_handler.log_command:Invoking command in '/home/pi/Desktop/scrap_ws/build/diffdrive_arduino': CMAKE_PREFIX_PATH=/opt/ros/humble /usr/bin/cmake --build /home/pi/Desktop/scrap_ws/build/diffdrive_arduino -- -j4 -l4
[10.743s] INFO:colcon.colcon_core.task.python.build:Building Python package in '/home/pi/Desktop/scrap_ws/src/scrap_pkg'
[10.848s] INFO:colcon.colcon_core.shell:Skip shell extension 'powershell' for command environment: Not usable outside of PowerShell
[10.849s] DEBUG:colcon.colcon_core.shell:Skip shell extension 'dsv' for command environment
[11.088s] DEBUG:colcon.colcon_core.event_handler.log_command:Invoked command in '/home/pi/Desktop/scrap_ws/build/diffdrive_arduino' returned '0': CMAKE_PREFIX_PATH=/opt/ros/humble /usr/bin/cmake --build /home/pi/Desktop/scrap_ws/build/diffdrive_arduino -- -j4 -l4
[11.100s] DEBUG:colcon.colcon_core.event_handler.log_command:Invoked command in '/home/pi/Desktop/scrap_ws/build/velodyne_laserscan' returned '0': CMAKE_PREFIX_PATH=/opt/ros/humble /usr/bin/cmake --build /home/pi/Desktop/scrap_ws/build/velodyne_laserscan -- -j4 -l4
[11.324s] DEBUG:colcon.colcon_core.event_handler.log_command:Invoking command in '/home/pi/Desktop/scrap_ws/build/diffdrive_arduino': CMAKE_PREFIX_PATH=/opt/ros/humble /usr/bin/cmake --install /home/pi/Desktop/scrap_ws/build/diffdrive_arduino
[11.331s] DEBUG:colcon.colcon_core.event_handler.log_command:Invoking command in '/home/pi/Desktop/scrap_ws/build/velodyne_laserscan': CMAKE_PREFIX_PATH=/opt/ros/humble /usr/bin/cmake --install /home/pi/Desktop/scrap_ws/build/velodyne_laserscan
[11.342s] DEBUG:colcon.colcon_core.event_handler.log_command:Invoked command in '/home/pi/Desktop/scrap_ws/build/velodyne_msgs' returned '0': CMAKE_PREFIX_PATH=/opt/ros/humble /usr/bin/cmake --build /home/pi/Desktop/scrap_ws/build/velodyne_msgs -- -j4 -l4
[11.459s] Level 1:colcon.colcon_core.environment:create_environment_scripts_only(velodyne_laserscan)
[11.468s] DEBUG:colcon.colcon_core.event_handler.log_command:Invoked command in '/home/pi/Desktop/scrap_ws/build/velodyne_laserscan' returned '0': CMAKE_PREFIX_PATH=/opt/ros/humble /usr/bin/cmake --install /home/pi/Desktop/scrap_ws/build/velodyne_laserscan
[11.619s] Level 1:colcon.colcon_core.environment:checking '/home/pi/Desktop/scrap_ws/install/velodyne_laserscan' for CMake module files
[11.623s] Level 1:colcon.colcon_core.environment:checking '/home/pi/Desktop/scrap_ws/install/velodyne_laserscan' for CMake config files
[11.628s] Level 1:colcon.colcon_core.shell:create_environment_hook('velodyne_laserscan', 'cmake_prefix_path')
[11.739s] INFO:colcon.colcon_core.shell:Creating environment hook '/home/pi/Desktop/scrap_ws/install/velodyne_laserscan/share/velodyne_laserscan/hook/cmake_prefix_path.ps1'
[11.741s] INFO:colcon.colcon_core.shell:Creating environment descriptor '/home/pi/Desktop/scrap_ws/install/velodyne_laserscan/share/velodyne_laserscan/hook/cmake_prefix_path.dsv'
[11.743s] INFO:colcon.colcon_core.shell:Creating environment hook '/home/pi/Desktop/scrap_ws/install/velodyne_laserscan/share/velodyne_laserscan/hook/cmake_prefix_path.sh'
[11.747s] Level 1:colcon.colcon_core.environment:checking '/home/pi/Desktop/scrap_ws/install/velodyne_laserscan/lib'
[11.748s] Level 1:colcon.colcon_core.shell:create_environment_hook('velodyne_laserscan', 'ld_library_path_lib')
[11.851s] INFO:colcon.colcon_core.shell:Creating environment hook '/home/pi/Desktop/scrap_ws/install/velodyne_laserscan/share/velodyne_laserscan/hook/ld_library_path_lib.ps1'
[11.854s] INFO:colcon.colcon_core.shell:Creating environment descriptor '/home/pi/Desktop/scrap_ws/install/velodyne_laserscan/share/velodyne_laserscan/hook/ld_library_path_lib.dsv'
[11.856s] INFO:colcon.colcon_core.shell:Creating environment hook '/home/pi/Desktop/scrap_ws/install/velodyne_laserscan/share/velodyne_laserscan/hook/ld_library_path_lib.sh'
[11.859s] Level 1:colcon.colcon_core.environment:checking '/home/pi/Desktop/scrap_ws/install/velodyne_laserscan/bin'
[11.859s] Level 1:colcon.colcon_core.environment:checking '/home/pi/Desktop/scrap_ws/install/velodyne_laserscan/lib/pkgconfig/velodyne_laserscan.pc'
[11.860s] Level 1:colcon.colcon_core.environment:checking '/home/pi/Desktop/scrap_ws/install/velodyne_laserscan/lib/python3.10/site-packages'
[11.861s] Level 1:colcon.colcon_core.environment:checking '/home/pi/Desktop/scrap_ws/install/velodyne_laserscan/bin'
[11.952s] INFO:colcon.colcon_core.shell:Creating package script '/home/pi/Desktop/scrap_ws/install/velodyne_laserscan/share/velodyne_laserscan/package.ps1'
[11.956s] INFO:colcon.colcon_core.shell:Creating package descriptor '/home/pi/Desktop/scrap_ws/install/velodyne_laserscan/share/velodyne_laserscan/package.dsv'
[11.959s] INFO:colcon.colcon_core.shell:Creating package script '/home/pi/Desktop/scrap_ws/install/velodyne_laserscan/share/velodyne_laserscan/package.sh'
[11.963s] INFO:colcon.colcon_core.shell:Creating package script '/home/pi/Desktop/scrap_ws/install/velodyne_laserscan/share/velodyne_laserscan/package.bash'
[11.967s] INFO:colcon.colcon_core.shell:Creating package script '/home/pi/Desktop/scrap_ws/install/velodyne_laserscan/share/velodyne_laserscan/package.zsh'
[11.970s] Level 1:colcon.colcon_core.environment:create_file_with_runtime_dependencies(/home/pi/Desktop/scrap_ws/install/velodyne_laserscan/share/colcon-core/packages/velodyne_laserscan)
[11.989s] DEBUG:colcon.colcon_core.event_handler.log_command:Invoking command in '/home/pi/Desktop/scrap_ws/build/velodyne_msgs': CMAKE_PREFIX_PATH=/opt/ros/humble /usr/bin/cmake --install /home/pi/Desktop/scrap_ws/build/velodyne_msgs
[12.006s] Level 1:colcon.colcon_core.environment:create_environment_scripts_only(diffdrive_arduino)
[12.008s] DEBUG:colcon.colcon_core.event_handler.log_command:Invoked command in '/home/pi/Desktop/scrap_ws/build/diffdrive_arduino' returned '0': CMAKE_PREFIX_PATH=/opt/ros/humble /usr/bin/cmake --install /home/pi/Desktop/scrap_ws/build/diffdrive_arduino
[12.135s] Level 1:colcon.colcon_core.environment:checking '/home/pi/Desktop/scrap_ws/install/diffdrive_arduino' for CMake module files
[12.139s] Level 1:colcon.colcon_core.environment:checking '/home/pi/Desktop/scrap_ws/install/diffdrive_arduino' for CMake config files
[12.144s] Level 1:colcon.colcon_core.shell:create_environment_hook('diffdrive_arduino', 'cmake_prefix_path')
[12.258s] INFO:colcon.colcon_core.shell:Creating environment hook '/home/pi/Desktop/scrap_ws/install/diffdrive_arduino/share/diffdrive_arduino/hook/cmake_prefix_path.ps1'
[12.261s] INFO:colcon.colcon_core.shell:Creating environment descriptor '/home/pi/Desktop/scrap_ws/install/diffdrive_arduino/share/diffdrive_arduino/hook/cmake_prefix_path.dsv'
[12.263s] INFO:colcon.colcon_core.shell:Creating environment hook '/home/pi/Desktop/scrap_ws/install/diffdrive_arduino/share/diffdrive_arduino/hook/cmake_prefix_path.sh'
[12.266s] Level 1:colcon.colcon_core.environment:checking '/home/pi/Desktop/scrap_ws/install/diffdrive_arduino/lib'
[12.267s] Level 1:colcon.colcon_core.shell:create_environment_hook('diffdrive_arduino', 'ld_library_path_lib')
[12.380s] INFO:colcon.colcon_core.shell:Creating environment hook '/home/pi/Desktop/scrap_ws/install/diffdrive_arduino/share/diffdrive_arduino/hook/ld_library_path_lib.ps1'
[12.383s] INFO:colcon.colcon_core.shell:Creating environment descriptor '/home/pi/Desktop/scrap_ws/install/diffdrive_arduino/share/diffdrive_arduino/hook/ld_library_path_lib.dsv'
[12.387s] INFO:colcon.colcon_core.shell:Creating environment hook '/home/pi/Desktop/scrap_ws/install/diffdrive_arduino/share/diffdrive_arduino/hook/ld_library_path_lib.sh'
[12.390s] Level 1:colcon.colcon_core.environment:checking '/home/pi/Desktop/scrap_ws/install/diffdrive_arduino/bin'
[12.391s] Level 1:colcon.colcon_core.environment:checking '/home/pi/Desktop/scrap_ws/install/diffdrive_arduino/lib/pkgconfig/diffdrive_arduino.pc'
[12.393s] Level 1:colcon.colcon_core.environment:checking '/home/pi/Desktop/scrap_ws/install/diffdrive_arduino/lib/python3.10/site-packages'
[12.395s] Level 1:colcon.colcon_core.environment:checking '/home/pi/Desktop/scrap_ws/install/diffdrive_arduino/bin'
[12.502s] INFO:colcon.colcon_core.shell:Creating package script '/home/pi/Desktop/scrap_ws/install/diffdrive_arduino/share/diffdrive_arduino/package.ps1'
[12.505s] INFO:colcon.colcon_core.shell:Creating package descriptor '/home/pi/Desktop/scrap_ws/install/diffdrive_arduino/share/diffdrive_arduino/package.dsv'
[12.507s] INFO:colcon.colcon_core.shell:Creating package script '/home/pi/Desktop/scrap_ws/install/diffdrive_arduino/share/diffdrive_arduino/package.sh'
[12.509s] INFO:colcon.colcon_core.shell:Creating package script '/home/pi/Desktop/scrap_ws/install/diffdrive_arduino/share/diffdrive_arduino/package.bash'
[12.511s] INFO:colcon.colcon_core.shell:Creating package script '/home/pi/Desktop/scrap_ws/install/diffdrive_arduino/share/diffdrive_arduino/package.zsh'
[12.513s] Level 1:colcon.colcon_core.environment:create_file_with_runtime_dependencies(/home/pi/Desktop/scrap_ws/install/diffdrive_arduino/share/colcon-core/packages/diffdrive_arduino)
[12.528s] Level 1:colcon.colcon_core.environment:create_environment_scripts_only(velodyne_msgs)
[12.705s] DEBUG:colcon.colcon_core.event_handler.log_command:Invoked command in '/home/pi/Desktop/scrap_ws/build/velodyne_msgs' returned '0': CMAKE_PREFIX_PATH=/opt/ros/humble /usr/bin/cmake --install /home/pi/Desktop/scrap_ws/build/velodyne_msgs
[12.721s] Level 1:colcon.colcon_core.environment:checking '/home/pi/Desktop/scrap_ws/install/velodyne_msgs' for CMake module files
[12.726s] Level 1:colcon.colcon_core.environment:checking '/home/pi/Desktop/scrap_ws/install/velodyne_msgs' for CMake config files
[12.733s] Level 1:colcon.colcon_core.shell:create_environment_hook('velodyne_msgs', 'cmake_prefix_path')
[12.837s] INFO:colcon.colcon_core.shell:Creating environment hook '/home/pi/Desktop/scrap_ws/install/velodyne_msgs/share/velodyne_msgs/hook/cmake_prefix_path.ps1'
[12.839s] INFO:colcon.colcon_core.shell:Creating environment descriptor '/home/pi/Desktop/scrap_ws/install/velodyne_msgs/share/velodyne_msgs/hook/cmake_prefix_path.dsv'
[12.841s] INFO:colcon.colcon_core.shell:Creating environment hook '/home/pi/Desktop/scrap_ws/install/velodyne_msgs/share/velodyne_msgs/hook/cmake_prefix_path.sh'
[12.845s] Level 1:colcon.colcon_core.environment:checking '/home/pi/Desktop/scrap_ws/install/velodyne_msgs/lib'
[12.845s] Level 1:colcon.colcon_core.shell:create_environment_hook('velodyne_msgs', 'ld_library_path_lib')
[12.948s] INFO:colcon.colcon_core.shell:Creating environment hook '/home/pi/Desktop/scrap_ws/install/velodyne_msgs/share/velodyne_msgs/hook/ld_library_path_lib.ps1'
[12.950s] INFO:colcon.colcon_core.shell:Creating environment descriptor '/home/pi/Desktop/scrap_ws/install/velodyne_msgs/share/velodyne_msgs/hook/ld_library_path_lib.dsv'
[12.952s] INFO:colcon.colcon_core.shell:Creating environment hook '/home/pi/Desktop/scrap_ws/install/velodyne_msgs/share/velodyne_msgs/hook/ld_library_path_lib.sh'
[12.954s] Level 1:colcon.colcon_core.environment:checking '/home/pi/Desktop/scrap_ws/install/velodyne_msgs/bin'
[12.955s] Level 1:colcon.colcon_core.environment:checking '/home/pi/Desktop/scrap_ws/install/velodyne_msgs/lib/pkgconfig/velodyne_msgs.pc'
[12.956s] Level 1:colcon.colcon_core.environment:checking '/home/pi/Desktop/scrap_ws/install/velodyne_msgs/lib/python3.10/site-packages'
[12.957s] Level 1:colcon.colcon_core.environment:checking '/home/pi/Desktop/scrap_ws/install/velodyne_msgs/bin'
[13.043s] INFO:colcon.colcon_core.shell:Creating package script '/home/pi/Desktop/scrap_ws/install/velodyne_msgs/share/velodyne_msgs/package.ps1'
[13.046s] INFO:colcon.colcon_core.shell:Creating package descriptor '/home/pi/Desktop/scrap_ws/install/velodyne_msgs/share/velodyne_msgs/package.dsv'
[13.048s] INFO:colcon.colcon_core.shell:Creating package script '/home/pi/Desktop/scrap_ws/install/velodyne_msgs/share/velodyne_msgs/package.sh'
[13.051s] INFO:colcon.colcon_core.shell:Creating package script '/home/pi/Desktop/scrap_ws/install/velodyne_msgs/share/velodyne_msgs/package.bash'
[13.053s] INFO:colcon.colcon_core.shell:Creating package script '/home/pi/Desktop/scrap_ws/install/velodyne_msgs/share/velodyne_msgs/package.zsh'
[13.055s] Level 1:colcon.colcon_core.environment:create_file_with_runtime_dependencies(/home/pi/Desktop/scrap_ws/install/velodyne_msgs/share/colcon-core/packages/velodyne_msgs)
[13.186s] Level 1:colcon.colcon_core.environment:create_environment_scripts_only(velodyne_laserscan)
[13.379s] Level 1:colcon.colcon_core.environment:checking '/home/pi/Desktop/scrap_ws/install/velodyne_laserscan' for CMake module files
[13.383s] Level 1:colcon.colcon_core.environment:checking '/home/pi/Desktop/scrap_ws/install/velodyne_laserscan' for CMake config files
[13.388s] Level 1:colcon.colcon_core.shell:create_environment_hook('velodyne_laserscan', 'cmake_prefix_path')
[13.477s] INFO:colcon.colcon_core.shell:Creating environment hook '/home/pi/Desktop/scrap_ws/install/velodyne_laserscan/share/velodyne_laserscan/hook/cmake_prefix_path.ps1'
[13.479s] INFO:colcon.colcon_core.shell:Creating environment descriptor '/home/pi/Desktop/scrap_ws/install/velodyne_laserscan/share/velodyne_laserscan/hook/cmake_prefix_path.dsv'
[13.481s] INFO:colcon.colcon_core.shell:Creating environment hook '/home/pi/Desktop/scrap_ws/install/velodyne_laserscan/share/velodyne_laserscan/hook/cmake_prefix_path.sh'
[13.485s] Level 1:colcon.colcon_core.environment:checking '/home/pi/Desktop/scrap_ws/install/velodyne_laserscan/lib'
[13.486s] Level 1:colcon.colcon_core.shell:create_environment_hook('velodyne_laserscan', 'ld_library_path_lib')
[13.572s] INFO:colcon.colcon_core.shell:Creating environment hook '/home/pi/Desktop/scrap_ws/install/velodyne_laserscan/share/velodyne_laserscan/hook/ld_library_path_lib.ps1'
[13.574s] INFO:colcon.colcon_core.shell:Creating environment descriptor '/home/pi/Desktop/scrap_ws/install/velodyne_laserscan/share/velodyne_laserscan/hook/ld_library_path_lib.dsv'
[13.576s] INFO:colcon.colcon_core.shell:Creating environment hook '/home/pi/Desktop/scrap_ws/install/velodyne_laserscan/share/velodyne_laserscan/hook/ld_library_path_lib.sh'
[13.578s] Level 1:colcon.colcon_core.environment:checking '/home/pi/Desktop/scrap_ws/install/velodyne_laserscan/bin'
[13.579s] Level 1:colcon.colcon_core.environment:checking '/home/pi/Desktop/scrap_ws/install/velodyne_laserscan/lib/pkgconfig/velodyne_laserscan.pc'
[13.580s] Level 1:colcon.colcon_core.environment:checking '/home/pi/Desktop/scrap_ws/install/velodyne_laserscan/lib/python3.10/site-packages'
[13.581s] Level 1:colcon.colcon_core.environment:checking '/home/pi/Desktop/scrap_ws/install/velodyne_laserscan/bin'
[13.661s] INFO:colcon.colcon_core.shell:Creating package script '/home/pi/Desktop/scrap_ws/install/velodyne_laserscan/share/velodyne_laserscan/package.ps1'
[13.663s] INFO:colcon.colcon_core.shell:Creating package descriptor '/home/pi/Desktop/scrap_ws/install/velodyne_laserscan/share/velodyne_laserscan/package.dsv'
[13.666s] INFO:colcon.colcon_core.shell:Creating package script '/home/pi/Desktop/scrap_ws/install/velodyne_laserscan/share/velodyne_laserscan/package.sh'
[13.668s] INFO:colcon.colcon_core.shell:Creating package script '/home/pi/Desktop/scrap_ws/install/velodyne_laserscan/share/velodyne_laserscan/package.bash'
[13.670s] INFO:colcon.colcon_core.shell:Creating package script '/home/pi/Desktop/scrap_ws/install/velodyne_laserscan/share/velodyne_laserscan/package.zsh'
[13.673s] Level 1:colcon.colcon_core.environment:create_file_with_runtime_dependencies(/home/pi/Desktop/scrap_ws/install/velodyne_laserscan/share/colcon-core/packages/velodyne_laserscan)
[13.760s] Level 1:colcon.colcon_core.environment:create_environment_scripts_only(diffdrive_arduino)
[13.839s] Level 1:colcon.colcon_core.environment:checking '/home/pi/Desktop/scrap_ws/install/diffdrive_arduino' for CMake module files
[13.843s] Level 1:colcon.colcon_core.environment:checking '/home/pi/Desktop/scrap_ws/install/diffdrive_arduino' for CMake config files
[13.847s] Level 1:colcon.colcon_core.shell:create_environment_hook('diffdrive_arduino', 'cmake_prefix_path')
[13.925s] INFO:colcon.colcon_core.shell:Creating environment hook '/home/pi/Desktop/scrap_ws/install/diffdrive_arduino/share/diffdrive_arduino/hook/cmake_prefix_path.ps1'
[13.927s] INFO:colcon.colcon_core.shell:Creating environment descriptor '/home/pi/Desktop/scrap_ws/install/diffdrive_arduino/share/diffdrive_arduino/hook/cmake_prefix_path.dsv'
[13.929s] INFO:colcon.colcon_core.shell:Creating environment hook '/home/pi/Desktop/scrap_ws/install/diffdrive_arduino/share/diffdrive_arduino/hook/cmake_prefix_path.sh'
[13.932s] Level 1:colcon.colcon_core.environment:checking '/home/pi/Desktop/scrap_ws/install/diffdrive_arduino/lib'
[13.932s] Level 1:colcon.colcon_core.shell:create_environment_hook('diffdrive_arduino', 'ld_library_path_lib')
[14.012s] INFO:colcon.colcon_core.shell:Creating environment hook '/home/pi/Desktop/scrap_ws/install/diffdrive_arduino/share/diffdrive_arduino/hook/ld_library_path_lib.ps1'
[14.014s] INFO:colcon.colcon_core.shell:Creating environment descriptor '/home/pi/Desktop/scrap_ws/install/diffdrive_arduino/share/diffdrive_arduino/hook/ld_library_path_lib.dsv'
[14.016s] INFO:colcon.colcon_core.shell:Creating environment hook '/home/pi/Desktop/scrap_ws/install/diffdrive_arduino/share/diffdrive_arduino/hook/ld_library_path_lib.sh'
[14.018s] Level 1:colcon.colcon_core.environment:checking '/home/pi/Desktop/scrap_ws/install/diffdrive_arduino/bin'
[14.018s] Level 1:colcon.colcon_core.environment:checking '/home/pi/Desktop/scrap_ws/install/diffdrive_arduino/lib/pkgconfig/diffdrive_arduino.pc'
[14.019s] Level 1:colcon.colcon_core.environment:checking '/home/pi/Desktop/scrap_ws/install/diffdrive_arduino/lib/python3.10/site-packages'
[14.020s] Level 1:colcon.colcon_core.environment:checking '/home/pi/Desktop/scrap_ws/install/diffdrive_arduino/bin'
[14.100s] INFO:colcon.colcon_core.shell:Creating package script '/home/pi/Desktop/scrap_ws/install/diffdrive_arduino/share/diffdrive_arduino/package.ps1'
[14.103s] INFO:colcon.colcon_core.shell:Creating package descriptor '/home/pi/Desktop/scrap_ws/install/diffdrive_arduino/share/diffdrive_arduino/package.dsv'
[14.106s] INFO:colcon.colcon_core.shell:Creating package script '/home/pi/Desktop/scrap_ws/install/diffdrive_arduino/share/diffdrive_arduino/package.sh'
[14.108s] INFO:colcon.colcon_core.shell:Creating package script '/home/pi/Desktop/scrap_ws/install/diffdrive_arduino/share/diffdrive_arduino/package.bash'
[14.110s] INFO:colcon.colcon_core.shell:Creating package script '/home/pi/Desktop/scrap_ws/install/diffdrive_arduino/share/diffdrive_arduino/package.zsh'
[14.112s] Level 1:colcon.colcon_core.environment:create_file_with_runtime_dependencies(/home/pi/Desktop/scrap_ws/install/diffdrive_arduino/share/colcon-core/packages/diffdrive_arduino)
[14.131s] DEBUG:colcon.colcon_core.event_handler.log_command:Invoking command in '/home/pi/Desktop/scrap_ws/build/scrap_pkg': PYTHONPATH=/home/pi/Desktop/scrap_ws/build/scrap_pkg/prefix_override:/home/pi/Desktop/scrap_ws/install/scrap_pkg/lib/python3.10/site-packages:${PYTHONPATH} /usr/bin/python3 setup.py develop --editable --build-directory /home/pi/Desktop/scrap_ws/build/scrap_pkg/build --no-deps install_data
[14.228s] Level 1:colcon.colcon_core.environment:create_environment_scripts_only(velodyne_msgs)
[14.328s] Level 1:colcon.colcon_core.environment:checking '/home/pi/Desktop/scrap_ws/install/velodyne_msgs' for CMake module files
[14.333s] Level 1:colcon.colcon_core.environment:checking '/home/pi/Desktop/scrap_ws/install/velodyne_msgs' for CMake config files
[14.340s] Level 1:colcon.colcon_core.shell:create_environment_hook('velodyne_msgs', 'cmake_prefix_path')
[14.441s] INFO:colcon.colcon_core.shell:Creating environment hook '/home/pi/Desktop/scrap_ws/install/velodyne_msgs/share/velodyne_msgs/hook/cmake_prefix_path.ps1'
[14.443s] INFO:colcon.colcon_core.shell:Creating environment descriptor '/home/pi/Desktop/scrap_ws/install/velodyne_msgs/share/velodyne_msgs/hook/cmake_prefix_path.dsv'
[14.445s] INFO:colcon.colcon_core.shell:Creating environment hook '/home/pi/Desktop/scrap_ws/install/velodyne_msgs/share/velodyne_msgs/hook/cmake_prefix_path.sh'
[14.449s] Level 1:colcon.colcon_core.environment:checking '/home/pi/Desktop/scrap_ws/install/velodyne_msgs/lib'
[14.449s] Level 1:colcon.colcon_core.shell:create_environment_hook('velodyne_msgs', 'ld_library_path_lib')
[14.548s] INFO:colcon.colcon_core.shell:Creating environment hook '/home/pi/Desktop/scrap_ws/install/velodyne_msgs/share/velodyne_msgs/hook/ld_library_path_lib.ps1'
[14.551s] INFO:colcon.colcon_core.shell:Creating environment descriptor '/home/pi/Desktop/scrap_ws/install/velodyne_msgs/share/velodyne_msgs/hook/ld_library_path_lib.dsv'
[14.552s] INFO:colcon.colcon_core.shell:Creating environment hook '/home/pi/Desktop/scrap_ws/install/velodyne_msgs/share/velodyne_msgs/hook/ld_library_path_lib.sh'
[14.555s] Level 1:colcon.colcon_core.environment:checking '/home/pi/Desktop/scrap_ws/install/velodyne_msgs/bin'
[14.556s] Level 1:colcon.colcon_core.environment:checking '/home/pi/Desktop/scrap_ws/install/velodyne_msgs/lib/pkgconfig/velodyne_msgs.pc'
[14.557s] Level 1:colcon.colcon_core.environment:checking '/home/pi/Desktop/scrap_ws/install/velodyne_msgs/lib/python3.10/site-packages'
[14.558s] Level 1:colcon.colcon_core.environment:checking '/home/pi/Desktop/scrap_ws/install/velodyne_msgs/bin'
[14.650s] INFO:colcon.colcon_core.shell:Creating package script '/home/pi/Desktop/scrap_ws/install/velodyne_msgs/share/velodyne_msgs/package.ps1'
[14.653s] INFO:colcon.colcon_core.shell:Creating package descriptor '/home/pi/Desktop/scrap_ws/install/velodyne_msgs/share/velodyne_msgs/package.dsv'
[14.655s] INFO:colcon.colcon_core.shell:Creating package script '/home/pi/Desktop/scrap_ws/install/velodyne_msgs/share/velodyne_msgs/package.sh'
[14.658s] INFO:colcon.colcon_core.shell:Creating package script '/home/pi/Desktop/scrap_ws/install/velodyne_msgs/share/velodyne_msgs/package.bash'
[14.660s] INFO:colcon.colcon_core.shell:Creating package script '/home/pi/Desktop/scrap_ws/install/velodyne_msgs/share/velodyne_msgs/package.zsh'
[14.662s] Level 1:colcon.colcon_core.environment:create_file_with_runtime_dependencies(/home/pi/Desktop/scrap_ws/install/velodyne_msgs/share/colcon-core/packages/velodyne_msgs)
[14.664s] INFO:colcon.colcon_ros.task.ament_cmake.build:Building ROS package in '/home/pi/Desktop/scrap_ws/src/velodyne/velodyne_driver' with build type 'ament_cmake'
[14.664s] INFO:colcon.colcon_cmake.task.cmake.build:Building CMake package in '/home/pi/Desktop/scrap_ws/src/velodyne/velodyne_driver'
[14.800s] INFO:colcon.colcon_core.shell:Skip shell extension 'powershell' for command environment: Not usable outside of PowerShell
[14.801s] DEBUG:colcon.colcon_core.shell:Skip shell extension 'dsv' for command environment
[15.003s] INFO:colcon.colcon_ros.task.ament_cmake.build:Building ROS package in '/home/pi/Desktop/scrap_ws/src/velodyne/velodyne_pointcloud' with build type 'ament_cmake'
[15.003s] INFO:colcon.colcon_cmake.task.cmake.build:Building CMake package in '/home/pi/Desktop/scrap_ws/src/velodyne/velodyne_pointcloud'
[15.096s] INFO:colcon.colcon_core.shell:Skip shell extension 'powershell' for command environment: Not usable outside of PowerShell
[15.097s] DEBUG:colcon.colcon_core.shell:Skip shell extension 'dsv' for command environment
[15.317s] DEBUG:colcon.colcon_core.event_handler.log_command:Invoking command in '/home/pi/Desktop/scrap_ws/build/velodyne_driver': AMENT_PREFIX_PATH=/home/pi/Desktop/scrap_ws/install/velodyne_msgs:${AMENT_PREFIX_PATH} CMAKE_PREFIX_PATH=/home/pi/Desktop/scrap_ws/install/velodyne_msgs:/opt/ros/humble LD_LIBRARY_PATH=/home/pi/Desktop/scrap_ws/install/velodyne_msgs/lib:${LD_LIBRARY_PATH} PYTHONPATH=/home/pi/Desktop/scrap_ws/install/velodyne_msgs/local/lib/python3.10/dist-packages:${PYTHONPATH} /usr/bin/cmake --build /home/pi/Desktop/scrap_ws/build/velodyne_driver -- -j4 -l4
[15.338s] DEBUG:colcon.colcon_core.event_handler.log_command:Invoking command in '/home/pi/Desktop/scrap_ws/build/velodyne_pointcloud': AMENT_PREFIX_PATH=/home/pi/Desktop/scrap_ws/install/velodyne_msgs:${AMENT_PREFIX_PATH} CMAKE_PREFIX_PATH=/home/pi/Desktop/scrap_ws/install/velodyne_msgs:/opt/ros/humble LD_LIBRARY_PATH=/home/pi/Desktop/scrap_ws/install/velodyne_msgs/lib:${LD_LIBRARY_PATH} PYTHONPATH=/home/pi/Desktop/scrap_ws/install/velodyne_msgs/local/lib/python3.10/dist-packages:${PYTHONPATH} /usr/bin/cmake --build /home/pi/Desktop/scrap_ws/build/velodyne_pointcloud -- -j4 -l4
[16.149s] DEBUG:colcon.colcon_core.event_handler.log_command:Invoked command in '/home/pi/Desktop/scrap_ws/build/velodyne_driver' returned '0': AMENT_PREFIX_PATH=/home/pi/Desktop/scrap_ws/install/velodyne_msgs:${AMENT_PREFIX_PATH} CMAKE_PREFIX_PATH=/home/pi/Desktop/scrap_ws/install/velodyne_msgs:/opt/ros/humble LD_LIBRARY_PATH=/home/pi/Desktop/scrap_ws/install/velodyne_msgs/lib:${LD_LIBRARY_PATH} PYTHONPATH=/home/pi/Desktop/scrap_ws/install/velodyne_msgs/local/lib/python3.10/dist-packages:${PYTHONPATH} /usr/bin/cmake --build /home/pi/Desktop/scrap_ws/build/velodyne_driver -- -j4 -l4
[16.227s] DEBUG:colcon.colcon_core.event_handler.log_command:Invoked command in '/home/pi/Desktop/scrap_ws/build/velodyne_pointcloud' returned '0': AMENT_PREFIX_PATH=/home/pi/Desktop/scrap_ws/install/velodyne_msgs:${AMENT_PREFIX_PATH} CMAKE_PREFIX_PATH=/home/pi/Desktop/scrap_ws/install/velodyne_msgs:/opt/ros/humble LD_LIBRARY_PATH=/home/pi/Desktop/scrap_ws/install/velodyne_msgs/lib:${LD_LIBRARY_PATH} PYTHONPATH=/home/pi/Desktop/scrap_ws/install/velodyne_msgs/local/lib/python3.10/dist-packages:${PYTHONPATH} /usr/bin/cmake --build /home/pi/Desktop/scrap_ws/build/velodyne_pointcloud -- -j4 -l4
[16.348s] DEBUG:colcon.colcon_core.event_handler.log_command:Invoking command in '/home/pi/Desktop/scrap_ws/build/velodyne_driver': AMENT_PREFIX_PATH=/home/pi/Desktop/scrap_ws/install/velodyne_msgs:${AMENT_PREFIX_PATH} CMAKE_PREFIX_PATH=/home/pi/Desktop/scrap_ws/install/velodyne_msgs:/opt/ros/humble LD_LIBRARY_PATH=/home/pi/Desktop/scrap_ws/install/velodyne_msgs/lib:${LD_LIBRARY_PATH} PYTHONPATH=/home/pi/Desktop/scrap_ws/install/velodyne_msgs/local/lib/python3.10/dist-packages:${PYTHONPATH} /usr/bin/cmake --install /home/pi/Desktop/scrap_ws/build/velodyne_driver
[16.420s] DEBUG:colcon.colcon_core.event_handler.log_command:Invoking command in '/home/pi/Desktop/scrap_ws/build/velodyne_pointcloud': AMENT_PREFIX_PATH=/home/pi/Desktop/scrap_ws/install/velodyne_msgs:${AMENT_PREFIX_PATH} CMAKE_PREFIX_PATH=/home/pi/Desktop/scrap_ws/install/velodyne_msgs:/opt/ros/humble LD_LIBRARY_PATH=/home/pi/Desktop/scrap_ws/install/velodyne_msgs/lib:${LD_LIBRARY_PATH} PYTHONPATH=/home/pi/Desktop/scrap_ws/install/velodyne_msgs/local/lib/python3.10/dist-packages:${PYTHONPATH} /usr/bin/cmake --install /home/pi/Desktop/scrap_ws/build/velodyne_pointcloud
[16.478s] Level 1:colcon.colcon_core.environment:create_environment_scripts_only(velodyne_driver)
[16.494s] DEBUG:colcon.colcon_core.event_handler.log_command:Invoked command in '/home/pi/Desktop/scrap_ws/build/velodyne_driver' returned '0': AMENT_PREFIX_PATH=/home/pi/Desktop/scrap_ws/install/velodyne_msgs:${AMENT_PREFIX_PATH} CMAKE_PREFIX_PATH=/home/pi/Desktop/scrap_ws/install/velodyne_msgs:/opt/ros/humble LD_LIBRARY_PATH=/home/pi/Desktop/scrap_ws/install/velodyne_msgs/lib:${LD_LIBRARY_PATH} PYTHONPATH=/home/pi/Desktop/scrap_ws/install/velodyne_msgs/local/lib/python3.10/dist-packages:${PYTHONPATH} /usr/bin/cmake --install /home/pi/Desktop/scrap_ws/build/velodyne_driver
[16.615s] Level 1:colcon.colcon_core.environment:checking '/home/pi/Desktop/scrap_ws/install/velodyne_driver' for CMake module files
[16.619s] Level 1:colcon.colcon_core.environment:checking '/home/pi/Desktop/scrap_ws/install/velodyne_driver' for CMake config files
[16.623s] Level 1:colcon.colcon_core.shell:create_environment_hook('velodyne_driver', 'cmake_prefix_path')
[16.718s] INFO:colcon.colcon_core.shell:Creating environment hook '/home/pi/Desktop/scrap_ws/install/velodyne_driver/share/velodyne_driver/hook/cmake_prefix_path.ps1'
[16.720s] INFO:colcon.colcon_core.shell:Creating environment descriptor '/home/pi/Desktop/scrap_ws/install/velodyne_driver/share/velodyne_driver/hook/cmake_prefix_path.dsv'
[16.722s] INFO:colcon.colcon_core.shell:Creating environment hook '/home/pi/Desktop/scrap_ws/install/velodyne_driver/share/velodyne_driver/hook/cmake_prefix_path.sh'
[16.724s] Level 1:colcon.colcon_core.environment:checking '/home/pi/Desktop/scrap_ws/install/velodyne_driver/lib'
[16.725s] Level 1:colcon.colcon_core.shell:create_environment_hook('velodyne_driver', 'ld_library_path_lib')
[16.816s] INFO:colcon.colcon_core.shell:Creating environment hook '/home/pi/Desktop/scrap_ws/install/velodyne_driver/share/velodyne_driver/hook/ld_library_path_lib.ps1'
[16.819s] INFO:colcon.colcon_core.shell:Creating environment descriptor '/home/pi/Desktop/scrap_ws/install/velodyne_driver/share/velodyne_driver/hook/ld_library_path_lib.dsv'
[16.820s] INFO:colcon.colcon_core.shell:Creating environment hook '/home/pi/Desktop/scrap_ws/install/velodyne_driver/share/velodyne_driver/hook/ld_library_path_lib.sh'
[16.822s] Level 1:colcon.colcon_core.environment:checking '/home/pi/Desktop/scrap_ws/install/velodyne_driver/bin'
[16.823s] Level 1:colcon.colcon_core.environment:checking '/home/pi/Desktop/scrap_ws/install/velodyne_driver/lib/pkgconfig/velodyne_driver.pc'
[16.824s] Level 1:colcon.colcon_core.environment:checking '/home/pi/Desktop/scrap_ws/install/velodyne_driver/lib/python3.10/site-packages'
[16.825s] Level 1:colcon.colcon_core.environment:checking '/home/pi/Desktop/scrap_ws/install/velodyne_driver/bin'
[16.916s] INFO:colcon.colcon_core.shell:Creating package script '/home/pi/Desktop/scrap_ws/install/velodyne_driver/share/velodyne_driver/package.ps1'
[16.918s] INFO:colcon.colcon_core.shell:Creating package descriptor '/home/pi/Desktop/scrap_ws/install/velodyne_driver/share/velodyne_driver/package.dsv'
[16.920s] INFO:colcon.colcon_core.shell:Creating package script '/home/pi/Desktop/scrap_ws/install/velodyne_driver/share/velodyne_driver/package.sh'
[16.923s] INFO:colcon.colcon_core.shell:Creating package script '/home/pi/Desktop/scrap_ws/install/velodyne_driver/share/velodyne_driver/package.bash'
[16.925s] INFO:colcon.colcon_core.shell:Creating package script '/home/pi/Desktop/scrap_ws/install/velodyne_driver/share/velodyne_driver/package.zsh'
[16.926s] Level 1:colcon.colcon_core.environment:create_file_with_runtime_dependencies(/home/pi/Desktop/scrap_ws/install/velodyne_driver/share/colcon-core/packages/velodyne_driver)
[16.934s] Level 1:colcon.colcon_core.environment:create_environment_scripts_only(velodyne_pointcloud)
[16.936s] DEBUG:colcon.colcon_core.event_handler.log_command:Invoked command in '/home/pi/Desktop/scrap_ws/build/velodyne_pointcloud' returned '0': AMENT_PREFIX_PATH=/home/pi/Desktop/scrap_ws/install/velodyne_msgs:${AMENT_PREFIX_PATH} CMAKE_PREFIX_PATH=/home/pi/Desktop/scrap_ws/install/velodyne_msgs:/opt/ros/humble LD_LIBRARY_PATH=/home/pi/Desktop/scrap_ws/install/velodyne_msgs/lib:${LD_LIBRARY_PATH} PYTHONPATH=/home/pi/Desktop/scrap_ws/install/velodyne_msgs/local/lib/python3.10/dist-packages:${PYTHONPATH} /usr/bin/cmake --install /home/pi/Desktop/scrap_ws/build/velodyne_pointcloud
[17.050s] Level 1:colcon.colcon_core.environment:checking '/home/pi/Desktop/scrap_ws/install/velodyne_pointcloud' for CMake module files
[17.054s] Level 1:colcon.colcon_core.environment:checking '/home/pi/Desktop/scrap_ws/install/velodyne_pointcloud' for CMake config files
[17.059s] Level 1:colcon.colcon_core.shell:create_environment_hook('velodyne_pointcloud', 'cmake_prefix_path')
[17.171s] INFO:colcon.colcon_core.shell:Creating environment hook '/home/pi/Desktop/scrap_ws/install/velodyne_pointcloud/share/velodyne_pointcloud/hook/cmake_prefix_path.ps1'
[17.178s] INFO:colcon.colcon_core.shell:Creating environment descriptor '/home/pi/Desktop/scrap_ws/install/velodyne_pointcloud/share/velodyne_pointcloud/hook/cmake_prefix_path.dsv'
[17.182s] INFO:colcon.colcon_core.shell:Creating environment hook '/home/pi/Desktop/scrap_ws/install/velodyne_pointcloud/share/velodyne_pointcloud/hook/cmake_prefix_path.sh'
[17.187s] Level 1:colcon.colcon_core.environment:checking '/home/pi/Desktop/scrap_ws/install/velodyne_pointcloud/lib'
[17.188s] Level 1:colcon.colcon_core.shell:create_environment_hook('velodyne_pointcloud', 'ld_library_path_lib')
[17.339s] INFO:colcon.colcon_core.shell:Creating environment hook '/home/pi/Desktop/scrap_ws/install/velodyne_pointcloud/share/velodyne_pointcloud/hook/ld_library_path_lib.ps1'
[17.342s] INFO:colcon.colcon_core.shell:Creating environment descriptor '/home/pi/Desktop/scrap_ws/install/velodyne_pointcloud/share/velodyne_pointcloud/hook/ld_library_path_lib.dsv'
[17.343s] INFO:colcon.colcon_core.shell:Creating environment hook '/home/pi/Desktop/scrap_ws/install/velodyne_pointcloud/share/velodyne_pointcloud/hook/ld_library_path_lib.sh'
[17.345s] Level 1:colcon.colcon_core.environment:checking '/home/pi/Desktop/scrap_ws/install/velodyne_pointcloud/bin'
[17.346s] Level 1:colcon.colcon_core.environment:checking '/home/pi/Desktop/scrap_ws/install/velodyne_pointcloud/lib/pkgconfig/velodyne_pointcloud.pc'
[17.347s] Level 1:colcon.colcon_core.environment:checking '/home/pi/Desktop/scrap_ws/install/velodyne_pointcloud/lib/python3.10/site-packages'
[17.348s] Level 1:colcon.colcon_core.environment:checking '/home/pi/Desktop/scrap_ws/install/velodyne_pointcloud/bin'
[17.426s] INFO:colcon.colcon_core.shell:Creating package script '/home/pi/Desktop/scrap_ws/install/velodyne_pointcloud/share/velodyne_pointcloud/package.ps1'
[17.428s] INFO:colcon.colcon_core.shell:Creating package descriptor '/home/pi/Desktop/scrap_ws/install/velodyne_pointcloud/share/velodyne_pointcloud/package.dsv'
[17.431s] INFO:colcon.colcon_core.shell:Creating package script '/home/pi/Desktop/scrap_ws/install/velodyne_pointcloud/share/velodyne_pointcloud/package.sh'
[17.433s] INFO:colcon.colcon_core.shell:Creating package script '/home/pi/Desktop/scrap_ws/install/velodyne_pointcloud/share/velodyne_pointcloud/package.bash'
[17.435s] INFO:colcon.colcon_core.shell:Creating package script '/home/pi/Desktop/scrap_ws/install/velodyne_pointcloud/share/velodyne_pointcloud/package.zsh'
[17.436s] Level 1:colcon.colcon_core.environment:create_file_with_runtime_dependencies(/home/pi/Desktop/scrap_ws/install/velodyne_pointcloud/share/colcon-core/packages/velodyne_pointcloud)
[17.446s] Level 1:colcon.colcon_core.shell:create_environment_hook('scrap_pkg', 'pythonpath_develop')
[17.448s] DEBUG:colcon.colcon_core.event_handler.log_command:Invoked command in '/home/pi/Desktop/scrap_ws/build/scrap_pkg' returned '0': PYTHONPATH=/home/pi/Desktop/scrap_ws/build/scrap_pkg/prefix_override:/home/pi/Desktop/scrap_ws/install/scrap_pkg/lib/python3.10/site-packages:${PYTHONPATH} /usr/bin/python3 setup.py develop --editable --build-directory /home/pi/Desktop/scrap_ws/build/scrap_pkg/build --no-deps install_data
[17.543s] INFO:colcon.colcon_core.shell:Creating environment hook '/home/pi/Desktop/scrap_ws/build/scrap_pkg/share/scrap_pkg/hook/pythonpath_develop.ps1'
[17.545s] INFO:colcon.colcon_core.shell:Creating environment descriptor '/home/pi/Desktop/scrap_ws/build/scrap_pkg/share/scrap_pkg/hook/pythonpath_develop.dsv'
[17.547s] INFO:colcon.colcon_core.shell:Creating environment hook '/home/pi/Desktop/scrap_ws/build/scrap_pkg/share/scrap_pkg/hook/pythonpath_develop.sh'
[17.636s] Level 1:colcon.colcon_core.environment:checking '/home/pi/Desktop/scrap_ws/install/scrap_pkg' for CMake module files
[17.639s] Level 1:colcon.colcon_core.environment:checking '/home/pi/Desktop/scrap_ws/install/scrap_pkg' for CMake config files
[17.643s] Level 1:colcon.colcon_core.environment:checking '/home/pi/Desktop/scrap_ws/install/scrap_pkg/lib'
[17.643s] Level 1:colcon.colcon_core.environment:checking '/home/pi/Desktop/scrap_ws/install/scrap_pkg/bin'
[17.644s] Level 1:colcon.colcon_core.environment:checking '/home/pi/Desktop/scrap_ws/install/scrap_pkg/lib/pkgconfig/scrap_pkg.pc'
[17.645s] Level 1:colcon.colcon_core.environment:checking '/home/pi/Desktop/scrap_ws/install/scrap_pkg/lib/python3.10/site-packages'
[17.645s] Level 1:colcon.colcon_core.shell:create_environment_hook('scrap_pkg', 'pythonpath')
[17.734s] INFO:colcon.colcon_core.shell:Creating environment hook '/home/pi/Desktop/scrap_ws/install/scrap_pkg/share/scrap_pkg/hook/pythonpath.ps1'
[17.736s] INFO:colcon.colcon_core.shell:Creating environment descriptor '/home/pi/Desktop/scrap_ws/install/scrap_pkg/share/scrap_pkg/hook/pythonpath.dsv'
[17.737s] INFO:colcon.colcon_core.shell:Creating environment hook '/home/pi/Desktop/scrap_ws/install/scrap_pkg/share/scrap_pkg/hook/pythonpath.sh'
[17.740s] Level 1:colcon.colcon_core.environment:checking '/home/pi/Desktop/scrap_ws/install/scrap_pkg/bin'
[17.740s] Level 1:colcon.colcon_core.environment:create_environment_scripts_only(scrap_pkg)
[17.821s] INFO:colcon.colcon_core.shell:Creating package script '/home/pi/Desktop/scrap_ws/install/scrap_pkg/share/scrap_pkg/package.ps1'
[17.824s] INFO:colcon.colcon_core.shell:Creating package descriptor '/home/pi/Desktop/scrap_ws/install/scrap_pkg/share/scrap_pkg/package.dsv'
[17.826s] INFO:colcon.colcon_core.shell:Creating package script '/home/pi/Desktop/scrap_ws/install/scrap_pkg/share/scrap_pkg/package.sh'
[17.828s] INFO:colcon.colcon_core.shell:Creating package script '/home/pi/Desktop/scrap_ws/install/scrap_pkg/share/scrap_pkg/package.bash'
[17.830s] INFO:colcon.colcon_core.shell:Creating package script '/home/pi/Desktop/scrap_ws/install/scrap_pkg/share/scrap_pkg/package.zsh'
[17.831s] Level 1:colcon.colcon_core.environment:create_file_with_runtime_dependencies(/home/pi/Desktop/scrap_ws/install/scrap_pkg/share/colcon-core/packages/scrap_pkg)
[17.915s] Level 1:colcon.colcon_core.environment:create_environment_scripts_only(velodyne_driver)
[17.994s] Level 1:colcon.colcon_core.environment:checking '/home/pi/Desktop/scrap_ws/install/velodyne_driver' for CMake module files
[17.998s] Level 1:colcon.colcon_core.environment:checking '/home/pi/Desktop/scrap_ws/install/velodyne_driver' for CMake config files
[18.002s] Level 1:colcon.colcon_core.shell:create_environment_hook('velodyne_driver', 'cmake_prefix_path')
[18.080s] INFO:colcon.colcon_core.shell:Creating environment hook '/home/pi/Desktop/scrap_ws/install/velodyne_driver/share/velodyne_driver/hook/cmake_prefix_path.ps1'
[18.083s] INFO:colcon.colcon_core.shell:Creating environment descriptor '/home/pi/Desktop/scrap_ws/install/velodyne_driver/share/velodyne_driver/hook/cmake_prefix_path.dsv'
[18.084s] INFO:colcon.colcon_core.shell:Creating environment hook '/home/pi/Desktop/scrap_ws/install/velodyne_driver/share/velodyne_driver/hook/cmake_prefix_path.sh'
[18.087s] Level 1:colcon.colcon_core.environment:checking '/home/pi/Desktop/scrap_ws/install/velodyne_driver/lib'
[18.087s] Level 1:colcon.colcon_core.shell:create_environment_hook('velodyne_driver', 'ld_library_path_lib')
[18.167s] INFO:colcon.colcon_core.shell:Creating environment hook '/home/pi/Desktop/scrap_ws/install/velodyne_driver/share/velodyne_driver/hook/ld_library_path_lib.ps1'
[18.169s] INFO:colcon.colcon_core.shell:Creating environment descriptor '/home/pi/Desktop/scrap_ws/install/velodyne_driver/share/velodyne_driver/hook/ld_library_path_lib.dsv'
[18.171s] INFO:colcon.colcon_core.shell:Creating environment hook '/home/pi/Desktop/scrap_ws/install/velodyne_driver/share/velodyne_driver/hook/ld_library_path_lib.sh'
[18.173s] Level 1:colcon.colcon_core.environment:checking '/home/pi/Desktop/scrap_ws/install/velodyne_driver/bin'
[18.173s] Level 1:colcon.colcon_core.environment:checking '/home/pi/Desktop/scrap_ws/install/velodyne_driver/lib/pkgconfig/velodyne_driver.pc'
[18.174s] Level 1:colcon.colcon_core.environment:checking '/home/pi/Desktop/scrap_ws/install/velodyne_driver/lib/python3.10/site-packages'
[18.175s] Level 1:colcon.colcon_core.environment:checking '/home/pi/Desktop/scrap_ws/install/velodyne_driver/bin'
[18.254s] INFO:colcon.colcon_core.shell:Creating package script '/home/pi/Desktop/scrap_ws/install/velodyne_driver/share/velodyne_driver/package.ps1'
[18.258s] INFO:colcon.colcon_core.shell:Creating package descriptor '/home/pi/Desktop/scrap_ws/install/velodyne_driver/share/velodyne_driver/package.dsv'
[18.260s] INFO:colcon.colcon_core.shell:Creating package script '/home/pi/Desktop/scrap_ws/install/velodyne_driver/share/velodyne_driver/package.sh'
[18.263s] INFO:colcon.colcon_core.shell:Creating package script '/home/pi/Desktop/scrap_ws/install/velodyne_driver/share/velodyne_driver/package.bash'
[18.264s] INFO:colcon.colcon_core.shell:Creating package script '/home/pi/Desktop/scrap_ws/install/velodyne_driver/share/velodyne_driver/package.zsh'
[18.266s] Level 1:colcon.colcon_core.environment:create_file_with_runtime_dependencies(/home/pi/Desktop/scrap_ws/install/velodyne_driver/share/colcon-core/packages/velodyne_driver)
[18.350s] Level 1:colcon.colcon_core.environment:create_environment_scripts_only(velodyne_pointcloud)
[18.429s] Level 1:colcon.colcon_core.environment:checking '/home/pi/Desktop/scrap_ws/install/velodyne_pointcloud' for CMake module files
[18.432s] Level 1:colcon.colcon_core.environment:checking '/home/pi/Desktop/scrap_ws/install/velodyne_pointcloud' for CMake config files
[18.437s] Level 1:colcon.colcon_core.shell:create_environment_hook('velodyne_pointcloud', 'cmake_prefix_path')
[18.515s] INFO:colcon.colcon_core.shell:Creating environment hook '/home/pi/Desktop/scrap_ws/install/velodyne_pointcloud/share/velodyne_pointcloud/hook/cmake_prefix_path.ps1'
[18.518s] INFO:colcon.colcon_core.shell:Creating environment descriptor '/home/pi/Desktop/scrap_ws/install/velodyne_pointcloud/share/velodyne_pointcloud/hook/cmake_prefix_path.dsv'
[18.519s] INFO:colcon.colcon_core.shell:Creating environment hook '/home/pi/Desktop/scrap_ws/install/velodyne_pointcloud/share/velodyne_pointcloud/hook/cmake_prefix_path.sh'
[18.522s] Level 1:colcon.colcon_core.environment:checking '/home/pi/Desktop/scrap_ws/install/velodyne_pointcloud/lib'
[18.522s] Level 1:colcon.colcon_core.shell:create_environment_hook('velodyne_pointcloud', 'ld_library_path_lib')
[18.601s] INFO:colcon.colcon_core.shell:Creating environment hook '/home/pi/Desktop/scrap_ws/install/velodyne_pointcloud/share/velodyne_pointcloud/hook/ld_library_path_lib.ps1'
[18.603s] INFO:colcon.colcon_core.shell:Creating environment descriptor '/home/pi/Desktop/scrap_ws/install/velodyne_pointcloud/share/velodyne_pointcloud/hook/ld_library_path_lib.dsv'
[18.605s] INFO:colcon.colcon_core.shell:Creating environment hook '/home/pi/Desktop/scrap_ws/install/velodyne_pointcloud/share/velodyne_pointcloud/hook/ld_library_path_lib.sh'
[18.607s] Level 1:colcon.colcon_core.environment:checking '/home/pi/Desktop/scrap_ws/install/velodyne_pointcloud/bin'
[18.607s] Level 1:colcon.colcon_core.environment:checking '/home/pi/Desktop/scrap_ws/install/velodyne_pointcloud/lib/pkgconfig/velodyne_pointcloud.pc'
[18.608s] Level 1:colcon.colcon_core.environment:checking '/home/pi/Desktop/scrap_ws/install/velodyne_pointcloud/lib/python3.10/site-packages'
[18.609s] Level 1:colcon.colcon_core.environment:checking '/home/pi/Desktop/scrap_ws/install/velodyne_pointcloud/bin'
[18.690s] INFO:colcon.colcon_core.shell:Creating package script '/home/pi/Desktop/scrap_ws/install/velodyne_pointcloud/share/velodyne_pointcloud/package.ps1'
[18.692s] INFO:colcon.colcon_core.shell:Creating package descriptor '/home/pi/Desktop/scrap_ws/install/velodyne_pointcloud/share/velodyne_pointcloud/package.dsv'
[18.695s] INFO:colcon.colcon_core.shell:Creating package script '/home/pi/Desktop/scrap_ws/install/velodyne_pointcloud/share/velodyne_pointcloud/package.sh'
[18.697s] INFO:colcon.colcon_core.shell:Creating package script '/home/pi/Desktop/scrap_ws/install/velodyne_pointcloud/share/velodyne_pointcloud/package.bash'
[18.699s] INFO:colcon.colcon_core.shell:Creating package script '/home/pi/Desktop/scrap_ws/install/velodyne_pointcloud/share/velodyne_pointcloud/package.zsh'
[18.701s] Level 1:colcon.colcon_core.environment:create_file_with_runtime_dependencies(/home/pi/Desktop/scrap_ws/install/velodyne_pointcloud/share/colcon-core/packages/velodyne_pointcloud)
[18.702s] INFO:colcon.colcon_ros.task.ament_cmake.build:Building ROS package in '/home/pi/Desktop/scrap_ws/src/velodyne/velodyne' with build type 'ament_cmake'
[18.703s] INFO:colcon.colcon_cmake.task.cmake.build:Building CMake package in '/home/pi/Desktop/scrap_ws/src/velodyne/velodyne'
[18.785s] INFO:colcon.colcon_core.shell:Skip shell extension 'powershell' for command environment: Not usable outside of PowerShell
[18.786s] DEBUG:colcon.colcon_core.shell:Skip shell extension 'dsv' for command environment
[19.056s] DEBUG:colcon.colcon_core.event_handler.log_command:Invoking command in '/home/pi/Desktop/scrap_ws/build/velodyne': AMENT_PREFIX_PATH=/home/pi/Desktop/scrap_ws/install/velodyne_pointcloud:/home/pi/Desktop/scrap_ws/install/velodyne_driver:/home/pi/Desktop/scrap_ws/install/velodyne_msgs:/home/pi/Desktop/scrap_ws/install/velodyne_laserscan:${AMENT_PREFIX_PATH} CMAKE_PREFIX_PATH=/home/pi/Desktop/scrap_ws/install/velodyne_pointcloud:/home/pi/Desktop/scrap_ws/install/velodyne_driver:/home/pi/Desktop/scrap_ws/install/velodyne_msgs:/home/pi/Desktop/scrap_ws/install/velodyne_laserscan:/opt/ros/humble LD_LIBRARY_PATH=/home/pi/Desktop/scrap_ws/install/velodyne_pointcloud/lib:/home/pi/Desktop/scrap_ws/install/velodyne_driver/lib:/home/pi/Desktop/scrap_ws/install/velodyne_msgs/lib:/home/pi/Desktop/scrap_ws/install/velodyne_laserscan/lib:${LD_LIBRARY_PATH} PYTHONPATH=/home/pi/Desktop/scrap_ws/install/velodyne_msgs/local/lib/python3.10/dist-packages:${PYTHONPATH} /usr/bin/cmake --build /home/pi/Desktop/scrap_ws/build/velodyne -- -j4 -l4
[19.242s] DEBUG:colcon.colcon_core.event_handler.log_command:Invoked command in '/home/pi/Desktop/scrap_ws/build/velodyne' returned '0': AMENT_PREFIX_PATH=/home/pi/Desktop/scrap_ws/install/velodyne_pointcloud:/home/pi/Desktop/scrap_ws/install/velodyne_driver:/home/pi/Desktop/scrap_ws/install/velodyne_msgs:/home/pi/Desktop/scrap_ws/install/velodyne_laserscan:${AMENT_PREFIX_PATH} CMAKE_PREFIX_PATH=/home/pi/Desktop/scrap_ws/install/velodyne_pointcloud:/home/pi/Desktop/scrap_ws/install/velodyne_driver:/home/pi/Desktop/scrap_ws/install/velodyne_msgs:/home/pi/Desktop/scrap_ws/install/velodyne_laserscan:/opt/ros/humble LD_LIBRARY_PATH=/home/pi/Desktop/scrap_ws/install/velodyne_pointcloud/lib:/home/pi/Desktop/scrap_ws/install/velodyne_driver/lib:/home/pi/Desktop/scrap_ws/install/velodyne_msgs/lib:/home/pi/Desktop/scrap_ws/install/velodyne_laserscan/lib:${LD_LIBRARY_PATH} PYTHONPATH=/home/pi/Desktop/scrap_ws/install/velodyne_msgs/local/lib/python3.10/dist-packages:${PYTHONPATH} /usr/bin/cmake --build /home/pi/Desktop/scrap_ws/build/velodyne -- -j4 -l4
[19.358s] DEBUG:colcon.colcon_core.event_handler.log_command:Invoking command in '/home/pi/Desktop/scrap_ws/build/velodyne': AMENT_PREFIX_PATH=/home/pi/Desktop/scrap_ws/install/velodyne_pointcloud:/home/pi/Desktop/scrap_ws/install/velodyne_driver:/home/pi/Desktop/scrap_ws/install/velodyne_msgs:/home/pi/Desktop/scrap_ws/install/velodyne_laserscan:${AMENT_PREFIX_PATH} CMAKE_PREFIX_PATH=/home/pi/Desktop/scrap_ws/install/velodyne_pointcloud:/home/pi/Desktop/scrap_ws/install/velodyne_driver:/home/pi/Desktop/scrap_ws/install/velodyne_msgs:/home/pi/Desktop/scrap_ws/install/velodyne_laserscan:/opt/ros/humble LD_LIBRARY_PATH=/home/pi/Desktop/scrap_ws/install/velodyne_pointcloud/lib:/home/pi/Desktop/scrap_ws/install/velodyne_driver/lib:/home/pi/Desktop/scrap_ws/install/velodyne_msgs/lib:/home/pi/Desktop/scrap_ws/install/velodyne_laserscan/lib:${LD_LIBRARY_PATH} PYTHONPATH=/home/pi/Desktop/scrap_ws/install/velodyne_msgs/local/lib/python3.10/dist-packages:${PYTHONPATH} /usr/bin/cmake --install /home/pi/Desktop/scrap_ws/build/velodyne
[19.459s] Level 1:colcon.colcon_core.environment:create_environment_scripts_only(velodyne)
[19.461s] DEBUG:colcon.colcon_core.event_handler.log_command:Invoked command in '/home/pi/Desktop/scrap_ws/build/velodyne' returned '0': AMENT_PREFIX_PATH=/home/pi/Desktop/scrap_ws/install/velodyne_pointcloud:/home/pi/Desktop/scrap_ws/install/velodyne_driver:/home/pi/Desktop/scrap_ws/install/velodyne_msgs:/home/pi/Desktop/scrap_ws/install/velodyne_laserscan:${AMENT_PREFIX_PATH} CMAKE_PREFIX_PATH=/home/pi/Desktop/scrap_ws/install/velodyne_pointcloud:/home/pi/Desktop/scrap_ws/install/velodyne_driver:/home/pi/Desktop/scrap_ws/install/velodyne_msgs:/home/pi/Desktop/scrap_ws/install/velodyne_laserscan:/opt/ros/humble LD_LIBRARY_PATH=/home/pi/Desktop/scrap_ws/install/velodyne_pointcloud/lib:/home/pi/Desktop/scrap_ws/install/velodyne_driver/lib:/home/pi/Desktop/scrap_ws/install/velodyne_msgs/lib:/home/pi/Desktop/scrap_ws/install/velodyne_laserscan/lib:${LD_LIBRARY_PATH} PYTHONPATH=/home/pi/Desktop/scrap_ws/install/velodyne_msgs/local/lib/python3.10/dist-packages:${PYTHONPATH} /usr/bin/cmake --install /home/pi/Desktop/scrap_ws/build/velodyne
[19.545s] Level 1:colcon.colcon_core.environment:checking '/home/pi/Desktop/scrap_ws/install/velodyne' for CMake module files
[19.548s] Level 1:colcon.colcon_core.environment:checking '/home/pi/Desktop/scrap_ws/install/velodyne' for CMake config files
[19.551s] Level 1:colcon.colcon_core.shell:create_environment_hook('velodyne', 'cmake_prefix_path')
[19.629s] INFO:colcon.colcon_core.shell:Creating environment hook '/home/pi/Desktop/scrap_ws/install/velodyne/share/velodyne/hook/cmake_prefix_path.ps1'
[19.631s] INFO:colcon.colcon_core.shell:Creating environment descriptor '/home/pi/Desktop/scrap_ws/install/velodyne/share/velodyne/hook/cmake_prefix_path.dsv'
[19.633s] INFO:colcon.colcon_core.shell:Creating environment hook '/home/pi/Desktop/scrap_ws/install/velodyne/share/velodyne/hook/cmake_prefix_path.sh'
[19.636s] Level 1:colcon.colcon_core.environment:checking '/home/pi/Desktop/scrap_ws/install/velodyne/bin'
[19.636s] Level 1:colcon.colcon_core.environment:checking '/home/pi/Desktop/scrap_ws/install/velodyne/lib/pkgconfig/velodyne.pc'
[19.637s] Level 1:colcon.colcon_core.environment:checking '/home/pi/Desktop/scrap_ws/install/velodyne/lib/python3.10/site-packages'
[19.638s] Level 1:colcon.colcon_core.environment:checking '/home/pi/Desktop/scrap_ws/install/velodyne/bin'
[19.719s] INFO:colcon.colcon_core.shell:Creating package script '/home/pi/Desktop/scrap_ws/install/velodyne/share/velodyne/package.ps1'
[19.721s] INFO:colcon.colcon_core.shell:Creating package descriptor '/home/pi/Desktop/scrap_ws/install/velodyne/share/velodyne/package.dsv'
[19.723s] INFO:colcon.colcon_core.shell:Creating package script '/home/pi/Desktop/scrap_ws/install/velodyne/share/velodyne/package.sh'
[19.725s] INFO:colcon.colcon_core.shell:Creating package script '/home/pi/Desktop/scrap_ws/install/velodyne/share/velodyne/package.bash'
[19.727s] INFO:colcon.colcon_core.shell:Creating package script '/home/pi/Desktop/scrap_ws/install/velodyne/share/velodyne/package.zsh'
[19.728s] Level 1:colcon.colcon_core.environment:create_file_with_runtime_dependencies(/home/pi/Desktop/scrap_ws/install/velodyne/share/colcon-core/packages/velodyne)
[19.916s] Level 1:colcon.colcon_core.environment:create_environment_scripts_only(velodyne)
[19.996s] Level 1:colcon.colcon_core.environment:checking '/home/pi/Desktop/scrap_ws/install/velodyne' for CMake module files
[19.999s] Level 1:colcon.colcon_core.environment:checking '/home/pi/Desktop/scrap_ws/install/velodyne' for CMake config files
[20.002s] Level 1:colcon.colcon_core.shell:create_environment_hook('velodyne', 'cmake_prefix_path')
[20.081s] INFO:colcon.colcon_core.shell:Creating environment hook '/home/pi/Desktop/scrap_ws/install/velodyne/share/velodyne/hook/cmake_prefix_path.ps1'
[20.083s] INFO:colcon.colcon_core.shell:Creating environment descriptor '/home/pi/Desktop/scrap_ws/install/velodyne/share/velodyne/hook/cmake_prefix_path.dsv'
[20.084s] INFO:colcon.colcon_core.shell:Creating environment hook '/home/pi/Desktop/scrap_ws/install/velodyne/share/velodyne/hook/cmake_prefix_path.sh'
[20.087s] Level 1:colcon.colcon_core.environment:checking '/home/pi/Desktop/scrap_ws/install/velodyne/bin'
[20.087s] Level 1:colcon.colcon_core.environment:checking '/home/pi/Desktop/scrap_ws/install/velodyne/lib/pkgconfig/velodyne.pc'
[20.088s] Level 1:colcon.colcon_core.environment:checking '/home/pi/Desktop/scrap_ws/install/velodyne/lib/python3.10/site-packages'
[20.089s] Level 1:colcon.colcon_core.environment:checking '/home/pi/Desktop/scrap_ws/install/velodyne/bin'
[20.168s] INFO:colcon.colcon_core.shell:Creating package script '/home/pi/Desktop/scrap_ws/install/velodyne/share/velodyne/package.ps1'
[20.171s] INFO:colcon.colcon_core.shell:Creating package descriptor '/home/pi/Desktop/scrap_ws/install/velodyne/share/velodyne/package.dsv'
[20.174s] INFO:colcon.colcon_core.shell:Creating package script '/home/pi/Desktop/scrap_ws/install/velodyne/share/velodyne/package.sh'
[20.176s] INFO:colcon.colcon_core.shell:Creating package script '/home/pi/Desktop/scrap_ws/install/velodyne/share/velodyne/package.bash'
[20.178s] INFO:colcon.colcon_core.shell:Creating package script '/home/pi/Desktop/scrap_ws/install/velodyne/share/velodyne/package.zsh'
[20.179s] Level 1:colcon.colcon_core.environment:create_file_with_runtime_dependencies(/home/pi/Desktop/scrap_ws/install/velodyne/share/colcon-core/packages/velodyne)
[20.181s] DEBUG:colcon.colcon_parallel_executor.executor.parallel:closing loop
[20.182s] DEBUG:colcon.colcon_parallel_executor.executor.parallel:loop closed
[20.182s] DEBUG:colcon.colcon_parallel_executor.executor.parallel:run_until_complete finished with '0'
[20.183s] DEBUG:colcon.colcon_core.event_reactor:joining thread
[20.284s] INFO:colcon.colcon_core.plugin_system:Skipping extension 'colcon_notification.desktop_notification.terminal_notifier': Not used on non-Darwin systems
[20.284s] INFO:colcon.colcon_core.plugin_system:Skipping extension 'colcon_notification.desktop_notification.win32': Not used on non-Windows systems
[20.285s] INFO:colcon.colcon_notification.desktop_notification:Sending desktop notification using 'notify2'
[20.325s] DEBUG:colcon.colcon_core.event_reactor:joined thread
[20.402s] INFO:colcon.colcon_core.shell:Creating prefix script '/home/pi/Desktop/scrap_ws/install/local_setup.ps1'
[20.406s] INFO:colcon.colcon_core.shell:Creating prefix util module '/home/pi/Desktop/scrap_ws/install/_local_setup_util_ps1.py'
[20.412s] INFO:colcon.colcon_core.shell:Creating prefix chain script '/home/pi/Desktop/scrap_ws/install/setup.ps1'
[20.493s] INFO:colcon.colcon_core.shell:Creating prefix script '/home/pi/Desktop/scrap_ws/install/local_setup.sh'
[20.496s] INFO:colcon.colcon_core.shell:Creating prefix util module '/home/pi/Desktop/scrap_ws/install/_local_setup_util_sh.py'
[20.498s] INFO:colcon.colcon_core.shell:Creating prefix chain script '/home/pi/Desktop/scrap_ws/install/setup.sh'
[20.581s] INFO:colcon.colcon_core.shell:Creating prefix script '/home/pi/Desktop/scrap_ws/install/local_setup.bash'
[20.584s] INFO:colcon.colcon_core.shell:Creating prefix chain script '/home/pi/Desktop/scrap_ws/install/setup.bash'
[20.666s] INFO:colcon.colcon_core.shell:Creating prefix script '/home/pi/Desktop/scrap_ws/install/local_setup.zsh'
[20.668s] INFO:colcon.colcon_core.shell:Creating prefix chain script '/home/pi/Desktop/scrap_ws/install/setup.zsh'
