[0.018s] Invoking command in '/home/dayo/Desktop/scrap_ws/build/velodyne': CMAKE_PREFIX_PATH=/home/dayo/Desktop/scrap_ws/install/velodyne_pointcloud:/home/dayo/Desktop/scrap_ws/install/velodyne_driver:/home/dayo/Desktop/scrap_ws/install/velodyne_msgs:/home/dayo/Desktop/scrap_ws/install/velodyne_laserscan:/home/dayo/Desktop/scrap_ws/install/velodyne:/home/dayo/Desktop/scrap_ws/install/scrap_pkg:/home/dayo/Desktop/scrap_ws/install/usb_cam:/opt/ros/iron /usr/bin/cmake --build /home/dayo/Desktop/scrap_ws/build/velodyne -- -j2 -l2
[0.085s] Invoked command in '/home/dayo/Desktop/scrap_ws/build/velodyne' returned '0': CMAKE_PREFIX_PATH=/home/dayo/Desktop/scrap_ws/install/velodyne_pointcloud:/home/dayo/Desktop/scrap_ws/install/velodyne_driver:/home/dayo/Desktop/scrap_ws/install/velodyne_msgs:/home/dayo/Desktop/scrap_ws/install/velodyne_laserscan:/home/dayo/Desktop/scrap_ws/install/velodyne:/home/dayo/Desktop/scrap_ws/install/scrap_pkg:/home/dayo/Desktop/scrap_ws/install/usb_cam:/opt/ros/iron /usr/bin/cmake --build /home/dayo/Desktop/scrap_ws/build/velodyne -- -j2 -l2
[0.104s] Invoking command in '/home/dayo/Desktop/scrap_ws/build/velodyne': CMAKE_PREFIX_PATH=/home/dayo/Desktop/scrap_ws/install/velodyne_pointcloud:/home/dayo/Desktop/scrap_ws/install/velodyne_driver:/home/dayo/Desktop/scrap_ws/install/velodyne_msgs:/home/dayo/Desktop/scrap_ws/install/velodyne_laserscan:/home/dayo/Desktop/scrap_ws/install/velodyne:/home/dayo/Desktop/scrap_ws/install/scrap_pkg:/home/dayo/Desktop/scrap_ws/install/usb_cam:/opt/ros/iron /usr/bin/cmake --install /home/dayo/Desktop/scrap_ws/build/velodyne
[0.116s] -- Install configuration: ""
[0.116s] -- Up-to-date: /home/dayo/Desktop/scrap_ws/install/velodyne/share/velodyne/launch
[0.116s] -- Up-to-date: /home/dayo/Desktop/scrap_ws/install/velodyne/share/velodyne/launch/velodyne-all-nodes-VLS128-launch.py
[0.116s] -- Up-to-date: /home/dayo/Desktop/scrap_ws/install/velodyne/share/velodyne/launch/velodyne-all-nodes-VLP32C-launch.py
[0.116s] -- Up-to-date: /home/dayo/Desktop/scrap_ws/install/velodyne/share/velodyne/launch/velodyne-all-nodes-VLP16-composed-launch.py
[0.116s] -- Up-to-date: /home/dayo/Desktop/scrap_ws/install/velodyne/share/velodyne/launch/velodyne-all-nodes-VLS128-composed-launch.py
[0.116s] -- Up-to-date: /home/dayo/Desktop/scrap_ws/install/velodyne/share/velodyne/launch/velodyne-all-nodes-VLP16-launch.py
[0.116s] -- Up-to-date: /home/dayo/Desktop/scrap_ws/install/velodyne/share/velodyne/launch/velodyne-all-nodes-VLP32C-composed-launch.py
[0.116s] -- Up-to-date: /home/dayo/Desktop/scrap_ws/install/velodyne/share/ament_index/resource_index/package_run_dependencies/velodyne
[0.117s] -- Up-to-date: /home/dayo/Desktop/scrap_ws/install/velodyne/share/ament_index/resource_index/parent_prefix_path/velodyne
[0.117s] -- Up-to-date: /home/dayo/Desktop/scrap_ws/install/velodyne/share/velodyne/environment/ament_prefix_path.sh
[0.117s] -- Up-to-date: /home/dayo/Desktop/scrap_ws/install/velodyne/share/velodyne/environment/ament_prefix_path.dsv
[0.117s] -- Up-to-date: /home/dayo/Desktop/scrap_ws/install/velodyne/share/velodyne/environment/path.sh
[0.117s] -- Up-to-date: /home/dayo/Desktop/scrap_ws/install/velodyne/share/velodyne/environment/path.dsv
[0.117s] -- Up-to-date: /home/dayo/Desktop/scrap_ws/install/velodyne/share/velodyne/local_setup.bash
[0.117s] -- Up-to-date: /home/dayo/Desktop/scrap_ws/install/velodyne/share/velodyne/local_setup.sh
[0.117s] -- Up-to-date: /home/dayo/Desktop/scrap_ws/install/velodyne/share/velodyne/local_setup.zsh
[0.117s] -- Up-to-date: /home/dayo/Desktop/scrap_ws/install/velodyne/share/velodyne/local_setup.dsv
[0.117s] -- Installing: /home/dayo/Desktop/scrap_ws/install/velodyne/share/velodyne/package.dsv
[0.117s] -- Up-to-date: /home/dayo/Desktop/scrap_ws/install/velodyne/share/ament_index/resource_index/packages/velodyne
[0.117s] -- Up-to-date: /home/dayo/Desktop/scrap_ws/install/velodyne/share/velodyne/cmake/velodyneConfig.cmake
[0.117s] -- Up-to-date: /home/dayo/Desktop/scrap_ws/install/velodyne/share/velodyne/cmake/velodyneConfig-version.cmake
[0.117s] -- Up-to-date: /home/dayo/Desktop/scrap_ws/install/velodyne/share/velodyne/package.xml
[0.125s] Invoked command in '/home/dayo/Desktop/scrap_ws/build/velodyne' returned '0': CMAKE_PREFIX_PATH=/home/dayo/Desktop/scrap_ws/install/velodyne_pointcloud:/home/dayo/Desktop/scrap_ws/install/velodyne_driver:/home/dayo/Desktop/scrap_ws/install/velodyne_msgs:/home/dayo/Desktop/scrap_ws/install/velodyne_laserscan:/home/dayo/Desktop/scrap_ws/install/velodyne:/home/dayo/Desktop/scrap_ws/install/scrap_pkg:/home/dayo/Desktop/scrap_ws/install/usb_cam:/opt/ros/iron /usr/bin/cmake --install /home/dayo/Desktop/scrap_ws/build/velodyne
