[0.015s] Invoking command in '/home/dayo/Desktop/scrap_ws/build/velodyne_driver': CMAKE_PREFIX_PATH=/home/dayo/Desktop/scrap_ws/install/velodyne_msgs:/home/dayo/Desktop/scrap_ws/install/velodyne:/home/dayo/Desktop/scrap_ws/install/velodyne_pointcloud:/home/dayo/Desktop/scrap_ws/install/velodyne_driver:/home/dayo/Desktop/scrap_ws/install/velodyne_laserscan:/home/dayo/Desktop/scrap_ws/install/usb_cam:/home/dayo/Desktop/scrap_ws/install/scrap_pkg:/opt/ros/iron LD_LIBRARY_PATH=/home/dayo/Desktop/scrap_ws/install/velodyne_msgs/lib:/home/dayo/Desktop/scrap_ws/install/velodyne_pointcloud/lib:/home/dayo/Desktop/scrap_ws/install/velodyne_driver/lib:/home/dayo/Desktop/scrap_ws/install/velodyne_laserscan/lib:/home/dayo/Desktop/scrap_ws/install/usb_cam/lib:/opt/ros/iron/opt/rviz_ogre_vendor/lib:/opt/ros/iron/lib/x86_64-linux-gnu:/opt/ros/iron/lib /usr/bin/cmake --build /home/dayo/Desktop/scrap_ws/build/velodyne_driver -- -j2 -l2
[0.090s] [ 16%] Built target gtest_main
[0.117s] [ 33%] Built target velodyne_input
[0.149s] [ 50%] Built target gtest
[0.220s] [ 66%] Built target velodyne_driver
[0.251s] [ 83%] Built target time_test
[0.332s] [100%] Built target velodyne_driver_node
[0.393s] Invoked command in '/home/dayo/Desktop/scrap_ws/build/velodyne_driver' returned '0': CMAKE_PREFIX_PATH=/home/dayo/Desktop/scrap_ws/install/velodyne_msgs:/home/dayo/Desktop/scrap_ws/install/velodyne:/home/dayo/Desktop/scrap_ws/install/velodyne_pointcloud:/home/dayo/Desktop/scrap_ws/install/velodyne_driver:/home/dayo/Desktop/scrap_ws/install/velodyne_laserscan:/home/dayo/Desktop/scrap_ws/install/usb_cam:/home/dayo/Desktop/scrap_ws/install/scrap_pkg:/opt/ros/iron LD_LIBRARY_PATH=/home/dayo/Desktop/scrap_ws/install/velodyne_msgs/lib:/home/dayo/Desktop/scrap_ws/install/velodyne_pointcloud/lib:/home/dayo/Desktop/scrap_ws/install/velodyne_driver/lib:/home/dayo/Desktop/scrap_ws/install/velodyne_laserscan/lib:/home/dayo/Desktop/scrap_ws/install/usb_cam/lib:/opt/ros/iron/opt/rviz_ogre_vendor/lib:/opt/ros/iron/lib/x86_64-linux-gnu:/opt/ros/iron/lib /usr/bin/cmake --build /home/dayo/Desktop/scrap_ws/build/velodyne_driver -- -j2 -l2
[0.536s] Invoking command in '/home/dayo/Desktop/scrap_ws/build/velodyne_driver': CMAKE_PREFIX_PATH=/home/dayo/Desktop/scrap_ws/install/velodyne_msgs:/home/dayo/Desktop/scrap_ws/install/velodyne:/home/dayo/Desktop/scrap_ws/install/velodyne_pointcloud:/home/dayo/Desktop/scrap_ws/install/velodyne_driver:/home/dayo/Desktop/scrap_ws/install/velodyne_laserscan:/home/dayo/Desktop/scrap_ws/install/usb_cam:/home/dayo/Desktop/scrap_ws/install/scrap_pkg:/opt/ros/iron LD_LIBRARY_PATH=/home/dayo/Desktop/scrap_ws/install/velodyne_msgs/lib:/home/dayo/Desktop/scrap_ws/install/velodyne_pointcloud/lib:/home/dayo/Desktop/scrap_ws/install/velodyne_driver/lib:/home/dayo/Desktop/scrap_ws/install/velodyne_laserscan/lib:/home/dayo/Desktop/scrap_ws/install/usb_cam/lib:/opt/ros/iron/opt/rviz_ogre_vendor/lib:/opt/ros/iron/lib/x86_64-linux-gnu:/opt/ros/iron/lib /usr/bin/cmake --install /home/dayo/Desktop/scrap_ws/build/velodyne_driver
[0.558s] -- Install configuration: ""
[0.558s] -- Up-to-date: /home/dayo/Desktop/scrap_ws/install/velodyne_driver/lib/libvelodyne_driver.so
[0.559s] -- Up-to-date: /home/dayo/Desktop/scrap_ws/install/velodyne_driver/lib/velodyne_driver/velodyne_driver_node
[0.568s] -- Up-to-date: /home/dayo/Desktop/scrap_ws/install/velodyne_driver/include/velodyne_driver
[0.568s] -- Up-to-date: /home/dayo/Desktop/scrap_ws/install/velodyne_driver/include/velodyne_driver/driver.hpp
[0.568s] -- Up-to-date: /home/dayo/Desktop/scrap_ws/install/velodyne_driver/include/velodyne_driver/input.hpp
[0.568s] -- Up-to-date: /home/dayo/Desktop/scrap_ws/install/velodyne_driver/include/velodyne_driver/time_conversion.hpp
[0.568s] -- Up-to-date: /home/dayo/Desktop/scrap_ws/install/velodyne_driver/share/velodyne_driver/config
[0.568s] -- Up-to-date: /home/dayo/Desktop/scrap_ws/install/velodyne_driver/share/velodyne_driver/config/VLP16-velodyne_driver_node-params.yaml
[0.568s] -- Up-to-date: /home/dayo/Desktop/scrap_ws/install/velodyne_driver/share/velodyne_driver/config/VLS128-velodyne_driver_node-params.yaml
[0.568s] -- Up-to-date: /home/dayo/Desktop/scrap_ws/install/velodyne_driver/share/velodyne_driver/config/VLP32C-velodyne_driver_node-params.yaml
[0.568s] -- Up-to-date: /home/dayo/Desktop/scrap_ws/install/velodyne_driver/share/velodyne_driver/launch
[0.568s] -- Up-to-date: /home/dayo/Desktop/scrap_ws/install/velodyne_driver/share/velodyne_driver/launch/velodyne_driver_node-VLP16-launch.py
[0.568s] -- Up-to-date: /home/dayo/Desktop/scrap_ws/install/velodyne_driver/share/velodyne_driver/launch/velodyne_driver_node-VLP32C-composed-launch.py
[0.568s] -- Up-to-date: /home/dayo/Desktop/scrap_ws/install/velodyne_driver/share/velodyne_driver/launch/velodyne_driver_node-VLS128-composed-launch.py
[0.568s] -- Up-to-date: /home/dayo/Desktop/scrap_ws/install/velodyne_driver/share/velodyne_driver/launch/velodyne_driver_node-VLS128-launch.py
[0.568s] -- Up-to-date: /home/dayo/Desktop/scrap_ws/install/velodyne_driver/share/velodyne_driver/launch/velodyne_driver_node-VLP32C-launch.py
[0.568s] -- Up-to-date: /home/dayo/Desktop/scrap_ws/install/velodyne_driver/share/velodyne_driver/launch/velodyne_driver_node-VLP16-composed-launch.py
[0.569s] -- Up-to-date: /home/dayo/Desktop/scrap_ws/install/velodyne_driver/lib/velodyne_driver/vdump
[0.569s] -- Up-to-date: /home/dayo/Desktop/scrap_ws/install/velodyne_driver/share/ament_index/resource_index/package_run_dependencies/velodyne_driver
[0.569s] -- Up-to-date: /home/dayo/Desktop/scrap_ws/install/velodyne_driver/share/ament_index/resource_index/parent_prefix_path/velodyne_driver
[0.569s] -- Up-to-date: /home/dayo/Desktop/scrap_ws/install/velodyne_driver/share/velodyne_driver/environment/ament_prefix_path.sh
[0.569s] -- Up-to-date: /home/dayo/Desktop/scrap_ws/install/velodyne_driver/share/velodyne_driver/environment/ament_prefix_path.dsv
[0.569s] -- Up-to-date: /home/dayo/Desktop/scrap_ws/install/velodyne_driver/share/velodyne_driver/environment/path.sh
[0.569s] -- Up-to-date: /home/dayo/Desktop/scrap_ws/install/velodyne_driver/share/velodyne_driver/environment/path.dsv
[0.569s] -- Up-to-date: /home/dayo/Desktop/scrap_ws/install/velodyne_driver/share/velodyne_driver/local_setup.bash
[0.569s] -- Up-to-date: /home/dayo/Desktop/scrap_ws/install/velodyne_driver/share/velodyne_driver/local_setup.sh
[0.569s] -- Up-to-date: /home/dayo/Desktop/scrap_ws/install/velodyne_driver/share/velodyne_driver/local_setup.zsh
[0.569s] -- Up-to-date: /home/dayo/Desktop/scrap_ws/install/velodyne_driver/share/velodyne_driver/local_setup.dsv
[0.569s] -- Installing: /home/dayo/Desktop/scrap_ws/install/velodyne_driver/share/velodyne_driver/package.dsv
[0.569s] -- Up-to-date: /home/dayo/Desktop/scrap_ws/install/velodyne_driver/share/ament_index/resource_index/packages/velodyne_driver
[0.569s] -- Up-to-date: /home/dayo/Desktop/scrap_ws/install/velodyne_driver/share/ament_index/resource_index/rclcpp_components/velodyne_driver
[0.569s] -- Up-to-date: /home/dayo/Desktop/scrap_ws/install/velodyne_driver/share/velodyne_driver/cmake/velodyne_driverConfig.cmake
[0.569s] -- Up-to-date: /home/dayo/Desktop/scrap_ws/install/velodyne_driver/share/velodyne_driver/cmake/velodyne_driverConfig-version.cmake
[0.569s] -- Up-to-date: /home/dayo/Desktop/scrap_ws/install/velodyne_driver/share/velodyne_driver/package.xml
[0.570s] -- Up-to-date: /home/dayo/Desktop/scrap_ws/install/velodyne_driver/lib/libvelodyne_input.so
[0.577s] Invoked command in '/home/dayo/Desktop/scrap_ws/build/velodyne_driver' returned '0': CMAKE_PREFIX_PATH=/home/dayo/Desktop/scrap_ws/install/velodyne_msgs:/home/dayo/Desktop/scrap_ws/install/velodyne:/home/dayo/Desktop/scrap_ws/install/velodyne_pointcloud:/home/dayo/Desktop/scrap_ws/install/velodyne_driver:/home/dayo/Desktop/scrap_ws/install/velodyne_laserscan:/home/dayo/Desktop/scrap_ws/install/usb_cam:/home/dayo/Desktop/scrap_ws/install/scrap_pkg:/opt/ros/iron LD_LIBRARY_PATH=/home/dayo/Desktop/scrap_ws/install/velodyne_msgs/lib:/home/dayo/Desktop/scrap_ws/install/velodyne_pointcloud/lib:/home/dayo/Desktop/scrap_ws/install/velodyne_driver/lib:/home/dayo/Desktop/scrap_ws/install/velodyne_laserscan/lib:/home/dayo/Desktop/scrap_ws/install/usb_cam/lib:/opt/ros/iron/opt/rviz_ogre_vendor/lib:/opt/ros/iron/lib/x86_64-linux-gnu:/opt/ros/iron/lib /usr/bin/cmake --install /home/dayo/Desktop/scrap_ws/build/velodyne_driver
