[0.346s] Invoking command in '/home/pi/Desktop/scrap_ws/build/velodyne_pointcloud': AMENT_PREFIX_PATH=/home/pi/Desktop/scrap_ws/install/velodyne_msgs:${AMENT_PREFIX_PATH} CMAKE_PREFIX_PATH=/home/pi/Desktop/scrap_ws/install/velodyne_msgs:/opt/ros/humble LD_LIBRARY_PATH=/home/pi/Desktop/scrap_ws/install/velodyne_msgs/lib:${LD_LIBRARY_PATH} PYTHONPATH=/home/pi/Desktop/scrap_ws/install/velodyne_msgs/local/lib/python3.10/dist-packages:${PYTHONPATH} /usr/bin/cmake --build /home/pi/Desktop/scrap_ws/build/velodyne_pointcloud -- -j4 -l4
[0.777s] [ 16%] Built target velodyne_cloud_types
[0.784s] [ 27%] Built target gtest_main
[0.807s] [ 55%] Built target velodyne_rawdata
[0.811s] [ 38%] Built target gtest
[1.025s] [ 66%] Built target test_row_step
[1.035s] [ 77%] Built target test_calibration
[1.052s] [ 88%] Built target transform
[1.205s] [100%] Built target velodyne_transform_node
[1.259s] Invoked command in '/home/pi/Desktop/scrap_ws/build/velodyne_pointcloud' returned '0': AMENT_PREFIX_PATH=/home/pi/Desktop/scrap_ws/install/velodyne_msgs:${AMENT_PREFIX_PATH} CMAKE_PREFIX_PATH=/home/pi/Desktop/scrap_ws/install/velodyne_msgs:/opt/ros/humble LD_LIBRARY_PATH=/home/pi/Desktop/scrap_ws/install/velodyne_msgs/lib:${LD_LIBRARY_PATH} PYTHONPATH=/home/pi/Desktop/scrap_ws/install/velodyne_msgs/local/lib/python3.10/dist-packages:${PYTHONPATH} /usr/bin/cmake --build /home/pi/Desktop/scrap_ws/build/velodyne_pointcloud -- -j4 -l4
[1.456s] Invoking command in '/home/pi/Desktop/scrap_ws/build/velodyne_pointcloud': AMENT_PREFIX_PATH=/home/pi/Desktop/scrap_ws/install/velodyne_msgs:${AMENT_PREFIX_PATH} CMAKE_PREFIX_PATH=/home/pi/Desktop/scrap_ws/install/velodyne_msgs:/opt/ros/humble LD_LIBRARY_PATH=/home/pi/Desktop/scrap_ws/install/velodyne_msgs/lib:${LD_LIBRARY_PATH} PYTHONPATH=/home/pi/Desktop/scrap_ws/install/velodyne_msgs/local/lib/python3.10/dist-packages:${PYTHONPATH} /usr/bin/cmake --install /home/pi/Desktop/scrap_ws/build/velodyne_pointcloud
[1.488s] -- Install configuration: ""
[1.490s] -- Execute custom install script
[1.494s] -- Up-to-date symlink: /home/pi/Desktop/scrap_ws/install/velodyne_pointcloud/lib/libvelodyne_cloud_types.so
[1.495s] -- Up-to-date symlink: /home/pi/Desktop/scrap_ws/install/velodyne_pointcloud/lib/libvelodyne_rawdata.so
[1.496s] -- Up-to-date symlink: /home/pi/Desktop/scrap_ws/install/velodyne_pointcloud/lib/libtransform.so
[1.498s] -- Up-to-date symlink: /home/pi/Desktop/scrap_ws/install/velodyne_pointcloud/lib/velodyne_pointcloud/velodyne_transform_node
[1.501s] -- Up-to-date symlink: /home/pi/Desktop/scrap_ws/install/velodyne_pointcloud/include/velodyne_pointcloud/calibration.hpp
[1.503s] -- Up-to-date symlink: /home/pi/Desktop/scrap_ws/install/velodyne_pointcloud/include/velodyne_pointcloud/datacontainerbase.hpp
[1.504s] -- Up-to-date symlink: /home/pi/Desktop/scrap_ws/install/velodyne_pointcloud/include/velodyne_pointcloud/organized_cloudXYZIRT.hpp
[1.505s] -- Up-to-date symlink: /home/pi/Desktop/scrap_ws/install/velodyne_pointcloud/include/velodyne_pointcloud/pointcloudXYZIRT.hpp
[1.506s] -- Up-to-date symlink: /home/pi/Desktop/scrap_ws/install/velodyne_pointcloud/include/velodyne_pointcloud/rawdata.hpp
[1.507s] -- Up-to-date symlink: /home/pi/Desktop/scrap_ws/install/velodyne_pointcloud/include/velodyne_pointcloud/transform.hpp
[1.509s] -- Up-to-date symlink: /home/pi/Desktop/scrap_ws/install/velodyne_pointcloud/share/velodyne_pointcloud/config/VLP16-velodyne_transform_node-params.yaml
[1.510s] -- Up-to-date symlink: /home/pi/Desktop/scrap_ws/install/velodyne_pointcloud/share/velodyne_pointcloud/config/VLP32C-velodyne_transform_node-params.yaml
[1.511s] -- Up-to-date symlink: /home/pi/Desktop/scrap_ws/install/velodyne_pointcloud/share/velodyne_pointcloud/config/VLS128-velodyne_transform_node-params.yaml
[1.514s] -- Up-to-date symlink: /home/pi/Desktop/scrap_ws/install/velodyne_pointcloud/share/velodyne_pointcloud/launch/velodyne_transform_node-VLP16-composed-launch.py
[1.517s] -- Up-to-date symlink: /home/pi/Desktop/scrap_ws/install/velodyne_pointcloud/share/velodyne_pointcloud/launch/velodyne_transform_node-VLP16-launch.py
[1.522s] -- Up-to-date symlink: /home/pi/Desktop/scrap_ws/install/velodyne_pointcloud/share/velodyne_pointcloud/launch/velodyne_transform_node-VLP32C-composed-launch.py
[1.523s] -- Up-to-date symlink: /home/pi/Desktop/scrap_ws/install/velodyne_pointcloud/share/velodyne_pointcloud/launch/velodyne_transform_node-VLP32C-launch.py
[1.524s] -- Up-to-date symlink: /home/pi/Desktop/scrap_ws/install/velodyne_pointcloud/share/velodyne_pointcloud/launch/velodyne_transform_node-VLS128-composed-launch.py
[1.525s] -- Up-to-date symlink: /home/pi/Desktop/scrap_ws/install/velodyne_pointcloud/share/velodyne_pointcloud/launch/velodyne_transform_node-VLS128-launch.py
[1.526s] -- Up-to-date symlink: /home/pi/Desktop/scrap_ws/install/velodyne_pointcloud/share/velodyne_pointcloud/params/32db.yaml
[1.527s] -- Up-to-date symlink: /home/pi/Desktop/scrap_ws/install/velodyne_pointcloud/share/velodyne_pointcloud/params/64e_s2.1-sztaki.yaml
[1.529s] -- Up-to-date symlink: /home/pi/Desktop/scrap_ws/install/velodyne_pointcloud/share/velodyne_pointcloud/params/64e_s3-xiesc.yaml
[1.530s] -- Up-to-date symlink: /home/pi/Desktop/scrap_ws/install/velodyne_pointcloud/share/velodyne_pointcloud/params/64e_utexas.yaml
[1.531s] -- Up-to-date symlink: /home/pi/Desktop/scrap_ws/install/velodyne_pointcloud/share/velodyne_pointcloud/params/VLP16_hires_db.yaml
[1.532s] -- Up-to-date symlink: /home/pi/Desktop/scrap_ws/install/velodyne_pointcloud/share/velodyne_pointcloud/params/VLP16db.yaml
[1.533s] -- Up-to-date symlink: /home/pi/Desktop/scrap_ws/install/velodyne_pointcloud/share/velodyne_pointcloud/params/VLS128.yaml
[1.534s] -- Up-to-date symlink: /home/pi/Desktop/scrap_ws/install/velodyne_pointcloud/share/velodyne_pointcloud/params/VeloView-VLP-32C.yaml
[1.535s] -- Up-to-date symlink: /home/pi/Desktop/scrap_ws/install/velodyne_pointcloud/share/velodyne_pointcloud/params/issue_84_float_intensities.yaml
[1.536s] -- Up-to-date symlink: /home/pi/Desktop/scrap_ws/install/velodyne_pointcloud/share/velodyne_pointcloud/params/rviz_points.vcg
[1.537s] -- Up-to-date symlink: /home/pi/Desktop/scrap_ws/install/velodyne_pointcloud/share/ament_index/resource_index/package_run_dependencies/velodyne_pointcloud
[1.538s] -- Up-to-date symlink: /home/pi/Desktop/scrap_ws/install/velodyne_pointcloud/share/ament_index/resource_index/parent_prefix_path/velodyne_pointcloud
[1.540s] -- Up-to-date symlink: /home/pi/Desktop/scrap_ws/install/velodyne_pointcloud/share/velodyne_pointcloud/environment/ament_prefix_path.sh
[1.541s] -- Up-to-date symlink: /home/pi/Desktop/scrap_ws/install/velodyne_pointcloud/share/velodyne_pointcloud/environment/ament_prefix_path.dsv
[1.542s] -- Up-to-date symlink: /home/pi/Desktop/scrap_ws/install/velodyne_pointcloud/share/velodyne_pointcloud/environment/path.sh
[1.543s] -- Up-to-date symlink: /home/pi/Desktop/scrap_ws/install/velodyne_pointcloud/share/velodyne_pointcloud/environment/path.dsv
[1.545s] -- Up-to-date symlink: /home/pi/Desktop/scrap_ws/install/velodyne_pointcloud/share/velodyne_pointcloud/local_setup.bash
[1.547s] -- Up-to-date symlink: /home/pi/Desktop/scrap_ws/install/velodyne_pointcloud/share/velodyne_pointcloud/local_setup.sh
[1.548s] -- Up-to-date symlink: /home/pi/Desktop/scrap_ws/install/velodyne_pointcloud/share/velodyne_pointcloud/local_setup.zsh
[1.549s] -- Up-to-date symlink: /home/pi/Desktop/scrap_ws/install/velodyne_pointcloud/share/velodyne_pointcloud/local_setup.dsv
[1.552s] -- Symlinking: /home/pi/Desktop/scrap_ws/install/velodyne_pointcloud/share/velodyne_pointcloud/package.dsv
[1.592s] -- Up-to-date symlink: /home/pi/Desktop/scrap_ws/install/velodyne_pointcloud/share/ament_index/resource_index/packages/velodyne_pointcloud
[1.594s] -- Up-to-date symlink: /home/pi/Desktop/scrap_ws/install/velodyne_pointcloud/share/ament_index/resource_index/rclcpp_components/velodyne_pointcloud
[1.596s] -- Up-to-date symlink: /home/pi/Desktop/scrap_ws/install/velodyne_pointcloud/share/velodyne_pointcloud/cmake/velodyne_pointcloudConfig.cmake
[1.597s] -- Up-to-date symlink: /home/pi/Desktop/scrap_ws/install/velodyne_pointcloud/share/velodyne_pointcloud/cmake/velodyne_pointcloudConfig-version.cmake
[1.599s] -- Up-to-date symlink: /home/pi/Desktop/scrap_ws/install/velodyne_pointcloud/share/velodyne_pointcloud/package.xml
[2.039s] Invoked command in '/home/pi/Desktop/scrap_ws/build/velodyne_pointcloud' returned '0': AMENT_PREFIX_PATH=/home/pi/Desktop/scrap_ws/install/velodyne_msgs:${AMENT_PREFIX_PATH} CMAKE_PREFIX_PATH=/home/pi/Desktop/scrap_ws/install/velodyne_msgs:/opt/ros/humble LD_LIBRARY_PATH=/home/pi/Desktop/scrap_ws/install/velodyne_msgs/lib:${LD_LIBRARY_PATH} PYTHONPATH=/home/pi/Desktop/scrap_ws/install/velodyne_msgs/local/lib/python3.10/dist-packages:${PYTHONPATH} /usr/bin/cmake --install /home/pi/Desktop/scrap_ws/build/velodyne_pointcloud
