[0.026s] Invoking command in '/home/dayo/Desktop/scrap_ws/build/usb_cam': CMAKE_PREFIX_PATH=${CMAKE_PREFIX_PATH}:/opt/ros/iron /usr/bin/cmake /home/dayo/Desktop/scrap_ws/src/usb_cam -DCMAKE_INSTALL_PREFIX=/home/dayo/Desktop/scrap_ws/install/usb_cam
[1.079s] -- The C compiler identification is GNU 11.4.0
[1.428s] -- The CXX compiler identification is GNU 11.4.0
[1.436s] -- Detecting C compiler ABI info
[1.545s] -- Detecting C compiler ABI info - done
[1.550s] -- Check for working C compiler: /usr/bin/cc - skipped
[1.551s] -- Detecting C compile features
[1.559s] -- Detecting C compile features - done
[1.564s] -- Detecting CXX compiler ABI info
[1.690s] -- Detecting CXX compiler ABI info - done
[1.700s] -- Check for working CXX compiler: /usr/bin/c++ - skipped
[1.701s] -- Detecting CXX compile features
[1.701s] -- Detecting CXX compile features - done
[1.702s] -- Found ament_cmake_auto: 2.0.3 (/opt/ros/iron/share/ament_cmake_auto/cmake)
[1.908s] -- Found Python3: /usr/bin/python3.10 (found version "3.10.12") found components: Interpreter 
[2.149s] -- Found rosidl_generator_c: 4.0.1 (/opt/ros/iron/share/rosidl_generator_c/cmake)
[2.159s] -- Found rosidl_generator_cpp: 4.0.1 (/opt/ros/iron/share/rosidl_generator_cpp/cmake)
[2.174s] -- Using all available rosidl_typesupport_c: rosidl_typesupport_fastrtps_c;rosidl_typesupport_introspection_c
[2.192s] -- Using all available rosidl_typesupport_cpp: rosidl_typesupport_fastrtps_cpp;rosidl_typesupport_introspection_cpp
[2.560s] -- Found rmw_implementation_cmake: 7.1.0 (/opt/ros/iron/share/rmw_implementation_cmake/cmake)
[2.562s] -- Found rmw_cyclonedds_cpp: 1.6.0 (/opt/ros/iron/share/rmw_cyclonedds_cpp/cmake)
[2.598s] -- Using RMW implementation 'rmw_cyclonedds_cpp' as default
[3.236s] -- Found rosidl_adapter: 4.0.1 (/opt/ros/iron/share/rosidl_adapter/cmake)
[3.244s] -- Found OpenCV: /usr (found version "4.5.4") 
[3.252s] -- Found PkgConfig: /usr/bin/pkg-config (found version "0.29.2") 
[3.252s] -- Checking for module 'libavcodec'
[3.350s] --   Found libavcodec, version 58.134.100
[3.391s] -- Checking for module 'libavutil'
[3.425s] --   Found libavutil, version 56.70.100
[3.452s] -- Checking for module 'libswscale'
[3.488s] --   Found libswscale, version 5.9.100
[3.691s] -- Found ament_lint_auto: 0.14.1 (/opt/ros/iron/share/ament_lint_auto/cmake)
[3.781s] -- Found gtest sources under '/opt/ros/iron/src/gtest_vendor': C++ tests using 'Google Test' will be built
[3.784s] -- Looking for pthread.h
[4.331s] -- Looking for pthread.h - found
[4.331s] -- Performing Test CMAKE_HAVE_LIBC_PTHREAD
[4.851s] -- Performing Test CMAKE_HAVE_LIBC_PTHREAD - Success
[4.858s] -- Found Threads: TRUE  
[4.869s] -- Added test 'copyright' to check source files copyright and LICENSE
[4.883s] -- Added test 'cppcheck' to perform static code analysis on C / C++ code
[4.883s] -- Configured cppcheck include dirs: /home/dayo/Desktop/scrap_ws/src/usb_cam/include
[4.883s] -- Configured cppcheck exclude dirs and/or files: 
[4.891s] -- Added test 'cpplint' to check C / C++ code against the Google style
[4.891s] -- Configured cpplint exclude dirs and/or files: 
[4.891s] -- Added test 'flake8' to check Python code syntax and style conventions
[4.891s] -- Configured 'flake8' exclude dirs and/or files: 
[4.898s] -- Added test 'lint_cmake' to check CMake code style
[4.899s] -- Added test 'pep257' to check Python code against some of the docstring style conventions in PEP 257
[4.906s] -- Added test 'uncrustify' to check C / C++ code style
[4.906s] -- Configured uncrustify additional arguments: 
[4.915s] -- Added test 'xmllint' to check XML markup files
[4.918s] -- Configuring done
[5.001s] -- Generating done
[5.010s] -- Build files have been written to: /home/dayo/Desktop/scrap_ws/build/usb_cam
[5.051s] Invoked command in '/home/dayo/Desktop/scrap_ws/build/usb_cam' returned '0': CMAKE_PREFIX_PATH=${CMAKE_PREFIX_PATH}:/opt/ros/iron /usr/bin/cmake /home/dayo/Desktop/scrap_ws/src/usb_cam -DCMAKE_INSTALL_PREFIX=/home/dayo/Desktop/scrap_ws/install/usb_cam
[5.054s] Invoking command in '/home/dayo/Desktop/scrap_ws/build/usb_cam': CMAKE_PREFIX_PATH=${CMAKE_PREFIX_PATH}:/opt/ros/iron /usr/bin/cmake --build /home/dayo/Desktop/scrap_ws/build/usb_cam -- -j2 -l2
[5.155s] [  7%] [32mBuilding CXX object CMakeFiles/usb_cam_node_exe.dir/rclcpp_components/node_main_usb_cam_node_exe.cpp.o[0m
[5.185s] [ 14%] [32mBuilding CXX object CMakeFiles/usb_cam.dir/src/usb_cam.cpp.o[0m
[14.172s] [ 21%] [32m[1mLinking CXX shared library libusb_cam.so[0m
[14.644s] [ 21%] Built target usb_cam
[14.835s] [ 28%] [32mBuilding CXX object gtest/CMakeFiles/gtest_main.dir/src/gtest_main.cc.o[0m
[16.365s] [ 35%] [32m[1mLinking CXX static library libgtest_main.a[0m
[16.574s] [ 35%] Built target gtest_main
[20.110s] [ 42%] [32m[1mLinking CXX executable usb_cam_node_exe[0m
[20.396s] [ 42%] Built target usb_cam_node_exe
[20.421s] [ 50%] [32mBuilding CXX object gtest/CMakeFiles/gtest.dir/src/gtest-all.cc.o[0m
[24.888s] [ 57%] [32m[1mLinking CXX static library libgtest.a[0m
[25.088s] [ 57%] Built target gtest
[25.180s] [ 64%] [32mBuilding CXX object CMakeFiles/usb_cam_node.dir/src/usb_cam_node.cpp.o[0m
[52.673s] [ 71%] [32m[1mLinking CXX shared library libusb_cam_node.so[0m
[53.709s] [ 71%] Built target usb_cam_node
[53.933s] [ 78%] [32mBuilding CXX object CMakeFiles/test_usb_cam_utils.dir/test/test_usb_cam_utils.cpp.o[0m
[55.110s] [ 85%] [32m[1mLinking CXX executable test_usb_cam_utils[0m
[55.507s] [ 85%] Built target test_usb_cam_utils
[55.564s] [ 92%] [32mBuilding CXX object CMakeFiles/test_pixel_formats.dir/test/test_pixel_formats.cpp.o[0m
[56.471s] [100%] [32m[1mLinking CXX executable test_pixel_formats[0m
[56.628s] [100%] Built target test_pixel_formats
[56.792s] Invoked command in '/home/dayo/Desktop/scrap_ws/build/usb_cam' returned '0': CMAKE_PREFIX_PATH=${CMAKE_PREFIX_PATH}:/opt/ros/iron /usr/bin/cmake --build /home/dayo/Desktop/scrap_ws/build/usb_cam -- -j2 -l2
[56.882s] Invoking command in '/home/dayo/Desktop/scrap_ws/build/usb_cam': CMAKE_PREFIX_PATH=${CMAKE_PREFIX_PATH}:/opt/ros/iron /usr/bin/cmake --install /home/dayo/Desktop/scrap_ws/build/usb_cam
[56.925s] -- Install configuration: ""
[56.945s] -- Installing: /home/dayo/Desktop/scrap_ws/install/usb_cam/share/usb_cam/environment/library_path.sh
[56.947s] -- Installing: /home/dayo/Desktop/scrap_ws/install/usb_cam/share/usb_cam/environment/library_path.dsv
[56.948s] -- Installing: /home/dayo/Desktop/scrap_ws/install/usb_cam/lib/usb_cam/usb_cam_node_exe
[56.956s] -- Set runtime path of "/home/dayo/Desktop/scrap_ws/install/usb_cam/lib/usb_cam/usb_cam_node_exe" to ""
[56.957s] -- Installing: /home/dayo/Desktop/scrap_ws/install/usb_cam/lib/usb_cam/show_image.py
[56.958s] -- Installing: /home/dayo/Desktop/scrap_ws/install/usb_cam/lib/libusb_cam.so
[56.963s] -- Installing: /home/dayo/Desktop/scrap_ws/install/usb_cam/lib/libusb_cam_node.so
[56.969s] -- Set runtime path of "/home/dayo/Desktop/scrap_ws/install/usb_cam/lib/libusb_cam_node.so" to ""
[56.969s] -- Installing: /home/dayo/Desktop/scrap_ws/install/usb_cam/include
[56.970s] -- Installing: /home/dayo/Desktop/scrap_ws/install/usb_cam/include/usb_cam
[56.970s] -- Installing: /home/dayo/Desktop/scrap_ws/install/usb_cam/include/usb_cam/usb_cam.hpp
[56.971s] -- Installing: /home/dayo/Desktop/scrap_ws/install/usb_cam/include/usb_cam/formats
[56.972s] -- Installing: /home/dayo/Desktop/scrap_ws/install/usb_cam/include/usb_cam/formats/pixel_format_base.hpp
[56.973s] -- Installing: /home/dayo/Desktop/scrap_ws/install/usb_cam/include/usb_cam/formats/mjpeg.hpp
[56.974s] -- Installing: /home/dayo/Desktop/scrap_ws/install/usb_cam/include/usb_cam/formats/m420.hpp
[56.976s] -- Installing: /home/dayo/Desktop/scrap_ws/install/usb_cam/include/usb_cam/formats/utils.hpp
[56.977s] -- Installing: /home/dayo/Desktop/scrap_ws/install/usb_cam/include/usb_cam/formats/yuyv.hpp
[56.978s] -- Installing: /home/dayo/Desktop/scrap_ws/install/usb_cam/include/usb_cam/formats/uyvy.hpp
[56.979s] -- Installing: /home/dayo/Desktop/scrap_ws/install/usb_cam/include/usb_cam/formats/mono.hpp
[56.980s] -- Installing: /home/dayo/Desktop/scrap_ws/install/usb_cam/include/usb_cam/formats/rgb.hpp
[56.981s] -- Installing: /home/dayo/Desktop/scrap_ws/install/usb_cam/include/usb_cam/usb_cam_node.hpp
[56.983s] -- Installing: /home/dayo/Desktop/scrap_ws/install/usb_cam/include/usb_cam/utils.hpp
[56.985s] -- Installing: /home/dayo/Desktop/scrap_ws/install/usb_cam/include/usb_cam/conversions.hpp
[56.986s] -- Installing: /home/dayo/Desktop/scrap_ws/install/usb_cam/include/usb_cam/constants.hpp
[56.988s] -- Up-to-date: /home/dayo/Desktop/scrap_ws/install/usb_cam/lib/libusb_cam_node.so
[56.988s] -- Installing: /home/dayo/Desktop/scrap_ws/install/usb_cam/share/usb_cam/launch
[56.990s] -- Installing: /home/dayo/Desktop/scrap_ws/install/usb_cam/share/usb_cam/launch/camera.launch.py
[56.991s] -- Installing: /home/dayo/Desktop/scrap_ws/install/usb_cam/share/usb_cam/launch/__init__.py
[56.992s] -- Installing: /home/dayo/Desktop/scrap_ws/install/usb_cam/share/usb_cam/launch/camera_config.py
[56.994s] -- Installing: /home/dayo/Desktop/scrap_ws/install/usb_cam/share/usb_cam/config
[57.013s] -- Installing: /home/dayo/Desktop/scrap_ws/install/usb_cam/share/usb_cam/config/params_2.yaml
[57.015s] -- Installing: /home/dayo/Desktop/scrap_ws/install/usb_cam/share/usb_cam/config/camera_info.yaml
[57.016s] -- Installing: /home/dayo/Desktop/scrap_ws/install/usb_cam/share/usb_cam/config/params_1.yaml
[57.019s] -- Installing: /home/dayo/Desktop/scrap_ws/install/usb_cam/share/ament_index/resource_index/package_run_dependencies/usb_cam
[57.021s] -- Installing: /home/dayo/Desktop/scrap_ws/install/usb_cam/share/ament_index/resource_index/parent_prefix_path/usb_cam
[57.052s] -- Installing: /home/dayo/Desktop/scrap_ws/install/usb_cam/share/usb_cam/environment/ament_prefix_path.sh
[57.052s] -- Installing: /home/dayo/Desktop/scrap_ws/install/usb_cam/share/usb_cam/environment/ament_prefix_path.dsv
[57.052s] -- Installing: /home/dayo/Desktop/scrap_ws/install/usb_cam/share/usb_cam/environment/path.sh
[57.054s] -- Installing: /home/dayo/Desktop/scrap_ws/install/usb_cam/share/usb_cam/environment/path.dsv
[57.055s] -- Installing: /home/dayo/Desktop/scrap_ws/install/usb_cam/share/usb_cam/local_setup.bash
[57.056s] -- Installing: /home/dayo/Desktop/scrap_ws/install/usb_cam/share/usb_cam/local_setup.sh
[57.056s] -- Installing: /home/dayo/Desktop/scrap_ws/install/usb_cam/share/usb_cam/local_setup.zsh
[57.058s] -- Installing: /home/dayo/Desktop/scrap_ws/install/usb_cam/share/usb_cam/local_setup.dsv
[57.059s] -- Installing: /home/dayo/Desktop/scrap_ws/install/usb_cam/share/usb_cam/package.dsv
[57.067s] -- Installing: /home/dayo/Desktop/scrap_ws/install/usb_cam/share/ament_index/resource_index/packages/usb_cam
[57.067s] -- Installing: /home/dayo/Desktop/scrap_ws/install/usb_cam/share/ament_index/resource_index/rclcpp_components/usb_cam
[57.068s] -- Installing: /home/dayo/Desktop/scrap_ws/install/usb_cam/share/usb_cam/cmake/ament_cmake_export_libraries-extras.cmake
[57.068s] -- Installing: /home/dayo/Desktop/scrap_ws/install/usb_cam/share/usb_cam/cmake/ament_cmake_export_dependencies-extras.cmake
[57.068s] -- Installing: /home/dayo/Desktop/scrap_ws/install/usb_cam/share/usb_cam/cmake/ament_cmake_export_include_directories-extras.cmake
[57.070s] -- Installing: /home/dayo/Desktop/scrap_ws/install/usb_cam/share/usb_cam/cmake/usb_camConfig.cmake
[57.071s] -- Installing: /home/dayo/Desktop/scrap_ws/install/usb_cam/share/usb_cam/cmake/usb_camConfig-version.cmake
[57.071s] -- Installing: /home/dayo/Desktop/scrap_ws/install/usb_cam/share/usb_cam/package.xml
[57.081s] Invoked command in '/home/dayo/Desktop/scrap_ws/build/usb_cam' returned '0': CMAKE_PREFIX_PATH=${CMAKE_PREFIX_PATH}:/opt/ros/iron /usr/bin/cmake --install /home/dayo/Desktop/scrap_ws/build/usb_cam
