[0.014s] Invoking command in '/home/dayo/Desktop/scrap_ws/build/usb_cam': CMAKE_PREFIX_PATH=${CMAKE_PREFIX_PATH}:/opt/ros/iron /usr/bin/cmake --build /home/dayo/Desktop/scrap_ws/build/usb_cam -- -j2 -l2
[0.066s] [35m[1mConsolidate compiler generated dependencies of target usb_cam[0m
[0.096s] [35m[1mConsolidate compiler generated dependencies of target usb_cam_node_exe[0m
[0.100s] [ 14%] Built target usb_cam
[0.133s] [35m[1mConsolidate compiler generated dependencies of target gtest_main[0m
[0.162s] [ 28%] Built target gtest_main
[0.167s] [ 42%] Built target usb_cam_node_exe
[0.179s] [35m[1mConsolidate compiler generated dependencies of target gtest[0m
[0.182s] [35m[1mConsolidate compiler generated dependencies of target usb_cam_node[0m
[0.208s] [ 57%] Built target usb_cam_node
[0.220s] [ 71%] Built target gtest
[0.236s] [35m[1mConsolidate compiler generated dependencies of target test_usb_cam_utils[0m
[0.236s] [35m[1mConsolidate compiler generated dependencies of target test_pixel_formats[0m
[0.250s] [ 85%] Built target test_pixel_formats
[0.259s] [100%] Built target test_usb_cam_utils
[0.285s] Invoked command in '/home/dayo/Desktop/scrap_ws/build/usb_cam' returned '0': CMAKE_PREFIX_PATH=${CMAKE_PREFIX_PATH}:/opt/ros/iron /usr/bin/cmake --build /home/dayo/Desktop/scrap_ws/build/usb_cam -- -j2 -l2
[0.401s] Invoking command in '/home/dayo/Desktop/scrap_ws/build/usb_cam': CMAKE_PREFIX_PATH=${CMAKE_PREFIX_PATH}:/opt/ros/iron /usr/bin/cmake --install /home/dayo/Desktop/scrap_ws/build/usb_cam
[0.410s] -- Install configuration: ""
[0.414s] -- Up-to-date: /home/dayo/Desktop/scrap_ws/install/usb_cam/share/usb_cam/environment/library_path.sh
[0.417s] -- Up-to-date: /home/dayo/Desktop/scrap_ws/install/usb_cam/share/usb_cam/environment/library_path.dsv
[0.418s] -- Up-to-date: /home/dayo/Desktop/scrap_ws/install/usb_cam/lib/usb_cam/usb_cam_node_exe
[0.425s] -- Up-to-date: /home/dayo/Desktop/scrap_ws/install/usb_cam/lib/usb_cam/show_image.py
[0.426s] -- Up-to-date: /home/dayo/Desktop/scrap_ws/install/usb_cam/lib/libusb_cam.so
[0.427s] -- Up-to-date: /home/dayo/Desktop/scrap_ws/install/usb_cam/lib/libusb_cam_node.so
[0.431s] -- Up-to-date: /home/dayo/Desktop/scrap_ws/install/usb_cam/include
[0.431s] -- Up-to-date: /home/dayo/Desktop/scrap_ws/install/usb_cam/include/usb_cam
[0.432s] -- Up-to-date: /home/dayo/Desktop/scrap_ws/install/usb_cam/include/usb_cam/usb_cam.hpp
[0.434s] -- Up-to-date: /home/dayo/Desktop/scrap_ws/install/usb_cam/include/usb_cam/formats
[0.435s] -- Up-to-date: /home/dayo/Desktop/scrap_ws/install/usb_cam/include/usb_cam/formats/pixel_format_base.hpp
[0.435s] -- Up-to-date: /home/dayo/Desktop/scrap_ws/install/usb_cam/include/usb_cam/formats/mjpeg.hpp
[0.435s] -- Up-to-date: /home/dayo/Desktop/scrap_ws/install/usb_cam/include/usb_cam/formats/m420.hpp
[0.436s] -- Up-to-date: /home/dayo/Desktop/scrap_ws/install/usb_cam/include/usb_cam/formats/utils.hpp
[0.436s] -- Up-to-date: /home/dayo/Desktop/scrap_ws/install/usb_cam/include/usb_cam/formats/yuyv.hpp
[0.436s] -- Up-to-date: /home/dayo/Desktop/scrap_ws/install/usb_cam/include/usb_cam/formats/uyvy.hpp
[0.437s] -- Up-to-date: /home/dayo/Desktop/scrap_ws/install/usb_cam/include/usb_cam/formats/mono.hpp
[0.437s] -- Up-to-date: /home/dayo/Desktop/scrap_ws/install/usb_cam/include/usb_cam/formats/rgb.hpp
[0.437s] -- Up-to-date: /home/dayo/Desktop/scrap_ws/install/usb_cam/include/usb_cam/usb_cam_node.hpp
[0.438s] -- Up-to-date: /home/dayo/Desktop/scrap_ws/install/usb_cam/include/usb_cam/utils.hpp
[0.439s] -- Up-to-date: /home/dayo/Desktop/scrap_ws/install/usb_cam/include/usb_cam/conversions.hpp
[0.439s] -- Up-to-date: /home/dayo/Desktop/scrap_ws/install/usb_cam/include/usb_cam/constants.hpp
[0.440s] -- Up-to-date: /home/dayo/Desktop/scrap_ws/install/usb_cam/lib/libusb_cam_node.so
[0.440s] -- Up-to-date: /home/dayo/Desktop/scrap_ws/install/usb_cam/share/usb_cam/launch
[0.441s] -- Up-to-date: /home/dayo/Desktop/scrap_ws/install/usb_cam/share/usb_cam/launch/camera.launch.py
[0.441s] -- Up-to-date: /home/dayo/Desktop/scrap_ws/install/usb_cam/share/usb_cam/launch/__init__.py
[0.442s] -- Up-to-date: /home/dayo/Desktop/scrap_ws/install/usb_cam/share/usb_cam/launch/camera_config.py
[0.442s] -- Up-to-date: /home/dayo/Desktop/scrap_ws/install/usb_cam/share/usb_cam/config
[0.443s] -- Up-to-date: /home/dayo/Desktop/scrap_ws/install/usb_cam/share/usb_cam/config/params_2.yaml
[0.443s] -- Up-to-date: /home/dayo/Desktop/scrap_ws/install/usb_cam/share/usb_cam/config/camera_info.yaml
[0.444s] -- Up-to-date: /home/dayo/Desktop/scrap_ws/install/usb_cam/share/usb_cam/config/params_1.yaml
[0.445s] -- Up-to-date: /home/dayo/Desktop/scrap_ws/install/usb_cam/share/ament_index/resource_index/package_run_dependencies/usb_cam
[0.446s] -- Up-to-date: /home/dayo/Desktop/scrap_ws/install/usb_cam/share/ament_index/resource_index/parent_prefix_path/usb_cam
[0.446s] -- Up-to-date: /home/dayo/Desktop/scrap_ws/install/usb_cam/share/usb_cam/environment/ament_prefix_path.sh
[0.447s] -- Up-to-date: /home/dayo/Desktop/scrap_ws/install/usb_cam/share/usb_cam/environment/ament_prefix_path.dsv
[0.447s] -- Up-to-date: /home/dayo/Desktop/scrap_ws/install/usb_cam/share/usb_cam/environment/path.sh
[0.448s] -- Up-to-date: /home/dayo/Desktop/scrap_ws/install/usb_cam/share/usb_cam/environment/path.dsv
[0.448s] -- Up-to-date: /home/dayo/Desktop/scrap_ws/install/usb_cam/share/usb_cam/local_setup.bash
[0.449s] -- Up-to-date: /home/dayo/Desktop/scrap_ws/install/usb_cam/share/usb_cam/local_setup.sh
[0.449s] -- Up-to-date: /home/dayo/Desktop/scrap_ws/install/usb_cam/share/usb_cam/local_setup.zsh
[0.450s] -- Up-to-date: /home/dayo/Desktop/scrap_ws/install/usb_cam/share/usb_cam/local_setup.dsv
[0.450s] -- Installing: /home/dayo/Desktop/scrap_ws/install/usb_cam/share/usb_cam/package.dsv
[0.451s] -- Up-to-date: /home/dayo/Desktop/scrap_ws/install/usb_cam/share/ament_index/resource_index/packages/usb_cam
[0.451s] -- Up-to-date: /home/dayo/Desktop/scrap_ws/install/usb_cam/share/ament_index/resource_index/rclcpp_components/usb_cam
[0.452s] -- Up-to-date: /home/dayo/Desktop/scrap_ws/install/usb_cam/share/usb_cam/cmake/ament_cmake_export_libraries-extras.cmake
[0.452s] -- Up-to-date: /home/dayo/Desktop/scrap_ws/install/usb_cam/share/usb_cam/cmake/ament_cmake_export_dependencies-extras.cmake
[0.453s] -- Up-to-date: /home/dayo/Desktop/scrap_ws/install/usb_cam/share/usb_cam/cmake/ament_cmake_export_include_directories-extras.cmake
[0.454s] -- Up-to-date: /home/dayo/Desktop/scrap_ws/install/usb_cam/share/usb_cam/cmake/usb_camConfig.cmake
[0.454s] -- Up-to-date: /home/dayo/Desktop/scrap_ws/install/usb_cam/share/usb_cam/cmake/usb_camConfig-version.cmake
[0.455s] -- Up-to-date: /home/dayo/Desktop/scrap_ws/install/usb_cam/share/usb_cam/package.xml
[0.455s] Invoked command in '/home/dayo/Desktop/scrap_ws/build/usb_cam' returned '0': CMAKE_PREFIX_PATH=${CMAKE_PREFIX_PATH}:/opt/ros/iron /usr/bin/cmake --install /home/dayo/Desktop/scrap_ws/build/usb_cam
