[0.647s] Invoking command in '/home/pi/Desktop/scrap_ws/build/velodyne_driver': AMENT_PREFIX_PATH=/home/pi/Desktop/scrap_ws/install/velodyne_msgs:${AMENT_PREFIX_PATH} CMAKE_PREFIX_PATH=/home/pi/Desktop/scrap_ws/install/velodyne_msgs:/opt/ros/humble LD_LIBRARY_PATH=/home/pi/Desktop/scrap_ws/install/velodyne_msgs/lib:${LD_LIBRARY_PATH} PYTHONPATH=/home/pi/Desktop/scrap_ws/install/velodyne_msgs/local/lib/python3.10/dist-packages:${PYTHONPATH} /usr/bin/cmake --build /home/pi/Desktop/scrap_ws/build/velodyne_driver -- -j4 -l4
[1.022s] [ 16%] Built target gtest_main
[1.042s] [ 33%] Built target gtest
[1.070s] [ 50%] Built target velodyne_input
[1.278s] [ 66%] Built target velodyne_driver
[1.310s] [ 83%] Built target time_test
[1.432s] [100%] Built target velodyne_driver_node
[1.479s] Invoked command in '/home/pi/Desktop/scrap_ws/build/velodyne_driver' returned '0': AMENT_PREFIX_PATH=/home/pi/Desktop/scrap_ws/install/velodyne_msgs:${AMENT_PREFIX_PATH} CMAKE_PREFIX_PATH=/home/pi/Desktop/scrap_ws/install/velodyne_msgs:/opt/ros/humble LD_LIBRARY_PATH=/home/pi/Desktop/scrap_ws/install/velodyne_msgs/lib:${LD_LIBRARY_PATH} PYTHONPATH=/home/pi/Desktop/scrap_ws/install/velodyne_msgs/local/lib/python3.10/dist-packages:${PYTHONPATH} /usr/bin/cmake --build /home/pi/Desktop/scrap_ws/build/velodyne_driver -- -j4 -l4
[1.678s] Invoking command in '/home/pi/Desktop/scrap_ws/build/velodyne_driver': AMENT_PREFIX_PATH=/home/pi/Desktop/scrap_ws/install/velodyne_msgs:${AMENT_PREFIX_PATH} CMAKE_PREFIX_PATH=/home/pi/Desktop/scrap_ws/install/velodyne_msgs:/opt/ros/humble LD_LIBRARY_PATH=/home/pi/Desktop/scrap_ws/install/velodyne_msgs/lib:${LD_LIBRARY_PATH} PYTHONPATH=/home/pi/Desktop/scrap_ws/install/velodyne_msgs/local/lib/python3.10/dist-packages:${PYTHONPATH} /usr/bin/cmake --install /home/pi/Desktop/scrap_ws/build/velodyne_driver
[1.709s] -- Install configuration: ""
[1.712s] -- Execute custom install script
[1.714s] -- Up-to-date symlink: /home/pi/Desktop/scrap_ws/install/velodyne_driver/lib/libvelodyne_input.so
[1.716s] -- Up-to-date symlink: /home/pi/Desktop/scrap_ws/install/velodyne_driver/lib/libvelodyne_driver.so
[1.718s] -- Up-to-date symlink: /home/pi/Desktop/scrap_ws/install/velodyne_driver/lib/velodyne_driver/velodyne_driver_node
[1.720s] -- Up-to-date symlink: /home/pi/Desktop/scrap_ws/install/velodyne_driver/include/velodyne_driver/driver.hpp
[1.721s] -- Up-to-date symlink: /home/pi/Desktop/scrap_ws/install/velodyne_driver/include/velodyne_driver/input.hpp
[1.722s] -- Up-to-date symlink: /home/pi/Desktop/scrap_ws/install/velodyne_driver/include/velodyne_driver/time_conversion.hpp
[1.724s] -- Up-to-date symlink: /home/pi/Desktop/scrap_ws/install/velodyne_driver/share/velodyne_driver/config/VLP16-velodyne_driver_node-params.yaml
[1.725s] -- Up-to-date symlink: /home/pi/Desktop/scrap_ws/install/velodyne_driver/share/velodyne_driver/config/VLP32C-velodyne_driver_node-params.yaml
[1.726s] -- Up-to-date symlink: /home/pi/Desktop/scrap_ws/install/velodyne_driver/share/velodyne_driver/config/VLS128-velodyne_driver_node-params.yaml
[1.729s] -- Up-to-date symlink: /home/pi/Desktop/scrap_ws/install/velodyne_driver/share/velodyne_driver/launch/velodyne_driver_node-VLP16-composed-launch.py
[1.730s] -- Up-to-date symlink: /home/pi/Desktop/scrap_ws/install/velodyne_driver/share/velodyne_driver/launch/velodyne_driver_node-VLP16-launch.py
[1.731s] -- Up-to-date symlink: /home/pi/Desktop/scrap_ws/install/velodyne_driver/share/velodyne_driver/launch/velodyne_driver_node-VLP32C-composed-launch.py
[1.732s] -- Up-to-date symlink: /home/pi/Desktop/scrap_ws/install/velodyne_driver/share/velodyne_driver/launch/velodyne_driver_node-VLP32C-launch.py
[1.734s] -- Up-to-date symlink: /home/pi/Desktop/scrap_ws/install/velodyne_driver/share/velodyne_driver/launch/velodyne_driver_node-VLS128-composed-launch.py
[1.739s] -- Up-to-date symlink: /home/pi/Desktop/scrap_ws/install/velodyne_driver/share/velodyne_driver/launch/velodyne_driver_node-VLS128-launch.py
[1.741s] -- Up-to-date symlink: /home/pi/Desktop/scrap_ws/install/velodyne_driver/lib/velodyne_driver/vdump
[1.749s] -- Up-to-date symlink: /home/pi/Desktop/scrap_ws/install/velodyne_driver/share/ament_index/resource_index/package_run_dependencies/velodyne_driver
[1.750s] -- Up-to-date symlink: /home/pi/Desktop/scrap_ws/install/velodyne_driver/share/ament_index/resource_index/parent_prefix_path/velodyne_driver
[1.752s] -- Up-to-date symlink: /home/pi/Desktop/scrap_ws/install/velodyne_driver/share/velodyne_driver/environment/ament_prefix_path.sh
[1.754s] -- Up-to-date symlink: /home/pi/Desktop/scrap_ws/install/velodyne_driver/share/velodyne_driver/environment/ament_prefix_path.dsv
[1.754s] -- Up-to-date symlink: /home/pi/Desktop/scrap_ws/install/velodyne_driver/share/velodyne_driver/environment/path.sh
[1.755s] -- Up-to-date symlink: /home/pi/Desktop/scrap_ws/install/velodyne_driver/share/velodyne_driver/environment/path.dsv
[1.755s] -- Up-to-date symlink: /home/pi/Desktop/scrap_ws/install/velodyne_driver/share/velodyne_driver/local_setup.bash
[1.756s] -- Up-to-date symlink: /home/pi/Desktop/scrap_ws/install/velodyne_driver/share/velodyne_driver/local_setup.sh
[1.756s] -- Up-to-date symlink: /home/pi/Desktop/scrap_ws/install/velodyne_driver/share/velodyne_driver/local_setup.zsh
[1.757s] -- Up-to-date symlink: /home/pi/Desktop/scrap_ws/install/velodyne_driver/share/velodyne_driver/local_setup.dsv
[1.758s] -- Symlinking: /home/pi/Desktop/scrap_ws/install/velodyne_driver/share/velodyne_driver/package.dsv
[1.795s] -- Up-to-date symlink: /home/pi/Desktop/scrap_ws/install/velodyne_driver/share/ament_index/resource_index/packages/velodyne_driver
[1.797s] -- Up-to-date symlink: /home/pi/Desktop/scrap_ws/install/velodyne_driver/share/ament_index/resource_index/rclcpp_components/velodyne_driver
[1.798s] -- Up-to-date symlink: /home/pi/Desktop/scrap_ws/install/velodyne_driver/share/velodyne_driver/cmake/velodyne_driverConfig.cmake
[1.799s] -- Up-to-date symlink: /home/pi/Desktop/scrap_ws/install/velodyne_driver/share/velodyne_driver/cmake/velodyne_driverConfig-version.cmake
[1.800s] -- Up-to-date symlink: /home/pi/Desktop/scrap_ws/install/velodyne_driver/share/velodyne_driver/package.xml
[1.825s] Invoked command in '/home/pi/Desktop/scrap_ws/build/velodyne_driver' returned '0': AMENT_PREFIX_PATH=/home/pi/Desktop/scrap_ws/install/velodyne_msgs:${AMENT_PREFIX_PATH} CMAKE_PREFIX_PATH=/home/pi/Desktop/scrap_ws/install/velodyne_msgs:/opt/ros/humble LD_LIBRARY_PATH=/home/pi/Desktop/scrap_ws/install/velodyne_msgs/lib:${LD_LIBRARY_PATH} PYTHONPATH=/home/pi/Desktop/scrap_ws/install/velodyne_msgs/local/lib/python3.10/dist-packages:${PYTHONPATH} /usr/bin/cmake --install /home/pi/Desktop/scrap_ws/build/velodyne_driver
