[1.148s] Invoking command in '/home/pi/Desktop/scrap_ws/build/velodyne_msgs': CMAKE_PREFIX_PATH=/opt/ros/humble /usr/bin/cmake --build /home/pi/Desktop/scrap_ws/build/velodyne_msgs -- -j4 -l4
[1.440s] [  2%] Built target velodyne_msgs__cpp
[1.484s] [  2%] Built target ament_cmake_python_symlink_velodyne_msgs
[1.487s] [ 12%] Built target velodyne_msgs__rosidl_generator_c
[1.638s] [ 23%] Built target velodyne_msgs__rosidl_typesupport_fastrtps_cpp
[1.687s] [ 35%] Built target velodyne_msgs__rosidl_typesupport_introspection_cpp
[1.690s] [ 43%] Built target velodyne_msgs__rosidl_typesupport_cpp
[1.847s] [ 53%] Built target velodyne_msgs__rosidl_typesupport_fastrtps_c
[1.855s] [ 64%] Built target velodyne_msgs__rosidl_typesupport_introspection_c
[1.883s] [ 74%] Built target velodyne_msgs__rosidl_typesupport_c
[1.986s] [ 74%] Built target velodyne_msgs
[2.085s] [ 76%] Built target velodyne_msgs__py
[2.194s] [ 84%] Built target velodyne_msgs__rosidl_generator_py
[2.358s] [ 89%] Built target velodyne_msgs__rosidl_typesupport_introspection_c__pyext
[2.364s] [ 94%] Built target velodyne_msgs__rosidl_typesupport_fastrtps_c__pyext
[2.380s] [100%] Built target velodyne_msgs__rosidl_typesupport_c__pyext
[3.231s] running egg_info
[3.232s] writing velodyne_msgs.egg-info/PKG-INFO
[3.232s] writing dependency_links to velodyne_msgs.egg-info/dependency_links.txt
[3.234s] writing top-level names to velodyne_msgs.egg-info/top_level.txt
[3.244s] reading manifest file 'velodyne_msgs.egg-info/SOURCES.txt'
[3.248s] writing manifest file 'velodyne_msgs.egg-info/SOURCES.txt'
[3.384s] [100%] Built target ament_cmake_python_build_velodyne_msgs_egg
[3.442s] Invoked command in '/home/pi/Desktop/scrap_ws/build/velodyne_msgs' returned '0': CMAKE_PREFIX_PATH=/opt/ros/humble /usr/bin/cmake --build /home/pi/Desktop/scrap_ws/build/velodyne_msgs -- -j4 -l4
[4.267s] Invoking command in '/home/pi/Desktop/scrap_ws/build/velodyne_msgs': CMAKE_PREFIX_PATH=/opt/ros/humble /usr/bin/cmake --install /home/pi/Desktop/scrap_ws/build/velodyne_msgs
[4.303s] -- Install configuration: ""
[4.307s] -- Execute custom install script
[4.309s] -- Up-to-date symlink: /home/pi/Desktop/scrap_ws/install/velodyne_msgs/share/ament_index/resource_index/rosidl_interfaces/velodyne_msgs
[4.313s] -- Up-to-date symlink: /home/pi/Desktop/scrap_ws/install/velodyne_msgs/include/velodyne_msgs/velodyne_msgs/msg/detail/velodyne_packet__functions.h
[4.315s] -- Up-to-date symlink: /home/pi/Desktop/scrap_ws/install/velodyne_msgs/include/velodyne_msgs/velodyne_msgs/msg/detail/velodyne_packet__struct.h
[4.317s] -- Up-to-date symlink: /home/pi/Desktop/scrap_ws/install/velodyne_msgs/include/velodyne_msgs/velodyne_msgs/msg/detail/velodyne_packet__type_support.h
[4.318s] -- Up-to-date symlink: /home/pi/Desktop/scrap_ws/install/velodyne_msgs/include/velodyne_msgs/velodyne_msgs/msg/detail/velodyne_scan__functions.h
[4.320s] -- Up-to-date symlink: /home/pi/Desktop/scrap_ws/install/velodyne_msgs/include/velodyne_msgs/velodyne_msgs/msg/detail/velodyne_scan__struct.h
[4.322s] -- Up-to-date symlink: /home/pi/Desktop/scrap_ws/install/velodyne_msgs/include/velodyne_msgs/velodyne_msgs/msg/detail/velodyne_scan__type_support.h
[4.323s] -- Up-to-date symlink: /home/pi/Desktop/scrap_ws/install/velodyne_msgs/include/velodyne_msgs/velodyne_msgs/msg/rosidl_generator_c__visibility_control.h
[4.324s] -- Up-to-date symlink: /home/pi/Desktop/scrap_ws/install/velodyne_msgs/include/velodyne_msgs/velodyne_msgs/msg/velodyne_packet.h
[4.326s] -- Up-to-date symlink: /home/pi/Desktop/scrap_ws/install/velodyne_msgs/include/velodyne_msgs/velodyne_msgs/msg/velodyne_scan.h
[4.328s] -- Up-to-date symlink: /home/pi/Desktop/scrap_ws/install/velodyne_msgs/share/velodyne_msgs/environment/library_path.sh
[4.329s] -- Up-to-date symlink: /home/pi/Desktop/scrap_ws/install/velodyne_msgs/share/velodyne_msgs/environment/library_path.dsv
[4.335s] -- Up-to-date symlink: /home/pi/Desktop/scrap_ws/install/velodyne_msgs/include/velodyne_msgs/velodyne_msgs/msg/detail/velodyne_packet__rosidl_typesupport_fastrtps_c.h
[4.336s] -- Up-to-date symlink: /home/pi/Desktop/scrap_ws/install/velodyne_msgs/include/velodyne_msgs/velodyne_msgs/msg/detail/velodyne_scan__rosidl_typesupport_fastrtps_c.h
[4.338s] -- Up-to-date symlink: /home/pi/Desktop/scrap_ws/install/velodyne_msgs/include/velodyne_msgs/velodyne_msgs/msg/rosidl_typesupport_fastrtps_c__visibility_control.h
[4.342s] -- Up-to-date symlink: /home/pi/Desktop/scrap_ws/install/velodyne_msgs/include/velodyne_msgs/velodyne_msgs/msg/detail/velodyne_packet__builder.hpp
[4.343s] -- Up-to-date symlink: /home/pi/Desktop/scrap_ws/install/velodyne_msgs/include/velodyne_msgs/velodyne_msgs/msg/detail/velodyne_packet__struct.hpp
[4.345s] -- Up-to-date symlink: /home/pi/Desktop/scrap_ws/install/velodyne_msgs/include/velodyne_msgs/velodyne_msgs/msg/detail/velodyne_packet__traits.hpp
[4.347s] -- Up-to-date symlink: /home/pi/Desktop/scrap_ws/install/velodyne_msgs/include/velodyne_msgs/velodyne_msgs/msg/detail/velodyne_scan__builder.hpp
[4.348s] -- Up-to-date symlink: /home/pi/Desktop/scrap_ws/install/velodyne_msgs/include/velodyne_msgs/velodyne_msgs/msg/detail/velodyne_scan__struct.hpp
[4.350s] -- Up-to-date symlink: /home/pi/Desktop/scrap_ws/install/velodyne_msgs/include/velodyne_msgs/velodyne_msgs/msg/detail/velodyne_scan__traits.hpp
[4.351s] -- Up-to-date symlink: /home/pi/Desktop/scrap_ws/install/velodyne_msgs/include/velodyne_msgs/velodyne_msgs/msg/velodyne_packet.hpp
[4.353s] -- Up-to-date symlink: /home/pi/Desktop/scrap_ws/install/velodyne_msgs/include/velodyne_msgs/velodyne_msgs/msg/velodyne_scan.hpp
[4.358s] -- Up-to-date symlink: /home/pi/Desktop/scrap_ws/install/velodyne_msgs/include/velodyne_msgs/velodyne_msgs/msg/detail/velodyne_packet__rosidl_typesupport_fastrtps_cpp.hpp
[4.360s] -- Up-to-date symlink: /home/pi/Desktop/scrap_ws/install/velodyne_msgs/include/velodyne_msgs/velodyne_msgs/msg/detail/velodyne_scan__rosidl_typesupport_fastrtps_cpp.hpp
[4.361s] -- Up-to-date symlink: /home/pi/Desktop/scrap_ws/install/velodyne_msgs/include/velodyne_msgs/velodyne_msgs/msg/rosidl_typesupport_fastrtps_cpp__visibility_control.h
[4.365s] -- Up-to-date symlink: /home/pi/Desktop/scrap_ws/install/velodyne_msgs/include/velodyne_msgs/velodyne_msgs/msg/detail/velodyne_packet__rosidl_typesupport_introspection_c.h
[4.366s] -- Up-to-date symlink: /home/pi/Desktop/scrap_ws/install/velodyne_msgs/include/velodyne_msgs/velodyne_msgs/msg/detail/velodyne_scan__rosidl_typesupport_introspection_c.h
[4.367s] -- Up-to-date symlink: /home/pi/Desktop/scrap_ws/install/velodyne_msgs/include/velodyne_msgs/velodyne_msgs/msg/rosidl_typesupport_introspection_c__visibility_control.h
[4.370s] -- Up-to-date symlink: /home/pi/Desktop/scrap_ws/install/velodyne_msgs/include/velodyne_msgs/velodyne_msgs/msg/detail/velodyne_packet__rosidl_typesupport_introspection_cpp.hpp
[4.372s] -- Up-to-date symlink: /home/pi/Desktop/scrap_ws/install/velodyne_msgs/include/velodyne_msgs/velodyne_msgs/msg/detail/velodyne_scan__rosidl_typesupport_introspection_cpp.hpp
[4.373s] -- Up-to-date symlink: /home/pi/Desktop/scrap_ws/install/velodyne_msgs/share/velodyne_msgs/environment/pythonpath.sh
[4.375s] -- Up-to-date symlink: /home/pi/Desktop/scrap_ws/install/velodyne_msgs/share/velodyne_msgs/environment/pythonpath.dsv
[4.377s] -- Up-to-date symlink: /home/pi/Desktop/scrap_ws/install/velodyne_msgs/local/lib/python3.10/dist-packages/velodyne_msgs-2.4.0-py3.10.egg-info/PKG-INFO
[4.379s] -- Up-to-date symlink: /home/pi/Desktop/scrap_ws/install/velodyne_msgs/local/lib/python3.10/dist-packages/velodyne_msgs-2.4.0-py3.10.egg-info/SOURCES.txt
[4.380s] -- Up-to-date symlink: /home/pi/Desktop/scrap_ws/install/velodyne_msgs/local/lib/python3.10/dist-packages/velodyne_msgs-2.4.0-py3.10.egg-info/dependency_links.txt
[4.381s] -- Up-to-date symlink: /home/pi/Desktop/scrap_ws/install/velodyne_msgs/local/lib/python3.10/dist-packages/velodyne_msgs-2.4.0-py3.10.egg-info/top_level.txt
[4.388s] -- Up-to-date symlink: /home/pi/Desktop/scrap_ws/install/velodyne_msgs/local/lib/python3.10/dist-packages/velodyne_msgs/__init__.py
[4.389s] -- Up-to-date symlink: /home/pi/Desktop/scrap_ws/install/velodyne_msgs/local/lib/python3.10/dist-packages/velodyne_msgs/_velodyne_msgs_s.ep.rosidl_typesupport_c.c
[4.390s] -- Up-to-date symlink: /home/pi/Desktop/scrap_ws/install/velodyne_msgs/local/lib/python3.10/dist-packages/velodyne_msgs/_velodyne_msgs_s.ep.rosidl_typesupport_fastrtps_c.c
[4.392s] -- Up-to-date symlink: /home/pi/Desktop/scrap_ws/install/velodyne_msgs/local/lib/python3.10/dist-packages/velodyne_msgs/_velodyne_msgs_s.ep.rosidl_typesupport_introspection_c.c
[4.393s] -- Up-to-date symlink: /home/pi/Desktop/scrap_ws/install/velodyne_msgs/local/lib/python3.10/dist-packages/velodyne_msgs/libvelodyne_msgs__rosidl_generator_py.so
[4.394s] -- Up-to-date symlink: /home/pi/Desktop/scrap_ws/install/velodyne_msgs/local/lib/python3.10/dist-packages/velodyne_msgs/msg/__init__.py
[4.395s] -- Up-to-date symlink: /home/pi/Desktop/scrap_ws/install/velodyne_msgs/local/lib/python3.10/dist-packages/velodyne_msgs/msg/_velodyne_packet.py
[4.397s] -- Up-to-date symlink: /home/pi/Desktop/scrap_ws/install/velodyne_msgs/local/lib/python3.10/dist-packages/velodyne_msgs/msg/_velodyne_packet_s.c
[4.398s] -- Up-to-date symlink: /home/pi/Desktop/scrap_ws/install/velodyne_msgs/local/lib/python3.10/dist-packages/velodyne_msgs/msg/_velodyne_scan.py
[4.400s] -- Up-to-date symlink: /home/pi/Desktop/scrap_ws/install/velodyne_msgs/local/lib/python3.10/dist-packages/velodyne_msgs/msg/_velodyne_scan_s.c
[4.401s] -- Up-to-date symlink: /home/pi/Desktop/scrap_ws/install/velodyne_msgs/local/lib/python3.10/dist-packages/velodyne_msgs/velodyne_msgs_s__rosidl_typesupport_c.cpython-310-aarch64-linux-gnu.so
[4.403s] -- Up-to-date symlink: /home/pi/Desktop/scrap_ws/install/velodyne_msgs/local/lib/python3.10/dist-packages/velodyne_msgs/velodyne_msgs_s__rosidl_typesupport_fastrtps_c.cpython-310-aarch64-linux-gnu.so
[4.405s] -- Up-to-date symlink: /home/pi/Desktop/scrap_ws/install/velodyne_msgs/local/lib/python3.10/dist-packages/velodyne_msgs/velodyne_msgs_s__rosidl_typesupport_introspection_c.cpython-310-aarch64-linux-gnu.so
[4.407s] -- Up-to-date symlink: /home/pi/Desktop/scrap_ws/install/velodyne_msgs/local/lib/python3.10/dist-packages/velodyne_msgs/velodyne_msgs_s__rosidl_typesupport_fastrtps_c.cpython-310-aarch64-linux-gnu.so
[4.410s] -- Up-to-date symlink: /home/pi/Desktop/scrap_ws/install/velodyne_msgs/local/lib/python3.10/dist-packages/velodyne_msgs/velodyne_msgs_s__rosidl_typesupport_introspection_c.cpython-310-aarch64-linux-gnu.so
[4.411s] -- Up-to-date symlink: /home/pi/Desktop/scrap_ws/install/velodyne_msgs/local/lib/python3.10/dist-packages/velodyne_msgs/velodyne_msgs_s__rosidl_typesupport_c.cpython-310-aarch64-linux-gnu.so
[4.413s] -- Up-to-date symlink: /home/pi/Desktop/scrap_ws/install/velodyne_msgs/share/velodyne_msgs/msg/VelodynePacket.idl
[4.415s] -- Up-to-date symlink: /home/pi/Desktop/scrap_ws/install/velodyne_msgs/share/velodyne_msgs/msg/VelodyneScan.idl
[4.417s] -- Up-to-date symlink: /home/pi/Desktop/scrap_ws/install/velodyne_msgs/share/velodyne_msgs/msg/VelodynePacket.msg
[4.418s] -- Up-to-date symlink: /home/pi/Desktop/scrap_ws/install/velodyne_msgs/share/velodyne_msgs/msg/VelodyneScan.msg
[4.419s] -- Up-to-date symlink: /home/pi/Desktop/scrap_ws/install/velodyne_msgs/share/ament_index/resource_index/package_run_dependencies/velodyne_msgs
[4.421s] -- Up-to-date symlink: /home/pi/Desktop/scrap_ws/install/velodyne_msgs/share/ament_index/resource_index/parent_prefix_path/velodyne_msgs
[4.422s] -- Up-to-date symlink: /home/pi/Desktop/scrap_ws/install/velodyne_msgs/share/velodyne_msgs/environment/ament_prefix_path.sh
[4.423s] -- Up-to-date symlink: /home/pi/Desktop/scrap_ws/install/velodyne_msgs/share/velodyne_msgs/environment/ament_prefix_path.dsv
[4.425s] -- Up-to-date symlink: /home/pi/Desktop/scrap_ws/install/velodyne_msgs/share/velodyne_msgs/environment/path.sh
[4.427s] -- Up-to-date symlink: /home/pi/Desktop/scrap_ws/install/velodyne_msgs/share/velodyne_msgs/environment/path.dsv
[4.429s] -- Up-to-date symlink: /home/pi/Desktop/scrap_ws/install/velodyne_msgs/share/velodyne_msgs/local_setup.bash
[4.430s] -- Up-to-date symlink: /home/pi/Desktop/scrap_ws/install/velodyne_msgs/share/velodyne_msgs/local_setup.sh
[4.431s] -- Up-to-date symlink: /home/pi/Desktop/scrap_ws/install/velodyne_msgs/share/velodyne_msgs/local_setup.zsh
[4.433s] -- Up-to-date symlink: /home/pi/Desktop/scrap_ws/install/velodyne_msgs/share/velodyne_msgs/local_setup.dsv
[4.433s] -- Symlinking: /home/pi/Desktop/scrap_ws/install/velodyne_msgs/share/velodyne_msgs/package.dsv
[4.474s] -- Up-to-date symlink: /home/pi/Desktop/scrap_ws/install/velodyne_msgs/share/ament_index/resource_index/packages/velodyne_msgs
[4.475s] -- Up-to-date symlink: /home/pi/Desktop/scrap_ws/install/velodyne_msgs/share/velodyne_msgs/cmake/rosidl_cmake-extras.cmake
[4.477s] -- Up-to-date symlink: /home/pi/Desktop/scrap_ws/install/velodyne_msgs/share/velodyne_msgs/cmake/ament_cmake_export_dependencies-extras.cmake
[4.478s] -- Up-to-date symlink: /home/pi/Desktop/scrap_ws/install/velodyne_msgs/share/velodyne_msgs/cmake/ament_cmake_export_include_directories-extras.cmake
[4.479s] -- Up-to-date symlink: /home/pi/Desktop/scrap_ws/install/velodyne_msgs/share/velodyne_msgs/cmake/ament_cmake_export_libraries-extras.cmake
[4.479s] -- Up-to-date symlink: /home/pi/Desktop/scrap_ws/install/velodyne_msgs/share/velodyne_msgs/cmake/ament_cmake_export_targets-extras.cmake
[4.480s] -- Up-to-date symlink: /home/pi/Desktop/scrap_ws/install/velodyne_msgs/share/velodyne_msgs/cmake/rosidl_cmake_export_typesupport_targets-extras.cmake
[4.481s] -- Up-to-date symlink: /home/pi/Desktop/scrap_ws/install/velodyne_msgs/share/velodyne_msgs/cmake/rosidl_cmake_export_typesupport_libraries-extras.cmake
[4.482s] -- Up-to-date symlink: /home/pi/Desktop/scrap_ws/install/velodyne_msgs/share/velodyne_msgs/cmake/velodyne_msgsConfig.cmake
[4.483s] -- Up-to-date symlink: /home/pi/Desktop/scrap_ws/install/velodyne_msgs/share/velodyne_msgs/cmake/velodyne_msgsConfig-version.cmake
[4.484s] -- Up-to-date symlink: /home/pi/Desktop/scrap_ws/install/velodyne_msgs/share/velodyne_msgs/package.xml
[4.485s] -- Up-to-date: /home/pi/Desktop/scrap_ws/install/velodyne_msgs/lib/libvelodyne_msgs__rosidl_generator_c.so
[4.488s] -- Up-to-date: /home/pi/Desktop/scrap_ws/install/velodyne_msgs/lib/libvelodyne_msgs__rosidl_typesupport_fastrtps_c.so
[4.493s] -- Up-to-date: /home/pi/Desktop/scrap_ws/install/velodyne_msgs/lib/libvelodyne_msgs__rosidl_typesupport_fastrtps_cpp.so
[4.495s] -- Up-to-date: /home/pi/Desktop/scrap_ws/install/velodyne_msgs/lib/libvelodyne_msgs__rosidl_typesupport_introspection_c.so
[4.496s] -- Up-to-date: /home/pi/Desktop/scrap_ws/install/velodyne_msgs/lib/libvelodyne_msgs__rosidl_typesupport_c.so
[4.499s] -- Up-to-date: /home/pi/Desktop/scrap_ws/install/velodyne_msgs/lib/libvelodyne_msgs__rosidl_typesupport_introspection_cpp.so
[4.502s] -- Up-to-date: /home/pi/Desktop/scrap_ws/install/velodyne_msgs/lib/libvelodyne_msgs__rosidl_typesupport_cpp.so
[4.675s] Listing '/home/pi/Desktop/scrap_ws/install/velodyne_msgs/local/lib/python3.10/dist-packages/velodyne_msgs'...
[4.678s] Listing '/home/pi/Desktop/scrap_ws/install/velodyne_msgs/local/lib/python3.10/dist-packages/velodyne_msgs/msg'...
[4.705s] -- Up-to-date: /home/pi/Desktop/scrap_ws/install/velodyne_msgs/lib/libvelodyne_msgs__rosidl_generator_py.so
[4.709s] -- Up-to-date: /home/pi/Desktop/scrap_ws/install/velodyne_msgs/share/velodyne_msgs/cmake/export_velodyne_msgs__rosidl_generator_cExport.cmake
[4.710s] -- Up-to-date: /home/pi/Desktop/scrap_ws/install/velodyne_msgs/share/velodyne_msgs/cmake/export_velodyne_msgs__rosidl_generator_cExport-noconfig.cmake
[4.713s] -- Up-to-date: /home/pi/Desktop/scrap_ws/install/velodyne_msgs/share/velodyne_msgs/cmake/export_velodyne_msgs__rosidl_typesupport_fastrtps_cExport.cmake
[4.715s] -- Up-to-date: /home/pi/Desktop/scrap_ws/install/velodyne_msgs/share/velodyne_msgs/cmake/export_velodyne_msgs__rosidl_typesupport_fastrtps_cExport-noconfig.cmake
[4.717s] -- Up-to-date: /home/pi/Desktop/scrap_ws/install/velodyne_msgs/share/velodyne_msgs/cmake/export_velodyne_msgs__rosidl_generator_cppExport.cmake
[4.721s] -- Up-to-date: /home/pi/Desktop/scrap_ws/install/velodyne_msgs/share/velodyne_msgs/cmake/export_velodyne_msgs__rosidl_typesupport_fastrtps_cppExport.cmake
[4.722s] -- Up-to-date: /home/pi/Desktop/scrap_ws/install/velodyne_msgs/share/velodyne_msgs/cmake/export_velodyne_msgs__rosidl_typesupport_fastrtps_cppExport-noconfig.cmake
[4.724s] -- Up-to-date: /home/pi/Desktop/scrap_ws/install/velodyne_msgs/share/velodyne_msgs/cmake/velodyne_msgs__rosidl_typesupport_introspection_cExport.cmake
[4.726s] -- Up-to-date: /home/pi/Desktop/scrap_ws/install/velodyne_msgs/share/velodyne_msgs/cmake/velodyne_msgs__rosidl_typesupport_introspection_cExport-noconfig.cmake
[4.728s] -- Up-to-date: /home/pi/Desktop/scrap_ws/install/velodyne_msgs/share/velodyne_msgs/cmake/velodyne_msgs__rosidl_typesupport_cExport.cmake
[4.729s] -- Up-to-date: /home/pi/Desktop/scrap_ws/install/velodyne_msgs/share/velodyne_msgs/cmake/velodyne_msgs__rosidl_typesupport_cExport-noconfig.cmake
[4.732s] -- Up-to-date: /home/pi/Desktop/scrap_ws/install/velodyne_msgs/share/velodyne_msgs/cmake/velodyne_msgs__rosidl_typesupport_introspection_cppExport.cmake
[4.733s] -- Up-to-date: /home/pi/Desktop/scrap_ws/install/velodyne_msgs/share/velodyne_msgs/cmake/velodyne_msgs__rosidl_typesupport_introspection_cppExport-noconfig.cmake
[4.734s] -- Up-to-date: /home/pi/Desktop/scrap_ws/install/velodyne_msgs/share/velodyne_msgs/cmake/velodyne_msgs__rosidl_typesupport_cppExport.cmake
[4.736s] -- Up-to-date: /home/pi/Desktop/scrap_ws/install/velodyne_msgs/share/velodyne_msgs/cmake/velodyne_msgs__rosidl_typesupport_cppExport-noconfig.cmake
[4.739s] -- Up-to-date: /home/pi/Desktop/scrap_ws/install/velodyne_msgs/share/velodyne_msgs/cmake/export_velodyne_msgs__rosidl_generator_pyExport.cmake
[4.740s] -- Up-to-date: /home/pi/Desktop/scrap_ws/install/velodyne_msgs/share/velodyne_msgs/cmake/export_velodyne_msgs__rosidl_generator_pyExport-noconfig.cmake
[4.896s] Invoked command in '/home/pi/Desktop/scrap_ws/build/velodyne_msgs' returned '0': CMAKE_PREFIX_PATH=/opt/ros/humble /usr/bin/cmake --install /home/pi/Desktop/scrap_ws/build/velodyne_msgs
